! Auto-generated by Reform.

MD5	4c5067169b834d247a30bb08d1039896

Object 1	Class
Object 2	Object
Object 3	Routine
Object 4	String
Object 5	CompassDirection
Object 6	obj6_compass
Object 7	obj7_north
Object 8	obj8_south
Object 9	obj9_east
Object 10	obj10_west
Object 11	obj11_northeast
Object 12	obj12_northwest
Object 13	obj13_southeast
Object 14	obj14_southwest
Object 15	obj15_up_above
Object 16	obj16_ground
Object 17	obj17_inside
Object 18	obj18_outside
Object 19	obj19__darkness_object_
Object 20	obj20__self_object_
Object 21	obj21__Inform_Parser_
Object 22	obj22__Inform_Library_
Object 23	obj23__Library_Extensions_
Object 24	obj24__LibraryMessages_
Object 25	obj25_Bedroom
Object 26	obj26_bedroom
Object 27	obj27_bed
Object 28	obj28__intruder_
Object 29	obj29_soiled_clothing
Object 30	obj30_gold_watch
Object 31	obj31_dresser
Object 32	obj32_clean_clothing
Object 33	obj33_end_table
Object 34	obj34_telephone
Object 35	obj35_wallet
Object 36	obj36_driver_s_license
Object 37	obj37_ID_card
Object 38	obj38_keys
Object 39	obj39_dirty_laundry
Object 40	obj40_bedroom_door
Object 41	obj41_bathroom
Object 42	obj42_living_room
Object 43	obj43_corpse
Object 44	obj44_Bathroom
Object 45	obj45_bathroom
Object 46	obj46_bedroom
Object 47	obj47_toilet
Object 48	obj48_sink
Object 49	obj49_shower
Object 50	obj50_Living_room
Object 51	obj51_living_room
Object 52	obj52_front_door
Object 53	obj53_furniture
Object 54	obj54_bedroom
Object 55	obj55_kitchenette
Object 56	obj56_Kitchenette
Object 57	obj57_kitchenette
Object 58	obj58_counter
Object 59	obj59_toaster
Object 60	obj60_Pop_Tart
Object 61	obj61_living_room
Object 62	obj62_Driveway
Object 63	obj63_driveway
Object 64	obj64_house
Object 65	obj65_car
Object 66	obj66_trunk
Object 67	obj67_Driving
Object 68	obj68_Loungent_Technologies_parking_lot
Object 69	obj69_parking_lot
Object 70	obj70_door
Object 71	obj71_slot
Object 72	obj72_Loungent_Technologies
Object 73	obj73_Loungent_Technologies
Object 74	obj74_back_door
Object 75	obj75_cubicle
Object 76	obj76_desk
Object 77	obj77_form
Object 78	obj78_pen
Object 79	obj79_note
Object 80	obj80_Bowman_s_door
Object 81	obj81_reception_area
Object 82	obj82_parking_lot
Object 83	obj83_Bowman_s_office
Object 84	obj84_Jail

Attribute 0	animate			! obj20__self_object_ obj28__intruder_
Attribute 2	clothing		! obj29_soiled_clothing obj30_gold_watch obj32_clean_clothing obj39_dirty_laundry
Attribute 3	concealed		! obj6_compass obj20__self_object_
Attribute 4	container		! obj27_bed obj31_dresser obj35_wallet obj59_toaster obj65_car obj71_slot obj75_cubicle
Attribute 6	edible			! obj60_Pop_Tart
Attribute 7	enterable		! obj27_bed obj65_car obj75_cubicle
Attribute 9	light			! obj25_Bedroom obj44_Bathroom obj50_Living_room obj56_Kitchenette obj62_Driveway obj67_Driving obj68_Loungent_Technologies_parking_lot obj72_Loungent_Technologies obj84_Jail
Attribute 10	lockable		! obj65_car
Attribute 11	locked			! obj65_car
Attribute 14	open			! obj27_bed obj40_bedroom_door obj59_toaster obj75_cubicle
Attribute 15	openable		! obj31_dresser obj35_wallet obj40_bedroom_door obj52_front_door obj66_trunk
Attribute 16	proper			! obj20__self_object_ obj21__Inform_Parser_ obj22__Inform_Library_ obj23__Library_Extensions_ obj27_bed obj73_Loungent_Technologies obj80_Bowman_s_door obj83_Bowman_s_office
Attribute 17	scenery			! CompassDirection obj7_north obj8_south obj9_east obj10_west obj11_northeast obj12_northwest obj13_southeast obj14_southwest obj15_up_above obj16_ground obj17_inside obj18_outside obj26_bedroom obj41_bathroom obj42_living_room obj43_corpse obj45_bathroom obj46_bedroom obj51_living_room obj54_bedroom obj55_kitchenette obj57_kitchenette obj61_living_room obj63_driveway obj64_house obj69_parking_lot obj73_Loungent_Technologies obj81_reception_area obj82_parking_lot obj83_Bowman_s_office
Attribute 19	static			! obj27_bed obj31_dresser obj33_end_table obj34_telephone obj40_bedroom_door obj47_toilet obj48_sink obj49_shower obj52_front_door obj53_furniture obj58_counter obj65_car obj70_door obj71_slot obj74_back_door obj75_cubicle obj76_desk obj80_Bowman_s_door
Attribute 20	supporter		! obj33_end_table obj34_telephone obj58_counter obj76_desk
Attribute 23	transparent		! obj20__self_object_ obj65_car obj75_cubicle
Attribute 26	worn			! obj29_soiled_clothing obj30_gold_watch
Attribute 27	male			! obj28__intruder_
Attribute 30	pluralname		! obj38_keys

Property 1	name:dictwords
Property 2	prop2:?
Property 4	before:?
Property 5	after:string
Property 6	life:dictword
Property 7	n_to:thing
Property 8	s_to:thing
Property 9	e_to:thing
Property 10	w_to:thing
Property 18	out_to:?
Property 21	door_dir:?
Property 24	add_to_scope:?
Property 26	react_before:string
Property 29	orders:?
Property 30	initial:?
Property 35	description:?
Property 36	describe:?
Property 37	article:string
Property 39	found_in:?
Property 41	number:?
Property 42	time_out:dictword
Property 44	each_turn:?
Property 45	capacity:?
Property 46	short_name:thing
Property 48	parse_name:thing
Property 72	compass_look:?
Property 73	before_implicit:dictword
Property 74	parse_input:routine
Property 75	play:routine
Property 76	end_turn_sequence:routine
Property 77	begin_action:routine
Property 78	RunAll:routine
Property 79	RunUntil:routine
Property 80	RunWhile:routine
Property 81	ext_initialise:?
Property 82	ext_messages:?
Property 83	commute:string

Global 0	global0:?
Global 1	global1:?
Global 2	global2:?
Global 3	global3:?
Global 4	global4:?
Global 5	global5:?
Global 6	global6:?
Global 7	global7:?
Global 8	global8:?
Global 9	global9:?
Global 10	global10:?
Global 11	global11:?
Global 12	global12:?
Global 13	global13:?
Global 14	global14:?
Global 15	global15:?
Global 16	global16:?
Global 17	global17:?
Global 18	global18:?
Global 19	global19:?
Global 20	global20:?
Global 21	global21:?
Global 22	global22:?
Global 23	global23:?
Global 24	global24:?
Global 25	global25:?
Global 26	global26:?
Global 27	global27:?
Global 28	global28:?
Global 29	global29:?
Global 30	global30:?
Global 31	global31:?
Global 32	global32:?
Global 33	global33:?
Global 34	global34:?
Global 35	global35:?
Global 36	global36:?
Global 37	global37:?
Global 38	global38:?
Global 39	global39:?
Global 40	global40:?
Global 41	global41:?
Global 42	global42:?
Global 43	global43:?
Global 44	global44:?
Global 45	global45:?
Global 46	global46:?
Global 47	global47:?
Global 48	global48:?
Global 49	global49:?
Global 50	global50:?
Global 51	global51:?
Global 52	global52:?
Global 53	global53:?
Global 54	global54:?
Global 55	global55:?
Global 56	global56:?
Global 57	global57:?
Global 58	global58:?
Global 59	global59:?
Global 60	global60:?
Global 61	global61:?
Global 62	global62:?
Global 63	global63:?
Global 64	global64:?
Global 65	global65:?
Global 66	global66:?
Global 67	global67:?
Global 68	global68:?
Global 69	global69:?
Global 70	global70:?
Global 71	global71:?
Global 72	global72:?
Global 73	global73:?
Global 74	global74:?
Global 75	global75:?
Global 76	global76:?
Global 77	global77:?
Global 78	global78:?
Global 79	global79:?
Global 80	global80:?
Global 81	global81:?
Global 82	global82:?
Global 83	global83:?
Global 84	global84:?
Global 85	global85:?
Global 86	global86:?
Global 87	global87:?
Global 88	global88:?
Global 89	global89:?
Global 90	global90:?
Global 91	global91:?
Global 92	global92:?
Global 93	global93:?
Global 94	global94:?
Global 95	global95:?
Global 96	global96:?
Global 97	global97:?
Global 98	global98:?
Global 99	global99:?
Global 100	global100:?
Global 101	global101:?
Global 102	global102:?
Global 103	global103:?
Global 104	global104:?
Global 105	global105:?
Global 106	global106:?
Global 107	global107:?
Global 108	global108:?
Global 109	global109:?
Global 110	global110:?
Global 111	global111:?
Global 112	global112:?
Global 113	global113:?
Global 114	global114:?
Global 115	global115:?
Global 116	global116:?
Global 117	global117:?
Global 118	global118:?
Global 119	global119:?
Global 120	global120:?
Global 121	global121:?
Global 122	global122:?
Global 123	global123:?
Global 124	global124:?
Global 125	global125:?
Global 126	global126:?
Global 127	global127:?
Global 128	global128:?
Global 129	global129:?
Global 130	global130:?
Global 131	global131:?
Global 132	global132:?
Global 133	global133:?
Global 134	global134:?
Global 135	global135:?
Global 136	global136:?
Global 137	global137:?
Global 138	global138:?
Global 139	global139:?
Global 140	global140:?
Global 141	global141:?
Global 142	global142:?
Global 143	global143:?
Global 144	global144:?
Global 145	global145:?
Global 146	global146:?
Global 147	global147:?
Global 148	global148:?
Global 149	global149:?
Global 150	global150:?
Global 151	global151:?
Global 152	global152:?
Global 153	global153:?
Global 154	global154:?
Global 155	global155:?
Global 156	global156:?
Global 157	global157:?
Global 158	global158:?
Global 159	global159:?
Global 160	global160:?
Global 161	global161:?
Global 162	global162:?
Global 163	global163:?
Global 164	global164:?
Global 165	global165:?
Global 166	global166:?
Global 167	global167:?
Global 168	global168:?
Global 169	global169:?
Global 170	global170:?
Global 171	global171:?
Global 172	global172:?
Global 173	global173:?
Global 174	global174:?
Global 175	global175:?
Global 176	global176:?
Global 177	global177:?
Global 178	global178:?
Global 179	global179:?
Global 180	global180:?
Global 181	global181:?
Global 182	global182:?
Global 183	global183:?
Global 184	global184:?
Global 185	global185:?
Global 186	global186:?
Global 187	global187:?
Global 188	global188:?
Global 189	global189:?
Global 190	global190:?
Global 191	global191:?
Global 192	global192:?
Global 193	global193:?
Global 194	global194:?
Global 195	global195:?
Global 196	global196:?
Global 197	global197:?
Global 198	global198:?
Global 199	global199:?
Global 200	global200:?
Global 201	global201:?
Global 202	global202:?
Global 203	global203:?
Global 204	global204:?
Global 205	global205:?
Global 206	global206:?
Global 207	global207:?
Global 208	global208:?
Global 209	global209:?
Global 210	global210:?
Global 211	global211:?
Global 212	global212:?
Global 213	global213:?
Global 214	global214:?
Global 215	global215:?
Global 216	global216:?
Global 217	global217:?
Global 218	global218:?
Global 219	global219:?
Global 220	global220:?
Global 221	global221:?
Global 222	global222:?
Global 223	global223:?
Global 224	global224:?
Global 225	global225:?
Global 226	global226:?
Global 227	global227:?
Global 228	global228:?
Global 229	global229:?
Global 230	global230:?
Global 231	global231:?
Global 232	global232:?
Global 233	global233:?
Global 234	global234:?
Global 235	global235:?
Global 236	global236:?
Global 237	global237:?
Global 238	global238:?
Global 239	global239:?

Action 0	Look		! 'l//'/'look'
Action 3	Attack		! 'knock' 'on' noun
				! 'attack'/'break'/'crack'/'destroy'/'fight'/'hit'/'kill'/'murder'/'punch'/'smash'/'thump'/'torture'/'wreck' noun
Action 8	Close		! 'close'/'shut' noun
Action 9	CommandsOff	! 'recording' 'off'
Action 10	CommandsOn	! 'recording'
				! 'recording' 'on'
Action 11	CommandsRead	! 'replay'
Action 12	Consult		! 'l//'/'look' 'up' topic 'in' noun
Action 15	Disrobe		! 'carry'/'hold'/'take' 'off' multiheld
				! 'remove' held
Action 17	Drop		! 'put' 'down' multiheld
				! 'put' multiheld 'down'
				! 'drop' multiheld
Action 18	Eat		! 'eat' noun
Action 20	Enter		! 'stand' 'on' noun
				! 'lie'/'sit' 'on' 'top' 'of' noun
				! 'lie'/'sit' 'on'/'in'/'inside' noun
				! 'leave' 'into'/'in'/'inside'/'through' noun
				! 'go'/'run'/'walk' noun
				! 'go'/'run'/'walk' 'to'/'into'/'in'/'inside'/'through' noun
				! 'get' 'in'/'into'/'on'/'onto' noun
				! 'enter' noun
Action 21	Examine		! 'read' noun
				! 'l//'/'look' 'at' noun
				! 'l//'/'look' noun=routine68232
				! 'l//'/'look' 'to' noun=routine68232
				! 'examine'/'x//' noun
Action 22	Exit		! 'stand'
				! 'stand' 'up'
				! 'leave' noun
				! 'get' 'out'/'off'/'up'
				! 'get' 'out' 'of' noun
				! 'exit'/'out'/'outside'
				! 'exit'/'out'/'outside' noun
Action 25	GetOff		! 'get' 'off' noun
Action 27	Go		! 'leave' noun=routine68232
				! 'go'/'run'/'walk' noun=routine68232
Action 28	Insert		! 'put' multiexcept 'in'/'inside'/'into' noun
				! 'insert' multiexcept 'in'/'into' noun
Action 29	Inv		! 'carry'/'hold'/'take' 'inventory'
				! 'i//'/'inv'/'inventory'
Action 34	Listen		! 'hear'/'listen'
				! 'hear'/'listen' noun
				! 'hear'/'listen' 'to' noun
Action 38	Lock		! 'lock' noun
Action 39	LookUnder	! 'l//'/'look' 'under' noun
Action 46	Open		! 'open' noun
Action 54	PutOn		! 'put' multiexcept 'on'/'onto' noun
Action 55	Quit		! 'die'/'q//'/'quit'
Action 56	Remove		! 'carry'/'hold'/'take' multiinside 'from' noun
				! 'get' multiinside 'from' noun
Action 57	Restart		! 'restart'
Action 58	Restore		! 'restore'
Action 60	Save		! 'save'
Action 62	ScriptOff	! 'noscript'/'unscript'
				! 'script'/'transcrip' 'off'
Action 63	ScriptOn	! 'script'/'transcrip'
				! 'script'/'transcrip' 'on'
Action 64	Search		! 'search' noun
				! 'l//'/'look' 'inside'/'in'/'into'/'through'/'on' noun
Action 69	Sleep		! 'nap'/'sleep'
Action 70	Smell		! 'smell'/'sniff'
				! 'smell'/'sniff' noun
Action 76	SwitchOff	! 'turn' noun 'off'
				! 'turn' 'off' noun
Action 77	SwitchOn	! 'turn' noun 'on'
				! 'turn' 'on' noun
Action 78	Take		! 'carry'/'hold'/'take' multi
				! 'pick' 'up' multi
				! 'pick' multi 'up'
				! 'get' multi
Action 79	Taste		! 'taste' noun
Action 84	Unlock		! 'unlock' noun
				! 'open' noun 'with' held
Action 85	VagueGo		! 'leave'
				! 'go'/'run'/'walk'
Action 87	Wait		! 'wait'/'z//'
Action 88	Wake		! 'awake'/'awaken'/'wake'
				! 'awake'/'awaken'/'wake' 'up'
Action 92	Wear		! 'don'/'wear' held
				! 'put' 'on' held
Action 98	Use		! 'use' noun
Action 99	Drive		! 'drive' noun
Action 100	Sign		! 'sign' noun
				! 'sign' noun 'with' noun
Action 101	GoIn		! 'in'/'inside'
				! 'enter'
Action 102	InvTall		! 'i//'/'inv'/'inventory' 'tall'
Action 103	InvWide		! 'i//'/'inv'/'inventory' 'wide'
Action 104	NewAnswer	! 'answer' noun
Action 105	Shower		! 'bathe'/'shower'/'wash'
Action 106	Undress		! 'disrobe'/'undress'

Word	automobil	automobil
Word	ballpoint	ballpoint
Word	bowman's	bowman's
Word	breakfast	breakfast
Word	driver's	driver's
Word	employees	employees
Word	everythin	everythin
Word	fullscore	fullscore
Word	furniture	furniture
Word	identific	identific
Word	inventory	inventory
Word	kitchenet	kitchenet
Word	northeast	northeast
Word	northwest	northwest
Word	pop-tart	pop-tart
Word	reception	reception
Word	recording	recording
Word	seventeen	seventeen
Word	southeast	southeast
Word	southwest	southwest
Word	technolog	technolog
Word	telephone	telephone
Word	transcrip	transcrip
Word	wristwatc	wristwatc

Routine 0x28dc	routine10460:?
Routine 0x28e4	routine10468:?
Routine 0x28f0	routine10480:?
Routine 0x291c	routine10524:?
Routine 0x2920	routine10528:?
Routine 0x2948	routine10568:?
Routine 0x29e8	routine10728:?
Routine 0x2bc0	routine11200:?
Routine 0x2bf8	routine11256:?
Routine 0x2c44	routine11332:?
Routine 0x2c58	routine11352:?
Routine 0x2c70	routine11376:?
Routine 0x2cec	routine11500:?
Routine 0x2d68	routine11624:?
Routine 0x2d90	routine11664:?
Routine 0x2e10	routine11792:?
Routine 0x2e98	routine11928:?
Routine 0x4fd8	routine20440:?
! References: obj20__self_object_.short_name
Routine 0x4fe4	routine20452:?
Routine 0x4ff0	routine20464:?
Routine 0x4ffc	routine20476:?
Routine 0x5020	routine20512:?
Routine 0x5134	routine20788:?
! References: obj21__Inform_Parser_.parse_input
Routine 0x514c	routine20812:?
Routine 0x5154	routine20820:?
Routine 0x5164	routine20836:?
Routine 0x5174	routine20852:?
Routine 0x5178	routine20856:?
Routine 0x5184	routine20868:?
Routine 0x5410	routine21520:?
Routine 0x6104	routine24836:?
Routine 0x61dc	routine25052:?
Routine 0x61f8	routine25080:?
Routine 0x63c0	routine25536:?
Routine 0x63fc	routine25596:?
Routine 0x64c8	routine25800:?
Routine 0x64ec	routine25836:?
Routine 0x6a90	routine27280:?
Routine 0x7414	routine29716:?
Routine 0x7990	routine31120:?
Routine 0x7bd0	routine31696:?
Routine 0x7eac	routine32428:?
! References: obj53_furniture.name
Routine 0x7f4c	routine32588:?
Routine 0x7fb0	routine32688:?
Routine 0x8154	routine33108:?
Routine 0x8220	routine33312:?
Routine 0x82e8	routine33512:?
Routine 0x8374	routine33652:?
Routine 0x8444	routine33860:?
Routine 0x84c0	routine33984:?
Routine 0x8508	routine34056:?
Routine 0x8578	routine34168:?
Routine 0x86dc	routine34524:?
Routine 0x873c	routine34620:?
Routine 0x8758	routine34648:?
Routine 0x87e4	routine34788:?
Routine 0x8850	routine34896:?
Routine 0x89b4	routine35252:?
! References: obj64_house.name
Routine 0x89d8	routine35288:?
Routine 0x8a58	routine35416:?
Routine 0x8b98	routine35736:?
Routine 0x8bf4	routine35828:?
Routine 0x8c24	routine35876:?
! References: obj39_dirty_laundry.name
Routine 0x8ca8	routine36008:?
Routine 0x8d20	routine36128:?
Routine 0x8d84	routine36228:?
Routine 0x8db4	routine36276:?
! References: obj42_living_room.name, obj51_living_room.name, obj61_living_room.name, obj64_house.name
Routine 0x8dec	routine36332:?
Routine 0x8e1c	routine36380:?
Routine 0x8f50	routine36688:?
Routine 0x8f68	routine36712:?
Routine 0x9010	routine36880:?
Routine 0x9028	routine36904:?
Routine 0x9040	routine36928:?
Routine 0x9064	routine36964:?
Routine 0x90d4	PronounsSub:?
Routine 0x91f8	routine37368:?
Routine 0x927c	routine37500:?
! References: obj69_parking_lot.name, obj82_parking_lot.name
Routine 0x92fc	routine37628:?
Routine 0x9304	routine37636:?
Routine 0x9330	routine37680:?
! References: obj22__Inform_Library_.play
Routine 0x940c	routine37900:?
! References: obj22__Inform_Library_.end_turn_sequence
Routine 0x9a98	routine39576:?
! References: obj22__Inform_Library_.begin_action
Routine 0x9ac0	routine39616:?
Routine 0x9af4	routine39668:?
Routine 0x9b1c	routine39708:?
Routine 0x9b98	routine39832:?
Routine 0x9bb8	routine39864:?
Routine 0x9bc4	routine39876:?
Routine 0x9c80	routine40064:?
Routine 0x9ca0	routine40096:?
Routine 0x9d34	routine40244:?
Routine 0x9d7c	routine40316:?
Routine 0x9db8	routine40376:?
Routine 0x9e00	routine40448:?
Routine 0x9e3c	routine40508:?
Routine 0x9e48	routine40520:?
Routine 0x9e6c	routine40556:?
Routine 0x9ed0	routine40656:?
Routine 0x9f0c	routine40716:?
Routine 0x9f2c	routine40748:?
Routine 0x9f54	routine40788:?
Routine 0x9f64	routine40804:?
Routine 0xa020	routine40992:?
Routine 0xa0a0	routine41120:?
Routine 0xa138	routine41272:?
Routine 0xa190	routine41360:?
Routine 0xa1a8	routine41384:?
Routine 0xa1bc	routine41404:?
Routine 0xa1d8	routine41432:?
Routine 0xa23c	routine41532:?
Routine 0xa390	routine41872:?
Routine 0xa41c	routine42012:?
Routine 0xa574	routine42356:?
Routine 0xa6d0	routine42704:?
Routine 0xa6f4	routine42740:?
Routine 0xa71c	routine42780:?
Routine 0xa738	routine42808:?
Routine 0xa744	routine42820:?
Routine 0xa750	routine42832:?
Routine 0xa75c	routine42844:?
Routine 0xa794	routine42900:?
Routine 0xa7a0	routine42912:?
Routine 0xa7b8	routine42936:?
Routine 0xa860	routine43104:?
Routine 0xa868	routine43112:?
Routine 0xa8c0	routine43200:?
Routine 0xa8ec	routine43244:?
Routine 0xa964	routine43364:?
Routine 0xa9dc	routine43484:?
Routine 0xab14	routine43796:?
Routine 0xab20	routine43808:?
Routine 0xab34	routine43828:?
Routine 0xac64	routine44132:?
Routine 0xad38	routine44344:?
Routine 0xad88	routine44424:?
Routine 0xaddc	routine44508:?
Routine 0xae1c	routine44572:?
Routine 0xae68	routine44648:?
Routine 0xae7c	routine44668:?
Routine 0xae84	routine44676:?
Routine 0xaf04	routine44804:?
Routine 0xaf2c	routine44844:?
! References: obj23__Library_Extensions_.RunAll
Routine 0xaf5c	routine44892:?
! References: obj23__Library_Extensions_.RunUntil
Routine 0xafe0	routine45024:?
! References: obj23__Library_Extensions_.RunWhile
Routine 0xb064	routine45156:?
Routine 0xb0e4	ObjectsSub:?
Routine 0xb0ec	PlacesSub:?
Routine 0xb0f4	routine45300:?
Routine 0xb120	routine45344:?
Routine 0xb1c0	routine45504:?
Routine 0xb1ec	routine45548:?
