! Auto-generated by Reform.

MD5	a42545bd17330ae5e6fed02270ccfb4a

Object 1	Class
Object 2	Object
Object 3	Routine
Object 4	String
Object 5	obj5_GameController
Object 6	obj6_compass
Object 7	obj7_north_wall
Object 8	obj8_south_wall
Object 9	obj9_east_wall
Object 10	obj10_west_wall
Object 11	obj11_northeast_wall
Object 12	obj12_southeast_wall
Object 13	obj13_northwest_wall
Object 14	obj14_southwest_wall
Object 15	obj15_ceiling
Object 16	obj16_floor
Object 17	obj17_outside
Object 18	obj18_inside
Object 19	obj19_Darkness
Object 20	obj20_yourself
Object 21	Treasure
Object 22	Sign
Object 23	ScottRoom
Object 24	obj24_Lakeside
Object 25	obj25_water
Object 26	obj26__GOLDEN_FISH_
Object 27	obj27_rusty_axe__magic_word__BUNYON__on_it_
Object 28	obj28_NO_SWIMMING_ALLOWED
Object 29	obj29_dead_fish
Object 30	obj30_Bog
Object 31	obj31__SMALL_STATUE_OF_A_BLUE_OX_
Object 32	obj32_Forest
Object 33	obj33_trees
Object 34	obj34_Branch
Object 35	obj35_Meadow
Object 36	obj36_sleeping_Dragon
Object 37	obj37_IN_SOME_CASES_MUD_IS_GOOD__IN_OTHERS___
Object 38	obj38__DRAGON_EGGS___very_rare_
Object 39	obj39_smoking_hole___pieces_of_dragon_and_gore
Object 40	obj40_Grove
Object 41	obj41__JEWELLED_FRUIT_
Object 42	obj42_PAUL_S_PLACE
Object 43	obj43_Dismal_Swamp
Object 44	obj44_cypress_tree
Object 45	obj45_evil_smelling_mud
Object 46	obj46_swamp_gas
Object 47	obj47_floating_patch_of_oily_slime
Object 48	obj48_chiggers
Object 49	obj49_chigger_bites
Object 50	obj50_infected_chigger_bites
Object 51	obj51_hollow_stump_and_remains_of_a_felled_tree
Object 52	obj52_Tree_Top
Object 53	obj53_spider_web_with_writing_on_it
Object 54	obj54_ring_of_skeleton_keys
Object 55	obj55_Inside_Stump
Object 56	obj56_LEAVE_TREASURE_HERE____say__SCORE__
Object 57	obj57_the_bottle
Object 58	obj58_old_fashioned_lamp
Object 59	obj59__DIAMOND_RING_
Object 60	obj60__DIAMOND_BRACELET_
Object 61	obj61_bottled_water
Object 62	obj62_Root_Chamber
Object 63	obj63_dark_hole
Object 64	obj64__POT_OF_RUBIES_
Object 65	obj65_Hole
Object 66	obj66_the_door
Object 67	obj67_Hall
Object 68	obj68_Cavern
Object 69	obj69_Octagonal_Hive
Object 70	obj70__ROYAL_HONEY_
Object 71	obj71_large_African_bees
Object 72	obj72_Anteroom
Object 73	obj73_empty_wine_bladder
Object 74	obj74_distended_gas_bladder
Object 75	obj75_Maze
Object 76	obj76_Maze
Object 77	obj77_flint_and_steel
Object 78	obj78_Maze
Object 79	obj79_scratchings
Object 80	obj80_Maze
Object 81	obj81_Maze
Object 82	obj82_Maze
Object 83	obj83__THICK_PERSIAN_RUG_
Object 84	obj84_arrow_pointing_down
Object 85	obj85_Chasm
Object 86	obj86__GOLDEN_NET_
Object 87	obj87_MAGIC_WORD_IS_AWAY__X_LA___rest_of_sign_is_missing_
Object 88	obj88_the_lava
Object 89	obj89__FIRESTONE___cold_now_
Object 90	obj90_Ledge
Object 91	obj91_Royal_Chamber
Object 92	obj92_bricked_up_window
Object 93	obj93_bricked_up_window_with_a_hole_in_it___beyond_is_a_ledge
Object 94	obj94_loose_fire_bricks
Object 95	obj95_Ledge
Object 96	obj96__MAGIC_MIRROR_
Object 97	obj97_the_bear
Object 98	obj98_broken_glass
Object 99	obj99_dead_bear
Object 100	obj100_Throne_Room
Object 101	obj101__GOLD_CROWN_
Object 102	obj102_Trouble_
Object 103	obj103_Ugly_Place
Object 104	obj104_To_the_Architects___TSURRIS
Object 105	obj105_Misty_Room
Object 106	obj106_LIMBO__FIND_RIGHT_EXIT_AND_LIVE_AGAIN_

Attribute 0	attrib0			! obj20_yourself obj36_sleeping_Dragon obj97_the_bear
Attribute 2	attrib2			! obj6_compass obj20_yourself
Attribute 3	attrib3			! obj57_the_bottle
Attribute 4	attrib4			! obj33_trees obj44_cypress_tree obj51_hollow_stump_and_remains_of_a_felled_tree obj63_dark_hole obj66_the_door obj93_bricked_up_window_with_a_hole_in_it___beyond_is_a_ledge
Attribute 5	attrib5			! obj29_dead_fish obj41__JEWELLED_FRUIT_ obj70__ROYAL_HONEY_
Attribute 9	attrib9			! obj24_Lakeside obj30_Bog obj32_Forest obj34_Branch obj35_Meadow obj40_Grove obj43_Dismal_Swamp obj52_Tree_Top obj55_Inside_Stump obj62_Root_Chamber obj65_Hole obj102_Trouble_ obj103_Ugly_Place obj105_Misty_Room
Attribute 10	attrib10		! obj66_the_door
Attribute 11	attrib11		! obj66_the_door
Attribute 14	attrib14		! obj33_trees obj44_cypress_tree obj51_hollow_stump_and_remains_of_a_felled_tree obj57_the_bottle obj63_dark_hole obj93_bricked_up_window_with_a_hole_in_it___beyond_is_a_ledge
Attribute 15	attrib15		! obj66_the_door
Attribute 16	attrib16		! obj20_yourself
Attribute 17	attrib17		! obj7_north_wall obj8_south_wall obj9_east_wall obj10_west_wall obj11_northeast_wall obj12_southeast_wall obj13_northwest_wall obj14_southwest_wall obj15_ceiling obj16_floor obj17_outside obj18_inside obj25_water
Attribute 19	attrib19		! Sign obj28_NO_SWIMMING_ALLOWED obj33_trees obj37_IN_SOME_CASES_MUD_IS_GOOD__IN_OTHERS___ obj39_smoking_hole___pieces_of_dragon_and_gore obj42_PAUL_S_PLACE obj44_cypress_tree obj46_swamp_gas obj47_floating_patch_of_oily_slime obj51_hollow_stump_and_remains_of_a_felled_tree obj56_LEAVE_TREASURE_HERE____say__SCORE__ obj63_dark_hole obj66_the_door obj79_scratchings obj84_arrow_pointing_down obj87_MAGIC_WORD_IS_AWAY__X_LA___rest_of_sign_is_missing_ obj88_the_lava obj92_bricked_up_window obj93_bricked_up_window_with_a_hole_in_it___beyond_is_a_ledge obj99_dead_bear obj104_To_the_Architects___TSURRIS obj106_LIMBO__FIND_RIGHT_EXIT_AND_LIVE_AGAIN_
Attribute 21	attrib21		! obj58_old_fashioned_lamp
Attribute 23	attrib23		! obj20_yourself

Property 1	"name":dictwords
Property 2	prop2:?
Property 4	"before":?
Property 5	"after":?
Property 6	"life":?
Property 7	"n_to/door_to":?
Property 8	"s_to/when_closed/when_off":?
Property 9	"e_to/with_key":?
Property 10	"w_to/door_dir":?
Property 15	"u_to/invent":?
Property 16	"d_to/plural":?
Property 17	"in_to/grammar":?
Property 18	"out_to/orders":?
Property 19	"initial/when_open/when_on":?
Property 20	"description":?
Property 21	"describe":dictword
Property 22	"article":?
Property 25	"time_left":?
Property 26	"number":?
Property 27	"time_out/daemon":?
Property 28	"each_turn":?
Property 29	"capacity":?
Property 30	"short_name":?
Property 31	"parse_name":?
Property 72	"depositpoints":?
Property 73	"power":?
Property 74	"side_up":?

Global 0	global0:?
Global 1	global1:?
Global 2	global2:?
Global 3	global3:?
Global 4	global4:?
Global 5	global5:?
Global 6	global6:?
Global 7	global7:?
Global 8	global8:?
Global 9	global9:?
Global 10	global10:?
Global 11	global11:?
Global 12	global12:?
Global 13	global13:?
Global 14	global14:?
Global 15	global15:?
Global 16	global16:?
Global 17	global17:?
Global 18	global18:?
Global 19	global19:?
Global 20	global20:?
Global 21	global21:?
Global 22	global22:?
Global 23	global23:?
Global 24	global24:?
Global 25	global25:?
Global 26	global26:?
Global 27	global27:?
Global 28	global28:?
Global 29	global29:?
Global 30	global30:?
Global 31	global31:?
Global 32	global32:?
Global 33	global33:?
Global 34	global34:?
Global 35	global35:?
Global 36	global36:?
Global 37	global37:?
Global 38	global38:?
Global 39	global39:?
Global 40	global40:?
Global 41	global41:?
Global 42	global42:?
Global 43	global43:?
Global 44	global44:?
Global 45	global45:?
Global 46	global46:?
Global 47	global47:?
Global 48	global48:?
Global 49	global49:?
Global 50	global50:?
Global 51	global51:?
Global 52	global52:?
Global 53	global53:?
Global 54	global54:?
Global 55	global55:?
Global 56	global56:?
Global 57	global57:?
Global 58	global58:?
Global 59	global59:?
Global 60	global60:?
Global 61	global61:?
Global 62	global62:?
Global 63	global63:?
Global 64	global64:?
Global 65	global65:?
Global 66	global66:?
Global 67	global67:?
Global 68	global68:?
Global 69	global69:?
Global 70	global70:?
Global 71	global71:?
Global 72	global72:?
Global 73	global73:?
Global 74	global74:?
Global 75	global75:?
Global 76	global76:?
Global 77	global77:?
Global 78	global78:?
Global 79	global79:?
Global 80	global80:?
Global 81	global81:?
Global 82	global82:?
Global 83	global83:?
Global 84	global84:?
Global 85	global85:?
Global 86	global86:?
Global 87	global87:?
Global 88	global88:?
Global 89	global89:?
Global 90	global90:?
Global 91	global91:?
Global 92	global92:?
Global 93	global93:?
Global 94	global94:?
Global 95	global95:?
Global 96	global96:?
Global 97	global97:?
Global 98	global98:?
Global 99	global99:?
Global 100	global100:?
Global 101	global101:?
Global 102	global102:?
Global 103	global103:?
Global 104	global104:?
Global 105	global105:?
Global 106	global106:?
Global 107	global107:?
Global 108	global108:?
Global 109	global109:?
Global 110	global110:?
Global 111	global111:?
Global 112	global112:?
Global 113	global113:?
Global 114	global114:?
Global 115	global115:?
Global 116	global116:?
Global 117	global117:?
Global 118	global118:?
Global 119	global119:?
Global 120	global120:?
Global 121	global121:?
Global 122	global122:?
Global 123	global123:?
Global 124	global124:?
Global 125	global125:?
Global 126	global126:?
Global 127	global127:?
Global 128	global128:?
Global 129	global129:?
Global 130	global130:?
Global 131	global131:?
Global 132	global132:?
Global 133	global133:?
Global 134	global134:?
Global 135	global135:?
Global 136	global136:?
Global 137	global137:?
Global 138	global138:?
Global 139	global139:?
Global 140	global140:?
Global 141	global141:?
Global 142	global142:?
Global 143	global143:?
Global 144	global144:?
Global 145	global145:?
Global 146	global146:?
Global 147	global147:?
Global 148	global148:?
Global 149	global149:?
Global 150	global150:?
Global 151	global151:?
Global 152	global152:?
Global 153	global153:?
Global 154	global154:?
Global 155	global155:?
Global 156	global156:?
Global 157	global157:?
Global 158	global158:?
Global 159	global159:?
Global 160	global160:?
Global 161	global161:?
Global 162	global162:?
Global 163	global163:?
Global 164	global164:?
Global 165	global165:?
Global 166	global166:?
Global 167	global167:?
Global 168	global168:?
Global 169	global169:?
Global 170	global170:?
Global 171	global171:?
Global 172	global172:?
Global 173	global173:?
Global 174	global174:?
Global 175	global175:?
Global 176	global176:?
Global 177	global177:?
Global 178	global178:?
Global 179	global179:?
Global 180	global180:?
Global 181	global181:?
Global 182	global182:?
Global 183	global183:?
Global 184	global184:?
Global 185	global185:?
Global 186	global186:?
Global 187	global187:?
Global 188	global188:?
Global 189	global189:?
Global 190	global190:?
Global 191	global191:?
Global 192	global192:?
Global 193	global193:?
Global 194	global194:?
Global 195	global195:?
Global 196	global196:?
Global 197	global197:?
Global 198	global198:?
Global 199	global199:?
Global 200	global200:?
Global 201	global201:?
Global 202	global202:?
Global 203	global203:?
Global 204	global204:?
Global 205	global205:?
Global 206	global206:?
Global 207	global207:?
Global 208	global208:?
Global 209	global209:?
Global 210	global210:?
Global 211	global211:?
Global 212	global212:?
Global 213	global213:?
Global 214	global214:?
Global 215	global215:?
Global 216	global216:?
Global 217	global217:?
Global 218	global218:?
Global 219	global219:?
Global 220	global220:?
Global 221	global221:?
Global 222	global222:?
Global 223	global223:?
Global 224	global224:?
Global 225	global225:?
Global 226	global226:?
Global 227	global227:?
Global 228	global228:?
Global 229	global229:?
Global 230	global230:?
Global 231	global231:?
Global 232	global232:?
Global 233	global233:?
Global 234	global234:?
Global 235	global235:?
Global 236	global236:?
Global 237	global237:?
Global 238	global238:?
Global 239	global239:?

Action 0	Action0		! 'go'/'leave'/'run'/'walk' noun=routine45992
Action 1	Action1		! 'peel' noun
				! 'peel' 'off' noun
				! 'remove' multi
				! 'pick' 'up' multi
				! 'pick' multi 'up'
				! 'carry'/'get'/'hold'/'take' multi
Action 2	Action2		! 'answer'/'say'/'shout'/'speak' routine46000 'to' creature
Action 3	Action3		! 'ask' creature 'about' routine46000
Action 4	Action4		! 'ask' creature 'for' noun
Action 5	Action5		! 'tell' creature 'about' routine46000
Action 6	Action6		! 'remove' multiinside 'from' noun
				! 'carry'/'get'/'hold'/'take' multiinside 'from' noun
				! 'carry'/'get'/'hold'/'take' multiinside 'off' noun
Action 7	Action7		! 'l//'/'look'
Action 8	Action8		! 'feed'/'give'/'offer'/'pay' creature held
Action 9	Action9		! 'display'/'present'/'show' creature held
Action 10	Action10	! 'feed'/'give'/'offer'/'pay' held 'to' creature
				! 'feed'/'give'/'offer'/'pay' 'over' held 'to' creature
Action 11	Action11	! 'display'/'present'/'show' held 'to' creature
Action 12	Action12	! 'die'/'q//'/'quit'
Action 13	Action13	! 'restart'
Action 14	Action14	! 'restore'
Action 15	Action15	! 'save'
Action 16	Action16	! 'verify'
Action 17	Action17	! 'script'
				! 'script' 'on'
Action 18	Action18	! 'noscript'/'unscript'
				! 'script' 'off'
Action 19	Action19	! 'notify' 'on'
Action 20	Action20	! 'notify' 'off'
Action 21	Action21	! 'places'
Action 22	Action22	! 'objects'
Action 23	Action23	! 'score'
Action 24	Action24	! 'full'/'fullscore'
				! 'full'/'fullscore' 'score'
Action 25	Action25	! 'i//'/'inv'/'inventory'
				! 'carry'/'get'/'hold'/'take' 'inventory'
Action 26	Action26	! 'i//'/'inv'/'inventory' 'tall'
Action 27	Action27	! 'discard'/'drop'/'throw' multiexcept 'in' noun
				! 'discard'/'drop'/'throw' multiexcept 'into' noun
				! 'discard'/'drop'/'throw' multiexcept 'down' noun
				! 'insert' multiexcept 'in' noun
				! 'insert' multiexcept 'into' noun
				! 'put' multiexcept 'in' noun
				! 'put' multiexcept 'inside' noun
				! 'put' multiexcept 'into' noun
Action 28	Action28	! 'discard'/'drop'/'throw' multiheld
				! 'put' 'down' multiheld
				! 'put' multiheld 'down'
Action 29	Action29	! 'disrobe'/'doff'/'shed' held
				! 'remove' held
				! 'carry'/'get'/'hold'/'take' 'off' attrib26
Action 30	Action30	! 'discard'/'drop'/'throw' multiexcept 'on' noun
				! 'discard'/'drop'/'throw' multiexcept 'onto' noun
				! 'put' multiexcept 'on' noun
				! 'put' multiexcept 'onto' noun
Action 31	Action31	! 'clear'/'move'/'press'/'push'/'shift' noun 'to' noun
				! 'transfer' noun 'to' noun
Action 32	Action32	! 'empty' noun 'to' noun
				! 'empty' noun 'into' noun
				! 'empty' noun 'on' noun
				! 'empty' noun 'onto' noun
Action 33	Action33	! 'read' noun
				! 'check'/'describe'/'examine'/'watch'/'x//' noun
				! 'l//'/'look' 'at' noun
Action 34	Action34	! 'lie'/'sit' 'on' noun
				! 'lie'/'sit' 'in' noun
				! 'lie'/'sit' 'inside' noun
				! 'cross'/'enter' noun
				! 'go'/'leave'/'run'/'walk' noun
				! 'go'/'leave'/'run'/'walk' 'into' noun
				! 'go'/'leave'/'run'/'walk' 'in' noun
				! 'go'/'leave'/'run'/'walk' 'inside' noun
				! 'go'/'leave'/'run'/'walk' 'through' noun
				! 'stand' 'on' noun
				! 'carry'/'get'/'hold'/'take' 'in' noun
				! 'carry'/'get'/'hold'/'take' 'into' noun
				! 'carry'/'get'/'hold'/'take' 'on' noun
Action 35	Action35	! 'exit'/'out'/'outside'
				! 'stand'
				! 'stand' 'up'
				! 'carry'/'get'/'hold'/'take' 'out'
				! 'carry'/'get'/'hold'/'take' 'off'
				! 'carry'/'get'/'hold'/'take' 'up'
Action 36	Action36	! 'carry'/'get'/'hold'/'take' 'off' noun
Action 37	Action37	! 'go'/'leave'/'run'/'walk'
Action 38	Action38	! 'brief'/'normal'
Action 39	Action39	! 'long'/'verbose'
Action 40	Action40	! 'short'/'superbrie'
Action 41	Action41	! 'search' noun
				! 'l//'/'look' 'inside' noun
				! 'l//'/'look' 'in' noun
				! 'l//'/'look' 'into' noun
				! 'l//'/'look' 'through' noun
Action 42	Action42	! 'l//'/'look' 'under' noun
Action 43	Action43	! 'unlock' noun 'with' held
				! 'open'/'uncover'/'undo'/'unwrap' noun 'with' held
Action 44	Action44	! 'lock' noun 'with' held
Action 45	Action45	! 'switch' noun
				! 'switch' noun 'on'
				! 'switch' 'on' noun
				! 'rotate'/'screw'/'turn'/'twist'/'unscrew' noun 'on'
				! 'rotate'/'screw'/'turn'/'twist'/'unscrew' 'on' noun
Action 46	Action46	! 'switch' noun 'off'
				! 'switch' 'off' noun
				! 'rotate'/'screw'/'turn'/'twist'/'unscrew' noun 'off'
				! 'rotate'/'screw'/'turn'/'twist'/'unscrew' 'off' noun
				! 'close'/'cover'/'shut' 'off' noun
Action 47	Action47	! 'open'/'uncover'/'undo'/'unwrap' noun
Action 48	Action48	! 'close'/'cover'/'shut' noun
				! 'close'/'cover'/'shut' 'up'
Action 49	Action49	! 'put' 'on' held
				! 'don'/'wear' held
Action 50	Action50	! 'eat' held
Action 51	Action51	! 'y//'/'yes'
Action 52	Action52	! 'no'
Action 53	Action53	! 'pray'
Action 54	Action54	! 'awake'/'awaken'/'wake'
				! 'awake'/'awaken'/'wake' 'up'
Action 55	Action55	! 'awake'/'awaken'/'wake' creature
				! 'awake'/'awaken'/'wake' creature 'up'
				! 'awake'/'awaken'/'wake' 'up' creature
Action 56	Action56	! 'think'
Action 57	Action57	! 'smell'/'sniff'
				! 'smell'/'sniff' noun
Action 58	Action58	! 'hear'/'listen'
				! 'hear'/'listen' noun
				! 'hear'/'listen' 'to' noun
Action 59	Action59	! 'taste' noun
Action 60	Action60	! 'dig' noun
				! 'dig' noun 'with' held
Action 61	Action61	! 'chop'/'cut'/'prune'/'slice' noun
				! 'chop'/'cut'/'prune'/'slice' 'up' noun
				! 'chop'/'cut'/'prune'/'slice' 'down' noun
Action 62	Action62	! 'hop'/'jump'/'skip'
Action 63	Action63	! 'hop'/'jump'/'skip' 'over' noun
Action 64	Action64	! 'attach'/'fasten'/'fix'/'tie' noun
				! 'attach'/'fasten'/'fix'/'tie' noun 'to' noun
Action 65	Action65	! 'drink'/'sip'/'swallow' noun
Action 66	Action66	! 'fill' noun
Action 67	Action67	! 'sorry'
Action 68	Action68	! 'damn'/'fuck'/'shit'/'sod'
				! 'damn'/'fuck'/'shit'/'sod' special
Action 69	Action69	! 'bother'/'curses'/'darn'/'drat'
				! 'bother'/'curses'/'darn'/'drat' special
Action 70	Action70	! 'dive'/'swim'
Action 71	Action71	! 'swing' noun
				! 'swing' 'on' noun
Action 72	Action72	! 'blow' held
Action 73	Action73	! 'clean'/'dust'/'polish'/'rub'/'scrub'/'shine'/'sweep'/'wipe' noun
Action 74	Action74	! 'adjust'/'set' noun
Action 75	Action75	! 'adjust'/'set' noun 'to' special
Action 76	Action76	! 'wave'
Action 77	Action77	! 'buy'/'purchase' noun
Action 78	Action78	! 'sing'
Action 79	Action79	! 'climb'/'scale' noun
				! 'climb'/'scale' 'up' noun
				! 'climb'/'scale' 'over' noun
Action 80	Action80	! 'nap'/'sleep'
Action 81	Action81	! 'read' 'about' routine46076 'in' noun
				! 'read' routine46076 'in' noun
				! 'consult' noun 'about' routine46000
				! 'consult' noun 'on' routine46000
				! 'l//'/'look' 'up' routine46076 'in' noun
Action 82	Action82	! 'feel'/'fondle'/'grope'/'touch' noun
Action 83	Action83	! 'wave' noun
Action 84	Action84	! 'drag'/'pull' noun
Action 85	Action85	! 'clear'/'move'/'press'/'push'/'shift' noun
Action 86	Action86	! 'rotate'/'screw'/'turn'/'twist'/'unscrew' noun
Action 87	Action87	! 'wait'/'z//'
Action 88	Action88	! 'clear'/'move'/'press'/'push'/'shift' noun noun
Action 89	Action89	! 'squash'/'squeeze' noun
Action 90	Action90	! 'discard'/'drop'/'throw' held 'at' noun
				! 'discard'/'drop'/'throw' held 'against' noun
Action 91	Action91	! 'attack'/'break'/'crack'/'destroy'/'fight'/'hit'/'kill'/'murder'/'punch'/'smash'/'thump'/'torture'/'wreck' noun
Action 92	Action92	! 'embrace'/'hug'/'kiss' creature
Action 93	Action93	! 'burn'/'light' noun
				! 'burn'/'light' noun 'with' held
Action 94	Action94	! 'empty' noun
				! 'empty' 'out' noun
				! 'empty' noun 'out'
Action 95	Action95	! 'nouns'/'pronouns'
Action 96	Action96	! 'version'
Action 97	Action97	! 'i//'/'inv'/'inventory' 'wide'
Action 98	Action98	! 'in'/'inside'
				! 'cross'/'enter'
Action 99	Action99	! 'bunyon'
Action 100	Action100	! 'away'
Action 101	Action101	! 'tsurris'
Action 102	Action102	! 'help'
Action 103	Action103	! 'find' special

Word	distended	distended
Word	everythin	everythin
Word	fashioned	fashioned
Word	firestone	firestone
Word	fragments	fragments
Word	fullscore	fullscore
Word	inventory	inventory
Word	northeast	northeast
Word	northwest	northwest
Word	scratchin	scratchin
Word	seventeen	seventeen
Word	southeast	southeast
Word	southwest	southwest
Word	superbrie	superbrie

Routine 0x3118	routine12568:?
Routine 0x3120	routine12576:?
Routine 0x3128	routine12584:?
Routine 0x31ec	routine12780:?
Routine 0x333c	routine13116:?
Routine 0x3e24	routine15908:?
Routine 0x3ec8	routine16072:?
Routine 0x3fe8	routine16360:?
Routine 0x4000	routine16384:?
Routine 0x42b8	routine17080:?
Routine 0x45f4	routine17908:?
Routine 0x4878	routine18552:?
Routine 0x4944	routine18756:?
Routine 0x4a70	routine19056:?
Routine 0x4ac0	routine19136:?
Routine 0x4ba0	routine19360:?
Routine 0x4c50	routine19536:?
Routine 0x4c8c	routine19596:?
Routine 0x4cc0	routine19648:?
Routine 0x4d10	routine19728:?
Routine 0x4d38	routine19768:?
Routine 0x4d58	routine19800:?
Routine 0x4d88	routine19848:?
Routine 0x4dd4	routine19924:?
Routine 0x4de8	routine19944:?
Routine 0x4e04	routine19972:?
Routine 0x4e7c	routine20092:?
Routine 0x4eb4	routine20148:?
Routine 0x4f8c	routine20364:?
Routine 0x4fb0	routine20400:?
Routine 0x4ffc	routine20476:?
Routine 0x50e4	routine20708:?
Routine 0x5118	routine20760:?
Routine 0x5154	routine20820:?
Routine 0x516c	routine20844:?
Routine 0x5188	routine20872:?
