! Auto-generated by Reform.

MD5	c043df8624e0e1e9fda92f1a74b6e402

Object 1	Class
Object 2	Object
Object 3	Routine
Object 4	String
Object 5	CompassDirection
Object 6	obj6_compass
Object 7	obj7_north
Object 8	obj8_south
Object 9	obj9_east
Object 10	obj10_west
Object 11	obj11_northeast
Object 12	obj12_northwest
Object 13	obj13_southeast
Object 14	obj14_southwest
Object 15	obj15_ceiling
Object 16	obj16_floor
Object 17	obj17_outside
Object 18	obj18_inside
Object 19	obj19__darkness_object_
Object 20	obj20__self_object_
Object 21	obj21__Inform_Parser_
Object 22	obj22__Inform_Library_
Object 23	obj23__LibraryMessages_
Object 24	Option
Object 25	Menu
Object 26	SwitchOption
Object 27	obj27__appearance_
Object 28	obj28_soaking_wet
Object 29	obj29_covered_in_grimy_ash
Object 30	obj30_filthy_from_splashing_around_in_the_sewers
Object 31	obj31_smeared_with_smelly_fish_oil
Object 32	obj32_streaked_with_blood_and_gore
Object 33	Outdoor
Object 34	Distant
Object 35	obj35_Miskaton
Object 36	obj36_Anchorhead
Object 37	obj37_lighthouse
Object 38	obj38_sea
Object 39	obj39_paper_mill
Object 40	obj40_tracks
Object 41	obj41_town_square
Object 42	obj42_church
Object 43	obj43_bridge
Object 44	obj44_group_of_townsfolk
Object 45	obj45_university
Object 46	obj46_obelisk
Object 47	obj47__d_crowd_
Object 48	obj48_bum
Object 49	obj49_heath
Object 50	obj50_cupola
Object 51	Michael
Object 52	Key
Object 53	Liquid
Object 54	Rainwater
Object 55	obj55_Rainwater_1
Object 56	obj56_Rainwater_2
Object 57	obj57_Rainwater_3
Object 58	obj58_Rainwater_4
Object 59	obj59_Rainwater_5
Object 60	obj60_Rainwater_6
Object 61	Seawater
Object 62	obj62_Seawater_1
Object 63	obj63_Seawater_2
Object 64	obj64_Seawater_3
Object 65	obj65_Seawater_4
Object 66	obj66_Seawater_5
Object 67	obj67_Seawater_6
Object 68	Riverwater
Object 69	obj69_Riverwater_1
Object 70	obj70_Riverwater_2
Object 71	obj71_Riverwater_3
Object 72	obj72_Riverwater_4
Object 73	obj73_Riverwater_5
Object 74	obj74_Riverwater_6
Object 75	Sewerwater
Object 76	obj76_Sewerwater_1
Object 77	obj77_Sewerwater_2
Object 78	obj78_Sewerwater_3
Object 79	obj79_Sewerwater_4
Object 80	obj80_Sewerwater_5
Object 81	obj81_Sewerwater_6
Object 82	obj82_rain
Object 83	obj83_wind
Object 84	obj84_sky
Object 85	obj85_woods
Object 86	obj86_sea
Object 87	obj87_drifting_flakes_of_ash
Object 88	obj88_wrought_iron_fence
Object 89	obj89_alley
Object 90	obj90__window_
Object 91	obj91_windows
Object 92	obj92_skylight
Object 93	obj93_buildings
Object 94	obj94__street_
Object 95	obj95__pit_
Object 96	obj96_stairs
Object 97	obj97_fireplace
Object 98	obj98_ivy
Object 99	obj99_ladder
Object 100	obj100_printed_sign
Object 101	obj101_umbrella
Object 102	obj102_trenchcoat
Object 103	obj103_clothes
Object 104	obj104_wedding_ring
Object 105	obj105_Outside_the_Real_Estate_Office
Object 106	obj106_real_estate_office_door
Object 107	obj107_Alley
Object 108	obj108_wall
Object 109	obj109_piles_of_cardboard_boxes
Object 110	obj110_garbage_can
Object 111	obj111_fence
Object 112	obj112_transom_window
Object 113	obj113_Narrow_Beach
Object 114	obj114_rocky_outcroppings
Object 115	obj115_outflow_pipe
Object 116	obj116_sewer_water
Object 117	obj117_detritus
Object 118	obj118_Narrow_Street
Object 119	obj119_Local_Pub
Object 120	obj120_bar
Object 121	obj121_locals
Object 122	obj122_table
Object 123	obj123_lantern
Object 124	obj124_drinks
Object 125	obj125_flask
Object 126	obj126_cheap_whiskey
Object 127	obj127_Junction
Object 128	obj128_Mill_Road
Object 129	obj129_cultists
Object 130	obj130_Breakwater
Object 131	obj131_Entrance_to_the_Paper_Mill
Object 132	obj132_paper_mill
Object 133	obj133_gate
Object 134	obj134_brick_wall
Object 135	obj135_Bare_Foundations
Object 136	obj136_rubble
Object 137	obj137_thickets
Object 138	obj138_metal_hatch
Object 139	obj139_Railroad_Tracks
Object 140	obj140_railroad_tracks
Object 141	obj141_train
Object 142	obj142_Shanty_Town
Object 143	obj143_row_of_dilapidated_shacks
Object 144	Shack
Object 145	obj145__1_Mill_Town_Road
Object 146	obj146__2_Mill_Town_Road
Object 147	obj147__3_Mill_Town_Road
Object 148	obj148__4_Mill_Town_Road
Object 149	obj149__5_Mill_Town_Road
Object 150	obj150__6_Mill_Town_Road
Object 151	obj151__7_Mill_Town_Road
Object 152	obj152__8_Mill_Town_Road
Object 153	obj153__9_Mill_Town_Road
Object 154	obj154__10_Mill_Town_Road
Object 155	obj155__11_Mill_Town_Road
Object 156	obj156__12_Mill_Town_Road
Object 157	obj157__11_Mill_Town_Road
Object 158	obj158_pale__frightened_woman
Object 159	obj159_shawl
Object 160	obj160_stove
Object 161	obj161_threadbare_cot
Object 162	obj162_overalls
Object 163	obj163_long_steel_key
Object 164	obj164_University_Court
Object 165	obj165_library
Object 166	obj166_Twisting_Lane
Object 167	obj167_brick_wall
Object 168	obj168_graffiti
Object 169	obj169_Whateley_Bridge
Object 170	obj170_parapets
Object 171	obj171_monster
Object 172	obj172_Town_Square
Object 173	obj173_grass
Object 174	obj174_stone_obelisk
Object 175	obj175_iron_ring
Object 176	obj176_hieroglyphs
Object 177	obj177_courthouse
Object 178	obj178__crowd_
Object 179	obj179_torches
Object 180	obj180_newspaper
Object 181	obj181_Courthouse
Object 182	obj182_office_door
Object 183	obj183_Courthouse_Basement
Object 184	obj184_Birth_Records
Object 185	obj185_Death_Records
Object 186	obj186_archives
Object 187	obj187_Side_Alley
Object 188	obj188_Riverwalk
Object 189	obj189_low_brick_wall
Object 190	obj190_rusty_gate
Object 191	obj191_Under_the_Bridge
Object 192	obj192_underside_of_the_bridge
Object 193	obj193_Miskaton_River
Object 194	obj194_small_metal_door
Object 195	obj195_Vacant_Lot
Object 196	obj196_filthy_mattress
Object 197	obj197_chain_link_fence
Object 198	obj198_bum
Object 199	obj199_small_copper_key
Object 200	obj200_Wharf
Object 201	obj201_fishing_boats
Object 202	obj202_old_tin
Object 203	obj203_fish_oil
Object 204	obj204_Dark_Corner
Object 205	obj205_Asylum_Courtyard
Object 206	obj206_asylum
Object 207	obj207_motto
Object 208	obj208_Chilly_Avenue
Object 209	obj209_clammy_mist
Object 210	obj210__gang_
Object 211	obj211_weapons
Object 212	obj212_Deserted_Lane
Object 213	obj213_whippoorwill
Object 214	obj214_Down_the_Road
Object 215	obj215_stump
Object 216	obj216_sapling
Object 217	obj217_Trampled_Path
Object 218	obj218_Abandoned_Slaughterhouse
Object 219	obj219_slaughterhouse
Object 220	obj220_Crumbled_Ruin
Object 221	obj221_footprints
Object 222	obj222_meat_hook
Object 223	obj223_tattered_drawing
Object 224	obj224_Old_Stone_Well
Object 225	obj225_old_stone_well
Object 226	obj226_wooden_cover
Object 227	obj227_In_the_Well
Object 228	obj228_children_s_bones
Object 229	obj229_teddy_bear
Object 230	obj230_Scenic_View
Object 231	obj231_Home
Object 232	obj232_Your_Bathroom
Object 233	obj233_counter
Object 234	obj234_home_pregnancy_test
Object 235	obj235_little_window
Object 236	obj236_Churchyard
Object 237	obj237_abandoned_church
Object 238	obj238_front_door
Object 239	obj239_boards
Object 240	obj240_Behind_the_Church
Object 241	obj241__padlock_
Object 242	obj242_trap_door
Object 243	obj243_shiny_new_padlock
Object 244	obj244_Church_Cellar
Object 245	obj245_decapitated_corpse
Object 246	obj246_small_steel_key
Object 247	obj247_wood_burning_furnace
Object 248	obj248_real_estate_agent_s_severed_head
Object 249	obj249_hatch
Object 250	obj250_Empty_Stairwell
Object 251	obj251__church_stairs_
Object 252	obj252_Broken_Stairs
Object 253	obj253_railing
Object 254	obj254_Vestibule
Object 255	obj255_hooded_robe
Object 256	obj256_Chapel
Object 257	obj257_pews
Object 258	obj258_broken_cross
Object 259	obj259_stained_glass_windows
Object 260	obj260_pulpit
Object 261	obj261_huge__black_tome
Object 262	obj262_illustrations
Object 263	obj263_Behind_the_Chapel
Object 264	obj264_Steeple
Object 265	obj265_square_hole
Object 266	obj266_narrow_window
Object 267	obj267_length_of_rope
Object 268	obj268_Hanging_From_the_Rope
Object 269	obj269_Verlac_mansion
Object 270	obj270_Outside_the_House
Object 271	obj271_driveway
Object 272	obj272_typewritten_notice
Object 273	obj273_brass_knocker
Object 274	obj274_front_door
Object 275	House
Object 276	obj276_Foyer
Object 277	obj277_luggage
Object 278	obj278_Upstairs_Landing
Object 279	obj279_Master_Bedroom
Object 280	obj280_sketches
Object 281	obj281_radiator
Object 282	obj282_four_poster_bed
Object 283	obj283_dressing_mirror
Object 284	obj284_Michael_s_pants
Object 285	obj285_wallet
Object 286	obj286_faculty_card
Object 287	obj287_Michael
Object 288	obj288_dried_mud
Object 289	obj289_Bathroom
Object 290	obj290_bathtub
Object 291	obj291_shower_attachment
Object 292	obj292_towel
Object 293	obj293_Upstairs_Hall
Object 294	obj294_trap_door
Object 295	obj295_cord
Object 296	obj296_rickety_wooden_ladder
Object 297	obj297_Children_s_Bedroom
Object 298	obj298_vanity_table
Object 299	obj299_jewelry_box
Object 300	obj300_silver_locket
Object 301	obj301_boy_s_picture
Object 302	obj302_bed
Object 303	obj303_crib
Object 304	obj304_ragged_hole
Object 305	obj305_bundle_of_soggy_pages
Object 306	obj306_scratches
Object 307	obj307_Library
Object 308	obj308_armchair
Object 309	obj309_bookshelves
Object 310	obj310__Poe_
Object 311	obj311_pipe_stand
Object 312	obj312__wards_
Object 313	obj313_safe
Object 314	obj314_puzzle_box
Object 315	obj315_strange_black_disk
Object 316	obj316_strange_metal_flute
Object 317	Flute_Hole
Object 318	obj318_first_flute_hole
Object 319	obj319_second_flute_hole
Object 320	obj320_third_flute_hole
Object 321	obj321_fourth_flute_hole
Object 322	obj322_fifth_flute_hole
Object 323	obj323_sixth_flute_hole
Object 324	obj324_seventh_flute_hole
Object 325	obj325_dial
Object 326	obj326_sliding_doors
Object 327	obj327_Study
Object 328	obj328_wooden_chair
Object 329	obj329_desk
Object 330	obj330_laptop
Object 331	obj331_screen
Object 332	obj332_letter_opener
Object 333	obj333_mantelpiece
Object 334	obj334_brass_sphere
Object 335	obj335_smudges
Object 336	obj336_drawer
Object 337	obj337__harmonies_
Object 338	obj338_walls
Object 339	Maze
Object 340	obj340__maze1_
Object 341	obj341__maze2_
Object 342	obj342__maze3_
Object 343	obj343__maze4_
Object 344	obj344__maze5_
Object 345	obj345_small_hole
Object 346	obj346_Observatory
Object 347	obj347_astronomical_charts
Object 348	obj348_telescope
Object 349	obj349_rectangular_slot
Object 350	obj350_Attic
Object 351	obj351_contraption
Object 352	obj352_door
Object 353	obj353_keyplate
Object 354	obj354_old_fashioned_brass_key
Object 355	obj355_Attic_Cell
Object 356	obj356_pile_of_straw
Object 357	obj357_gold_locket
Object 358	obj358_woman_s_picture
Object 359	obj359_pencil_marks
Object 360	obj360_Crawlspace
Object 361	obj361_oddly_angled_corridor
Object 362	obj362_Dining_Room
Object 363	obj363_dining_table
Object 364	obj364_china_cupboard
Object 365	obj365_velvet_lining
Object 366	obj366_torn_journal
Object 367	obj367_C_shaped_scratch
Object 368	obj368_Kitchen
Object 369	obj369_kitchen_counter
Object 370	obj370_flashlight
Object 371	obj371_cabinet
Object 372	obj372_book_of_matches
Object 373	obj373_back_door
Object 374	obj374_Back_Hall
Object 375	obj375_Gallery
Object 376	obj376_lamps
Object 377	obj377_paintings
Object 378	obj378_elements_of_the_paintings
Object 379	obj379_scene
Object 380	obj380_Sitting_Room
Object 381	obj381_portrait
Object 382	obj382_eyes
Object 383	obj383_sofa
Object 384	obj384_family_album
Object 385	obj385_hand_woven_rug
Object 386	obj386_Pantry
Object 387	obj387_shelves
Object 388	obj388_broom
Object 389	obj389_cellar_door
Object 390	obj390_Cellar
Object 391	obj391_exposed_wires
Object 392	obj392_sagging_timbers
Object 393	obj393_fuse_cabinet
Object 394	obj394_fuse_plugs
Object 395	obj395_Wine_Cellar
Object 396	obj396_wine_racks
Object 397	obj397_wine_bottles
Object 398	Bottle
Object 399	obj399_robust_Pinot_Noir
Object 400	obj400_light_Cheval_Blanc
Object 401	obj401_vintage_Cabernet_Sauvignon
Object 402	obj402_bottle_with_the_torn_label
Object 403	obj403_bottle_with_the_faded_label
Object 404	obj404_Storage
Object 405	obj405_crates_and_boxes
Object 406	obj406_cardboard_box
Object 407	obj407_newspaper_clippings
Object 408	obj408_a_sample_of_the_newspaper_clippings
Object 409	obj409__Arkham_Herald__August_12__1956_
Object 410	obj410__printed_notice_
Object 411	obj411__London_Times__March_3__1918_
Object 412	obj412__crumpled_flyer_
Object 413	obj413__obituary_
Object 414	obj414__Arkham_Herald__June_22__1973_
Object 415	obj415__Arkham_Herald__September_19__1958_
Object 416	obj416__photostatic_copy_
Object 417	obj417__Arkham_Herald__April_9__1935_
Object 418	obj418__Arkham_Herald__July_7__1988_
Object 419	obj419__announcement_
Object 420	obj420_nasty_looking_spider_web
Object 421	obj421_old_fashioned_iron_key
Object 422	obj422_Path_Behind_the_House
Object 423	obj423_Family_Plot
Object 424	obj424_tombstones
Object 425	obj425_iron_door
Object 426	obj426_In_the_Crypt
Object 427	obj427_coffins
Object 428	Coffin
Object 429	obj429_Edward_s_coffin
Object 430	obj430_Anna_s_coffin
Object 431	obj431_William_s_coffin
Object 432	obj432_animal_s_skeleton
Object 433	obj433_animal_s_skull
Object 434	obj434_Julia_s_coffin
Object 435	obj435_Gertrude_s_coffin
Object 436	obj436_Sonia_s_coffin
Object 437	obj437_nameplates
Object 438	obj438_roots
Object 439	obj439_Windy_Passage
Object 440	obj440_Edge_of_the_Pit
Object 441	obj441_rope_bridge
Object 442	obj442_Other_Side
Object 443	obj443_Great_Stairs
Object 444	obj444_Bottom_of_Stairs
Object 445	obj445_huge_metal_door
Object 446	obj446_symbol
Object 447	obj447_Burial_Mound
Object 448	obj448_face_carvings
Object 449	obj449_green_light
Object 450	obj450_base_of_the_obelisk
Object 451	Pictogram
Object 452	obj452_first_pictogram
Object 453	obj453_second_pictogram
Object 454	obj454_third_pictogram
Object 455	obj455_fourth_pictogram
Object 456	obj456_mummified_corpses
Object 457	obj457_altar
Object 458	Column
Object 459	obj459_left_hand_column
Object 460	obj460_right_hand_column
Object 461	obj461_Michael
Object 462	obj462_ghost_of_Croseus_Verlac
Object 463	obj463_The_Womb_of_Nehilim
Object 464	Maintenance
Object 465	obj465__M_South_
Object 466	obj466_valve_wheel
Object 467	obj467_pressure_gauge
Object 468	obj468_pipes
Object 469	obj469__M_Middle_
Object 470	obj470__M_North_
Object 471	obj471_hatch
Object 472	obj472_metal_handle
Object 473	obj473_Mill_Floor
Object 474	obj474_control_bank
Object 475	obj475_lever
Object 476	obj476_large_red_button
Object 477	obj477_chain
Object 478	obj478_pulley_system
Object 479	Mill_maze
Object 480	obj480_light
Object 481	obj481__m_maze1_
Object 482	obj482__m_maze2_
Object 483	obj483__m_maze3_
Object 484	obj484__m_maze4_
Object 485	obj485__m_maze5_
Object 486	obj486__m_maze6_
Object 487	obj487_mill_machinery
Object 488	obj488_Catwalk
Object 489	obj489_balcony
Object 490	obj490_block_of_heavy_equipment
Object 491	obj491_Workshop
Object 492	obj492_table
Object 493	obj493_calipers
Object 494	obj494_workbenches
Object 495	obj495_notes
Object 496	obj496_printed_memo
Object 497	obj497_arcane_electronic_equipment
Object 498	obj498_rack
Object 499	Mirror
Object 500	obj500_mirror_labeled__1
Object 501	obj501_mirror_labeled__2
Object 502	obj502_mirror_labeled__3
Object 503	obj503_mirror_labeled__4
Object 504	obj504_blueprint
Object 505	obj505_At_the_Foot_of_the_Lighthouse
Object 506	obj506_massive_bronze_door
Object 507	obj507_lighthouse
Object 508	obj508_Bottom_of_the_Lighthouse
Object 509	obj509_Top_of_the_Lighthouse
Object 510	obj510_swivel_mount
Object 511	obj511_strange_device
Object 512	obj512__mir5_
Object 513	obj513_Rocky_Spur
Object 514	obj514_patch_of_turbulent_water
Object 515	obj515_island_of_flesh
Object 516	obj516_Island_of_Flesh
Object 517	obj517_heavy_stone
Object 518	obj518_handcuffs
Object 519	obj519_wooden_stake
Object 520	obj520_boy
Object 521	obj521_pulse
Object 522	obj522_island
Object 523	obj523_robed_guards
Object 524	obj524_Michael
Object 525	obj525_burning_torch
Object 526	obj526_guard_s_corpse
Object 527	obj527_Access_Shaft
Object 528	obj528_Sewer_Tunnel
Object 529	obj529_pipelines
Object 530	obj530_sewer_water
Object 531	obj531_Vaulted_Tunnel
Object 532	obj532_pool
Object 533	obj533_Dripping_Tunnel
Object 534	obj534_Broken_Tunnel
Object 535	obj535_rusty_hatch
Object 536	obj536_Outflow_Tunnel
Object 537	obj537_grating
Object 538	obj538_Hidden_Court
Object 539	obj539_shop
Object 540	obj540_hanging_sign
Object 541	obj541_The_Cauldron
Object 542	obj542_new_age_curiosities
Object 543	obj543_display_case
Object 544	obj544_violin
Object 545	obj545_display_case
Object 546	obj546_deck_of_tarot_cards
Object 547	obj547_geode
Object 548	obj548_amulet
Object 549	obj549_proprietor
Object 550	obj550_light_music
Object 551	obj551__orderly_
Object 552	obj552_pimple
Object 553	obj553_name_tag
Object 554	obj554_Waiting_Room
Object 555	obj555_sofa
Object 556	obj556_potted_palm
Object 557	obj557_porno_magazine
Object 558	obj558_cell_key
Object 559	obj559_barred_gate
Object 560	obj560_strait_jacket
Object 561	Cell
Object 562	obj562__cell1_
Object 563	obj563_padding
Object 564	Cell_Door
Object 565	Cell_Window
Object 566	obj566_cell_door
Object 567	obj567__window1_
Object 568	Hallway
Object 569	obj569_tiles
Object 570	obj570__hall1_
Object 571	obj571_crack
Object 572	obj572_shard_of_glass
Object 573	obj573_closet
Object 574	obj574__hall2_
Object 575	obj575__door2_
Object 576	obj576__window2_
Object 577	obj577__cell2_
Object 578	obj578__madman_
Object 579	obj579__door3_
Object 580	obj580__window3_
Object 581	obj581__cell3_
Object 582	obj582__hall3_
Object 583	obj583__door4_
Object 584	obj584__window4_
Object 585	obj585__cell4_
Object 586	obj586__door5_
Object 587	obj587__window5_
Object 588	obj588_bloodstain
Object 589	obj589__cell5_
Object 590	obj590_ragged_tear
Object 591	obj591_torn_square_of_canvas
Object 592	obj592_crusty_needle
Object 593	obj593_Top_of_Stairs
Object 594	obj594_Bottom_of_Stairs
Object 595	obj595_fluorescent_light
Object 596	obj596__hall4_
Object 597	obj597__hall5_
Object 598	obj598_Library
Object 599	obj599_alcove
Object 600	obj600_reading_lamp
Object 601	obj601_reading_desk
Object 602	obj602_Michael
Object 603	obj603_glasses
Object 604	obj604__frazer_
Object 605	obj605_slip_of_paper
Object 606	obj606_library_books
Object 607	obj607_Circulation_Desk
Object 608	obj608_counter
Object 609	obj609_dog_eared_register
Object 610	obj610_bell
Object 611	obj611_creepy_librarian
Object 612	obj612__greene_
Object 613	obj613__horne_
Object 614	obj614__wheldrake_
Object 615	obj615_from_the_Table_of_Contents_of__A_Historical_Overview_
Object 616	obj616_Introduction
Object 617	obj617_The_Legend_of_Croseus_Verlac
Object 618	obj618_Rituals_of_the_Misquat_Indians
Object 619	obj619_The_Dark_Man_and_Other_Aspects
Object 620	obj620_The__Strangling_Mist__Legend
Object 621	obj621_The__Ghost_Train__Legend
Object 622	obj622_File_Room
Object 623	obj623_filing_cabinets
Object 624	obj624_keyring
Object 625	obj625_key_to_the_house
Object 626	obj626_key_to_the_cellar
Object 627	obj627_Office
Object 628	obj628_latch
Object 629	obj629_blinds
Object 630	obj630_desk
Object 631	obj631_papers
Object 632	obj632_telephone
Object 633	obj633_answering_machine
Object 634	obj634_display
Object 635	obj635_button_labeled__PLAY_
Object 636	obj636_button_labeled__DELETE_
Object 637	obj637_styrofoam_cup
Object 638	obj638_cold__murky_coffee
Object 639	obj639_drawer
Object 640	obj640_hastily_written_letter
Object 641	obj641_tarnished_bronze_key
Object 642	obj642_buzzing_sound
Object 643	obj643__con_topics_
Object 644	obj644_Anchorhead
Object 645	obj645__t_verlac_
Object 646	obj646_Danvers_Asylum
Object 647	obj647_himself
Object 648	obj648_Miskaton_University
Object 649	obj649_Michael
Object 650	obj650_lighthouse
Object 651	obj651_disaster
Object 652	obj652_paper_mill
Object 653	obj653__t_house_
Object 654	obj654_yourself
Object 655	obj655_real_estate_agent
Object 656	obj656_keys
Object 657	obj657_university_library
Object 658	obj658_your_purse
Object 659	obj659_your_wedding_ring
Object 660	obj660_Michael_s_job
Object 661	obj661_your_anniversary
Object 662	obj662_The_God_Whose_Name_May_Not_Be_Spoken
Object 663	obj663_inmates
Object 664	obj664_Dr__Timothy_Rebis
Object 665	obj665_whiskey
Object 666	obj666_red_rimmed_eyes
Object 667	obj667_maggots
Object 668	obj668_bum
Object 669	obj669_hidey_hole
Object 670	obj670_small_copper_key
Object 671	obj671_Edward_Verlac
Object 672	obj672_Mordecai_Verlac
Object 673	obj673_Anna_Verlac
Object 674	obj674_William_Verlac
Object 675	obj675_crypt
Object 676	obj676_dog_s_skeleton
Object 677	obj677_amulet
Object 678	obj678_Jeffrey_Greer
Object 679	obj679_orderly
Object 680	obj680_Charles
Object 681	obj681_name_tag
Object 682	obj682_professor
Object 683	obj683_barred_gate
Object 684	obj684_visiting_hours
Object 685	obj685_Chuck_s_boss
Object 686	obj686_porno_magazine
Object 687	obj687_light_music
Object 688	obj688_pimple
Object 689	obj689_severed_foot
Object 690	obj690_black_tome
Object 691	obj691_large_cell_key
Object 692	obj692_treats
Object 693	obj693_Croseus_Verlac
Object 694	obj694_puzzle_box
Object 695	obj695_violin
Object 696	obj696_proprietor_s_friend
Object 697	obj697_violin_music
Object 698	obj698_Heinrich_Verlac
Object 699	obj699_Elijah_Verlac
Object 700	obj700_Wilhelm_Verlac
Object 701	obj701_Eustacia_Verlac
Object 702	obj702_trinket
Object 703	obj703_geode
Object 704	obj704_tarot_cards
Object 705	obj705_Tower
Object 706	obj706_curiosities
Object 707	obj707_book
Object 708	obj708__t_frazer_
Object 709	obj709__t_horne_
Object 710	obj710__t_greene_
Object 711	obj711__t_wheldrake_
Object 712	obj712_creepy_librarian
Object 713	obj713_car
Object 714	obj714_clammy_mist
Object 715	obj715_faculty_card
Object 716	obj716_Michael_s_laptop
Object 717	obj717_secret_passage
Object 718	obj718_dreams
Object 719	obj719_mud
Object 720	obj720_Michael_s_headache
Object 721	obj721_wine_racks
Object 722	obj722_portrait
Object 723	obj723_gold_locket
Object 724	obj724_silver_locket
Object 725	obj725_proprietor
Object 726	obj726_teddy_bear
Object 727	obj727_Max
Object 728	obj728_steel_key
Object 729	obj729_safe
Object 730	obj730_newspaper_clippings
Object 731	obj731_journal
Object 732	obj732_well
Object 733	obj733_woman
Object 734	obj734_Julia_Ward_Verlac
Object 735	obj735_Sonia_Verlac
Object 736	obj736_Gertrude_Verlac
Object 737	obj737_monster
Object 738	obj738_window
Object 739	obj739_Edward_s_family
Object 740	obj740_accident
Object 741	obj741_Things_you_might_like_to_know
Object 742	obj742_About_This_Game
Object 743	obj743_About_the_Author
Object 744	obj744_Credits_and_Thank_yous
Object 745	obj745_How_to_Play_Interactive_Fiction
Object 746	obj746_Introduction
Object 747	obj747_Moving_Around
Object 748	obj748_Looking_at_Things
Object 749	obj749_Manipulating_Objects
Object 750	obj750_Communicating_With_Others
Object 751	obj751_Reading_Material
Object 752	obj752_Saving_and_Restoring
Object 753	obj753_Special_Commands
Object 754	obj754_Abbreviations
Object 755	obj755_A_Short_Tutorial
Object 756	obj756_The_Trophy_Room
Object 757	obj757_Amusing_Trivia
Object 758	obj758_Neat_Ways_to_Die
Object 759	obj759_Some_Interesting_Easter_Eggs
Object 760	obj760_Alternative_Solutions
Object 761	obj761_Significant_Dates
Object 762	obj762_Most_Bizarre_Bug_Report_Contest_
Object 763	obj763_Some_Things_Never_Change
Object 764	obj764__stub_switch_

Attribute 0	animate			! obj20__self_object_ obj44_group_of_townsfolk Michael obj121_locals obj129_cultists obj158_pale__frightened_woman obj171_monster obj178__crowd_ obj198_bum obj210__gang_ obj287_Michael obj461_Michael obj462_ghost_of_Croseus_Verlac obj520_boy obj523_robed_guards obj524_Michael obj549_proprietor obj551__orderly_ obj578__madman_ obj602_Michael obj611_creepy_librarian
Attribute 2	clothing		! obj102_trenchcoat obj103_clothes obj104_wedding_ring obj255_hooded_robe obj284_Michael_s_pants obj300_silver_locket obj357_gold_locket obj518_handcuffs obj548_amulet obj560_strait_jacket
Attribute 3	concealed		! obj6_compass obj20__self_object_ Flute_Hole obj318_first_flute_hole obj319_second_flute_hole obj320_third_flute_hole obj321_fourth_flute_hole obj322_fifth_flute_hole obj323_sixth_flute_hole obj324_seventh_flute_hole obj334_brass_sphere obj433_animal_s_skull
Attribute 4	container		! obj95__pit_ obj102_trenchcoat obj109_piles_of_cardboard_boxes obj115_outflow_pipe obj125_flask obj162_overalls obj202_old_tin obj225_old_stone_well obj228_children_s_bones obj247_wood_burning_furnace obj284_Michael_s_pants obj285_wallet obj290_bathtub obj299_jewelry_box obj300_silver_locket obj303_crib obj304_ragged_hole obj308_armchair obj313_safe obj314_puzzle_box obj336_drawer obj349_rectangular_slot obj357_gold_locket obj364_china_cupboard obj371_cabinet obj393_fuse_cabinet obj406_cardboard_box obj431_William_s_coffin obj498_rack obj511_strange_device obj545_display_case obj571_crack obj573_closet obj590_ragged_tear obj623_filing_cabinets obj637_styrofoam_cup obj639_drawer
Attribute 5	door			! obj106_real_estate_office_door obj112_transom_window obj133_gate obj138_metal_hatch obj182_office_door obj190_rusty_gate obj194_small_metal_door obj225_old_stone_well obj238_front_door obj242_trap_door obj274_front_door obj326_sliding_doors obj352_door obj361_oddly_angled_corridor obj373_back_door obj389_cellar_door obj425_iron_door obj441_rope_bridge obj445_huge_metal_door obj471_hatch obj506_massive_bronze_door obj535_rusty_hatch obj559_barred_gate Cell_Door obj566_cell_door obj575__door2_ obj579__door3_ obj583__door4_ obj586__door5_
Attribute 6	edible			! Liquid Rainwater obj55_Rainwater_1 obj56_Rainwater_2 obj57_Rainwater_3 obj58_Rainwater_4 obj59_Rainwater_5 obj60_Rainwater_6 Seawater obj62_Seawater_1 obj63_Seawater_2 obj64_Seawater_3 obj65_Seawater_4 obj66_Seawater_5 obj67_Seawater_6 Riverwater obj69_Riverwater_1 obj70_Riverwater_2 obj71_Riverwater_3 obj72_Riverwater_4 obj73_Riverwater_5 obj74_Riverwater_6 Sewerwater obj76_Sewerwater_1 obj77_Sewerwater_2 obj78_Sewerwater_3 obj79_Sewerwater_4 obj80_Sewerwater_5 obj81_Sewerwater_6 obj82_rain obj86_sea obj116_sewer_water obj126_cheap_whiskey obj193_Miskaton_River obj203_fish_oil obj514_patch_of_turbulent_water obj530_sewer_water obj638_cold__murky_coffee
Attribute 7	enterable		! obj110_garbage_can obj140_railroad_tracks obj161_threadbare_cot obj196_filthy_mattress obj215_stump obj228_children_s_bones obj282_four_poster_bed obj290_bathtub obj302_bed obj303_crib obj308_armchair obj328_wooden_chair obj457_altar obj490_block_of_heavy_equipment obj555_sofa obj601_reading_desk
Attribute 8	general			! obj633_answering_machine
Attribute 9	light			! Outdoor obj105_Outside_the_Real_Estate_Office obj107_Alley obj113_Narrow_Beach obj118_Narrow_Street obj119_Local_Pub obj123_lantern obj127_Junction obj128_Mill_Road obj130_Breakwater obj131_Entrance_to_the_Paper_Mill obj135_Bare_Foundations obj139_Railroad_Tracks obj142_Shanty_Town obj157__11_Mill_Town_Road obj164_University_Court obj166_Twisting_Lane obj169_Whateley_Bridge obj172_Town_Square obj179_torches obj181_Courthouse obj183_Courthouse_Basement obj184_Birth_Records obj185_Death_Records obj187_Side_Alley obj188_Riverwalk obj191_Under_the_Bridge obj195_Vacant_Lot obj200_Wharf obj204_Dark_Corner obj205_Asylum_Courtyard obj207_motto obj208_Chilly_Avenue obj212_Deserted_Lane obj214_Down_the_Road obj217_Trampled_Path obj218_Abandoned_Slaughterhouse obj220_Crumbled_Ruin obj224_Old_Stone_Well obj227_In_the_Well obj230_Scenic_View obj231_Home obj232_Your_Bathroom obj236_Churchyard obj240_Behind_the_Church obj270_Outside_the_House obj276_Foyer obj278_Upstairs_Landing obj279_Master_Bedroom obj289_Bathroom obj346_Observatory obj422_Path_Behind_the_House obj423_Family_Plot obj447_Burial_Mound obj463_The_Womb_of_Nehilim obj473_Mill_Floor Mill_maze obj481__m_maze1_ obj482__m_maze2_ obj483__m_maze3_ obj484__m_maze4_ obj485__m_maze5_ obj486__m_maze6_ obj488_Catwalk obj491_Workshop obj505_At_the_Foot_of_the_Lighthouse obj508_Bottom_of_the_Lighthouse obj509_Top_of_the_Lighthouse obj513_Rocky_Spur obj516_Island_of_Flesh obj525_burning_torch obj536_Outflow_Tunnel obj538_Hidden_Court obj541_The_Cauldron obj554_Waiting_Room Cell obj562__cell1_ obj570__hall1_ obj574__hall2_ obj577__cell2_ obj581__cell3_ obj582__hall3_ obj585__cell4_ obj589__cell5_ obj593_Top_of_Stairs obj594_Bottom_of_Stairs obj595_fluorescent_light obj600_reading_lamp obj607_Circulation_Desk obj622_File_Room obj627_Office
Attribute 10	lockable		! obj106_real_estate_office_door obj138_metal_hatch obj182_office_door obj194_small_metal_door obj241__padlock_ obj242_trap_door obj243_shiny_new_padlock obj274_front_door obj313_safe obj352_door obj373_back_door obj389_cellar_door obj425_iron_door obj445_huge_metal_door obj506_massive_bronze_door obj511_strange_device obj518_handcuffs obj559_barred_gate Cell_Door obj566_cell_door obj575__door2_ obj579__door3_ obj583__door4_ obj586__door5_ obj639_drawer
Attribute 11	locked			! obj106_real_estate_office_door obj133_gate obj138_metal_hatch obj182_office_door obj194_small_metal_door obj241__padlock_ obj242_trap_door obj243_shiny_new_padlock obj274_front_door obj313_safe obj352_door obj373_back_door obj389_cellar_door obj425_iron_door obj445_huge_metal_door obj471_hatch obj506_massive_bronze_door obj511_strange_device obj518_handcuffs obj559_barred_gate Cell_Door obj566_cell_door obj575__door2_ obj579__door3_ obj583__door4_ obj586__door5_ obj639_drawer
Attribute 13	on			! obj281_radiator obj330_laptop obj595_fluorescent_light obj600_reading_lamp
Attribute 14	open			! obj101_umbrella obj102_trenchcoat obj109_piles_of_cardboard_boxes obj115_outflow_pipe obj162_overalls obj225_old_stone_well obj228_children_s_bones obj284_Michael_s_pants obj290_bathtub obj303_crib obj304_ragged_hole obj308_armchair Flute_Hole obj318_first_flute_hole obj319_second_flute_hole obj320_third_flute_hole obj321_fourth_flute_hole obj322_fifth_flute_hole obj323_sixth_flute_hole obj324_seventh_flute_hole obj330_laptop obj349_rectangular_slot obj361_oddly_angled_corridor obj406_cardboard_box obj441_rope_bridge obj498_rack obj511_strange_device obj571_crack obj590_ragged_tear obj623_filing_cabinets obj637_styrofoam_cup
Attribute 15	openable		! obj90__window_ obj91_windows obj92_skylight obj101_umbrella obj106_real_estate_office_door obj109_piles_of_cardboard_boxes obj110_garbage_can obj112_transom_window obj125_flask obj133_gate obj138_metal_hatch obj182_office_door obj190_rusty_gate obj194_small_metal_door obj202_old_tin obj238_front_door obj242_trap_door obj247_wood_burning_furnace obj266_narrow_window obj274_front_door obj285_wallet obj299_jewelry_box obj300_silver_locket obj313_safe obj314_puzzle_box Flute_Hole obj318_first_flute_hole obj319_second_flute_hole obj320_third_flute_hole obj321_fourth_flute_hole obj322_fifth_flute_hole obj323_sixth_flute_hole obj324_seventh_flute_hole obj326_sliding_doors obj330_laptop obj336_drawer obj352_door obj357_gold_locket obj364_china_cupboard obj371_cabinet obj373_back_door obj389_cellar_door obj393_fuse_cabinet obj425_iron_door Coffin obj429_Edward_s_coffin obj430_Anna_s_coffin obj431_William_s_coffin obj434_Julia_s_coffin obj435_Gertrude_s_coffin obj436_Sonia_s_coffin obj445_huge_metal_door obj471_hatch obj506_massive_bronze_door obj518_handcuffs obj535_rusty_hatch obj559_barred_gate Cell_Door obj566_cell_door obj573_closet obj575__door2_ obj579__door3_ obj583__door4_ obj586__door5_ obj639_drawer
Attribute 16	proper			! obj20__self_object_ obj21__Inform_Parser_ obj22__Inform_Library_ obj28_soaking_wet obj29_covered_in_grimy_ash obj30_filthy_from_splashing_around_in_the_sewers obj31_smeared_with_smelly_fish_oil obj32_streaked_with_blood_and_gore obj36_Anchorhead Michael Shack obj145__1_Mill_Town_Road obj146__2_Mill_Town_Road obj147__3_Mill_Town_Road obj148__4_Mill_Town_Road obj149__5_Mill_Town_Road obj150__6_Mill_Town_Road obj151__7_Mill_Town_Road obj152__8_Mill_Town_Road obj153__9_Mill_Town_Road obj154__10_Mill_Town_Road obj155__11_Mill_Town_Road obj156__12_Mill_Town_Road obj284_Michael_s_pants obj287_Michael obj310__Poe_ obj312__wards_ obj337__harmonies_ Coffin obj429_Edward_s_coffin obj430_Anna_s_coffin obj431_William_s_coffin obj434_Julia_s_coffin obj435_Gertrude_s_coffin obj436_Sonia_s_coffin obj461_Michael obj524_Michael obj602_Michael obj612__greene_ obj613__horne_ obj614__wheldrake_ obj644_Anchorhead obj645__t_verlac_ obj646_Danvers_Asylum obj647_himself obj648_Miskaton_University obj649_Michael obj654_yourself obj658_your_purse obj659_your_wedding_ring obj660_Michael_s_job obj661_your_anniversary obj662_The_God_Whose_Name_May_Not_Be_Spoken obj664_Dr__Timothy_Rebis obj671_Edward_Verlac obj672_Mordecai_Verlac obj673_Anna_Verlac obj674_William_Verlac obj678_Jeffrey_Greer obj680_Charles obj684_visiting_hours obj685_Chuck_s_boss obj693_Croseus_Verlac obj698_Heinrich_Verlac obj699_Elijah_Verlac obj700_Wilhelm_Verlac obj701_Eustacia_Verlac obj708__t_frazer_ obj709__t_horne_ obj710__t_greene_ obj711__t_wheldrake_ obj716_Michael_s_laptop obj720_Michael_s_headache obj727_Max obj734_Julia_Ward_Verlac obj735_Sonia_Verlac obj736_Gertrude_Verlac obj739_Edward_s_family
Attribute 17	scenery			! CompassDirection obj7_north obj8_south obj9_east obj10_west obj11_northeast obj12_northwest obj13_southeast obj14_southwest obj15_ceiling obj16_floor obj17_outside obj18_inside Distant obj35_Miskaton obj36_Anchorhead obj37_lighthouse obj38_sea obj39_paper_mill obj40_tracks obj41_town_square obj42_church obj43_bridge obj44_group_of_townsfolk obj45_university obj46_obelisk obj47__d_crowd_ obj48_bum obj49_heath obj50_cupola obj82_rain obj83_wind obj84_sky obj85_woods obj86_sea obj87_drifting_flakes_of_ash obj88_wrought_iron_fence obj89_alley obj90__window_ obj91_windows obj92_skylight obj93_buildings obj94__street_ obj95__pit_ obj96_stairs obj97_fireplace obj98_ivy obj99_ladder obj106_real_estate_office_door obj108_wall obj109_piles_of_cardboard_boxes obj110_garbage_can obj111_fence obj112_transom_window obj114_rocky_outcroppings obj115_outflow_pipe obj116_sewer_water obj117_detritus obj120_bar obj122_table obj124_drinks obj132_paper_mill obj133_gate obj134_brick_wall obj136_rubble obj137_thickets obj138_metal_hatch obj140_railroad_tracks obj141_train obj143_row_of_dilapidated_shacks Shack obj145__1_Mill_Town_Road obj146__2_Mill_Town_Road obj147__3_Mill_Town_Road obj148__4_Mill_Town_Road obj149__5_Mill_Town_Road obj150__6_Mill_Town_Road obj151__7_Mill_Town_Road obj152__8_Mill_Town_Road obj153__9_Mill_Town_Road obj154__10_Mill_Town_Road obj155__11_Mill_Town_Road obj156__12_Mill_Town_Road obj159_shawl obj160_stove obj161_threadbare_cot obj165_library obj167_brick_wall obj168_graffiti obj170_parapets obj173_grass obj174_stone_obelisk obj175_iron_ring obj176_hieroglyphs obj177_courthouse obj178__crowd_ obj182_office_door obj186_archives obj189_low_brick_wall obj190_rusty_gate obj192_underside_of_the_bridge obj193_Miskaton_River obj194_small_metal_door obj197_chain_link_fence obj198_bum obj201_fishing_boats obj206_asylum obj207_motto obj209_clammy_mist obj213_whippoorwill obj215_stump obj216_sapling obj219_slaughterhouse obj221_footprints obj225_old_stone_well obj233_counter obj235_little_window obj237_abandoned_church obj238_front_door obj239_boards obj241__padlock_ obj242_trap_door obj247_wood_burning_furnace obj249_hatch obj251__church_stairs_ obj257_pews obj258_broken_cross obj259_stained_glass_windows obj260_pulpit obj262_illustrations obj265_square_hole obj266_narrow_window obj269_Verlac_mansion obj271_driveway obj273_brass_knocker obj274_front_door obj277_luggage obj280_sketches obj281_radiator obj282_four_poster_bed obj283_dressing_mirror obj288_dried_mud obj290_bathtub obj291_shower_attachment obj294_trap_door obj298_vanity_table obj302_bed obj303_crib obj304_ragged_hole obj306_scratches obj308_armchair obj309_bookshelves obj310__Poe_ obj311_pipe_stand obj313_safe Flute_Hole obj318_first_flute_hole obj319_second_flute_hole obj320_third_flute_hole obj321_fourth_flute_hole obj322_fifth_flute_hole obj323_sixth_flute_hole obj324_seventh_flute_hole obj325_dial obj326_sliding_doors obj328_wooden_chair obj329_desk obj331_screen obj333_mantelpiece obj335_smudges obj336_drawer obj338_walls obj345_small_hole obj347_astronomical_charts obj349_rectangular_slot obj352_door obj353_keyplate obj356_pile_of_straw obj359_pencil_marks obj361_oddly_angled_corridor obj363_dining_table obj364_china_cupboard obj365_velvet_lining obj367_C_shaped_scratch obj369_kitchen_counter obj371_cabinet obj373_back_door obj376_lamps obj377_paintings obj378_elements_of_the_paintings obj379_scene obj382_eyes obj383_sofa obj385_hand_woven_rug obj387_shelves obj389_cellar_door obj391_exposed_wires obj392_sagging_timbers obj396_wine_racks obj397_wine_bottles obj405_crates_and_boxes obj420_nasty_looking_spider_web obj424_tombstones obj425_iron_door obj427_coffins Coffin obj429_Edward_s_coffin obj430_Anna_s_coffin obj431_William_s_coffin obj434_Julia_s_coffin obj435_Gertrude_s_coffin obj436_Sonia_s_coffin obj437_nameplates obj438_roots obj441_rope_bridge obj445_huge_metal_door obj446_symbol obj448_face_carvings obj449_green_light obj450_base_of_the_obelisk Pictogram obj452_first_pictogram obj453_second_pictogram obj454_third_pictogram obj455_fourth_pictogram obj456_mummified_corpses obj457_altar Column obj459_left_hand_column obj460_right_hand_column obj467_pressure_gauge obj468_pipes obj471_hatch obj472_metal_handle obj474_control_bank obj475_lever obj476_large_red_button obj478_pulley_system obj487_mill_machinery obj489_balcony obj492_table obj494_workbenches obj506_massive_bronze_door obj507_lighthouse obj514_patch_of_turbulent_water obj515_island_of_flesh obj517_heavy_stone obj519_wooden_stake obj521_pulse obj522_island obj526_guard_s_corpse obj529_pipelines obj530_sewer_water obj532_pool obj535_rusty_hatch obj537_grating obj539_shop obj540_hanging_sign obj542_new_age_curiosities obj543_display_case obj545_display_case obj550_light_music obj552_pimple obj555_sofa obj556_potted_palm obj557_porno_magazine obj559_barred_gate Cell_Door Cell_Window obj566_cell_door obj567__window1_ obj569_tiles obj571_crack obj573_closet obj575__door2_ obj576__window2_ obj579__door3_ obj580__window3_ obj583__door4_ obj584__window4_ obj586__door5_ obj587__window5_ obj588_bloodstain obj590_ragged_tear obj595_fluorescent_light obj599_alcove obj600_reading_lamp obj601_reading_desk obj603_glasses obj604__frazer_ obj606_library_books obj608_counter obj609_dog_eared_register obj610_bell obj623_filing_cabinets obj629_blinds obj630_desk obj634_display obj635_button_labeled__PLAY_ obj636_button_labeled__DELETE_ obj639_drawer obj642_buzzing_sound
Attribute 19	static			! obj100_printed_sign obj253_railing obj295_cord obj296_rickety_wooden_ladder obj301_boy_s_picture obj334_brass_sphere obj348_telescope obj351_contraption obj358_woman_s_picture obj381_portrait obj393_fuse_cabinet obj394_fuse_plugs obj466_valve_wheel obj477_chain obj480_light obj498_rack obj510_swivel_mount obj511_strange_device obj563_padding obj628_latch
Attribute 20	supporter		! obj110_garbage_can obj120_bar obj122_table obj140_railroad_tracks obj161_threadbare_cot obj196_filthy_mattress obj215_stump obj226_wooden_cover obj233_counter obj260_pulpit obj282_four_poster_bed obj298_vanity_table obj302_bed obj309_bookshelves obj311_pipe_stand obj328_wooden_chair obj329_desk obj333_mantelpiece obj363_dining_table obj369_kitchen_counter obj383_sofa obj387_shelves obj457_altar obj466_valve_wheel obj490_block_of_heavy_equipment obj492_table obj494_workbenches obj543_display_case obj555_sofa obj601_reading_desk obj608_counter obj624_keyring obj630_desk
Attribute 21	switchable		! obj330_laptop obj370_flashlight obj595_fluorescent_light obj600_reading_lamp
Attribute 22	talkable		! obj445_huge_metal_door obj446_symbol
Attribute 23	transparent		! obj20__self_object_ Michael obj97_fireplace obj158_pale__frightened_woman obj171_monster obj174_stone_obelisk obj178__crowd_ obj198_bum obj210__gang_ obj228_children_s_bones obj234_home_pregnancy_test obj261_huge__black_tome obj287_Michael obj316_strange_metal_flute obj328_wooden_chair obj330_laptop obj334_brass_sphere obj352_door obj363_dining_table obj377_paintings obj381_portrait obj396_wine_racks obj420_nasty_looking_spider_web obj445_huge_metal_door obj450_base_of_the_obelisk obj461_Michael obj471_hatch obj474_control_bank obj490_block_of_heavy_equipment obj498_rack obj515_island_of_flesh obj524_Michael obj545_display_case obj551__orderly_ Cell_Door obj566_cell_door obj575__door2_ obj578__madman_ obj579__door3_ obj583__door4_ obj586__door5_ obj587__window5_ obj602_Michael obj632_telephone obj633_answering_machine
Attribute 26	worn			! obj102_trenchcoat obj103_clothes obj104_wedding_ring
Attribute 28	female			! obj158_pale__frightened_woman obj611_creepy_librarian
Attribute 29	neuter			! obj171_monster
Attribute 30	pluralname		! obj40_tracks obj44_group_of_townsfolk obj47__d_crowd_ obj85_woods obj87_drifting_flakes_of_ash obj91_windows obj93_buildings obj96_stairs obj103_clothes obj109_piles_of_cardboard_boxes obj110_garbage_can obj114_rocky_outcroppings obj121_locals obj129_cultists obj137_thickets obj140_railroad_tracks obj143_row_of_dilapidated_shacks obj162_overalls obj170_parapets obj176_hieroglyphs obj178__crowd_ obj179_torches obj186_archives obj201_fishing_boats obj210__gang_ obj211_weapons obj221_footprints obj228_children_s_bones obj238_front_door obj239_boards obj257_pews obj259_stained_glass_windows obj262_illustrations obj280_sketches obj284_Michael_s_pants obj306_scratches obj309_bookshelves obj326_sliding_doors obj335_smudges obj338_walls obj347_astronomical_charts obj359_pencil_marks obj376_lamps obj377_paintings obj378_elements_of_the_paintings obj382_eyes obj387_shelves obj391_exposed_wires obj392_sagging_timbers obj394_fuse_plugs obj396_wine_racks obj397_wine_bottles obj405_crates_and_boxes obj407_newspaper_clippings obj424_tombstones obj427_coffins obj437_nameplates obj438_roots obj448_face_carvings obj456_mummified_corpses obj468_pipes obj494_workbenches obj495_notes obj497_arcane_electronic_equipment obj518_handcuffs obj523_robed_guards obj529_pipelines obj542_new_age_curiosities obj569_tiles obj603_glasses obj606_library_books obj623_filing_cabinets obj629_blinds obj631_papers obj656_keys obj663_inmates obj666_red_rimmed_eyes obj667_maggots obj684_visiting_hours obj692_treats obj704_tarot_cards obj718_dreams obj721_wine_racks obj730_newspaper_clippings
Attribute 31	legible			! obj100_printed_sign obj125_flask obj176_hieroglyphs obj180_newspaper obj186_archives obj207_motto obj219_slaughterhouse obj223_tattered_drawing obj261_huge__black_tome obj272_typewritten_notice obj286_faculty_card obj305_bundle_of_soggy_pages obj309_bookshelves obj310__Poe_ obj312__wards_ obj331_screen obj337__harmonies_ obj347_astronomical_charts obj359_pencil_marks obj366_torn_journal obj384_family_album obj407_newspaper_clippings obj424_tombstones obj425_iron_door obj437_nameplates obj446_symbol obj448_face_carvings obj450_base_of_the_obelisk Pictogram obj452_first_pictogram obj453_second_pictogram obj454_third_pictogram obj455_fourth_pictogram obj467_pressure_gauge obj495_notes obj496_printed_memo obj504_blueprint obj540_hanging_sign obj553_name_tag obj557_porno_magazine obj591_torn_square_of_canvas obj604__frazer_ obj605_slip_of_paper obj606_library_books obj609_dog_eared_register obj612__greene_ obj613__horne_ obj614__wheldrake_ obj623_filing_cabinets obj625_key_to_the_house obj626_key_to_the_cellar obj631_papers obj634_display obj640_hastily_written_letter
Attribute 32	beenunlocked		! obj274_front_door obj373_back_door obj389_cellar_door
Attribute 42	converse		! obj644_Anchorhead obj645__t_verlac_ obj646_Danvers_Asylum obj647_himself obj648_Miskaton_University obj649_Michael obj650_lighthouse obj652_paper_mill obj653__t_house_ obj654_yourself obj655_real_estate_agent obj656_keys obj658_your_purse obj659_your_wedding_ring obj660_Michael_s_job obj661_your_anniversary obj662_The_God_Whose_Name_May_Not_Be_Spoken obj713_car
Attribute 43	seen			! obj101_umbrella obj102_trenchcoat obj103_clothes obj104_wedding_ring obj518_handcuffs obj560_strait_jacket obj625_key_to_the_house obj626_key_to_the_cellar

Property 1	name:dictwords
Property 2	prop2:?
Property 4	before:?
Property 5	after:?
Property 6	life:strings
Property 7	n_to:thing
Property 8	s_to:thing
Property 9	e_to:?
Property 10	w_to:?
Property 11	ne_to:thing
Property 12	se_to:thing
Property 13	nw_to:thing
Property 14	sw_to:thing
Property 15	u_to:?
Property 16	d_to:?
Property 17	in_to:?
Property 18	out_to:thing
Property 19	door_to:?
Property 20	with_key:?
Property 21	door_dir:?
Property 22	invent:?
Property 24	add_to_scope:?
Property 25	list_together:string
Property 26	react_before:?
Property 27	react_after:string
Property 29	orders:?
Property 30	initial:thing
Property 31	when_open:string
Property 35	description:?
Property 36	describe:?
Property 37	article:string
Property 38	cant_go:?
Property 39	found_in:?
Property 40	time_left:?
Property 41	number:?
Property 42	time_out:thing
Property 43	daemon:?
Property 44	each_turn:?
Property 45	capacity:?
Property 46	short_name:?
Property 48	parse_name:?
Property 50	inside_description:string
Property 51	bulk:?
Property 52	afterlook:?
Property 53	lookdir:?
Property 64	create:string
Property 66	destroy:?
Property 72	parse_input:routine
Property 73	play:routine
Property 74	end_turn_sequence:routine
Property 75	begin_action:routine
Property 76	emblazon:string
Property 77	select:string
Property 78	look_dir:string
Property 79	temper:string
Property 80	com1:?
Property 81	com2:?
Property 82	com3:?
Property 83	list_holes:string
Property 84	blowout:string
Property 85	measure:thing
Property 86	drag_away:string
Property 87	reaction:string
Property 88	hesitate:?
Property 89	stare:string

Global 0	global0:?
Global 1	global1:?
Global 2	global2:?
Global 3	global3:?
Global 4	global4:?
Global 5	global5:?
Global 6	global6:?
Global 7	global7:?
Global 8	global8:?
Global 9	global9:?
Global 10	global10:?
Global 11	global11:?
Global 12	global12:?
Global 13	global13:?
Global 14	global14:?
Global 15	global15:?
Global 16	global16:?
Global 17	global17:?
Global 18	global18:?
Global 19	global19:?
Global 20	global20:?
Global 21	global21:?
Global 22	global22:?
Global 23	global23:?
Global 24	global24:?
Global 25	global25:?
Global 26	global26:?
Global 27	global27:?
Global 28	global28:?
Global 29	global29:?
Global 30	global30:?
Global 31	global31:?
Global 32	global32:?
Global 33	global33:?
Global 34	global34:?
Global 35	global35:?
Global 36	global36:?
Global 37	global37:?
Global 38	global38:?
Global 39	global39:?
Global 40	global40:?
Global 41	global41:?
Global 42	global42:?
Global 43	global43:?
Global 44	global44:?
Global 45	global45:?
Global 46	global46:?
Global 47	global47:?
Global 48	global48:?
Global 49	global49:?
Global 50	global50:?
Global 51	global51:?
Global 52	global52:?
Global 53	global53:?
Global 54	global54:?
Global 55	global55:?
Global 56	global56:?
Global 57	global57:?
Global 58	global58:?
Global 59	global59:?
Global 60	global60:?
Global 61	global61:?
Global 62	global62:?
Global 63	global63:?
Global 64	global64:?
Global 65	global65:?
Global 66	global66:?
Global 67	global67:?
Global 68	global68:?
Global 69	global69:?
Global 70	global70:?
Global 71	global71:?
Global 72	global72:?
Global 73	global73:?
Global 74	global74:?
Global 75	global75:?
Global 76	global76:?
Global 77	global77:?
Global 78	global78:?
Global 79	global79:?
Global 80	global80:?
Global 81	global81:?
Global 82	global82:?
Global 83	global83:?
Global 84	global84:?
Global 85	global85:?
Global 86	global86:?
Global 87	global87:?
Global 88	global88:?
Global 89	global89:?
Global 90	global90:?
Global 91	global91:?
Global 92	global92:?
Global 93	global93:?
Global 94	global94:?
Global 95	global95:?
Global 96	global96:?
Global 97	global97:?
Global 98	global98:?
Global 99	global99:?
Global 100	global100:?
Global 101	global101:?
Global 102	global102:?
Global 103	global103:?
Global 104	global104:?
Global 105	global105:?
Global 106	global106:?
Global 107	global107:?
Global 108	global108:?
Global 109	global109:?
Global 110	global110:?
Global 111	global111:?
Global 112	global112:?
Global 113	global113:?
Global 114	global114:?
Global 115	global115:?
Global 116	global116:?
Global 117	global117:?
Global 118	global118:?
Global 119	global119:?
Global 120	global120:?
Global 121	global121:?
Global 122	global122:?
Global 123	global123:?
Global 124	global124:?
Global 125	global125:?
Global 126	global126:?
Global 127	global127:?
Global 128	global128:?
Global 129	global129:?
Global 130	global130:?
Global 131	global131:?
Global 132	global132:?
Global 133	global133:?
Global 134	global134:?
Global 135	global135:?
Global 136	global136:?
Global 137	global137:?
Global 138	global138:?
Global 139	global139:?
Global 140	global140:?
Global 141	global141:?
Global 142	global142:?
Global 143	global143:?
Global 144	global144:?
Global 145	global145:?
Global 146	global146:?
Global 147	global147:?
Global 148	global148:?
Global 149	global149:?
Global 150	global150:?
Global 151	global151:?
Global 152	global152:?
Global 153	global153:?
Global 154	global154:?
Global 155	global155:?
Global 156	global156:?
Global 157	global157:?
Global 158	global158:?
Global 159	global159:?
Global 160	global160:?
Global 161	global161:?
Global 162	global162:?
Global 163	global163:?
Global 164	global164:?
Global 165	global165:?
Global 166	global166:?
Global 167	global167:?
Global 168	global168:?
Global 169	global169:?
Global 170	global170:?
Global 171	global171:?
Global 172	global172:?
Global 173	global173:?
Global 174	global174:?
Global 175	global175:?
Global 176	global176:?
Global 177	global177:?
Global 178	global178:?
Global 179	global179:?
Global 180	global180:?
Global 181	global181:?
Global 182	global182:?
Global 183	global183:?
Global 184	global184:?
Global 185	global185:?
Global 186	global186:?
Global 187	global187:?
Global 188	global188:?
Global 189	global189:?
Global 190	global190:?
Global 191	global191:?
Global 192	global192:?
Global 193	global193:?
Global 194	global194:?
Global 195	global195:?
Global 196	global196:?
Global 197	global197:?
Global 198	global198:?
Global 199	global199:?
Global 200	global200:?
Global 201	global201:?
Global 202	global202:?
Global 203	global203:?
Global 204	global204:?
Global 205	global205:?
Global 206	global206:?
Global 207	global207:?
Global 208	global208:?
Global 209	global209:?
Global 210	global210:?
Global 211	global211:?
Global 212	global212:?
Global 213	global213:?
Global 214	global214:?
Global 215	global215:?
Global 216	global216:?
Global 217	global217:?
Global 218	global218:?
Global 219	global219:?
Global 220	global220:?
Global 221	global221:?
Global 222	global222:?
Global 223	global223:?
Global 224	global224:?
Global 225	global225:?
Global 226	global226:?
Global 227	global227:?
Global 228	global228:?
Global 229	global229:?
Global 230	global230:?
Global 231	global231:?
Global 232	global232:?
Global 233	global233:?
Global 234	global234:?
Global 235	global235:?
Global 236	global236:?
Global 237	global237:?
Global 238	global238:?
Global 239	global239:?

Action 0	Examine		! 'check'/'examine'/'inspect'/'watch'/'x//' noun
				! 'l//'/'look' noun=routine181448
				! 'l//'/'look' 'at' noun
				! 'l//'/'look' 'to' noun=routine181448
Action 1	Search		! 'search' noun
				! 'l//'/'look' 'inside'/'in'/'into'/'through'/'on'/'out' noun
Action 2	Climb		! 'climb'/'scale' noun
				! 'climb'/'scale' 'down'/'up'/'over'/'on'/'onto' noun
				! 'crawl'/'go'/'run'/'walk' 'down'/'up' noun
Action 3	Go		! 'leave' noun=routine181448
				! 'crawl'/'go'/'run'/'walk' noun=routine181448
Action 4	Drop		! 'let' 'go' 'of' noun
				! 'set' 'down' noun
				! 'set' noun 'down'
				! 'chuck'/'discard'/'drop'/'throw'/'toss' multiheld
				! 'lay'/'place'/'put'/'stick' 'down' multiheld
				! 'lay'/'place'/'put'/'stick' multiheld 'down'
Action 5	Sit		! 'lie'/'sit'
				! 'lie'/'sit' 'down'
				! 'lie'/'sit' 'on'/'at' noun
				! 'lie'/'sit' 'down' 'on'/'at' noun
				! 'lie'/'sit' 'in'/'inside' noun
				! 'lie'/'sit' 'down' 'in'/'on' noun
Action 6	Stand		! 'stand'
				! 'stand' 'up'
				! 'stand' 'on' noun
				! 'get' 'up'
				! 'get' 'on'/'onto' noun
Action 7	Enter		! 'hop'/'jump'/'leap'/'skip' 'in'/'on'/'onto'/'to'/'into' noun
				! 'dive'/'swim' 'in'/'into' noun
				! 'grip'/'squash'/'squeeze' 'through' noun
				! 'climb'/'scale' 'in'/'into' noun
				! 'cross'/'enter' noun
				! 'leave' 'through' noun
				! 'crawl'/'go'/'run'/'walk' noun
				! 'crawl'/'go'/'run'/'walk' 'into'/'in'/'inside'/'through'/'under' noun
				! 'get' 'in'/'into'/'inside' noun
Action 8	Insert		! 'hide' held 'in'/'under' noun
				! 'hide' multiexcept 'in'/'under' noun
				! 'chuck'/'discard'/'drop'/'throw'/'toss' multiexcept 'in'/'into'/'down' noun
				! 'insert' multiexcept 'in'/'into' noun
				! 'lay'/'place'/'put'/'stick' held 'in'/'into'/'inside'/'between' noun
				! 'lay'/'place'/'put'/'stick' multiexcept 'in'/'inside'/'into' noun
Action 9	Answer		! 'speak'
				! 'speak' topic 'to' creature
				! 'answer'/'say' topic 'to' animate
				! 'answer'/'say' topic 'to' creature
Action 10	Consult		! 'find' topic 'in'/'among' noun=routine181512
				! 'search' 'for' topic 'in'/'among' noun=routine181512
				! 'read' 'about' topic 'in' noun=routine181512
				! 'consult' noun 'about' topic
				! 'consult' noun 'on' topic
				! 'l//'/'look' 'up'/'for' topic 'in'/'among' noun=routine181512
Action 11	Lockpick	! 'jimmy' noun 'with' held
				! 'pick' noun 'with' held
Action 12	VagueLockpick	! 'jimmy' 'lock' 'with' held
				! 'pick' 'lock' 'with' held
Action 13	Pronouns	! 'nouns'/'pronouns'
Action 14	Quit		! 'die'/'q//'/'quit'
Action 15	Restart		! 'restart'
Action 16	Restore		! 'restore'/'resume'
Action 17	Save		! 'save'
Action 18	Verify		! 'verify'
Action 19	ScriptOn	! 'script'/'transcrip'
				! 'script'/'transcrip' 'on'
Action 20	ScriptOff	! 'noscript'/'unscript'
				! 'script'/'transcrip' 'off'
Action 21	NotifyOn	! 'notify' 'on'
Action 22	NotifyOff	! 'notify' 'off'
Action 23	Places		! 'places'
Action 24	Objects		! 'objects'
Action 25	Score		! 'score'
Action 26	FullScore	! 'full'/'fullscore'
				! 'full'/'fullscore' 'score'
Action 27	Inv		! 'i//'/'inv'/'inventory'
				! 'i//'/'inv'/'inventory' 'wide'
				! 'take' 'inventory'/'inv'/'i//'
Action 28	Take		! 'dangle'/'hang' 'on' 'to' noun
				! 'peel' noun
				! 'peel' 'off' noun
				! 'pick' 'up' multi
				! 'pick' multi 'up'
				! 'get' multi
				! 'carry'/'catch'/'grab'/'hold'/'hook'/'snag' multi
				! 'take' multi
Action 29	Remove		! 'unpack' multiinside 'from'/'off' noun
				! 'unpack' multi 'from'/'off' noun
				! 'remove' multiinside 'from'/'off' noun
				! 'remove' multi 'from'/'off' noun
				! 'get' multiinside 'from'/'off' noun
				! 'take' multiinside 'from'/'off' noun
Action 30	PutOn		! 'set' held 'on'/'across'/'over' noun
				! 'set' multiexcept 'on' noun
				! 'chuck'/'discard'/'drop'/'throw'/'toss' multiexcept 'on'/'onto' noun
				! 'lay'/'place'/'put'/'stick' held 'on'/'onto'/'across'/'over' noun
				! 'lay'/'place'/'put'/'stick' multiexcept 'on'/'onto' noun
Action 31	Give		! 'feed'/'give'/'hand'/'offer'/'pay' held 'to' creature
				! 'feed'/'give'/'hand'/'offer'/'pay' creature held
				! 'feed'/'give'/'hand'/'offer'/'pay' 'over' held 'to' creature
Action 32	Show		! 'display'/'present'/'show' creature held
				! 'display'/'present'/'show' held 'to' creature
Action 33	GetOff		! 'get' 'off' noun
				! 'get' 'off' 'of' noun
Action 34	Exit		! 'hop'/'jump'/'leap'/'skip' 'off' noun
				! 'hop'/'jump'/'leap'/'skip' 'out' 'of' noun
				! 'exit'/'out'/'outside'
				! 'exit'/'out'/'outside' noun
				! 'leave' noun
				! 'get' 'out'/'off'/'down'
				! 'get' 'down' 'from' noun
				! 'get' 'out'/'off'/'up'
				! 'get' 'out' 'of' noun
				! 'get' 'up' 'from' noun
Action 35	VagueGo		! 'leave'
				! 'crawl'/'go'/'run'/'walk'
Action 36	Open		! 'open'/'uncover'/'unwrap' noun
Action 37	LMode1		! 'brief'/'normal'
Action 38	LMode2		! 'long'/'verbose'
Action 39	LMode3		! 'short'/'superbrie'
Action 40	Look		! 'l//'/'look'
				! 'l//'/'look' 'around'
Action 41	LookUnder	! 'l//'/'look' 'under' noun
Action 42	Unlock		! 'unlock' noun=routine181456
				! 'unlock' noun 'with' held
				! 'open'/'uncover'/'unwrap' noun 'with' held
Action 43	Lock		! 'latch'/'lock' noun=routine181456
				! 'latch'/'lock' noun 'with' held
Action 44	SwitchOn	! 'flip'/'switch' noun
				! 'flip'/'switch' noun 'on'
				! 'flip'/'switch' 'on' noun
				! 'rotate'/'screw'/'spin'/'turn'/'twist'/'unscrew' noun 'on'
				! 'rotate'/'screw'/'spin'/'turn'/'twist'/'unscrew' 'on' noun
Action 45	SwitchOff	! 'flip'/'switch' noun 'off'
				! 'flip'/'switch' 'off' noun
				! 'rotate'/'screw'/'spin'/'turn'/'twist'/'unscrew' noun 'off'
				! 'rotate'/'screw'/'spin'/'turn'/'twist'/'unscrew' 'off' noun
				! 'close'/'cover'/'shut' 'off' noun
Action 46	Close		! 'close'/'cover'/'shut' noun
				! 'close'/'cover'/'shut' 'up' noun
Action 47	Disrobe		! 'disrobe'/'doff'/'shed' multiheld
				! 'remove' multiheld
				! 'take' 'off' multiheld
				! 'take' multiheld 'off'
Action 48	Wear		! 'lay'/'place'/'put'/'stick' held 'on'
				! 'lay'/'place'/'put'/'stick' multiheld 'on'
				! 'lay'/'place'/'put'/'stick' 'on' held
				! 'lay'/'place'/'put'/'stick' 'on' multiheld
				! 'don'/'wear' held
				! 'don'/'wear' multi
Action 49	Eat		! 'bite'/'chew'/'devour'/'eat' noun
Action 50	Yes		! 'y//'/'yes'
Action 51	No		! 'no'
Action 52	Burn		! 'burn'/'ignite'/'light' noun
				! 'burn'/'ignite'/'light' noun 'with' held
				! 'blow'/'breathe' 'up' noun
				! 'blow'/'breathe' noun 'up'
				! 'set' 'fire' 'to' noun
				! 'set' 'fire' 'to' noun 'with' held
Action 53	Pray		! 'pray'
				! 'pray' 'to' noun
Action 54	Wake		! 'awake'/'awaken'/'wake'
				! 'awake'/'awaken'/'wake' 'up'
Action 55	WakeOther	! 'awake'/'awaken'/'wake' noun
				! 'awake'/'awaken'/'wake' noun 'up'
				! 'awake'/'awaken'/'wake' 'up' noun
Action 56	Kiss		! 'feel'/'fondle'/'grope'/'touch' creature
				! 'taste' creature
				! 'embrace'/'hug'/'kiss'/'smooch' noun
Action 57	Think		! 'remember'/'think'
				! 'remember'/'think' 'about' topic
				! 'remember'/'think' topic
Action 58	Smell		! 'smell'/'sniff'
				! 'smell'/'sniff' noun
Action 59	Listen		! 'hear'/'listen'
				! 'hear'/'listen' noun
				! 'hear'/'listen' 'to' noun
Action 60	Taste		! 'taste' noun
Action 61	Touch		! 'feel'/'fondle'/'grope'/'touch' noun
Action 62	Dig		! 'dig' noun
				! 'dig' noun 'with' held
				! 'dig' 'in' noun
				! 'dig' 'in' noun 'with' held
Action 63	Cut		! 'chop'/'cut'/'prune'/'rip'/'slice'/'tear' noun
				! 'chop'/'cut'/'prune'/'rip'/'slice'/'tear' noun 'with' noun
Action 64	Jump		! 'hop'/'jump'/'leap'/'skip'
Action 65	JumpOver	! 'hop'/'jump'/'leap'/'skip' 'over' noun
Action 66	Tie		! 'affix'/'attach'/'fasten'/'fix'/'tie' noun 'to'/'on'/'onto' noun
Action 67	Drink		! 'drink'/'gulp'/'imbibe'/'sip'/'swallow' noun
Action 68	Fill		! 'fill' held 'with' noun
Action 69	Sorry		! 'sorry'
Action 70	Strong		! 'damn'/'fuck'/'shit'/'sod'
				! 'damn'/'fuck'/'shit'/'sod' topic
Action 71	Mild		! 'bother'/'curses'/'darn'/'drat'
				! 'bother'/'curses'/'darn'/'drat' topic
Action 72	Attack		! 'attack'/'break'/'crack'/'destroy'/'fight'/'hit'/'kick'/'kill'/'murder'/'punch'/'scratch'/'smash'/'strike'/'swat'/'thump'/'wreck' noun
				! 'attack'/'break'/'crack'/'destroy'/'fight'/'hit'/'kick'/'kill'/'murder'/'punch'/'scratch'/'smash'/'strike'/'swat'/'thump'/'wreck' noun 'with' held
Action 73	Swim		! 'dive'/'swim'
Action 74	Swing		! 'swing'
				! 'swing' noun
				! 'swing' 'on' noun
Action 75	Rub		! 'clean'/'dust'/'polish'/'rub'/'scrub'/'shine'/'smear'/'sweep'/'wipe' noun
				! 'clean'/'dust'/'polish'/'rub'/'scrub'/'shine'/'smear'/'sweep'/'wipe' noun 'with' held
				! 'clean'/'dust'/'polish'/'rub'/'scrub'/'shine'/'smear'/'sweep'/'wipe' held 'on'/'onto' noun
Action 76	Set		! 'adjust' noun
				! 'set' noun
Action 77	SetTo		! 'rotate'/'screw'/'spin'/'turn'/'twist'/'unscrew' noun 'to' special
				! 'adjust' noun 'to' special
				! 'set' noun 'to' special
Action 78	WaveHands	! 'wave'
				! 'wave' 'at'/'to' creature
Action 79	Wave		! 'wave' noun
				! 'wave' noun 'at' noun
Action 80	Pull		! 'drag'/'haul'/'pull'/'yank' noun
				! 'drag'/'haul'/'pull'/'yank' 'on' noun
Action 81	Push		! 'trip' creature
				! 'lean' 'on'/'against' noun
				! 'clear'/'move'/'press'/'push'/'rock'/'roll'/'shift'/'shove'/'slide' noun
				! 'clear'/'move'/'press'/'push'/'rock'/'roll'/'shift'/'shove'/'slide' noun 'with' held
Action 82	Turn		! 'rotate'/'screw'/'spin'/'turn'/'twist'/'unscrew' noun
Action 83	Squeeze		! 'grip'/'squash'/'squeeze' noun
Action 84	ThrowAt		! 'chuck'/'discard'/'drop'/'throw'/'toss' held 'at'/'against'/'on'/'onto' noun
Action 85	Ask		! 'ask' creature 'about' scope=routine181528
Action 86	Tell		! 'talk' 'about' scope=routine181528 'with' creature
				! 'talk' 'to' creature 'about' scope=routine181528
				! 'tell' creature 'about' scope=routine181528
				! 'speak' 'to' creature 'about' scope=routine181528
				! 'speak' 'about' scope=routine181528 'with' creature
Action 87	Buy		! 'buy'/'purchase' noun
Action 88	Sing		! 'chant'/'sing'
Action 89	Wait		! 'wait'/'z//'
Action 90	Sleep		! 'fall' 'asleep'
				! 'doze'/'nap'/'sleep'
				! 'crawl'/'go'/'run'/'walk' 'to' 'sleep'
Action 91	SayName		! 'ialdabaol'
				! 'speak' 'ialdabaol'
				! 'answer'/'say' 'ialdabaol'
Action 92	AskFor		! 'ask' noun=routine181584 'for'/'about' scope=routine181592
				! 'ask' creature 'for' noun
Action 95	Measure		! 'measure' noun
				! 'measure' noun 'with' held
Action 96	Pour		! 'dump'/'pour'/'spill' noun
				! 'dump'/'pour'/'spill' noun 'out'
				! 'dump'/'pour'/'spill' 'out' noun
				! 'dump'/'pour'/'spill' noun 'into'/'in'/'onto'/'on'/'over' noun
Action 97	Hello		! 'hello'/'hi'
				! 'hello'/'hi' noun
Action 98	Call		! 'call'/'dial'/'phone'/'telephone' noun
				! 'call'/'dial'/'phone'/'telephone' number
				! 'call'/'dial'/'phone'/'telephone' topic
Action 99	RightHere	! 'crawl'/'go'/'run'/'walk' 'around'/'to'/'by'/'toward'/'towards'/'near'/'behind' noun
				! 'crawl'/'go'/'run'/'walk' 'close'/'closer' 'to' noun
Action 100	Smear		! 'clean'/'dust'/'polish'/'rub'/'scrub'/'shine'/'smear'/'sweep'/'wipe' noun 'with' noun=routine181504
				! 'clean'/'dust'/'polish'/'rub'/'scrub'/'shine'/'smear'/'sweep'/'wipe' noun=routine181504 'on'/'onto' noun
				! 'lay'/'place'/'put'/'stick' noun=routine181504 'on' noun
Action 101	Bend		! 'bend'/'straighte' noun
Action 102	Raise		! 'lift'/'raise' noun
Action 103	Knock		! 'knock'/'rap' 'on'/'at' noun
Action 104	Read		! 'read' noun
Action 105	PutUnder	! 'clear'/'move'/'press'/'push'/'rock'/'roll'/'shift'/'shove'/'slide' noun 'to'/'under'/'underneat'/'beneath'/'against'/'by'/'near' noun
				! 'clear'/'move'/'press'/'push'/'rock'/'roll'/'shift'/'shove'/'slide' noun 'close'/'closer' 'to' noun
				! 'drag'/'haul'/'pull'/'yank' noun 'under'/'underneat'/'beneath' noun
				! 'drag'/'haul'/'pull'/'yank' noun 'close'/'closer' 'to' noun
				! 'lay'/'place'/'put'/'stick' noun 'under'/'underneat'/'beneath' noun
				! 'lay'/'place'/'put'/'stick' noun 'close'/'closer' 'to' noun
Action 106	Lower		! 'lower' noun
Action 107	LookBehind	! 'l//'/'look' 'behind' noun
Action 108	Empty		! 'unpack' noun
				! 'empty' noun
				! 'empty' 'out' noun
				! 'empty' noun 'out'
Action 109	Untie		! 'free'/'loosen'/'untie' noun
Action 110	PutFinger	! 'lay'/'place'/'put'/'stick' 'finger'/'fingers' 'on'/'over'/'in' multi
Action 111	Hide		! 'hide'
				! 'hide' 'in'/'among'/'under'/'behind'/'inside' noun
				! 'get' 'under' noun
Action 112	AutoUnlock	! 'unlock' beenunlocked
Action 113	VagueUnlock	! 'unlock' noun=routine181488
Action 114	TakeWith	! 'get' noun 'with' held
				! 'carry'/'catch'/'grab'/'hold'/'hook'/'snag' noun 'with' held
				! 'take' noun 'with' held
Action 115	Hang		! 'dangle'/'hang' 'from'/'off'/'on' noun
Action 116	InvTall		! 'i//'/'inv'/'inventory' 'tall'
Action 117	GoIn		! 'in'/'inside'
				! 'cross'/'enter'
Action 118	Scream		! 'cry'/'scream'/'shout'/'shriek'/'yell'
Action 119	Pack		! 'pack' noun
Action 120	LiftFinger	! 'lift'/'raise' 'finger'/'fingers' 'from'/'off' multi
				! 'lift'/'raise' 'finger'/'fingers' 'off' 'of' multi
				! 'remove' 'finger'/'fingers' 'from' multi
				! 'take' 'finger'/'fingers' 'from'/'off' multi
				! 'take' 'finger'/'fingers' 'off' 'of' multi
Action 121	Play		! 'play' noun
				! 'play' 'on' noun
				! 'blow'/'breathe' held
				! 'blow'/'breathe' 'in'/'into' noun
Action 122	Type		! 'type' topic
Action 123	Fold		! 'crease'/'fold'/'unfold' noun
Action 124	Shake		! 'jiggle'/'rattle'/'shake' held
Action 125	Extinguish	! 'extinguis'/'snuff' noun
				! 'blow'/'breathe' 'out'/'on' noun
				! 'blow'/'breathe' noun 'out'
				! 'lay'/'place'/'put'/'stick' 'out' noun
				! 'lay'/'place'/'put'/'stick' noun 'out'
Action 126	Ring		! 'ring' noun
Action 127	Version		! 'version'
Action 128	Dress		! 'dress'
				! 'get' 'dressed'
Action 129	Undress		! 'undress'
				! 'get' 'undressed'
Action 130	GoToBed		! 'crawl'/'go'/'run'/'walk' 'to' 'bed'
Action 131	AutoConsult	! 'find' topic
				! 'search' 'for' topic
				! 'read' 'about' topic
				! 'l//'/'look' 'up'/'for' topic
Action 132	AutoLock	! 'latch'/'lock' beenunlocked
Action 133	VagueTell	! 'talk' 'about' scope=routine181528
				! 'tell' 'about' scope=routine181528
				! 'speak' 'about' scope=routine181528
Action 134	VagueAskFor	! 'ask' 'for'/'about' scope=routine181592
				! 'ask' 'for' noun
Action 135	VagueAsk	! 'ask' 'about' scope=routine181528
Action 136	MainMenu	! 'about'/'author'/'credit'/'credits'/'help'/'hint'/'hints'/'menu'
Action 137	DescribeOn	! 'describe' 'on'
Action 138	DescribeOff	! 'describe' 'off'
Action 139	Bathe		! 'bathe'/'shower'
Action 140	FoolAround	! 'fool'/'mess' 'around'
				! 'fool'/'mess' 'with' noun
				! 'fool'/'mess' 'around' 'with' noun
				! 'play'
				! 'play' 'around'
				! 'play' 'with' noun
				! 'play' 'around' 'with' noun
Action 141	Fool		! 'fool'/'mess' creature
Action 142	Bury		! 'bury' held
				! 'bury' held 'in'/'under' noun
Action 143	Draw		! 'draw'/'have' noun

Word	abandoned	abandoned
Word	aberratio	aberratio
Word	academius	academius
Word	accordion	accordion
Word	americana	americana
Word	amputated	amputated
Word	amputatio	amputatio
Word	anchorhea	anchorhea
Word	animal's	animal's
Word	anniversa	anniversa
Word	answering	answering
Word	antechamb	antechamb
Word	apparitio	apparitio
Word	architect	architect
Word	arnsworth	arnsworth
Word	astrologi	astrologi
Word	astronomi	astronomi
Word	attachmen	attachmen
Word	automobil	automobil
Word	bannister	bannister
Word	barnacles	barnacles
Word	battery-	battery-
Word	belonging	belonging
Word	benson's	benson's
Word	blackhead	blackhead
Word	bloodstai	bloodstai
Word	blueprint	blueprint
Word	bookshelf	bookshelf
Word	bookshelv	bookshelv
Word	bottomles	bottomles
Word	brackhurs	brackhurs
Word	breakwate	breakwate
Word	buildings	buildings
Word	burrowing	burrowing
Word	c-shaped	c-shaped
Word	calculati	calculati
Word	calibrate	calibrate
Word	calibrati	calibrati
Word	canvasses	canvasses
Word	carbuncle	carbuncle
Word	cardboard	cardboard
Word	catastrop	catastrop
Word	cauldrons	cauldrons
Word	chain-li	chain-li
Word	character	character
Word	check-ou	check-ou
Word	cherrywoo	cherrywoo
Word	cinderblo	cinderblo
Word	circuitbo	circuitbo
Word	circulati	circulati
Word	classical	classical
Word	claudia'	claudia'
Word	claw-foo	claw-foo
Word	clippings	clippings
Word	cobblesto	cobblesto
Word	colonnade	colonnade
Word	combinati	combinati
Word	commotion	commotion
Word	component	component
Word	compresso	compresso
Word	conglomer	conglomer
Word	contrapti	contrapti
Word	conversat	conversat
Word	corruptio	corruptio
Word	counterto	counterto
Word	courthous	courthous
Word	courtyard	courtyard
Word	coveralls	coveralls
Word	creatures	creatures
Word	crumbling	crumbling
Word	cryptical	cryptical
Word	cul-de-	cul-de-
Word	curiositi	curiositi
Word	curiosity	curiosity
Word	cylindric	cylindric
Word	decapitat	decapitat
Word	depressio	depressio
Word	deschamps	deschamps
Word	dilapidat	dilapidat
Word	direction	direction
Word	dishevele	dishevele
Word	doctor's	doctor's
Word	documents	documents
Word	dog-eare	dog-eare
Word	downstair	downstair
Word	draperies	draperies
Word	edward's	edward's
Word	electroni	electroni
Word	embankmen	embankmen
Word	encyclope	encyclope
Word	equations	equations
Word	equipment	equipment
Word	everythin	everythin
Word	extinguis	extinguis
Word	fingerboa	fingerboa
Word	fingermar	fingermar
Word	fingerpri	fingerpri
Word	fireplace	fireplace
Word	fisherman	fisherman
Word	fishermen	fishermen
Word	flagstone	flagstone
Word	flashligh	flashligh
Word	flickerin	flickerin
Word	floorboar	floorboar
Word	floral-p	floral-p
Word	fluoresce	fluoresce
Word	footprint	footprint
Word	foundatio	foundatio
Word	four-pos	four-pos
Word	frightene	frightene
Word	fullscore	fullscore
Word	furniture	furniture
Word	graveston	graveston
Word	grillwork	grillwork
Word	grotesque	grotesque
Word	haermonia	haermonia
Word	hand-wov	hand-wov
Word	handcuffs	handcuffs
Word	handwriti	handwriti
Word	hardbound	hardbound
Word	hemispher	hemispher
Word	hexagonal	hexagonal
Word	hidey-ho	hidey-ho
Word	hieroglyp	hieroglyp
Word	historica	historica
Word	horizonta	horizonta
Word	hurricane	hurricane
Word	husband'	husband'
Word	hydraulic	hydraulic
Word	ialdabaol	ialdabaol
Word	identific	identific
Word	illuminat	illuminat
Word	illustrat	illustrat
Word	imaginati	imaginati
Word	imitation	imitation
Word	indicator	indicator
Word	industria	industria
Word	infant's	infant's
Word	inscripti	inscripti
Word	instituti	instituti
Word	instrumen	instrumen
Word	insulatio	insulatio
Word	inventory	inventory
Word	irregular	irregular
Word	jackstraw	jackstraw
Word	janitor'	janitor'
Word	jeffrey'	jeffrey'
Word	jewellery	jewellery
Word	kidnapper	kidnapper
Word	laborator	laborator
Word	landscape	landscape
Word	left-han	left-han
Word	lettering	lettering
Word	librarian	librarian
Word	lighthous	lighthous
Word	lightning	lightning
Word	limestone	limestone
Word	locomotiv	locomotiv
Word	lunatic'	lunatic'
Word	machinery	machinery
Word	madman's	madman's
Word	maintenan	maintenan
Word	malformed	malformed
Word	malfuncti	malfuncti
Word	mantelpie	mantelpie
Word	matchbook	matchbook
Word	mechanics	mechanics
Word	memorandu	memorandu
Word	merchandi	merchandi
Word	metempsyc	metempsyc
Word	michael'	michael'
Word	mint-gre	mint-gre
Word	moldering	moldering
Word	monstrous	monstrous
Word	moonshine	moonshine
Word	moulderin	moulderin
Word	mummified	mummified
Word	municipal	municipal
Word	nameplate	nameplate
Word	nasty-lo	nasty-lo
Word	necronomi	necronomi
Word	newspaper	newspaper
Word	nightmare	nightmare
Word	northeast	northeast
Word	northwest	northwest
Word	observati	observati
Word	observato	observato
Word	oddly-an	oddly-an
Word	old-fash	old-fash
Word	orderly'	orderly'
Word	outcroppi	outcroppi
Word	overgrown	overgrown
Word	overstuff	overstuff
Word	overturne	overturne
Word	overweigh	overweigh
Word	paintings	paintings
Word	palm-siz	palm-siz
Word	paperweig	paperweig
Word	paperwork	paperwork
Word	partially	partially
Word	passagewa	passagewa
Word	pavestone	pavestone
Word	pentagram	pentagram
Word	person's	person's
Word	phosphore	phosphore
Word	photograp	photograp
Word	pictogram	pictogram
Word	picture-	picture-
Word	pipelines	pipelines
Word	pipestand	pipestand
Word	pitchfork	pitchfork
Word	place-ho	place-ho
Word	pockmarke	pockmarke
Word	pornograp	pornograp
Word	possessed	possessed
Word	powerbook	powerbook
Word	precision	precision
Word	pregnancy	pregnancy
Word	primitive	primitive
Word	printouts	printouts
Word	professor	professor
Word	proprieto	proprieto
Word	radiation	radiation
Word	rainwater	rainwater
Word	receptacl	receptacl
Word	rectangle	rectangle
Word	rectangul	rectangul
Word	red-rimm	red-rimm
Word	reflectio	reflectio
Word	refrigera	refrigera
Word	reinforce	reinforce
Word	reinforci	reinforci
Word	relations	relations
Word	relatives	relatives
Word	religious	religious
Word	reservoir	reservoir
Word	right-ha	right-ha
Word	righteous	righteous
Word	sacrifici	sacrifici
Word	sauvignon	sauvignon
Word	schematic	schematic
Word	scratches	scratches
Word	screaming	screaming
Word	scribbled	scribbled
Word	september	september
Word	servitors	servitors
Word	seventeen	seventeen
Word	shopkeepe	shopkeepe
Word	shoreline	shoreline
Word	showerhea	showerhea
Word	sidestree	sidestree
Word	silhouett	silhouett
Word	slaughter	slaughter
Word	smokestac	smokestac
Word	southeast	southeast
Word	southwest	southwest
Word	space-ti	space-ti
Word	spectacle	spectacle
Word	spraypain	spraypain
Word	stained-	stained-
Word	stainless	stainless
Word	staircase	staircase
Word	stairwell	stairwell
Word	stonework	stonework
Word	straighte	straighte
Word	structure	structure
Word	styrofoam	styrofoam
Word	suitcases	suitcases
Word	superbrie	superbrie
Word	superstit	superstit
Word	superviso	superviso
Word	switchbac	switchbac
Word	tarnished	tarnished
Word	technical	technical
Word	telephone	telephone
Word	telescope	telescope
Word	tentacles	tentacles
Word	testament	testament
Word	threadbar	threadbar
Word	threateni	threateni
Word	three-fo	three-fo
Word	threshold	threshold
Word	throbbing	throbbing
Word	timothy'	timothy'
Word	tombstone	tombstone
Word	torchligh	torchligh
Word	townsfolk	townsfolk
Word	transcrip	transcrip
Word	transduct	transduct
Word	trashcans	trashcans
Word	trenchcoa	trenchcoa
Word	triangula	triangula
Word	turbulenc	turbulenc
Word	turbulent	turbulent
Word	typewritt	typewritt
Word	uncomfort	uncomfort
Word	underbrus	underbrus
Word	undergrou	undergrou
Word	undergrow	undergrow
Word	underneat	underneat
Word	underside	underside
Word	undressed	undressed
Word	universit	universit
Word	upholster	upholster
Word	utilitari	utilitari
Word	velvet-l	velvet-l
Word	verdigris	verdigris
Word	verlac's	verlac's
Word	vestibule	vestibule
Word	vibrating	vibrating
Word	vibration	vibration
Word	villagers	villagers
Word	wallpaper	wallpaper
Word	waterproo	waterproo
Word	weathered	weathered
Word	wheldrake	wheldrake
Word	whippoorw	whippoorw
Word	whirlpool	whirlpool
Word	white-wa	white-wa
Word	whitewash	whitewash
Word	william'	william'
Word	wood-bur	wood-bur
Word	workbench	workbench
Word	worktable	worktable
Word	worm-eat	worm-eat

Routine 0xfe18	routine65048:?
Routine 0xfe20	routine65056:?
Routine 0xfe30	routine65072:?
Routine 0xfe90	routine65168:?
Routine 0xfec0	routine65216:?
Routine 0xff18	routine65304:?
Routine 0xff48	routine65352:?
Routine 0xff50	routine65360:?
Routine 0xff78	routine65400:?
Routine 0x10018	routine65560:?
Routine 0x101f0	routine66032:?
Routine 0x10228	routine66088:?
Routine 0x10268	routine66152:?
Routine 0x10298	routine66200:?
Routine 0x102c8	routine66248:?
Routine 0x102f8	routine66296:?
Routine 0x10328	routine66344:?
Routine 0x10340	routine66368:?
Routine 0x10378	routine66424:?
Routine 0x103b8	routine66488:?
Routine 0x103c8	routine66504:?
Routine 0x122a8	routine74408:?
Routine 0x122b8	routine74424:?
Routine 0x122c8	routine74440:?
Routine 0x122d8	routine74456:?
Routine 0x122e8	routine74472:?
Routine 0x12308	routine74504:?
Routine 0x12398	routine74648:?
! References: obj21__Inform_Parser_.parse_input
Routine 0x123b0	routine74672:?
Routine 0x123b8	routine74680:?
Routine 0x125a0	routine75168:?
Routine 0x12cf0	routine77040:?
Routine 0x12d20	routine77088:?
Routine 0x12d40	routine77120:?
Routine 0x12e88	routine77448:?
Routine 0x12ea0	routine77472:?
Routine 0x12ef0	routine77552:?
Routine 0x13348	routine78664:?
Routine 0x13828	routine79912:?
Routine 0x13af0	routine80624:?
Routine 0x13bc0	routine80832:?
Routine 0x13d20	routine81184:?
Routine 0x13d68	routine81256:?
Routine 0x13e48	routine81480:?
Routine 0x13ec0	routine81600:?
Routine 0x13f30	routine81712:?
Routine 0x13f68	routine81768:?
Routine 0x13fb8	routine81848:?
Routine 0x13fe0	routine81888:?
Routine 0x14000	routine81920:?
Routine 0x14030	routine81968:?
Routine 0x140d0	routine82128:?
Routine 0x140e8	routine82152:?
Routine 0x14108	routine82184:?
Routine 0x14180	routine82304:?
Routine 0x141b0	routine82352:?
Routine 0x14298	routine82584:?
Routine 0x142c0	routine82624:?
Routine 0x14310	routine82704:?
Routine 0x14430	routine82992:?
Routine 0x14488	routine83080:?
Routine 0x144b8	routine83128:?
Routine 0x144e8	routine83176:?
Routine 0x14530	routine83248:?
Routine 0x14580	routine83328:?
Routine 0x14598	routine83352:?
Routine 0x145b0	routine83376:?
Routine 0x145c0	routine83392:?
Routine 0x146c0	routine83648:?
Routine 0x146c8	routine83656:?
Routine 0x14710	routine83728:?
Routine 0x14728	routine83752:?
Routine 0x14740	routine83776:?
Routine 0x14760	routine83808:?
Routine 0x147c0	PronounsSub:?
Routine 0x14870	routine84080:?
Routine 0x148a8	routine84136:?
Routine 0x148d8	routine84184:?
Routine 0x148e0	routine84192:?
Routine 0x14910	routine84240:?
! References: obj22__Inform_Library_.play
Routine 0x14978	routine84344:?
! References: obj22__Inform_Library_.end_turn_sequence
Routine 0x14d30	routine85296:?
! References: obj22__Inform_Library_.begin_action
Routine 0x14de0	routine85472:?
Routine 0x14e28	routine85544:?
Routine 0x14e48	routine85576:?
Routine 0x14e78	routine85624:?
Routine 0x14ec0	routine85696:?
Routine 0x14f00	routine85760:?
Routine 0x14f48	routine85832:?
Routine 0x14f88	routine85896:?
Routine 0x14f98	routine85912:?
Routine 0x14fc0	routine85952:?
Routine 0x15020	routine86048:?
Routine 0x15040	routine86080:?
Routine 0x15068	routine86120:?
Routine 0x15078	routine86136:?
Routine 0x150d8	routine86232:?
Routine 0x15110	routine86288:?
Routine 0x15168	routine86376:?
Routine 0x15190	routine86416:?
Routine 0x151b0	routine86448:?
Routine 0x151c8	routine86472:?
Routine 0x151e8	routine86504:?
Routine 0x15230	routine86576:?
Routine 0x15288	routine86664:?
Routine 0x15310	routine86800:?
Routine 0x15388	routine86920:?
Routine 0x15450	routine87120:?
Routine 0x154f8	routine87288:?
Routine 0x156e8	routine87784:?
Routine 0x157a8	routine87976:?
Routine 0x15838	routine88120:?
Routine 0x15878	routine88184:?
Routine 0x158a0	routine88224:?
Routine 0x158c8	routine88264:?
Routine 0x158e0	routine88288:?
Routine 0x158e8	routine88296:?
Routine 0x15918	routine88344:?
Routine 0x15938	routine88376:?
Routine 0x15968	routine88424:?
Routine 0x159e8	VersionSub:?
Routine 0x15a70	routine88688:?
Routine 0x15aa0	PlacesSub:?
Routine 0x15aa8	ObjectsSub:?
Routine 0x15ab0	routine88752:?
