! Auto-generated by Reform.

MD5	f2cb8f94a7e8df3b850a758da26fa387

Object 1	Class
Object 2	Object
Object 3	Routine
Object 4	String
Object 5	CompassDirection
Object 6	obj6_compass
Object 7	obj7_north_wall
Object 8	obj8_south_wall
Object 9	obj9_east_wall
Object 10	obj10_west_wall
Object 11	obj11_northeast_wall
Object 12	obj12_northwest_wall
Object 13	obj13_southeast_wall
Object 14	obj14_southwest_wall
Object 15	obj15_ceiling
Object 16	obj16_floor
Object 17	obj17_outside
Object 18	obj18_inside
Object 19	obj19__darkness_object_
Object 20	obj20__self_object_
Object 21	obj21__Inform_Parser_
Object 22	obj22__Inform_Library_6_3_
Object 23	obj23__LibraryMessages_
Object 24	FeaturelessCube
Object 25	obj25_magic_burin
Object 26	Spell
Object 27	obj27__memory_
Object 28	obj28__gnusto_spell_
Object 29	SpellBook
Object 30	Scroll
Object 31	Question
Object 32	obj32__32_
Object 33	obj33__33_
Object 34	obj34__34_
Object 35	obj35__35_
Object 36	obj36__36_
Object 37	obj37__37_
Object 38	obj38__38_
Object 39	Coin
Object 40	GoldCoin
Object 41	SilverCoin
Object 42	BronzeCoin
Object 43	obj43__players_coin_
Object 44	obj44_spell_book
Object 45	obj45__frotz_spell_
Object 46	obj46__rezrov_spell_
Object 47	obj47__yomin_spell_
Object 48	Place
Object 49	obj49_Ramshackle_Hut
Object 50	obj50_wooden_furniture
Object 51	obj51_cedarwood_box
Object 52	obj52_Helistar_s_grimoire
Object 53	obj53_Grasslands__near_Hut
Object 54	obj54_Pocket_Valley
Object 55	obj55_horse
Object 56	obj56_pile_of_oats
Object 57	obj57_shiny_scroll
Object 58	obj58__bozbar_spell_
Object 59	obj59_Edge_of_Chasm
Object 60	obj60_hissing_snake
Object 61	obj61_cube
Object 62	obj62_Crest_of_Hill
Object 63	obj63_tortoise
Object 64	obj64_torn_scroll
Object 65	obj65__lobal_spell_
Object 66	obj66_chewed_scroll
Object 67	obj67_tortoise_feather
Object 68	obj68_Cave_Mouth
Object 69	obj69_iron_door
Object 70	obj70_perfect_sapphire
Object 71	obj71__caskly_spell_
Object 72	obj72_Inside_Cave
Object 73	obj73_cube
Object 74	obj74_pair_of_scales
Object 75	ScalePan
Object 76	obj76_right_pan
Object 77	obj77__77_
Object 78	obj78__78_
Object 79	obj79__79_
Object 80	obj80_left_pan
Object 81	obj81__bronze_coin_
Object 82	obj82__82_
Object 83	obj83__83_
Object 84	obj84_crumpled_scroll
Object 85	obj85__urbzig_spell_
Object 86	obj86_buck_toothed_cyclops
Object 87	obj87_mace
Object 88	obj88_cube
Object 89	obj89_Gorse_Bushes
Object 90	obj90_beautiful_red_carpet
Object 91	Ticket
Object 92	obj92_Ticket_1
Object 93	obj93_Ticket_2
Object 94	obj94_Ticket_3
Object 95	obj95_Ticket_4
Object 96	obj96_Ticket_5
Object 97	obj97_Ticket_6
Object 98	obj98_Ticket_7
Object 99	obj99_Crowded_Bazaar
Object 100	obj100_lottery_board
Object 101	obj101_rolled_up_ticket_from_the_board
Object 102	obj102_barker
Object 103	obj103_prizes
Object 104	obj104_prize_elephant
Object 105	obj105_prize_cube
Object 106	obj106_cuddly_toy_elephant
Object 107	obj107_cube
Object 108	obj108__lleps_spell_
Object 109	obj109__mortin_spell_
Object 110	obj110_Boneyard
Object 111	obj111_worthless_scroll
Object 112	obj112__filfre_spell_
Object 113	obj113_Track__outside_Temple
Object 114	obj114_cubical_Temple
Object 115	obj115_Balance_Room
Object 116	obj116_image_of_the_scales
Object 117	obj117_dusty_podium
Object 118	obj118_podium
Object 119	obj119_two_by_two_square
Object 120	Socket
Object 121	obj121_bottom_left_socket
Object 122	obj122_top_left_socket
Object 123	obj123_bottom_right_socket
Object 124	obj124_top_right_socket

Attribute 0	animate			! obj20__self_object_ obj55_horse obj60_hissing_snake obj63_tortoise obj86_buck_toothed_cyclops obj102_barker
Attribute 3	concealed		! obj6_compass obj20__self_object_
Attribute 4	container		! obj51_cedarwood_box obj100_lottery_board Socket obj121_bottom_left_socket obj122_top_left_socket obj123_bottom_right_socket obj124_top_right_socket
Attribute 5	door			! obj69_iron_door
Attribute 7	enterable		! obj90_beautiful_red_carpet
Attribute 9	light			! Place obj49_Ramshackle_Hut obj53_Grasslands__near_Hut obj54_Pocket_Valley obj59_Edge_of_Chasm obj62_Crest_of_Hill obj68_Cave_Mouth obj89_Gorse_Bushes obj99_Crowded_Bazaar obj110_Boneyard obj113_Track__outside_Temple obj115_Balance_Room
Attribute 10	lockable		! obj51_cedarwood_box obj69_iron_door
Attribute 11	locked			! obj51_cedarwood_box obj69_iron_door
Attribute 14	open			! obj100_lottery_board Socket obj121_bottom_left_socket obj122_top_left_socket obj123_bottom_right_socket obj124_top_right_socket
Attribute 15	openable		! obj51_cedarwood_box obj69_iron_door
Attribute 16	proper			! obj20__self_object_ obj21__Inform_Parser_ obj22__Inform_Library_6_3_ obj52_Helistar_s_grimoire
Attribute 17	scenery			! CompassDirection obj7_north_wall obj8_south_wall obj9_east_wall obj10_west_wall obj11_northeast_wall obj12_northwest_wall obj13_southeast_wall obj14_southwest_wall obj15_ceiling obj16_floor obj17_outside obj18_inside obj50_wooden_furniture obj56_pile_of_oats ScalePan obj76_right_pan obj80_left_pan obj102_barker obj103_prizes obj104_prize_elephant obj105_prize_cube
Attribute 18	scored			! FeaturelessCube obj61_cube obj73_cube obj88_cube obj107_cube
Attribute 19	static			! obj69_iron_door obj74_pair_of_scales obj100_lottery_board obj114_cubical_Temple obj116_image_of_the_scales obj117_dusty_podium obj118_podium obj119_two_by_two_square Socket obj121_bottom_left_socket obj122_top_left_socket obj123_bottom_right_socket obj124_top_right_socket
Attribute 20	supporter		! obj74_pair_of_scales ScalePan obj76_right_pan obj80_left_pan obj90_beautiful_red_carpet obj118_podium
Attribute 23	transparent		! obj20__self_object_ obj86_buck_toothed_cyclops
Attribute 33	is_spell		! Spell obj28__gnusto_spell_ obj45__frotz_spell_ obj46__rezrov_spell_ obj47__yomin_spell_ obj58__bozbar_spell_ obj65__lobal_spell_ obj71__caskly_spell_ obj85__urbzig_spell_ obj108__lleps_spell_ obj109__mortin_spell_ obj112__filfre_spell_
Attribute 34	is_coin			! Coin GoldCoin SilverCoin BronzeCoin obj43__players_coin_ obj77__77_ obj78__78_ obj79__79_ obj81__bronze_coin_ obj82__82_ obj83__83_

Property 1	name:dictwords
Property 2	prop2:?
Property 4	before:?
Property 5	after:string
Property 6	life:string
Property 7	n_to:thing
Property 8	s_to:?
Property 9	e_to:thing
Property 10	w_to:thing
Property 12	se_to:?
Property 13	nw_to:?
Property 15	u_to:?
Property 16	d_to:?
Property 17	in_to:?
Property 18	out_to:?
Property 19	door_to:?
Property 21	door_dir:thing
Property 22	invent:string
Property 23	plural:string
Property 29	orders:?
Property 30	initial:thing
Property 35	description:thing
Property 36	describe:?
Property 37	article:string
Property 38	cant_go:string
Property 39	found_in:?
Property 40	time_left:?
Property 41	number:?
Property 42	time_out:string
Property 43	daemon:string
Property 44	each_turn:?
Property 45	capacity:?
Property 46	short_name:?
Property 48	parse_name:?
Property 72	parse_input:routine
Property 73	play:routine
Property 74	end_turn_sequence:routine
Property 75	begin_action:routine
Property 76	baptise:string
Property 77	word_name:dictword
Property 78	specification:?
Property 79	number_known:?
Property 80	describe_contents:string
Property 81	learn_spell:string
Property 82	forget_spell:string
Property 83	purpose:string
Property 84	magic:?
Property 85	array_of_spells:?
Property 86	unmagic:string
Property 87	credit:?

Global 0	global0:?
Global 1	global1:?
Global 2	global2:?
Global 3	global3:?
Global 4	global4:?
Global 5	global5:?
Global 6	global6:?
Global 7	global7:?
Global 8	global8:?
Global 9	global9:?
Global 10	global10:?
Global 11	global11:?
Global 12	global12:?
Global 13	global13:?
Global 14	global14:?
Global 15	global15:?
Global 16	global16:?
Global 17	global17:?
Global 18	global18:?
Global 19	global19:?
Global 20	global20:?
Global 21	global21:?
Global 22	global22:?
Global 23	global23:?
Global 24	global24:?
Global 25	global25:?
Global 26	global26:?
Global 27	global27:?
Global 28	global28:?
Global 29	global29:?
Global 30	global30:?
Global 31	global31:?
Global 32	global32:?
Global 33	global33:?
Global 34	global34:?
Global 35	global35:?
Global 36	global36:?
Global 37	global37:?
Global 38	global38:?
Global 39	global39:?
Global 40	global40:?
Global 41	global41:?
Global 42	global42:?
Global 43	global43:?
Global 44	global44:?
Global 45	global45:?
Global 46	global46:?
Global 47	global47:?
Global 48	global48:?
Global 49	global49:?
Global 50	global50:?
Global 51	global51:?
Global 52	global52:?
Global 53	global53:?
Global 54	global54:?
Global 55	global55:?
Global 56	global56:?
Global 57	global57:?
Global 58	global58:?
Global 59	global59:?
Global 60	global60:?
Global 61	global61:?
Global 62	global62:?
Global 63	global63:?
Global 64	global64:?
Global 65	global65:?
Global 66	global66:?
Global 67	global67:?
Global 68	global68:?
Global 69	global69:?
Global 70	global70:?
Global 71	global71:?
Global 72	global72:?
Global 73	global73:?
Global 74	global74:?
Global 75	global75:?
Global 76	global76:?
Global 77	global77:?
Global 78	global78:?
Global 79	global79:?
Global 80	global80:?
Global 81	global81:?
Global 82	global82:?
Global 83	global83:?
Global 84	global84:?
Global 85	global85:?
Global 86	global86:?
Global 87	global87:?
Global 88	global88:?
Global 89	global89:?
Global 90	global90:?
Global 91	global91:?
Global 92	global92:?
Global 93	global93:?
Global 94	global94:?
Global 95	global95:?
Global 96	global96:?
Global 97	global97:?
Global 98	global98:?
Global 99	global99:?
Global 100	global100:?
Global 101	global101:?
Global 102	global102:?
Global 103	global103:?
Global 104	global104:?
Global 105	global105:?
Global 106	global106:?
Global 107	global107:?
Global 108	global108:?
Global 109	global109:?
Global 110	global110:?
Global 111	global111:?
Global 112	global112:?
Global 113	global113:?
Global 114	global114:?
Global 115	global115:?
Global 116	global116:?
Global 117	global117:?
Global 118	global118:?
Global 119	global119:?
Global 120	global120:?
Global 121	global121:?
Global 122	global122:?
Global 123	global123:?
Global 124	global124:?
Global 125	global125:?
Global 126	global126:?
Global 127	global127:?
Global 128	global128:?
Global 129	global129:?
Global 130	global130:?
Global 131	global131:?
Global 132	global132:?
Global 133	global133:?
Global 134	global134:?
Global 135	global135:?
Global 136	global136:?
Global 137	global137:?
Global 138	global138:?
Global 139	global139:?
Global 140	global140:?
Global 141	global141:?
Global 142	global142:?
Global 143	global143:?
Global 144	global144:?
Global 145	global145:?
Global 146	global146:?
Global 147	global147:?
Global 148	global148:?
Global 149	global149:?
Global 150	global150:?
Global 151	global151:?
Global 152	global152:?
Global 153	global153:?
Global 154	global154:?
Global 155	global155:?
Global 156	global156:?
Global 157	global157:?
Global 158	global158:?
Global 159	global159:?
Global 160	global160:?
Global 161	global161:?
Global 162	global162:?
Global 163	global163:?
Global 164	global164:?
Global 165	global165:?
Global 166	global166:?
Global 167	global167:?
Global 168	global168:?
Global 169	global169:?
Global 170	global170:?
Global 171	global171:?
Global 172	global172:?
Global 173	global173:?
Global 174	global174:?
Global 175	global175:?
Global 176	global176:?
Global 177	global177:?
Global 178	global178:?
Global 179	global179:?
Global 180	global180:?
Global 181	global181:?
Global 182	global182:?
Global 183	global183:?
Global 184	global184:?
Global 185	global185:?
Global 186	global186:?
Global 187	global187:?
Global 188	global188:?
Global 189	global189:?
Global 190	global190:?
Global 191	global191:?
Global 192	global192:?
Global 193	global193:?
Global 194	global194:?
Global 195	global195:?
Global 196	global196:?
Global 197	global197:?
Global 198	global198:?
Global 199	global199:?
Global 200	global200:?
Global 201	global201:?
Global 202	global202:?
Global 203	global203:?
Global 204	global204:?
Global 205	global205:?
Global 206	global206:?
Global 207	global207:?
Global 208	global208:?
Global 209	global209:?
Global 210	global210:?
Global 211	global211:?
Global 212	global212:?
Global 213	global213:?
Global 214	global214:?
Global 215	global215:?
Global 216	global216:?
Global 217	global217:?
Global 218	global218:?
Global 219	global219:?
Global 220	global220:?
Global 221	global221:?
Global 222	global222:?
Global 223	global223:?
Global 224	global224:?
Global 225	global225:?
Global 226	global226:?
Global 227	global227:?
Global 228	global228:?
Global 229	global229:?
Global 230	global230:?
Global 231	global231:?
Global 232	global232:?
Global 233	global233:?
Global 234	global234:?
Global 235	global235:?
Global 236	global236:?
Global 237	global237:?
Global 238	global238:?
Global 239	global239:?

Action 0	Pronouns	! 'nouns'/'pronouns'
Action 1	Quit		! 'die'/'q//'/'quit'
Action 2	Restart		! 'restart'
Action 3	Restore		! 'restore'
Action 4	Save		! 'save'
Action 5	Verify		! 'verify'
Action 6	ScriptOn	! 'script'
				! 'script' 'on'
Action 7	ScriptOff	! 'noscript'/'unscript'
				! 'script' 'off'
Action 8	NotifyOn	! 'notify' 'on'
Action 9	NotifyOff	! 'notify' 'off'
Action 10	Places		! 'places'
Action 11	Objects		! 'objects'
Action 12	Score		! 'score'
Action 13	FullScore	! 'full'/'fullscore'
				! 'full'/'fullscore' 'score'
Action 14	Inv		! 'i//'/'inv'/'inventory'
				! 'carry'/'get'/'hold'/'take' 'inventory'
Action 15	Take		! 'peel' noun
				! 'peel' 'off' noun
				! 'remove' multi
				! 'pick' 'up' multi
				! 'pick' multi 'up'
				! 'carry'/'get'/'hold'/'take' multi
Action 16	Drop		! 'discard'/'drop'/'throw' multiheld
				! 'put' 'down' multiheld
				! 'put' multiheld 'down'
Action 17	Remove		! 'remove' multiinside 'from' noun
				! 'carry'/'get'/'hold'/'take' multiinside 'from'/'off' noun
Action 18	PutOn		! 'discard'/'drop'/'throw' multiexcept 'on'/'onto' noun
				! 'put' multiexcept 'on'/'onto' noun
Action 19	Insert		! 'discard'/'drop'/'throw' multiexcept 'in'/'into'/'down' noun
				! 'insert' multiexcept 'in'/'into' noun
				! 'put' multiexcept 'in'/'inside'/'into' noun
Action 20	Transfer	! 'clear'/'move'/'press'/'push'/'shift' noun 'to' noun
				! 'transfer' noun 'to' noun
Action 21	EmptyT		! 'empty' noun 'to'/'into'/'on'/'onto' noun
Action 22	Give		! 'feed'/'give'/'offer'/'pay' held 'to' creature
				! 'feed'/'give'/'offer'/'pay' creature held
				! 'feed'/'give'/'offer'/'pay' 'over' held 'to' creature
Action 23	Show		! 'display'/'present'/'show' creature held
				! 'display'/'present'/'show' held 'to' creature
Action 24	Enter		! 'mount'/'ride'/'straddle' noun
				! 'lie'/'sit' 'on' 'top' 'of' noun
				! 'lie'/'sit' 'on'/'in'/'inside' noun
				! 'cross'/'enter' noun
				! 'leave' 'into'/'in'/'inside'/'through' noun
				! 'go'/'run'/'walk' noun
				! 'go'/'run'/'walk' 'into'/'in'/'inside'/'through' noun
				! 'stand' 'on' noun
				! 'carry'/'get'/'hold'/'take' 'in'/'into'/'on'/'onto' noun
Action 25	GetOff		! 'carry'/'get'/'hold'/'take' 'off' noun
Action 26	Exit		! 'exit'/'out'/'outside'
				! 'leave' noun
				! 'stand'
				! 'stand' 'up'
				! 'carry'/'get'/'hold'/'take' 'out'/'off'/'up'
Action 27	VagueGo		! 'leave'
				! 'go'/'run'/'walk'
Action 28	Go		! 'leave' noun=routine64288
				! 'go'/'run'/'walk' noun=routine64288
Action 29	LMode1		! 'brief'/'normal'
Action 30	LMode2		! 'long'/'verbose'
Action 31	LMode3		! 'short'/'superbrie'
Action 32	Look		! 'l//'/'look'
Action 33	Examine		! 'read' noun
				! 'check'/'describe'/'examine'/'watch'/'x//' scope=routine49652
				! 'check'/'describe'/'examine'/'watch'/'x//' noun
				! 'l//'/'look' 'at' noun
Action 34	LookUnder	! 'l//'/'look' 'under' noun
Action 35	Search		! 'search' noun
				! 'l//'/'look' 'inside'/'in'/'into'/'through' noun
Action 36	Unlock		! 'unlock' noun 'with' held
				! 'open'/'uncover'/'undo'/'unwrap' noun 'with' held
Action 37	Lock		! 'lock' noun 'with' held
Action 38	SwitchOn	! 'switch' noun
				! 'switch' noun 'on'
				! 'switch' 'on' noun
				! 'rotate'/'screw'/'turn'/'twist'/'unscrew' noun 'on'
				! 'rotate'/'screw'/'turn'/'twist'/'unscrew' 'on' noun
Action 39	SwitchOff	! 'switch' noun 'off'
				! 'switch' 'off' noun
				! 'rotate'/'screw'/'turn'/'twist'/'unscrew' noun 'off'
				! 'rotate'/'screw'/'turn'/'twist'/'unscrew' 'off' noun
				! 'close'/'cover'/'shut' 'off' noun
Action 40	Open		! 'open'/'uncover'/'undo'/'unwrap' noun
Action 41	Close		! 'close'/'cover'/'shut' noun
				! 'close'/'cover'/'shut' 'up'
Action 42	Disrobe		! 'disrobe'/'doff'/'shed' held
				! 'remove' held
				! 'carry'/'get'/'hold'/'take' 'off' worn
Action 43	Wear		! 'put' 'on' held
				! 'don'/'wear' held
Action 44	Eat		! 'eat' held
Action 45	Yes		! 'y//'/'yes'
Action 46	No		! 'no'
Action 47	Burn		! 'burn'/'light' noun
				! 'burn'/'light' noun 'with' held
Action 48	Pray		! 'pray'
Action 49	Wake		! 'awake'/'awaken'/'wake'
				! 'awake'/'awaken'/'wake' 'up'
Action 50	WakeOther	! 'awake'/'awaken'/'wake' creature
				! 'awake'/'awaken'/'wake' creature 'up'
				! 'awake'/'awaken'/'wake' 'up' creature
Action 51	Kiss		! 'embrace'/'hug'/'kiss' creature
Action 52	Think		! 'think'
Action 53	Smell		! 'smell'/'sniff'
				! 'smell'/'sniff' noun
Action 54	Listen		! 'hear'/'listen'
				! 'hear'/'listen' noun
				! 'hear'/'listen' 'to' noun
Action 55	Taste		! 'taste' noun
Action 56	Touch		! 'feel'/'fondle'/'grope'/'touch' noun
Action 57	Dig		! 'dig' noun
				! 'dig' noun 'with' held
Action 58	Cut		! 'chop'/'cut'/'prune'/'slice' noun
Action 59	Jump		! 'hop'/'jump'/'skip'
Action 60	JumpOver	! 'hop'/'jump'/'skip' 'over' noun
Action 61	Tie		! 'attach'/'fasten'/'fix'/'tie' noun
				! 'attach'/'fasten'/'fix'/'tie' noun 'to' noun
Action 62	Drink		! 'drink'/'sip'/'swallow' noun
Action 63	Fill		! 'fill' noun
Action 64	Sorry		! 'sorry'
Action 65	Strong		! 'damn'/'fuck'/'shit'/'sod'
				! 'damn'/'fuck'/'shit'/'sod' topic
Action 66	Mild		! 'bother'/'curses'/'darn'/'drat'
				! 'bother'/'curses'/'darn'/'drat' topic
Action 67	Attack		! 'attack'/'break'/'crack'/'destroy'/'fight'/'hit'/'kill'/'murder'/'punch'/'smash'/'thump'/'torture'/'wreck' noun
Action 68	Swim		! 'dive'/'swim'
Action 69	Swing		! 'swing' noun
				! 'swing' 'on' noun
Action 70	Blow		! 'blow' held
Action 71	Rub		! 'clean'/'dust'/'polish'/'rub'/'scrub'/'shine'/'sweep'/'wipe' noun
Action 72	Set		! 'adjust'/'set' noun
Action 73	SetTo		! 'adjust'/'set' noun 'to' special
Action 74	WaveHands	! 'wave'
Action 75	Wave		! 'wave' noun
Action 76	Pull		! 'drag'/'pull' noun
Action 77	Push		! 'clear'/'move'/'press'/'push'/'shift' noun
Action 78	Turn		! 'rotate'/'screw'/'turn'/'twist'/'unscrew' noun
Action 79	PushDir		! 'clear'/'move'/'press'/'push'/'shift' noun noun
Action 80	Squeeze		! 'squash'/'squeeze' noun
Action 81	ThrowAt		! 'discard'/'drop'/'throw' held 'at'/'against'/'on'/'onto' noun
Action 82	Tell		! 'tell' creature 'about' topic
Action 83	Answer		! 'answer'/'say'/'shout'/'speak' topic 'to' creature
Action 84	Ask		! 'ask' creature 'about' topic
Action 85	Buy		! 'buy'/'purchase' noun
Action 86	Sing		! 'sing'
Action 87	Climb		! 'climb'/'scale' noun
				! 'climb'/'scale' 'up'/'over' noun
Action 88	Wait		! 'wait'/'z//'
Action 89	Sleep		! 'nap'/'sleep'
Action 90	Consult		! 'read' 'about' topic 'in' noun
				! 'read' topic 'in' noun
				! 'consult' noun 'about' topic
				! 'consult' noun 'on' topic
				! 'l//'/'look' 'up' topic 'in' noun
Action 91	AskFor		! 'ask' creature 'for' noun
Action 94	WriteOn		! 'scribe'/'write' routine64428 'on' held
				! 'scribe'/'write' routine64444 'on' held
Action 95	Cast		! 'cast' is_spell
				! 'cast' is_spell 'at' noun
				! 'cast' is_spell 'on' noun
Action 96	Ride		! 'mount'/'ride'/'straddle' creature
Action 97	Learn		! 'learn'/'memorise'/'memorize' scope=routine49652
Action 98	Version		! 'version'
Action 99	Empty		! 'empty' noun
				! 'empty' 'out' noun
				! 'empty' noun 'out'
Action 100	InvTall		! 'i//'/'inv'/'inventory' 'tall'
Action 101	InvWide		! 'i//'/'inv'/'inventory' 'wide'
Action 102	GoIn		! 'in'/'inside'
				! 'cross'/'enter'
Action 103	CopyTo		! 'copy' scope=routine49744 'to' noun
Action 104	Query		! 'how'/'what'/'who' 'do' scope=routine50528
				! 'how'/'what'/'who' 'is' scope=routine50528
				! 'how'/'what'/'who' 'was' scope=routine50528
Action 105	Spells		! 'memory'/'spells'
Action 106	CastOne		! 'c,cast'
				! 'c,cast' noun
Action 107	Diagnose	! 'diagnose'/'health'
Action 108	TossCoin	! 'flip'/'toss' is_coin

Word	beautiful	beautiful
Word	buck-too	buck-too
Word	cedarwood	cedarwood
Word	cobwebbed	cobwebbed
Word	colleague	colleague
Word	daffodils	daffodils
Word	everythin	everythin
Word	featurele	featurele
Word	fullscore	fullscore
Word	furniture	furniture
Word	grassland	grassland
Word	helistars	helistars
Word	illegible	illegible
Word	inventory	inventory
Word	northeast	northeast
Word	northwest	northwest
Word	seventeen	seventeen
Word	southeast	southeast
Word	southwest	southwest
Word	spellbook	spellbook
Word	superbrie	superbrie
Word	worthless	worthless

Routine 0x3c08	routine15368:?
Routine 0x3c10	routine15376:?
Routine 0x3c1c	routine15388:?
Routine 0x3c20	routine15392:?
Routine 0x3c44	routine15428:?
Routine 0x3ce4	routine15588:?
Routine 0x3ebc	routine16060:?
Routine 0x3ef8	routine16120:?
Routine 0x3f34	routine16180:?
Routine 0x3f48	routine16200:?
Routine 0x3f5c	routine16220:?
Routine 0x3f6c	routine16236:?
Routine 0x3f80	routine16256:?
Routine 0x3f98	routine16280:?
! References: obj19__darkness_object_.description
Routine 0x6418	routine25624:?
Routine 0x6424	routine25636:?
! References: obj20__self_object_.description
Routine 0x6430	routine25648:?
Routine 0x643c	routine25660:?
Routine 0x645c	routine25692:?
! References: obj21__Inform_Parser_.parse_input
Routine 0x64ec	routine25836:?
Routine 0x64f4	routine25844:?
Routine 0x6648	routine26184:?
Routine 0x6d2c	routine27948:?
Routine 0x6d48	routine27976:?
Routine 0x6e74	routine28276:?
Routine 0x6e8c	routine28300:?
Routine 0x6ed0	routine28368:?
Routine 0x72d8	routine29400:?
Routine 0x7674	routine30324:?
Routine 0x7914	routine30996:?
Routine 0x79e4	routine31204:?
Routine 0x7af8	routine31480:?
Routine 0x7b40	routine31552:?
Routine 0x7c20	routine31776:?
Routine 0x7ca4	routine31908:?
Routine 0x7ce0	routine31968:?
Routine 0x7d14	routine32020:?
Routine 0x7d64	routine32100:?
Routine 0x7d8c	routine32140:?
Routine 0x7da4	routine32164:?
Routine 0x7dd4	routine32212:?
Routine 0x7e20	routine32288:?
Routine 0x7e34	routine32308:?
Routine 0x7e50	routine32336:?
Routine 0x7ec8	routine32456:?
Routine 0x7ef8	routine32504:?
Routine 0x7fc8	routine32712:?
Routine 0x7fec	routine32748:?
Routine 0x8038	routine32824:?
Routine 0x8148	routine33096:?
Routine 0x8194	routine33172:?
Routine 0x81c0	routine33216:?
Routine 0x81f0	routine33264:?
Routine 0x8238	routine33336:?
Routine 0x8284	routine33412:?
Routine 0x829c	routine33436:?
Routine 0x82b4	routine33460:?
Routine 0x82c0	routine33472:?
Routine 0x83bc	routine33724:?
Routine 0x83c4	routine33732:?
Routine 0x840c	routine33804:?
Routine 0x8420	routine33824:?
Routine 0x8434	routine33844:?
Routine 0x8450	routine33872:?
Routine 0x84b0	PronounsSub:?
Routine 0x855c	routine34140:?
Routine 0x85a0	routine34208:?
Routine 0x85d0	routine34256:?
Routine 0x85d8	routine34264:?
! References: obj22__Inform_Library_6_3_.play
Routine 0x8648	routine34376:?
! References: obj22__Inform_Library_6_3_.end_turn_sequence
Routine 0x89e8	routine35304:?
! References: obj22__Inform_Library_6_3_.begin_action
Routine 0x8ab4	routine35508:?
Routine 0x8af8	routine35576:?
Routine 0x8b18	routine35608:?
Routine 0x8b68	routine35688:?
Routine 0x8bac	routine35756:?
Routine 0x8bf0	routine35824:?
Routine 0x8c24	routine35876:?
Routine 0x8c30	routine35888:?
Routine 0x8c54	routine35924:?
Routine 0x8cb4	routine36020:?
Routine 0x8cd4	routine36052:?
Routine 0x8cf8	routine36088:?
Routine 0x8d08	routine36104:?
Routine 0x8d64	routine36196:?
Routine 0x8d98	routine36248:?
Routine 0x8dec	routine36332:?
Routine 0x8e14	routine36372:?
Routine 0x8e30	routine36400:?
Routine 0x8e44	routine36420:?
Routine 0x8e60	routine36448:?
Routine 0x8ea8	routine36520:?
Routine 0x8ee4	routine36580:?
Routine 0x8f6c	routine36716:?
Routine 0x8ff8	routine36856:?
Routine 0x9084	routine36996:?
Routine 0x912c	routine37164:?
Routine 0x931c	routine37660:?
Routine 0x93c8	routine37832:?
Routine 0x9458	routine37976:?
Routine 0x9490	routine38032:?
Routine 0x94b0	routine38064:?
Routine 0x94d0	routine38096:?
Routine 0x94e0	routine38112:?
Routine 0x94e8	routine38120:?
Routine 0x9518	routine38168:?
Routine 0x9534	routine38196:?
Routine 0x9564	routine38244:?
Routine 0x9614	VersionSub:?
Routine 0x9658	routine38488:?
Routine 0x9684	PlacesSub:?
Routine 0x968c	ObjectsSub:?
Routine 0x9694	routine38548:?
Routine 0x9738	routine38712:?
Routine 0x9758	routine38744:?
Routine 0x97ac	routine38828:?
Routine 0x97f8	routine38904:?
Routine 0x985c	routine39004:?
Routine 0x98bc	routine39100:?
Routine 0x9e48	routine40520:?
Routine 0x9e90	routine40592:?
Routine 0xa124	routine41252:?
Routine 0xa18c	routine41356:?
Routine 0xa1c4	routine41412:?
Routine 0xa1d4	routine41428:?
