! Auto-generated by Reform.

MD5	5d54e326815b0ed3aff8efb8ff02ef2f

Object 1	obj1_Inside_Prop_Tent
Object 2	obj2_Rimshaw_the_Incomparable
Object 3	obj3_safety_net
Object 4	obj4_Back_Yard
Object 5	obj5_Jenny
Object 6	obj6_air
Object 7	obj7_Andrew_Jenny
Object 8	obj8_deck_of_cards
Object 9	obj9_Mahler
Object 10	obj10_water
Object 11	obj11_your_hand
Object 12	obj12_cage
Object 13	obj13_Inside_Mahler_s_Cage
Object 14	obj14_skeleton_key
Object 15	obj15_Hypnotist_s_Parlor
Object 16	obj16_rawhide_bullwhip
Object 17	obj17_short_line
Object 18	obj18_radio_dial
Object 19	obj19_window
Object 20	obj20_leather_sofa
Object 21	obj21_closet
Object 22	obj22_button
Object 23	obj23_police
Object 24	obj24_conversation
Object 25	obj25_poker_game
Object 26	obj26_shelf_of_books
Object 27	obj27_scrap_of_newsprint
Object 28	obj28_midway
Object 29	obj29_yourself
Object 30	obj30_Top_of_Cage
Object 31	obj31_shaggy_lion
Object 32	obj32_pair_of_sunglasses
Object 33	obj33_home
Object 34	obj34_roar
Object 35	obj35_lion
Object 36	obj36_pair_of_headphones
Object 37	obj37_lions__den
Object 38	obj38_rusty_grate
Object 39	obj39_cheese_morsel
Object 40	obj40_square_aluminum_panel
Object 41	obj41_direction
Object 42	obj42_group_of_ballplayers
Object 43	obj43
Object 44	obj44_trailer_door
Object 45	obj45_parlor
Object 46	obj46_Dr__Nostrum_s_Prehydrogenated_Genuine_Preparation_of_Naturally_Nitrated_Compound_Herbified_Extract
Object 47	obj47_burn_hole
Object 48	obj48_transistor_radio
Object 49	obj49_barred_passage
Object 50	obj50
Object 51	obj51_your_head
Object 52	obj52_tent
Object 53	obj53_On_the_Tent
Object 54	obj54_chair
Object 55	obj55_music
Object 56	obj56_Platform
Object 57	obj57_Connection
Object 58	obj58_light
Object 59	obj59_Office
Object 60	obj60_dead_mouse
Object 61	obj61_menagerie
Object 62	obj62_Walking_a_Tightrope
Object 63	obj63_On_the_Wagon
Object 64	obj64_massive_chain
Object 65	obj65_bucket
Object 66	obj66_figure_of_President_Taft
Object 67	obj67_darkness
Object 68	obj68_cage_door
Object 69	obj69_refreshment
Object 70	obj70_Platform
Object 71	obj71_blue_dot
Object 72	obj72_tightrope
Object 73	obj73_Eddie_Smaldone
Object 74	obj74_chandelier
Object 75	obj75_jumble_of_trinkets
Object 76	obj76
Object 77	obj77_it
Object 78	obj78_hawker
Object 79	obj79_center_pole
Object 80	obj80_long_line
Object 81	obj81_In_the_Wings
Object 82	obj82_curtain
Object 83	obj83_wall
Object 84	obj84_Chelsea
Object 85	obj85_ribbon
Object 86	obj86_circus
Object 87	obj87_Midway_Entrance
Object 88	obj88_cloud_of_smoke
Object 89	obj89_sawdust
Object 90	obj90_drinking_fountain
Object 91	obj91_East_Half_of_Fat_Lady
Object 92	obj92_turnstile
Object 93	obj93_clown_mask
Object 94	obj94_Camp__West
Object 95	obj95_blackjack_table
Object 96	obj96_lion_stand
Object 97	obj97_elephant_prod
Object 98	obj98_roustabout
Object 99	obj99_moose_head
Object 100	obj100_office_door
Object 101	obj101_ladder
Object 102	obj102_corpuscular_lump_of_meat
Object 103	obj103_cherry_hardwood_desk
Object 104	obj104_shawl_jacket_combo
Object 105	obj105_Midway_of_Midway
Object 106	obj106_dress_suit_combination
Object 107	obj107_future
Object 108	obj108_Jennifer_s_Boudoir
Object 109	obj109_lower_bunk
Object 110	obj110_white_wagon
Object 111	obj111_voice
Object 112	obj112_Elephant_Tent
Object 113	obj113_Chuckles
Object 114	obj114_Andrew_s_outfit
Object 115	obj115_uniform
Object 116	obj116_dealer
Object 117	obj117_smooth_bodied_lion
Object 118	obj118_ignition_switch
Object 119	obj119_costume
Object 120	obj120_egress
Object 121	obj121_Menagerie_Nook
Object 122	obj122_your_ticket
Object 123	obj123_crawl_space
Object 124	obj124
Object 125	obj125_sagging_banner
Object 126	obj126_whimper
Object 127	obj127_monkey
Object 128	obj128_mirror
Object 129	obj129_fiberglass_pole
Object 130	obj130_chain_link_fence
Object 131	obj131_Performance_Ring
Object 132	obj132_corner
Object 133	obj133_stool
Object 134	obj134_helium
Object 135	obj135_room
Object 136	obj136_compartment
Object 137	obj137_Malcom
Object 138	obj138_tuxedo
Object 139	obj139_ring
Object 140	obj140_fat_lady_s_hand
Object 141	obj141_elephant
Object 142	obj142_concession_stand
Object 143	obj143_sign
Object 144	obj144_camp
Object 145	obj145_platform
Object 146	obj146_Mr__Munrab
Object 147	obj147_crowbar
Object 148	obj148_Near_White_Wagon
Object 149	obj149_cage_door
Object 150	obj150_West_Half_of_Fat_Lady
Object 151	obj151_group
Object 152	obj152_money
Object 153	obj153_detective
Object 154	obj154
Object 155	obj155_rumpled_trenchcoat
Object 156	obj156_Gloria
Object 157	obj157_Clown_Alley
Object 158	obj158_ransom_note
Object 159	obj159_big_top
Object 160	obj160_narrow_slot
Object 161	obj161_Sgt__Duffy
Object 162	obj162_Jerry
Object 163	obj163_one_dollar_and_85_cent_granola_bar
Object 164	obj164_cage_door
Object 165	obj165_balloon
Object 166	obj166_trailer
Object 167	obj167_office
Object 168	obj168_crowd
Object 169	obj169_Genatossio
Object 170	obj170_Lions__Den
Object 171	obj171_trailer
Object 172	obj172_diploma
Object 173	obj173_midget_car
Object 174	obj174_himself_or_herself
Object 175	obj175_Menagerie
Object 176	obj176_spreadsheet
Object 177	obj177_spiral_staircase
Object 178	obj178_Wardrobe_Closet
Object 179	obj179_your_back
Object 180	obj180_flower
Object 181	obj181_concessionaire
Object 182	obj182_Standing_Room_Only
Object 183	obj183_safety_net
Object 184	obj184_trade_card
Object 185	obj185_upper_bunk
Object 186	obj186_dollar
Object 187	obj187_water
Object 188	obj188_ground
Object 189	obj189_it
Object 190	obj190_roustabout
Object 191	obj191_straw
Object 192	obj192_Inside_Cage
Object 193	obj193
Object 194	obj194_Far_End_of_Midway
Object 195	obj195_garbage
Object 196	obj196
Object 197	obj197_WPDL
Object 198	obj198_burned_cage
Object 199	obj199_heap_of_black_ash
Object 200	obj200_Andrew
Object 201	obj201_Camp__East
Object 202	obj202_ceiling
Object 203	obj203_telephone
Object 204	obj204
Object 205	obj205_fat_lady
Object 206	obj206_Under_the_Bleachers
Object 207	obj207_guard
Object 208	obj208_gorilla_suit
Object 209	obj209_two_dollar_and_25_cent_frozen_banana
Object 210	obj210_canvas_wall
Object 211	obj211_it
Object 212	obj212_secret_panel
Object 213	obj213_compartment
Object 214	obj214_ash_tray
Object 215	obj215_sawdust
Object 216	obj216_cigarette_case
Object 217	obj217_grandstand
Object 218	obj218_Gottfried_Wilhelm_von_Katzenjammer
Object 219	obj219_Comrade_Thumb
Object 220	obj220_apparatus
Object 221	obj221_dirty_rag
Object 222	obj222_veil
Object 223	obj223_sideshow_front
Object 224	obj224_Billy_Monday
Object 225	obj225_Left_Hanging
Object 226	obj226_Inside_Trailer
Object 227	obj227_keister
Object 228	obj228_Jenny_s_apparel
Object 229	obj229_path
Object 230	obj230_Beside_the_Big_Top
Object 231	obj231_pink_dot
Object 232	obj232_Blue_Room
Object 233	obj233_trap_door
Object 234	obj234_desk
Object 235	obj235_turnstile
Object 236	obj236
Object 237	obj237_crank
Object 238	obj238_pseudo
Object 239	obj239_trailer_door

Attribute 1	attrib1			! obj2_Rimshaw_the_Incomparable obj5_Jenny obj6_air obj7_Andrew_Jenny obj9_Mahler obj11_your_hand obj29_yourself obj46_Dr__Nostrum_s_Prehydrogenated_Genuine_Preparation_of_Naturally_Nitrated_Compound_Herbified_Extract obj51_your_head obj67_darkness obj73_Eddie_Smaldone obj77_it obj84_Chelsea obj113_Chuckles obj114_Andrew_s_outfit obj122_your_ticket obj134_helium obj137_Malcom obj146_Mr__Munrab obj156_Gloria obj161_Sgt__Duffy obj162_Jerry obj169_Genatossio obj174_himself_or_herself obj179_your_back obj187_water obj189_it obj200_Andrew obj218_Gottfried_Wilhelm_von_Katzenjammer obj219_Comrade_Thumb obj224_Billy_Monday obj228_Jenny_s_apparel
Attribute 2	attrib2			! obj76
Attribute 3	attrib3			! obj24_conversation obj34_roar obj55_music obj76 obj111_voice obj126_whimper obj134_helium
Attribute 4	attrib4			! obj76 obj89_sawdust obj152_money obj191_straw obj195_garbage obj215_sawdust
Attribute 5	attrib5			! obj5_Jenny obj76 obj84_Chelsea obj117_smooth_bodied_lion obj205_fat_lady
Attribute 6	attrib6			! obj3_safety_net obj5_Jenny obj8_deck_of_cards obj9_Mahler obj10_water obj11_your_hand obj12_cage obj14_skeleton_key obj17_short_line obj18_radio_dial obj19_window obj20_leather_sofa obj21_closet obj22_button obj23_police obj25_poker_game obj26_shelf_of_books obj28_midway obj31_shaggy_lion obj32_pair_of_sunglasses obj34_roar obj35_lion obj37_lions__den obj38_rusty_grate obj40_square_aluminum_panel obj42_group_of_ballplayers obj44_trailer_door obj45_parlor obj46_Dr__Nostrum_s_Prehydrogenated_Genuine_Preparation_of_Naturally_Nitrated_Compound_Herbified_Extract obj47_burn_hole obj52_tent obj54_chair obj55_music obj61_menagerie obj64_massive_chain obj68_cage_door obj69_refreshment obj71_blue_dot obj72_tightrope obj73_Eddie_Smaldone obj74_chandelier obj76 obj77_it obj78_hawker obj79_center_pole obj80_long_line obj82_curtain obj83_wall obj85_ribbon obj86_circus obj88_cloud_of_smoke obj89_sawdust obj90_drinking_fountain obj95_blackjack_table obj96_lion_stand obj97_elephant_prod obj99_moose_head obj100_office_door obj101_ladder obj103_cherry_hardwood_desk obj104_shawl_jacket_combo obj106_dress_suit_combination obj107_future obj109_lower_bunk obj110_white_wagon obj111_voice obj114_Andrew_s_outfit obj115_uniform obj116_dealer obj117_smooth_bodied_lion obj118_ignition_switch obj119_costume obj120_egress obj123_crawl_space obj125_sagging_banner obj126_whimper obj127_monkey obj128_mirror obj130_chain_link_fence obj132_corner obj134_helium obj136_compartment obj138_tuxedo obj139_ring obj140_fat_lady_s_hand obj141_elephant obj142_concession_stand obj143_sign obj144_camp obj145_platform obj146_Mr__Munrab obj149_cage_door obj151_group obj153_detective obj154 obj155_rumpled_trenchcoat obj159_big_top obj160_narrow_slot obj162_Jerry obj164_cage_door obj166_trailer obj167_office obj168_crowd obj171_trailer obj172_diploma obj173_midget_car obj174_himself_or_herself obj177_spiral_staircase obj179_your_back obj180_flower obj181_concessionaire obj185_upper_bunk obj190_roustabout obj195_garbage obj197_WPDL obj198_burned_cage obj200_Andrew obj202_ceiling obj205_fat_lady obj207_guard obj210_canvas_wall obj211_it obj212_secret_panel obj213_compartment obj217_grandstand obj219_Comrade_Thumb obj220_apparatus obj223_sideshow_front obj227_keister obj228_Jenny_s_apparel obj229_path obj231_pink_dot obj233_trap_door obj234_desk obj235_turnstile obj237_crank
Attribute 7	attrib7			! obj6_air obj76 obj77_it obj97_elephant_prod obj100_office_door obj115_uniform obj118_ignition_switch obj120_egress obj141_elephant obj163_one_dollar_and_85_cent_granola_bar obj167_office obj185_upper_bunk obj214_ash_tray obj220_apparatus
Attribute 8	attrib8			! obj2_Rimshaw_the_Incomparable obj5_Jenny obj7_Andrew_Jenny obj42_group_of_ballplayers obj66_figure_of_President_Taft obj73_Eddie_Smaldone obj76 obj78_hawker obj84_Chelsea obj98_roustabout obj113_Chuckles obj116_dealer obj137_Malcom obj146_Mr__Munrab obj151_group obj153_detective obj156_Gloria obj161_Sgt__Duffy obj162_Jerry obj168_crowd obj169_Genatossio obj200_Andrew obj205_fat_lady obj207_guard obj218_Gottfried_Wilhelm_von_Katzenjammer obj219_Comrade_Thumb obj224_Billy_Monday
Attribute 9	attrib9			! obj68_cage_door obj76 obj149_cage_door obj164_cage_door obj213_compartment
Attribute 10	attrib10		! obj44_trailer_door obj68_cage_door obj76 obj100_office_door obj103_cherry_hardwood_desk obj149_cage_door obj164_cage_door obj213_compartment obj239_trailer_door
Attribute 11	attrib11		! obj1_Inside_Prop_Tent obj13_Inside_Mahler_s_Cage obj15_Hypnotist_s_Parlor obj56_Platform obj59_Office obj62_Walking_a_Tightrope obj70_Platform obj76 obj81_In_the_Wings obj91_East_Half_of_Fat_Lady obj108_Jennifer_s_Boudoir obj112_Elephant_Tent obj131_Performance_Ring obj150_West_Half_of_Fat_Lady obj157_Clown_Alley obj170_Lions__Den obj178_Wardrobe_Closet obj182_Standing_Room_Only obj192_Inside_Cage obj206_Under_the_Bleachers obj225_Left_Hanging obj232_Blue_Room
Attribute 12	attrib12		! obj76 obj96_lion_stand obj223_sideshow_front
Attribute 13	attrib13		! obj19_window obj49_barred_passage obj76 obj103_cherry_hardwood_desk obj109_lower_bunk obj154 obj165_balloon obj185_upper_bunk obj214_ash_tray
Attribute 14	attrib14		! obj2_Rimshaw_the_Incomparable obj3_safety_net obj5_Jenny obj9_Mahler obj65_bucket obj76 obj78_hawker obj96_lion_stand obj98_roustabout obj106_dress_suit_combination obj109_lower_bunk obj113_Chuckles obj116_dealer obj146_Mr__Munrab obj153_detective obj154 obj155_rumpled_trenchcoat obj173_midget_car obj200_Andrew obj207_guard obj214_ash_tray obj219_Comrade_Thumb obj224_Billy_Monday obj227_keister
Attribute 15	attrib15		! obj2_Rimshaw_the_Incomparable obj3_safety_net obj5_Jenny obj9_Mahler obj20_leather_sofa obj36_pair_of_headphones obj48_transistor_radio obj49_barred_passage obj54_chair obj65_bucket obj76 obj78_hawker obj96_lion_stand obj98_roustabout obj103_cherry_hardwood_desk obj106_dress_suit_combination obj109_lower_bunk obj113_Chuckles obj116_dealer obj122_your_ticket obj146_Mr__Munrab obj153_detective obj154 obj155_rumpled_trenchcoat obj160_narrow_slot obj173_midget_car obj185_upper_bunk obj200_Andrew obj205_fat_lady obj207_guard obj214_ash_tray obj219_Comrade_Thumb obj224_Billy_Monday obj227_keister
Attribute 16	attrib16		! obj8_deck_of_cards obj14_skeleton_key obj26_shelf_of_books obj32_pair_of_sunglasses obj39_cheese_morsel obj46_Dr__Nostrum_s_Prehydrogenated_Genuine_Preparation_of_Naturally_Nitrated_Compound_Herbified_Extract obj54_chair obj64_massive_chain obj69_refreshment obj72_tightrope obj75_jumble_of_trinkets obj76 obj89_sawdust obj101_ladder obj114_Andrew_s_outfit obj115_uniform obj119_costume obj138_tuxedo obj140_fat_lady_s_hand obj155_rumpled_trenchcoat obj159_big_top obj173_midget_car obj180_flower obj191_straw obj196 obj203_telephone obj215_sawdust obj221_dirty_rag obj227_keister obj228_Jenny_s_apparel obj229_path
Attribute 17	attrib17		! obj3_safety_net obj20_leather_sofa obj54_chair obj76 obj96_lion_stand obj103_cherry_hardwood_desk obj109_lower_bunk obj154 obj185_upper_bunk
Attribute 18	attrib18		! obj11_your_hand obj29_yourself obj76 obj77_it obj83_wall obj202_ceiling
Attribute 19	attrib19		! obj24_conversation obj76 obj85_ribbon obj123_crawl_space obj211_it obj212_secret_panel obj233_trap_door
Attribute 20	attrib20		! obj76
Attribute 21	attrib21		! obj36_pair_of_headphones obj76 obj85_ribbon obj93_clown_mask obj104_shawl_jacket_combo obj106_dress_suit_combination obj208_gorilla_suit obj222_veil
Attribute 22	attrib22		! obj14_skeleton_key obj16_rawhide_bullwhip obj27_scrap_of_newsprint obj36_pair_of_headphones obj39_cheese_morsel obj48_transistor_radio obj60_dead_mouse obj64_massive_chain obj65_bucket obj66_figure_of_President_Taft obj69_refreshment obj84_Chelsea obj85_ribbon obj93_clown_mask obj96_lion_stand obj97_elephant_prod obj99_moose_head obj102_corpuscular_lump_of_meat obj104_shawl_jacket_combo obj106_dress_suit_combination obj122_your_ticket obj129_fiberglass_pole obj133_stool obj140_fat_lady_s_hand obj147_crowbar obj154 obj158_ransom_note obj163_one_dollar_and_85_cent_granola_bar obj165_balloon obj176_spreadsheet obj184_trade_card obj187_water obj196 obj199_heap_of_black_ash obj203_telephone obj208_gorilla_suit obj209_two_dollar_and_25_cent_frozen_banana obj214_ash_tray obj216_cigarette_case obj219_Comrade_Thumb obj222_veil obj227_keister
Attribute 23	attrib23		! obj2_Rimshaw_the_Incomparable obj3_safety_net obj5_Jenny obj9_Mahler obj20_leather_sofa obj36_pair_of_headphones obj48_transistor_radio obj49_barred_passage obj54_chair obj65_bucket obj76 obj78_hawker obj96_lion_stand obj98_roustabout obj103_cherry_hardwood_desk obj106_dress_suit_combination obj109_lower_bunk obj113_Chuckles obj116_dealer obj122_your_ticket obj136_compartment obj146_Mr__Munrab obj153_detective obj154 obj155_rumpled_trenchcoat obj160_narrow_slot obj165_balloon obj173_midget_car obj185_upper_bunk obj200_Andrew obj205_fat_lady obj207_guard obj213_compartment obj214_ash_tray obj216_cigarette_case obj219_Comrade_Thumb obj224_Billy_Monday obj227_keister
Attribute 24	attrib24		! obj1_Inside_Prop_Tent obj4_Back_Yard obj13_Inside_Mahler_s_Cage obj15_Hypnotist_s_Parlor obj30_Top_of_Cage obj53_On_the_Tent obj56_Platform obj57_Connection obj59_Office obj62_Walking_a_Tightrope obj63_On_the_Wagon obj70_Platform obj76 obj81_In_the_Wings obj87_Midway_Entrance obj91_East_Half_of_Fat_Lady obj94_Camp__West obj105_Midway_of_Midway obj108_Jennifer_s_Boudoir obj112_Elephant_Tent obj121_Menagerie_Nook obj131_Performance_Ring obj148_Near_White_Wagon obj150_West_Half_of_Fat_Lady obj157_Clown_Alley obj170_Lions__Den obj175_Menagerie obj178_Wardrobe_Closet obj182_Standing_Room_Only obj192_Inside_Cage obj194_Far_End_of_Midway obj201_Camp__East obj206_Under_the_Bleachers obj225_Left_Hanging obj226_Inside_Trailer obj230_Beside_the_Big_Top obj232_Blue_Room
Attribute 25	attrib25		! obj39_cheese_morsel obj69_refreshment obj76 obj102_corpuscular_lump_of_meat obj163_one_dollar_and_85_cent_granola_bar obj209_two_dollar_and_25_cent_frozen_banana
Attribute 26	attrib26		! obj36_pair_of_headphones obj48_transistor_radio obj58_light obj74_chandelier obj76
Attribute 27	attrib27		! obj38_rusty_grate obj40_square_aluminum_panel obj44_trailer_door obj68_cage_door obj76 obj82_curtain obj100_office_door obj149_cage_door obj164_cage_door obj212_secret_panel obj233_trap_door obj239_trailer_door
Attribute 28	attrib28		! obj1_Inside_Prop_Tent obj4_Back_Yard obj13_Inside_Mahler_s_Cage obj15_Hypnotist_s_Parlor obj30_Top_of_Cage obj53_On_the_Tent obj56_Platform obj57_Connection obj59_Office obj62_Walking_a_Tightrope obj63_On_the_Wagon obj70_Platform obj76 obj81_In_the_Wings obj87_Midway_Entrance obj91_East_Half_of_Fat_Lady obj94_Camp__West obj105_Midway_of_Midway obj108_Jennifer_s_Boudoir obj112_Elephant_Tent obj121_Menagerie_Nook obj131_Performance_Ring obj148_Near_White_Wagon obj150_West_Half_of_Fat_Lady obj157_Clown_Alley obj170_Lions__Den obj175_Menagerie obj178_Wardrobe_Closet obj182_Standing_Room_Only obj192_Inside_Cage obj194_Far_End_of_Midway obj201_Camp__East obj206_Under_the_Bleachers obj225_Left_Hanging obj226_Inside_Trailer obj230_Beside_the_Big_Top obj232_Blue_Room
Attribute 29	attrib29		! obj6_air obj76 obj134_helium
Attribute 30	attrib30		! obj3_safety_net obj20_leather_sofa obj54_chair obj76 obj80_long_line obj133_stool
Attribute 31	attrib31		! obj2_Rimshaw_the_Incomparable obj5_Jenny obj7_Andrew_Jenny obj9_Mahler obj29_yourself obj31_shaggy_lion obj42_group_of_ballplayers obj66_figure_of_President_Taft obj73_Eddie_Smaldone obj76 obj78_hawker obj84_Chelsea obj98_roustabout obj113_Chuckles obj116_dealer obj117_smooth_bodied_lion obj127_monkey obj137_Malcom obj141_elephant obj146_Mr__Munrab obj151_group obj153_detective obj156_Gloria obj161_Sgt__Duffy obj162_Jerry obj168_crowd obj169_Genatossio obj190_roustabout obj200_Andrew obj205_fat_lady obj207_guard obj218_Gottfried_Wilhelm_von_Katzenjammer obj219_Comrade_Thumb obj224_Billy_Monday

Property 4	prop4:?
Property 5	prop5:routine
Property 6	prop6:?
Property 7	prop7:routine
Property 8	prop8:string
Property 9	prop9:routine
Property 10	prop10:?
Property 11	prop11:?
Property 12	prop12:string
Property 13	prop13:?
Property 14	prop14:?
Property 15	prop15:string
Property 16	prop16:string
Property 17	prop17:?
Property 18	prop18:thing
Property 19	prop19:dictwords
Property 20	out_to:exit
Property 21	in_to:exit
Property 22	d_to:exit
Property 23	u_to:exit
Property 24	northw_to:exit
Property 25	w_to:exit
Property 26	southw_to:exit
Property 27	s_to:exit
Property 28	se_to:exit
Property 29	e_to:exit
Property 30	ne_to:exit
Property 31	n_to:exit

Global 0	global0:?
Global 1	global1:?
Global 2	global2:?
Global 3	global3:?
Global 4	global4:?
Global 5	global5:?
Global 6	global6:?
Global 7	global7:?
Global 8	global8:?
Global 9	global9:?
Global 10	global10:?
Global 11	global11:?
Global 12	global12:?
Global 13	global13:?
Global 14	global14:?
Global 15	global15:?
Global 16	global16:?
Global 17	global17:?
Global 18	global18:?
Global 19	global19:?
Global 20	global20:?
Global 21	global21:?
Global 22	global22:?
Global 23	global23:?
Global 24	global24:?
Global 25	global25:?
Global 26	global26:?
Global 27	global27:?
Global 28	global28:?
Global 29	global29:?
Global 30	global30:?
Global 31	global31:?
Global 32	global32:?
Global 33	global33:?
Global 34	global34:?
Global 35	global35:?
Global 36	global36:?
Global 37	global37:?
Global 38	global38:?
Global 39	global39:?
Global 40	global40:?
Global 41	global41:?
Global 42	global42:?
Global 43	global43:?
Global 44	global44:?
Global 45	global45:?
Global 46	global46:?
Global 47	global47:?
Global 48	global48:?
Global 49	global49:?
Global 50	global50:?
Global 51	global51:?
Global 52	global52:?
Global 53	global53:?
Global 54	global54:?
Global 55	global55:?
Global 56	global56:?
Global 57	global57:?
Global 58	global58:?
Global 59	global59:?
Global 60	global60:?
Global 61	global61:?
Global 62	global62:?
Global 63	global63:?
Global 64	global64:?
Global 65	global65:?
Global 66	global66:?
Global 67	global67:?
Global 68	global68:?
Global 69	global69:?
Global 70	global70:?
Global 71	global71:?
Global 72	global72:?
Global 73	global73:?
Global 74	global74:?
Global 75	global75:?
Global 76	global76:?
Global 77	global77:?
Global 78	global78:?
Global 79	global79:?
Global 80	global80:?
Global 81	global81:?
Global 82	global82:?
Global 83	global83:?
Global 84	global84:?
Global 85	global85:?
Global 86	global86:?
Global 87	global87:?
Global 88	global88:?
Global 89	global89:?
Global 90	global90:?
Global 91	global91:?
Global 92	global92:?
Global 93	global93:?
Global 94	global94:?
Global 95	global95:?
Global 96	global96:?
Global 97	global97:?
Global 98	global98:?
Global 99	global99:?
Global 100	global100:?
Global 101	global101:?
Global 102	global102:?
Global 103	global103:?
Global 104	global104:?
Global 105	global105:?
Global 106	global106:?
Global 107	global107:?
Global 108	global108:?
Global 109	global109:?
Global 110	global110:?
Global 111	global111:?
Global 112	global112:?
Global 113	global113:?
Global 114	global114:?
Global 115	global115:?
Global 116	global116:?
Global 117	global117:?
Global 118	global118:?
Global 119	global119:?
Global 120	global120:?
Global 121	global121:?
Global 122	global122:?
Global 123	global123:?
Global 124	global124:?
Global 125	global125:?
Global 126	global126:?
Global 127	global127:?
Global 128	global128:?
Global 129	global129:?
Global 130	global130:?
Global 131	global131:?
Global 132	global132:?
Global 133	global133:?
Global 134	global134:?
Global 135	global135:?
Global 136	global136:?
Global 137	global137:?
Global 138	global138:?
Global 139	global139:?
Global 140	global140:?
Global 141	global141:?
Global 142	global142:?
Global 143	global143:?
Global 144	global144:?
Global 145	global145:?
Global 146	global146:?
Global 147	global147:?
Global 148	global148:?
Global 149	global149:?
Global 150	global150:?
Global 151	global151:?
Global 152	global152:?
Global 153	global153:?
Global 154	global154:?
Global 155	global155:?
Global 156	global156:?
Global 157	global157:?
Global 158	global158:?
Global 159	global159:?
Global 160	global160:?
Global 161	global161:?
Global 162	global162:?
Global 163	global163:?
Global 164	global164:?
Global 165	global165:?
Global 166	global166:?
Global 167	global167:?
Global 168	global168:?
Global 169	global169:?
Global 170	global170:?
Global 171	global171:?
Global 172	global172:?
Global 173	global173:?
Global 174	global174:?
Global 175	global175:?
Global 176	global176:?
Global 177	global177:?
Global 178	global178:?
Global 179	global179:?
Global 180	global180:?
Global 181	global181:?
Global 182	global182:?
Global 183	global183:?
Global 184	global184:?
Global 185	global185:?
Global 186	global186:?
Global 187	global187:?
Global 188	global188:?
Global 189	global189:?
Global 190	global190:?
Global 191	global191:?
Global 192	global192:?
Global 193	global193:?
Global 194	global194:?
Global 195	global195:?
Global 196	global196:?
Global 197	global197:?
Global 198	global198:?
Global 199	global199:?
Global 200	global200:?
Global 201	global201:?
Global 202	global202:?
Global 203	global203:?
Global 204	global204:?
Global 205	global205:?
Global 206	global206:?
Global 207	global207:?
Global 208	global208:?
Global 209	global209:?
Global 210	global210:?
Global 211	global211:?
Global 212	global212:?
Global 213	global213:?
Global 214	global214:?
Global 215	global215:?
Global 216	global216:?
Global 217	global217:?
Global 218	global218:?
Global 219	global219:?
Global 220	global220:?
Global 221	global221:?
Global 222	global222:?
Global 223	global223:?
Global 224	global224:?
Global 225	global225:?
Global 226	global226:?
Global 227	global227:?
Global 228	global228:?
Global 229	global229:?
Global 230	global230:?
Global 231	global231:?
Global 232	global232:?
Global 233	global233:?
Global 234	global234:?
Global 235	global235:?
Global 236	global236:?
Global 237	global237:?
Global 238	global238:?
Global 239	global239:?

Action 0	Action0		! 'verbos'
Action 1	Action1		! 'brief'
Action 2	Action2		! 'super'/'superb'
Action 3	Action3		! 'diagno'
Action 4	Action4		! 'invent'
				! 'i//'
Action 5	Action5		! 'q//'/'quit'
Action 6	Action6		! 'restar'
Action 7	Action7		! 'restor'
Action 8	Action8		! 'save'
Action 9	Action9		! 'score'
Action 10	Action10	! 'script'
Action 11	Action11	! 'unscri'
Action 12	Action12	! 'versio'
Action 13	Action13	! '$ve' object
				! '$ve'
Action 14	Action14	! 'speak'/'talk' 'toward'/'to' attrib31(in_room)
				! 'tell' attrib31(in_room)
				! 'addres' attrib31(in_room)
Action 15	Action15	! 'advanc' object
Action 16	Action16	! 'answer'/'reply'
Action 17	Action17	! 'answer'/'reply' 'toward'/'to' object
				! 'answer'/'reply' object
Action 18	Action18	! 'applau'/'cheer'
				! 'clap' object
				! 'clap'
Action 19	Action19	! 'applau'/'cheer' object
Action 20	Action20	! 'go' 'toward'/'to' object
				! 'procee'/'run'/'step'/'walk' 'toward'/'to' object
				! 'approa' object
Action 21	Action21	! 'arrest' object
Action 22	Action22	! 'ask'/'consul'/'query' attrib31 'onto'/'on'/'across' object
				! 'ask'/'consul'/'query' attrib31 'about' object
Action 23	Action23	! 'ask'/'consul'/'query' attrib31 'for' object
Action 24	Action24	! 'break'/'damage'/'demoli'/'destro'/'peel'/'pop'/'smash'/'wreck' 'down'/'d//' object
				! 'assaul'/'attack'/'fight'/'hit'/'kill'/'murder'/'slap'/'strike' attrib31(in_room,on_ground) 'with'/'using' object(held,carried,have)
				! 'assaul'/'attack'/'fight'/'hit'/'kill'/'murder'/'slap'/'strike' attrib31(in_room,on_ground)
				! 'knock'/'rap' 'down'/'d//' attrib31(in_room,on_ground)
Action 25	Action25	! 'balanc' object 'with'/'using' object(held)
				! 'balanc' object
				! 'balanc'
Action 26	Action26	! 'bet'/'wager' object
Action 27	Action27	! 'bite' object
Action 28	Action28	! 'cut'/'perfor'/'slice' 'into'/'inside'/'in' attrib30(in_room,on_ground)
				! 'board'/'embark' attrib30(in_room,on_ground)
				! 'climb'/'crawl'/'creep'/'scale' 'into'/'inside'/'in' attrib30(in_room,on_ground)
				! 'carry'/'get'/'grab'/'hold'/'take' 'into'/'inside'/'in' attrib30(in_room,on_ground)
Action 29	Action29	! 'breath'/'inhale'/'suck' 'into'/'inside'/'in' object 'from' object(held,carried,have)
				! 'breath'/'inhale'/'suck' 'into'/'inside'/'in' attrib29
				! 'breath'/'inhale'/'suck' attrib29
Action 30	Action30	! 'bribe' object 'with'/'using' object
				! 'bribe' object
Action 31	Action31	! 'buy'/'order'/'purcha' object 'from' object
				! 'buy'/'order'/'purcha' object
Action 32	Action32	! 'call' 'toward'/'to' object
				! 'call' 'outsid'/'out' object
				! 'call' object
Action 33	Action33	! 'dial'/'phone'/'teleph' object 'onto'/'on'/'across' object
				! 'dial'/'phone'/'teleph' object 'with'/'using' object
				! 'call' object 'onto'/'on'/'across' object
				! 'call' object 'with'/'using' object
Action 34	Action34	! 'captur'/'catch' object 'with'/'using' object
				! 'captur'/'catch' object 'into'/'inside'/'in' object
Action 35	Action35	! 'cheat' 'at' object
				! 'cheat' object
				! 'cheat'
Action 36	Action36	! 'climb'/'crawl'/'creep'/'scale' object(in_room,on_ground)
Action 37	Action37	! 'rest'/'sit'/'squat' 'into'/'inside'/'in' object(in_room,on_ground)
				! 'rest'/'sit'/'squat' 'onto'/'on'/'across' object(in_room,on_ground)
				! 'climb'/'crawl'/'creep'/'scale' 'onto'/'on'/'across' attrib30(in_room,on_ground)
				! 'carry'/'get'/'grab'/'hold'/'take' 'onto'/'on'/'across' attrib30(in_room,on_ground)
Action 38	Action38	! 'go' 'up'/'u//' object(in_room,on_ground)
				! 'climb'/'crawl'/'creep'/'scale' 'up'/'u//' attrib28(in_room,on_ground)
				! 'procee'/'run'/'step'/'walk' 'up'/'u//' object(in_room,on_ground)
Action 39	Action39	! 'go' 'down'/'d//' object(in_room,on_ground)
				! 'descen' object(in_room,on_ground)
				! 'climb'/'crawl'/'creep'/'scale' 'down'/'d//' attrib28(in_room,on_ground)
				! 'procee'/'run'/'step'/'walk' 'down'/'d//' object(in_room,on_ground)
Action 40	Action40	! 'go' 'outsid'/'out' object
				! 'debark'/'disemb' attrib30(in_room,on_ground)
				! 'climb'/'crawl'/'creep'/'scale' 'off' attrib30(in_room,on_ground)
				! 'climb'/'crawl'/'creep'/'scale' 'outsid'/'out' object(in_room,on_ground)
				! 'carry'/'get'/'grab'/'hold'/'take' 'outsid'/'out' attrib30(on_ground)
				! 'procee'/'run'/'step'/'walk' 'outsid'/'out' object
Action 41	Action41	! 'climb'/'crawl'/'creep'/'scale' 'over' object(in_room,on_ground)
Action 42	Action42	! 'go' 'thru'/'throug' object
				! 'go' 'onto'/'on'/'across' object
				! 'go' 'into'/'inside'/'in' object
				! 'cross' object
				! 'enter' object
				! 'climb'/'crawl'/'creep'/'scale' 'thru'/'throug' object
				! 'bounce'/'dive'/'fall'/'jump'/'leap' 'thru'/'throug' object
				! 'bounce'/'dive'/'fall'/'jump'/'leap' 'into'/'inside'/'in' object
				! 'procee'/'run'/'step'/'walk' 'thru'/'throug' object
				! 'procee'/'run'/'step'/'walk' 'onto'/'on'/'across' object
				! 'procee'/'run'/'step'/'walk' 'into'/'inside'/'in' object
Action 43	Action43	! 'go' 'undern'/'under'/'beneat'/'below' object
				! 'sidewa' object
				! 'side-' object
				! 'climb'/'crawl'/'creep'/'scale' 'undern'/'under'/'beneat'/'below' object
				! 'carry'/'get'/'grab'/'hold'/'take' 'undern'/'under'/'beneat'/'below' object
				! 'procee'/'run'/'step'/'walk' 'undern'/'under'/'beneat'/'below' object
Action 44	Action44	! 'close'/'shut'/'unset' attrib27(held,carried,in_room,on_ground)
Action 45	Action45	! 'close'/'shut'/'unset' 'off' attrib26(held,carried,in_room,on_ground,take)
				! 'flick'/'flip'/'rotate'/'set'/'toggle'/'turn' 'off' attrib26
				! 'exting' attrib24
Action 46	Action46	! 'compar'/'match' object(held,carried,in_room,on_ground) 'with'/'using' object(held,carried,in_room,on_ground)
				! 'compar'/'match' object(held,carried,in_room,on_ground) 'toward'/'to' object(held,carried,in_room,on_ground)
				! 'compar'/'match' object(many)
Action 47	Action47	! 'cover' object 'with'/'using' object(held,many)
Action 48	Action48	! 'count' object
Action 49	Action49	! 'cut'/'perfor'/'slice' 'thru'/'throug' object 'with'/'using' object(held,carried)
				! 'cut'/'perfor'/'slice' object 'with'/'using' object(held,carried)
				! 'cut'/'perfor'/'slice' object
Action 50	Action50	! 'break'/'damage'/'demoli'/'destro'/'peel'/'pop'/'smash'/'wreck' object 'with'/'using' object(held,carried,take)
				! 'break'/'damage'/'demoli'/'destro'/'peel'/'pop'/'smash'/'wreck' object(in_room,on_ground)
Action 51	Action51	! 'did' 'so' attrib28
				! 'did'
				! 'ok'/'okay'/'sure'/'y//'/'yea'/'yes'
Action 52	Action52	! 'did' 'not' attrib28
				! 'didn^'/'no'/'nope'/'wrong'
Action 53	Action53	! 'dig' 'thru'/'throug' object
				! 'dig' 'with'/'using' object
				! 'dig' 'into'/'inside'/'in' object
Action 54	Action54	! 'doze'/'nap'/'sleep'/'snooze'
Action 55	Action55	! 'drink'/'guzzle'/'imbibe'/'quaff'/'sip'/'swallo'/'swill' object(held,carried,in_room,on_ground)
Action 56	Action56	! 'drink'/'guzzle'/'imbibe'/'quaff'/'sip'/'swallo'/'swill' 'from' object(held,carried)
Action 57	Action57	! 'drive' object
Action 58	Action58	! 'drop' object(held,many,have)
				! 'hang'/'insert'/'lay'/'place'/'put'/'stuff' 'down'/'d//' object(held,many,have)
Action 59	Action59	! 'slide' object 'onto'/'on'/'across' object
				! 'slide' object 'down'/'d//' object
				! 'slide' object 'thru'/'throug' object
				! 'slide' object 'into'/'inside'/'in' object
				! 'drop' object(held,many) 'into'/'inside'/'in' object
				! 'drop' object(held,many) 'down'/'d//' object
				! 'hurl'/'throw'/'toss' object(held,carried) 'into'/'inside'/'in' object
				! 'hang'/'insert'/'lay'/'place'/'put'/'stuff' object(held,many) 'into'/'inside'/'in' object
Action 60	Action60	! 'drop' object(held,many) 'onto'/'on'/'across' object
				! 'attach'/'fasten'/'secure'/'tie' object(held,many) 'around'/'along' object
				! 'hang'/'insert'/'lay'/'place'/'put'/'stuff' object(held,many)  object
				! 'hang'/'insert'/'lay'/'place'/'put'/'stuff' object(held,many) 'over' object
				! 'hang'/'insert'/'lay'/'place'/'put'/'stuff' object(held,many) 'around'/'along' object
				! 'hang'/'insert'/'lay'/'place'/'put'/'stuff' object(held,many) 'onto'/'on'/'across' object
				! 'hang'/'insert'/'lay'/'place'/'put'/'stuff' object(held,many) 'down'/'d//' object
Action 61	Action61	! 'drop' object(held,many) 'outsid'/'out' object
				! 'hang'/'insert'/'lay'/'place'/'put'/'stuff' object(held,many) 'outsid'/'out' object
Action 62	Action62	! 'devour'/'eat'/'gobble'/'ingest' attrib25(held,carried,in_room,on_ground)
Action 63	Action63	! 'eject' object
Action 64	Action64	! 'enter'
Action 65	Action65	! 'depart'/'exit'/'withdr' object
				! 'depart'/'exit'/'withdr'
Action 66	Action66	! 'descri'/'examin'/'inspec'/'observ'/'scour'/'see'/'study'/'watch' object(held,carried,in_room,on_ground)
				! 'gaze'/'l//'/'look'/'squint'/'stare' 'toward'/'to' object
				! 'gaze'/'l//'/'look'/'squint'/'stare' 'over' object(held,carried,in_room,on_ground)
				! 'gaze'/'l//'/'look'/'squint'/'stare' 'at' object(held,carried,in_room,on_ground)
Action 67	Action67	! 'descri'/'examin'/'inspec'/'observ'/'scour'/'see'/'study'/'watch' object 'thru'/'throug' object
				! 'gaze'/'l//'/'look'/'squint'/'stare' 'at' object 'thru'/'throug' object
Action 68	Action68	! 'descri'/'examin'/'inspec'/'observ'/'scour'/'see'/'study'/'watch' 'onto'/'on'/'across' object(held,carried,in_room,on_ground)
				! 'descri'/'examin'/'inspec'/'observ'/'scour'/'see'/'study'/'watch' 'into'/'inside'/'in' object(held,carried,in_room,on_ground)
				! 'gaze'/'l//'/'look'/'squint'/'stare' 'into'/'inside'/'in' object(held,carried,in_room,on_ground)
				! 'gaze'/'l//'/'look'/'squint'/'stare' 'thru'/'throug' object
Action 69	Action69	! 'descri'/'examin'/'inspec'/'observ'/'scour'/'see'/'study'/'watch' 'for' object
				! 'gaze'/'l//'/'look'/'squint'/'stare' 'for' object
				! 'frisk'/'rummag'/'search' 'for' object
				! 'find'/'seek' object
Action 70	Action70	! 'feed' attrib31
Action 71	Action71	! 'donate'/'give'/'hand'/'offer'/'sell'/'send' object(held,many,have) 'toward'/'to' attrib31(on_ground)
				! 'feed' object(held,many,have) 'toward'/'to' attrib31(on_ground)
				! 'pass'/'pay' object(held,many,have) 'thru'/'throug' attrib31(on_ground)
				! 'pass'/'pay' object(held,many,have) 'toward'/'to' attrib31(on_ground)
Action 72	Action72	! 'donate'/'give'/'hand'/'offer'/'sell'/'send' attrib31(on_ground) object(held,many,have)
				! 'feed' attrib31(on_ground) object(held,many,have)
				! 'pass'/'pay' attrib31(on_ground) object(held,many,have)
Action 73	Action73	! 'fill' attrib23(held,carried,have)
				! 'fill' object(held,carried,have) 'with'/'using' object
Action 74	Action74	! 'chase'/'follow'/'pursue' object
Action 75	Action75	! 'listen' 'toward'/'to' object
				! 'hear' object
Action 76	Action76	! 'hello'/'hi'/'howdy' object
				! 'hello'/'hi'/'howdy'
Action 77	Action77	! 'help'/'hint'/'hints'
Action 78	Action78	! 'help'/'hint'/'hints' object
				! 'save' object
Action 79	Action79	! 'crouch'/'duck'/'hide' 'undern'/'under'/'beneat'/'below' object
				! 'crouch'/'duck'/'hide'
Action 80	Action80	! 'go' 'behind' object
				! 'crouch'/'duck'/'hide' 'behind' object
				! 'rise'/'stand' 'behind' object
				! 'procee'/'run'/'step'/'walk' 'behind' object
Action 81	Action81	! 'hypnot'/'mesmer' object
Action 82	Action82	! 'bounce'/'dive'/'fall'/'jump'/'leap' 'down'/'d//' attrib28
				! 'bounce'/'dive'/'fall'/'jump'/'leap' 'up'/'u//' attrib28
				! 'bounce'/'dive'/'fall'/'jump'/'leap' 'onto'/'on'/'across' object
				! 'bounce'/'dive'/'fall'/'jump'/'leap'  object
				! 'bounce'/'dive'/'fall'/'jump'/'leap' 'over' object
				! 'bounce'/'dive'/'fall'/'jump'/'leap'
Action 83	Action83	! 'bounce'/'dive'/'fall'/'jump'/'leap' 'outsid'/'out' object
				! 'bounce'/'dive'/'fall'/'jump'/'leap' 'off' object
				! 'bounce'/'dive'/'fall'/'jump'/'leap' 'from' object
Action 84	Action84	! 'bounce'/'dive'/'fall'/'jump'/'leap' 'over' object 'with'/'using' object
				! 'pole-'/'poleva'/'vault' 'over' object 'with'/'using' object(held,carried,have)
				! 'pole-'/'poleva'/'vault' 'over' object
				! 'pole-'/'poleva'/'vault' 'onto'/'on'/'across' object
Action 85	Action85	! 'kick' object
Action 86	Action86	! 'kiss' attrib31(in_room,on_ground)
Action 87	Action87	! 'knock'/'rap' 'onto'/'on'/'across' object
				! 'knock'/'rap' 'at' object
Action 88	Action88	! 'lean' 'toward'/'to' object
				! 'lean' object
Action 89	Action89	! 'go' 'away' attrib28
				! 'leave' object
				! 'leave'
				! 'procee'/'run'/'step'/'walk' 'away' attrib28
Action 90	Action90	! 'lie'/'reclin' 'down'/'d//' attrib28
				! 'lie'/'reclin' 'into'/'inside'/'in' attrib30
				! 'lie'/'reclin' 'onto'/'on'/'across' attrib30
Action 91	Action91	! 'activa'/'start' object
				! 'flick'/'flip'/'rotate'/'set'/'toggle'/'turn' 'onto'/'on'/'across' attrib26
				! 'light' attrib26(held,carried,in_room,on_ground)
Action 92	Action92	! 'lock' object(in_room,on_ground) 'with'/'using' object
				! 'lock' object
Action 93	Action93	! 'gaze'/'l//'/'look'/'squint'/'stare' 'around'/'along' attrib28
				! 'gaze'/'l//'/'look'/'squint'/'stare'
Action 94	Action94	! 'gaze'/'l//'/'look'/'squint'/'stare' 'down'/'d//' attrib28
Action 95	Action95	! 'gaze'/'l//'/'look'/'squint'/'stare' 'up'/'u//' attrib28
Action 96	Action96	! 'gaze'/'l//'/'look'/'squint'/'stare' 'outsid'/'out' object
Action 97	Action97	! 'gaze'/'l//'/'look'/'squint'/'stare' 'undern'/'under'/'beneat'/'below' object
Action 98	Action98	! 'gaze'/'l//'/'look'/'squint'/'stare' 'behind' object
Action 99	Action99	! 'gaze'/'l//'/'look'/'squint'/'stare' 'onto'/'on'/'across' object(held,carried,in_room,on_ground)
Action 100	Action100	! 'gaze'/'l//'/'look'/'squint'/'stare' object
Action 101	Action101	! 'lower' object
Action 102	Action102	! 'make' object
Action 103	Action103	! 'go' 'around'/'along' attrib28
				! 'go'
				! 'move' 'around'/'along' attrib28
				! 'procee'/'run'/'step'/'walk' 'around'/'along' attrib28
				! 'procee'/'run'/'step'/'walk'
Action 104	Action104	! 'move' object 'with'/'using' object
				! 'move' object(in_room,on_ground)
Action 105	Action105	! 'press'/'pull'/'push'/'shove' 'up'/'u//' object
				! 'move' 'up'/'u//' object(in_room,on_ground)
				! 'boost'/'lift'/'raise' object 'toward'/'to' object
				! 'boost'/'lift'/'raise' 'up'/'u//' object
				! 'boost'/'lift'/'raise' object
Action 106	Action106	! 'slide' object
				! 'press'/'pull'/'push'/'shove' 'onto'/'on'/'across' object(in_room,on_ground)
				! 'press'/'pull'/'push'/'shove' object
				! 'move' 'onto'/'on'/'across' object(in_room,on_ground)
Action 107	Action107	! 'slide' object 'undern'/'under'/'beneat'/'below' object
				! 'press'/'pull'/'push'/'shove' object 'undern'/'under'/'beneat'/'below' object
				! 'move' object 'undern'/'under'/'beneat'/'below' object
				! 'hang'/'insert'/'lay'/'place'/'put'/'stuff' object 'undern'/'under'/'beneat'/'below' object
Action 108	Action108	! 'draw'/'open'/'part'/'pry' attrib27(held,carried,in_room,on_ground) 'with'/'using' object(held,carried,in_room,on_ground,have)
				! 'draw'/'open'/'part'/'pry' 'up'/'u//' attrib27(held,carried,in_room,on_ground)
				! 'draw'/'open'/'part'/'pry' attrib27(held,carried,in_room,on_ground)
Action 109	Action109	! 'pass'/'pay' object
Action 110	Action110	! 'dial'/'phone'/'teleph' object
Action 111	Action111	! 'jimmy'/'pick' object 'with'/'using' object
				! 'jimmy'/'pick' object
Action 112	Action112	! 'jimmy'/'pick' 'up'/'u//' attrib22(on_ground,many)
Action 113	Action113	! 'play' object
Action 114	Action114	! 'pour'/'spill'/'sprink' object 'over' object
				! 'pour'/'spill'/'sprink' object(held,carried) 'from' object
				! 'pour'/'spill'/'sprink' object(held,carried) 'onto'/'on'/'across' object
				! 'pour'/'spill'/'sprink' 'outsid'/'out' object(held,carried)  object
				! 'pour'/'spill'/'sprink' object(held,carried) 'into'/'inside'/'in' object
				! 'pour'/'spill'/'sprink' 'outsid'/'out' object(held,carried)
				! 'pour'/'spill'/'sprink' object(held,carried)
Action 115	Action115	! 'punch' 'outsid'/'out' object
				! 'punch' object
Action 116	Action116	! 'empty' 'outsid'/'out' object(held,carried)
				! 'empty' object(held,carried)
Action 117	Action117	! 'doff'/'remove'/'shed' attrib22(carried,in_room,many) 'from' object
				! 'empty' object 'outsid'/'out' object
				! 'empty' object 'from' object
				! 'carry'/'get'/'grab'/'hold'/'take' attrib22(carried,in_room,many) 'into'/'inside'/'in' object
				! 'carry'/'get'/'grab'/'hold'/'take' attrib22(carried,in_room,many) 'from' object
				! 'carry'/'get'/'grab'/'hold'/'take' attrib22(carried,in_room,many) 'off' object
				! 'carry'/'get'/'grab'/'hold'/'take' attrib22(carried,in_room,many) 'outsid'/'out' object
				! 'carry'/'get'/'grab'/'hold'/'take' attrib22(in_room,on_ground,many)
Action 118	Action118	! 'hang'/'insert'/'lay'/'place'/'put'/'stuff' 'up'/'u//' object
Action 119	Action119	! 'don'/'wear' attrib21(have)
				! 'hang'/'insert'/'lay'/'place'/'put'/'stuff' 'onto'/'on'/'across' attrib21(have)
Action 120	Action120	! 'hang'/'insert'/'lay'/'place'/'put'/'stuff' object 'behind' object
Action 121	Action121	! 'reach' 'into'/'inside'/'in' object(in_room,on_ground)
Action 122	Action122	! 'reach' object(in_room,on_ground)
				! 'feel'/'pat'/'pet'/'poke'/'rub'/'tap'/'tickle'/'touch' object 'onto'/'on'/'across' object
				! 'feel'/'pat'/'pet'/'poke'/'rub'/'tap'/'tickle'/'touch' object 'with'/'using' object
				! 'feel'/'pat'/'pet'/'poke'/'rub'/'tap'/'tickle'/'touch' object
Action 123	Action123	! 'reach' object(in_room,on_ground) 'with'/'using' object
				! 'carry'/'get'/'grab'/'hold'/'take' attrib22(in_room,many) 'with'/'using' object(held)
Action 124	Action124	! 'record' 'onto'/'on'/'across' object
				! 'record' object
				! 'record'
Action 125	Action125	! 'read'/'skim' object 'onto'/'on'/'across' object
				! 'read'/'skim' object(held,carried,in_room,on_ground) 'with'/'using' object
				! 'read'/'skim' object(held,carried,in_room,on_ground) 'thru'/'throug' object
				! 'read'/'skim' object(held,carried,in_room,on_ground)
Action 126	Action126	! 'doff'/'remove'/'shed' attrib20
Action 127	Action127	! 'rewind' object
Action 128	Action128	! 'speak'/'talk' 'into'/'inside'/'in' object
Action 129	Action129	! 'frisk'/'rummag'/'search' 'thru'/'throug' object
				! 'frisk'/'rummag'/'search' 'into'/'inside'/'in' object
				! 'frisk'/'rummag'/'search' object
Action 130	Action130	! 'frisk'/'rummag'/'search' object 'for' object(held,carried)
Action 131	Action131	! 'shake' object
Action 132	Action132	! 'shake' object 'with'/'using' object
Action 133	Action133	! 'show' object 'toward'/'to' attrib31
Action 134	Action134	! 'show' attrib31 object(held,many,have)
Action 135	Action135	! 'rest'/'sit'/'squat' 'down'/'d//' attrib28(in_room,on_ground)
				! 'rest'/'sit'/'squat'
Action 136	Action136	! 'hop'/'skip'
Action 137	Action137	! 'smell'/'sniff'/'whiff' object
				! 'smell'/'sniff'/'whiff'
Action 138	Action138	! 'smile' 'at' object
				! 'smile'
Action 139	Action139	! 'spin'/'whirl' object
Action 140	Action140	! 'rise'/'stand' 'up'/'u//' attrib28
				! 'rise'/'stand'
				! 'carry'/'get'/'grab'/'hold'/'take' 'up'/'u//' attrib28
Action 141	Action141	! 'rise'/'stand' 'into'/'inside'/'in' object
				! 'rise'/'stand' 'onto'/'on'/'across' object
Action 142	Action142	! 'stop' object
Action 143	Action143	! 'carry'/'get'/'grab'/'hold'/'take' 'down'/'d//' attrib28
Action 144	Action144	! 'carry'/'get'/'grab'/'hold'/'take' 'off' attrib20
Action 145	Action145	! 'tame' object 'with'/'using' object
				! 'tame' object
Action 146	Action146	! 'lick'/'taste' object
Action 147	Action147	! 'tell' attrib31 'about' object
Action 148	Action148	! 'tell' object object
Action 149	Action149	! 'tell' object 'toward'/'to' object
Action 150	Action150	! 'thank'/'thanks'
				! 'thank'/'thanks' object
Action 151	Action151	! 'hurl'/'throw'/'toss' object(held,carried) 'outsid'/'out' object
				! 'hurl'/'throw'/'toss' object(held,carried) 'thru'/'throug' object(in_room,on_ground)
				! 'hurl'/'throw'/'toss' object(held,carried) 'toward'/'to' object(in_room,on_ground)
				! 'hurl'/'throw'/'toss' object(held,carried) 'at' object(in_room,on_ground)
				! 'hurl'/'throw'/'toss' object(held,carried) 'up'/'u//' attrib28
				! 'hurl'/'throw'/'toss' object(held,carried)
Action 152	Action152	! 'hurl'/'throw'/'toss' object(held,carried) 'over' object
				! 'hurl'/'throw'/'toss' object(held,carried) 'off' object
Action 153	Action153	! 'attach'/'fasten'/'secure'/'tie' object 'toward'/'to' object
				! 'attach'/'fasten'/'secure'/'tie' object
Action 154	Action154	! 'flick'/'flip'/'rotate'/'set'/'toggle'/'turn' 'into'/'inside'/'in' object 'toward'/'to' object
				! 'flick'/'flip'/'rotate'/'set'/'toggle'/'turn' object 'with'/'using' object(have)
				! 'flick'/'flip'/'rotate'/'set'/'toggle'/'turn' object 'toward'/'to' object
				! 'flick'/'flip'/'rotate'/'set'/'toggle'/'turn' 'around'/'along' attrib28
				! 'flick'/'flip'/'rotate'/'set'/'toggle'/'turn' object
Action 155	Action155	! 'adjust'/'tune' 'into'/'inside'/'in' object 'toward'/'to' object
				! 'adjust'/'tune' object 'toward'/'to' object
				! 'adjust'/'tune' object
Action 156	Action156	! 'unlock' object 'with'/'using' object(have)
				! 'unlock' object
Action 157	Action157	! 'free'/'unatta'/'unfast'/'unknot'/'untang'/'untie' object(held,carried,in_room,on_ground) 'with'/'using' object
				! 'free'/'unatta'/'unfast'/'unknot'/'untang'/'untie' object(held,carried,in_room,on_ground)
Action 158	Action158	! 'stay'/'wait'/'z//'
Action 159	Action159	! 'stay'/'wait'/'z//' 'for' object
Action 160	Action160	! 'stay'/'wait'/'z//' 'onto'/'on'/'across' object
				! 'stay'/'wait'/'z//' 'into'/'inside'/'in' object
Action 161	Action161	! 'awake'/'rouse'/'wake' 'up'/'u//' attrib28
				! 'awake'/'rouse'/'wake' attrib28
Action 162	Action162	! 'go' object
				! 'procee'/'run'/'step'/'walk' object
Action 163	Action163	! 'go' 'over' object
				! 'procee'/'run'/'step'/'walk' 'over' object
Action 164	Action164	! 'let' 'go' attrib28
Action 165	Action165	! 'clean'/'tidy'/'wash' 'up'/'u//' attrib28
				! 'clean'/'tidy'/'wash' object
Action 166	Action166	! 'wave' object(held,carried)
Action 167	Action167	! 'wave' 'toward'/'to' object
				! 'wave' 'at' object
				! 'wave'
Action 168	Action168	! 'what'/'what^'/'whats' object
				! 'what'/'what^'/'whats'
Action 169	Action169	! 'where'/'wheres' object
				! 'where'/'wheres'
Action 170	Action170	! 'crack'/'snap'/'whip' object 'with'/'using' object(have)
				! 'crack'/'snap'/'whip' object
Action 171	Action171	! 'crack'/'snap'/'whip' object(have) 'over' object
				! 'crack'/'snap'/'whip' object(have) 'onto'/'on'/'across' object
				! 'crack'/'snap'/'whip' object(have) 'at' object
Action 172	Action172	! 'who'/'whos' object
				! 'who'/'whos'
Action 173	Action173	! 'why'
Action 174	Action174	! 'howl'/'scream'/'shout'/'yell' 'toward'/'to' object
				! 'howl'/'scream'/'shout'/'yell' 'at' object
				! 'howl'/'scream'/'shout'/'yell'
Action 175	Action175	! 'you' object
				! 'you'
Action 176	Action176	! '#rand' object
Action 177	Action177	! '#comm'
Action 178	Action178	! '#reco'
Action 179	Action179	! '#unre'

Word	$ve	$ve
Word	#comm	#comm
Word	#rand	#rand
Word	#reco	#reco
Word	#unre	#unre
Word	across	across
Word	activa	activa
Word	addres	addres
Word	adjust	adjust
Word	advanc	advanc
Word	africa	africa
Word	alumin	alumin
Word	andrew	andrew
Word	animal	animal
Word	answer	answer
Word	antler	antler
Word	appara	appara
Word	appare	appare
Word	applau	applau
Word	approa	approa
Word	arange	arange
Word	around	around
Word	arrest	arrest
Word	ashtra	ashtra
Word	assaul	assaul
Word	asshol	asshol
Word	attach	attach
Word	attack	attack
Word	attrac	attrac
Word	audien	audien
Word	automo	automo
Word	baggag	baggag
Word	balanc	balanc
Word	balloo	balloo
Word	ballpl	ballpl
Word	ballyh	ballyh
Word	banana	banana
Word	banner	banner
Word	barred	barred
Word	basema	basema
Word	bastar	bastar
Word	behind	behind
Word	beneat	beneat
Word	bigtop	bigtop
Word	biogra	biogra
Word	blackj	blackj
Word	bleach	bleach
Word	bloome	bloome
Word	bounce	bounce
Word	breath	breath
Word	bright	bright
Word	brothe	brothe
Word	bucket	bucket
Word	bullwh	bullwh
Word	button	button
Word	canvas	canvas
Word	captur	captur
Word	cardbo	cardbo
Word	casset	casset
Word	catche	catche
Word	ceilin	ceilin
Word	center	center
Word	chains	chains
Word	chalky	chalky
Word	chande	chande
Word	charac	charac
Word	cheese	cheese
Word	chelse	chelse
Word	cherry	cherry
Word	chocol	chocol
Word	chuckl	chuckl
Word	cigare	cigare
Word	circle	circle
Word	circus	circus
Word	classi	classi
Word	closet	closet
Word	cocksu	cocksu
Word	combin	combin
Word	compan	compan
Word	compar	compar
Word	compou	compou
Word	comput	comput
Word	comrad	comrad
Word	conces	conces
Word	consta	consta
Word	consul	consul
Word	contro	contro
Word	conver	conver
Word	corner	corner
Word	corpus	corpus
Word	costum	costum
Word	cotton	cotton
Word	counte	counte
Word	course	course
Word	crouch	crouch
Word	crowba	crowba
Word	curtai	curtai
Word	dagnab	dagnab
Word	damage	damage
Word	damned	damned
Word	darkly	darkly
Word	darkne	darkne
Word	dealer	dealer
Word	debark	debark
Word	decora	decora
Word	demoli	demoli
Word	depart	depart
Word	descen	descen
Word	descri	descri
Word	destro	destro
Word	detect	detect
Word	devour	devour
Word	diagno	diagno
Word	didn'	didn'
Word	differ	differ
Word	dilapi	dilapi
Word	diplom	diplom
Word	direct	direct
Word	disemb	disemb
Word	dollar	dollar
Word	donate	donate
Word	drawer	drawer
Word	drinki	drinki
Word	droopy	droopy
Word	ducket	ducket
Word	egress	egress
Word	electr	electr
Word	elepha	elepha
Word	embark	embark
Word	enclos	enclos
Word	entran	entran
Word	evenin	evenin
Word	examin	examin
Word	except	except
Word	expens	expens
Word	exting	exting
Word	extrac	extrac
Word	fasten	fasten
Word	fatigu	fatigu
Word	feathe	feathe
Word	fiberg	fiberg
Word	fielde	fielde
Word	figure	figure
Word	fire-	fire-
Word	flower	flower
Word	follow	follow
Word	foobar	foobar
Word	fortun	fortun
Word	founta	founta
Word	framed	framed
Word	fronts	fronts
Word	frozen	frozen
Word	fucked	fucked
Word	fuckin	fuckin
Word	future	future
Word	gaggle	gaggle
Word	garbag	garbag
Word	garish	garish
Word	garmen	garmen
Word	genato	genato
Word	genera	genera
Word	genuin	genuin
Word	glarin	glarin
Word	glasse	glasse
Word	gloria	gloria
Word	glorio	glorio
Word	gobble	gobble
Word	goddam	goddam
Word	gorill	gorill
Word	gottfr	gottfr
Word	grands	grands
Word	granol	granol
Word	grassy	grassy
Word	ground	ground
Word	grungy	grungy
Word	guzzle	guzzle
Word	hannib	hannib
Word	hardwo	hardwo
Word	hawker	hawker
Word	headph	headph
Word	helium	helium
Word	helmet	helmet
Word	herbif	herbif
Word	hermap	hermap
Word	hersel	hersel
Word	high-	high-
Word	himsel	himsel
Word	holste	holste
Word	howard	howard
Word	hypnot	hypnot
Word	igniti	igniti
Word	imbibe	imbibe
Word	ingest	ingest
Word	inhale	inhale
Word	insert	insert
Word	inside	inside
Word	inspec	inspec
Word	intnum	intnum
Word	invent	invent
Word	jacket	jacket
Word	jennif	jennif
Word	jumble	jumble
Word	jungle	jungle
Word	katzen	katzen
Word	keiste	keiste
Word	knitte	knitte
Word	ladder	ladder
Word	lady'	lady'
Word	leathe	leathe
Word	lights	lights
Word	lion'	lion'
Word	listen	listen
Word	little	little
Word	longer	longer
Word	mahler	mahler
Word	malcom	malcom
Word	massiv	massiv
Word	menage	menage
Word	mesmer	mesmer
Word	microp	microp
Word	midget	midget
Word	midway	midway
Word	mirror	mirror
Word	monday	monday
Word	monkey	monkey
Word	morsel	morsel
Word	mouset	mouset
Word	munrab	munrab
Word	murder	murder
Word	myself	myself
Word	mystic	mystic
Word	narrow	narrow
Word	natura	natura
Word	newspr	newspr
Word	nimrod	nimrod
Word	nitrat	nitrat
Word	northe	northe
Word	northw	northw
Word	nostru	nostru
Word	number	number
Word	oakley	oakley
Word	observ	observ
Word	office	office
Word	one-d	one-d
Word	openin	openin
Word	opposi	opposi
Word	outfit	outfit
Word	outlin	outlin
Word	outsid	outsid
Word	pachyd	pachyd
Word	painte	painte
Word	palm-	palm-
Word	parlor	parlor
Word	passag	passag
Word	peanut	peanut
Word	pedest	pedest
Word	people	people
Word	perfor	perfor
Word	phreno	phreno
Word	pictur	pictur
Word	pitche	pitche
Word	pitchm	pitchm
Word	placar	placar
Word	plasti	plasti
Word	platfo	platfo
Word	player	player
Word	please	please
Word	pleate	pleate
Word	pleats	pleats
Word	plywoo	plywoo
Word	pocket	pocket
Word	pole-	pole-
Word	poleva	poleva
Word	police	police
Word	popcor	popcor
Word	prehyd	prehyd
Word	prepar	prepar
Word	presid	presid
Word	printo	printo
Word	procee	procee
Word	protag	protag
Word	purcha	purcha
Word	pursue	pursue
Word	ransom	ransom
Word	rawhid	rawhid
Word	reclin	reclin
Word	record	record
Word	rectan	rectan
Word	refres	refres
Word	remove	remove
Word	restar	restar
Word	restor	restor
Word	rewind	rewind
Word	ribbon	ribbon
Word	ricket	ricket
Word	rimsha	rimsha
Word	rodent	rodent
Word	rotate	rotate
Word	rousta	rousta
Word	rummag	rummag
Word	rumple	rumple
Word	russia	russia
Word	safari	safari
Word	safety	safety
Word	saggin	saggin
Word	sawdus	sawdus
Word	scream	scream
Word	script	script
Word	search	search
Word	second	second
Word	secret	secret
Word	secure	secure
Word	sequin	sequin
Word	sergea	sergea
Word	shades	shades
Word	shadow	shadow
Word	shaggy	shaggy
Word	sheeps	sheeps
Word	shithe	shithe
Word	shorte	shorte
Word	shorts	shorts
Word	should	should
Word	shucks	shucks
Word	side-	side-
Word	sidesh	sidesh
Word	sidewa	sidewa
Word	siding	siding
Word	silhoe	silhoe
Word	skelet	skelet
Word	smaldo	smaldo
Word	smooth	smooth
Word	snooze	snooze
Word	southe	southe
Word	southw	southw
Word	spiral	spiral
Word	spotli	spotli
Word	spread	spread
Word	spring	spring
Word	sprink	sprink
Word	square	square
Word	squint	squint
Word	stairc	stairc
Word	stairs	stairs
Word	stairw	stairw
Word	stands	stands
Word	statio	statio
Word	stepla	stepla
Word	stomac	stomac
Word	strike	strike
Word	stunne	stunne
Word	sucker	sucker
Word	suitca	suitca
Word	sungla	sungla
Word	superb	superb
Word	suppor	suppor
Word	swallo	swallo
Word	switch	switch
Word	tablec	tablec
Word	teleph	teleph
Word	thanks	thanks
Word	throug	throug
Word	ticket	ticket
Word	tickle	tickle
Word	tightr	tightr
Word	tina'	tina'
Word	toggle	toggle
Word	toward	toward
Word	traile	traile
Word	traine	traine
Word	transi	transi
Word	trench	trench
Word	trinke	trinke
Word	trophy	trophy
Word	tufted	tufted
Word	turnst	turnst
Word	tuxedo	tuxedo
Word	two-d	two-d
Word	unatta	unatta
Word	undern	undern
Word	unfast	unfast
Word	unifor	unifor
Word	unknot	unknot
Word	unlock	unlock
Word	unscri	unscri
Word	unstab	unstab
Word	untang	untang
Word	verbos	verbos
Word	versio	versio
Word	vertic	vertic
Word	voices	voices
Word	wardro	wardro
Word	warped	warped
Word	what'	what'
Word	wheres	wheres
Word	whimpe	whimpe
Word	wilhel	wilhel
Word	willia	willia
Word	window	window
Word	withdr	withdr
Word	yogurt	yogurt
Word	yourse	yourse
Word	zzmgck	zzmgck

Routine 0x5780	routine22400:?
Routine 0x5822	routine22562:?
Routine 0x587e	routine22654:?
Routine 0x5892	routine22674:?
Routine 0x5a44	routine23108:?
Routine 0x5a50	routine23120:?
Routine 0x5d92	routine23954:?
Routine 0x5da2	routine23970:?
Routine 0x5db4	routine23988:?
Routine 0x5e28	routine24104:?
Routine 0x5f40	routine24384:?
Routine 0x5f60	routine24416:?
Routine 0x5f74	routine24436:?
Routine 0x5faa	routine24490:?
Routine 0x600a	routine24586:?
Routine 0x669c	routine26268:?
Routine 0x66f4	routine26356:?
Routine 0x6748	routine26440:?
Routine 0x6760	routine26464:?
Routine 0x67c0	routine26560:?
Routine 0x67e6	routine26598:?
Routine 0x69d6	routine27094:?
Routine 0x6b76	routine27510:?
Routine 0x6bd8	routine27608:?
Routine 0x6dcc	routine28108:?
Routine 0x6e0a	routine28170:?
Routine 0x6e38	routine28216:?
Routine 0x6e4e	routine28238:?
Routine 0x6e96	routine28310:?
Routine 0x6ee8	routine28392:?
Routine 0x70e0	routine28896:?
Routine 0x7116	routine28950:?
Routine 0x7138	routine28984:?
Routine 0x71d8	routine29144:?
Routine 0x71f2	routine29170:?
Routine 0x7292	routine29330:?
Routine 0x7328	routine29480:?
Routine 0x7362	routine29538:?
Routine 0x7382	routine29570:?
Routine 0x73f8	routine29688:?
Routine 0x741a	routine29722:?
Routine 0x7440	routine29760:?
Routine 0x744c	routine29772:?
Routine 0x74bc	routine29884:?
Routine 0x7524	routine29988:?
Routine 0x7572	routine30066:?
Routine 0x76e4	routine30436:?
Routine 0x772c	routine30508:?
Routine 0x7878	routine30840:?
Routine 0x78aa	routine30890:?
Routine 0x78de	routine30942:?
Routine 0x78e6	routine30950:?
Routine 0x7ae0	routine31456:?
Routine 0x7b2c	routine31532:?
Routine 0x7bac	routine31660:?
Routine 0x7c68	routine31848:?
Routine 0x7c9c	routine31900:?
Routine 0x7d06	routine32006:?
Routine 0x7d24	routine32036:?
Routine 0x7d40	routine32064:?
Routine 0x7e60	routine32352:?
! References: obj26_shelf_of_books.prop19
Routine 0x7eee	routine32494:?
Routine 0x7f16	routine32534:?
Routine 0x7f2e	routine32558:?
Routine 0x7f92	routine32658:?
Routine 0x7fbe	routine32702:?
Routine 0x7fea	routine32746:?
Routine 0x8036	Action177Sub:?
Routine 0x803c	Action176Sub:?
Routine 0x8060	Action178Sub:?
Routine 0x8066	Action179Sub:?
Routine 0x806c	Action0Sub:?
Routine 0x8088	Action8Sub:?
Routine 0x8098	Action7Sub:?
Routine 0x80b0	Action9Sub:?
Routine 0x80e4	Action10Sub:?
Routine 0x8100	Action11Sub:?
! References: obj144_camp.prop19
Routine 0x811e	routine33054:?
Routine 0x813c	Action1Sub:?
Routine 0x8150	Action2Sub:?
Routine 0x816a	Action3Sub:?
Routine 0x81cc	Action4Sub:?
Routine 0x81fc	routine33276:?
Routine 0x822a	Action5Sub:?
Routine 0x8262	Action6Sub:?
Routine 0x82a6	routine33446:?
Routine 0x82be	routine33470:?
Routine 0x8328	routine33576:?
Routine 0x838a	Action12Sub:?
Routine 0x8414	Action13Sub:?
Routine 0x844e	Action15Sub:?
Routine 0x8456	Action161Sub:?
Routine 0x8478	Action16Sub:?
Routine 0x84c6	Action19Sub:?
Routine 0x852c	Action21Sub:?
Routine 0x8570	Action22Sub:?
Routine 0x85d2	Action23Sub:?
Routine 0x85f0	Action25Sub:?
Routine 0x8602	Action26Sub:?
Routine 0x860c	Action27Sub:?
Routine 0x8616	PreAction28Sub:?
Routine 0x8672	Action28Sub:?
Routine 0x86ee	Action30Sub:?
Routine 0x8704	PreAction31Sub:?
Routine 0x8724	Action31Sub:?
Routine 0x874a	Action32Sub:?
Routine 0x877e	Action34Sub:?
Routine 0x8788	Action100Sub:?
Routine 0x87f2	Action35Sub:?
Routine 0x8826	Action18Sub:?
Routine 0x890a	Action165Sub:?
Routine 0x8922	Action39Sub:?
Routine 0x8934	Action36Sub:?
Routine 0x896c	Action37Sub:?
Routine 0x89b0	Action41Sub:?
Routine 0x89b8	Action38Sub:?
Routine 0x89ca	Action44Sub:?
Routine 0x8a12	PreAction46Sub:?
Routine 0x8a50	Action46Sub:?
! References: obj46_Dr__Nostrum_s_Prehydrogenated_Genuine_Preparation_of_Naturally_Nitrated_Compound_Herbified_Extract.prop19
Routine 0x8a86	Action48Sub:?
Routine 0x8a92	Action43Sub:?
Routine 0x8ab8	Action49Sub:?
Routine 0x8aea	Action53Sub:?
Routine 0x8af6	Action40Sub:?
Routine 0x8bea	Action55Sub:?
Routine 0x8bf8	Action56Sub:?
! References: obj39_cheese_morsel.prop19, obj69_refreshment.prop19, obj102_corpuscular_lump_of_meat.prop19, obj163_one_dollar_and_85_cent_granola_bar.prop19, obj209_two_dollar_and_25_cent_frozen_banana.prop19
Routine 0x8c00	Action57Sub:?
Routine 0x8c08	PreAction58Sub:?
Routine 0x8c12	Action58Sub:?
Routine 0x8c26	Action62Sub:?
Routine 0x8c50	Action63Sub:?
Routine 0x8c58	Action116Sub:?
Routine 0x8ca6	Action64Sub:?
Routine 0x8cc6	Action66Sub:?
Routine 0x8dbe	Action67Sub:?
Routine 0x8dcc	Action65Sub:?
Routine 0x8de4	Action70Sub:?
Routine 0x8e66	Action73Sub:?
Routine 0x8f1c	Action69Sub:?
Routine 0x8fcc	routine36812:?
Routine 0x8fee	routine36846:?
Routine 0x9004	Action74Sub:?
Routine 0x9050	routine36944:?
Routine 0x906c	routine36972:?
Routine 0x90a0	PreAction71Sub:?
Routine 0x90cc	Action143Sub:?
Routine 0x90e0	Action71Sub:?
Routine 0x9132	Action118Sub:?
Routine 0x913a	Action76Sub:?
Routine 0x9166	Action77Sub:?
Routine 0x91b4	Action79Sub:?
Routine 0x91fa	Action80Sub:?
Routine 0x9208	Action81Sub:?
Routine 0x9276	Action29Sub:?
Routine 0x929c	Action85Sub:?
Routine 0x92a6	Action24Sub:?
Routine 0x930a	Action87Sub:?
Routine 0x9334	Action86Sub:?
Routine 0x93a8	Action45Sub:?
Routine 0x93b6	Action91Sub:?
Routine 0x93c2	Action82Sub:?
Routine 0x93fe	Action83Sub:?
Routine 0x9414	Action88Sub:?
Routine 0x94d4	Action89Sub:?
Routine 0x9500	Action90Sub:?
Routine 0x950e	Action75Sub:?
Routine 0x952e	PreAction92Sub:?
Routine 0x95e8	Action92Sub:?
Routine 0x964c	Action93Sub:?
Routine 0x965a	Action98Sub:?
Routine 0x968c	Action94Sub:?
Routine 0x9754	Action68Sub:?
Routine 0x9852	Action99Sub:?
Routine 0x9868	Action96Sub:?
Routine 0x9884	Action97Sub:?
Routine 0x9934	Action95Sub:?
! References: obj11_your_hand.prop19
Routine 0x9a1c	Action101Sub:?
Routine 0x9a24	Action102Sub:?
Routine 0x9a36	Action104Sub:?
! References: obj229_path.prop19
Routine 0x9a8c	Action50Sub:?
Routine 0x9a96	Action52Sub:?
Routine 0x9ba8	Action108Sub:?
Routine 0x9c94	Action109Sub:?
! References: obj27_scrap_of_newsprint.prop19
Routine 0x9cf4	Action110Sub:?
Routine 0x9e2e	Action33Sub:?
Routine 0x9e56	Action111Sub:?
Routine 0x9e6e	Action112Sub:?
Routine 0x9e78	Action113Sub:?
Routine 0x9e80	Action114Sub:?
Routine 0x9e88	Action115Sub:?
Routine 0x9e92	Action106Sub:?
Routine 0x9eba	PreAction59Sub:?
! References: obj135_room.prop19
Routine 0x9f6a	Action59Sub:?
Routine 0xa088	Action120Sub:?
Routine 0xa090	Action60Sub:?
Routine 0xa11e	Action61Sub:?
Routine 0xa136	Action107Sub:?
Routine 0xa13e	Action105Sub:?
Routine 0xa148	Action121Sub:?
Routine 0xa1ba	PreAction66Sub:?
Routine 0xa1f0	Action125Sub:?
Routine 0xa206	Action124Sub:?
Routine 0xa21e	Action164Sub:?
Routine 0xa242	Action127Sub:?
Routine 0xa24a	Action126Sub:?
Routine 0xa260	Action17Sub:?
Routine 0xa28c	Action122Sub:?
Routine 0xa2cc	Action78Sub:?
Routine 0xa300	Action129Sub:?
Routine 0xa394	Action130Sub:?
Routine 0xa3fa	routine41978:?
Routine 0xa414	Action154Sub:?
Routine 0xa4be	Action72Sub:?
Routine 0xa4c8	Action131Sub:?
Routine 0xa4e0	Action132Sub:?
Routine 0xa510	Action133Sub:?
Routine 0xa52c	Action135Sub:?
Routine 0xa554	Action136Sub:?
Routine 0xa562	Action54Sub:?
! References: obj177_spiral_staircase.prop19
Routine 0xa57c	Action137Sub:?
Routine 0xa5c4	Action138Sub:?
Routine 0xa5ce	Action139Sub:?
Routine 0xa5da	Action47Sub:?
Routine 0xa5e4	Action171Sub:?
Routine 0xa5ee	Action134Sub:?
Routine 0xa5f8	Action140Sub:?
Routine 0xa658	Action141Sub:?
Routine 0xa66e	Action148Sub:?
Routine 0xa678	Action142Sub:?
Routine 0xa692	PreAction112Sub:?
Routine 0xa7a8	routine42920:?
! References: obj218_Gottfried_Wilhelm_von_Katzenjammer.prop19
Routine 0xa7c8	Action117Sub:?
Routine 0xa7ea	Action144Sub:?
Routine 0xa866	Action123Sub:?
Routine 0xa890	Action128Sub:?
Routine 0xa898	Action145Sub:?
Routine 0xa8ba	Action146Sub:?
Routine 0xa8d8	Action14Sub:?
Routine 0xa94e	Action147Sub:?
Routine 0xa978	routine43384:?
Routine 0xa97e	Action149Sub:?
Routine 0xa986	Action150Sub:?
Routine 0xa9a8	Action42Sub:?
Routine 0xa9f6	PreAction151Sub:?
Routine 0xaa00	Action151Sub:?
Routine 0xaa60	Action152Sub:?
Routine 0xaa90	Action153Sub:?
Routine 0xaab8	Action155Sub:?
Routine 0xaada	Action156Sub:?
Routine 0xab48	routine43848:?
Routine 0xab90	Action157Sub:?
Routine 0xabb6	Action84Sub:?
Routine 0xac56	Action162Sub:?
Routine 0xad24	Action103Sub:?
Routine 0xad52	Action163Sub:?
Routine 0xad68	Action20Sub:?
Routine 0xad84	Action158Sub:?
Routine 0xadaa	Action159Sub:?
Routine 0xadc2	Action160Sub:?
Routine 0xade2	Action166Sub:?
Routine 0xadea	Action167Sub:?
Routine 0xae20	PreAction119Sub:?
Routine 0xae4e	Action119Sub:?
Routine 0xae6a	Action168Sub:?
Routine 0xaeaa	Action169Sub:?
Routine 0xaebe	Action170Sub:?
Routine 0xafe2	Action172Sub:?
Routine 0xb002	Action173Sub:?
Routine 0xb00c	Action174Sub:?
Routine 0xb02a	Action175Sub:?
Routine 0xb046	routine45126:?
Routine 0xb04c	Action51Sub:?
Routine 0xb212	routine45586:?
Routine 0xb282	routine45698:?
Routine 0xb512	routine46354:?
Routine 0xb53e	routine46398:?
Routine 0xb556	routine46422:?
Routine 0xb5a0	routine46496:?
Routine 0xb684	routine46724:?
Routine 0xb71c	routine46876:?
Routine 0xb90c	routine47372:?
Routine 0xb936	routine47414:?
Routine 0xb960	routine47456:?
Routine 0xb988	routine47496:?
Routine 0xbab0	routine47792:?
Routine 0xbad8	routine47832:?
Routine 0xbb24	routine47908:?
Routine 0xbb6c	routine47980:?
Routine 0xbb90	routine48016:?
Routine 0xbba8	routine48040:?
Routine 0xbbce	routine48078:?
Routine 0xbbf4	routine48116:?
Routine 0xbc08	routine48136:?
Routine 0xbc26	routine48166:?
Routine 0xbc40	routine48192:?
Routine 0xbc6a	routine48234:?
Routine 0xbc78	routine48248:?
Routine 0xbc82	routine48258:?
Routine 0xbcbc	routine48316:?
Routine 0xbcd4	routine48340:?
Routine 0xbcea	routine48362:?
! References: obj179_your_back.prop9
Routine 0xbd2a	routine48426:?
! References: obj193.prop9
Routine 0xbd48	routine48456:?
! References: obj152_money.prop9
Routine 0xbd78	routine48504:?
! References: obj186_dollar.prop9
Routine 0xbdfa	routine48634:?
! References: obj189_it.prop9
Routine 0xbe30	routine48688:?
Routine 0xbf66	routine48998:?
Routine 0xbfae	routine49070:?
! References: obj58_light.prop9, obj74_chandelier.prop9
Routine 0xbffc	routine49148:?
! References: obj67_darkness.prop9
Routine 0xc022	routine49186:?
! References: obj188_ground.prop9
Routine 0xc030	routine49200:?
! References: obj83_wall.prop9
Routine 0xc096	routine49302:?
Routine 0xc0d8	routine49368:?
! References: obj202_ceiling.prop9
Routine 0xc0fc	routine49404:?
! References: obj132_corner.prop9
Routine 0xc118	routine49432:?
! References: obj120_egress.prop9
Routine 0xc156	routine49494:?
! References: obj101_ladder.prop9
Routine 0xc17e	routine49534:?
Routine 0xc2cc	routine49868:?
Routine 0xc49c	routine50332:?
! References: obj30_Top_of_Cage.u_to, obj131_Performance_Ring.u_to, obj148_Near_White_Wagon.u_to
Routine 0xc4d8	routine50392:?
! References: obj56_Platform.d_to
Routine 0xc500	routine50432:?
Routine 0xc51c	routine50460:?
! References: obj6_air.prop9
Routine 0xc568	routine50536:?
! References: obj11_your_hand.prop9
Routine 0xc574	routine50548:?
! References: obj127_monkey.prop9
Routine 0xc60e	routine50702:?
! References: obj51_your_head.prop9
Routine 0xc7ea	routine51178:?
! References: obj211_it.prop9
Routine 0xc80e	routine51214:?
Routine 0xc810	routine51216:?
! References: obj174_himself_or_herself.prop9
Routine 0xc8de	routine51422:?
! References: obj29_yourself.prop9, obj238_pseudo.prop9
Routine 0xc902	routine51458:?
! References: obj21_closet.prop9, obj28_midway.prop9, obj45_parlor.prop9, obj61_menagerie.prop9, obj135_room.prop9, obj144_camp.prop9
Routine 0xc9f0	routine51696:?
! References: obj24_conversation.prop9
Routine 0xca9c	routine51868:?
! References: obj111_voice.prop9
Routine 0xcb06	routine51974:?
! References: obj24_conversation.prop7, obj111_voice.prop7
Routine 0xcbdc	routine52188:?
! References: obj34_roar.prop9
Routine 0xcbe0	routine52192:?
Routine 0xcbf6	routine52214:?
Routine 0xcc1e	routine52254:?
Routine 0xcc2c	routine52268:?
Routine 0xcc54	routine52308:?
Routine 0xccae	routine52398:?
Routine 0xccc4	routine52420:?
Routine 0xcce0	routine52448:?
Routine 0xccf0	routine52464:?
Routine 0xcd14	routine52500:?
Routine 0xcd42	routine52546:?
Routine 0xcd70	routine52592:?
Routine 0xcde6	routine52710:?
Routine 0xcdfe	routine52734:?
Routine 0xce22	routine52770:?
Routine 0xce2e	routine52782:?
Routine 0xce62	routine52834:?
Routine 0xce9c	routine52892:?
Routine 0xcec2	routine52930:?
Routine 0xced6	routine52950:?
Routine 0xceea	routine52970:?
Routine 0xcf40	routine53056:?
Routine 0xcf72	routine53106:?
Routine 0xcf82	routine53122:?
Routine 0xcfd0	routine53200:?
Routine 0xcfdc	routine53212:?
Routine 0xcffe	routine53246:?
Routine 0xd02a	routine53290:?
Routine 0xd046	routine53318:?
Routine 0xd3a0	routine54176:?
Routine 0xd3f0	routine54256:?
Routine 0xd414	routine54292:?
! References: obj86_circus.prop9
Routine 0xd446	routine54342:?
! References: obj206_Under_the_Bleachers.prop9
Routine 0xd47a	routine54394:?
! References: obj87_Midway_Entrance.n_to, obj206_Under_the_Bleachers.southw_to, obj206_Under_the_Bleachers.s_to
Routine 0xd4f6	routine54518:?
! References: obj206_Under_the_Bleachers.u_to
Routine 0xd546	routine54598:?
! References: obj195_garbage.prop9
Routine 0xd572	routine54642:?
! References: obj217_grandstand.prop9
Routine 0xd67a	routine54906:?
! References: obj182_Standing_Room_Only.prop9
Routine 0xd6ea	routine55018:?
Routine 0xd8f6	routine55542:?
Routine 0xd954	routine55636:?
! References: obj69_refreshment.prop9
Routine 0xdac8	routine56008:?
! References: obj78_hawker.prop9
Routine 0xdbb2	routine56242:?
! References: obj168_crowd.prop9
Routine 0xdd6c	routine56684:?
Routine 0xde5c	routine56924:?
Routine 0xde82	routine56962:?
! References: obj182_Standing_Room_Only.u_to, obj182_Standing_Room_Only.n_to
Routine 0xdf84	routine57220:?
! References: obj182_Standing_Room_Only.d_to, obj182_Standing_Room_Only.s_to
Routine 0xdfa6	routine57254:?
! References: obj182_Standing_Room_Only.e_to
Routine 0xdfc8	routine57288:?
! References: obj182_Standing_Room_Only.w_to
Routine 0xdfe6	routine57318:?
Routine 0xe002	routine57346:?
Routine 0xe058	routine57432:?
Routine 0xe094	routine57492:?
! References: obj159_big_top.prop9
Routine 0xe150	routine57680:?
! References: obj79_center_pole.prop9
Routine 0xe2c8	routine58056:?
! References: obj139_ring.prop9
Routine 0xe316	routine58134:?
! References: obj165_balloon.prop9
Routine 0xe330	routine58160:?
Routine 0xe4aa	routine58538:?
! References: obj134_helium.prop9
Routine 0xe52e	routine58670:?
Routine 0xe5e0	routine58848:?
! References: obj3_safety_net.prop9
Routine 0xe608	routine58888:?
! References: obj183_safety_net.prop9
Routine 0xe71c	routine59164:?
! References: obj3_safety_net.prop7, obj183_safety_net.prop7
Routine 0xe780	routine59264:?
! References: obj81_In_the_Wings.prop9
Routine 0xe784	routine59268:?
! References: obj81_In_the_Wings.in_to, obj81_In_the_Wings.n_to
Routine 0xe906	routine59654:?
! References: obj81_In_the_Wings.u_to, obj81_In_the_Wings.ne_to
Routine 0xe93a	routine59706:?
Routine 0xe984	routine59780:?
! References: obj131_Performance_Ring.e_to, obj131_Performance_Ring.n_to
Routine 0xe9b4	routine59828:?
! References: obj131_Performance_Ring.prop9
Routine 0xea0c	routine59916:?
! References: obj131_Performance_Ring.out_to, obj131_Performance_Ring.s_to
Routine 0xec7a	routine60538:?
Routine 0xecaa	routine60586:?
Routine 0xecee	routine60654:?
! References: obj133_stool.prop9
Routine 0xedd2	routine60882:?
! References: obj56_Platform.prop9
Routine 0xee24	routine60964:?
! References: obj56_Platform.u_to
Routine 0xee46	routine60998:?
! References: obj70_Platform.prop9
Routine 0xee50	routine61008:?
Routine 0xee66	routine61030:?
! References: obj62_Walking_a_Tightrope.prop9
Routine 0xef2e	routine61230:?
! References: obj72_tightrope.prop9
Routine 0xefc6	routine61382:?
! References: obj220_apparatus.prop9
Routine 0xf018	routine61464:?
Routine 0xf0e0	routine61664:?
! References: obj145_platform.prop9
Routine 0xf0ee	routine61678:?
! References: obj56_Platform.e_to, obj70_Platform.w_to
Routine 0xf1aa	routine61866:?
Routine 0xf24c	routine62028:?
Routine 0xf31e	routine62238:?
Routine 0xf334	routine62260:?
Routine 0xf350	routine62288:?
Routine 0xf388	routine62344:?
! References: obj62_Walking_a_Tightrope.w_to, obj62_Walking_a_Tightrope.e_to
Routine 0xf406	routine62470:?
! References: obj225_Left_Hanging.prop9
Routine 0xf834	routine63540:?
! References: obj225_Left_Hanging.d_to
Routine 0xf8e0	routine63712:?
Routine 0xf8e8	routine63720:?
! References: obj170_Lions__Den.prop9
Routine 0xf95e	routine63838:?
! References: obj170_Lions__Den.s_to
Routine 0xfae0	routine64224:?
Routine 0xfb18	routine64280:?
! References: obj37_lions__den.prop9
Routine 0xfcde	routine64734:?
Routine 0xfe54	routine65108:?
! References: obj96_lion_stand.prop9
Routine 0xfe7e	routine65150:?
Routine 0x10014	routine65556:?
Routine 0x10022	routine65570:?
! References: obj31_shaggy_lion.prop9
Routine 0x1003a	routine65594:?
Routine 0x101e0	routine66016:?
Routine 0x1025c	routine66140:?
! References: obj117_smooth_bodied_lion.prop9
Routine 0x10270	routine66160:?
Routine 0x10498	routine66712:?
! References: obj35_lion.prop9
Routine 0x104a2	routine66722:?
! References: obj102_corpuscular_lump_of_meat.prop9
Routine 0x10548	routine66888:?
! References: obj65_bucket.prop9
Routine 0x105b2	routine66994:?
Routine 0x1073e	routine67390:?
Routine 0x107bc	routine67516:?
! References: obj187_water.prop9
Routine 0x107d2	routine67538:?
! References: obj16_rawhide_bullwhip.prop9
Routine 0x108ca	routine67786:?
! References: obj149_cage_door.prop9
Routine 0x108e8	routine67816:?
! References: obj57_Connection.prop9
Routine 0x108fe	routine67838:?
Routine 0x10aba	routine68282:?
! References: obj125_sagging_banner.prop9
Routine 0x10ae8	routine68328:?
! References: obj80_long_line.prop9
Routine 0x10b56	routine68438:?
! References: obj17_short_line.prop9
Routine 0x10bd6	routine68566:?
Routine 0x10bfa	routine68602:?
Routine 0x10c3c	routine68668:?
! References: obj17_short_line.prop7, obj80_long_line.prop7
Routine 0x10cc8	routine68808:?
Routine 0x10cfc	routine68860:?
Routine 0x10ff2	routine69618:?
! References: obj163_one_dollar_and_85_cent_granola_bar.prop9
Routine 0x110d6	routine69846:?
! References: obj12_cage.prop7, obj37_lions__den.prop7, obj49_barred_passage.prop7, obj147_crowbar.prop7, obj163_one_dollar_and_85_cent_granola_bar.prop7
Routine 0x1112c	routine69932:?
! References: obj209_two_dollar_and_25_cent_frozen_banana.prop9
Routine 0x11130	routine69936:?
! References: obj75_jumble_of_trinkets.prop7, obj102_corpuscular_lump_of_meat.prop7, obj209_two_dollar_and_25_cent_frozen_banana.prop7
Routine 0x11290	routine70288:?
! References: obj162_Jerry.prop9
Routine 0x11294	routine70292:?
! References: obj42_group_of_ballplayers.prop9
Routine 0x11300	routine70400:?
Routine 0x11350	routine70480:?
Routine 0x113cc	routine70604:?
! References: obj142_concession_stand.prop9
Routine 0x11458	routine70744:?
! References: obj181_concessionaire.prop9
Routine 0x1154a	routine70986:?
! References: obj90_drinking_fountain.prop9
Routine 0x1158a	routine71050:?
! References: obj22_button.prop9
Routine 0x115c2	routine71106:?
! References: obj10_water.prop9
Routine 0x11652	routine71250:?
! References: obj4_Back_Yard.prop9
Routine 0x1166e	routine71278:?
Routine 0x1181a	routine71706:?
! References: obj49_barred_passage.prop18
Routine 0x11abe	routine72382:?
! References: obj49_barred_passage.prop9
Routine 0x11b7a	routine72570:?
! References: obj49_barred_passage.prop5
Routine 0x11ccc	routine72908:?
Routine 0x11d24	routine72996:?
! References: obj38_rusty_grate.prop9
Routine 0x11d56	routine73046:?
Routine 0x11f74	routine73588:?
! References: obj230_Beside_the_Big_Top.prop9
Routine 0x12002	routine73730:?
! References: obj148_Near_White_Wagon.prop9
Routine 0x12036	routine73782:?
Routine 0x12144	routine74052:?
! References: obj148_Near_White_Wagon.out_to, obj148_Near_White_Wagon.s_to
Routine 0x12176	routine74102:?
Routine 0x12290	routine74384:?
Routine 0x122ae	routine74414:?
! References: obj63_On_the_Wagon.prop9
Routine 0x122e4	routine74468:?
! References: obj63_On_the_Wagon.in_to
Routine 0x123d8	routine74712:?
! References: obj110_white_wagon.prop9
Routine 0x12434	routine74804:?
Routine 0x125a2	routine75170:?
! References: obj63_On_the_Wagon.d_to
Routine 0x125c2	routine75202:?
! References: obj237_crank.prop9
Routine 0x1261e	routine75294:?
! References: obj40_square_aluminum_panel.prop9
Routine 0x1267e	routine75390:?
! References: obj59_Office.prop9
Routine 0x1272e	routine75566:?
! References: obj176_spreadsheet.prop9
Routine 0x12810	routine75792:?
! References: obj203_telephone.prop9
Routine 0x12864	routine75876:?
! References: obj23_police.prop9
Routine 0x1289a	routine75930:?
! References: obj130_chain_link_fence.prop9
Routine 0x128ac	routine75948:?
! References: obj73_Eddie_Smaldone.prop9
Routine 0x1292e	routine76078:?
Routine 0x12a1e	routine76318:?
Routine 0x12a46	routine76358:?
Routine 0x12b02	routine76546:?
Routine 0x12bd2	routine76754:?
Routine 0x12c84	routine76932:?
! References: obj100_office_door.prop9
Routine 0x12cc4	routine76996:?
Routine 0x12dd0	routine77264:?
! References: obj59_Office.u_to
Routine 0x12dfa	routine77306:?
! References: obj167_office.prop9
Routine 0x12e1e	routine77342:?
! References: obj103_cherry_hardwood_desk.prop9
Routine 0x12e74	routine77428:?
! References: obj54_chair.prop9
Routine 0x12f5e	routine77662:?
! References: obj234_desk.prop9
Routine 0x12fac	routine77740:?
Routine 0x12fda	routine77786:?
! References: obj172_diploma.prop9
Routine 0x13060	routine77920:?
! References: obj26_shelf_of_books.prop9
Routine 0x13084	routine77956:?
! References: obj198_burned_cage.prop9
Routine 0x13100	routine78080:?
! References: obj207_guard.prop9
Routine 0x131da	routine78298:?
! References: obj32_pair_of_sunglasses.prop9
Routine 0x13cb0	routine81072:?
! References: obj92_turnstile.prop9, obj235_turnstile.prop9
Routine 0x13cce	routine81102:?
! References: obj92_turnstile.prop18
Routine 0x13daa	routine81322:?
! References: obj160_narrow_slot.prop9
Routine 0x13dd4	routine81364:?
Routine 0x13ef6	routine81654:?
! References: obj4_Back_Yard.s_to, obj57_Connection.e_to, obj87_Midway_Entrance.out_to, obj87_Midway_Entrance.w_to, obj201_Camp__East.out_to, obj201_Camp__East.n_to
Routine 0x13f22	routine81698:?
Routine 0x13fa8	routine81832:?
! References: obj1_Inside_Prop_Tent.prop9
Routine 0x13fea	routine81898:?
! References: obj1_Inside_Prop_Tent.s_to, obj94_Camp__West.out_to, obj94_Camp__West.n_to
Routine 0x1417a	routine82298:?
Routine 0x141c4	routine82372:?
! References: obj1_Inside_Prop_Tent.out_to, obj1_Inside_Prop_Tent.e_to
Routine 0x14240	routine82496:?
! References: obj154.prop9
Routine 0x142b6	routine82614:?
Routine 0x144f0	routine83184:?
Routine 0x144fa	routine83194:?
Routine 0x14574	routine83316:?
Routine 0x1459e	routine83358:?
! References: obj39_cheese_morsel.prop9
Routine 0x145a0	routine83360:?
! References: obj196.prop18
Routine 0x1461c	routine83484:?
! References: obj196.prop9
Routine 0x1467c	routine83580:?
Routine 0x148f4	routine84212:?
! References: obj60_dead_mouse.prop7, obj154.prop7, obj196.prop7
Routine 0x14924	routine84260:?
Routine 0x14928	routine84264:?
! References: obj93_clown_mask.prop9
Routine 0x1496a	routine84330:?
! References: obj208_gorilla_suit.prop9
Routine 0x149b4	routine84404:?
! References: obj173_midget_car.prop9
Routine 0x14a84	routine84612:?
! References: obj118_ignition_switch.prop9
Routine 0x14b5e	routine84830:?
Routine 0x14bf8	routine84984:?
! References: obj66_figure_of_President_Taft.prop18
Routine 0x14c26	routine85030:?
! References: obj66_figure_of_President_Taft.prop9
Routine 0x14c48	routine85064:?
Routine 0x14d0e	routine85262:?
Routine 0x14d68	routine85352:?
Routine 0x14fdc	routine85980:?
! References: obj146_Mr__Munrab.prop9
Routine 0x15274	routine86644:?
! References: obj146_Mr__Munrab.prop18
Routine 0x153ac	routine86956:?
Routine 0x15434	routine87092:?
! References: obj151_group.prop9
Routine 0x15464	routine87140:?
! References: obj153_detective.prop9
Routine 0x154a2	routine87202:?
Routine 0x159b6	routine88502:?
! References: obj153_detective.prop18
Routine 0x15a2e	routine88622:?
! References: obj155_rumpled_trenchcoat.prop9
Routine 0x15a86	routine88710:?
! References: obj184_trade_card.prop9
Routine 0x15b50	routine88912:?
Routine 0x15be4	routine89060:?
! References: obj158_ransom_note.prop9
Routine 0x15c16	routine89110:?
! References: obj94_Camp__West.prop9
Routine 0x15cd8	routine89304:?
Routine 0x15d6e	routine89454:?
Routine 0x15dae	routine89518:?
! References: obj210_canvas_wall.prop9
Routine 0x15df4	routine89588:?
! References: obj52_tent.prop7, obj210_canvas_wall.prop7
Routine 0x15ee8	routine89832:?
Routine 0x15eec	routine89836:?
! References: obj201_Camp__East.prop9
Routine 0x15f08	routine89864:?
! References: obj218_Gottfried_Wilhelm_von_Katzenjammer.prop9
Routine 0x15f9e	routine90014:?
! References: obj226_Inside_Trailer.prop9
Routine 0x15fcc	routine90060:?
Routine 0x160cc	routine90316:?
! References: obj99_moose_head.prop9
Routine 0x160e2	routine90338:?
! References: obj123_crawl_space.prop9
Routine 0x16180	routine90496:?
! References: obj19_window.prop9
Routine 0x162be	routine90814:?
! References: obj82_curtain.prop9
Routine 0x1632a	routine90922:?
! References: obj171_trailer.prop9
Routine 0x163b0	routine91056:?
! References: obj143_sign.prop9
Routine 0x164c6	routine91334:?
! References: obj239_trailer_door.prop9
Routine 0x1651e	routine91422:?
Routine 0x166fe	routine91902:?
Routine 0x16b50	routine93008:?
Routine 0x16ce0	routine93408:?
! References: obj84_Chelsea.prop9
Routine 0x16df4	routine93684:?
Routine 0x17032	routine94258:?
! References: obj126_whimper.prop9
Routine 0x17336	routine95030:?
! References: obj213_compartment.prop9
Routine 0x17350	routine95056:?
Routine 0x17366	routine95078:?
! References: obj219_Comrade_Thumb.prop9
Routine 0x173de	routine95198:?
! References: obj219_Comrade_Thumb.prop18
Routine 0x17806	routine96262:?
Routine 0x1789a	routine96410:?
! References: obj115_uniform.prop9
Routine 0x178d2	routine96466:?
Routine 0x178e4	routine96484:?
! References: obj180_flower.prop9
Routine 0x1790c	routine96524:?
Routine 0x17992	routine96658:?
Routine 0x17b02	routine97026:?
! References: obj113_Chuckles.prop18
Routine 0x17b42	routine97090:?
! References: obj113_Chuckles.prop9
Routine 0x17c5e	routine97374:?
Routine 0x17fb8	routine98232:?
Routine 0x17fea	routine98282:?
Routine 0x1806a	routine98410:?
Routine 0x180e8	routine98536:?
Routine 0x18138	routine98616:?
Routine 0x18182	routine98690:?
! References: obj157_Clown_Alley.prop9
Routine 0x181fe	routine98814:?
Routine 0x18354	routine99156:?
! References: obj157_Clown_Alley.out_to, obj157_Clown_Alley.n_to
Routine 0x1838e	routine99214:?
! References: obj166_trailer.prop9
Routine 0x18406	routine99334:?
Routine 0x18492	routine99474:?
Routine 0x18620	routine99872:?
! References: obj214_ash_tray.prop9
Routine 0x18726	routine100134:?
! References: obj199_heap_of_black_ash.prop9
Routine 0x18746	routine100166:?
! References: obj27_scrap_of_newsprint.prop9
Routine 0x1881a	routine100378:?
! References: obj119_costume.prop9
Routine 0x188c2	routine100546:?
! References: obj128_mirror.prop9
Routine 0x188d6	routine100566:?
! References: obj109_lower_bunk.prop9, obj185_upper_bunk.prop9
Routine 0x18900	routine100608:?
! References: obj44_trailer_door.prop9
Routine 0x1898c	routine100748:?
! References: obj87_Midway_Entrance.prop9
Routine 0x18b68	routine101224:?
Routine 0x18bd8	routine101336:?
Routine 0x18c46	routine101446:?
! References: obj175_Menagerie.prop9
Routine 0x18c72	routine101490:?
Routine 0x18d3a	routine101690:?
! References: obj13_Inside_Mahler_s_Cage.e_to, obj175_Menagerie.w_to
Routine 0x18d66	routine101734:?
! References: obj112_Elephant_Tent.w_to, obj175_Menagerie.e_to
Routine 0x18d8c	routine101772:?
! References: obj148_Near_White_Wagon.ne_to, obj175_Menagerie.southw_to
Routine 0x18df8	routine101880:?
! References: obj9_Mahler.prop9
Routine 0x18e3a	routine101946:?
Routine 0x19346	routine103238:?
Routine 0x1956c	routine103788:?
Routine 0x19576	routine103798:?
! References: obj13_Inside_Mahler_s_Cage.prop9
Routine 0x19580	routine103808:?
! References: obj136_compartment.prop9
Routine 0x196ca	routine104138:?
! References: obj233_trap_door.prop9
Routine 0x197c0	routine104384:?
! References: obj85_ribbon.prop9
Routine 0x198c0	routine104640:?
! References: obj12_cage.prop9
Routine 0x19910	routine104720:?
Routine 0x19cc8	routine105672:?
! References: obj30_Top_of_Cage.prop9
Routine 0x19cdc	routine105692:?
! References: obj30_Top_of_Cage.d_to, obj121_Menagerie_Nook.u_to
Routine 0x19d3e	routine105790:?
! References: obj112_Elephant_Tent.prop9
Routine 0x19dc8	routine105928:?
! References: obj178_Wardrobe_Closet.prop9
Routine 0x19e24	routine106020:?
! References: obj106_dress_suit_combination.prop9
Routine 0x19f04	routine106244:?
! References: obj222_veil.prop9
Routine 0x19fe4	routine106468:?
Routine 0x1a006	routine106502:?
! References: obj104_shawl_jacket_combo.prop9
Routine 0x1a020	routine106528:?
! References: obj53_On_the_Tent.prop9
Routine 0x1a030	routine106544:?
! References: obj53_On_the_Tent.d_to
Routine 0x1a104	routine106756:?
Routine 0x1a12e	routine106798:?
Routine 0x1a2ca	routine107210:?
! References: obj97_elephant_prod.prop9
Routine 0x1a2f4	routine107252:?
! References: obj47_burn_hole.prop9
Routine 0x1a48e	routine107662:?
Routine 0x1a4f0	routine107760:?
! References: obj52_tent.prop9
Routine 0x1a52a	routine107818:?
! References: obj141_elephant.prop9
Routine 0x1a606	routine108038:?
Routine 0x1aa76	routine109174:?
Routine 0x1abac	routine109484:?
Routine 0x1abb8	routine109496:?
! References: obj64_massive_chain.prop9
Routine 0x1ad1a	routine109850:?
! References: obj121_Menagerie_Nook.prop9
Routine 0x1ad64	routine109924:?
! References: obj121_Menagerie_Nook.in_to
Routine 0x1ae50	routine110160:?
! References: obj121_Menagerie_Nook.e_to
Routine 0x1ae64	routine110180:?
! References: obj229_path.prop9
Routine 0x1ae86	routine110214:?
! References: obj191_straw.prop9
Routine 0x1aece	routine110286:?
! References: obj89_sawdust.prop9
Routine 0x1af1a	routine110362:?
! References: obj192_Inside_Cage.prop9
Routine 0x1af32	routine110386:?
! References: obj14_skeleton_key.prop9
Routine 0x1af9a	routine110490:?
Routine 0x1afbc	routine110524:?
Routine 0x1b048	routine110664:?
! References: obj98_roustabout.prop9
Routine 0x1b0ba	routine110778:?
! References: obj98_roustabout.prop18
Routine 0x1b248	routine111176:?
! References: obj190_roustabout.prop9
Routine 0x1b262	routine111202:?
! References: obj161_Sgt__Duffy.prop9
Routine 0x1b2a8	routine111272:?
! References: obj36_pair_of_headphones.prop9
Routine 0x1b2c2	routine111298:?
Routine 0x1b5fc	routine112124:?
Routine 0x1b656	routine112214:?
Routine 0x1b81c	routine112668:?
Routine 0x1b82e	routine112686:?
Routine 0x1b8d0	routine112848:?
Routine 0x1b91e	routine112926:?
! References: obj55_music.prop9
Routine 0x1b952	routine112978:?
Routine 0x1b9de	routine113118:?
! References: obj15_Hypnotist_s_Parlor.prop9
Routine 0x1ba0a	routine113162:?
Routine 0x1bb7e	routine113534:?
! References: obj122_your_ticket.prop9
Routine 0x1bbae	routine113582:?
! References: obj71_blue_dot.prop9, obj231_pink_dot.prop9
Routine 0x1bbfe	routine113662:?
Routine 0x1bca8	routine113832:?
! References: obj2_Rimshaw_the_Incomparable.prop9
Routine 0x1bcb8	routine113848:?
! References: obj2_Rimshaw_the_Incomparable.prop18
Routine 0x1c27e	routine115326:?
Routine 0x1c2be	routine115390:?
Routine 0x1c322	routine115490:?
Routine 0x1c378	routine115576:?
Routine 0x1c38e	routine115598:?
Routine 0x1c416	routine115734:?
! References: obj20_leather_sofa.prop9
Routine 0x1c508	routine115976:?
! References: obj138_tuxedo.prop9
Routine 0x1c564	routine116068:?
! References: obj107_future.prop9
Routine 0x1c572	routine116082:?
! References: obj105_Midway_of_Midway.prop9
Routine 0x1c590	routine116112:?
! References: obj223_sideshow_front.prop9
Routine 0x1c5ea	routine116202:?
Routine 0x1c788	routine116616:?
! References: obj212_secret_panel.prop9
Routine 0x1c7ba	routine116666:?
! References: obj164_cage_door.prop7, obj212_secret_panel.prop7
Routine 0x1c86a	routine116842:?
Routine 0x1c872	routine116850:?
! References: obj91_East_Half_of_Fat_Lady.prop9, obj150_West_Half_of_Fat_Lady.prop9
Routine 0x1c8b8	routine116920:?
! References: obj91_East_Half_of_Fat_Lady.northw_to, obj91_East_Half_of_Fat_Lady.southw_to, obj150_West_Half_of_Fat_Lady.out_to, obj150_West_Half_of_Fat_Lady.s_to, obj150_West_Half_of_Fat_Lady.se_to, obj150_West_Half_of_Fat_Lady.ne_to
Routine 0x1c98e	routine117134:?
Routine 0x1ca26	routine117286:?
! References: obj205_fat_lady.prop9
Routine 0x1ca42	routine117314:?
! References: obj140_fat_lady_s_hand.prop9
Routine 0x1cd24	routine118052:?
Routine 0x1cec6	routine118470:?
! References: obj48_transistor_radio.prop9
Routine 0x1cf40	routine118592:?
Routine 0x1d09e	routine118942:?
! References: obj197_WPDL.prop9
Routine 0x1d1f8	routine119288:?
! References: obj18_radio_dial.prop9
Routine 0x1d236	routine119350:?
Routine 0x1d360	routine119648:?
! References: obj177_spiral_staircase.prop9
Routine 0x1d3a6	routine119718:?
! References: obj108_Jennifer_s_Boudoir.u_to, obj178_Wardrobe_Closet.u_to
Routine 0x1d3b4	routine119732:?
! References: obj108_Jennifer_s_Boudoir.prop9
Routine 0x1d4a4	routine119972:?
! References: obj7_Andrew_Jenny.prop9
Routine 0x1d4f4	routine120052:?
! References: obj7_Andrew_Jenny.prop18
Routine 0x1d59e	routine120222:?
! References: obj200_Andrew.prop9
Routine 0x1d5da	routine120282:?
! References: obj114_Andrew_s_outfit.prop9
Routine 0x1d738	routine120632:?
! References: obj5_Jenny.prop7, obj7_Andrew_Jenny.prop7
Routine 0x1d7bc	routine120764:?
! References: obj5_Jenny.prop9
Routine 0x1d7c0	routine120768:?
! References: obj228_Jenny_s_apparel.prop9
Routine 0x1d8ba	routine121018:?
Routine 0x1d916	routine121110:?
Routine 0x1d92e	routine121134:?
! References: obj216_cigarette_case.prop9
Routine 0x1db3e	routine121662:?
! References: obj194_Far_End_of_Midway.prop9
Routine 0x1dbfe	routine121854:?
Routine 0x1dc5a	routine121946:?
! References: obj224_Billy_Monday.prop9
Routine 0x1dd0e	routine122126:?
! References: obj224_Billy_Monday.prop18
Routine 0x1df1e	routine122654:?
Routine 0x1df84	routine122756:?
! References: obj88_cloud_of_smoke.prop9
Routine 0x1df9e	routine122782:?
! References: obj232_Blue_Room.prop9
Routine 0x1dfae	routine122798:?
Routine 0x1e268	routine123496:?
Routine 0x1e2b4	routine123572:?
Routine 0x1e300	routine123648:?
Routine 0x1e310	routine123664:?
! References: obj116_dealer.prop9
Routine 0x1e59a	routine124314:?
Routine 0x1e66c	routine124524:?
! References: obj95_blackjack_table.prop9
Routine 0x1e6b6	routine124598:?
! References: obj8_deck_of_cards.prop7, obj25_poker_game.prop7
Routine 0x1e734	routine124724:?
! References: obj8_deck_of_cards.prop9
Routine 0x1e738	routine124728:?
! References: obj25_poker_game.prop9
Routine 0x1e784	routine124804:?
! References: obj227_keister.prop9
Routine 0x1e81e	routine124958:?
! References: obj75_jumble_of_trinkets.prop9
Routine 0x1e88e	routine125070:?
! References: obj46_Dr__Nostrum_s_Prehydrogenated_Genuine_Preparation_of_Naturally_Nitrated_Compound_Herbified_Extract.prop9
Routine 0x1e8a2	routine125090:?
! References: obj221_dirty_rag.prop9
Routine 0x1e9ce	routine125390:?
Routine 0x1e9da	routine125402:?
