! Auto-generated by Reform.

MD5	ad3cdea88d81033fe29167688bd98c31

Object 1	obj1_forest
Object 2	obj2_Dungeon
Object 3	obj3_bedpost
Object 4	obj4_water
Object 5	obj5_bare_hands_of_a_novice_enchanter
Object 6	obj6_map
Object 7	obj7_hills
Object 8	obj8_guncho_spell
Object 9	obj9_Mountain_Trail
Object 10	obj10_passage
Object 11	obj11_Necromancer_Belboz
Object 12	obj12_courtyard
Object 13	obj13_window
Object 14	obj14_badly_worn_pencil
Object 15	obj15_chains
Object 16	obj16_rainbow_turtle
Object 17	obj17_noise
Object 18	obj18_local_vegetation
Object 19	obj19_jug
Object 20	obj20_dusty_book
Object 21	obj21_you
Object 22	obj22_Courtyard
Object 23	obj23_Map_Room
Object 24	obj24_ornate_scroll
Object 25	obj25_scribbled_scroll
Object 26	obj26_banquet_candles
Object 27	obj27_Kitchen
Object 28	obj28_point_V
Object 29	obj29_hovel
Object 30	obj30_tangle_of_rope
Object 31	obj31_blinking_display
Object 32	obj32_Swamp
Object 33	obj33_lawn
Object 34	obj34_Translucent_Room
Object 35	obj35_Sacrificial_Altar
Object 36	obj36_stained_scroll
Object 37	obj37_sign
Object 38	obj38_turret
Object 39	obj39
Object 40	obj40_kulcad_spell
Object 41	obj41_loaf_of_bread
Object 42	obj42_Fork
Object 43	obj43_East_Hall
Object 44	obj44_adventurer
Object 45	obj45_Long_Road
Object 46	obj46_lurking_evil_presence
Object 47	obj47_Winding_Stair
Object 48	obj48_rainbow_turtle
Object 49	obj49_Lonely_Mountain
Object 50	obj50_warlock_Krill
Object 51	obj51_benches
Object 52	obj52_point_R
Object 53	obj53_cleesh_spell
Object 54	obj54_Cell
Object 55	obj55_cretin
Object 56	obj56_Translucent_Room
Object 57	obj57_castle
Object 58	obj58
Object 59	obj59_frotz_spell
Object 60	obj60_filfre_spell
Object 61	obj61_undergrowth
Object 62	obj62_frog
Object 63	obj63_square_block_of_stone
Object 64	obj64_North_Gate
Object 65	obj65_Tower
Object 66	obj66_Courtyard
Object 67	obj67_glowing_control
Object 68	obj68_point_P
Object 69	obj69_sleep
Object 70	obj70_Hall_of_Mirrors_Three
Object 71	obj71_brittle_scroll
Object 72	obj72_heap_of_garbage
Object 73	obj73_Legend_of_the_Great_Implementers
Object 74	obj74_road
Object 75	obj75_sky
Object 76	obj76
Object 77	obj77_West_Hall
Object 78	obj78_izyuk_spell
Object 79	obj79_random_object
Object 80	obj80_gnusto_spell
Object 81	obj81_gondar_spell
Object 82	obj82_castle_wall
Object 83	obj83_black_passage
Object 84	obj84_nitfol_spell
Object 85	obj85_oven
Object 86	obj86_point_M
Object 87	obj87_Cell
Object 88	obj88_pedestal
Object 89	obj89_Shady_Brook
Object 90	obj90_machinery
Object 91	obj91_point_K
Object 92	obj92_Beach
Object 93	obj93_oven
Object 94	obj94_battered_lantern
Object 95	obj95_Forest
Object 96	obj96_Trail
Object 97	obj97_adventurer
Object 98	obj98_flotsam
Object 99	obj99_Cell
Object 100	obj100_statue
Object 101	obj101_Outside_Gate
Object 102	obj102_Trail_Head
Object 103	obj103_Closet
Object 104	obj104_Translucent_Room
Object 105	obj105_Landing
Object 106	obj106_portraits_of_unknown_persons
Object 107	obj107_worn_silver_spoon
Object 108	obj108_rusty_gate
Object 109	obj109_guards
Object 110	obj110_hole
Object 111	obj111_glimpse
Object 112	obj112_beautiful__ornamented_egg
Object 113	obj113_sea
Object 114	obj114_niche
Object 115	obj115_ornate_button
Object 116	obj116_Courtyard
Object 117	obj117_black_scroll
Object 118	obj118_lily_pad
Object 119	obj119_Translucent_Room
Object 120	obj120_creature_swathed_in_rags
Object 121	obj121_maps
Object 122	obj122_Temple
Object 123	obj123_Jewel_Room
Object 124	obj124_rat_nest
Object 125	obj125_Hall_of_Mirrors_Two
Object 126	obj126_mirror
Object 127	obj127_tower
Object 128	obj128_spear
Object 129	obj129_Gallery
Object 130	obj130_meadow
Object 131	obj131_iron_chain
Object 132	obj132_monster
Object 133	obj133_fourposter_feather_bed
Object 134	obj134_gold_leaf_scroll
Object 135	obj135_room
Object 136	obj136_golden_crank
Object 137	obj137_Banquet_Hall
Object 138	obj138_compartment
Object 139	obj139_diamond_studded_button
Object 140	obj140_Loop
Object 141	obj141_exex_spell
Object 142	obj142_Courtyard
Object 143	obj143_Meadow
Object 144	obj144_spell_book
Object 145	obj145_Engine_Room
Object 146	obj146_Library
Object 147	obj147_north_cell_door
Object 148	obj148_lapis_handle
Object 149	obj149_emerald_knob
Object 150	obj150_Legend_of_the_Unseen_Terror
Object 151	obj151_silver_slide
Object 152	obj152_simple_wooden_door
Object 153	obj153_festive_decorations
Object 154	obj154_frayed_scroll
Object 155	obj155_melbor_spell
Object 156	obj156_Warlock_s_Tower
Object 157	obj157_foundation
Object 158	obj158_zifmia_spell
Object 159	obj159_temple
Object 160	obj160_Winding_Stair
Object 161	obj161_Guarded_Door
Object 162	obj162_Courtyard
Object 163	obj163_Translucent_Room
Object 164	obj164_Bedroom
Object 165	obj165_wooden_shack
Object 166	obj166_glimpse
Object 167	obj167_Frobozz_portrait
Object 168	obj168_stairs
Object 169	obj169_sacrificial_dagger
Object 170	obj170_lighted_portrait
Object 171	obj171_Control_Room
Object 172	obj172_Hall_of_Mirrors_One
Object 173	obj173_Western_Road
Object 174	obj174_Translucent_Room
Object 175	obj175_brass_lantern
Object 176	obj176_strong_box
Object 177	obj177_golden_cutlery
Object 178	obj178_huddled_mass__yearning_to_drink_blood
Object 179	obj179_Flathead_portrait
Object 180	obj180_scrambled_egg
Object 181	obj181_tree
Object 182	obj182_quantity_of_water
Object 183	obj183_skeleton
Object 184	obj184_floor
Object 185	obj185_tracks
Object 186	obj186_mountain
Object 187	obj187_such_thing
Object 188	obj188_dragon
Object 189	obj189_Eastern_Fork
Object 190	obj190_Courtyard
Object 191	obj191_number
Object 192	obj192_group_of_hairy_shapes
Object 193	obj193_blorb_spell
Object 194	obj194_gate
Object 195	obj195_collection_of_chests_and_cabinets
Object 196	obj196_Deserted_Village
Object 197	obj197_ozmoo_spell
Object 198	obj198_ceiling
Object 199	obj199_mirror_environment
Object 200	obj200_arch
Object 201	obj201_purple_scroll
Object 202	obj202_cell_door
Object 203	obj203_golden_globe
Object 204	obj204_black_candle
Object 205	obj205_point_J
Object 206	obj206_slightly_crumpled_scroll
Object 207	obj207_sign
Object 208	obj208_stone_wall
Object 209	obj209_Bottomless_Pit
Object 210	obj210_rat_hole
Object 211	obj211_point_H
Object 212	obj212_Dusty_Trail
Object 213	obj213_Secret_Passage
Object 214	obj214_bramble
Object 215	obj215_vaxum_spell
Object 216	obj216_Translucent_Room
Object 217	obj217_Courtyard
Object 218	obj218_beach
Object 219	obj219_Pebbled_Path
Object 220	obj220_point_F
Object 221	obj221_jewelled_box
Object 222	obj222_sword
Object 223	obj223_luscious_food
Object 224	obj224_tables
Object 225	obj225_Tower
Object 226	obj226_vellum_scroll
Object 227	obj227_Outside_of_Shack
Object 228	obj228_shards_of_glass
Object 229	obj229_Hall_of_Mirrors_Four
Object 230	obj230_guarded_door
Object 231	obj231_Translucent_Room
Object 232	obj232_iron_gate
Object 233	obj233_powerful_scroll
Object 234	obj234_shredded_scroll
Object 235	obj235_damp_scroll
Object 236	obj236_Tower
Object 237	obj237_point_B
Object 238	obj238_rezrov_spell
Object 239	obj239_sign
Object 240	obj240_Translucent_Room
Object 241	obj241_krebf_spell
Object 242	obj242_adventurer
Object 243	obj243_Inside_Gate
Object 244	obj244_Inside_Shack
Object 245	obj245_faded_scroll
Object 246	obj246_South_Gate
Object 247	obj247_Junction
Object 248	obj248_monster
Object 249	obj249_Village_Outskirts
Object 250	obj250_Entharion
Object 251	obj251_south_cell_door
Object 252	obj252_pseudo
Object 253	obj253_South_Hall
Object 254	obj254_various_and_sundry_items
Object 255	obj255_warlock_Krill

Attribute 1	attrib1			! obj152_simple_wooden_door obj194_gate obj232_iron_gate
Attribute 2	attrib2			! obj107_worn_silver_spoon obj112_beautiful__ornamented_egg obj169_sacrificial_dagger obj221_jewelled_box
Attribute 3	attrib3			! obj24_ornate_scroll obj25_scribbled_scroll obj36_stained_scroll obj71_brittle_scroll obj117_black_scroll obj134_gold_leaf_scroll obj154_frayed_scroll obj201_purple_scroll obj206_slightly_crumpled_scroll obj226_vellum_scroll obj233_powerful_scroll obj235_damp_scroll obj245_faded_scroll
Attribute 4	attrib4			! obj8_guncho_spell obj40_kulcad_spell obj53_cleesh_spell obj59_frotz_spell obj60_filfre_spell obj78_izyuk_spell obj80_gnusto_spell obj81_gondar_spell obj84_nitfol_spell obj141_exex_spell obj155_melbor_spell obj158_zifmia_spell obj193_blorb_spell obj197_ozmoo_spell obj215_vaxum_spell obj238_rezrov_spell obj241_krebf_spell
Attribute 5	attrib5			! obj188_dragon
Attribute 6	attrib6			! obj28_point_V obj52_point_R obj68_point_P obj86_point_M obj91_point_K obj205_point_J obj211_point_H obj220_point_F obj237_point_B
Attribute 7	attrib7			! obj3_bedpost obj5_bare_hands_of_a_novice_enchanter obj8_guncho_spell obj15_chains obj18_local_vegetation obj26_banquet_candles obj28_point_V obj30_tangle_of_rope obj31_blinking_display obj37_sign obj40_kulcad_spell obj46_lurking_evil_presence obj51_benches obj52_point_R obj53_cleesh_spell obj55_cretin obj59_frotz_spell obj60_filfre_spell obj62_frog obj63_square_block_of_stone obj67_glowing_control obj68_point_P obj72_heap_of_garbage obj73_Legend_of_the_Great_Implementers obj78_izyuk_spell obj79_random_object obj80_gnusto_spell obj81_gondar_spell obj82_castle_wall obj84_nitfol_spell obj85_oven obj86_point_M obj88_pedestal obj91_point_K obj93_oven obj98_flotsam obj100_statue obj106_portraits_of_unknown_persons obj108_rusty_gate obj114_niche obj115_ornate_button obj118_lily_pad obj121_maps obj124_rat_nest obj126_mirror obj128_spear obj131_iron_chain obj132_monster obj136_golden_crank obj138_compartment obj139_diamond_studded_button obj141_exex_spell obj148_lapis_handle obj149_emerald_knob obj150_Legend_of_the_Unseen_Terror obj151_silver_slide obj152_simple_wooden_door obj153_festive_decorations obj155_melbor_spell obj157_foundation obj158_zifmia_spell obj165_wooden_shack obj167_Frobozz_portrait obj168_stairs obj170_lighted_portrait obj177_golden_cutlery obj178_huddled_mass__yearning_to_drink_blood obj179_Flathead_portrait obj185_tracks obj193_blorb_spell obj194_gate obj195_collection_of_chests_and_cabinets obj197_ozmoo_spell obj198_ceiling obj202_cell_door obj203_golden_globe obj205_point_J obj207_sign obj208_stone_wall obj211_point_H obj215_vaxum_spell obj220_point_F obj223_luscious_food obj224_tables obj228_shards_of_glass obj230_guarded_door obj232_iron_gate obj237_point_B obj238_rezrov_spell obj239_sign obj241_krebf_spell obj242_adventurer obj254_various_and_sundry_items
Attribute 8	attrib8			! obj9_Mountain_Trail obj22_Courtyard obj32_Swamp obj35_Sacrificial_Altar obj42_Fork obj45_Long_Road obj49_Lonely_Mountain obj54_Cell obj66_Courtyard obj76 obj77_West_Hall obj87_Cell obj89_Shady_Brook obj92_Beach obj95_Forest obj96_Trail obj101_Outside_Gate obj102_Trail_Head obj105_Landing obj116_Courtyard obj122_Temple obj123_Jewel_Room obj129_Gallery obj140_Loop obj142_Courtyard obj143_Meadow obj145_Engine_Room obj156_Warlock_s_Tower obj162_Courtyard obj164_Bedroom obj171_Control_Room obj173_Western_Road obj175_brass_lantern obj176_strong_box obj189_Eastern_Fork obj190_Courtyard obj196_Deserted_Village obj204_black_candle obj209_Bottomless_Pit obj212_Dusty_Trail obj217_Courtyard obj219_Pebbled_Path obj227_Outside_of_Shack obj243_Inside_Gate obj244_Inside_Shack obj246_South_Gate obj249_Village_Outskirts
Attribute 9	attrib9			! obj24_ornate_scroll obj44_adventurer obj61_undergrowth obj76 obj78_izyuk_spell obj85_oven obj93_oven obj97_adventurer obj115_ornate_button obj131_iron_chain obj141_exex_spell obj149_emerald_knob obj197_ozmoo_spell obj200_arch obj232_iron_gate obj242_adventurer
Attribute 10	attrib10		! obj19_jug obj24_ornate_scroll obj25_scribbled_scroll obj36_stained_scroll obj71_brittle_scroll obj76 obj112_beautiful__ornamented_egg obj117_black_scroll obj134_gold_leaf_scroll obj153_festive_decorations obj154_frayed_scroll obj201_purple_scroll obj206_slightly_crumpled_scroll obj226_vellum_scroll obj233_powerful_scroll obj235_damp_scroll obj245_faded_scroll
Attribute 11	attrib11		! obj3_bedpost obj76 obj133_fourposter_feather_bed
Attribute 12	attrib12		! obj6_map obj16_rainbow_turtle obj19_jug obj20_dusty_book obj44_adventurer obj76 obj88_pedestal obj93_oven obj108_rusty_gate obj114_niche obj118_lily_pad obj133_fourposter_feather_bed obj144_spell_book obj153_festive_decorations obj180_scrambled_egg obj210_rat_hole obj221_jewelled_box
Attribute 13	attrib13		! obj76 obj106_portraits_of_unknown_persons obj176_strong_box
Attribute 14	attrib14		! obj76 obj88_pedestal obj118_lily_pad obj133_fourposter_feather_bed
Attribute 15	attrib15		! obj5_bare_hands_of_a_novice_enchanter obj21_you obj76 obj79_random_object obj82_castle_wall obj144_spell_book obj168_stairs obj169_sacrificial_dagger obj198_ceiling
Attribute 16	attrib16		! obj55_cretin obj76 obj152_simple_wooden_door obj154_frayed_scroll obj167_Frobozz_portrait obj179_Flathead_portrait obj234_shredded_scroll obj235_damp_scroll obj242_adventurer
Attribute 17	attrib17		! obj35_Sacrificial_Altar obj76 obj105_Landing obj247_Junction
Attribute 18	attrib18		! obj6_map obj8_guncho_spell obj14_badly_worn_pencil obj20_dusty_book obj24_ornate_scroll obj25_scribbled_scroll obj36_stained_scroll obj40_kulcad_spell obj53_cleesh_spell obj59_frotz_spell obj60_filfre_spell obj71_brittle_scroll obj73_Legend_of_the_Great_Implementers obj78_izyuk_spell obj80_gnusto_spell obj81_gondar_spell obj84_nitfol_spell obj117_black_scroll obj134_gold_leaf_scroll obj141_exex_spell obj144_spell_book obj150_Legend_of_the_Unseen_Terror obj154_frayed_scroll obj155_melbor_spell obj158_zifmia_spell obj193_blorb_spell obj197_ozmoo_spell obj201_purple_scroll obj206_slightly_crumpled_scroll obj207_sign obj208_stone_wall obj215_vaxum_spell obj226_vellum_scroll obj233_powerful_scroll obj234_shredded_scroll obj235_damp_scroll obj238_rezrov_spell obj239_sign obj241_krebf_spell obj245_faded_scroll
Attribute 19	attrib19		! obj6_map obj14_badly_worn_pencil obj19_jug obj20_dusty_book obj24_ornate_scroll obj25_scribbled_scroll obj36_stained_scroll obj41_loaf_of_bread obj48_rainbow_turtle obj63_square_block_of_stone obj71_brittle_scroll obj94_battered_lantern obj107_worn_silver_spoon obj112_beautiful__ornamented_egg obj117_black_scroll obj134_gold_leaf_scroll obj144_spell_book obj154_frayed_scroll obj169_sacrificial_dagger obj170_lighted_portrait obj175_brass_lantern obj176_strong_box obj180_scrambled_egg obj182_quantity_of_water obj201_purple_scroll obj204_black_candle obj206_slightly_crumpled_scroll obj221_jewelled_box obj226_vellum_scroll obj233_powerful_scroll obj234_shredded_scroll obj235_damp_scroll obj245_faded_scroll
Attribute 20	attrib20		! obj16_rainbow_turtle obj30_tangle_of_rope obj44_adventurer obj48_rainbow_turtle obj50_warlock_Krill obj62_frog obj109_guards obj126_mirror obj128_spear obj131_iron_chain obj132_monster obj178_huddled_mass__yearning_to_drink_blood obj192_group_of_hairy_shapes obj230_guarded_door
Attribute 21	attrib21		! obj3_bedpost obj6_map obj16_rainbow_turtle obj19_jug obj20_dusty_book obj24_ornate_scroll obj25_scribbled_scroll obj36_stained_scroll obj44_adventurer obj71_brittle_scroll obj85_oven obj88_pedestal obj93_oven obj108_rusty_gate obj112_beautiful__ornamented_egg obj114_niche obj117_black_scroll obj118_lily_pad obj133_fourposter_feather_bed obj134_gold_leaf_scroll obj144_spell_book obj147_north_cell_door obj152_simple_wooden_door obj153_festive_decorations obj154_frayed_scroll obj176_strong_box obj180_scrambled_egg obj194_gate obj195_collection_of_chests_and_cabinets obj201_purple_scroll obj202_cell_door obj206_slightly_crumpled_scroll obj210_rat_hole obj221_jewelled_box obj226_vellum_scroll obj230_guarded_door obj233_powerful_scroll obj235_damp_scroll obj245_faded_scroll obj251_south_cell_door
Attribute 22	attrib22		! obj9_Mountain_Trail obj22_Courtyard obj32_Swamp obj42_Fork obj45_Long_Road obj49_Lonely_Mountain obj66_Courtyard obj89_Shady_Brook obj92_Beach obj95_Forest obj96_Trail obj101_Outside_Gate obj102_Trail_Head obj116_Courtyard obj140_Loop obj142_Courtyard obj143_Meadow obj162_Courtyard obj164_Bedroom obj173_Western_Road obj175_brass_lantern obj189_Eastern_Fork obj190_Courtyard obj196_Deserted_Village obj204_black_candle obj212_Dusty_Trail obj217_Courtyard obj219_Pebbled_Path obj227_Outside_of_Shack obj243_Inside_Gate obj244_Inside_Shack obj249_Village_Outskirts
Attribute 23	attrib23		! obj5_bare_hands_of_a_novice_enchanter obj107_worn_silver_spoon
Attribute 24	attrib24		! obj108_rusty_gate obj147_north_cell_door obj152_simple_wooden_door obj194_gate obj202_cell_door obj230_guarded_door obj232_iron_gate obj251_south_cell_door
Attribute 25	attrib25		! obj2_Dungeon obj9_Mountain_Trail obj22_Courtyard obj23_Map_Room obj27_Kitchen obj32_Swamp obj34_Translucent_Room obj35_Sacrificial_Altar obj42_Fork obj43_East_Hall obj45_Long_Road obj47_Winding_Stair obj49_Lonely_Mountain obj54_Cell obj56_Translucent_Room obj64_North_Gate obj65_Tower obj66_Courtyard obj70_Hall_of_Mirrors_Three obj76 obj77_West_Hall obj87_Cell obj89_Shady_Brook obj92_Beach obj95_Forest obj96_Trail obj99_Cell obj101_Outside_Gate obj102_Trail_Head obj103_Closet obj104_Translucent_Room obj105_Landing obj116_Courtyard obj119_Translucent_Room obj122_Temple obj123_Jewel_Room obj125_Hall_of_Mirrors_Two obj129_Gallery obj137_Banquet_Hall obj140_Loop obj142_Courtyard obj143_Meadow obj145_Engine_Room obj146_Library obj156_Warlock_s_Tower obj160_Winding_Stair obj161_Guarded_Door obj162_Courtyard obj163_Translucent_Room obj164_Bedroom obj171_Control_Room obj172_Hall_of_Mirrors_One obj173_Western_Road obj174_Translucent_Room obj189_Eastern_Fork obj190_Courtyard obj196_Deserted_Village obj209_Bottomless_Pit obj212_Dusty_Trail obj213_Secret_Passage obj216_Translucent_Room obj217_Courtyard obj219_Pebbled_Path obj225_Tower obj227_Outside_of_Shack obj229_Hall_of_Mirrors_Four obj231_Translucent_Room obj236_Tower obj240_Translucent_Room obj243_Inside_Gate obj244_Inside_Shack obj246_South_Gate obj247_Junction obj249_Village_Outskirts obj253_South_Hall
Attribute 26	attrib26		! obj127_tower obj168_stairs
Attribute 28	attrib28		! obj24_ornate_scroll obj25_scribbled_scroll obj36_stained_scroll obj71_brittle_scroll obj117_black_scroll obj134_gold_leaf_scroll obj154_frayed_scroll obj201_purple_scroll obj206_slightly_crumpled_scroll obj226_vellum_scroll obj233_powerful_scroll obj235_damp_scroll obj245_faded_scroll
Attribute 29	attrib29		! obj133_fourposter_feather_bed
Attribute 30	attrib30		! obj169_sacrificial_dagger obj222_sword
Attribute 31	attrib31		! obj11_Necromancer_Belboz obj16_rainbow_turtle obj21_you obj44_adventurer obj48_rainbow_turtle obj55_cretin obj62_frog obj167_Frobozz_portrait obj179_Flathead_portrait obj250_Entharion

Property 3	prop3:string
Property 4	prop4:?
Property 5	prop5:?
Property 6	prop6:?
Property 7	prop7:string
Property 8	prop8:?
Property 9	prop9:thing
Property 10	prop10:?
Property 11	prop11:?
Property 12	prop12:thing
Property 13	prop13:?
Property 14	prop14:string
Property 15	prop15:string
Property 16	prop16:thing
Property 17	prop17:?
Property 18	prop18:thing
Property 19	prop19:dictwords
Property 20	out_to:exit
Property 21	in_to:exit
Property 22	d_to:exit
Property 23	u_to:exit
Property 24	nw_to:exit
Property 25	w_to:exit
Property 26	sw_to:exit
Property 27	s_to:exit
Property 28	se_to:exit
Property 29	e_to:exit
Property 30	ne_to:exit
Property 31	n_to:exit

Global 0	global0:?
Global 1	global1:?
Global 2	global2:?
Global 3	global3:?
Global 4	global4:?
Global 5	global5:?
Global 6	global6:?
Global 7	global7:?
Global 8	global8:?
Global 9	global9:?
Global 10	global10:?
Global 11	global11:?
Global 12	global12:?
Global 13	global13:?
Global 14	global14:?
Global 15	global15:?
Global 16	global16:?
Global 17	global17:?
Global 18	global18:?
Global 19	global19:?
Global 20	global20:?
Global 21	global21:?
Global 22	global22:?
Global 23	global23:?
Global 24	global24:?
Global 25	global25:?
Global 26	global26:?
Global 27	global27:?
Global 28	global28:?
Global 29	global29:?
Global 30	global30:?
Global 31	global31:?
Global 32	global32:?
Global 33	global33:?
Global 34	global34:?
Global 35	global35:?
Global 36	global36:?
Global 37	global37:?
Global 38	global38:?
Global 39	global39:?
Global 40	global40:?
Global 41	global41:?
Global 42	global42:?
Global 43	global43:?
Global 44	global44:?
Global 45	global45:?
Global 46	global46:?
Global 47	global47:?
Global 48	global48:?
Global 49	global49:?
Global 50	global50:?
Global 51	global51:?
Global 52	global52:?
Global 53	global53:?
Global 54	global54:?
Global 55	global55:?
Global 56	global56:?
Global 57	global57:?
Global 58	global58:?
Global 59	global59:?
Global 60	global60:?
Global 61	global61:?
Global 62	global62:?
Global 63	global63:?
Global 64	global64:?
Global 65	global65:?
Global 66	global66:?
Global 67	global67:?
Global 68	global68:?
Global 69	global69:?
Global 70	global70:?
Global 71	global71:?
Global 72	global72:?
Global 73	global73:?
Global 74	global74:?
Global 75	global75:?
Global 76	global76:?
Global 77	global77:?
Global 78	global78:?
Global 79	global79:?
Global 80	global80:?
Global 81	global81:?
Global 82	global82:?
Global 83	global83:?
Global 84	global84:?
Global 85	global85:?
Global 86	global86:?
Global 87	global87:?
Global 88	global88:?
Global 89	global89:?
Global 90	global90:?
Global 91	global91:?
Global 92	global92:?
Global 93	global93:?
Global 94	global94:?
Global 95	global95:?
Global 96	global96:?
Global 97	global97:?
Global 98	global98:?
Global 99	global99:?
Global 100	global100:?
Global 101	global101:?
Global 102	global102:?
Global 103	global103:?
Global 104	global104:?
Global 105	global105:?
Global 106	global106:?
Global 107	global107:?
Global 108	global108:?
Global 109	global109:?
Global 110	global110:?
Global 111	global111:?
Global 112	global112:?
Global 113	global113:?
Global 114	global114:?
Global 115	global115:?
Global 116	global116:?
Global 117	global117:?
Global 118	global118:?
Global 119	global119:?
Global 120	global120:?
Global 121	global121:?
Global 122	global122:?
Global 123	global123:?
Global 124	global124:?
Global 125	global125:?
Global 126	global126:?
Global 127	global127:?
Global 128	global128:?
Global 129	global129:?
Global 130	global130:?
Global 131	global131:?
Global 132	global132:?
Global 133	global133:?
Global 134	global134:?
Global 135	global135:?
Global 136	global136:?
Global 137	global137:?
Global 138	global138:?
Global 139	global139:?
Global 140	global140:?
Global 141	global141:?
Global 142	global142:?
Global 143	global143:?
Global 144	global144:?
Global 145	global145:?
Global 146	global146:?
Global 147	global147:?
Global 148	global148:?
Global 149	global149:?
Global 150	global150:?
Global 151	global151:?
Global 152	global152:?
Global 153	global153:?
Global 154	global154:?
Global 155	global155:?
Global 156	global156:?
Global 157	global157:?
Global 158	global158:?
Global 159	global159:?
Global 160	global160:?
Global 161	global161:?
Global 162	global162:?
Global 163	global163:?
Global 164	global164:?
Global 165	global165:?
Global 166	global166:?
Global 167	global167:?
Global 168	global168:?
Global 169	global169:?
Global 170	global170:?
Global 171	global171:?
Global 172	global172:?
Global 173	global173:?
Global 174	global174:?
Global 175	global175:?
Global 176	global176:?
Global 177	global177:?
Global 178	global178:?
Global 179	global179:?
Global 180	global180:?
Global 181	global181:?
Global 182	global182:?
Global 183	global183:?
Global 184	global184:?
Global 185	global185:?
Global 186	global186:?
Global 187	global187:?
Global 188	global188:?
Global 189	global189:?
Global 190	global190:?
Global 191	global191:?
Global 192	global192:?
Global 193	global193:?
Global 194	global194:?
Global 195	global195:?
Global 196	global196:?
Global 197	global197:?
Global 198	global198:?
Global 199	global199:?
Global 200	global200:?
Global 201	global201:?
Global 202	global202:?
Global 203	global203:?
Global 204	global204:?
Global 205	global205:?
Global 206	global206:?
Global 207	global207:?
Global 208	global208:?
Global 209	global209:?
Global 210	global210:?
Global 211	global211:?
Global 212	global212:?
Global 213	global213:?
Global 214	global214:?
Global 215	global215:?
Global 216	global216:?
Global 217	global217:?
Global 218	global218:?
Global 219	global219:?
Global 220	global220:?
Global 221	global221:?
Global 222	global222:?
Global 223	global223:?
Global 224	global224:?
Global 225	global225:?
Global 226	global226:?
Global 227	global227:?
Global 228	global228:?
Global 229	global229:?
Global 230	global230:?
Global 231	global231:?
Global 232	global232:?
Global 233	global233:?
Global 234	global234:?
Global 235	global235:?
Global 236	global236:?
Global 237	global237:?
Global 238	global238:?
Global 239	global239:?

Action 0	Action0		! 'brief'
Action 1	Action1		! 'super'/'superb'
Action 2	Action2		! 'diagno'
Action 3	Action3		! 'i//'/'invent'
Action 4	Action4		! 'q//'/'quit'
Action 5	Action5		! 'restar'
Action 6	Action6		! 'restor'
Action 7	Action7		! 'save'
Action 8	Action8		! 'score'
Action 9	Action9		! '$ve' object
				! '$ve'
Action 10	Action10	! 'versio'
Action 11	Action11	! 'verbos'
Action 12	Action12	! 'again'/'g//'
Action 13	Action13	! 'answer'/'reply'
Action 14	Action14	! 'answer'/'reply' object
Action 15	Action15	! 'squeez' object 'onto'/'on' object
				! 'drop'/'exit'/'releas' object(held,many,have) 'onto'/'on' object
				! 'drop'/'exit'/'releas' object(held,many,have) 'into'/'inside'/'in' object
				! 'drop'/'exit'/'releas' object(held,many,have) 'down'/'d//' object
				! 'chuck'/'hurl'/'throw'/'toss' object(held,carried,have) 'onto'/'on' object
				! 'chuck'/'hurl'/'throw'/'toss' object(held,carried,have) 'into'/'inside'/'in' object
				! 'apply' object 'to' object
				! 'insert'/'lay'/'place'/'put'/'stuff' object(held,many,have) 'into'/'inside'/'in' object
Action 16	Action16	! 'strike' attrib20(in_room,on_ground)
				! 'strike' attrib20(in_room,on_ground) 'with'/'using'/'thru'/'throug' attrib30(held,carried,in_room,on_ground,have)
				! 'attack'/'fight'/'hit'/'hurt'/'injure' attrib31(in_room,on_ground) 'with'/'using'/'thru'/'throug' attrib30(held,carried,have)
				! 'attack'/'fight'/'hit'/'hurt'/'injure' attrib31(in_room,on_ground)
				! 'knock'/'rap' 'down'/'d//' attrib20(in_room,on_ground)
Action 17	Action17	! 'back'
Action 18	Action18	! 'climb'/'scale'/'sit' 'into'/'inside'/'in' attrib29(in_room,on_ground)
				! 'nap'/'sleep'/'snooze' 'onto'/'on' object(in_room,on_ground)
				! 'nap'/'sleep'/'snooze' 'into'/'inside'/'in' object(in_room,on_ground)
				! 'board' attrib29(in_room,on_ground)
				! 'carry'/'get'/'grab'/'hold'/'remove'/'take' 'into'/'inside'/'in' attrib29(in_room,on_ground)
Action 19	Action19	! 'burn'/'ignite' 'down'/'d//' attrib28(held,carried,in_room,on_ground) 'with'/'using'/'thru'/'throug' attrib27(held,carried,in_room,on_ground,have)
				! 'burn'/'ignite' attrib28(held,carried,in_room,on_ground) 'with'/'using'/'thru'/'throug' attrib27(held,carried,in_room,on_ground,have)
				! 'light' attrib22(held,carried,in_room,on_ground) 'with'/'using'/'thru'/'throug' attrib27(held,carried,have)
Action 20	Action20	! 'climb'/'scale'/'sit' 'onto'/'on' attrib29(in_room,on_ground)
				! 'carry'/'get'/'grab'/'hold'/'remove'/'take' 'onto'/'on' attrib29(in_room,on_ground)
Action 21	Action21	! 'climb'/'scale'/'sit' 'up'/'u//' attrib26(in_room,on_ground)
				! 'go'/'procee'/'run'/'step'/'walk' 'up'/'u//' attrib26(in_room,on_ground)
Action 22	Action22	! 'climb'/'scale'/'sit' 'down'/'d//' attrib26(in_room,on_ground)
				! 'go'/'procee'/'run'/'step'/'walk' 'down'/'d//' attrib26(in_room,on_ground)
Action 23	Action23	! 'climb'/'scale'/'sit' attrib26(in_room,on_ground)
Action 24	Action24	! 'lie' 'down'/'d//' attrib25
Action 25	Action25	! 'close' attrib24(held,carried,in_room,on_ground)
Action 26	Action26	! 'count' object
Action 27	Action27	! 'cross'/'ford' object
Action 28	Action28	! 'cut'/'pierce'/'slice' 'with'/'using'/'thru'/'throug' object 'with'/'using'/'thru'/'throug' attrib30(held,carried)
				! 'cut'/'pierce'/'slice' object 'with'/'using'/'thru'/'throug' attrib30(held,carried)
Action 29	Action29	! 'curse'/'damn' attrib31
				! 'curse'/'damn'
Action 30	Action30	! 'deflat' object
Action 31	Action31	! 'dig' 'into'/'inside'/'in' object(in_room,on_ground) 'with'/'using'/'thru'/'throug' attrib23(held,carried,have)
				! 'dig' object(in_room,on_ground) 'with'/'using'/'thru'/'throug' attrib23(held,carried,have)
				! 'dig' 'with'/'using'/'thru'/'throug' object
				! 'dig' 'into'/'inside'/'in' object
Action 32	Action32	! 'disemb' attrib29(in_room,on_ground)
				! 'carry'/'get'/'grab'/'hold'/'remove'/'take' 'off' attrib29(in_room,on_ground)
				! 'carry'/'get'/'grab'/'hold'/'remove'/'take' 'out' attrib29(on_ground)
Action 33	Action33	! 'drink'/'sip'/'swallo' object(held,carried,in_room,on_ground)
Action 34	Action34	! 'drink'/'sip'/'swallo' 'from' object(held,carried)
Action 35	Action35	! 'leave' object
				! 'drop'/'exit'/'releas' object(held,many,have)
				! 'pour'/'spill' object(held,carried) 'from' object
				! 'pour'/'spill' object(held,carried) 'into'/'inside'/'in' object
				! 'pour'/'spill' object(held,carried)
				! 'insert'/'lay'/'place'/'put'/'stuff' 'down'/'d//' object(held,many)
Action 36	Action36	! 'lean' 'onto'/'on' object(held,have)
Action 37	Action37	! 'consum'/'eat'/'taste' object(held,carried,in_room,on_ground,many)
Action 38	Action38	! 'enter'
Action 39	Action39	! 'enter' object
				! 'go'/'procee'/'run'/'step'/'walk' 'with'/'using'/'thru'/'throug' object
				! 'go'/'procee'/'run'/'step'/'walk' 'onto'/'on' object
				! 'go'/'procee'/'run'/'step'/'walk' 'into'/'inside'/'in' object
Action 40	Action40	!  object
				! 
Action 41	Action41	! 'escape' 'from' object
				! 'escape' object
Action 42	Action42	! 'descri'/'examin'/'inspec'/'what'/'whats' object
				! 'gaze'/'l//'/'look'/'stare' 'at' object(held,carried,in_room,on_ground,many)
Action 43	Action43	! 'descri'/'examin'/'inspec'/'what'/'whats' 'onto'/'on' object(held,carried,in_room,on_ground,many)
				! 'descri'/'examin'/'inspec'/'what'/'whats' 'into'/'inside'/'in' object(held,carried,in_room,on_ground,many)
				! 'gaze'/'l//'/'look'/'stare' 'into'/'inside'/'in' object(held,carried,in_room,on_ground,many)
				! 'gaze'/'l//'/'look'/'stare' 'out' object
				! 'gaze'/'l//'/'look'/'stare'  object
				! 'gaze'/'l//'/'look'/'stare' 'with'/'using'/'thru'/'throug' object
Action 44	Action44	! 'who' object
Action 45	Action45	! 'banish'/'begone'/'drive'/'exorci' 'away' attrib31
				! 'banish'/'begone'/'drive'/'exorci' 'out' attrib31
				! 'banish'/'begone'/'drive'/'exorci' object
Action 46	Action46	! 'flip'/'set'/'shut'/'turn' 'off' attrib22(held,carried,in_room,on_ground,take)
				! 'douse'/'exting' attrib22(held,carried,in_room,on_ground,take,many,have)
				! 'blow' 'out' object
Action 47	Action47	! 'fill' attrib21(held,carried,in_room,on_ground) 'at' object
				! 'fill' attrib21(held,carried,in_room,on_ground)
				! 'fill' attrib21(held,carried,in_room,on_ground) 'with'/'using'/'thru'/'throug' object
Action 48	Action48	! 'gaze'/'l//'/'look'/'stare' 'for' object
				! 'search' 'for' object
				! 'find'/'see'/'seek'/'where' object
Action 49	Action49	! 'chase'/'come'/'follow'/'pursue' object
				! 'chase'/'come'/'follow'/'pursue'
Action 50	Action50	! 'forget'/'unlear'/'unmemo' object
Action 51	Action51	! 'donate'/'feed'/'give'/'hand'/'offer' object(held,many,have) 'to' attrib20(on_ground)
Action 52	Action52	! 'donate'/'feed'/'give'/'hand'/'offer' attrib20(on_ground) object(held,many,have)
Action 53	Action53	! 'hello'/'hi' object
				! 'hello'/'hi'
Action 54	Action54	! 'inflat' object 'with'/'using'/'thru'/'throug' attrib23(held,carried,in_room,on_ground)
Action 55	Action55	! 'dive'/'jump'/'leap' 'off' object
				! 'dive'/'jump'/'leap' 'from' object
				! 'dive'/'jump'/'leap' 'into'/'inside'/'in' object
				! 'dive'/'jump'/'leap' 'across' object
				! 'dive'/'jump'/'leap' 'over' object
				! 'dive'/'jump'/'leap'
				! 'go'/'procee'/'run'/'step'/'walk' 'over' object
Action 56	Action56	! 'bite'/'kick' object
Action 57	Action57	! 'dispat'/'kill'/'murder'/'slay'/'stab' attrib31(in_room,on_ground) 'with'/'using'/'thru'/'throug' attrib30(held,carried,have)
				! 'dispat'/'kill'/'murder'/'slay'/'stab' attrib31(in_room,on_ground)
Action 58	Action58	! 'kiss' attrib31(in_room,on_ground)
Action 59	Action59	! 'knock'/'rap' 'onto'/'on' object
				! 'knock'/'rap' 'at' object
Action 60	Action60	! 'launch' attrib29
Action 61	Action61	! 'leave'
Action 62	Action62	! 'strike' object(held,carried,in_room,on_ground)
				! 'flip'/'set'/'shut'/'turn' 'onto'/'on' attrib22(held,carried,in_room,on_ground,take)
				! 'light' attrib22(held,carried,in_room,on_ground)
Action 63	Action63	! 'listen' 'for' object
				! 'listen' 'to' object
Action 64	Action64	! 'lock' object(in_room,on_ground) 'with'/'using'/'thru'/'throug' attrib23(held,carried,in_room,on_ground,take)
Action 65	Action65	! 'gaze'/'l//'/'look'/'stare' 'around' attrib25
				! 'gaze'/'l//'/'look'/'stare'
Action 66	Action66	! 'gaze'/'l//'/'look'/'stare' 'undern'/'under'/'beneat'/'below' object
Action 67	Action67	! 'gaze'/'l//'/'look'/'stare' 'behind' object
Action 68	Action68	! 'gaze'/'l//'/'look'/'stare' 'at' object(held,carried,in_room,on_ground,many) 'with'/'using'/'thru'/'throug' object
				! 'read'/'skim' attrib18(held,carried,in_room,on_ground) 'with'/'using'/'thru'/'throug' object
				! 'read'/'skim' attrib18(held,carried,in_room,on_ground)
Action 69	Action69	! 'gaze'/'l//'/'look'/'stare' object
Action 70	Action70	! 'search' 'into'/'inside'/'in' object
				! 'search' object
Action 71	Action71	! 'lower' object
Action 72	Action72	! 'liquif'/'melt' object 'with'/'using'/'thru'/'throug' attrib27(held,carried,in_room,on_ground)
Action 73	Action73	! 'roll' 'up'/'u//' object(in_room,on_ground)
				! 'move' object(in_room,on_ground)
				! 'pull'/'tug' 'onto'/'on' object(in_room,on_ground)
				! 'pull'/'tug' object(in_room,on_ground)
Action 74	Action74	! 'play' object
Action 75	Action75	! 'mumble'/'sigh'
Action 76	Action76	! 'blind'/'jab'/'poke' attrib31(in_room,on_ground) 'with'/'using'/'thru'/'throug' attrib30(held,carried,have)
				! 'break'/'crack'/'damage'/'destro'/'hatch'/'smash' 'down'/'d//' object(held,carried,in_room,on_ground) 'with'/'using'/'thru'/'throug' object(held,carried,take)
				! 'break'/'crack'/'damage'/'destro'/'hatch'/'smash' object(held,carried,in_room,on_ground) 'with'/'using'/'thru'/'throug' object(held,carried,take)
				! 'break'/'crack'/'damage'/'destro'/'hatch'/'smash' object(in_room,on_ground)
Action 77	Action77	! 'grease'/'lubric'/'oil' object 'with'/'using'/'thru'/'throug' object(held,carried)
Action 78	Action78	! 'open' attrib24(held,carried,in_room,on_ground) 'with'/'using'/'thru'/'throug' attrib23(held,carried,in_room,on_ground,have)
				! 'open' 'up'/'u//' attrib24(held,carried,in_room,on_ground)
				! 'open' attrib24(held,carried,in_room,on_ground)
Action 79	Action79	! 'pick' object 'with'/'using'/'thru'/'throug' object
				! 'pick' object
Action 80	Action80	! 'pick' 'up'/'u//' attrib19(on_ground,many)
				! 'carry'/'get'/'grab'/'hold'/'remove'/'take' attrib19(carried,in_room,many) 'from' object
				! 'carry'/'get'/'grab'/'hold'/'remove'/'take' attrib19(carried,in_room,many) 'off' object
				! 'carry'/'get'/'grab'/'hold'/'remove'/'take' attrib19(carried,in_room,many) 'out' object
				! 'carry'/'get'/'grab'/'hold'/'remove'/'take' attrib19(in_room,on_ground,many)
Action 81	Action81	! 'fix'/'glue'/'patch'/'plug'/'repair' object 'with'/'using'/'thru'/'throug' object
Action 82	Action82	! 'plugh'/'xyzzy'
Action 83	Action83	! 'gestur'/'point' 'to' object
				! 'gestur'/'point' 'at' object
Action 84	Action84	! 'pour'/'spill' object(held,carried) 'onto'/'on' object
Action 85	Action85	! 'pray'
Action 86	Action86	! 'pump' 'up'/'u//' object 'with'/'using'/'thru'/'throug' object
				! 'pump' 'up'/'u//' object
Action 87	Action87	! 'slide' object
				! 'press'/'push' 'onto'/'on' object(in_room,on_ground,many)
				! 'press'/'push' object(in_room,on_ground,many)
Action 88	Action88	! 'slide' object(in_room,on_ground) 'to' object
				! 'slide' object(in_room,on_ground) object
				! 'press'/'push' object(in_room,on_ground) 'to' object
				! 'press'/'push' object(in_room,on_ground) object
Action 89	Action89	! 'slide' object 'undern'/'under'/'beneat'/'below' object
				! 'press'/'push' object 'undern'/'under'/'beneat'/'below' object
				! 'insert'/'lay'/'place'/'put'/'stuff' object(held,many,have) 'undern'/'under'/'beneat'/'below' object
Action 90	Action90	! 'insert'/'lay'/'place'/'put'/'stuff' object(held,many,have) 'onto'/'on' object
Action 91	Action91	! 'wear' object
				! 'insert'/'lay'/'place'/'put'/'stuff' 'onto'/'on' object(carried,in_room,on_ground,many)
Action 92	Action92	! 'insert'/'lay'/'place'/'put'/'stuff' object(held,many,have) 'behind' object
Action 93	Action93	! 'concea'/'hide' object(held,have) 'from' object
				! 'concea'/'hide' object(held,have)
				! 'concea'/'hide'
Action 94	Action94	! 'lift'/'raise' 'up'/'u//' object
				! 'lift'/'raise' object
Action 95	Action95	! 'molest'/'rape' attrib20
Action 96	Action96	! 'reach' 'into'/'inside'/'in' object(in_room,on_ground)
Action 97	Action97	! 'repent'
Action 98	Action98	! 'feel'/'pat'/'pet'/'touch' object 'with'/'using'/'thru'/'throug' object
				! 'feel'/'pat'/'pet'/'touch' object
Action 99	Action99	! 'script'
Action 100	Action100	! 'unscri'
Action 101	Action101	! 'send' 'for' object
Action 102	Action102	! 'shake' object
Action 103	Action103	! 'nap'/'sleep'/'snooze'
Action 104	Action104	! 'hop'/'skip'
Action 105	Action105	! 'smell'/'sniff' object
Action 106	Action106	! 'spin' object
Action 107	Action107	! 'spray' object 'onto'/'on' object
Action 108	Action108	! 'spray' object 'with'/'using'/'thru'/'throug' object
Action 109	Action109	! 'squeez' object
Action 110	Action110	! 'stand' 'up'/'u//' attrib25
				! 'stand'
				! 'carry'/'get'/'grab'/'hold'/'remove'/'take' 'up'/'u//' attrib25
Action 111	Action111	! 'stay' object
				! 'stay'
Action 112	Action112	! 'bathe'/'swim'/'wade' 'into'/'inside'/'in' object
				! 'bathe'/'swim'/'wade'
Action 113	Action113	! 'swing'/'thrust' attrib30(held,carried,have) 'at' attrib31(in_room,on_ground)
				! 'swing'/'thrust' attrib30(held,carried,have)
Action 114	Action114	! 'tell' attrib20(in_room)
				! 'call'/'say'/'talk' 'to' attrib20(in_room)
Action 115	Action115	! 'carry'/'get'/'grab'/'hold'/'remove'/'take' object object
				! 'bring' object object
Action 116	Action116	! 'ask' object 'for' object
Action 117	Action117	! 'call'/'say'/'talk'
Action 118	Action118	! 'thank'/'thanks'
				! 'thank'/'thanks' object
Action 119	Action119	! 'chuck'/'hurl'/'throw'/'toss' object(held,carried,have) 'with'/'using'/'thru'/'throug' object(in_room,on_ground)
				! 'chuck'/'hurl'/'throw'/'toss' object(held,carried,have) 'at' object(in_room,on_ground)
Action 120	Action120	! 'chuck'/'hurl'/'throw'/'toss' object(held,carried,have) 'over' object
				! 'chuck'/'hurl'/'throw'/'toss' object(held,carried,have) 'off' object
Action 121	Action121	! 'attach'/'fasten'/'secure'/'tie' object 'to' object
Action 122	Action122	! 'attach'/'fasten'/'secure'/'tie' 'up'/'u//' attrib20(in_room,on_ground) 'with'/'using'/'thru'/'throug' attrib23(held,carried,in_room,on_ground,have)
Action 123	Action123	! 'flip'/'set'/'shut'/'turn' object(held,carried,in_room,on_ground) 'with'/'using'/'thru'/'throug' attrib23(held,carried,in_room,on_ground,have)
				! 'flip'/'set'/'shut'/'turn' object
				! 'flip'/'set'/'shut'/'turn' object 'for' object
				! 'flip'/'set'/'shut'/'turn' object 'to' object
Action 124	Action124	! 'unlock' object(in_room,on_ground) 'with'/'using'/'thru'/'throug' attrib23(held,carried,in_room,on_ground,take)
Action 125	Action125	! 'free'/'unatta'/'unfast'/'unhook'/'untie' object(held,carried,in_room,on_ground) 'from' object
				! 'free'/'unatta'/'unfast'/'unhook'/'untie' object(held,carried,in_room,on_ground)
Action 126	Action126	! 'wait'/'z//'
Action 127	Action127	! 'wait'/'z//' 'for' object
Action 128	Action128	! 'awake'/'startl'/'surpri'/'wake' 'up'/'u//' object
				! 'awake'/'startl'/'surpri'/'wake' object
Action 129	Action129	! 'fly' object
				! 'go'/'procee'/'run'/'step'/'walk' object
Action 130	Action130	! 'go'/'procee'/'run'/'step'/'walk' 'around' object
Action 131	Action131	! 'go'/'procee'/'run'/'step'/'walk' 'to' object
Action 132	Action132	! 'beckon'/'brandi'/'motion'/'wave' object(held,carried)
Action 133	Action133	! 'beckon'/'brandi'/'motion'/'wave' object(held,carried) 'at' object
				! 'beckon'/'brandi'/'motion'/'wave' 'to' object
				! 'beckon'/'brandi'/'motion'/'wave' 'at' object
				! 'scream'/'shout'/'yell' 'at' object
Action 134	Action134	! 'wind' 'up'/'u//' object
				! 'wind' object
Action 135	Action135	! 'scream'/'shout'/'yell'
Action 136	Action136	! 'zork'
Action 137	Action137	! 'show' object 'to' object
Action 138	Action138	! 'show' object object
Action 139	Action139	! 'draw'/'make' 'onto'/'on' object 'with'/'using'/'thru'/'throug' object
				! 'draw'/'make' 'onto'/'on' object
Action 140	Action140	! 'draw'/'make' 'going'/'betwee' object(many) 'with'/'using'/'thru'/'throug' object
				! 'draw'/'make' 'going'/'betwee' object(many)
				! 'draw'/'make' 'from' object(many) 'with'/'using'/'thru'/'throug' object
				! 'draw'/'make' 'from' object(many)
				! 'connec' object(many) 'with'/'using'/'thru'/'throug' object
				! 'connec' object(many)
Action 141	Action141	! 'draw'/'make' 'going'/'betwee' object 'to' object
				! 'draw'/'make' 'from' object 'to' object
				! 'connec' object 'to' object
Action 142	Action142	! 'discon'/'erase'/'rub' object(many)
				! 'discon'/'erase'/'rub' 'going'/'betwee' object(many) 'with'/'using'/'thru'/'throug' object
				! 'discon'/'erase'/'rub' 'going'/'betwee' object(many)
				! 'discon'/'erase'/'rub' 'out' object(many) 'with'/'using'/'thru'/'throug' object
				! 'discon'/'erase'/'rub' 'out' object(many)
				! 'discon'/'erase'/'rub' 'from' object(many) 'with'/'using'/'thru'/'throug' object
				! 'discon'/'erase'/'rub' 'from' object(many)
Action 143	Action143	! 'discon'/'erase'/'rub' 'going'/'betwee' object 'to' object
				! 'discon'/'erase'/'rub' 'from' object 'to' object
Action 144	Action144	! 'cast'/'incant' object 'at' object
				! 'cast'/'incant' object 'onto'/'on' object
				! 'cast'/'incant' object
Action 145	Action145	! 'learn' object(many)
Action 146	Action146	! 'memori' object(many)
Action 147	Action147	! 'spells'
Action 148	Action148	! 'gondar' object
Action 149	Action149	! 'gnusto' object
Action 150	Action150	! 'frotz' object
Action 151	Action151	! 'ozmoo' object
Action 152	Action152	! 'zifmia' object
Action 153	Action153	! 'vaxum' object
Action 154	Action154	! 'rezrov' object
Action 155	Action155	! 'nitfol' object
Action 156	Action156	! 'exex' object
Action 157	Action157	! 'kulcad' object
Action 158	Action158	! 'melbor' object
Action 159	Action159	! 'blorb' object
Action 160	Action160	! 'guncho' object
Action 161	Action161	! 'krebf' object
				! 'krebf'
Action 162	Action162	! 'cleesh' object
Action 163	Action163	! 'izyuk' object
Action 164	Action164	! 'filfre' object
				! 'filfre'
Action 165	Action165	! 't//'/'time'
Action 166	Action166	! 'write' 'with'/'using'/'thru'/'throug' object
Action 167	Action167	! 'write' 'onto'/'on' object 'with'/'using'/'thru'/'throug' object
				! 'write' 'onto'/'on' object
Action 168	Action168	! 'hone'/'sharpe' object 'with'/'using'/'thru'/'throug' attrib23(have)
Action 169	Action169	! 'avoid' object
				! 'go'/'procee'/'run'/'step'/'walk' 'behind' object
				! 'go'/'procee'/'run'/'step'/'walk' 'undern'/'under'/'beneat'/'below' object
Action 170	Action170	! 'gag' object 'with'/'using'/'thru'/'throug' object
Action 171	Action171	! 'gross' 'out' object
Action 172	Action172	! '#rand' object
Action 173	Action173	! '#comm'
Action 174	Action174	! '#reco'
Action 175	Action175	! '#unre'

Word	$ve	$ve
Word	#comm	#comm
Word	#rand	#rand
Word	#reco	#reco
Word	#unre	#unre
Word	across	across
Word	advent	advent
Word	ancien	ancien
Word	answer	answer
Word	arcane	arcane
Word	archwa	archwa
Word	around	around
Word	attach	attach
Word	attack	attack
Word	banish	banish
Word	banque	banque
Word	batter	batter
Word	beauti	beauti
Word	beckon	beckon
Word	bedpos	bedpos
Word	bedrag	bedrag
Word	begone	begone
Word	behind	behind
Word	beings	beings
Word	belboz	belboz
Word	benche	benche
Word	beneat	beneat
Word	betwee	betwee
Word	blinki	blinki
Word	bluebo	bluebo
Word	brambl	brambl
Word	branch	branch
Word	brandi	brandi
Word	brittl	brittl
Word	broken	broken
Word	button	button
Word	cabine	cabine
Word	candle	candle
Word	canvas	canvas
Word	carvin	carvin
Word	castle	castle
Word	ceilin	ceilin
Word	chains	chains
Word	chests	chests
Word	cleesh	cleesh
Word	cobweb	cobweb
Word	compar	compar
Word	concea	concea
Word	connec	connec
Word	consum	consum
Word	contro	contro
Word	corrid	corrid
Word	couple	couple
Word	courty	courty
Word	crumpl	crumpl
Word	crysta	crysta
Word	cutler	cutler
Word	dagger	dagger
Word	damage	damage
Word	decora	decora
Word	decrep	decrep
Word	deflat	deflat
Word	delici	delici
Word	descri	descri
Word	destro	destro
Word	diagno	diagno
Word	diamon	diamon
Word	dimwit	dimwit
Word	discon	discon
Word	disemb	disemb
Word	dispat	dispat
Word	displa	displa
Word	donate	donate
Word	dragon	dragon
Word	drippi	drippi
Word	dronin	dronin
Word	elvish	elvish
Word	emeral	emeral
Word	enamel	enamel
Word	enchan	enchan
Word	enormo	enormo
Word	enthar	enthar
Word	entran	entran
Word	eraser	eraser
Word	escape	escape
Word	examin	examin
Word	except	except
Word	exorci	exorci
Word	exting	exting
Word	faberg	faberg
Word	fasten	fasten
Word	feathe	feathe
Word	festiv	festiv
Word	figure	figure
Word	filfre	filfre
Word	five-	five-
Word	fixtur	fixtur
Word	flames	flames
Word	flathe	flathe
Word	floati	floati
Word	flotsa	flotsa
Word	follow	follow
Word	foobar	foobar
Word	forest	forest
Word	forget	forget
Word	format	format
Word	founda	founda
Word	fourpo	fourpo
Word	frayed	frayed
Word	froboz	froboz
Word	garbag	garbag
Word	gargoy	gargoy
Word	gestur	gestur
Word	glitte	glitte
Word	glowin	glowin
Word	gnusto	gnusto
Word	golden	golden
Word	gondar	gondar
Word	graffi	graffi
Word	grease	grease
Word	gropin	gropin
Word	ground	ground
Word	guarde	guarde
Word	guards	guards
Word	guncho	guncho
Word	guttur	guttur
Word	hammer	hammer
Word	handle	handle
Word	heathe	heathe
Word	hideou	hideou
Word	huddle	huddle
Word	hunche	hunche
Word	ignite	ignite
Word	illumi	illumi
Word	implem	implem
Word	incant	incant
Word	inflat	inflat
Word	injure	injure
Word	insert	insert
Word	inside	inside
Word	inspec	inspec
Word	intnum	intnum
Word	invent	invent
Word	jetsam	jetsam
Word	jewell	jewell
Word	knives	knives
Word	kulcad	kulcad
Word	labyri	labyri
Word	lanter	lanter
Word	launch	launch
Word	legend	legend
Word	letter	letter
Word	lighte	lighte
Word	lights	lights
Word	lilies	lilies
Word	lingol	lingol
Word	liquif	liquif
Word	listen	listen
Word	lonely	lonely
Word	lubric	lubric
Word	lurkin	lurkin
Word	luscio	luscio
Word	machin	machin
Word	massiv	massiv
Word	meadow	meadow
Word	melbor	melbor
Word	memori	memori
Word	mirror	mirror
Word	molest	molest
Word	monste	monste
Word	motion	motion
Word	mounta	mounta
Word	mumble	mumble
Word	murder	murder
Word	myself	myself
Word	necrom	necrom
Word	nitfol	nitfol
Word	noises	noises
Word	orname	orname
Word	ornate	ornate
Word	outlin	outlin
Word	painti	painti
Word	parchm	parchm
Word	passag	passag
Word	pedest	pedest
Word	pencil	pencil
Word	person	person
Word	pierce	pierce
Word	please	please
Word	portra	portra
Word	potter	potter
Word	powerf	powerf
Word	presen	presen
Word	prison	prison
Word	procee	procee
Word	purple	purple
Word	pursue	pursue
Word	quanti	quanti
Word	rainbo	rainbo
Word	releas	releas
Word	remove	remove
Word	repair	repair
Word	repent	repent
Word	restar	restar
Word	restor	restor
Word	rezrov	rezrov
Word	rolled	rolled
Word	rollin	rollin
Word	rotted	rotted
Word	rottin	rottin
Word	ruined	ruined
Word	rusted	rusted
Word	sacrif	sacrif
Word	scramb	scramb
Word	scratc	scratc
Word	scream	scream
Word	screec	screec
Word	scribb	scribb
Word	script	script
Word	scroll	scroll
Word	search	search
Word	seawee	seawee
Word	secure	secure
Word	shapes	shapes
Word	shards	shards
Word	sharpe	sharpe
Word	shells	shells
Word	shifti	shifti
Word	shredd	shredd
Word	silver	silver
Word	simple	simple
Word	six-i	six-i
Word	skelet	skelet
Word	snooze	snooze
Word	spears	spears
Word	spells	spells
Word	spiral	spiral
Word	spring	spring
Word	square	square
Word	squeez	squeez
Word	staine	staine
Word	stairs	stairs
Word	stairw	stairw
Word	stalki	stalki
Word	startl	startl
Word	statue	statue
Word	strand	strand
Word	strike	strike
Word	strong	strong
Word	stunte	stunte
Word	superb	superb
Word	surpri	surpri
Word	swallo	swallo
Word	tables	tables
Word	talons	talons
Word	temple	temple
Word	tentac	tentac
Word	terror	terror
Word	thanks	thanks
Word	thistl	thistl
Word	throug	throug
Word	thrust	thrust
Word	tongue	tongue
Word	towers	towers
Word	tracks	tracks
Word	transl	transl
Word	tunnel	tunnel
Word	turret	turret
Word	turtle	turtle
Word	unatta	unatta
Word	underg	underg
Word	undern	undern
Word	unfast	unfast
Word	unhook	unhook
Word	unknow	unknow
Word	unlear	unlear
Word	unlock	unlock
Word	unmemo	unmemo
Word	unscri	unscri
Word	unseen	unseen
Word	vellum	vellum
Word	verbos	verbos
Word	versio	versio
Word	voices	voices
Word	warloc	warloc
Word	windin	windin
Word	window	window
Word	wizard	wizard
Word	wooden	wooden
Word	writin	writin
Word	zifmia	zifmia
Word	zzmgck	zzmgck

Routine 0x514e	routine20814:?
Routine 0x5166	routine20838:?
Routine 0x5176	routine20854:?
Routine 0x51c4	routine20932:?
Routine 0x51d8	routine20952:?
Routine 0x5216	routine21014:?
Routine 0x5276	routine21110:?
Routine 0x55fc	routine22012:?
Routine 0x586c	routine22636:?
Routine 0x596e	routine22894:?
Routine 0x5b1e	routine23326:?
Routine 0x5e56	routine24150:?
Routine 0x5e7c	routine24188:?
Routine 0x604e	routine24654:?
Routine 0x60d8	routine24792:?
Routine 0x61d0	routine25040:?
Routine 0x61f0	routine25072:?
Routine 0x6206	routine25094:?
Routine 0x6246	routine25158:?
Routine 0x6286	routine25222:?
Routine 0x6430	routine25648:?
Routine 0x6454	routine25684:?
Routine 0x64b0	routine25776:?
Routine 0x64ca	routine25802:?
Routine 0x653a	routine25914:?
Routine 0x654e	routine25934:?
Routine 0x65b2	routine26034:?
Routine 0x65d4	routine26068:?
Routine 0x65fa	routine26106:?
Routine 0x6606	routine26118:?
Routine 0x6656	routine26198:?
Routine 0x66b8	routine26296:?
Routine 0x6706	routine26374:?
Routine 0x684e	routine26702:?
Routine 0x6a24	routine27172:?
Routine 0x6a8a	routine27274:?
Routine 0x6afc	routine27388:?
Routine 0x6bca	routine27594:?
Routine 0x6bfe	routine27646:?
Routine 0x6c66	routine27750:?
Routine 0x6c84	routine27780:?
Routine 0x6ca0	routine27808:?
Routine 0x6d24	routine27940:?
Routine 0x6dae	routine28078:?
Routine 0x6dd6	routine28118:?
Routine 0x6dee	routine28142:?
Routine 0x6e6a	routine28266:?
Routine 0x6e92	routine28306:?
Routine 0x6eba	routine28346:?
Routine 0x6f08	Action11Sub:?
Routine 0x6f1e	Action0Sub:?
Routine 0x6f34	Action1Sub:?
Routine 0x6f4e	Action65Sub:?
Routine 0x6f6e	routine28526:?
Routine 0x6f80	Action42Sub:?
Routine 0x6fb4	routine28596:?
Routine 0x7132	routine28978:?
Routine 0x7164	routine29028:?
Routine 0x7180	routine29056:?
Routine 0x7264	routine29284:?
Routine 0x7376	routine29558:?
Routine 0x73ce	Action8Sub:?
Routine 0x744c	routine29772:?
Routine 0x750a	Action4Sub:?
Routine 0x754c	routine30028:?
Routine 0x7564	Action10Sub:?
Routine 0x7624	Action12Sub:?
Routine 0x7684	routine30340:?
Routine 0x7c06	routine31750:?
Routine 0x7c24	routine31780:?
Routine 0x7c4e	Action6Sub:?
Routine 0x7c64	Action7Sub:?
Routine 0x7c74	Action5Sub:?
Routine 0x7cb8	Action130Sub:?
Routine 0x7cc0	routine31936:?
Routine 0x7ce4	Action60Sub:?
Routine 0x7d1c	Action129Sub:?
Routine 0x7e6c	routine32364:?
Routine 0x7e78	Action3Sub:?
Routine 0x7e94	PreAction80Sub:?
Routine 0x7ef8	Action80Sub:?
Routine 0x7f0a	routine32522:?
Routine 0x7fb6	Action90Sub:?
Routine 0x7fd8	PreAction15Sub:?
Routine 0x7fea	Action15Sub:?
Routine 0x808e	PreAction51Sub:?
Routine 0x80b8	PreAction52Sub:?
Routine 0x80c2	routine32962:?
! References: obj254_various_and_sundry_items.prop19
Routine 0x80de	Action51Sub:?
Routine 0x8110	Action52Sub:?
Routine 0x811a	Action35Sub:?
Routine 0x812c	Action119Sub:?
Routine 0x813c	routine33084:?
Routine 0x817c	Action78Sub:?
Routine 0x8238	routine33336:?
Routine 0x826a	Action25Sub:?
Routine 0x82e6	routine33510:?
Routine 0x82fa	routine33530:?
Routine 0x831e	Action99Sub:?
Routine 0x833a	Action100Sub:?
Routine 0x8358	PreAction73Sub:?
! References: obj147_north_cell_door.prop19, obj152_simple_wooden_door.prop19, obj202_cell_door.prop19, obj230_guarded_door.prop19, obj251_south_cell_door.prop19
Routine 0x837e	Action73Sub:?
Routine 0x83aa	Action62Sub:?
Routine 0x83ea	Action46Sub:?
Routine 0x8476	Action126Sub:?
Routine 0x849c	Action127Sub:?
Routine 0x84ca	PreAction18Sub:?
Routine 0x8500	Action18Sub:?
Routine 0x8520	Action32Sub:?
Routine 0x8548	routine34120:?
Routine 0x8646	routine34374:?
Routine 0x8658	Action17Sub:?
Routine 0x8660	Action84Sub:?
! References: obj85_oven.prop19
Routine 0x8672	Action107Sub:?
Routine 0x867a	Action108Sub:?
Routine 0x8684	Action109Sub:?
Routine 0x86b8	PreAction77Sub:?
Routine 0x86d6	Action77Sub:?
Routine 0x86e6	Action82Sub:?
Routine 0x86fe	Action33Sub:?
Routine 0x87e6	Action37Sub:?
Routine 0x8806	Action29Sub:?
Routine 0x884a	Action63Sub:?
Routine 0x885e	Action49Sub:?
Routine 0x8866	Action111Sub:?
! References: obj228_shards_of_glass.prop19
Routine 0x8878	Action85Sub:?
Routine 0x8898	Action55Sub:?
Routine 0x8928	Action104Sub:?
Routine 0x8936	Action61Sub:?
Routine 0x893e	Action53Sub:?
Routine 0x8992	PreAction68Sub:?
Routine 0x89d0	Action68Sub:?
Routine 0x89f2	Action66Sub:?
! References: obj5_bare_hands_of_a_novice_enchanter.prop19
Routine 0x8a00	Action67Sub:?
Routine 0x8a10	Action43Sub:?
Routine 0x8aac	routine35500:?
Routine 0x8abc	Action97Sub:?
Routine 0x8ad0	PreAction19Sub:?
Routine 0x8b04	Action19Sub:?
Routine 0x8b5c	Action123Sub:?
Routine 0x8b68	Action86Sub:?
Routine 0x8b74	Action54Sub:?
Routine 0x8b84	Action30Sub:?
Routine 0x8b90	Action64Sub:?
Routine 0x8b9c	Action79Sub:?
Routine 0x8ba8	Action124Sub:?
Routine 0x8bb0	Action28Sub:?
Routine 0x8c56	PreAction16Sub:?
Routine 0x8c6a	Action57Sub:?
Routine 0x8c74	routine35956:?
Routine 0x8d36	Action16Sub:?
Routine 0x8d40	Action113Sub:?
Routine 0x8d54	Action56Sub:?
Routine 0x8d5e	Action132Sub:?
Routine 0x8d68	Action133Sub:?
Routine 0x8d94	Action94Sub:?
Routine 0x8d9e	Action71Sub:?
Routine 0x8da8	Action98Sub:?
Routine 0x8db2	Action87Sub:?
Routine 0x8dbc	Action88Sub:?
Routine 0x8dce	Action76Sub:?
Routine 0x8e3a	routine36410:?
Routine 0x8e64	routine36452:?
Routine 0x8e86	Action59Sub:?
Routine 0x8ebc	Action135Sub:?
Routine 0x8ed2	Action81Sub:?
Routine 0x8ede	Action45Sub:?
Routine 0x8ef0	Action102Sub:?
Routine 0x8f30	PreAction31Sub:?
Routine 0x8f5c	Action31Sub:?
Routine 0x8f76	Action105Sub:?
Routine 0x8f8e	routine36750:?
Routine 0x8fac	Action112Sub:?
Routine 0x8ff8	Action125Sub:?
! References: obj121_maps.prop19
Routine 0x9012	PreAction121Sub:?
Routine 0x9026	Action121Sub:?
Routine 0x903a	Action122Sub:?
Routine 0x9054	Action72Sub:?
Routine 0x9072	Action75Sub:?
Routine 0x9094	Action128Sub:?
Routine 0x90a8	Action136Sub:?
Routine 0x90d6	Action20Sub:?
Routine 0x90f6	Action23Sub:?
Routine 0x9100	Action21Sub:?
Routine 0x915c	Action24Sub:?
! References: obj114_niche.prop19
Routine 0x9170	Action22Sub:?
Routine 0x9178	Action101Sub:?
! References: obj17_noise.prop19
Routine 0x919a	Action134Sub:?
Routine 0x91b0	Action26Sub:?
Routine 0x91be	Action89Sub:?
Routine 0x91ce	Action74Sub:?
Routine 0x921a	Action38Sub:?
Routine 0x9222	Action40Sub:?
Routine 0x922a	Action27Sub:?
Routine 0x9236	Action70Sub:?
Routine 0x9244	Action48Sub:?
Routine 0x92e8	Action114Sub:?
Routine 0x9342	Action13Sub:?
Routine 0x9362	Action14Sub:?
Routine 0x938a	Action58Sub:?
Routine 0x939e	Action95Sub:?
Routine 0x93b6	routine37814:?
Routine 0x93d0	Action117Sub:?
Routine 0x9436	Action106Sub:?
Routine 0x9440	Action39Sub:?
Routine 0x94ae	Action91Sub:?
Routine 0x94be	Action120Sub:?
Routine 0x94ce	Action9Sub:?
Routine 0x952c	Action110Sub:?
! References: obj52_point_R.prop19
Routine 0x9552	Action92Sub:?
Routine 0x956c	routine38252:?
Routine 0x957a	Action131Sub:?
Routine 0x95a4	routine38308:?
Routine 0x95ca	Action34Sub:?
Routine 0x95f2	Action36Sub:?
Routine 0x9606	Action141Sub:?
Routine 0x9678	Action140Sub:?
Routine 0x96c0	Action143Sub:?
Routine 0x9726	Action142Sub:?
Routine 0x97f4	routine38900:?
Routine 0x981a	Action96Sub:?
Routine 0x986c	routine39020:?
Routine 0x98a0	routine39072:?
Routine 0x98c4	routine39108:?
Routine 0x98f2	Action83Sub:?
Routine 0x9946	Action116Sub:?
Routine 0x9a20	Action118Sub:?
Routine 0x9a60	Action47Sub:?
Routine 0x9a9e	Action41Sub:?
Routine 0x9ab2	Action166Sub:?
Routine 0x9ade	routine39646:?
Routine 0x9b30	Action167Sub:?
Routine 0x9bba	Action169Sub:?
Routine 0x9bce	Action137Sub:?
Routine 0x9be6	PreAction138Sub:?
Routine 0x9bf0	Action138Sub:?
Routine 0x9bf8	PreAction115Sub:?
Routine 0x9c10	Action115Sub:?
Routine 0x9c3e	Action139Sub:?
Routine 0x9c56	Action168Sub:?
Routine 0x9cbe	Action50Sub:?
Routine 0x9ce6	routine40166:?
Routine 0x9d14	Action93Sub:?
Routine 0x9db6	Action69Sub:?
Routine 0x9e30	Action170Sub:?
Routine 0x9e6a	Action171Sub:?
! References: obj57_castle.prop19
Routine 0x9e90	Action44Sub:?
! References: obj185_tracks.prop19
Routine 0x9eac	Action173Sub:?
Routine 0x9eb2	Action172Sub:?
Routine 0x9ed8	Action174Sub:?
Routine 0x9ede	Action175Sub:?
! References: obj181_tree.prop19, obj184_floor.prop9
Routine 0x9ee4	routine40676:?
! References: obj10_passage.prop9
Routine 0x9f08	routine40712:?
! References: obj82_castle_wall.prop9
Routine 0x9f16	routine40726:?
! References: obj21_you.prop9, obj252_pseudo.prop9
Routine 0x9f7a	routine40826:?
! References: obj13_window.prop9
Routine 0xa11c	routine41244:?
! References: obj113_sea.prop9
Routine 0xa15c	routine41308:?
! References: obj1_forest.prop9
Routine 0xa1a2	routine41378:?
! References: obj13_window.prop19, obj159_temple.prop9
Routine 0xa1ae	routine41390:?
! References: obj12_courtyard.prop9
Routine 0xa1ee	routine41454:?
! References: obj127_tower.prop9
Routine 0xa21c	routine41500:?
! References: obj19_jug.prop9
Routine 0xa28a	routine41610:?
! References: obj4_water.prop9, obj182_quantity_of_water.prop9
Routine 0xa332	routine41778:?
! References: obj75_sky.prop9
Routine 0xa650	routine42576:?
! References: obj187_such_thing.prop9
Routine 0xa6a4	routine42660:?
Routine 0xa73c	routine42812:?
Routine 0xa7c4	routine42948:?
Routine 0xa7f4	routine42996:?
! References: obj11_Necromancer_Belboz.prop9
Routine 0xa832	routine43058:?
! References: obj135_room.prop9
Routine 0xa91a	routine43290:?
! References: obj214_bramble.prop9
Routine 0xa97a	routine43386:?
! References: obj110_hole.prop9
Routine 0xa9ba	routine43450:?
! References: obj46_lurking_evil_presence.prop9
Routine 0xa9d6	routine43478:?
! References: obj6_map.prop9
Routine 0xaa9e	routine43678:?
! References: obj14_badly_worn_pencil.prop9
Routine 0xab9c	routine43932:?
! References: obj83_black_passage.prop9
Routine 0xac28	routine44072:?
! References: obj34_Translucent_Room.prop9, obj56_Translucent_Room.prop9, obj104_Translucent_Room.prop9, obj119_Translucent_Room.prop9, obj163_Translucent_Room.prop9, obj174_Translucent_Room.prop9, obj216_Translucent_Room.prop9, obj231_Translucent_Room.prop9, obj240_Translucent_Room.prop9
Routine 0xac5e	routine44126:?
Routine 0xaf4c	routine44876:?
Routine 0xb058	routine45144:?
Routine 0xb2be	routine45758:?
Routine 0xb2ce	routine45774:?
Routine 0xb2e0	routine45792:?
Routine 0xb2fc	routine45820:?
Routine 0xb352	routine45906:?
Routine 0xb430	routine46128:?
Routine 0xb4ec	routine46316:?
Routine 0xb5ba	routine46522:?
Routine 0xb5e8	routine46568:?
Routine 0xb8b6	routine47286:?
Routine 0xb8bc	routine47292:?
Routine 0xb8d0	routine47312:?
Routine 0xb908	routine47368:?
! References: obj20_dusty_book.prop9
Routine 0xb96e	routine47470:?
! References: obj73_Legend_of_the_Great_Implementers.prop9
Routine 0xba22	routine47650:?
! References: obj105_Landing.e_to
Routine 0xbb12	routine47890:?
! References: obj160_Winding_Stair.prop16
Routine 0xbb58	routine47960:?
! References: obj168_stairs.prop9
Routine 0xbbda	routine48090:?
Routine 0xbc12	routine48146:?
! References: obj160_Winding_Stair.u_to
Routine 0xbda8	routine48552:?
! References: obj160_Winding_Stair.d_to
Routine 0xbdb2	routine48562:?
Routine 0xbdbc	routine48572:?
! References: obj160_Winding_Stair.prop9
Routine 0xbe06	routine48646:?
! References: obj160_Winding_Stair.w_to
Routine 0xbe78	routine48760:?
Routine 0xbe8e	routine48782:?
Routine 0xbede	routine48862:?
! References: obj47_Winding_Stair.d_to, obj47_Winding_Stair.w_to, obj47_Winding_Stair.e_to
Routine 0xbf0c	routine48908:?
! References: obj209_Bottomless_Pit.d_to, obj209_Bottomless_Pit.u_to
Routine 0xbf9c	routine49052:?
! References: obj47_Winding_Stair.prop9, obj209_Bottomless_Pit.prop9
Routine 0xbffa	routine49146:?
Routine 0xc052	routine49234:?
Routine 0xc070	routine49264:?
Routine 0xc0c6	routine49350:?
Routine 0xc12e	routine49454:?
Routine 0xc16a	routine49514:?
! References: obj156_Warlock_s_Tower.prop9
Routine 0xc184	routine49540:?
! References: obj255_warlock_Krill.prop9
Routine 0xc3c4	routine50116:?
! References: obj188_dragon.prop9
Routine 0xc490	routine50320:?
Routine 0xc5de	routine50654:?
Routine 0xc6cc	routine50892:?
! References: obj248_monster.prop9
Routine 0xc720	routine50976:?
Routine 0xc856	routine51286:?
Routine 0xc90c	routine51468:?
Routine 0xc964	routine51556:?
! References: obj50_warlock_Krill.prop9
Routine 0xca00	routine51712:?
Routine 0xce04	routine52740:?
Routine 0xcec4	Action147Sub:?
Routine 0xcf7c	routine53116:?
Routine 0xcfa2	routine53154:?
! References: obj144_spell_book.prop9
Routine 0xcfe2	routine53218:?
Routine 0xd18e	routine53646:?
Routine 0xd26a	PreAction148Sub:?
! References: obj24_ornate_scroll.prop9, obj25_scribbled_scroll.prop9, obj36_stained_scroll.prop9, obj71_brittle_scroll.prop9, obj117_black_scroll.prop9, obj134_gold_leaf_scroll.prop9, obj154_frayed_scroll.prop9, obj201_purple_scroll.prop9, obj206_slightly_crumpled_scroll.prop9, obj226_vellum_scroll.prop9, obj233_powerful_scroll.prop9, obj235_damp_scroll.prop9, obj245_faded_scroll.prop9
Routine 0xd42e	routine54318:?
! References: obj8_guncho_spell.prop9, obj40_kulcad_spell.prop9, obj53_cleesh_spell.prop9, obj59_frotz_spell.prop9, obj60_filfre_spell.prop9, obj78_izyuk_spell.prop9, obj80_gnusto_spell.prop9, obj81_gondar_spell.prop9, obj84_nitfol_spell.prop9, obj141_exex_spell.prop9, obj155_melbor_spell.prop9, obj158_zifmia_spell.prop9, obj193_blorb_spell.prop9, obj197_ozmoo_spell.prop9, obj215_vaxum_spell.prop9, obj238_rezrov_spell.prop9, obj241_krebf_spell.prop9
Routine 0xd55e	routine54622:?
Routine 0xd70e	routine55054:?
Routine 0xd784	routine55172:?
Routine 0xd79e	Action144Sub:?
Routine 0xd8d4	Action145Sub:?
Routine 0xd8ec	Action146Sub:?
Routine 0xd8f4	Action149Sub:?
Routine 0xdb26	routine56102:?
Routine 0xdcd4	Action150Sub:?
Routine 0xdd76	Action151Sub:?
Routine 0xddd4	routine56788:?
Routine 0xde0a	Action152Sub:?
Routine 0xde46	routine56902:?
Routine 0xdea2	Action153Sub:?
Routine 0xdec2	Action148Sub:?
Routine 0xdeca	Action154Sub:?
Routine 0xdf28	routine57128:?
Routine 0xdf70	Action155Sub:?
Routine 0xe054	routine57428:?
Routine 0xe0bc	Action156Sub:?
Routine 0xe1da	Action157Sub:?
Routine 0xe1f8	Action158Sub:?
Routine 0xe23a	Action159Sub:?
! References: obj176_strong_box.prop9
Routine 0xe2c8	routine58056:?
Routine 0xe384	Action160Sub:?
Routine 0xe3d6	Action161Sub:?
Routine 0xe4a8	Action162Sub:?
Routine 0xe5e4	Action163Sub:?
Routine 0xe684	routine59012:?
Routine 0xe71e	Action164Sub:?
! References: obj221_jewelled_box.prop16
Routine 0xe830	routine59440:?
! References: obj221_jewelled_box.prop9
Routine 0xe8ee	routine59630:?
! References: obj30_tangle_of_rope.prop9
Routine 0xea30	routine59952:?
Routine 0xed28	routine60712:?
! References: obj169_sacrificial_dagger.prop9
Routine 0xed46	routine60742:?
! References: obj121_maps.prop9
Routine 0xed88	routine60808:?
! References: obj250_Entharion.prop9
Routine 0xeef8	routine61176:?
! References: obj203_golden_globe.prop9
Routine 0xef8e	routine61326:?
! References: obj88_pedestal.prop9
Routine 0xefe0	routine61408:?
! References: obj161_Guarded_Door.prop9
Routine 0xeff6	routine61430:?
! References: obj128_spear.prop9, obj131_iron_chain.prop9, obj132_monster.prop9, obj230_guarded_door.prop9
Routine 0xf290	routine62096:?
! References: obj126_mirror.prop9
Routine 0xf4e8	routine62696:?
! References: obj228_shards_of_glass.prop9
Routine 0xf5d8	routine62936:?
! References: obj70_Hall_of_Mirrors_Three.prop9, obj125_Hall_of_Mirrors_Two.prop9, obj172_Hall_of_Mirrors_One.prop9, obj229_Hall_of_Mirrors_Four.prop9
Routine 0xf616	routine62998:?
! References: obj199_mirror_environment.prop9
Routine 0xf7de	routine63454:?
Routine 0xf818	routine63512:?
Routine 0xf828	routine63528:?
Routine 0xf864	routine63588:?
! References: obj97_adventurer.prop9
Routine 0xf8b2	routine63666:?
! References: obj242_adventurer.prop9
Routine 0xf8e8	routine63720:?
! References: obj44_adventurer.prop12
Routine 0xfa1a	routine64026:?
! References: obj44_adventurer.prop18
Routine 0xfa62	routine64098:?
! References: obj222_sword.prop9
Routine 0xfaba	routine64186:?
Routine 0xfae0	routine64224:?
! References: obj44_adventurer.prop9
Routine 0xfe28	routine65064:?
Routine 0x10174	routine65908:?
Routine 0x101b6	routine65974:?
Routine 0x102d2	routine66258:?
Routine 0x104e6	routine66790:?
Routine 0x1051a	routine66842:?
Routine 0x105b6	routine66998:?
Routine 0x105f4	routine67060:?
Routine 0x1061a	routine67098:?
Routine 0x106d2	routine67282:?
Routine 0x10702	routine67330:?
! References: obj161_Guarded_Door.prop16
Routine 0x1071c	routine67356:?
Routine 0x107fc	routine67580:?
! References: obj243_Inside_Gate.prop9
Routine 0x10a30	routine68144:?
! References: obj15_chains.prop9, obj232_iron_gate.prop9
Routine 0x10b4a	routine68426:?
! References: obj200_arch.prop9
Routine 0x10bd6	routine68566:?
! References: obj133_fourposter_feather_bed.prop9
Routine 0x10c1c	routine68636:?
! References: obj3_bedpost.prop9
Routine 0x10dba	routine69050:?
! References: obj138_compartment.prop9
Routine 0x10ef8	routine69368:?
! References: obj115_ornate_button.prop9
Routine 0x10f54	routine69460:?
Routine 0x10f72	routine69490:?
! References: obj99_Cell.prop9
Routine 0x10fa0	routine69536:?
! References: obj202_cell_door.prop9
Routine 0x1103e	routine69694:?
! References: obj208_stone_wall.prop9
Routine 0x1107e	routine69758:?
! References: obj63_square_block_of_stone.prop9
Routine 0x110f8	routine69880:?
! References: obj213_Secret_Passage.prop9
Routine 0x11144	routine69956:?
! References: obj246_South_Gate.prop9
Routine 0x111e0	routine70112:?
! References: obj153_festive_decorations.prop9
Routine 0x112a0	routine70304:?
! References: obj26_banquet_candles.prop9, obj51_benches.prop9, obj177_golden_cutlery.prop9, obj224_tables.prop9
Routine 0x112c0	routine70336:?
! References: obj223_luscious_food.prop9
Routine 0x1135e	routine70494:?
! References: obj137_Banquet_Hall.prop9, obj146_Library.prop9
Routine 0x1138e	routine70542:?
Routine 0x116ac	routine71340:?
Routine 0x1176c	routine71532:?
! References: obj192_group_of_hairy_shapes.prop9
Routine 0x118ec	routine71916:?
! References: obj254_various_and_sundry_items.prop9
Routine 0x11b62	routine72546:?
! References: obj124_rat_nest.prop9
Routine 0x11ba6	routine72614:?
! References: obj93_oven.prop9
Routine 0x11bf0	routine72688:?
! References: obj72_heap_of_garbage.prop9
Routine 0x11c70	routine72816:?
! References: obj247_Junction.prop9
Routine 0x11ca4	routine72868:?
! References: obj137_Banquet_Hall.prop16, obj146_Library.prop16, obj247_Junction.prop16
Routine 0x11d10	routine72976:?
! References: obj183_skeleton.prop9
Routine 0x11e38	routine73272:?
! References: obj17_noise.prop9
Routine 0x11e98	routine73368:?
Routine 0x11f70	routine73584:?
Routine 0x11fa2	routine73634:?
! References: obj185_tracks.prop9
Routine 0x12058	routine73816:?
! References: obj210_rat_hole.prop9
Routine 0x120c4	routine73924:?
! References: obj194_gate.prop9
Routine 0x121aa	routine74154:?
! References: obj95_Forest.prop9
Routine 0x121fe	routine74238:?
! References: obj32_Swamp.prop9
Routine 0x12214	routine74260:?
Routine 0x1228a	routine74378:?
! References: obj62_frog.prop9
Routine 0x122c4	routine74436:?
! References: obj118_lily_pad.prop9
Routine 0x1230e	routine74510:?
Routine 0x1239e	routine74654:?
! References: obj100_statue.prop9
Routine 0x12476	routine74870:?
! References: obj178_huddled_mass__yearning_to_drink_blood.prop9
Routine 0x1250c	routine75020:?
! References: obj109_guards.prop9
Routine 0x1268c	routine75404:?
! References: obj147_north_cell_door.prop9, obj251_south_cell_door.prop9
Routine 0x12ab0	routine76464:?
! References: obj54_Cell.prop9
Routine 0x12b7a	routine76666:?
Routine 0x12c32	routine76850:?
! References: obj122_Temple.prop9
Routine 0x12cbe	routine76990:?
Routine 0x12cd6	routine77014:?
Routine 0x12e70	routine77424:?
Routine 0x130c4	routine78020:?
! References: obj129_Gallery.prop16
Routine 0x130d6	routine78038:?
! References: obj129_Gallery.prop9
Routine 0x13190	routine78224:?
Routine 0x13282	routine78466:?
! References: obj106_portraits_of_unknown_persons.prop9
Routine 0x13398	routine78744:?
! References: obj179_Flathead_portrait.prop9
Routine 0x134ee	routine79086:?
! References: obj167_Frobozz_portrait.prop9
Routine 0x135f4	routine79348:?
! References: obj170_lighted_portrait.prop9
Routine 0x1373a	routine79674:?
! References: obj114_niche.prop9
Routine 0x138c8	routine80072:?
! References: obj204_black_candle.prop9
Routine 0x138d8	routine80088:?
! References: obj195_collection_of_chests_and_cabinets.prop9
Routine 0x1394a	routine80202:?
Routine 0x139a2	routine80290:?
! References: obj112_beautiful__ornamented_egg.prop9
Routine 0x139da	routine80346:?
! References: obj136_golden_crank.prop9, obj139_diamond_studded_button.prop9, obj148_lapis_handle.prop9, obj149_emerald_knob.prop9, obj151_silver_slide.prop9
Routine 0x13d42	routine81218:?
! References: obj180_scrambled_egg.prop9
Routine 0x13f56	routine81750:?
! References: obj234_shredded_scroll.prop9
Routine 0x13f94	routine81812:?
Routine 0x13fee	Action165Sub:?
! References: obj69_sleep.prop9
Routine 0x14006	routine81926:?
Routine 0x14034	routine81972:?
Routine 0x14060	routine82016:?
Routine 0x1408c	routine82060:?
Routine 0x14148	Action2Sub:?
Routine 0x1417e	Action103Sub:?
! References: obj90_machinery.prop9
Routine 0x14920	routine84256:?
! References: obj145_Engine_Room.prop9
Routine 0x149aa	routine84394:?
Routine 0x14b22	routine84770:?
! References: obj236_Tower.prop9
Routine 0x14b74	routine84852:?
! References: obj31_blinking_display.prop9, obj67_glowing_control.prop9
Routine 0x14b9e	routine84894:?
Routine 0x14bf4	routine84980:?
! References: obj145_Engine_Room.se_to
Routine 0x14c74	routine85108:?
! References: obj171_Control_Room.nw_to
Routine 0x14fd0	routine85968:?
Routine 0x15402	routine87042:?
! References: obj18_local_vegetation.prop9, obj98_flotsam.prop9
Routine 0x1542a	routine87082:?
Routine 0x15452	routine87122:?
! References: obj16_rainbow_turtle.prop9, obj48_rainbow_turtle.prop9
Routine 0x15462	routine87138:?
Routine 0x15c38	routine89144:?
Routine 0x15cba	routine89274:?
Routine 0x15cd2	routine89298:?
Routine 0x15eee	routine89838:?
! References: obj101_Outside_Gate.prop9
Routine 0x15fd6	routine90070:?
! References: obj61_undergrowth.prop9
Routine 0x16048	routine90184:?
! References: obj239_sign.prop9
Routine 0x16096	routine90262:?
! References: obj157_foundation.prop9
Routine 0x160e2	routine90338:?
! References: obj57_castle.prop9
Routine 0x16116	routine90390:?
! References: obj165_wooden_shack.prop9
Routine 0x161a6	routine90534:?
! References: obj94_battered_lantern.prop9
Routine 0x161c6	routine90566:?
Routine 0x1624e	routine90702:?
! References: obj85_oven.prop9
Routine 0x16272	routine90738:?
! References: obj41_loaf_of_bread.prop9
Routine 0x162bc	routine90812:?
! References: obj181_tree.prop9
Routine 0x163c0	routine91072:?
! References: obj29_hovel.prop9
Routine 0x1644a	routine91210:?
! References: obj196_Deserted_Village.s_to
Routine 0x1645c	routine91228:?
! References: obj120_creature_swathed_in_rags.prop9
Routine 0x16778	routine92024:?
! References: obj45_Long_Road.prop9
Routine 0x16858	routine92248:?
Routine 0x1690e	routine92430:?
! References: obj37_sign.prop9
Routine 0x16932	routine92466:?
! References: obj45_Long_Road.w_to, obj45_Long_Road.e_to
Routine 0x1696a	routine92522:?
Routine 0x16998	routine92568:?
Routine 0x169e8	routine92648:?
! References: obj74_road.prop9
Routine 0x16a16	routine92694:?
! References: obj7_hills.prop9
Routine 0x16a8e	routine92814:?
! References: obj186_mountain.prop9
Routine 0x16ada	routine92890:?
Routine 0x16b56	routine93014:?
Routine 0x16b7e	routine93054:?
! References: obj111_glimpse.prop9, obj166_glimpse.prop9
Routine 0x16cbc	routine93372:?
