! Auto-generated by Reform.

MD5	6666389f60e0c8e4ceb08242a263bb52

Object 1	obj1_The_Hitchhiker_s_Guide
Object 2	obj2_bike
Object 3	obj3_Engineer_robot
Object 4	obj4_guarantee
Object 5	obj5_green_button
Object 6	obj6_red_button
Object 7	obj7_electronic_Sub_Etha_signaling_device
Object 8	obj8_no_tea
Object 9	obj9_tea
Object 10	obj10_number_twelve_asteroid_paint_chipper
Object 11	obj11_ionic_diffusion_rasp
Object 12	obj12_molecular_hyperwave_pincer
Object 13	obj13_pair_of_tweezers
Object 14	obj14_pair_of_hypersonic_pliers
Object 15	obj15_ultra_plasmic_vacuum_awl
Object 16	obj16_thermo_fusion_chisel
Object 17	obj17_laser_assisted_monkey_wrench
Object 18	obj18_flathead_screwdriver
Object 19	obj19_toothbrush
Object 20	obj20_star_drive
Object 21	obj21_light
Object 22	obj22_liquid
Object 23	obj23_shadow
Object 24	obj24_darkness
Object 25	obj25_Dark
Object 26	obj26_problem
Object 27	obj27_one_of_the_guards
Object 28	obj28_object_of_the_game
Object 29	obj29_room
Object 30	obj30_yourself
Object 31	obj31_it
Object 32	obj32_your_ears
Object 33	obj33_your_eyes
Object 34	obj34_your_head
Object 35	obj35_your_teeth
Object 36	obj36_your_hand
Object 37	obj37_sun
Object 38	obj38_sky
Object 39	obj39_air
Object 40	obj40_ceiling
Object 41	obj41_wall
Object 42	obj42_ground
Object 43	obj43_speech
Object 44	obj44_sleep
Object 45	obj45_light
Object 46	obj46_it
Object 47	obj47_it
Object 48	obj48_pseudo
Object 49	obj49_number
Object 50	obj50_innard_of_a_whale
Object 51	obj51_photon_rifle
Object 52	obj52_blaster
Object 53	obj53_banner
Object 54	obj54_Dais
Object 55	obj55_towering_cliffs
Object 56	obj56_rocky_spire
Object 57	obj57_narrow_channel
Object 58	obj58_autopilot_button
Object 59	obj59_magnifying_glass
Object 60	obj60_tool_box
Object 61	obj61_seat_cushion_fluff
Object 62	obj62_small_key
Object 63	obj63_pilot_seat
Object 64	obj64_speedboat
Object 65	obj65_Dais
Object 66	obj66_Presidential_Speedboat
Object 67	obj67_Damogran
Object 68	obj68_it
Object 69	obj69_jacket_fluff
Object 70	obj70_hostess
Object 71	obj71_plate_of_hors_d_oeuvres
Object 72	obj72_glass_of_white_wine
Object 73	obj73_Kitchen
Object 74	obj74_Dining_Room
Object 75	obj75_door
Object 76	obj76_Living_Room
Object 77	obj77_apartment
Object 78	obj78_particle
Object 79	obj79_synapse
Object 80	obj80_brain
Object 81	obj81_Maze
Object 82	obj82_other_planets
Object 83	obj83_G_Gugvunt_leader
Object 84	obj84_Vl_Hurg_leader
Object 85	obj85_domed_canopy
Object 86	obj86_War_Chamber
Object 87	obj87_battle_fleet
Object 88	obj88_Nutrimat_Computer_Interface
Object 89	obj89_skeleton
Object 90	obj90_Inner_Lair
Object 91	obj91_Beast_s_name
Object 92	obj92_your_name
Object 93	obj93_other_name
Object 94	obj94_name
Object 95	obj95_Ravenous_Bugblatter_Beast_of_Traal
Object 96	obj96_sharp_stone
Object 97	obj97_sandstone_memorial
Object 98	obj98_Beast_s_Outer_Lair
Object 99	obj99_Lair
Object 100	obj100_lair
Object 101	obj101_Airlock
Object 102	obj102_it
Object 103	obj103_outer_door
Object 104	obj104_corridor_door
Object 105	obj105_Vogon_poetry
Object 106	obj106_Vogon_Captain
Object 107	obj107_poetry_appreciation_chair
Object 108	obj108_Captain_s_Quarters
Object 109	obj109_switch
Object 110	obj110_keyboard
Object 111	obj111_babel_fish
Object 112	obj112_tiny_robot_panel
Object 113	obj113_drain
Object 114	obj114_metal_hook
Object 115	obj115_small_hole
Object 116	obj116_dispenser_button
Object 117	obj117_babel_fish_dispenser
Object 118	obj118_it
Object 119	obj119_airlock
Object 120	obj120_inner_door
Object 121	obj121_Vogon_Hold
Object 122	obj122_Santraginean_Mineral_Water
Object 123	obj123_Arthur_Dent
Object 124	obj124_fleet_of_Vogon_Constructor_ships
Object 125	obj125_cheese_sandwich
Object 126	obj126_peanuts
Object 127	obj127_lots_of_beer
Object 128	obj128_barman
Object 129	obj129_jukebox
Object 130	obj130_music
Object 131	obj131_shelf_of_items
Object 132	obj132_bar
Object 133	obj133_it
Object 134	obj134_Pub
Object 135	obj135_dog
Object 136	obj136_Pub
Object 137	obj137_Country_Lane
Object 138	obj138_Back_of_House
Object 139	obj139_towel
Object 140	obj140_satchel_fluff
Object 141	obj141_satchel
Object 142	obj142_Ford_Prefect
Object 143	obj143_time
Object 144	obj144_digital_watch
Object 145	obj145_Mr__Prosser
Object 146	obj146_bulldozer_driver
Object 147	obj147_it
Object 148	obj148_conversation
Object 149	obj149_Front_of_House
Object 150	obj150_loose_pile_of_junk_mail
Object 151	obj151_Front_Porch
Object 152	obj152_it
Object 153	obj153_it
Object 154	obj154_buffered_analgesic
Object 155	obj155_pocket_fluff
Object 156	obj156_thing_your_aunt_gave_you_which_you_don_t_know_what_it_is
Object 157	obj157_sleeve
Object 158	obj158_your_gown
Object 159	obj159_your_curtains
Object 160	obj160_it
Object 161	obj161_bed
Object 162	obj162_telephone
Object 163	obj163_third_planet
Object 164	obj164_door
Object 165	obj165_window
Object 166	obj166_bulldozer
Object 167	obj167_bed
Object 168	obj168_Bedroom
Object 169	obj169
Object 170	obj170_splitting_headache
Object 171	obj171_pile_of_rubble
Object 172	obj172_it
Object 173	obj173_your_home
Object 174	obj174_Ramp
Object 175	obj175_Access_Space
Object 176	obj176_mechanism
Object 177	obj177_hatch
Object 178	obj178_Hatchway
Object 179	obj179_long__dangly_bit
Object 180	obj180_small_receptacle
Object 181	obj181_glass_case
Object 182	obj182_atomic_vector_plotter
Object 183	obj183_generator_switch
Object 184	obj184_small_plug
Object 185	obj185_large_plug
Object 186	obj186_spare_Improbability_Drive
Object 187	obj187_main_Improbability_Drive
Object 188	obj188_Engine_Room
Object 189	obj189_sales_brochure
Object 190	obj190_Entry_Bay_Number_Two
Object 191	obj191_Corridor__Aft_End
Object 192	obj192_Corridor__Fore_End
Object 193	obj193_handbag
Object 194	obj194_Trillian
Object 195	obj195_Zaphod_Beeblebrox
Object 196	obj196_Phil
Object 197	obj197_large_receptacle
Object 198	obj198_Eddie__the_shipboard_computer_
Object 199	obj199_the_controls
Object 200	obj200_stairs
Object 201	obj201_Bridge
Object 202	obj202_strange_gun
Object 203	obj203_shipping_carton
Object 204	obj204_Advanced_Tea_Substitute
Object 205	obj205_dipswitch
Object 206	obj206_circuit_board
Object 207	obj207_slot
Object 208	obj208_touch_sensitive_pad
Object 209	obj209_Nutrimat
Object 210	obj210_Galley
Object 211	obj211_fruit
Object 212	obj212_plant
Object 213	obj213_Inside_the_Sperm_Whale
Object 214	obj214_flowerpot
Object 215	obj215_Marvin
Object 216	obj216_screening_door
Object 217	obj217
Object 218	obj218_Marvin_s_Pantry
Object 219	obj219
Object 220	obj220_the_Heart_of_Gold

Attribute 2	attrib2			! obj10_number_twelve_asteroid_paint_chipper obj11_ionic_diffusion_rasp obj12_molecular_hyperwave_pincer obj13_pair_of_tweezers obj14_pair_of_hypersonic_pliers obj15_ultra_plasmic_vacuum_awl obj16_thermo_fusion_chisel obj17_laser_assisted_monkey_wrench obj18_flathead_screwdriver obj19_toothbrush
Attribute 3	attrib3			! obj169
Attribute 4	attrib4			! obj169
Attribute 5	attrib5			! obj30_yourself obj36_your_hand obj40_ceiling obj41_wall obj47_it obj169
Attribute 6	attrib6			! obj31_it obj93_other_name obj148_conversation obj166_bulldozer obj169
Attribute 7	attrib7			! obj54_Dais obj66_Presidential_Speedboat obj98_Beast_s_Outer_Lair obj134_Pub obj137_Country_Lane obj138_Back_of_House obj149_Front_of_House
Attribute 8	attrib8			! obj63_pilot_seat obj107_poetry_appreciation_chair obj132_bar obj161_bed obj169
Attribute 9	attrib9			! obj169
Attribute 10	attrib10		! obj158_your_gown obj169
Attribute 11	attrib11		! obj105_Vogon_poetry obj148_conversation
Attribute 12	attrib12		! obj63_pilot_seat obj107_poetry_appreciation_chair obj161_bed obj167_bed
Attribute 13	attrib13		! obj1_The_Hitchhiker_s_Guide obj53_banner obj78_particle obj97_sandstone_memorial obj150_loose_pile_of_junk_mail obj189_sales_brochure obj203_shipping_carton
Attribute 14	attrib14		! obj9_tea obj22_liquid obj72_glass_of_white_wine obj122_Santraginean_Mineral_Water obj127_lots_of_beer obj204_Advanced_Tea_Substitute
Attribute 15	attrib15		! obj3_Engineer_robot obj7_electronic_Sub_Etha_signaling_device obj11_ionic_diffusion_rasp obj15_ultra_plasmic_vacuum_awl obj27_one_of_the_guards obj28_object_of_the_game obj39_air obj47_it obj50_innard_of_a_whale obj58_autopilot_button obj77_apartment obj82_other_planets obj93_other_name obj103_outer_door obj119_airlock obj120_inner_door obj123_Arthur_Dent obj182_atomic_vector_plotter obj198_Eddie__the_shipboard_computer_ obj204_Advanced_Tea_Substitute
Attribute 16	attrib16		! obj109_switch obj183_generator_switch obj205_dipswitch
Attribute 17	attrib17		! obj59_magnifying_glass obj85_domed_canopy obj165_window obj169 obj181_glass_case obj182_atomic_vector_plotter obj186_spare_Improbability_Drive obj206_circuit_board
Attribute 18	attrib18		! obj3_Engineer_robot obj27_one_of_the_guards obj60_tool_box obj63_pilot_seat obj107_poetry_appreciation_chair obj141_satchel obj142_Ford_Prefect obj156_thing_your_aunt_gave_you_which_you_don_t_know_what_it_is obj158_your_gown obj161_bed obj169 obj181_glass_case obj193_handbag obj203_shipping_carton obj207_slot obj209_Nutrimat
Attribute 19	attrib19		! obj45_light obj58_autopilot_button obj129_jukebox obj186_spare_Improbability_Drive obj187_main_Improbability_Drive obj198_Eddie__the_shipboard_computer_ obj209_Nutrimat
Attribute 20	attrib20		! obj71_plate_of_hors_d_oeuvres obj125_cheese_sandwich obj126_peanuts obj154_buffered_analgesic obj211_fruit
Attribute 21	attrib21		! obj2_bike obj8_no_tea obj9_tea obj18_flathead_screwdriver obj19_toothbrush obj51_photon_rifle obj52_blaster obj69_jacket_fluff obj78_particle obj88_Nutrimat_Computer_Interface obj89_skeleton obj96_sharp_stone obj110_keyboard obj125_cheese_sandwich obj126_peanuts obj139_towel obj141_satchel obj144_digital_watch obj150_loose_pile_of_junk_mail obj158_your_gown obj162_telephone obj169 obj182_atomic_vector_plotter obj193_handbag obj211_fruit
Attribute 22	attrib22		! obj4_guarantee obj5_green_button obj6_red_button obj179_long__dangly_bit obj180_small_receptacle obj184_small_plug obj185_large_plug obj212_plant
Attribute 23	attrib23		! obj3_Engineer_robot obj7_electronic_Sub_Etha_signaling_device obj27_one_of_the_guards obj63_pilot_seat obj75_door obj107_poetry_appreciation_chair obj132_bar obj142_Ford_Prefect obj145_Mr__Prosser obj156_thing_your_aunt_gave_you_which_you_don_t_know_what_it_is obj161_bed obj164_door obj169 obj194_Trillian obj207_slot obj214_flowerpot
Attribute 24	attrib24		! obj3_Engineer_robot obj7_electronic_Sub_Etha_signaling_device obj27_one_of_the_guards obj60_tool_box obj63_pilot_seat obj107_poetry_appreciation_chair obj132_bar obj141_satchel obj142_Ford_Prefect obj145_Mr__Prosser obj156_thing_your_aunt_gave_you_which_you_don_t_know_what_it_is obj158_your_gown obj161_bed obj181_glass_case obj182_atomic_vector_plotter obj186_spare_Improbability_Drive obj193_handbag obj194_Trillian obj203_shipping_carton obj206_circuit_board obj207_slot obj209_Nutrimat obj214_flowerpot
Attribute 25	attrib25		! obj1_The_Hitchhiker_s_Guide obj7_electronic_Sub_Etha_signaling_device obj9_tea obj10_number_twelve_asteroid_paint_chipper obj11_ionic_diffusion_rasp obj12_molecular_hyperwave_pincer obj13_pair_of_tweezers obj14_pair_of_hypersonic_pliers obj15_ultra_plasmic_vacuum_awl obj16_thermo_fusion_chisel obj17_laser_assisted_monkey_wrench obj18_flathead_screwdriver obj19_toothbrush obj52_blaster obj59_magnifying_glass obj60_tool_box obj61_seat_cushion_fluff obj62_small_key obj69_jacket_fluff obj71_plate_of_hors_d_oeuvres obj72_glass_of_white_wine obj78_particle obj88_Nutrimat_Computer_Interface obj96_sharp_stone obj111_babel_fish obj122_Santraginean_Mineral_Water obj139_towel obj140_satchel_fluff obj141_satchel obj150_loose_pile_of_junk_mail obj154_buffered_analgesic obj155_pocket_fluff obj156_thing_your_aunt_gave_you_which_you_don_t_know_what_it_is obj158_your_gown obj162_telephone obj182_atomic_vector_plotter obj186_spare_Improbability_Drive obj189_sales_brochure obj193_handbag obj202_strange_gun obj203_shipping_carton obj204_Advanced_Tea_Substitute obj206_circuit_board obj211_fruit obj214_flowerpot
Attribute 26	attrib26		! obj3_Engineer_robot obj27_one_of_the_guards obj30_yourself obj70_hostess obj83_G_Gugvunt_leader obj84_Vl_Hurg_leader obj95_Ravenous_Bugblatter_Beast_of_Traal obj106_Vogon_Captain obj123_Arthur_Dent obj128_barman obj142_Ford_Prefect obj145_Mr__Prosser obj146_bulldozer_driver obj194_Trillian obj195_Zaphod_Beeblebrox obj196_Phil obj198_Eddie__the_shipboard_computer_ obj209_Nutrimat obj215_Marvin obj216_screening_door
Attribute 27	attrib27		! obj2_bike obj4_guarantee obj5_green_button obj6_red_button obj20_star_drive obj21_light obj22_liquid obj23_shadow obj24_darkness obj27_one_of_the_guards obj31_it obj36_your_hand obj37_sun obj40_ceiling obj41_wall obj47_it obj50_innard_of_a_whale obj51_photon_rifle obj52_blaster obj53_banner obj55_towering_cliffs obj56_rocky_spire obj57_narrow_channel obj58_autopilot_button obj64_speedboat obj68_it obj69_jacket_fluff obj75_door obj79_synapse obj80_brain obj82_other_planets obj83_G_Gugvunt_leader obj85_domed_canopy obj87_battle_fleet obj88_Nutrimat_Computer_Interface obj94_name obj96_sharp_stone obj97_sandstone_memorial obj102_it obj103_outer_door obj104_corridor_door obj105_Vogon_poetry obj109_switch obj110_keyboard obj112_tiny_robot_panel obj113_drain obj114_metal_hook obj115_small_hole obj116_dispenser_button obj118_it obj120_inner_door obj124_fleet_of_Vogon_Constructor_ships obj125_cheese_sandwich obj126_peanuts obj127_lots_of_beer obj129_jukebox obj130_music obj132_bar obj133_it obj144_digital_watch obj146_bulldozer_driver obj147_it obj152_it obj153_it obj158_your_gown obj159_your_curtains obj160_it obj161_bed obj162_telephone obj163_third_planet obj164_door obj166_bulldozer obj171_pile_of_rubble obj179_long__dangly_bit obj180_small_receptacle obj183_generator_switch obj184_small_plug obj185_large_plug obj187_main_Improbability_Drive obj193_handbag obj194_Trillian obj195_Zaphod_Beeblebrox obj197_large_receptacle obj198_Eddie__the_shipboard_computer_ obj200_stairs obj205_dipswitch obj207_slot obj208_touch_sensitive_pad obj209_Nutrimat obj211_fruit obj212_plant obj216_screening_door
Attribute 28	attrib28		! obj75_door obj103_outer_door obj104_corridor_door obj120_inner_door obj164_door obj216_screening_door
Attribute 29	attrib29		! obj25_Dark obj54_Dais obj66_Presidential_Speedboat obj73_Kitchen obj74_Dining_Room obj76_Living_Room obj81_Maze obj86_War_Chamber obj90_Inner_Lair obj98_Beast_s_Outer_Lair obj99_Lair obj101_Airlock obj108_Captain_s_Quarters obj121_Vogon_Hold obj129_jukebox obj134_Pub obj137_Country_Lane obj138_Back_of_House obj149_Front_of_House obj151_Front_Porch obj169 obj174_Ramp obj175_Access_Space obj178_Hatchway obj188_Engine_Room obj190_Entry_Bay_Number_Two obj191_Corridor__Aft_End obj192_Corridor__Fore_End obj198_Eddie__the_shipboard_computer_ obj201_Bridge obj210_Galley obj213_Inside_the_Sperm_Whale obj218_Marvin_s_Pantry
Attribute 30	attrib30		! obj25_Dark obj54_Dais obj66_Presidential_Speedboat obj73_Kitchen obj74_Dining_Room obj76_Living_Room obj81_Maze obj86_War_Chamber obj89_skeleton obj90_Inner_Lair obj98_Beast_s_Outer_Lair obj99_Lair obj101_Airlock obj108_Captain_s_Quarters obj121_Vogon_Hold obj134_Pub obj137_Country_Lane obj138_Back_of_House obj149_Front_of_House obj151_Front_Porch obj168_Bedroom obj169 obj174_Ramp obj175_Access_Space obj178_Hatchway obj188_Engine_Room obj190_Entry_Bay_Number_Two obj191_Corridor__Aft_End obj192_Corridor__Fore_End obj201_Bridge obj210_Galley obj213_Inside_the_Sperm_Whale obj218_Marvin_s_Pantry
Attribute 31	attrib31		! obj1_The_Hitchhiker_s_Guide obj8_no_tea obj9_tea obj24_darkness obj27_one_of_the_guards obj30_yourself obj32_your_ears obj33_your_eyes obj34_your_head obj35_your_teeth obj36_your_hand obj44_sleep obj46_it obj47_it obj55_towering_cliffs obj61_seat_cushion_fluff obj68_it obj69_jacket_fluff obj82_other_planets obj92_your_name obj102_it obj105_Vogon_poetry obj118_it obj122_Santraginean_Mineral_Water obj123_Arthur_Dent obj126_peanuts obj127_lots_of_beer obj130_music obj133_it obj140_satchel_fluff obj142_Ford_Prefect obj145_Mr__Prosser obj147_it obj152_it obj153_it obj155_pocket_fluff obj158_your_gown obj159_your_curtains obj160_it obj172_it obj173_your_home obj190_Entry_Bay_Number_Two obj194_Trillian obj195_Zaphod_Beeblebrox obj196_Phil obj198_Eddie__the_shipboard_computer_ obj199_the_controls obj200_stairs obj204_Advanced_Tea_Substitute obj213_Inside_the_Sperm_Whale obj215_Marvin obj218_Marvin_s_Pantry obj220_the_Heart_of_Gold

Property 7	prop7:?
Property 8	in_to:exit
Property 9	southw_to:exit
Property 10	se_to:exit
Property 11	northw_to:exit
Property 12	ne_to:exit
Property 13	prop13:string
Property 14	prop14:string
Property 15	prop15:?
Property 16	aft_to:exit
Property 17	f_to:exit
Property 18	u_to:exit
Property 19	p_to:exit
Property 20	d_to:exit
Property 21	prop21:thing
Property 22	prop22:?
Property 23	prop23:?
Property 24	prop24:?
Property 25	prop25:?
Property 26	out_to:exit
Property 27	e_to:exit
Property 28	prop28:string
Property 29	prop29:routine
Property 30	prop30:?
Property 31	prop31:dictwords

Global 0	global0:?
Global 1	global1:?
Global 2	global2:?
Global 3	global3:?
Global 4	global4:?
Global 5	global5:?
Global 6	global6:?
Global 7	global7:?
Global 8	global8:?
Global 9	global9:?
Global 10	global10:?
Global 11	global11:?
Global 12	global12:?
Global 13	global13:?
Global 14	global14:?
Global 15	global15:?
Global 16	global16:?
Global 17	global17:?
Global 18	global18:?
Global 19	global19:?
Global 20	global20:?
Global 21	global21:?
Global 22	global22:?
Global 23	global23:?
Global 24	global24:?
Global 25	global25:?
Global 26	global26:?
Global 27	global27:?
Global 28	global28:?
Global 29	global29:?
Global 30	global30:?
Global 31	global31:?
Global 32	global32:?
Global 33	global33:?
Global 34	global34:?
Global 35	global35:?
Global 36	global36:?
Global 37	global37:?
Global 38	global38:?
Global 39	global39:?
Global 40	global40:?
Global 41	global41:?
Global 42	global42:?
Global 43	global43:?
Global 44	global44:?
Global 45	global45:?
Global 46	global46:?
Global 47	global47:?
Global 48	global48:?
Global 49	global49:?
Global 50	global50:?
Global 51	global51:?
Global 52	global52:?
Global 53	global53:?
Global 54	global54:?
Global 55	global55:?
Global 56	global56:?
Global 57	global57:?
Global 58	global58:?
Global 59	global59:?
Global 60	global60:?
Global 61	global61:?
Global 62	global62:?
Global 63	global63:?
Global 64	global64:?
Global 65	global65:?
Global 66	global66:?
Global 67	global67:?
Global 68	global68:?
Global 69	global69:?
Global 70	global70:?
Global 71	global71:?
Global 72	global72:?
Global 73	global73:?
Global 74	global74:?
Global 75	global75:?
Global 76	global76:?
Global 77	global77:?
Global 78	global78:?
Global 79	global79:?
Global 80	global80:?
Global 81	global81:?
Global 82	global82:?
Global 83	global83:?
Global 84	global84:?
Global 85	global85:?
Global 86	global86:?
Global 87	global87:?
Global 88	global88:?
Global 89	global89:?
Global 90	global90:?
Global 91	global91:?
Global 92	global92:?
Global 93	global93:?
Global 94	global94:?
Global 95	global95:?
Global 96	global96:?
Global 97	global97:?
Global 98	global98:?
Global 99	global99:?
Global 100	global100:?
Global 101	global101:?
Global 102	global102:?
Global 103	global103:?
Global 104	global104:?
Global 105	global105:?
Global 106	global106:?
Global 107	global107:?
Global 108	global108:?
Global 109	global109:?
Global 110	global110:?
Global 111	global111:?
Global 112	global112:?
Global 113	global113:?
Global 114	global114:?
Global 115	global115:?
Global 116	global116:?
Global 117	global117:?
Global 118	global118:?
Global 119	global119:?
Global 120	global120:?
Global 121	global121:?
Global 122	global122:?
Global 123	global123:?
Global 124	global124:?
Global 125	global125:?
Global 126	global126:?
Global 127	global127:?
Global 128	global128:?
Global 129	global129:?
Global 130	global130:?
Global 131	global131:?
Global 132	global132:?
Global 133	global133:?
Global 134	global134:?
Global 135	global135:?
Global 136	global136:?
Global 137	global137:?
Global 138	global138:?
Global 139	global139:?
Global 140	global140:?
Global 141	global141:?
Global 142	global142:?
Global 143	global143:?
Global 144	global144:?
Global 145	global145:?
Global 146	global146:?
Global 147	global147:?
Global 148	global148:?
Global 149	global149:?
Global 150	global150:?
Global 151	global151:?
Global 152	global152:?
Global 153	global153:?
Global 154	global154:?
Global 155	global155:?
Global 156	global156:?
Global 157	global157:?
Global 158	global158:?
Global 159	global159:?
Global 160	global160:?
Global 161	global161:?
Global 162	global162:?
Global 163	global163:?
Global 164	global164:?
Global 165	global165:?
Global 166	global166:?
Global 167	global167:?
Global 168	global168:?
Global 169	global169:?
Global 170	global170:?
Global 171	global171:?
Global 172	global172:?
Global 173	global173:?
Global 174	global174:?
Global 175	global175:?
Global 176	global176:?
Global 177	global177:?
Global 178	global178:?
Global 179	global179:?
Global 180	global180:?
Global 181	global181:?
Global 182	global182:?
Global 183	global183:?
Global 184	global184:?
Global 185	global185:?
Global 186	global186:?
Global 187	global187:?
Global 188	global188:?
Global 189	global189:?
Global 190	global190:?
Global 191	global191:?
Global 192	global192:?
Global 193	global193:?
Global 194	global194:?
Global 195	global195:?
Global 196	global196:?
Global 197	global197:?
Global 198	global198:?
Global 199	global199:?
Global 200	global200:?
Global 201	global201:?
Global 202	global202:?
Global 203	global203:?
Global 204	global204:?
Global 205	global205:?
Global 206	global206:?
Global 207	global207:?
Global 208	global208:?
Global 209	global209:?
Global 210	global210:?
Global 211	global211:?
Global 212	global212:?
Global 213	global213:?
Global 214	global214:?
Global 215	global215:?
Global 216	global216:?
Global 217	global217:?
Global 218	global218:?
Global 219	global219:?
Global 220	global220:?
Global 221	global221:?
Global 222	global222:?
Global 223	global223:?
Global 224	global224:?
Global 225	global225:?
Global 226	global226:?
Global 227	global227:?
Global 228	global228:?
Global 229	global229:?
Global 230	global230:?
Global 231	global231:?
Global 232	global232:?
Global 233	global233:?
Global 234	global234:?
Global 235	global235:?
Global 236	global236:?
Global 237	global237:?
Global 238	global238:?
Global 239	global239:?

Action 0	Action0		! 'verbos'
Action 1	Action1		! 'brief'
Action 2	Action2		! 'super'/'superb'
Action 3	Action3		! 'diagno'
Action 4	Action4		! 'invent'
				! 'i//'/'i^m'/'im'
Action 5	Action5		! 'i//'/'i^m'/'im' object
Action 6	Action6		! 'q//'/'quit'
Action 7	Action7		! 'restar'
Action 8	Action8		! 'restor'
Action 9	Action9		! 'save'
Action 10	Action10	! 'score'
Action 11	Action11	! 'script'
Action 12	Action12	! 'unscri'
Action 13	Action13	! 'versio'
Action 14	Action14	! '$ve' object
				! '$ve'
Action 15	Action15	! 'addres' attrib26(in_room)
				! 'say'/'speak'/'talk' 'toward'/'to' attrib26(in_room)
				! 'tell' attrib26(in_room)
Action 16	Action16	! 'again'/'g//'
Action 17	Action17	! 'answer'/'reply'
Action 18	Action18	! 'answer'/'reply' 'toward'/'to' object
				! 'answer'/'reply' object
Action 19	Action19	! 'applau'/'cheer'/'clap'
Action 20	Action20	! 'apprec' object
Action 21	Action21	! 'approa' object
				! 'go'/'procee'/'run'/'step'/'walk' 'toward'/'to' object
Action 22	Action22	! 'ask'/'consul'/'query' attrib26 'onto'/'on' object
				! 'ask'/'consul'/'query' attrib26 'about' object
Action 23	Action23	! 'ask'/'consul'/'query' attrib26 'for' object
Action 24	Action24	! 'assaul'/'attack'/'fight'/'hit'/'kill'/'murder'/'punch'/'slap'/'strike' attrib26(in_room,on_ground) 'with'/'using' object(held,carried,have)
				! 'assaul'/'attack'/'fight'/'hit'/'kill'/'murder'/'punch'/'slap'/'strike' attrib26(in_room,on_ground)
				! 'break'/'crack'/'damage'/'demoli'/'destro'/'smash'/'wreck' 'down'/'d//' object
				! 'knock'/'rap' 'down'/'d//' attrib26(in_room,on_ground)
Action 25	Action25	! 'bite' object
Action 26	Action26	! 'block'/'stop' object
				! 'lie'/'reclin' 'next'/'near'/'before'/'agains' object
Action 27	Action27	! 'block'/'stop' object 'with'/'using' object
Action 28	Action28	! 'board'/'embark' attrib12(in_room,on_ground)
				! 'climb'/'scale' 'into'/'inside'/'in' attrib12(in_room,on_ground)
				! 'rest'/'sit'/'squat' 'into'/'inside'/'in' attrib12(in_room,on_ground)
				! 'sleep' 'onto'/'on' object(in_room,on_ground)
				! 'sleep' 'into'/'inside'/'in' object(in_room,on_ground)
				! 'carry'/'catch'/'get'/'grab'/'hold'/'take' 'into'/'inside'/'in' attrib12(in_room,on_ground)
Action 29	Action29	! 'brush' object 'with'/'using' object(have)
				! 'brush' object
Action 30	Action30	! 'buy'/'order'/'purcha' object
				! 'pay' 'for' object
Action 31	Action31	! 'carve'/'inscri'/'scratc'/'write' object 'into'/'inside'/'in' object
				! 'carve'/'inscri'/'scratc'/'write' object 'onto'/'on' object
Action 32	Action32	! 'carve'/'inscri'/'scratc'/'write' object 'with'/'using' object(have)
Action 33	Action33	! 'climb'/'scale' object(in_room,on_ground)
Action 34	Action34	! 'climb'/'scale' 'onto'/'on' attrib12(in_room,on_ground)
				! 'rest'/'sit'/'squat' 'onto'/'on' attrib12(in_room,on_ground)
				! 'carry'/'catch'/'get'/'grab'/'hold'/'take' 'onto'/'on' attrib12(in_room,on_ground)
Action 35	Action35	! 'climb'/'scale' 'up'/'u//' attrib30(in_room,on_ground)
				! 'go'/'procee'/'run'/'step'/'walk' 'up'/'u//' object(in_room,on_ground)
Action 36	Action36	! 'climb'/'scale' 'down'/'d//' attrib30(in_room,on_ground)
				! 'descen' object(in_room,on_ground)
				! 'go'/'procee'/'run'/'step'/'walk' 'down'/'d//' object(in_room,on_ground)
Action 37	Action37	! 'climb'/'scale' 'over' object(in_room,on_ground)
Action 38	Action38	! 'climb'/'scale' 'thru'/'throug' object
				! 'enter' object
				! 'dive'/'jump'/'leap' 'thru'/'throug' object
				! 'dive'/'jump'/'leap' 'outsid'/'out' object
				! 'dive'/'jump'/'leap' 'into'/'inside'/'in' object
				! 'go'/'procee'/'run'/'step'/'walk' 'thru'/'throug' object
				! 'go'/'procee'/'run'/'step'/'walk' 'outsid'/'out' object
				! 'go'/'procee'/'run'/'step'/'walk' 'into'/'inside'/'in' object
Action 39	Action39	! 'close'/'shut' attrib28(held,carried,in_room,on_ground)
Action 40	Action40	! 'close'/'shut' 'off' attrib19(held,carried,in_room,on_ground,take)
				! 'exting' attrib29
				! 'flick'/'flip'/'switch'/'toggle'/'turn' 'off' attrib19(take)
Action 41	Action41	! 'connec' object 'toward'/'to' object
				! 'plug' 'into'/'inside'/'in' object 'toward'/'to' object
				! 'plug' 'into'/'inside'/'in' object 'into'/'inside'/'in' object
				! 'plug' object 'toward'/'to' object
				! 'plug' object 'into'/'inside'/'in' object
				! 'attach'/'fasten'/'secure'/'tie' object 'toward'/'to' object
Action 42	Action42	! 'cover' object 'with'/'using' object(held,many)
				! 'drape'/'wrap' object 'into'/'inside'/'in' object(held,many)
Action 43	Action43	! 'count' object
Action 44	Action44	! 'cut'/'slice' 'thru'/'throug' object 'with'/'using' object(held,carried)
				! 'cut'/'slice' object 'with'/'using' object(held,carried)
Action 45	Action45	! 'break'/'crack'/'damage'/'demoli'/'destro'/'smash'/'wreck' object 'with'/'using' object(held,carried,take)
				! 'break'/'crack'/'damage'/'demoli'/'destro'/'smash'/'wreck' object(in_room,on_ground)
Action 46	Action46	! 'dangle' object(held,many) 'into'/'inside'/'in' object
				! 'drop' object(held,many) 'into'/'inside'/'in' object
				! 'drop' object(held,many) 'down'/'d//' object
				! 'hang' object(held,many) 'into'/'inside'/'in' object
				! 'insert'/'lay'/'place'/'put'/'stuff' object(held,many) 'into'/'inside'/'in' object
Action 47	Action47	! 'dig' 'thru'/'throug' object
				! 'dig' 'with'/'using' object
				! 'dig' 'into'/'inside'/'in' object
Action 48	Action48	! 'debark'/'disemb' attrib12(in_room,on_ground)
				! 'carry'/'catch'/'get'/'grab'/'hold'/'take' 'outsid'/'out' attrib12(on_ground)
Action 49	Action49	! 'disrob'
				! 'carry'/'catch'/'get'/'grab'/'hold'/'take' 'undres' attrib30
Action 50	Action50	! 'doze'/'nap'/'snooze'
Action 51	Action51	! 'drink'/'guzzle'/'imbibe'/'quaff'/'sip'/'swallo'/'swill' attrib14(held,carried,in_room,on_ground)
Action 52	Action52	! 'drink'/'guzzle'/'imbibe'/'quaff'/'sip'/'swallo'/'swill' 'from' object(held,carried)
Action 53	Action53	! 'drop' object(held,many,have)
				! 'insert'/'lay'/'place'/'put'/'stuff' 'down'/'d//' object(held,many,have)
Action 54	Action54	! 'drop' object(held,many) 'next'/'near'/'before'/'agains' object
				! 'insert'/'lay'/'place'/'put'/'stuff' object(held,many) 'next'/'near'/'before'/'agains' object
				! 'insert'/'lay'/'place'/'put'/'stuff' object(held,many) 'at' object
Action 55	Action55	! 'drop' object(held,many) 'onto'/'on' object
				! 'insert'/'lay'/'place'/'put'/'stuff' object(held,many) 'across' object
				! 'insert'/'lay'/'place'/'put'/'stuff' object(held,many) 'over' object
				! 'insert'/'lay'/'place'/'put'/'stuff' object(held,many) 'around'/'along' object
				! 'insert'/'lay'/'place'/'put'/'stuff' object(held,many) 'onto'/'on' object
				! 'insert'/'lay'/'place'/'put'/'stuff' object(held,many) 'down'/'d//' object
				! 'attach'/'fasten'/'secure'/'tie' object(held,many) 'around'/'along' object
				! 'drape'/'wrap' object(held,many) 'over' object
				! 'drape'/'wrap' object(held,many) 'around'/'along' object
				! 'drape'/'wrap' object(held,many) 'onto'/'on' object
Action 56	Action56	! 'devour'/'eat'/'gobble'/'ingest' attrib20(held,carried,in_room,on_ground)
Action 57	Action57	! 'enjoy' object
Action 58	Action58	! 'enter'
Action 59	Action59	! 'depart'/'exit'/'withdr' object
				! 'depart'/'exit'/'withdr'
Action 60	Action60	! 'escape'/'flee' 'from' object
				! 'escape'/'flee' object
				! 'escape'/'flee'
Action 61	Action61	! 'descri'/'examin'/'inspec'/'observ'/'scour'/'see'/'study' attrib11(held,carried,in_room,on_ground)
				! 'gaze'/'l//'/'look'/'stare' 'onto'/'on' object
				! 'gaze'/'l//'/'look'/'stare' 'at' attrib11(held,carried,in_room,on_ground)
Action 62	Action62	! 'descri'/'examin'/'inspec'/'observ'/'scour'/'see'/'study' object 'thru'/'throug' object
				! 'gaze'/'l//'/'look'/'stare' 'at' object 'thru'/'throug' object
Action 63	Action63	! 'descri'/'examin'/'inspec'/'observ'/'scour'/'see'/'study' 'onto'/'on' object(held,carried,in_room,on_ground)
				! 'descri'/'examin'/'inspec'/'observ'/'scour'/'see'/'study' 'into'/'inside'/'in' object(held,carried,in_room,on_ground)
				! 'gaze'/'l//'/'look'/'stare' 'into'/'inside'/'in' object(held,carried,in_room,on_ground)
				! 'gaze'/'l//'/'look'/'stare' 'outsid'/'out' object
				! 'gaze'/'l//'/'look'/'stare' 'thru'/'throug' object
Action 64	Action64	! 'descri'/'examin'/'inspec'/'observ'/'scour'/'see'/'study' 'for' object
				! 'find'/'seek' object
				! 'gaze'/'l//'/'look'/'stare' 'for' object
				! 'frisk'/'rummag'/'search' 'for' object
Action 65	Action65	! 'feed' attrib26
Action 66	Action66	! 'feed' object(held,many,have) 'toward'/'to' attrib26(on_ground)
				! 'donate'/'give'/'hand'/'offer'/'sell' object(held,many,have) 'toward'/'to' attrib26(on_ground)
Action 67	Action67	! 'feed' attrib26(on_ground) object(held,many,have)
				! 'donate'/'give'/'hand'/'offer'/'sell' attrib26(on_ground) object(held,many,have)
Action 68	Action68	! 'fill' object
Action 69	Action69	! 'chase'/'follow'/'pursue' object
Action 70	Action70	! 'footno' object
				! 'footno'
Action 71	Action71	! 'bleem'/'frippi'/'gashee'/'lyshus'/'misera'/'morpho'/'thou'/'venchi'/'wimbgu'
Action 72	Action72	! 'donate'/'give'/'hand'/'offer'/'sell' 'up'/'u//' attrib30
Action 73	Action73	! 'hang' object 'from' object
				! 'hang' object 'onto'/'on' object
Action 74	Action74	! 'hear' attrib11
				! 'listen' 'toward'/'to' attrib11
Action 75	Action75	! 'hello'/'hi' object
				! 'hello'/'hi'
Action 76	Action76	! 'help'/'hint'/'hints'
Action 77	Action77	! 'save' object
				! 'help'/'hint'/'hints' object
Action 78	Action78	! 'hide' 'behind' object
				! 'hide' 'undern'/'under'/'beneat'/'below' object
				! 'hide'
Action 79	Action79	! 'hitch'/'hitchh'
Action 80	Action80	! 'idiot'
Action 81	Action81	! 'dive'/'jump'/'leap' 'off' object
				! 'dive'/'jump'/'leap' 'from' object
				! 'dive'/'jump'/'leap' 'across' object
				! 'dive'/'jump'/'leap' 'over' object
				! 'dive'/'jump'/'leap'
				! 'go'/'procee'/'run'/'step'/'walk' 'over' object
Action 82	Action82	! 'kick' object
Action 83	Action83	! 'kiss' attrib26(in_room,on_ground)
Action 84	Action84	! 'crawl'/'kneel'/'peek'
Action 85	Action85	! 'knock'/'rap' 'onto'/'on' object
				! 'knock'/'rap' 'at' object
Action 86	Action86	! 'leave' object
				! 'leave'
				! 'go'/'procee'/'run'/'step'/'walk' 'away' attrib30
Action 87	Action87	! 'lie'/'reclin' 'down'/'d//' attrib30
				! 'lie'/'reclin' 'into'/'inside'/'in' attrib12
				! 'lie'/'reclin' 'onto'/'on' attrib12
Action 88	Action88	! 'light' attrib19(held,carried,in_room,on_ground)
				! 'activa'/'start' object
				! 'flick'/'flip'/'switch'/'toggle'/'turn' 'onto'/'on' attrib19
Action 89	Action89	! 'lock' object(in_room,on_ground) 'with'/'using' object(take)
				! 'lock' object(in_room,on_ground)
Action 90	Action90	! 'gaze'/'l//'/'look'/'stare' 'around'/'along' attrib30
				! 'gaze'/'l//'/'look'/'stare'
Action 91	Action91	! 'gaze'/'l//'/'look'/'stare' 'down'/'d//' attrib30
Action 92	Action92	! 'gaze'/'l//'/'look'/'stare' 'up'/'u//' attrib30
Action 93	Action93	! 'gaze'/'l//'/'look'/'stare' 'undern'/'under'/'beneat'/'below' object
Action 94	Action94	! 'gaze'/'l//'/'look'/'stare' 'behind' object
Action 95	Action95	! 'gaze'/'l//'/'look'/'stare' object
Action 96	Action96	! 'lower' object
Action 97	Action97	! 'make' object
Action 98	Action98	! 'move'/'pull' object(in_room,on_ground)
Action 99	Action99	! 'move'/'pull' object object
				! 'press'/'push' object object
				! 'flick'/'flip'/'switch'/'toggle'/'turn' 'off' object object
				! 'flick'/'flip'/'switch'/'toggle'/'turn' 'onto'/'on' object object
				! 'flick'/'flip'/'switch'/'toggle'/'turn' object object
				! 'hurl'/'throw'/'toss' object object
Action 100	Action100	! 'move'/'pull' 'togeth' object
Action 101	Action101	! 'my' object object
Action 102	Action102	! 'no'
Action 103	Action103	! 'draw'/'open'/'part' attrib28(held,carried,in_room,on_ground) 'with'/'using' object(held,carried,in_room,on_ground,have)
				! 'draw'/'open'/'part' 'up'/'u//' attrib28(held,carried,in_room,on_ground)
				! 'draw'/'open'/'part' attrib28(held,carried,in_room,on_ground)
Action 104	Action104	! 'panic'
Action 105	Action105	! 'call'/'phone' object
Action 106	Action106	! 'call'/'phone' object 'onto'/'on' object
				! 'call'/'phone' object 'with'/'using' object
Action 107	Action107	! 'pick' object 'with'/'using' object
				! 'pick' object
Action 108	Action108	! 'pick' 'up'/'u//' attrib25(on_ground,many)
Action 109	Action109	! 'bury'/'plant' object(held,many) 'into'/'inside'/'in' object
Action 110	Action110	! 'point'/'steer' 'toward'/'to' object
				! 'point'/'steer' 'at' object
Action 111	Action111	! 'point'/'steer' object 'toward'/'to' object
				! 'point'/'steer' object 'at' object
Action 112	Action112	! 'pour'/'spill'/'sprink' object(held,carried) 'over' object
				! 'pour'/'spill'/'sprink' object(held,carried) 'onto'/'on' object
				! 'pour'/'spill'/'sprink' object(held,carried) 'into'/'inside'/'in' object
				! 'pour'/'spill'/'sprink' object(held,carried)
Action 113	Action113	! 'argue'/'protes'
Action 114	Action114	! 'press'/'push' 'onto'/'on' object(in_room,on_ground)
				! 'press'/'push' object
				! 'slide' object
Action 115	Action115	! 'press'/'push' object 'undern'/'under'/'beneat'/'below' object
				! 'insert'/'lay'/'place'/'put'/'stuff' object 'undern'/'under'/'beneat'/'below' object
				! 'slide' object 'undern'/'under'/'beneat'/'below' object
Action 116	Action116	! 'insert'/'lay'/'place'/'put'/'stuff' 'onto'/'on' attrib10(have)
				! 'don'/'wear' attrib10(have)
Action 117	Action117	! 'insert'/'lay'/'place'/'put'/'stuff' object 'behind' object
Action 118	Action118	! 'lift'/'raise' 'up'/'u//' object
				! 'lift'/'raise' object
Action 119	Action119	! 'rape' attrib26
Action 120	Action120	! 'read'/'skim' attrib13(held,carried,in_room,on_ground,take) 'with'/'using' object
				! 'read'/'skim' attrib13(held,carried,in_room,on_ground,take) 'thru'/'throug' object
				! 'read'/'skim' attrib13(held,carried,in_room,on_ground,take)
Action 121	Action121	! 'refuse' object(in_room)
Action 122	Action122	! 'relax'
Action 123	Action123	! 'doff'/'remove'/'shed' attrib9
Action 124	Action124	! 'doff'/'remove'/'shed' attrib25(carried,in_room,many) 'from' object
				! 'carry'/'catch'/'get'/'grab'/'hold'/'take' attrib25(carried,in_room,many) 'into'/'inside'/'in' object
				! 'carry'/'catch'/'get'/'grab'/'hold'/'take' attrib25(carried,in_room,many) 'from' object
				! 'carry'/'catch'/'get'/'grab'/'hold'/'take' attrib25(carried,in_room,many) 'off' object
				! 'carry'/'catch'/'get'/'grab'/'hold'/'take' attrib25(carried,in_room,many) 'outsid'/'out' object
				! 'carry'/'catch'/'get'/'grab'/'hold'/'take' attrib25(in_room,on_ground,many)
Action 125	Action125	! 'fix'/'repair'/'unjam' object
Action 126	Action126	! 'replac' object
Action 127	Action127	! 'say'/'speak'/'talk' object
Action 128	Action128	! 'say'/'speak'/'talk'
Action 129	Action129	! 'frisk'/'rummag'/'search' 'into'/'inside'/'in' object
				! 'frisk'/'rummag'/'search' object
Action 130	Action130	! 'shake' object
Action 131	Action131	! 'shake' object 'with'/'using' object
Action 132	Action132	! 'blast'/'fire'/'shoot' object 'with'/'using' object(have)
				! 'blast'/'fire'/'shoot' object
				! 'blast'/'fire'/'shoot'
Action 133	Action133	! 'blast'/'fire'/'shoot' object(have) 'at' object
Action 134	Action134	! 'show' object(held,many,have) 'toward'/'to' attrib26
Action 135	Action135	! 'show' attrib26 object(held,many,have)
Action 136	Action136	! 'rest'/'sit'/'squat' 'down'/'d//' attrib30(in_room,on_ground)
Action 137	Action137	! 'hop'/'skip'
Action 138	Action138	! 'sleep'
Action 139	Action139	! 'smell'/'sniff'/'whiff' attrib11
Action 140	Action140	! 'smile' 'at' object
				! 'smile'
Action 141	Action141	! 'rotate'/'spin'/'whirl' object
Action 142	Action142	! 'rise'/'stand' 'up'/'u//' attrib30
				! 'rise'/'stand'
				! 'carry'/'catch'/'get'/'grab'/'hold'/'take' 'up'/'u//' attrib30
Action 143	Action143	! 'rise'/'stand' 'into'/'inside'/'in' object
				! 'rise'/'stand' 'onto'/'on' object
Action 144	Action144	! 'rise'/'stand' 'next'/'near'/'before'/'agains' object
Action 145	Action145	! 'flick'/'flip'/'switch'/'toggle'/'turn' object 'with'/'using' object(have)
				! 'flick'/'flip'/'switch'/'toggle'/'turn' object 'toward'/'to' object
				! 'flick'/'flip'/'switch'/'toggle'/'turn' 'around'/'along' attrib30
				! 'flick'/'flip'/'switch'/'toggle'/'turn' object
Action 146	Action146	! 'carry'/'catch'/'get'/'grab'/'hold'/'take' 'dresse' attrib30
Action 147	Action147	! 'carry'/'catch'/'get'/'grab'/'hold'/'take' 'smashe'/'plaste'/'drunk'/'bombed' attrib30
Action 148	Action148	! 'carry'/'catch'/'get'/'grab'/'hold'/'take' 'off' attrib9(have)
Action 149	Action149	! 'lick'/'taste' attrib11
Action 150	Action150	! 'tell' attrib26 'about' object
Action 151	Action151	! 'tell' object object
Action 152	Action152	! 'tell' object 'toward'/'to' object
Action 153	Action153	! 'thank'/'thanks' object
Action 154	Action154	! 'hurl'/'throw'/'toss' object(held,carried) 'into'/'inside'/'in' object
				! 'hurl'/'throw'/'toss' object(held,carried) 'thru'/'throug' object(in_room,on_ground)
				! 'hurl'/'throw'/'toss' object(held,carried) 'toward'/'to' object(in_room,on_ground)
				! 'hurl'/'throw'/'toss' object(held,carried) 'at' object(in_room,on_ground)
				! 'hurl'/'throw'/'toss' object(held,carried) 'up'/'u//' attrib30
				! 'hurl'/'throw'/'toss' object(held,carried)
Action 155	Action155	! 'hurl'/'throw'/'toss' object(held,carried) 'over' object
				! 'hurl'/'throw'/'toss' object(held,carried) 'off' object
Action 156	Action156	! 'hurl'/'throw'/'toss' 'into'/'inside'/'in' object
Action 157	Action157	! 'attach'/'fasten'/'secure'/'tie' object
Action 158	Action158	! 'attach'/'fasten'/'secure'/'tie' 'togeth' object
Action 159	Action159	! 'feel'/'pat'/'pet'/'rub'/'touch' object 'with'/'using' object
				! 'feel'/'pat'/'pet'/'rub'/'touch' attrib11
Action 160	Action160	! 'type'
Action 161	Action161	! 'type' 'onto'/'on' object
Action 162	Action162	! 'unlock' object 'with'/'using' object(have)
				! 'unlock' object
Action 163	Action163	! 'discon'/'unplug' object
Action 164	Action164	! 'free'/'unatta'/'unfast'/'unknot'/'untie' object(held,carried,in_room,on_ground)
Action 165	Action165	! 'stay'/'wait'/'z//'
Action 166	Action166	! 'stay'/'wait'/'z//' 'for' object
Action 167	Action167	! 'awake'/'rouse'/'wake' 'up'/'u//' attrib30
				! 'awake'/'rouse'/'wake' attrib30
Action 168	Action168	! 'go'/'procee'/'run'/'step'/'walk' 'behind' object
				! 'go'/'procee'/'run'/'step'/'walk' 'around'/'along' object
				! 'go'/'procee'/'run'/'step'/'walk' 'onto'/'on' object
				! 'go'/'procee'/'run'/'step'/'walk'
Action 169	Action169	! 'go'/'procee'/'run'/'step'/'walk' object
Action 170	Action170	! 'clean'/'tidy'/'wash' 'up'/'u//' attrib30
				! 'clean'/'tidy'/'wash' object
Action 171	Action171	! 'water' object 'with'/'using' object(have)
Action 172	Action172	! 'wave' object(held,carried)
Action 173	Action173	! 'wave' 'toward'/'to' object
				! 'wave' 'at' object
				! 'wave'
Action 174	Action174	! 'what'/'what^'/'whats' object
Action 175	Action175	! 'what'/'what^'/'whats' 'about' object
Action 176	Action176	! 'what'/'what^'/'whats' object object
Action 177	Action177	! 'where'/'wheres' object
Action 178	Action178	! 'who'/'whos' object
Action 179	Action179	! 'why'
Action 180	Action180	! 'howl'/'scream'/'shout'/'yell' 'toward'/'to' object
				! 'howl'/'scream'/'shout'/'yell' 'at' object
				! 'howl'/'scream'/'shout'/'yell'
Action 181	Action181	! 'ok'/'okay'/'sure'/'y//'/'yes'

Word	$ve	$ve
Word	across	across
Word	activa	activa
Word	addres	addres
Word	advanc	advanc
Word	agains	agains
Word	agency	agency
Word	airloc	airloc
Word	alcoho	alcoho
Word	analge	analge
Word	androi	androi
Word	answer	answer
Word	anti-	anti-
Word	apartm	apartm
Word	appeti	appeti
Word	applau	applau
Word	apprec	apprec
Word	approa	approa
Word	around	around
Word	arthur	arthur
Word	aspiri	aspiri
Word	assaul	assaul
Word	assist	assist
Word	astero	astero
Word	atomic	atomic
Word	attach	attach
Word	attack	attack
Word	aunt'	aunt'
Word	autopi	autopi
Word	banner	banner
Word	barman	barman
Word	barten	barten
Word	batter	batter
Word	battle	battle
Word	beasth	beasth
Word	bedroo	bedroo
Word	beeble	beeble
Word	beerma	beerma
Word	before	before
Word	behind	behind
Word	beneat	beneat
Word	betelg	betelg
Word	beweap	beweap
Word	birdca	birdca
Word	bitter	bitter
Word	blaste	blaste
Word	blindi	blindi
Word	blinki	blinki
Word	blue-	blue-
Word	bombed	bombed
Word	bottle	bottle
Word	bright	bright
Word	brochu	brochu
Word	browni	browni
Word	buddha	buddha
Word	buffer	buffer
Word	bugbla	bugbla
Word	bulldo	bulldo
Word	button	button
Word	canopy	canopy
Word	captai	captai
Word	carpet	carpet
Word	carton	carton
Word	ceilin	ceilin
Word	chairs	chairs
Word	chambe	chambe
Word	channe	channe
Word	cheese	cheese
Word	chippe	chippe
Word	chisel	chisel
Word	circui	circui
Word	cleani	cleani
Word	cliffs	cliffs
Word	closet	closet
Word	common	common
Word	comput	comput
Word	connec	connec
Word	consol	consol
Word	constr	constr
Word	consul	consul
Word	contro	contro
Word	conver	conver
Word	corpor	corpor
Word	corrid	corrid
Word	counte	counte
Word	courty	courty
Word	creatu	creatu
Word	cupful	cupful
Word	curtai	curtai
Word	cushio	cushio
Word	cybern	cybern
Word	d'oeu	d'oeu
Word	damage	damage
Word	damogr	damogr
Word	dangle	dangle
Word	dangly	dangly
Word	dark-	dark-
Word	darkne	darkne
Word	debark	debark
Word	debris	debris
Word	demoli	demoli
Word	depart	depart
Word	depres	depres
Word	descen	descen
Word	descri	descri
Word	destro	destro
Word	device	device
Word	devour	devour
Word	diagno	diagno
Word	diffus	diffus
Word	digita	digita
Word	dipswi	dipswi
Word	discon	discon
Word	disemb	disemb
Word	dispen	dispen
Word	disrob	disrob
Word	distan	distan
Word	don't	don't
Word	donate	donate
Word	doorma	doorma
Word	dougla	dougla
Word	dresse	dresse
Word	dressi	dressi
Word	driver	driver
Word	drives	drives
Word	eighth	eighth
Word	electr	electr
Word	embark	embark
Word	engine	engine
Word	equati	equati
Word	escape	escape
Word	examin	examin
Word	except	except
Word	exting	exting
Word	fasten	fasten
Word	fertil	fertil
Word	flathe	flathe
Word	flower	flower
Word	follow	follow
Word	foobar	foobar
Word	footno	footno
Word	foreig	foreig
Word	forekn	forekn
Word	forema	forema
Word	forewa	forewa
Word	formid	formid
Word	fourth	fourth
Word	france	france
Word	fred'	fred'
Word	frippi	frippi
Word	frustr	frustr
Word	fusion	fusion
Word	g'gug	g'gug
Word	galact	galact
Word	galaxi	galaxi
Word	galley	galley
Word	gangwa	gangwa
Word	gargle	gargle
Word	gashee	gashee
Word	genera	genera
Word	genuin	genuin
Word	glasse	glasse
Word	gobble	gobble
Word	gratin	gratin
Word	ground	ground
Word	grubby	grubby
Word	guaran	guaran
Word	guards	guards
Word	guzzle	guzzle
Word	haired	haired
Word	handba	handba
Word	handke	handke
Word	hangov	hangov
Word	hatchw	hatchw
Word	headac	headac
Word	hitchh	hitchh
Word	horrib	horrib
Word	hostes	hostes
Word	hypers	hypers
Word	hyperw	hyperw
Word	imbibe	imbibe
Word	improb	improb
Word	incred	incred
Word	infini	infini
Word	infoco	infoco
Word	ingest	ingest
Word	innard	innard
Word	inscri	inscri
Word	insert	insert
Word	inside	inside
Word	inspec	inspec
Word	intell	intell
Word	interf	interf
Word	intnum	intnum
Word	invent	invent
Word	irrita	irrita
Word	island	island
Word	jacket	jacket
Word	jukebo	jukebo
Word	keyboa	keyboa
Word	leader	leader
Word	leathe	leathe
Word	legend	legend
Word	letter	letter
Word	lifeti	lifeti
Word	lights	lights
Word	liquid	liquid
Word	listen	listen
Word	little	little
Word	lyshus	lyshus
Word	machin	machin
Word	magnif	magnif
Word	magrat	magrat
Word	manual	manual
Word	markin	markin
Word	marvin	marvin
Word	massiv	massiv
Word	matter	matter
Word	mattre	mattre
Word	mcmill	mcmill
Word	mechan	mechan
Word	memori	memori
Word	menaci	menaci
Word	meretz	meretz
Word	messag	messag
Word	microc	microc
Word	micros	micros
Word	minera	minera
Word	misera	misera
Word	mister	mister
Word	molecu	molecu
Word	mongre	mongre
Word	monkey	monkey
Word	monume	monume
Word	morpho	morpho
Word	motion	motion
Word	moveme	moveme
Word	murder	murder
Word	myself	myself
Word	narrow	narrow
Word	northe	northe
Word	northw	northw
Word	nothin	nothin
Word	number	number
Word	nutrim	nutrim
Word	object	object
Word	observ	observ
Word	offici	offici
Word	openin	openin
Word	orange	orange
Word	outsid	outsid
Word	overri	overri
Word	packet	packet
Word	painfu	painfu
Word	pan-g	pan-g
Word	pantry	pantry
Word	parano	parano
Word	partic	partic
Word	peanut	peanut
Word	pencil	pencil
Word	people	people
Word	person	person
Word	photon	photon
Word	physic	physic
Word	pincer	pincer
Word	planet	planet
Word	plaque	plaque
Word	plasmi	plasmi
Word	plaste	plaste
Word	platfo	platfo
Word	please	please
Word	pliers	pliers
Word	plotte	plotte
Word	pocket	pocket
Word	poetry	poetry
Word	police	police
Word	portab	portab
Word	prefec	prefec
Word	presid	presid
Word	printe	printe
Word	probab	probab
Word	proble	proble
Word	procee	procee
Word	proper	proper
Word	prosse	prosse
Word	protag	protag
Word	protei	protei
Word	protes	protes
Word	purcha	purcha
Word	pursue	pursue
Word	puzzle	puzzle
Word	questi	questi
Word	random	random
Word	raveno	raveno
Word	receiv	receiv
Word	recept	recept
Word	reclin	reclin
Word	refuse	refuse
Word	rememb	rememb
Word	remove	remove
Word	repair	repair
Word	replac	replac
Word	restar	restar
Word	restor	restor
Word	rifles	rifles
Word	robots	robots
Word	rosebe	rosebe
Word	rotate	rotate
Word	rubble	rubble
Word	rummag	rummag
Word	sample	sample
Word	sandst	sandst
Word	sandwi	sandwi
Word	santra	santra
Word	satche	satche
Word	scratc	scratc
Word	scream	scream
Word	screen	screen
Word	screwd	screwd
Word	script	script
Word	search	search
Word	second	second
Word	secure	secure
Word	securi	securi
Word	sensit	sensit
Word	serene	serene
Word	servic	servic
Word	sevent	sevent
Word	shades	shades
Word	shadow	shadow
Word	shelve	shelve
Word	ship'	ship'
Word	shipbo	shipbo
Word	shippi	shippi
Word	signal	signal
Word	single	single
Word	sirius	sirius
Word	skelet	skelet
Word	sleeve	sleeve
Word	smashe	smashe
Word	smelly	smelly
Word	snacks	snacks
Word	snooze	snooze
Word	snorin	snorin
Word	soiled	soiled
Word	southe	southe
Word	southw	southw
Word	spaces	spaces
Word	speech	speech
Word	speedb	speedb
Word	splitt	splitt
Word	sprink	sprink
Word	sprout	sprout
Word	squish	squish
Word	stairs	stairs
Word	stairw	stairw
Word	starbo	starbo
Word	steven	steven
Word	stomac	stomac
Word	stones	stones
Word	strang	strang
Word	straps	straps
Word	strike	strike
Word	sub-e	sub-e
Word	substi	substi
Word	succul	succul
Word	sungla	sungla
Word	superb	superb
Word	swallo	swallo
Word	switch	switch
Word	synaps	synaps
Word	system	system
Word	tablet	tablet
Word	teleph	teleph
Word	thanks	thanks
Word	thermo	thermo
Word	throbb	throbb
Word	throug	throug
Word	togeth	togeth
Word	toggle	toggle
Word	toolbo	toolbo
Word	toothb	toothb
Word	toward	toward
Word	towels	towels
Word	toweri	toweri
Word	transf	transf
Word	travel	travel
Word	tricia	tricia
Word	trilli	trilli
Word	tweeze	tweeze
Word	twelve	twelve
Word	unansw	unansw
Word	unatta	unatta
Word	undern	undern
Word	underw	underw
Word	undres	undres
Word	unfast	unfast
Word	uniden	uniden
Word	uninvi	uninvi
Word	unknot	unknot
Word	unlock	unlock
Word	unplug	unplug
Word	unrega	unrega
Word	unscri	unscri
Word	unsigh	unsigh
Word	unwash	unwash
Word	vacuum	vacuum
Word	vector	vector
Word	venchi	venchi
Word	vendin	vendin
Word	verbos	verbos
Word	versio	versio
Word	vl'hu	vl'hu
Word	vogons	vogons
Word	walkin	walkin
Word	wallpa	wallpa
Word	warran	warran
Word	washba	washba
Word	watche	watche
Word	weapon	weapon
Word	what'	what'
Word	wheres	wheres
Word	wimbgu	wimbgu
Word	window	window
Word	withdr	withdr
Word	woonbe	woonbe
Word	wrecki	wrecki
Word	wrench	wrench
Word	yellow	yellow
Word	zaphod	zaphod
Word	zzmgck	zzmgck

Routine 0x4fe8	routine20456:?
Routine 0x5baa	routine23466:?
Routine 0x5bd0	routine23504:?
Routine 0x5dbc	routine23996:?
Routine 0x5e46	routine24134:?
Routine 0x602a	routine24618:?
Routine 0x6076	routine24694:?
Routine 0x60a4	routine24740:?
Routine 0x60ba	routine24762:?
Routine 0x60f8	routine24824:?
Routine 0x6146	routine24902:?
Routine 0x62ec	routine25324:?
Routine 0x6322	routine25378:?
Routine 0x63c2	routine25538:?
Routine 0x63dc	routine25564:?
Routine 0x6474	routine25716:?
Routine 0x64aa	routine25770:?
Routine 0x64e4	routine25828:?
Routine 0x6504	routine25860:?
Routine 0x657a	routine25978:?
Routine 0x659c	routine26012:?
Routine 0x65c2	routine26050:?
Routine 0x65ce	routine26062:?
Routine 0x6636	routine26166:?
Routine 0x6698	routine26264:?
Routine 0x66e6	routine26342:?
Routine 0x6852	routine26706:?
Routine 0x6862	routine26722:?
Routine 0x6a54	routine27220:?
Routine 0x6ab2	routine27314:?
Routine 0x6b28	routine27432:?
Routine 0x6be4	routine27620:?
Routine 0x6c18	routine27672:?
Routine 0x6c84	routine27780:?
Routine 0x6ca2	routine27810:?
Routine 0x6cbe	routine27838:?
! References: obj193_handbag.prop31
Routine 0x6dd2	routine28114:?
Routine 0x6e5c	routine28252:?
Routine 0x6e84	routine28292:?
Routine 0x6e9c	routine28316:?
Routine 0x6f00	routine28416:?
Routine 0x6f28	routine28456:?
Routine 0x6f50	routine28496:?
Routine 0x6f9e	Action0Sub:?
Routine 0x6fba	Action1Sub:?
Routine 0x6fce	Action2Sub:?
Routine 0x6fe8	Action3Sub:?
Routine 0x702e	Action4Sub:?
Routine 0x7098	Action6Sub:?
Routine 0x70d0	Action7Sub:?
Routine 0x7114	routine28948:?
Routine 0x71d4	routine29140:?
! References: obj181_glass_case.prop31
Routine 0x71ec	Action8Sub:?
Routine 0x71fc	Action9Sub:?
Routine 0x720c	Action10Sub:?
Routine 0x72ac	Action11Sub:?
Routine 0x72c8	Action12Sub:?
Routine 0x72e6	routine29414:?
Routine 0x730a	Action13Sub:?
! References: obj184_small_plug.prop31, obj185_large_plug.prop31
Routine 0x73c8	Action14Sub:?
Routine 0x7402	Action16Sub:?
Routine 0x7528	Action167Sub:?
Routine 0x754e	Action17Sub:?
Routine 0x75aa	Action19Sub:?
Routine 0x75e2	Action20Sub:?
Routine 0x7630	Action22Sub:?
! References: obj117_babel_fish_dispenser.prop31
Routine 0x7692	Action23Sub:?
Routine 0x76b0	Action25Sub:?
Routine 0x76ba	Action26Sub:?
Routine 0x76c2	Action27Sub:?
Routine 0x76ca	PreAction28Sub:?
Routine 0x76e2	Action28Sub:?
Routine 0x7724	Action29Sub:?
Routine 0x77ae	Action30Sub:?
Routine 0x77c6	Action105Sub:?
Routine 0x78a4	Action106Sub:?
Routine 0x78c8	PreAction31Sub:?
Routine 0x78e6	Action31Sub:?
Routine 0x78f2	Action32Sub:?
Routine 0x792a	Action95Sub:?
Routine 0x7986	Action170Sub:?
Routine 0x79d2	Action36Sub:?
Routine 0x79e4	Action33Sub:?
Routine 0x79f6	Action34Sub:?
Routine 0x7a18	Action37Sub:?
! References: obj111_babel_fish.prop31
Routine 0x7a20	Action35Sub:?
Routine 0x7a32	Action39Sub:?
Routine 0x7a80	Action43Sub:?
Routine 0x7a8c	Action44Sub:?
Routine 0x7abe	Action47Sub:?
Routine 0x7aca	Action48Sub:?
Routine 0x7b02	Action50Sub:?
! References: obj145_Mr__Prosser.prop31
Routine 0x7b1c	Action51Sub:?
Routine 0x7b2c	Action52Sub:?
Routine 0x7b34	PreAction53Sub:?
Routine 0x7b3e	Action53Sub:?
Routine 0x7bc2	Action56Sub:?
Routine 0x7bea	Action57Sub:?
Routine 0x7c22	Action58Sub:?
Routine 0x7c3e	Action60Sub:?
Routine 0x7cae	Action61Sub:?
Routine 0x7d44	Action62Sub:?
Routine 0x7d52	Action59Sub:?
Routine 0x7d66	Action65Sub:?
Routine 0x7d9e	Action68Sub:?
Routine 0x7da8	Action64Sub:?
Routine 0x7eb2	routine32434:?
Routine 0x7ec8	Action99Sub:?
Routine 0x7eec	Action69Sub:?
Routine 0x7f2a	routine32554:?
Routine 0x7f30	Action70Sub:?
Routine 0x8206	Action71Sub:?
Routine 0x8218	Action146Sub:?
Routine 0x8264	Action147Sub:?
! References: obj78_particle.prop31, obj150_loose_pile_of_junk_mail.prop31, obj206_circuit_board.prop31
Routine 0x835e	Action49Sub:?
Routine 0x8390	PreAction54Sub:?
Routine 0x839a	Action66Sub:?
Routine 0x83d6	Action72Sub:?
Routine 0x83e8	Action73Sub:?
Routine 0x83fe	Action75Sub:?
Routine 0x8428	Action76Sub:?
Routine 0x8486	Action78Sub:?
Routine 0x8498	Action79Sub:?
Routine 0x84a2	Action5Sub:?
Routine 0x84bc	Action80Sub:?
Routine 0x84c6	Action82Sub:?
Routine 0x84d0	Action24Sub:?
! References: obj215_Marvin.prop31
Routine 0x8502	Action84Sub:?
Routine 0x850a	Action85Sub:?
Routine 0x8524	Action83Sub:?
Routine 0x8544	Action40Sub:?
Routine 0x857c	Action88Sub:?
Routine 0x85b2	Action81Sub:?
Routine 0x85e2	Action86Sub:?
Routine 0x860c	Action87Sub:?
Routine 0x8638	Action74Sub:?
Routine 0x8658	Action89Sub:?
Routine 0x8660	Action90Sub:?
Routine 0x8680	Action94Sub:?
Routine 0x8694	Action91Sub:?
Routine 0x86b0	Action63Sub:?
Routine 0x879e	Action93Sub:?
Routine 0x87fa	Action92Sub:?
Routine 0x8822	Action96Sub:?
Routine 0x882a	Action97Sub:?
Routine 0x883c	Action98Sub:?
Routine 0x88d0	Action45Sub:?
Routine 0x88da	Action101Sub:?
Routine 0x88ec	Action102Sub:?
Routine 0x89f6	Action103Sub:?
Routine 0x8a84	Action104Sub:?
Routine 0x8a92	Action107Sub:?
Routine 0x8a9a	Action108Sub:?
! References: obj188_Engine_Room.prop31
Routine 0x8aa4	Action109Sub:?
Routine 0x8ac6	Action41Sub:?
Routine 0x8ae8	Action110Sub:?
Routine 0x8afc	Action112Sub:?
Routine 0x8b04	Action113Sub:?
Routine 0x8b54	Action100Sub:?
Routine 0x8b5c	Action114Sub:?
Routine 0x8b7e	PreAction46Sub:?
Routine 0x8c32	Action46Sub:?
Routine 0x8d2a	Action117Sub:?
Routine 0x8d32	Action54Sub:?
Routine 0x8d3a	Action55Sub:?
Routine 0x8d86	Action115Sub:?
Routine 0x8d8e	Action119Sub:?
Routine 0x8d96	Action118Sub:?
Routine 0x8da0	PreAction61Sub:?
Routine 0x8ddc	Action120Sub:?
Routine 0x8dfe	Action121Sub:?
Routine 0x8e08	Action122Sub:?
Routine 0x8e0e	Action123Sub:?
Routine 0x8e24	Action126Sub:?
Routine 0x8e38	Action125Sub:?
Routine 0x8e72	Action18Sub:?
Routine 0x8e9e	Action159Sub:?
Routine 0x8eb0	Action77Sub:?
Routine 0x8ece	Action128Sub:?
Routine 0x8f86	routine36742:?
Routine 0x8fc2	routine36802:?
Routine 0x8fe6	Action127Sub:?
Routine 0x90f6	Action129Sub:?
Routine 0x9160	Action67Sub:?
Routine 0x916a	Action130Sub:?
Routine 0x9182	Action131Sub:?
Routine 0x91b0	Action132Sub:?
Routine 0x92d0	Action134Sub:?
Routine 0x92ea	Action136Sub:?
Routine 0x9306	Action137Sub:?
Routine 0x9324	Action138Sub:?
Routine 0x9384	Action139Sub:?
Routine 0x939a	Action140Sub:?
Routine 0x93b2	Action141Sub:?
Routine 0x93be	Action42Sub:?
Routine 0x93de	Action133Sub:?
Routine 0x93e8	Action135Sub:?
Routine 0x93f2	Action142Sub:?
Routine 0x94ac	Action144Sub:?
Routine 0x9520	Action143Sub:?
Routine 0x9532	Action111Sub:?
Routine 0x9542	PreAction108Sub:?
Routine 0x9664	Action124Sub:?
Routine 0x97ba	Action148Sub:?
Routine 0x97f0	Action149Sub:?
Routine 0x980e	Action15Sub:?
Routine 0x986a	Action150Sub:?
Routine 0x9894	Action151Sub:?
Routine 0x98ac	Action152Sub:?
Routine 0x98b4	Action153Sub:?
Routine 0x98e0	Action38Sub:?
Routine 0x993e	PreAction154Sub:?
Routine 0x9966	Action154Sub:?
Routine 0x99ba	Action155Sub:?
Routine 0x99c6	Action156Sub:?
! References: obj60_tool_box.prop31
Routine 0x99d8	Action157Sub:?
Routine 0x99ea	Action158Sub:?
Routine 0x99fe	Action145Sub:?
Routine 0x9a54	Action160Sub:?
Routine 0x9b90	Action161Sub:?
Routine 0x9bac	Action162Sub:?
Routine 0x9bb4	Action163Sub:?
Routine 0x9bca	Action164Sub:?
Routine 0x9bd2	Action169Sub:?
Routine 0x9d86	Action168Sub:?
Routine 0x9db4	Action21Sub:?
Routine 0x9df2	Action165Sub:?
Routine 0x9e18	Action166Sub:?
Routine 0x9e30	Action171Sub:?
Routine 0x9e40	Action172Sub:?
Routine 0x9e48	Action173Sub:?
Routine 0x9e7e	Action116Sub:?
Routine 0x9ec6	Action174Sub:?
Routine 0x9ed4	Action175Sub:?
Routine 0x9ee0	Action176Sub:?
Routine 0x9ee8	Action177Sub:?
Routine 0x9ef0	Action178Sub:?
Routine 0x9f0c	Action179Sub:?
Routine 0x9f16	Action180Sub:?
Routine 0x9f2c	Action181Sub:?
Routine 0xa022	routine40994:?
Routine 0xa0f8	routine41208:?
Routine 0xa1f2	routine41458:?
Routine 0xa20e	routine41486:?
Routine 0xa25c	routine41564:?
Routine 0xa30c	routine41740:?
Routine 0xa33e	routine41790:?
Routine 0xa45a	routine42074:?
Routine 0xa578	routine42360:?
Routine 0xa5ca	routine42442:?
Routine 0xa624	routine42532:?
Routine 0xa64e	routine42574:?
Routine 0xa682	routine42626:?
Routine 0xa6ee	routine42734:?
Routine 0xa922	routine43298:?
Routine 0xa96a	routine43370:?
Routine 0xa98e	routine43406:?
Routine 0xa9a6	routine43430:?
Routine 0xa9cc	routine43468:?
Routine 0xa9f2	routine43506:?
Routine 0xaa02	routine43522:?
Routine 0xaa20	routine43552:?
Routine 0xaa3a	routine43578:?
Routine 0xaa64	routine43620:?
Routine 0xaa72	routine43634:?
Routine 0xaa7c	routine43644:?
Routine 0xaa9a	routine43674:?
Routine 0xaac4	routine43716:?
Routine 0xaada	routine43738:?
! References: obj46_it.prop29
Routine 0xab08	routine43784:?
Routine 0xac3e	routine44094:?
Routine 0xac82	routine44162:?
! References: obj45_light.prop29
Routine 0xacc0	routine44224:?
! References: obj44_sleep.prop29
Routine 0xad7a	routine44410:?
! References: obj43_speech.prop29
Routine 0xad88	routine44424:?
! References: obj42_ground.prop29
Routine 0xadc6	routine44486:?
! References: obj41_wall.prop29
Routine 0xaf3c	routine44860:?
! References: obj40_ceiling.prop29
Routine 0xaf4e	routine44878:?
! References: obj165_window.prop29
Routine 0xaf6a	routine44906:?
! References: obj200_stairs.prop29
Routine 0xafd6	routine45014:?
! References: obj38_sky.prop29
Routine 0xaff0	routine45040:?
! References: obj37_sun.prop29
Routine 0xb01e	routine45086:?
! References: obj36_your_hand.prop29
Routine 0xb0b8	routine45240:?
! References: obj33_your_eyes.prop29
Routine 0xb0ee	routine45294:?
! References: obj31_it.prop29
Routine 0xb120	routine45344:?
! References: obj30_yourself.prop29, obj48_pseudo.prop29
Routine 0xb12e	routine45358:?
! References: obj29_room.prop29, obj80_brain.prop29
Routine 0xb234	routine45620:?
! References: obj28_object_of_the_game.prop29
Routine 0xb2ae	routine45742:?
! References: obj199_the_controls.prop29
Routine 0xb2ce	routine45774:?
! References: obj148_conversation.prop29
Routine 0xb388	routine45960:?
! References: obj27_one_of_the_guards.prop29
Routine 0xb3a6	routine45990:?
Routine 0xb656	routine46678:?
! References: obj26_problem.prop29
Routine 0xb672	routine46706:?
! References: obj68_it.prop29, obj102_it.prop29, obj118_it.prop29, obj133_it.prop29, obj147_it.prop29, obj152_it.prop29, obj153_it.prop29, obj160_it.prop29
Routine 0xb67c	routine46716:?
Routine 0xb6a2	routine46754:?
! References: obj25_Dark.prop29
Routine 0xb74c	routine46924:?
Routine 0xb82c	routine47148:?
Routine 0xbe1e	routine48670:?
Routine 0xbf3e	routine48958:?
Routine 0xbf48	routine48968:?
Routine 0xbfce	routine49102:?
Routine 0xc058	routine49240:?
Routine 0xc0e0	routine49376:?
Routine 0xc15e	routine49502:?
Routine 0xc17e	routine49534:?
! References: obj19_toothbrush.prop29
Routine 0xc18c	routine49548:?
Routine 0xc1f2	routine49650:?
Routine 0xc246	routine49734:?
! References: obj9_tea.prop21
Routine 0xc27a	routine49786:?
Routine 0xc284	routine49796:?
! References: obj9_tea.prop29
Routine 0xc2a0	routine49824:?
! References: obj8_no_tea.prop29
Routine 0xc3c4	routine50116:?
Routine 0xc454	routine50260:?
! References: obj7_electronic_Sub_Etha_signaling_device.prop29
Routine 0xc490	routine50320:?
! References: obj6_red_button.prop29
Routine 0xc59a	routine50586:?
! References: obj5_green_button.prop29
Routine 0xc636	routine50742:?
! References: obj4_guarantee.prop29
Routine 0xc7b6	routine51126:?
! References: obj3_Engineer_robot.prop29
Routine 0xc7fc	routine51196:?
Routine 0xcb50	routine52048:?
Routine 0xcb80	routine52096:?
! References: obj1_The_Hitchhiker_s_Guide.prop21
Routine 0xcd18	routine52504:?
! References: obj1_The_Hitchhiker_s_Guide.prop29
Routine 0xcd2e	routine52526:?
Routine 0xe0fc	routine57596:?
Routine 0xe132	routine57650:?
Routine 0xe152	routine57682:?
Routine 0xe170	routine57712:?
Routine 0xe194	routine57748:?
Routine 0xe1ac	routine57772:?
Routine 0xe1dc	routine57820:?
Routine 0xe1f2	routine57842:?
Routine 0xe220	routine57888:?
Routine 0xe268	routine57960:?
Routine 0xe28e	routine57998:?
Routine 0xe2be	routine58046:?
Routine 0xe2fe	routine58110:?
! References: obj171_pile_of_rubble.prop29, obj173_your_home.prop29
Routine 0xe30c	routine58124:?
! References: obj172_it.prop29
Routine 0xe40c	routine58380:?
Routine 0xe424	routine58404:?
Routine 0xe478	routine58488:?
! References: obj170_splitting_headache.prop29
Routine 0xe536	routine58678:?
! References: obj168_Bedroom.prop29
Routine 0xe57c	routine58748:?
! References: obj168_Bedroom.aft_to, obj168_Bedroom.d_to, obj168_Bedroom.out_to
Routine 0xe614	routine58900:?
! References: obj162_telephone.prop29
Routine 0xe69a	routine59034:?
! References: obj167_bed.prop29
Routine 0xe6dc	routine59100:?
! References: obj161_bed.prop29
Routine 0xe6f4	routine59124:?
! References: obj159_your_curtains.prop29
Routine 0xe852	routine59474:?
! References: obj158_your_gown.prop29
Routine 0xe88e	routine59534:?
! References: obj157_sleeve.prop29
Routine 0xe9d0	routine59856:?
Routine 0xea3a	routine59962:?
! References: obj156_thing_your_aunt_gave_you_which_you_don_t_know_what_it_is.prop29
Routine 0xea88	routine60040:?
Routine 0xeb9e	routine60318:?
! References: obj154_buffered_analgesic.prop29
Routine 0xec02	routine60418:?
! References: obj151_Front_Porch.aft_to, obj151_Front_Porch.out_to
Routine 0xec6e	routine60526:?
! References: obj150_loose_pile_of_junk_mail.prop29
Routine 0xec8a	routine60554:?
! References: obj149_Front_of_House.f_to
Routine 0xecbc	routine60604:?
! References: obj149_Front_of_House.prop29
Routine 0xed0c	routine60684:?
Routine 0xef3a	routine61242:?
Routine 0xef88	routine61320:?
! References: obj146_bulldozer_driver.prop29
Routine 0xf0f6	routine61686:?
! References: obj166_bulldozer.prop29
Routine 0xf12a	routine61738:?
Routine 0xf3f2	routine62450:?
! References: obj145_Mr__Prosser.prop21
Routine 0xf5d4	routine62932:?
! References: obj145_Mr__Prosser.prop29
Routine 0xf694	routine63124:?
Routine 0xfc1c	routine64540:?
! References: obj144_digital_watch.prop29
Routine 0xfc8e	routine64654:?
! References: obj142_Ford_Prefect.prop21
Routine 0xfc9e	routine64670:?
! References: obj142_Ford_Prefect.prop29
Routine 0xfcc4	routine64708:?
Routine 0xffc4	routine65476:?
Routine 0x10114	routine65812:?
! References: obj141_satchel.prop21
Routine 0x10844	routine67652:?
Routine 0x10872	routine67698:?
! References: obj141_satchel.prop29
Routine 0x10892	routine67730:?
! References: obj139_towel.prop29
Routine 0x10970	routine67952:?
! References: obj138_Back_of_House.prop29
Routine 0x10c1c	routine68636:?
Routine 0x10c9a	routine68762:?
! References: obj137_Country_Lane.prop29
Routine 0x10cb6	routine68790:?
Routine 0x10ee8	routine69352:?
! References: obj135_dog.prop29
Routine 0x11252	routine70226:?
! References: obj136_Pub.prop29
Routine 0x113ee	routine70638:?
! References: obj134_Pub.prop29
Routine 0x11424	routine70692:?
! References: obj132_bar.prop29
Routine 0x1152e	routine70958:?
! References: obj131_shelf_of_items.prop29
Routine 0x1153c	routine70972:?
! References: obj130_music.prop29
Routine 0x115c4	routine71108:?
! References: obj129_jukebox.prop29
Routine 0x115d4	routine71124:?
! References: obj128_barman.prop29
Routine 0x116e2	routine71394:?
! References: obj127_lots_of_beer.prop29
Routine 0x11764	routine71524:?
! References: obj126_peanuts.prop29
Routine 0x11bf8	routine72696:?
! References: obj125_cheese_sandwich.prop29
Routine 0x11d30	routine73008:?
Routine 0x11ecc	routine73420:?
Routine 0x12424	routine74788:?
! References: obj124_fleet_of_Vogon_Constructor_ships.prop29
Routine 0x12498	routine74904:?
Routine 0x1257e	routine75134:?
! References: obj123_Arthur_Dent.prop29
Routine 0x12604	routine75268:?
Routine 0x12b14	routine76564:?
Routine 0x12b2c	routine76588:?
Routine 0x12c1c	routine76828:?
Routine 0x12cf0	routine77040:?
! References: obj122_Santraginean_Mineral_Water.prop29
Routine 0x12df2	routine77298:?
! References: obj121_Vogon_Hold.prop29
Routine 0x12e96	routine77462:?
Routine 0x13056	routine77910:?
! References: obj117_babel_fish_dispenser.prop29
Routine 0x13244	routine78404:?
! References: obj116_dispenser_button.prop29
Routine 0x132ea	routine78570:?
! References: obj115_small_hole.prop29
Routine 0x135de	routine79326:?
! References: obj114_metal_hook.prop29
Routine 0x13684	routine79492:?
! References: obj113_drain.prop29
Routine 0x13750	routine79696:?
! References: obj112_tiny_robot_panel.prop29
Routine 0x137e2	routine79842:?
! References: obj111_babel_fish.prop29
Routine 0x138fe	routine80126:?
! References: obj181_glass_case.prop29
Routine 0x13932	routine80178:?
Routine 0x139b0	routine80304:?
! References: obj109_switch.prop29
Routine 0x139ec	routine80364:?
Routine 0x13aba	routine80570:?
Routine 0x13aea	routine80618:?
Routine 0x13bd0	routine80848:?
! References: obj108_Captain_s_Quarters.prop29
Routine 0x13c82	routine81026:?
! References: obj107_poetry_appreciation_chair.prop29
Routine 0x13caa	routine81066:?
! References: obj106_Vogon_Captain.prop29
Routine 0x13cee	routine81134:?
Routine 0x13d8c	routine81292:?
Routine 0x14092	routine82066:?
! References: obj105_Vogon_poetry.prop29
Routine 0x140fe	routine82174:?
! References: obj104_corridor_door.prop29
Routine 0x14240	routine82496:?
! References: obj103_outer_door.prop29, obj120_inner_door.prop29
Routine 0x14250	routine82512:?
! References: obj119_airlock.prop29
Routine 0x1425c	routine82524:?
! References: obj101_Airlock.prop29
Routine 0x1428c	routine82572:?
! References: obj100_lair.prop29
Routine 0x1445c	routine83036:?
! References: obj99_Lair.southw_to
Routine 0x14472	routine83058:?
! References: obj99_Lair.prop29
Routine 0x1448a	routine83082:?
! References: obj98_Beast_s_Outer_Lair.prop29
Routine 0x14638	routine83512:?
! References: obj97_sandstone_memorial.prop29
Routine 0x146fa	routine83706:?
! References: obj96_sharp_stone.prop29
Routine 0x14b6e	routine84846:?
! References: obj95_Ravenous_Bugblatter_Beast_of_Traal.prop21
Routine 0x14b9e	routine84894:?
! References: obj95_Ravenous_Bugblatter_Beast_of_Traal.prop29
Routine 0x14bea	routine84970:?
Routine 0x14e62	routine85602:?
Routine 0x14f88	routine85896:?
! References: obj92_your_name.prop29
Routine 0x14fb8	routine85944:?
! References: obj88_Nutrimat_Computer_Interface.prop29
Routine 0x14fda	routine85978:?
Routine 0x15042	routine86082:?
! References: obj87_battle_fleet.prop29
Routine 0x15378	routine86904:?
! References: obj85_domed_canopy.prop29
Routine 0x15382	routine86914:?
! References: obj86_War_Chamber.prop29
Routine 0x15402	routine87042:?
! References: obj84_Vl_Hurg_leader.prop21
Routine 0x15462	routine87138:?
! References: obj84_Vl_Hurg_leader.prop29
Routine 0x154d2	routine87250:?
! References: obj83_G_Gugvunt_leader.prop29
Routine 0x15892	routine88210:?
! References: obj163_third_planet.prop29
Routine 0x158d4	routine88276:?
! References: obj81_Maze.in_to, obj81_Maze.southw_to, obj81_Maze.se_to, obj81_Maze.northw_to, obj81_Maze.ne_to, obj81_Maze.aft_to, obj81_Maze.f_to, obj81_Maze.u_to, obj81_Maze.p_to, obj81_Maze.d_to, obj81_Maze.out_to, obj81_Maze.e_to
Routine 0x15940	routine88384:?
! References: obj78_particle.prop29
Routine 0x15990	routine88464:?
! References: obj77_apartment.prop29
Routine 0x15a2a	routine88618:?
Routine 0x15a4a	routine88650:?
! References: obj76_Living_Room.aft_to
Routine 0x15a76	routine88694:?
! References: obj76_Living_Room.prop29
Routine 0x15ab6	routine88758:?
! References: obj75_door.prop29
Routine 0x15c06	routine89094:?
! References: obj74_Dining_Room.prop29
Routine 0x15c12	routine89106:?
! References: obj73_Kitchen.prop29
Routine 0x15c2a	routine89130:?
! References: obj72_glass_of_white_wine.prop29
Routine 0x15c46	routine89158:?
! References: obj71_plate_of_hors_d_oeuvres.prop29
Routine 0x15c80	routine89216:?
Routine 0x15d10	routine89360:?
Routine 0x15d3e	routine89406:?
! References: obj70_hostess.prop29
Routine 0x15d98	routine89496:?
Routine 0x15e04	routine89604:?
! References: obj66_Presidential_Speedboat.prop29
Routine 0x15ed6	routine89814:?
Routine 0x16074	routine90228:?
! References: obj64_speedboat.prop29
Routine 0x161fc	routine90620:?
Routine 0x162a2	routine90786:?
! References: obj63_pilot_seat.prop29
Routine 0x162c4	routine90820:?
! References: obj62_small_key.prop29
Routine 0x16354	routine90964:?
! References: obj60_tool_box.prop29
Routine 0x16370	routine90992:?
! References: obj59_magnifying_glass.prop29
Routine 0x1640c	routine91148:?
! References: obj58_autopilot_button.prop29
Routine 0x16432	routine91186:?
! References: obj55_towering_cliffs.prop29, obj56_rocky_spire.prop29
Routine 0x16476	routine91254:?
! References: obj54_Dais.in_to, obj54_Dais.out_to, obj54_Dais.e_to
Routine 0x16488	routine91272:?
! References: obj54_Dais.prop29
Routine 0x16552	routine91474:?
Routine 0x16694	routine91796:?
Routine 0x167ba	routine92090:?
! References: obj65_Dais.prop29
Routine 0x16828	routine92200:?
! References: obj52_blaster.prop29
Routine 0x16862	routine92258:?
Routine 0x16930	routine92464:?
! References: obj51_photon_rifle.prop29
Routine 0x16944	routine92484:?
Routine 0x169fa	routine92666:?
! References: obj213_Inside_the_Sperm_Whale.prop29
Routine 0x16a32	routine92722:?
Routine 0x16a4a	routine92746:?
! References: obj50_innard_of_a_whale.prop29
Routine 0x16a58	routine92760:?
Routine 0x16a66	routine92774:?
! References: obj220_the_Heart_of_Gold.prop29
Routine 0x16a92	routine92818:?
! References: obj218_Marvin_s_Pantry.prop29
Routine 0x16ad2	routine92882:?
! References: obj216_screening_door.prop29
Routine 0x16bd4	routine93140:?
! References: obj215_Marvin.prop29
Routine 0x16ef6	routine93942:?
Routine 0x17376	routine95094:?
Routine 0x1753a	routine95546:?
! References: obj214_flowerpot.prop29
Routine 0x17600	routine95744:?
Routine 0x17740	routine96064:?
! References: obj212_plant.prop29
Routine 0x1778a	routine96138:?
! References: obj211_fruit.prop29
Routine 0x1783e	routine96318:?
! References: obj210_Galley.prop29
Routine 0x17990	routine96656:?
! References: obj209_Nutrimat.prop29
Routine 0x17a82	routine96898:?
! References: obj208_touch_sensitive_pad.prop29
Routine 0x17cd6	routine97494:?
! References: obj207_slot.prop29
Routine 0x17e8e	routine97934:?
! References: obj206_circuit_board.prop29
Routine 0x17ea0	routine97952:?
! References: obj205_dipswitch.prop29
Routine 0x18038	routine98360:?
! References: obj204_Advanced_Tea_Substitute.prop21
Routine 0x1808a	routine98442:?
! References: obj204_Advanced_Tea_Substitute.prop29
Routine 0x18094	routine98452:?
! References: obj203_shipping_carton.prop29
Routine 0x181a0	routine98720:?
! References: obj202_strange_gun.prop29
Routine 0x181c4	routine98756:?
Routine 0x181fe	routine98814:?
Routine 0x185c2	routine99778:?
! References: obj201_Bridge.p_to
Routine 0x186e2	routine100066:?
! References: obj201_Bridge.prop29
Routine 0x1876e	routine100206:?
Routine 0x18862	routine100450:?
Routine 0x18876	routine100470:?
! References: obj198_Eddie__the_shipboard_computer_.prop29
Routine 0x1889a	routine100506:?
! References: obj197_large_receptacle.prop29
Routine 0x18ae2	routine101090:?
! References: obj195_Zaphod_Beeblebrox.prop29, obj196_Phil.prop29
Routine 0x18b04	routine101124:?
Routine 0x18d46	routine101702:?
! References: obj194_Trillian.prop29
Routine 0x18dca	routine101834:?
! References: obj193_handbag.prop29
Routine 0x18f16	routine102166:?
! References: obj192_Corridor__Fore_End.prop29
Routine 0x18f3c	routine102204:?
! References: obj191_Corridor__Aft_End.prop29
Routine 0x18fd0	routine102352:?
Routine 0x18fe6	routine102374:?
! References: obj191_Corridor__Aft_End.aft_to
Routine 0x18fec	routine102380:?
Routine 0x191a0	routine102816:?
! References: obj190_Entry_Bay_Number_Two.prop29
Routine 0x191e8	routine102888:?
! References: obj189_sales_brochure.prop29
Routine 0x1921a	routine102938:?
! References: obj188_Engine_Room.prop29
Routine 0x1930c	routine103180:?
! References: obj187_main_Improbability_Drive.prop29
Routine 0x193de	routine103390:?
! References: obj186_spare_Improbability_Drive.prop29
Routine 0x1940a	routine103434:?
! References: obj185_large_plug.prop29
Routine 0x19536	routine103734:?
! References: obj184_small_plug.prop29
Routine 0x1960c	routine103948:?
! References: obj183_generator_switch.prop29
Routine 0x19658	routine104024:?
! References: obj182_atomic_vector_plotter.prop21
Routine 0x199bc	routine104892:?
! References: obj182_atomic_vector_plotter.prop29
Routine 0x19a0e	routine104974:?
! References: obj179_long__dangly_bit.prop29
Routine 0x19a9c	routine105116:?
! References: obj178_Hatchway.prop29
Routine 0x19b3e	routine105278:?
! References: obj178_Hatchway.e_to
Routine 0x19b98	routine105368:?
Routine 0x19be4	routine105444:?
! References: obj177_hatch.prop29
Routine 0x19c18	routine105496:?
! References: obj176_mechanism.prop29
Routine 0x19cc2	routine105666:?
! References: obj175_Access_Space.prop29
Routine 0x19d02	routine105730:?
Routine 0x19d70	routine105840:?
! References: obj174_Ramp.prop29
Routine 0x19d88	routine105864:?
