! Auto-generated by Reform.

MD5	84d3ce7ccfafb873736490811a0cc78c

Object 1	obj1_compass
Object 2	obj2_north_wall
Object 3	obj3_south_wall
Object 4	obj4_east_wall
Object 5	obj5_west_wall
Object 6	obj6_northeast_wall
Object 7	obj7_northwest_wall
Object 8	obj8_southeast_wall
Object 9	obj9_southwest_wall
Object 10	obj10_ceiling
Object 11	obj11_floor
Object 12	obj12_outside
Object 13	obj13_inside
Object 14	obj14_Darkness
Object 15	obj15_yourself
Object 16	obj16_lib_messages
Object 17	obj17___grue__
Object 18	obj18_In_Your_Tent
Object 19	obj19_jeweled_amulet
Object 20	obj20_Center_of_Camp
Object 21	obj21_Storage_Tent
Object 22	obj22_torch
Object 23	obj23_shovel
Object 24	obj24_torch_button
Object 25	obj25_Roboff_s_Tent
Object 26	obj26_Roboff_s_toilet
Object 27	obj27_signal_radio
Object 28	obj28_note
Object 29	obj29_radio_button
Object 30	obj30_In_the_Desert
Object 31	obj31_Bottom_of_a_Hole
Object 32	obj32_little_slot
Object 33	obj33_In_a_Pit
Object 34	obj34_note
Object 35	obj35_Round_Room
Object 36	obj36_stone_obelisk
Object 37	obj37_T_Intersection
Object 38	obj38_Corridor_Near_Pit
Object 39	obj39_On_the_Platform
Object 40	obj40_West_of_the_Pit
Object 41	obj41_Key_Room
Object 42	obj42_glass_globe
Object 43	obj43_stone_disk
Object 44	obj44_iron_key
Object 45	obj45_Demon_Room
Object 46	obj46_golden_figure_of_a_demon
Object 47	obj47_Black_Room
Object 48	obj48_ornate_pentacle
Object 49	obj49_faceted_obsidian_sphere
Object 50	obj50_South_Branch
Object 51	obj51_Alcove_at_End_of_Corridor
Object 52	obj52_small_pebble
Object 53	obj53_glass_tube
Object 54	obj54_left_disk
Object 55	obj55_middle_disk
Object 56	obj56_right_disk
Object 57	obj57_solid_gold_brick
Object 58	obj58_solid_silver_cube
Object 59	obj59_Corridor_at_Alcoves
Object 60	obj60_quartz_window
Object 61	obj61_East_Alcove
Object 62	obj62_West_Alcove
Object 63	obj63_iron_crank
Object 64	obj64_On_Platform
Object 65	obj65_In_Tiny_Room
Object 66	obj66_huge_glittering_diamond
Object 67	obj67_Outside_Door
Object 68	obj68_wooden_door
Object 69	obj69_brass_needle
Object 70	obj70_Room_With_Chest
Object 71	obj71_small_chest
Object 72	obj72_priceless_dorkmid
Object 73	obj73_T_Intersection
Object 74	obj74_Narrow_Passage_at_Chasm
Object 75	obj75_Corridor_at_Doorway
Object 76	obj76_Room_Full_of_Gadgets
Object 77	obj77_metal_gadgets
Object 78	obj78_North_Gadget_Room
Object 79	obj79_cut_crystal_bowl
Object 80	obj80_large_perfect_ruby
Object 81	obj81_hundreds_of_quartz_chips
Object 82	obj82_Glue_Pit
Object 83	obj83_Outside_Door
Object 84	obj84_door
Object 85	obj85_Hall_Full_of_Fur
Object 86	obj86_Glass_Hall
Object 87	obj87_End_of_Glass_Hall
Object 88	obj88_iron_shelf
Object 89	obj89_beautiful_silver_necklace
Object 90	obj90_Landing
Object 91	obj91_Bottom_of_Shaft
Object 92	obj92_small_leather_coin_bag
Object 93	obj93_Exercise_Wheel_Room
Object 94	obj94_coin_holder
Object 95	obj95_T_Intersection
Object 96	obj96_Door_Near_Blades
Object 97	obj97_door
Object 98	obj98_Stalagmite_Room
Object 99	obj99_stalagmites
Object 100	obj100_North_Stalagmite_Room
Object 101	obj101_labelled_button
Object 102	obj102_Great_Door
Object 103	obj103_Great_Door
Object 104	obj104_In_the_Tomb
Object 105	obj105_fresco
Object 106	obj106_In_the_Crypt
Object 107	obj107_fresco
Object 108	obj108_gold_coffin

Attribute 0	attrib0			! obj20_Center_of_Camp obj30_In_the_Desert obj31_Bottom_of_a_Hole obj33_In_a_Pit
Attribute 1	attrib1			! obj15_yourself
Attribute 3	attrib3			! obj1_compass obj15_yourself
Attribute 4	attrib4			! obj32_little_slot obj48_ornate_pentacle obj71_small_chest obj79_cut_crystal_bowl
Attribute 6	attrib6			! obj68_wooden_door obj84_door obj97_door obj103_Great_Door
Attribute 11	attrib11		! obj18_In_Your_Tent obj20_Center_of_Camp obj21_Storage_Tent obj25_Roboff_s_Tent obj30_In_the_Desert obj31_Bottom_of_a_Hole obj33_In_a_Pit obj35_Round_Room
Attribute 12	attrib12		! obj71_small_chest obj103_Great_Door
Attribute 13	attrib13		! obj71_small_chest obj103_Great_Door
Attribute 16	attrib16		! obj48_ornate_pentacle obj79_cut_crystal_bowl
Attribute 17	attrib17		! obj68_wooden_door obj71_small_chest obj84_door obj97_door obj103_Great_Door
Attribute 18	attrib18		! obj15_yourself obj26_Roboff_s_toilet
Attribute 19	attrib19		! obj2_north_wall obj3_south_wall obj4_east_wall obj5_west_wall obj6_northeast_wall obj7_northwest_wall obj8_southeast_wall obj9_southwest_wall obj10_ceiling obj11_floor obj12_outside obj13_inside obj26_Roboff_s_toilet obj27_signal_radio obj28_note obj32_little_slot obj34_note obj36_stone_obelisk obj42_glass_globe obj53_glass_tube obj60_quartz_window obj63_iron_crank obj77_metal_gadgets obj94_coin_holder obj99_stalagmites obj101_labelled_button obj105_fresco obj107_fresco
Attribute 21	attrib21		! obj43_stone_disk obj48_ornate_pentacle obj54_left_disk obj55_middle_disk obj56_right_disk obj68_wooden_door obj71_small_chest obj84_door obj88_iron_shelf obj97_door obj103_Great_Door
Attribute 22	attrib22		! obj43_stone_disk obj54_left_disk obj55_middle_disk obj56_right_disk obj88_iron_shelf
Attribute 25	attrib25		! obj15_yourself obj22_torch obj27_signal_radio

Property 1	prop1:dictwords
Property 2	prop2:?
Property 3	prop3:?
Property 4	prop4:?
Property 5	prop5:dictword
Property 6	prop6:?
Property 7	prop7:?
Property 8	prop8:?
Property 9	prop9:?
Property 14	prop14:thing
Property 15	prop15:string
Property 19	prop19:string
Property 20	prop20:?
Property 21	prop21:string
Property 23	prop23:?
Property 25	prop25:?
Property 26	prop26:?
Property 27	prop27:string
Property 28	prop28:?
Property 29	prop29:?
Property 30	prop30:?

Global 0	global0:?
Global 1	global1:?
Global 2	global2:?
Global 3	global3:?
Global 4	global4:?
Global 5	global5:?
Global 6	global6:?
Global 7	global7:?
Global 8	global8:?
Global 9	global9:?
Global 10	global10:?
Global 11	global11:?
Global 12	global12:?
Global 13	global13:?
Global 14	global14:?
Global 15	global15:?
Global 16	global16:?
Global 17	global17:?
Global 18	global18:?
Global 19	global19:?
Global 20	global20:?
Global 21	global21:?
Global 22	global22:?
Global 23	global23:?
Global 24	global24:?
Global 25	global25:?
Global 26	global26:?
Global 27	global27:?
Global 28	global28:?
Global 29	global29:?
Global 30	global30:?
Global 31	global31:?
Global 32	global32:?
Global 33	global33:?
Global 34	global34:?
Global 35	global35:?
Global 36	global36:?
Global 37	global37:?
Global 38	global38:?
Global 39	global39:?
Global 40	global40:?
Global 41	global41:?
Global 42	global42:?
Global 43	global43:?
Global 44	global44:?
Global 45	global45:?
Global 46	global46:?
Global 47	global47:?
Global 48	global48:?
Global 49	global49:?
Global 50	global50:?
Global 51	global51:?
Global 52	global52:?
Global 53	global53:?
Global 54	global54:?
Global 55	global55:?
Global 56	global56:?
Global 57	global57:?
Global 58	global58:?
Global 59	global59:?
Global 60	global60:?
Global 61	global61:?
Global 62	global62:?
Global 63	global63:?
Global 64	global64:?
Global 65	global65:?
Global 66	global66:?
Global 67	global67:?
Global 68	global68:?
Global 69	global69:?
Global 70	global70:?
Global 71	global71:?
Global 72	global72:?
Global 73	global73:?
Global 74	global74:?
Global 75	global75:?
Global 76	global76:?
Global 77	global77:?
Global 78	global78:?
Global 79	global79:?
Global 80	global80:?
Global 81	global81:?
Global 82	global82:?
Global 83	global83:?
Global 84	global84:?
Global 85	global85:?
Global 86	global86:?
Global 87	global87:?
Global 88	global88:?
Global 89	global89:?
Global 90	global90:?
Global 91	global91:?
Global 92	global92:?
Global 93	global93:?
Global 94	global94:?
Global 95	global95:?
Global 96	global96:?
Global 97	global97:?
Global 98	global98:?
Global 99	global99:?
Global 100	global100:?
Global 101	global101:?
Global 102	global102:?
Global 103	global103:?
Global 104	global104:?
Global 105	global105:?
Global 106	global106:?
Global 107	global107:?
Global 108	global108:?
Global 109	global109:?
Global 110	global110:?
Global 111	global111:?
Global 112	global112:?
Global 113	global113:?
Global 114	global114:?
Global 115	global115:?
Global 116	global116:?
Global 117	global117:?
Global 118	global118:?
Global 119	global119:?
Global 120	global120:?
Global 121	global121:?
Global 122	global122:?
Global 123	global123:?
Global 124	global124:?
Global 125	global125:?
Global 126	global126:?
Global 127	global127:?
Global 128	global128:?
Global 129	global129:?
Global 130	global130:?
Global 131	global131:?
Global 132	global132:?
Global 133	global133:?
Global 134	global134:?
Global 135	global135:?
Global 136	global136:?
Global 137	global137:?
Global 138	global138:?
Global 139	global139:?
Global 140	global140:?
Global 141	global141:?
Global 142	global142:?
Global 143	global143:?
Global 144	global144:?
Global 145	global145:?
Global 146	global146:?
Global 147	global147:?
Global 148	global148:?
Global 149	global149:?
Global 150	global150:?
Global 151	global151:?
Global 152	global152:?
Global 153	global153:?
Global 154	global154:?
Global 155	global155:?
Global 156	global156:?
Global 157	global157:?
Global 158	global158:?
Global 159	global159:?
Global 160	global160:?
Global 161	global161:?
Global 162	global162:?
Global 163	global163:?
Global 164	global164:?
Global 165	global165:?
Global 166	global166:?
Global 167	global167:?
Global 168	global168:?
Global 169	global169:?
Global 170	global170:?
Global 171	global171:?
Global 172	global172:?
Global 173	global173:?
Global 174	global174:?
Global 175	global175:?
Global 176	global176:?
Global 177	global177:?
Global 178	global178:?
Global 179	global179:?
Global 180	global180:?
Global 181	global181:?
Global 182	global182:?
Global 183	global183:?
Global 184	global184:?
Global 185	global185:?
Global 186	global186:?
Global 187	global187:?
Global 188	global188:?
Global 189	global189:?
Global 190	global190:?
Global 191	global191:?
Global 192	global192:?
Global 193	global193:?
Global 194	global194:?
Global 195	global195:?
Global 196	global196:?
Global 197	global197:?
Global 198	global198:?
Global 199	global199:?
Global 200	global200:?
Global 201	global201:?
Global 202	global202:?
Global 203	global203:?
Global 204	global204:?
Global 205	global205:?
Global 206	global206:?
Global 207	global207:?
Global 208	global208:?
Global 209	global209:?
Global 210	global210:?
Global 211	global211:?
Global 212	global212:?
Global 213	global213:?
Global 214	global214:?
Global 215	global215:?
Global 216	global216:?
Global 217	global217:?
Global 218	global218:?
Global 219	global219:?
Global 220	global220:?
Global 221	global221:?
Global 222	global222:?
Global 223	global223:?
Global 224	global224:?
Global 225	global225:?
Global 226	global226:?
Global 227	global227:?
Global 228	global228:?
Global 229	global229:?
Global 230	global230:?
Global 231	global231:?
Global 232	global232:?
Global 233	global233:?
Global 234	global234:?
Global 235	global235:?
Global 236	global236:?
Global 237	global237:?
Global 238	global238:?
Global 239	global239:?

Action 0	Action0		! 'score'
Action 1	Action1		! 'full'/'fullscore'
Action 2	Action2		! 'die'/'q//'/'quit'
Action 3	Action3		! 'restore'
Action 4	Action4		! 'restart'
Action 5	Action5		! 'verify'
Action 6	Action6		! 'save'
Action 7	Action7		! 'script'
				! 'script' 'on'
Action 8	Action8		! 'noscript'/'unscript'
				! 'script' 'off'
Action 9	Action9		! 'short'/'superbrie'
Action 10	Action10	! 'long'/'verbose'
Action 11	Action11	! 'brief'/'normal'
Action 12	Action12	! 'nouns'/'pronouns'
Action 13	Action13	! 'notify' 'on'
Action 14	Action14	! 'notify' 'off'
Action 15	Action15	! 'version'
Action 16	Action16	! 'exit'/'out'/'outside'
				! 'stand'
				! 'stand' 'up'
				! 'carry'/'get'/'hold'/'take' 'out'
				! 'carry'/'get'/'hold'/'take' 'off'
				! 'carry'/'get'/'hold'/'take' 'up'
Action 17	Action17	! 'peel' noun
				! 'peel' 'off' noun
				! 'remove' multi
				! 'carry'/'get'/'hold'/'take' multi
Action 18	Action18	! 'remove' multiinside 'from' noun
				! 'carry'/'get'/'hold'/'take' multiinside 'from' noun
				! 'carry'/'get'/'hold'/'take' multiinside 'off' noun
Action 19	Action19	! 'sit' 'on' noun
				! 'sit' 'in' noun
				! 'sit' 'inside' noun
				! 'cross'/'enter' noun
				! 'go'/'leave'/'run'/'walk' noun
				! 'go'/'leave'/'run'/'walk' 'into' noun
				! 'go'/'leave'/'run'/'walk' 'in' noun
				! 'go'/'leave'/'run'/'walk' 'inside' noun
				! 'go'/'leave'/'run'/'walk' 'through' noun
				! 'stand' 'on' noun
				! 'carry'/'get'/'hold'/'take' 'in' noun
				! 'carry'/'get'/'hold'/'take' 'on' noun
Action 20	Action20	! 'disrobe'/'doff'/'shed' held
				! 'remove' held
				! 'carry'/'get'/'hold'/'take' 'off' attrib28
Action 21	Action21	! 'carry'/'get'/'hold'/'take' 'off' noun
Action 22	Action22	! 'i//'/'inv'/'inventory'
				! 'carry'/'get'/'hold'/'take' 'inventory'
Action 23	Action23	! 'put' 'on' held
				! 'don'/'wear' held
Action 24	Action24	! 'discard'/'drop'/'throw' multiexcept 'in' noun
				! 'discard'/'drop'/'throw' multiexcept 'into' noun
				! 'discard'/'drop'/'throw' multiexcept 'down' noun
				! 'insert' multiexcept 'in' noun
				! 'insert' multiexcept 'into' noun
				! 'put' multiexcept 'in' noun
				! 'put' multiexcept 'inside' noun
				! 'put' multiexcept 'into' noun
Action 25	Action25	! 'discard'/'drop'/'throw' multiexcept 'on' noun
				! 'discard'/'drop'/'throw' multiexcept 'onto' noun
				! 'put' multiexcept 'on' noun
				! 'put' multiexcept 'onto' noun
Action 26	Action26	! 'discard'/'drop'/'throw' multiheld
				! 'put' 'down' multiheld
				! 'put' multiheld 'down'
Action 27	Action27	! 'empty' noun
				! 'empty' 'out' noun
				! 'empty' noun 'out'
Action 28	Action28	! 'empty' noun 'to' noun
				! 'empty' noun 'into' noun
				! 'empty' noun 'on' noun
				! 'empty' noun 'onto' noun
Action 29	Action29	! 'clear'/'move'/'press'/'push'/'shift' noun 'to' noun
				! 'transfer' noun 'to' noun
Action 30	Action30	! 'discard'/'drop'/'throw' held 'at' noun
				! 'discard'/'drop'/'throw' held 'against' noun
Action 31	Action31	! 'feed'/'give'/'offer'/'pay' creature held
Action 32	Action32	! 'feed'/'give'/'offer'/'pay' held 'to' creature
				! 'feed'/'give'/'offer'/'pay' 'over' held 'to' creature
Action 33	Action33	! 'display'/'present'/'show' creature held
Action 34	Action34	! 'display'/'present'/'show' held 'to' creature
Action 35	Action35	! 'go'/'leave'/'run'/'walk'
Action 36	Action36	! 'go'/'leave'/'run'/'walk' attrib5
Action 37	Action37	! 'i//'/'inv'/'inventory' 'tall'
Action 38	Action38	! 'i//'/'inv'/'inventory' 'wide'
Action 39	Action39	! 'l//'/'look'
Action 40	Action40	! 'read' noun
				! 'check'/'describe'/'examine'/'watch'/'x//' noun
				! 'l//'/'look' 'at' noun
Action 41	Action41	! 'search' noun
				! 'l//'/'look' 'inside' noun
				! 'l//'/'look' 'in' noun
				! 'l//'/'look' 'through' noun
Action 42	Action42	! 'l//'/'look' 'under' noun
Action 43	Action43	! 'read' 'about' routine62748 'in' noun
				! 'read' routine62748 'in' noun
				! 'consult' noun 'about' routine62712
				! 'consult' noun 'on' routine62712
				! 'l//'/'look' 'up' routine62748 'in' noun
Action 44	Action44	! 'open'/'uncover'/'undo'/'unwrap' noun
Action 45	Action45	! 'unlock' noun 'with' held
				! 'open'/'uncover'/'undo'/'unwrap' noun 'with' held
Action 46	Action46	! 'close'/'cover'/'shut' noun
				! 'close'/'cover'/'shut' 'up'
Action 47	Action47	! 'switch' noun 'off'
				! 'switch' 'off' noun
				! 'rotate'/'screw'/'turn'/'twist'/'unscrew' noun 'off'
				! 'rotate'/'screw'/'turn'/'twist'/'unscrew' 'off' noun
				! 'close'/'cover'/'shut' 'off' noun
Action 48	Action48	! 'in'/'inside'
				! 'cross'/'enter'
Action 49	Action49	! 'y//'/'yes'
Action 50	Action50	! 'no'
Action 51	Action51	! 'wave'
Action 52	Action52	! 'wave' noun
Action 53	Action53	! 'adjust'/'set' noun
Action 54	Action54	! 'adjust'/'set' noun 'to' special
Action 55	Action55	! 'drag'/'pull' noun
Action 56	Action56	! 'clear'/'move'/'press'/'push'/'shift' noun
Action 57	Action57	! 'clear'/'move'/'press'/'push'/'shift' noun noun
Action 58	Action58	! 'rotate'/'screw'/'turn'/'twist'/'unscrew' noun
Action 59	Action59	! 'switch' noun
				! 'switch' noun 'on'
				! 'switch' 'on' noun
				! 'rotate'/'screw'/'turn'/'twist'/'unscrew' noun 'on'
				! 'rotate'/'screw'/'turn'/'twist'/'unscrew' 'on' noun
Action 60	Action60	! 'lock' noun 'with' held
Action 61	Action61	! 'attack'/'break'/'crack'/'destroy'/'fight'/'hit'/'kill'/'murder'/'punch'/'smash'/'thump'/'torture'/'wreck' noun
Action 62	Action62	! 'wait'/'z//'
Action 63	Action63	! 'answer'/'say'/'shout'/'speak' special 'to' creature
Action 64	Action64	! 'tell' creature 'about' special
Action 65	Action65	! 'ask' creature 'about' special
Action 66	Action66	! 'eat' held
Action 67	Action67	! 'nap'/'sleep'
Action 68	Action68	! 'sing'
Action 69	Action69	! 'climb'/'scale' noun
				! 'climb'/'scale' 'up' noun
				! 'climb'/'scale' 'over' noun
Action 70	Action70	! 'buy'/'purchase' noun
Action 71	Action71	! 'squash'/'squeeze' noun
Action 72	Action72	! 'dive'/'swim'
Action 73	Action73	! 'swing' noun
				! 'swing' 'on' noun
Action 74	Action74	! 'blow' held
Action 75	Action75	! 'pray'
Action 76	Action76	! 'awake'/'awaken'/'wake'
				! 'awake'/'awaken'/'wake' 'up'
Action 77	Action77	! 'awake'/'awaken'/'wake' creature
				! 'awake'/'awaken'/'wake' 'up' creature
Action 78	Action78	! 'embrace'/'hug'/'kiss' creature
Action 79	Action79	! 'think'
Action 80	Action80	! 'smell'/'sniff'
				! 'smell'/'sniff' noun
Action 81	Action81	! 'hear'/'listen'
				! 'hear'/'listen' noun
				! 'hear'/'listen' 'to' noun
Action 82	Action82	! 'taste' noun
Action 83	Action83	! 'feel'/'fondle'/'grope'/'touch' noun
Action 84	Action84	! 'clean'/'dust'/'polish'/'rub'/'scrub'/'shine'/'sweep'/'wipe' noun
Action 85	Action85	! 'attach'/'fasten'/'fix'/'tie' noun
				! 'attach'/'fasten'/'fix'/'tie' noun 'to' noun
Action 86	Action86	! 'burn'/'light' noun
				! 'burn'/'light' noun 'with' held
Action 87	Action87	! 'drink'/'sip'/'swallow' noun
Action 88	Action88	! 'fill' noun
Action 89	Action89	! 'chop'/'cut'/'prune'/'slice' noun
Action 90	Action90	! 'hop'/'jump'/'skip'
Action 91	Action91	! 'hop'/'jump'/'skip' 'over' noun
Action 92	Action92	! 'dig'
				! 'dig' 'with' held
Action 93	Action93	! 'about'/'rating'
				! 'help'

Word	auto-ign	auto-ign
Word	beautiful	beautiful
Word	coin-bag	coin-bag
Word	cut-crys	cut-crys
Word	emergency	emergency
Word	everythin	everythin
Word	fullscore	fullscore
Word	glitterin	glitterin
Word	gruedaemo	gruedaemo
Word	handholds	handholds
Word	invaluabl	invaluabl
Word	inventory	inventory
Word	northeast	northeast
Word	northwest	northwest
Word	pentagram	pentagram
Word	priceless	priceless
Word	roboff's	roboff's
Word	scorpions	scorpions
Word	seventeen	seventeen
Word	southeast	southeast
Word	southwest	southwest
Word	stairways	stairways
Word	stalagmit	stalagmit
Word	superbrie	superbrie

Routine 0x2f24	routine12068:?
Routine 0x2f2c	routine12076:?
Routine 0x2fd8	routine12248:?
Routine 0x31e4	routine12772:?
Routine 0x3efc	routine16124:?
Routine 0x3fb4	routine16308:?
Routine 0x40e0	routine16608:?
Routine 0x4624	routine17956:?
Routine 0x4944	routine18756:?
Routine 0x4cd8	routine19672:?
Routine 0x4ddc	routine19932:?
Routine 0x4f90	routine20368:?
Routine 0x5024	routine20516:?
Routine 0x5124	routine20772:?
Routine 0x51e0	routine20960:?
Routine 0x5220	routine21024:?
Routine 0x5254	routine21076:?
Routine 0x529c	routine21148:?
Routine 0x52c0	routine21184:?
Routine 0x52e4	routine21220:?
Routine 0x5314	routine21268:?
Routine 0x5374	routine21364:?
Routine 0x538c	routine21388:?
Routine 0x53c8	routine21448:?
Routine 0x5408	routine21512:?
Routine 0x54ec	routine21740:?
Routine 0x5514	routine21780:?
Routine 0x55b0	routine21936:?
Routine 0x568c	routine22156:?
Routine 0x56c8	routine22216:?
Routine 0x5710	routine22288:?
Routine 0x5730	routine22320:?
Routine 0x5770	routine22384:?
Routine 0x57b8	routine22456:?
Routine 0x57d0	routine22480:?
Routine 0x58d8	routine22744:?
Routine 0x5900	routine22784:?
Routine 0x5908	routine22792:?
Routine 0x5924	routine22820:?
Routine 0x595c	routine22876:?
Routine 0x5990	routine22928:?
Routine 0x59e8	routine23016:?
Routine 0x5a04	routine23044:?
Routine 0x5a18	routine23064:?
Routine 0x5cc0	routine23744:?
Routine 0x5d34	routine23860:?
Routine 0x5d74	routine23924:?
Routine 0x5dd0	routine24016:?
Routine 0x5e14	routine24084:?
Routine 0x5e24	routine24100:?
Routine 0x5e5c	routine24156:?
Routine 0x5e78	Action15Sub:?
Routine 0x5ebc	routine24252:?
