! Auto-generated by Reform.

MD5	aaf0b90fbb31717481c02832bf412070

Object 1	Class
Object 2	Object
Object 3	Routine
Object 4	String
Object 5	CompassDirection
Object 6	obj6_compass
Object 7	obj7_north
Object 8	obj8_south
Object 9	obj9_east
Object 10	obj10_west
Object 11	obj11_northeast
Object 12	obj12_northwest
Object 13	obj13_southeast
Object 14	obj14_southwest
Object 15	obj15_up_above
Object 16	obj16_ground
Object 17	obj17_inside
Object 18	obj18_outside
Object 19	obj19__darkness_object_
Object 20	obj20__self_object_
Object 21	obj21__Inform_Parser_
Object 22	obj22__Inform_Library_
Object 23	obj23__Library_Extensions_
Object 24	obj24__LibraryMessages_
Object 25	Option
Object 26	Menu
Object 27	SwitchOption
Object 28	obj28__temp_obj_
Object 29	Room
Object 30	Parsable
Object 31	Thing
Object 32	Fluid
Object 33	Powder
Object 34	obj34_Powder_1
Object 35	obj35_Powder_2
Object 36	obj36_Powder_3
Object 37	obj37_Powder_4
Object 38	Water
Object 39	obj39_Water_1
Object 40	obj40_Water_2
Object 41	obj41_Water_3
Object 42	obj42_Water_4
Object 43	NPC
Object 44	Topic
Object 45	Seekable
Object 46	Brick
Object 47	obj47_Brick_1
Object 48	obj48_Brick_2
Object 49	obj49_Brick_3
Object 50	obj50_Brick_4
Object 51	obj51_Brick_5
Object 52	obj52_Brick_6
Object 53	obj53_Brick_7
Object 54	obj54_Brick_8
Object 55	obj55_Brick_9
Object 56	obj56_Brick_10
Object 57	obj57_Brick_11
Object 58	obj58_Brick_12
Object 59	obj59_Brick_13
Object 60	obj60_Brick_14
Object 61	obj61_Brick_15
Object 62	obj62_Brick_16
Object 63	obj63_Brick_17
Object 64	Fruit
Object 65	obj65_Fruit_1
Object 66	obj66_Fruit_2
Object 67	obj67_Fruit_3
Object 68	obj68_Fruit_4
Object 69	obj69_Fruit_5
Object 70	obj70_Fruit_6
Object 71	obj71_Fruit_7
Object 72	obj72_Fruit_8
Object 73	obj73_Fruit_9
Object 74	obj74_Fruit_10
Object 75	obj75_Fruit_11
Object 76	obj76_Fruit_12
Object 77	obj77_Fruit_13
Object 78	obj78_Fruit_14
Object 79	obj79_Fruit_15
Object 80	obj80_Fruit_16
Object 81	obj81_Fruit_17
Object 82	obj82__brickData_
Object 83	obj83__confirmation_
Object 84	obj84_Nowhere
Object 85	obj85__placeholder_
Object 86	obj86_pig
Object 87	obj87_Grunk
Object 88	obj88_part_of_Grunk_body
Object 89	obj89_stone
Object 90	obj90_dark
Object 91	obj91_pants
Object 92	obj92_torch
Object 93	obj93_Outside
Object 94	obj94_moon
Object 95	obj95_wall
Object 96	obj96_field
Object 97	obj97_forest
Object 98	obj98_noise
Object 99	obj99_tracks
Object 100	obj100_farm
Object 101	obj101__missingOutside_
Object 102	obj102_Hole
Object 103	obj103_broken_stair
Object 104	obj104__whistle_
Object 105	obj105_tunnel
Object 106	obj106_curly_bit
Object 107	obj107_hole
Object 108	obj108_crack
Object 109	obj109__insideCrack_
Object 110	obj110_paper
Object 111	obj111_Fountain_Room
Object 112	obj112__missingBR_
Object 113	obj113_glowing_wall
Object 114	obj114_tunnel_to_west
Object 115	obj115_tunnel_to_east
Object 116	obj116_fountain
Object 117	obj117_squirty_part
Object 118	obj118_little_bit
Object 119	obj119_fountain_drain
Object 120	obj120_fountain_bowl
Object 121	obj121_coin
Object 122	obj122_water_that_not_in_fountain
Object 123	obj123_soup_that_not_in_fountain
Object 124	obj124_curtain
Object 125	obj125_picture_of_gnome
Object 126	obj126_picture_of_cave
Object 127	obj127_pig
Object 128	obj128_Statue_Room
Object 129	obj129_picture_on_west_wall
Object 130	obj130_black_powder_in_picture
Object 131	obj131_fire_in_picture
Object 132	obj132_water_in_picture
Object 133	obj133_picture_on_east_wall
Object 134	obj134_pole_in_picture
Object 135	obj135_yellow_thing_in_picture
Object 136	obj136_pie_in_picture
Object 137	obj137_north_wall
Object 138	obj138_south_wall
Object 139	obj139_statue_head
Object 140	obj140_hat
Object 141	obj141_statue_shoes
Object 142	obj142_statue_suit
Object 143	obj143_statue_hand
Object 144	obj144_block
Object 145	obj145_statue_of_gnome
Object 146	obj146_north_wall
Object 147	obj147_Table_Room
Object 148	obj148_table
Object 149	obj149_slot
Object 150	obj150_lever
Object 151	obj151_basket
Object 152	obj152_dent
Object 153	obj153_metal_box
Object 154	obj154_marks_on_wall
Object 155	obj155_cards
Object 156	obj156_chair
Object 157	obj157_Shelf_Room
Object 158	obj158_shelfs
Object 159	obj159_top_shelf
Object 160	obj160_chest
Object 161	obj161__chestPowder_
Object 162	obj162_keyhole
Object 163	obj163_pole
Object 164	obj164__onTopShelf_
Object 165	obj165_book
Object 166	obj166_Cave_With_Stream
Object 167	obj167_cave
Object 168	obj168_tunnel
Object 169	obj169_stream
Object 170	obj170__streamWater_
Object 171	obj171_mud
Object 172	obj172_bench
Object 173	obj173_other_side_of_stream
Object 174	obj174__key_
Object 175	obj175_wall
Object 176	obj176_pretty_picture
Object 177	obj177_Windy_Cave
Object 178	obj178_cave
Object 179	obj179_grue
Object 180	obj180_windy_tunnel
Object 181	obj181_secret_door
Object 182	obj182_pointy_rock
Object 183	obj183__maze_
Object 184	obj184__watcher_
Object 185	obj185_tunnel
Object 186	obj186_tunnel
Object 187	obj187_Probably_New_Tunnel
Object 188	obj188_hole
Object 189	obj189_Some_Other_Cave
Object 190	obj190_Forest
Object 191	obj191_gnome
Object 192	obj192_trunk
Object 193	obj193_Farm
Object 194	obj194__gnomeRoom_
Object 195	obj195_shadow
Object 196	obj196__gnomeHolder_
Object 197	obj197_bed
Object 198	obj198_desk
Object 199	obj199_stool
Object 200	obj200_shelf
Object 201	obj201_ball
Object 202	obj202_trunk
Object 203	obj203_help
Object 204	obj204_money
Object 205	obj205_paint_or_dye
Object 206	obj206_pipe
Object 207	obj207_little_bag
Object 208	obj208_smoke
Object 209	obj209_strange_helmet
Object 210	obj210_little_box
Object 211	obj211_tray_full_of_stuff
Object 212	obj212_pile_of_paper
Object 213	obj213_bottle
Object 214	obj214_pen
Object 215	obj215_gnome
Object 216	obj216_dress
Object 217	obj217_slipper
Object 218	obj218_hair
Object 219	obj219_ear
Object 220	obj220_nose
Object 221	obj221_book
Object 222	obj222__seekHome_
Object 223	obj223_farm
Object 224	obj224_outside
Object 225	obj225_hole
Object 226	obj226_fountain_room
Object 227	obj227_cave_with_stream
Object 228	obj228_statue_room
Object 229	obj229_table_room
Object 230	obj230_shelf_room
Object 231	obj231_gnome_room
Object 232	obj232_windy_cave
Object 233	obj233_twisty_cave
Object 234	obj234_pig
Object 235	obj235__specialTopics_
Object 236	obj236_Ghogg
Object 237	obj237_rar
Object 238	obj238_adventure
Object 239	obj239_genius
Object 240	obj240_spark
Object 241	obj241_time
Object 242	obj242_machine
Object 243	obj243_love
Object 244	obj244_mimesis
Object 245	obj245_singing
Object 246	obj246_Z_Machine
Object 247	obj247_flying
Object 248	obj248_reading
Object 249	obj249_threat
Object 250	obj250_grumbling
Object 251	obj251_Internet
Object 252	obj252_Gunther
Object 253	obj253_Bug
Object 254	obj254_Floyd
Object 255	obj255_golem
Object 256	obj256_paint_or_dye
Object 257	obj257_changing_color
Object 258	obj258_L__Ross_Raszewski
Object 259	obj259_ifMUD
Object 260	obj260_what_gnome_doing
Object 261	obj261_yay
Object 262	obj262_smile
Object 263	obj263_frown
Object 264	obj264_help
Object 265	obj265_color_red
Object 266	obj266_color_green
Object 267	obj267_color_blue
Object 268	obj268_color_orange
Object 269	obj269_color_yellow
Object 270	obj270_color_purple
Object 271	obj271_color_pink
Object 272	obj272_color_grey
Object 273	obj273_color_brown
Object 274	obj274_where
Object 275	obj275_maga
Object 276	obj276_philosopher_s_stone
Object 277	obj277_Fullmetal_Alchemist
Object 278	obj278__hermesT_
Object 279	obj279_myth
Object 280	obj280_Hugo
Object 281	obj281_Inform
Object 282	obj282_TADS
Object 283	obj283_bear
Object 284	obj284_Zork
Object 285	obj285_Zarf
Object 286	obj286_Graham_Nelson
Object 287	obj287_Emily
Object 288	obj288_Jacqueline
Object 289	obj289_inky
Object 290	obj290_thank
Object 291	obj291_grue
Object 292	obj292_urglyburgle
Object 293	obj293_what_gnome_looking_for
Object 294	obj294_God
Object 295	obj295_why
Object 296	obj296_any_thing
Object 297	obj297_error
Object 298	obj298_secret
Object 299	obj299_chemistry
Object 300	obj300_element
Object 301	obj301_____
Object 302	obj302_darn
Object 303	obj303_confusing_thing
Object 304	obj304_magic_word
Object 305	obj305_Sargent
Object 306	obj306_Prgukar_and_Kogluk_and_them
Object 307	obj307_story_contest
Object 308	obj308_Jota
Object 309	obj309_yes
Object 310	obj310_no
Object 311	obj311_sorry
Object 312	obj312_name
Object 313	obj313_Zzoborf
Object 314	obj314__unknownTopics_
Object 315	obj315_eldritch_horror
Object 316	obj316_bad_breath
Object 317	obj317_carrying_water
Object 318	obj318_dent
Object 319	obj319_independence
Object 320	obj320_opportunity
Object 321	obj321_irony
Object 322	obj322_mud
Object 323	obj323_trap
Object 324	obj324_component
Object 325	obj325_royalty
Object 326	obj326_pumpkin
Object 327	obj327_addictive
Object 328	obj328_mites_and_tights
Object 329	obj329_stuff_on_tray
Object 330	obj330_glowing_plant
Object 331	obj331_brown_water
Object 332	obj332_explosion
Object 333	obj333_opposite
Object 334	obj334_language
Object 335	obj335_money
Object 336	obj336_dross
Object 337	obj337_economy
Object 338	obj338_relax
Object 339	obj339_exhibit
Object 340	obj340_text
Object 341	obj341_treasure
Object 342	obj342_digestive_tract
Object 343	obj343_dress
Object 344	obj344_gnome_clothes
Object 345	obj345_hair
Object 346	obj346_ear_and_nose
Object 347	obj347_bed
Object 348	obj348_trunk
Object 349	obj349_desk
Object 350	obj350_stool
Object 351	obj351_snoring
Object 352	obj352_tourist
Object 353	obj353_pointy_rock
Object 354	obj354_windy_tunnel
Object 355	obj355_crossing_stream
Object 356	obj356_stream
Object 357	obj357_bench
Object 358	obj358_red_thing
Object 359	obj359_key
Object 360	obj360_key
Object 361	obj361_pretty_picture
Object 362	obj362_shelf_room
Object 363	obj363_chest
Object 364	obj364_answer
Object 365	obj365_hobby
Object 366	obj366_Zobleb
Object 367	obj367_death_ray
Object 368	obj368_eight
Object 369	obj369_counting
Object 370	obj370_math
Object 371	obj371_cat
Object 372	obj372_animal
Object 373	obj373_thinking
Object 374	obj374_project
Object 375	obj375_talking
Object 376	obj376_turning_off_orb
Object 377	obj377_Belkar
Object 378	obj378_monster
Object 379	obj379_beholder
Object 380	obj380_art
Object 381	obj381_people
Object 382	obj382_philosophy
Object 383	obj383_pyromania
Object 384	obj384_deja_vu
Object 385	obj385_tool
Object 386	obj386_strange_helmet
Object 387	obj387_book
Object 388	obj388_book
Object 389	obj389_recipe
Object 390	obj390_goo
Object 391	obj391_helmet
Object 392	obj392_smoking
Object 393	obj393_bottle_of_black_water
Object 394	obj394_drawing
Object 395	obj395_pure
Object 396	obj396_material
Object 397	obj397_transmutation
Object 398	obj398_lightning
Object 399	obj399_writing
Object 400	obj400_Mogglev
Object 401	obj401_killing
Object 402	obj402_ball
Object 403	obj403_light
Object 404	obj404_looter
Object 405	obj405_chair
Object 406	obj406_history
Object 407	obj407_mark_on_wall
Object 408	obj408_metal_box
Object 409	obj409_table_room
Object 410	obj410_world
Object 411	obj411_picture_near_statue
Object 412	obj412_pole
Object 413	obj413_pie
Object 414	obj414_mark_on_block
Object 415	obj415_hat
Object 416	obj416_equinox
Object 417	obj417_plumber
Object 418	obj418_coin
Object 419	obj419_fountain
Object 420	obj420_curtain
Object 421	obj421_glowing_wall
Object 422	obj422_heat
Object 423	obj423_hunger
Object 424	obj424_fundamental_quality
Object 425	obj425_mark_on_paper
Object 426	obj426_missing_page
Object 427	obj427_piece_of_paper
Object 428	obj428_classical_alchemy
Object 429	obj429_tube
Object 430	obj430_crack
Object 431	obj431_entrance
Object 432	obj432_black_powder
Object 433	obj433_brick
Object 434	obj434_hard_work
Object 435	obj435_age
Object 436	obj436_alchemical_reagent
Object 437	obj437_heroes_and_villains
Object 438	obj438_ztorf
Object 439	obj439_rhetorical
Object 440	obj440_rust_proof_paper
Object 441	obj441_daffodil
Object 442	obj442_principles
Object 443	obj443_idea
Object 444	obj444_statue
Object 445	obj445_science
Object 446	obj446_nature
Object 447	obj447_flint_and_steel
Object 448	obj448_army
Object 449	obj449_color_magnet
Object 450	obj450_dehydrated_fire
Object 451	obj451_autobaker
Object 452	obj452_mossfuressence
Object 453	obj453_proof_paper
Object 454	obj454_thermomechanics
Object 455	obj455_Zugilbor_Galrogginpots_sem_Endali_dec_Frebensalbibit
Object 456	obj456_alchemy
Object 457	obj457_job
Object 458	obj458_quest
Object 459	obj459_invention
Object 460	obj460_alchemist
Object 461	obj461_how_long_gnome_here_for
Object 462	obj462__knownTopics_
Object 463	obj463_ground
Object 464	obj464_noise
Object 465	obj465_gate
Object 466	obj466_soot
Object 467	obj467_orc
Object 468	obj468_black_and_white
Object 469	obj469_color
Object 470	obj470_exit
Object 471	obj471_sky
Object 472	obj472_cave
Object 473	obj473_dark
Object 474	obj474_life
Object 475	obj475_goodbye
Object 476	obj476_air
Object 477	obj477_wood
Object 478	obj478_forest
Object 479	obj479_water
Object 480	obj480_torch
Object 481	obj481_pants
Object 482	obj482_family
Object 483	obj483_making_fire
Object 484	obj484_food
Object 485	obj485_food
Object 486	obj486_rock
Object 487	obj487_metal
Object 488	obj488_magic
Object 489	obj489_night
Object 490	obj490_sun
Object 491	obj491_pig
Object 492	obj492_farm
Object 493	obj493_greeting
Object 494	obj494__gnomeTopics_
Object 495	obj495_Grunk
Object 496	obj496_gnome
Object 497	obj497_this_place
Object 498	obj498__pigTopics_
Object 499	obj499_oink
Object 500	HintTopic
Object 501	obj501_Lost_Pig
Object 502	obj502_About_this_game
Object 503	obj503_How_to_play_Interactive_Fiction
Object 504	obj504_Special_commands_for_this_game
Object 505	obj505_Credits
Object 506	obj506_About_the_author
Object 507	obj507_About_the_implementor
Object 508	obj508_Betatesters
Object 509	obj509_Acknowledgments
Object 510	obj510_Hints
Object 511	obj511_Are_you_sure_
Object 512	obj512_I_ve_changed_my_mind_
Object 513	obj513_I_really_want_hints_
Object 514	obj514_Hints
Object 515	obj515_AMUSING
Object 516	obj516_Higgledy_Piggledy
Object 517	obj517__whoamiH_
Object 518	obj518__wherepigH_
Object 519	obj519__whatnextH_
Object 520	obj520__gnomeH_
Object 521	obj521__keyH_
Object 522	obj522__keyforH_
Object 523	obj523__powderH_
Object 524	obj524__poleH_
Object 525	obj525__machineH_
Object 526	obj526__brickH_
Object 527	obj527__newbrickH_
Object 528	obj528__bookH_
Object 529	obj529__pageH_
Object 530	obj530__paperH_
Object 531	obj531__pigH_
Object 532	obj532__exitH_
Object 533	obj533__lightH_
Object 534	obj534__mazeH_
Object 535	obj535__llpH_

Attribute 0	burnable		! obj91_pants obj92_torch obj124_curtain obj156_chair obj197_bed obj198_desk obj199_stool obj212_pile_of_paper obj216_dress obj217_slipper
Attribute 1	burning			! obj92_torch
Attribute 2	burnt			! obj92_torch
Attribute 3	stone			! obj95_wall obj103_broken_stair obj105_tunnel obj106_curly_bit obj108_crack obj113_glowing_wall obj114_tunnel_to_west obj115_tunnel_to_east obj117_squirty_part obj118_little_bit obj119_fountain_drain obj120_fountain_bowl obj129_picture_on_west_wall obj130_black_powder_in_picture obj131_fire_in_picture obj132_water_in_picture obj133_picture_on_east_wall obj134_pole_in_picture obj135_yellow_thing_in_picture obj136_pie_in_picture obj137_north_wall obj138_south_wall obj139_statue_head obj140_hat obj141_statue_shoes obj142_statue_suit obj143_statue_hand obj144_block obj145_statue_of_gnome obj160_chest obj162_keyhole obj168_tunnel obj172_bench obj173_other_side_of_stream obj175_wall obj176_pretty_picture obj182_pointy_rock obj185_tunnel obj186_tunnel obj201_ball
Attribute 4	little			! obj104__whistle_ obj121_coin obj174__key_
Attribute 6	animate			! obj20__self_object_ NPC obj86_pig obj87_Grunk obj127_pig obj145_statue_of_gnome obj191_gnome obj195_shadow obj215_gnome
Attribute 8	clothing		! obj91_pants obj140_hat obj216_dress obj217_slipper
Attribute 9	concealed		! obj6_compass obj20__self_object_ Topic Fruit obj65_Fruit_1 obj66_Fruit_2 obj67_Fruit_3 obj68_Fruit_4 obj69_Fruit_5 obj70_Fruit_6 obj71_Fruit_7 obj72_Fruit_8 obj73_Fruit_9 obj74_Fruit_10 obj75_Fruit_11 obj76_Fruit_12 obj77_Fruit_13 obj78_Fruit_14 obj79_Fruit_15 obj80_Fruit_16 obj81_Fruit_17 obj88_part_of_Grunk_body obj89_stone obj90_dark obj101__missingOutside_ obj104__whistle_ obj121_coin obj125_picture_of_gnome obj126_picture_of_cave obj130_black_powder_in_picture obj131_fire_in_picture obj132_water_in_picture obj134_pole_in_picture obj135_yellow_thing_in_picture obj136_pie_in_picture obj140_hat obj155_cards obj184__watcher_ obj236_Ghogg obj237_rar obj238_adventure obj239_genius obj240_spark obj241_time obj242_machine obj243_love obj244_mimesis obj245_singing obj246_Z_Machine obj247_flying obj248_reading obj249_threat obj250_grumbling obj251_Internet obj252_Gunther obj253_Bug obj254_Floyd obj255_golem obj256_paint_or_dye obj257_changing_color obj258_L__Ross_Raszewski obj259_ifMUD obj260_what_gnome_doing obj261_yay obj262_smile obj263_frown obj264_help obj265_color_red obj266_color_green obj267_color_blue obj268_color_orange obj269_color_yellow obj270_color_purple obj271_color_pink obj272_color_grey obj273_color_brown obj274_where obj275_maga obj276_philosopher_s_stone obj277_Fullmetal_Alchemist obj278__hermesT_ obj279_myth obj280_Hugo obj281_Inform obj282_TADS obj283_bear obj284_Zork obj285_Zarf obj286_Graham_Nelson obj287_Emily obj288_Jacqueline obj289_inky obj290_thank obj291_grue obj292_urglyburgle obj293_what_gnome_looking_for obj294_God obj295_why obj296_any_thing obj297_error obj298_secret obj299_chemistry obj300_element obj301_____ obj302_darn obj303_confusing_thing obj304_magic_word obj305_Sargent obj306_Prgukar_and_Kogluk_and_them obj307_story_contest obj308_Jota obj309_yes obj310_no obj311_sorry obj312_name obj313_Zzoborf obj315_eldritch_horror obj316_bad_breath obj317_carrying_water obj318_dent obj319_independence obj320_opportunity obj321_irony obj322_mud obj323_trap obj324_component obj325_royalty obj326_pumpkin obj327_addictive obj328_mites_and_tights obj329_stuff_on_tray obj330_glowing_plant obj331_brown_water obj332_explosion obj333_opposite obj334_language obj335_money obj336_dross obj337_economy obj338_relax obj339_exhibit obj340_text obj341_treasure obj342_digestive_tract obj343_dress obj344_gnome_clothes obj345_hair obj346_ear_and_nose obj347_bed obj348_trunk obj349_desk obj350_stool obj351_snoring obj352_tourist obj353_pointy_rock obj354_windy_tunnel obj355_crossing_stream obj356_stream obj357_bench obj358_red_thing obj359_key obj360_key obj361_pretty_picture obj362_shelf_room obj363_chest obj364_answer obj365_hobby obj366_Zobleb obj367_death_ray obj368_eight obj369_counting obj370_math obj371_cat obj372_animal obj373_thinking obj374_project obj375_talking obj376_turning_off_orb obj377_Belkar obj378_monster obj379_beholder obj380_art obj381_people obj382_philosophy obj383_pyromania obj384_deja_vu obj385_tool obj386_strange_helmet obj387_book obj388_book obj389_recipe obj390_goo obj391_helmet obj392_smoking obj393_bottle_of_black_water obj394_drawing obj395_pure obj396_material obj397_transmutation obj398_lightning obj399_writing obj400_Mogglev obj401_killing obj402_ball obj403_light obj404_looter obj405_chair obj406_history obj407_mark_on_wall obj408_metal_box obj409_table_room obj410_world obj411_picture_near_statue obj412_pole obj413_pie obj414_mark_on_block obj415_hat obj416_equinox obj417_plumber obj418_coin obj419_fountain obj420_curtain obj421_glowing_wall obj422_heat obj423_hunger obj424_fundamental_quality obj425_mark_on_paper obj426_missing_page obj427_piece_of_paper obj428_classical_alchemy obj429_tube obj430_crack obj431_entrance obj432_black_powder obj433_brick obj434_hard_work obj435_age obj436_alchemical_reagent obj437_heroes_and_villains obj438_ztorf obj439_rhetorical obj440_rust_proof_paper obj441_daffodil obj442_principles obj443_idea obj444_statue obj445_science obj446_nature obj447_flint_and_steel obj448_army obj449_color_magnet obj450_dehydrated_fire obj451_autobaker obj452_mossfuressence obj453_proof_paper obj454_thermomechanics obj455_Zugilbor_Galrogginpots_sem_Endali_dec_Frebensalbibit obj456_alchemy obj457_job obj458_quest obj459_invention obj460_alchemist obj461_how_long_gnome_here_for obj463_ground obj464_noise obj465_gate obj466_soot obj467_orc obj468_black_and_white obj469_color obj470_exit obj471_sky obj472_cave obj473_dark obj474_life obj475_goodbye obj476_air obj477_wood obj478_forest obj479_water obj480_torch obj481_pants obj482_family obj483_making_fire obj484_food obj485_food obj486_rock obj487_metal obj488_magic obj489_night obj490_sun obj491_pig obj492_farm obj493_greeting obj495_Grunk obj496_gnome obj497_this_place obj499_oink
Attribute 10	container		! Fluid Powder obj34_Powder_1 obj35_Powder_2 obj36_Powder_3 obj37_Powder_4 Water obj39_Water_1 obj40_Water_2 obj41_Water_3 obj42_Water_4 obj108_crack obj116_fountain obj119_fountain_drain obj120_fountain_bowl obj140_hat obj143_statue_hand obj151_basket obj160_chest obj161__chestPowder_ obj162_keyhole obj169_stream obj170__streamWater_ obj192_trunk obj202_trunk
Attribute 11	door			! obj103_broken_stair obj105_tunnel obj114_tunnel_to_west obj115_tunnel_to_east obj138_south_wall obj146_north_wall obj168_tunnel obj180_windy_tunnel obj181_secret_door
Attribute 12	edible			! Brick obj47_Brick_1 obj48_Brick_2 obj49_Brick_3 obj50_Brick_4 obj51_Brick_5 obj52_Brick_6 obj53_Brick_7 obj54_Brick_8 obj55_Brick_9 obj56_Brick_10 obj57_Brick_11 obj58_Brick_12 obj59_Brick_13 obj60_Brick_14 obj61_Brick_15 obj62_Brick_16 obj63_Brick_17
Attribute 13	enterable		! obj95_wall obj148_table obj156_chair obj158_shelfs obj172_bench obj197_bed obj199_stool
Attribute 14	general			! obj199_stool
Attribute 15	light			! Room obj84_Nowhere obj85__placeholder_ obj92_torch obj93_Outside obj94_moon obj102_Hole obj109__insideCrack_ obj111_Fountain_Room obj113_glowing_wall obj128_Statue_Room obj147_Table_Room obj157_Shelf_Room obj164__onTopShelf_ obj166_Cave_With_Stream obj177_Windy_Cave obj183__maze_ obj187_Probably_New_Tunnel obj189_Some_Other_Cave obj190_Forest obj193_Farm obj194__gnomeRoom_ obj196__gnomeHolder_ obj222__seekHome_ obj235__specialTopics_ obj314__unknownTopics_ obj462__knownTopics_ obj494__gnomeTopics_ obj498__pigTopics_
Attribute 16	lockable		! obj160_chest obj202_trunk
Attribute 17	locked			! obj160_chest obj192_trunk obj202_trunk
Attribute 20	open			! obj103_broken_stair obj105_tunnel obj108_crack obj114_tunnel_to_west obj115_tunnel_to_east obj120_fountain_bowl obj138_south_wall obj140_hat obj143_statue_hand obj151_basket obj162_keyhole obj168_tunnel obj169_stream obj180_windy_tunnel obj181_secret_door
Attribute 21	openable		! obj146_north_wall obj160_chest obj181_secret_door obj192_trunk obj202_trunk
Attribute 22	proper			! obj20__self_object_ obj21__Inform_Parser_ obj22__Inform_Library_ obj23__Library_Extensions_
Attribute 23	scenery			! CompassDirection obj7_north obj8_south obj9_east obj10_west obj11_northeast obj12_northwest obj13_southeast obj14_southwest obj15_up_above obj16_ground obj17_inside obj18_outside Thing Topic Fruit obj65_Fruit_1 obj66_Fruit_2 obj67_Fruit_3 obj68_Fruit_4 obj69_Fruit_5 obj70_Fruit_6 obj71_Fruit_7 obj72_Fruit_8 obj73_Fruit_9 obj74_Fruit_10 obj75_Fruit_11 obj76_Fruit_12 obj77_Fruit_13 obj78_Fruit_14 obj79_Fruit_15 obj80_Fruit_16 obj81_Fruit_17 obj87_Grunk obj88_part_of_Grunk_body obj89_stone obj90_dark obj94_moon obj95_wall obj96_field obj97_forest obj98_noise obj99_tracks obj100_farm obj101__missingOutside_ obj103_broken_stair obj105_tunnel obj106_curly_bit obj107_hole obj108_crack obj112__missingBR_ obj113_glowing_wall obj114_tunnel_to_west obj115_tunnel_to_east obj117_squirty_part obj118_little_bit obj119_fountain_drain obj120_fountain_bowl obj122_water_that_not_in_fountain obj123_soup_that_not_in_fountain obj125_picture_of_gnome obj126_picture_of_cave obj129_picture_on_west_wall obj130_black_powder_in_picture obj131_fire_in_picture obj132_water_in_picture obj133_picture_on_east_wall obj134_pole_in_picture obj135_yellow_thing_in_picture obj136_pie_in_picture obj137_north_wall obj138_south_wall obj139_statue_head obj141_statue_shoes obj142_statue_suit obj143_statue_hand obj144_block obj148_table obj149_slot obj150_lever obj151_basket obj152_dent obj155_cards obj158_shelfs obj159_top_shelf obj162_keyhole obj167_cave obj168_tunnel obj169_stream obj171_mud obj173_other_side_of_stream obj175_wall obj176_pretty_picture obj178_cave obj179_grue obj182_pointy_rock obj184__watcher_ obj185_tunnel obj186_tunnel obj188_hole obj192_trunk obj195_shadow obj197_bed obj198_desk obj199_stool obj200_shelf obj202_trunk obj203_help obj204_money obj205_paint_or_dye obj206_pipe obj208_smoke obj215_gnome obj216_dress obj217_slipper obj218_hair obj219_ear obj220_nose obj236_Ghogg obj237_rar obj238_adventure obj239_genius obj240_spark obj241_time obj242_machine obj243_love obj244_mimesis obj245_singing obj246_Z_Machine obj247_flying obj248_reading obj249_threat obj250_grumbling obj251_Internet obj252_Gunther obj253_Bug obj254_Floyd obj255_golem obj256_paint_or_dye obj257_changing_color obj258_L__Ross_Raszewski obj259_ifMUD obj260_what_gnome_doing obj261_yay obj262_smile obj263_frown obj264_help obj265_color_red obj266_color_green obj267_color_blue obj268_color_orange obj269_color_yellow obj270_color_purple obj271_color_pink obj272_color_grey obj273_color_brown obj274_where obj275_maga obj276_philosopher_s_stone obj277_Fullmetal_Alchemist obj278__hermesT_ obj279_myth obj280_Hugo obj281_Inform obj282_TADS obj283_bear obj284_Zork obj285_Zarf obj286_Graham_Nelson obj287_Emily obj288_Jacqueline obj289_inky obj290_thank obj291_grue obj292_urglyburgle obj293_what_gnome_looking_for obj294_God obj295_why obj296_any_thing obj297_error obj298_secret obj299_chemistry obj300_element obj301_____ obj302_darn obj303_confusing_thing obj304_magic_word obj305_Sargent obj306_Prgukar_and_Kogluk_and_them obj307_story_contest obj308_Jota obj309_yes obj310_no obj311_sorry obj312_name obj313_Zzoborf obj315_eldritch_horror obj316_bad_breath obj317_carrying_water obj318_dent obj319_independence obj320_opportunity obj321_irony obj322_mud obj323_trap obj324_component obj325_royalty obj326_pumpkin obj327_addictive obj328_mites_and_tights obj329_stuff_on_tray obj330_glowing_plant obj331_brown_water obj332_explosion obj333_opposite obj334_language obj335_money obj336_dross obj337_economy obj338_relax obj339_exhibit obj340_text obj341_treasure obj342_digestive_tract obj343_dress obj344_gnome_clothes obj345_hair obj346_ear_and_nose obj347_bed obj348_trunk obj349_desk obj350_stool obj351_snoring obj352_tourist obj353_pointy_rock obj354_windy_tunnel obj355_crossing_stream obj356_stream obj357_bench obj358_red_thing obj359_key obj360_key obj361_pretty_picture obj362_shelf_room obj363_chest obj364_answer obj365_hobby obj366_Zobleb obj367_death_ray obj368_eight obj369_counting obj370_math obj371_cat obj372_animal obj373_thinking obj374_project obj375_talking obj376_turning_off_orb obj377_Belkar obj378_monster obj379_beholder obj380_art obj381_people obj382_philosophy obj383_pyromania obj384_deja_vu obj385_tool obj386_strange_helmet obj387_book obj388_book obj389_recipe obj390_goo obj391_helmet obj392_smoking obj393_bottle_of_black_water obj394_drawing obj395_pure obj396_material obj397_transmutation obj398_lightning obj399_writing obj400_Mogglev obj401_killing obj402_ball obj403_light obj404_looter obj405_chair obj406_history obj407_mark_on_wall obj408_metal_box obj409_table_room obj410_world obj411_picture_near_statue obj412_pole obj413_pie obj414_mark_on_block obj415_hat obj416_equinox obj417_plumber obj418_coin obj419_fountain obj420_curtain obj421_glowing_wall obj422_heat obj423_hunger obj424_fundamental_quality obj425_mark_on_paper obj426_missing_page obj427_piece_of_paper obj428_classical_alchemy obj429_tube obj430_crack obj431_entrance obj432_black_powder obj433_brick obj434_hard_work obj435_age obj436_alchemical_reagent obj437_heroes_and_villains obj438_ztorf obj439_rhetorical obj440_rust_proof_paper obj441_daffodil obj442_principles obj443_idea obj444_statue obj445_science obj446_nature obj447_flint_and_steel obj448_army obj449_color_magnet obj450_dehydrated_fire obj451_autobaker obj452_mossfuressence obj453_proof_paper obj454_thermomechanics obj455_Zugilbor_Galrogginpots_sem_Endali_dec_Frebensalbibit obj456_alchemy obj457_job obj458_quest obj459_invention obj460_alchemist obj461_how_long_gnome_here_for obj463_ground obj464_noise obj465_gate obj466_soot obj467_orc obj468_black_and_white obj469_color obj470_exit obj471_sky obj472_cave obj473_dark obj474_life obj475_goodbye obj476_air obj477_wood obj478_forest obj479_water obj480_torch obj481_pants obj482_family obj483_making_fire obj484_food obj485_food obj486_rock obj487_metal obj488_magic obj489_night obj490_sun obj491_pig obj492_farm obj493_greeting obj495_Grunk obj496_gnome obj497_this_place obj499_oink
Attribute 25	static			! Fluid Powder obj34_Powder_1 obj35_Powder_2 obj36_Powder_3 obj37_Powder_4 Water obj39_Water_1 obj40_Water_2 obj41_Water_3 obj42_Water_4 obj116_fountain obj124_curtain obj145_statue_of_gnome obj146_north_wall obj153_metal_box obj154_marks_on_wall obj161__chestPowder_ obj170__streamWater_ obj180_windy_tunnel obj181_secret_door obj207_little_bag obj209_strange_helmet obj210_little_box obj211_tray_full_of_stuff obj212_pile_of_paper obj213_bottle obj214_pen obj221_book
Attribute 26	supporter		! obj95_wall obj103_broken_stair obj139_statue_head obj148_table obj156_chair obj158_shelfs obj159_top_shelf obj172_bench obj197_bed obj198_desk obj199_stool obj200_shelf obj211_tray_full_of_stuff
Attribute 28	talkable		! obj98_noise obj154_marks_on_wall obj169_stream obj236_Ghogg obj246_Z_Machine obj251_Internet obj252_Gunther obj253_Bug obj254_Floyd obj258_L__Ross_Raszewski obj259_ifMUD obj275_maga obj277_Fullmetal_Alchemist obj280_Hugo obj281_Inform obj284_Zork obj285_Zarf obj286_Graham_Nelson obj287_Emily obj288_Jacqueline obj289_inky obj306_Prgukar_and_Kogluk_and_them obj307_story_contest obj308_Jota obj328_mites_and_tights obj351_snoring obj353_pointy_rock obj354_windy_tunnel obj356_stream obj357_bench obj358_red_thing obj360_key obj361_pretty_picture obj362_shelf_room obj366_Zobleb obj367_death_ray obj369_counting obj388_book obj391_helmet obj405_chair obj407_mark_on_wall obj408_metal_box obj409_table_room obj411_picture_near_statue obj412_pole obj413_pie obj418_coin obj419_fountain obj420_curtain obj421_glowing_wall obj427_piece_of_paper obj429_tube obj430_crack obj431_entrance obj432_black_powder obj433_brick obj465_gate obj466_soot obj471_sky obj473_dark obj478_forest obj480_torch obj481_pants obj489_night obj491_pig obj492_farm obj495_Grunk
Attribute 29	transparent		! obj20__self_object_ obj215_gnome
Attribute 32	worn			! obj91_pants
Attribute 33	male			! obj191_gnome
Attribute 35	neuter			! obj127_pig obj145_statue_of_gnome obj195_shadow
Attribute 36	pluralname		! obj91_pants obj98_noise obj106_curly_bit obj113_glowing_wall obj118_little_bit obj152_dent obj154_marks_on_wall obj155_cards obj158_shelfs obj182_pointy_rock obj195_shadow

Property 1	name:dictwords
Property 2	prop2:?
Property 4	npc_before:things
Property 5	npc_life:things
Property 6	npc_preact:things
Property 7	compass_look:things
Property 8	adj:?
Property 9	knowTopic:?
Property 10	showTopic:?
Property 11	prefix:string
Property 12	suffix:string
Property 13	obj:?
Property 14	gnomeTalk:?
Property 15	desc:?
Property 16	dimdesc:string
Property 17	before:?
Property 18	after:things
Property 19	life:things
Property 20	n_to:thing
Property 21	s_to:thing
Property 22	e_to:thing
Property 23	w_to:thing
Property 24	ne_to:thing
Property 25	nw_to:thing
Property 26	se_to:?
Property 27	sw_to:thing
Property 28	u_to:?
Property 29	d_to:string
Property 32	door_to:thing
Property 33	with_key:?
Property 34	door_dir:?
Property 35	invent:?
Property 36	plural:string
Property 37	add_to_scope:?
Property 39	react_before:?
Property 42	orders:things
Property 43	initial:thing
Property 44	when_open:string
Property 45	when_closed:string
Property 48	description:?
Property 49	describe:string
Property 50	article:string
Property 51	cant_go:string
Property 52	found_in:things
Property 53	time_left:?
Property 54	number:?
Property 55	time_out:string
Property 56	daemon:thing
Property 57	each_turn:?
Property 58	capacity:?
Property 59	short_name:?
Property 61	parse_name:?
Property 64	create:thing
Property 66	destroy:thing
Property 72	cName:routine
Property 73	before_implicit:dictword
Property 74	parse_input:routine
Property 75	play:routine
Property 76	end_turn_sequence:routine
Property 77	begin_action:routine
Property 78	RunAll:routine
Property 79	RunUntil:routine
Property 80	RunWhile:routine
Property 81	ext_initialise:?
Property 82	ext_messages:?
Property 83	emblazon:routine
Property 84	select:?
Property 85	isBright:routine
Property 86	exits:?
Property 87	local:?
Property 88	cLocal:thing
Property 89	lName:string
Property 90	burntDesc:thing
Property 91	burningDesc:thing
Property 92	getClass:routine
Property 93	npc_react:?
Property 94	npc_daemon:thing
Property 95	refreshTopics:thing
Property 96	listTopics:routine
Property 97	target:?
Property 98	plurals:dictword
Property 99	split_brick:string
Property 100	consume_brick:string
Property 101	prime:string
Property 102	confirm:string
Property 103	laugh:string
Property 104	invy:string
Property 105	misc:?
Property 106	topicHolder:?
Property 107	sing_count:?
Property 108	identify:string
Property 109	contents_redirect:?
Property 110	unburntDesc:string
Property 111	wetDesc:string
Property 112	check_nearby:string
Property 113	do_sing:string
Property 114	bites_left:string
Property 115	near_brick:string
Property 116	depart:string
Property 117	reveal:string
Property 118	open_secret:string
Property 119	new_brick:string
Property 120	dispense:string
Property 121	commonDesc:string
Property 122	isVisible:string
Property 123	seen:string
Property 124	name1:string
Property 125	name2:string
Property 126	desc1:string
Property 127	desc2:string
Property 128	desc3:string
Property 129	follow_gnome:string
Property 130	before_msg:string
Property 131	escape:string
Property 132	populate:string
Property 133	wakeGnome:string
Property 134	open_name:dictwords
Property 135	open_adj:dictwords
Property 136	owns:string
Property 137	free:string
Property 138	activity:?
Property 139	change:string
Property 140	pantsy:?
Property 141	pipeAct:string
Property 142	capAct:string
Property 143	trayAct:string
Property 144	bookAct:string
Property 145	writeAct:string
Property 146	suffice:string
Property 147	Ask:dictwords
Property 148	showHint:string

Global 0	global0:?
Global 1	global1:?
Global 2	global2:?
Global 3	global3:?
Global 4	global4:?
Global 5	global5:?
Global 6	global6:?
Global 7	global7:?
Global 8	global8:?
Global 9	global9:?
Global 10	global10:?
Global 11	global11:?
Global 12	global12:?
Global 13	global13:?
Global 14	global14:?
Global 15	global15:?
Global 16	global16:?
Global 17	global17:?
Global 18	global18:?
Global 19	global19:?
Global 20	global20:?
Global 21	global21:?
Global 22	global22:?
Global 23	global23:?
Global 24	global24:?
Global 25	global25:?
Global 26	global26:?
Global 27	global27:?
Global 28	global28:?
Global 29	global29:?
Global 30	global30:?
Global 31	global31:?
Global 32	global32:?
Global 33	global33:?
Global 34	global34:?
Global 35	global35:?
Global 36	global36:?
Global 37	global37:?
Global 38	global38:?
Global 39	global39:?
Global 40	global40:?
Global 41	global41:?
Global 42	global42:?
Global 43	global43:?
Global 44	global44:?
Global 45	global45:?
Global 46	global46:?
Global 47	global47:?
Global 48	global48:?
Global 49	global49:?
Global 50	global50:?
Global 51	global51:?
Global 52	global52:?
Global 53	global53:?
Global 54	global54:?
Global 55	global55:?
Global 56	global56:?
Global 57	global57:?
Global 58	global58:?
Global 59	global59:?
Global 60	global60:?
Global 61	global61:?
Global 62	global62:?
Global 63	global63:?
Global 64	global64:?
Global 65	global65:?
Global 66	global66:?
Global 67	global67:?
Global 68	global68:?
Global 69	global69:?
Global 70	global70:?
Global 71	global71:?
Global 72	global72:?
Global 73	global73:?
Global 74	global74:?
Global 75	global75:?
Global 76	global76:?
Global 77	global77:?
Global 78	global78:?
Global 79	global79:?
Global 80	global80:?
Global 81	global81:?
Global 82	global82:?
Global 83	global83:?
Global 84	global84:?
Global 85	global85:?
Global 86	global86:?
Global 87	global87:?
Global 88	global88:?
Global 89	global89:?
Global 90	global90:?
Global 91	global91:?
Global 92	global92:?
Global 93	global93:?
Global 94	global94:?
Global 95	global95:?
Global 96	global96:?
Global 97	global97:?
Global 98	global98:?
Global 99	global99:?
Global 100	global100:?
Global 101	global101:?
Global 102	global102:?
Global 103	global103:?
Global 104	global104:?
Global 105	global105:?
Global 106	global106:?
Global 107	global107:?
Global 108	global108:?
Global 109	global109:?
Global 110	global110:?
Global 111	global111:?
Global 112	global112:?
Global 113	global113:?
Global 114	global114:?
Global 115	global115:?
Global 116	global116:?
Global 117	global117:?
Global 118	global118:?
Global 119	global119:?
Global 120	global120:?
Global 121	global121:?
Global 122	global122:?
Global 123	global123:?
Global 124	global124:?
Global 125	global125:?
Global 126	global126:?
Global 127	global127:?
Global 128	global128:?
Global 129	global129:?
Global 130	global130:?
Global 131	global131:?
Global 132	global132:?
Global 133	global133:?
Global 134	global134:?
Global 135	global135:?
Global 136	global136:?
Global 137	global137:?
Global 138	global138:?
Global 139	global139:?
Global 140	global140:?
Global 141	global141:?
Global 142	global142:?
Global 143	global143:?
Global 144	global144:?
Global 145	global145:?
Global 146	global146:?
Global 147	global147:?
Global 148	global148:?
Global 149	global149:?
Global 150	global150:?
Global 151	global151:?
Global 152	global152:?
Global 153	global153:?
Global 154	global154:?
Global 155	global155:?
Global 156	global156:?
Global 157	global157:?
Global 158	global158:?
Global 159	global159:?
Global 160	global160:?
Global 161	global161:?
Global 162	global162:?
Global 163	global163:?
Global 164	global164:?
Global 165	global165:?
Global 166	global166:?
Global 167	global167:?
Global 168	global168:?
Global 169	global169:?
Global 170	global170:?
Global 171	global171:?
Global 172	global172:?
Global 173	global173:?
Global 174	global174:?
Global 175	global175:?
Global 176	global176:?
Global 177	global177:?
Global 178	global178:?
Global 179	global179:?
Global 180	global180:?
Global 181	global181:?
Global 182	global182:?
Global 183	global183:?
Global 184	global184:?
Global 185	global185:?
Global 186	global186:?
Global 187	global187:?
Global 188	global188:?
Global 189	global189:?
Global 190	global190:?
Global 191	global191:?
Global 192	global192:?
Global 193	global193:?
Global 194	global194:?
Global 195	global195:?
Global 196	global196:?
Global 197	global197:?
Global 198	global198:?
Global 199	global199:?
Global 200	global200:?
Global 201	global201:?
Global 202	global202:?
Global 203	global203:?
Global 204	global204:?
Global 205	global205:?
Global 206	global206:?
Global 207	global207:?
Global 208	global208:?
Global 209	global209:?
Global 210	global210:?
Global 211	global211:?
Global 212	global212:?
Global 213	global213:?
Global 214	global214:?
Global 215	global215:?
Global 216	global216:?
Global 217	global217:?
Global 218	global218:?
Global 219	global219:?
Global 220	global220:?
Global 221	global221:?
Global 222	global222:?
Global 223	global223:?
Global 224	global224:?
Global 225	global225:?
Global 226	global226:?
Global 227	global227:?
Global 228	global228:?
Global 229	global229:?
Global 230	global230:?
Global 231	global231:?
Global 232	global232:?
Global 233	global233:?
Global 234	global234:?
Global 235	global235:?
Global 236	global236:?
Global 237	global237:?
Global 238	global238:?
Global 239	global239:?

Action 0	Look		! 'l//'/'look'
Action 1	Answer		! 'answer' topic 'to' creature
				! 'say'/'speak' topic 'to' creature
				! 'shout' topic 'at'/'to' creature
				!  topic 'to' creature
Action 3	Attack		! 'beat'/'kick'/'poke'/'prod'/'slap'/'spank' noun
				! 'beat'/'kick'/'poke'/'prod'/'slap'/'spank' noun 'with' scope=routine161808
				! 'attack'/'break'/'crack'/'destroy'/'fight'/'hit'/'murder'/'punch'/'smash'/'thump'/'wreck' noun
				! 'attack'/'break'/'crack'/'destroy'/'fight'/'hit'/'murder'/'punch'/'smash'/'thump'/'wreck' noun 'with' scope=routine161808
Action 4	Blow		! 'huff'/'puff' 'at' noun
				! 'huff'/'puff' 'and' 'puff' 'at' noun
				! 'blow' 'on'/'at'/'in' noun
				! 'blow' noun
Action 5	Burn		! 'cook' noun
				! 'cook' noun 'with' scope=routine161968
				! 'cook' scope=routine161968 'with' noun
				! 'cook' noun 'with' held
				! 'cook' held 'with' noun
				! 'adjust'/'set' noun 'on' 'fire'
				! 'adjust'/'set' noun 'on' 'fire' 'with'/'using' scope=routine161968
				! 'adjust'/'set' scope=routine161968 'on' 'fire' 'with'/'using' noun
				! 'adjust'/'set' noun 'on' 'fire' 'with'/'using' held
				! 'adjust'/'set' held 'on' 'fire' 'with'/'using' noun
				! 'burn'/'light' noun
				! 'burn'/'light' noun 'with' scope=routine161968
				! 'burn'/'light' scope=routine161968 'with' noun
				! 'burn'/'light' noun 'with' held
				! 'burn'/'light' held 'with' noun
				! 'burn'/'light' noun
				! 'burn'/'light' noun 'on' 'fire'
				! 'burn'/'light' noun 'with'/'using' scope=routine161968
				! 'burn'/'light' scope=routine161968 'with'/'using' noun
				! 'burn'/'light' noun 'with'/'using' held
				! 'burn'/'light' held 'with'/'using' noun
				! 'burn'/'light' noun 'on' 'fire' 'with'/'using' scope=routine161968
				! 'burn'/'light' scope=routine161968 'on' 'fire' 'with'/'using' noun
				! 'burn'/'light' noun 'on' 'fire' 'with'/'using' held
				! 'burn'/'light' held 'on' 'fire' 'with'/'using' noun
Action 6	Buy		! 'buy'/'purchase' noun
Action 7	Climb		! 'climb'/'scale' noun
				! 'climb'/'scale' 'up'/'over' noun
Action 8	Close		! 'close'/'cover'/'shut' noun
				! 'close'/'cover'/'shut' 'up' noun
Action 9	CommandsOff	! 'recording' 'off'
Action 10	CommandsOn	! 'recording'
				! 'recording' 'on'
Action 11	CommandsRead	! 'replay'
Action 12	Consult		! 'l//'/'look' 'up' topic 'in' noun
				! 'consult' noun 'about' topic
				! 'consult' noun 'on' topic
Action 13	Cut		! 'chop'/'cut'/'prune'/'slice' noun
Action 14	Dig		! 'dig'
Action 15	Disrobe		! 'take' 'off' worn
				! 'take' worn 'off'
				!  'off' worn
				!  worn 'off'
				! 'disrobe'/'doff'/'shed' held
				! 'remove' held
Action 16	Drink		! 'drink'/'sip' 'from' noun
				! 'drink'/'sip' noun
Action 17	Drop		! 'put' 'down' multiheld
				! 'put' multiheld 'down'
				! 'discard'/'drop' multiheld
Action 18	Eat		! 'bite' scope=routine161584
				! 'bite' held
				! 'chew'/'lick' scope=routine161584
				! 'chew'/'lick' held
				! 'taste' scope=routine161584
				! 'taste' held
				! 'eat' scope=routine161584
				! 'eat' held
Action 20	Enter		! 'get' 'in'/'into'/'on'/'onto' noun
				! 'step' 'in'/'into' noun
				! 'stand' 'in' noun
				! 'lie'/'sit' 'on' 'top' 'of' noun
				! 'lie'/'sit' 'on'/'in'/'inside' noun
				! 'leave' 'into'/'in'/'inside'/'through' noun
				! 'go'/'run'/'walk' noun
				! 'go'/'run'/'walk' 'into'/'in'/'inside'/'through' noun
				!  'in'/'into'/'on'/'onto' noun
				! 'enter' noun
				! 'climb'/'scale' 'into'/'in'/'inside' noun
Action 21	Examine		! 'l//'/'look' 'at' noun
				! 'l//'/'look' noun=routine167784
				! 'l//'/'look' 'to' noun=routine167784
				! 'check'/'describe'/'examine'/'watch'/'x//' noun
Action 22	Exit		! 'get' 'down'
				! 'get' 'out'/'off'/'up'
				! 'leave' noun
				!  'out'/'off'/'up'
				! 'exit'/'out'/'outside'
				! 'exit'/'out'/'outside' noun
Action 23	Fill		! 'scoop' noun 'with'/'into' noun
				! 'scoop' 'up' noun 'with'/'into' noun
				! 'scoop' noun 'up' 'with'/'into' noun
				! 'pour' noun 'into'/'in' noun
				! 'pour' 'out' noun 'into'/'in' noun
				! 'transfer' noun 'to' noun
				! 'fill' noun
				! 'fill' noun 'from'/'with' noun
				! 'empty' noun 'to'/'in'/'into' noun
				! 'empty' noun 'on'/'onto' noun
Action 24	FullScore	! 'full'/'fullscore'
				! 'full'/'fullscore' 'score'
Action 25	GetOff		! 'get' 'off' noun
				!  'off' noun
Action 26	Give		! 'feed' creature held
				! 'feed' creature scope=routine161752
				! 'feed' held 'to' creature
				! 'feed' scope=routine161752 'to' creature
				! 'give'/'offer'/'pay' scope=routine161752 'to' creature
				! 'give'/'offer'/'pay' creature scope=routine161752
				! 'give'/'offer'/'pay' 'over' scope=routine161752 'to' creature
				! 'give'/'offer'/'pay' held 'to' creature
				! 'give'/'offer'/'pay' creature held
				! 'give'/'offer'/'pay' 'over' held 'to' creature
Action 27	Go		! 'leave' noun=routine167784
				! 'go'/'run'/'walk' noun=routine167784
Action 28	Insert		! 'dip'/'dunk' held 'in'/'inside'/'into' noun
				! 'toss' multiexcept 'in'/'inside'/'into' noun
				! 'throw' multiexcept 'in'/'inside'/'into' noun
				! 'stick' multiexcept 'in'/'inside'/'into' noun
				! 'reach' 'into'/'in' noun 'with' held
				! 'reach' held 'in'/'into' noun
				! 'feel'/'fondle'/'grope'/'touch' 'in'/'inside' noun 'with' held
				! 'put' multiexcept 'in'/'inside'/'into' noun
				! 'insert' multiexcept 'in'/'into' noun
				! 'discard'/'drop' multiexcept 'in'/'into'/'down' noun
Action 29	Inv		! 'i//'
				! 'take' 'inventory'
				!  'inventory'
				! 'inv'/'inventory'
Action 30	Jump		! 'hop'/'jump'/'skip'
Action 31	JumpOver	! 'vault' noun
				! 'vault' noun 'with' held
				! 'vault' 'over' noun
				! 'vault' 'over' noun 'with' held
				! 'cross' noun
				! 'hop'/'jump'/'skip' 'over' noun
				! 'hop'/'jump'/'skip' noun
Action 32	Tie		! 'attach'/'fasten'/'tie' noun
				! 'attach'/'fasten'/'tie' noun 'to' noun
Action 33	Kiss		! 'molest' creature
				! 'embrace'/'hug'/'kiss' creature
Action 34	Listen		! 'hear'/'listen'
				! 'hear'/'listen' noun
				! 'hear'/'listen' 'to' noun
				! 'hear'/'listen' 'for' noun
Action 36	LMode2		! 'short'/'superbrie'
				! 'long'/'verbose'
				! 'brief'/'normal'
Action 38	Lock		! 'lock' noun 'with' held
Action 39	LookUnder	! 'l//'/'look' 'under' noun
Action 40	Mild		! 'dross'
				! 'dummy'/'idiot'/'stupid' topic
				! 'bother'/'curses'/'darn'/'drat'
				! 'bother'/'curses'/'darn'/'drat' topic
Action 41	No		! 'nah'/'never'/'nope'
				! 'no'
Action 42	Yes		! 'nod'/'ok'/'sure'/'yeah'/'yup'
				! 'y//'/'yes'
Action 43	NotifyOff	! 'notify' 'off'
Action 44	NotifyOn	! 'notify'
				! 'notify' 'on'
Action 45	Objects		! 'objects'
Action 46	Open		! 'open'/'uncover'/'undo'/'unwrap' noun
Action 47	Places		! 'places'
Action 48	Pray		! 'pray'
Action 49	Pronouns	! 'nouns'/'pronouns'
Action 50	Pull		! 'drag'/'pull' noun
Action 51	Push		! 'nudge'/'straighte' noun
				! 'clear'/'move'/'press'/'push'/'shift' noun
Action 52	Turn		! 'rotate'/'screw'/'turn'/'twist'/'unscrew' noun
Action 53	PushDir		! 'clear'/'move'/'press'/'push'/'shift' noun noun
Action 54	PutOn		! 'stick' multiexcept 'on'/'onto' noun
				! 'stick' held 'over'/'across' noun
				! 'put' multiexcept 'on'/'onto' noun
				! 'put' held 'over'/'across' noun
				! 'discard'/'drop' multiexcept 'on'/'onto' noun
Action 55	Quit		! 'die'/'q//'/'quit'
Action 56	Remove		! 'get' multiinside 'from' noun
				! 'catch'/'grab'/'pin'/'steal'/'swipe'/'trap' multiinside 'from' noun
				! 'catch'/'grab'/'pin'/'steal'/'swipe'/'trap' multiinside 'off' noun
				! 'take' multiinside 'from' noun
				! 'take' multiinside 'off' 'of' noun
				! 'take' multiinside 'off' noun
				!  multiinside 'from' noun
				!  multiinside 'off' 'of' noun
				!  multiinside 'off' noun
				! 'remove' multiinside 'from' noun
				!  multiinside 'from' noun
Action 57	Restart		! 'restart'
Action 58	Restore		! 'restore'
Action 59	Rub		! 'dust'/'polish'/'rub'/'scrub'/'shine'/'sweep'/'wipe' noun
Action 60	Save		! 'save'
Action 61	Score		! 'score'
Action 62	ScriptOff	! 'noscript'/'unscript'
				! 'script'/'transcrip' 'off'
Action 63	ScriptOn	! 'script'/'transcrip'
				! 'script'/'transcrip' 'on'
Action 64	Search		! 'search' noun
				! 'l//'/'look' 'inside'/'in'/'into'/'through'/'on' noun
Action 65	Set		! 'adjust'/'set' noun
Action 66	SetTo		! 'adjust'/'set' noun 'to' special
Action 67	Show		! 'display'/'present'/'show' creature scope=routine161752
				! 'display'/'present'/'show' scope=routine161752 'to' creature
				! 'display'/'present'/'show' creature held
				! 'display'/'present'/'show' held 'to' creature
Action 68	Sing		! 'la'/'lalala'
				! 'la'/'lalala' 'la'
				! 'la'/'lalala' 'la' 'la'
				! 'torture' creature
				! 'sing'
				! 'sing' 'at'/'to' noun
Action 69	Sleep		! 'snooze'
				! 'nap'/'sleep'
Action 70	Smell		! 'snort' noun
				! 'smell'/'sniff'
				! 'smell'/'sniff' noun
Action 71	Sorry		! 'apologise'/'apologize' 'to' creature
				! 'sorry'
Action 72	Squeeze		! 'wring' noun
				! 'wring' 'out' noun
				! 'wring' noun 'out'
				! 'wring' noun 'over'/'into' noun
				! 'wring' noun 'out' 'over'/'into' noun
				! 'squidge'/'squish' noun
				! 'squidge'/'squish' noun 'over'/'into' noun
				! 'squash'/'squeeze' noun
				! 'squash'/'squeeze' 'out' noun
				! 'squash'/'squeeze' noun 'out'
				! 'squash'/'squeeze' noun 'over'/'into' noun
				! 'squash'/'squeeze' noun 'out' 'over'/'into' noun
Action 73	Strong		! 'curse'
				! 'curse' topic
				! 'dummy'/'idiot'/'stupid'
				! 'dummy'/'idiot'/'stupid' creature
				! 'damn'/'fuck'/'shit'/'sod'
				! 'damn'/'fuck'/'shit'/'sod' topic
Action 74	Swim		! 'have' 'bath'
				! 'have' 'a//' 'bath'
				! 'take' 'bath'
				! 'take' 'a//' 'bath'
				! 'bathe'
				! 'dive'/'swim'
				! 'dive'/'swim' 'in' noun
				! 'dive'/'swim' noun
Action 75	Swing		! 'wave' held
				! 'swing' held
Action 76	SwitchOff	! 'rotate'/'screw'/'turn'/'twist'/'unscrew' noun 'off'
				! 'rotate'/'screw'/'turn'/'twist'/'unscrew' 'off' noun
				! 'switch' noun 'off'
				! 'switch' 'off' noun
				! 'close'/'cover'/'shut' 'off' noun
Action 77	SwitchOn	! 'rotate'/'screw'/'turn'/'twist'/'unscrew' noun 'on'
				! 'rotate'/'screw'/'turn'/'twist'/'unscrew' 'on' noun
				! 'switch' noun
				! 'switch' noun 'on'
				! 'switch' 'on' noun
Action 78	Take		! 'waylay' creature
				! 'wrestle' creature
				! 'wrestle' 'with' creature
				! 'get' multi
				! 'get' noun 'with' scope=routine161808
				! 'get' noun 'in' scope=routine161808
				! 'catch'/'grab'/'pin'/'steal'/'swipe'/'trap' multi
				! 'catch'/'grab'/'pin'/'steal'/'swipe'/'trap' noun 'with' scope=routine161808
				! 'take' multi
				! 'take' noun 'with' scope=routine161808
				! 'take' noun 'in' scope=routine161808
				! 'scoop' noun
				! 'scoop' 'up' noun
				!  multi
				!  noun 'with' scope=routine161808
				!  noun 'in' scope=routine161808
				! 'remove' multi
				! 'remove' noun 'with' scope=routine161808
				! 'pick' 'up' multi
				! 'pick' multi 'up'
				! 'pick' noun 'up' 'with' scope=routine161808
				! 'pick' 'up' noun 'with' scope=routine161808
				! 'pick' noun 'up' 'in' scope=routine161808
				! 'pick' 'up' noun 'in' scope=routine161808
				! 'peel' noun
				! 'peel' 'off' noun
				! 'peel' noun 'with' scope=routine161808
				!  multi
				!  noun 'with' scope=routine161808
				!  noun 'in' scope=routine161808
Action 81	Think		! 'consider'/'contempla'
				! 'consider'/'contempla' topic
				! 'consider'/'contempla' 'about' topic
				! 'think'
				! 'think' 'about' topic
Action 82	ThrowAt		! 'toss' noun 'at'/'against'/'on'/'onto' noun
				! 'throw' noun 'at'/'against'/'on'/'onto' noun
				! 'discard'/'drop' held 'at'/'against'/'on'/'onto' noun
Action 83	Touch		! 'pet'/'scratch' noun
				! 'reach' 'into'/'in' noun
				! 'reach' 'into'/'in' noun 'with' scope=routine161808
				! 'feel'/'fondle'/'grope'/'touch' noun
				! 'feel'/'fondle'/'grope'/'touch' noun 'with' scope=routine161808
				! 'feel'/'fondle'/'grope'/'touch' 'in'/'inside' noun
				! 'feel'/'fondle'/'grope'/'touch' 'in'/'inside' noun 'with' scope=routine161808
				! 'dust'/'polish'/'rub'/'scrub'/'shine'/'sweep'/'wipe' noun 'with' scope=routine161808
Action 84	Unlock		! 'unlock' noun 'with' held
				! 'force'/'jemmy'/'lever'/'prise'/'prize'/'pry' noun 'with' held
				! 'force'/'jemmy'/'lever'/'prise'/'prize'/'pry' 'apart'/'open' noun 'with' held
				! 'force'/'jemmy'/'lever'/'prise'/'prize'/'pry' noun 'apart'/'open' 'with' held
Action 85	VagueGo		! 'leave'
				! 'go'/'run'/'walk'
Action 86	Verify		! 'verify'
Action 87	Wait		! 'relax'/'rest'
				! 'wait'/'z//'
Action 88	Wake		! 'awake'/'awaken'/'wake'
				! 'awake'/'awaken'/'wake' 'up'
Action 89	WakeOther	! 'awake'/'awaken'/'wake' creature
				! 'awake'/'awaken'/'wake' creature 'up'
				! 'awake'/'awaken'/'wake' 'up' creature
Action 92	Wear		! 'don'/'wear' held
				! 'put' 'on' held
Action 93	AskTo		! 'tell' creature 'to' topic
				! 'ask' creature 'to' topic
				! 'ask' 'that' creature topic
Action 94	AskFor		! 'a//'/'t//' creature 'for' scope=routine161848
				! 'ask' creature 'for' scope=routine161848
Action 95	Talk		! 'complain' 'to'/'at' creature 'about' scope=routine161536
				! 'complain' 'about' scope=routine161536
				! 'a//'/'t//' scope=routine161536
				! 'a//'/'t//' creature 'about' scope=routine161536
				! 'a//'/'t//' creature 'about'/'who'/'what'/'where'/'when'/'how'/'if' scope=routine161536
				! 'a//'/'t//' creature 'about' 'who'/'what'/'where'/'when'/'how'/'if' scope=routine161536
				! 'a//'/'t//' 'to' creature 'about' scope=routine161536
				! 'a//'/'t//' 'to' creature 'about' 'who'/'what'/'where'/'when'/'how'/'if' scope=routine161536
				! 'a//'/'t//' 'about' scope=routine161536
				! 'a//'/'t//' 'about'/'who'/'what'/'where'/'when'/'how'/'if' scope=routine161536
				! 'a//'/'t//' 'about' 'who'/'what'/'where'/'when'/'how'/'if' scope=routine161536
				! 'talk' 'to' creature 'about' scope=routine161536
				! 'talk' 'to' creature 'about' 'who'/'what'/'where'/'when'/'how'/'if' scope=routine161536
				! 'talk' 'about' scope=routine161536
				! 'talk' 'about' 'who'/'what'/'where'/'when'/'how'/'if' scope=routine161536
				! 'talk' scope=routine161536
				! 'tell' creature 'about' scope=routine161536
				! 'tell' 'about'/'who'/'what'/'where'/'when'/'how'/'if'/'that' scope=routine161536
				! 'tell' 'about' 'who'/'what'/'where'/'when'/'how'/'if'/'that' scope=routine161536
				! 'tell' creature 'about' 'who'/'what'/'where'/'when'/'how'/'if'/'that' scope=routine161536
				! 'tell' creature scope=routine161536
				! 'tell' scope=routine161536 'to' creature
				! 'tell' creature 'about'/'who'/'what'/'where'/'when'/'how'/'if'/'that' scope=routine161536
				! 'ask' creature 'about' scope=routine161536
				! 'ask' 'about'/'who'/'what'/'where'/'when'/'how'/'if' scope=routine161536
				! 'ask' 'about' 'who'/'what'/'where'/'when'/'how'/'if' scope=routine161536
				! 'ask' creature 'about' 'who'/'what'/'where'/'when'/'how'/'if' scope=routine161536
				! 'ask' creature scope=routine161536
				! 'ask' creature 'about'/'who'/'what'/'where'/'when'/'how'/'if' scope=routine161536
Action 96	Greet		! 'greet'/'hello'/'hi'
				! 'greet'/'hello'/'hi' creature
				! 'a//'/'t//'
				! 'a//'/'t//' 'to' creature
				! 'talk'
				! 'talk' 'to' creature
				! 'answer' 'to' creature
				! 'say'/'speak' 'to' creature
				! 'wave'
				! 'wave' 'at'/'to' creature
Action 97	Shout		! 'arr'/'arrr'/'arrrr'/'growl'/'grr'/'grrr'/'grrrr'/'rar'/'rarr'/'rarrr'/'roar'/'rrr'/'rrrr'/'scream'/'yell'
				! 'arr'/'arrr'/'arrrr'/'growl'/'grr'/'grrr'/'grrrr'/'rar'/'rarr'/'rarrr'/'roar'/'rrr'/'rrrr'/'scream'/'yell' 'at' creature
				! 'shout'
				! 'shout' 'at'/'to' creature
Action 98	Oink		! 'snort'
				! 'grunt'/'knio'/'oink'/'squeal'
				! 'grunt'/'knio'/'oink'/'squeal' 'at' creature
				! 'a//'/'t//' 'piglish'
				! 'a//'/'t//' 'piglish' 'at'/'to' creature
				! 'talk' 'piglish'
				! 'talk' 'piglish' 'at'/'to' creature
Action 102	Seek		! 'goto' scope=routine161888
				! 'goto' noun
				! 'find'/'follow'/'seek' scope=routine161888
				! 'find'/'follow'/'seek' noun
				! 'search' 'for' scope=routine161888
				! 'search' 'for' noun
				! 'l//'/'look' 'for' scope=routine161888
				! 'l//'/'look' 'for' noun
				! 'go'/'run'/'walk' 'to' scope=routine161888
				! 'go'/'run'/'walk' 'to' noun
				! 'go'/'run'/'walk' 'back' 'to' scope=routine161888
				! 'go'/'run'/'walk' 'back' 'to' noun
				! 'go'/'run'/'walk' scope=routine161888
				! 'go'/'run'/'walk' noun
Action 103	Extinguish	! 'douse'/'extinguis'/'smother' noun
				! 'douse'/'extinguis'/'smother' noun 'with'/'in' noun
				! 'put' 'out' noun
				! 'put' 'out' noun 'with'/'in' noun
				! 'put' noun 'out'
				! 'put' noun 'out' 'with'/'in' noun
				! 'blow' 'out' noun
				! 'blow' noun 'out'
Action 104	TouchWith	! 'reach' noun 'with' held
				! 'point' 'at' noun 'with' held
				! 'point' held 'at' noun
				! 'feel'/'fondle'/'grope'/'touch' noun 'with' held
				! 'feel'/'fondle'/'grope'/'touch' held 'to' noun
				! 'dust'/'polish'/'rub'/'scrub'/'shine'/'sweep'/'wipe' noun 'with' held
				! 'dust'/'polish'/'rub'/'scrub'/'shine'/'sweep'/'wipe' held 'on'/'over'/'across' noun
				! 'clear'/'move'/'press'/'push'/'shift' noun 'with' held
Action 105	Pour		! 'pour' noun 'onto'/'on' noun
				! 'pour' 'out' noun 'onto'/'on' noun
Action 106	Clean		! 'wash' noun
				! 'wash' noun 'with'/'in' noun
				! 'clean' noun
				! 'clean' noun 'with'/'in' noun
Action 107	Empty		! 'pour' noun
				! 'pour' 'out' noun
				! 'empty' noun
				! 'empty' 'out' noun
				! 'empty' noun 'out'
Action 108	Spit		! 'drool'/'spit'
				! 'drool'/'spit' 'at'/'in'/'on' noun
Action 109	AttackWith	! 'beat'/'kick'/'poke'/'prod'/'slap'/'spank' noun 'with' held
				! 'beat'/'kick'/'poke'/'prod'/'slap'/'spank' held 'at' noun
				! 'attack'/'break'/'crack'/'destroy'/'fight'/'hit'/'murder'/'punch'/'smash'/'thump'/'wreck' noun 'with' held
Action 110	TakeWith	! 'get' noun 'with' held
				! 'get' noun 'in' held
				! 'catch'/'grab'/'pin'/'steal'/'swipe'/'trap' noun 'with' held
				! 'take' noun 'with' held
				! 'take' noun 'in' held
				!  noun 'with' held
				!  noun 'in' held
				! 'remove' noun 'with' held
				! 'pick' 'up' noun 'with' held
				! 'pick' noun 'up' 'with' held
				! 'pick' 'up' noun 'in' held
				! 'pick' noun 'up' 'in' held
				! 'peel' noun 'with' held
				!  noun 'with' held
				!  noun 'in' held
Action 111	Play		! 'play'
				! 'play' noun
				! 'play' 'with'/'on'/'in' noun
Action 112	Goodbye		! 'good' 'bye'
				! 'bye'/'farewell'/'good-bye'/'goodbye'
Action 113	Smile		! 'grin'/'smile'/'smirk'
				! 'grin'/'smile'/'smirk' 'at'/'to' creature
Action 114	Frown		! 'cry'/'frown'/'grimace'/'scowl'/'sniffle'/'sob'
				! 'cry'/'frown'/'grimace'/'scowl'/'sniffle'/'sob' 'at'/'to' creature
Action 115	Ztorf		! 'ztorf'
				!  'ztorf'
Action 116	Zobleb		! 'zobleb'
				!  'zobleb'
Action 117	Thank		! 'thank'/'thanks'
				! 'thank'/'thanks' creature
				! 'thank'/'thanks' 'you'
				! 'thank'/'thanks' 'you' creature
Action 118	Grumble		! 'complain' 'to'/'at' creature
				! 'bah'/'grumble'/'sigh'
				! 'bah'/'grumble'/'sigh' 'at'/'to' creature
Action 119	Threaten	! 'scare'/'threaten' creature
Action 120	Call		! 'call' noun
				! 'call' scope=routine161888
				! 'call' 'to'/'for' noun
				! 'call' 'to'/'for' scope=routine161888
				! 'shout' 'for' noun
				! 'shout' 'for' scope=routine161888
Action 121	Count		! 'count' noun
Action 122	Flip		! 'flip' held
Action 123	Splash		! 'drown'/'splash' creature
				! 'drown'/'splash' creature 'with'/'in' noun
				! 'drown'/'splash' noun 'on'/'at' creature
Action 124	Kill		! 'torture' creature 'with' scope=routine161808
				! 'torture' creature 'with' held
				! 'kill' creature
				! 'kill' creature 'with' scope=routine161808
				! 'kill' creature 'with' held
Action 125	Chase		! 'chase' noun
				! 'chase' 'after' noun
				! 'chase' noun noun
Action 126	Swallow		! 'swallow' noun
Action 127	Yawn		! 'yawn'
Action 128	BodilyFunction	! 'burp'/'fart'
Action 129	Menu		! 'about'/'author'/'clue'/'clues'/'credit'/'credits'/'help'/'hint'/'hints'/'info'/'menu'/'walkthrou'/'walkthru'
Action 130	Warm		! 'heat'/'warm' 'up' noun
				! 'heat'/'warm' noun 'up'
				! 'heat'/'warm' noun
				! 'heat'/'warm' 'up' noun 'with' held
				! 'heat'/'warm' noun 'up' 'with' held
				! 'heat'/'warm' noun 'with' held
				! 'heat'/'warm' 'up' held 'with' noun
				! 'heat'/'warm' held 'up' 'with' noun
				! 'heat'/'warm' held 'with' noun
Action 131	WarmSelf	! 'heat'/'warm' 'up'
				! 'heat'/'warm' 'up' 'by' noun
				! 'heat'/'warm' 'up' 'over' 'by' noun
				! 'heat'/'warm' 'up' 'with' noun
Action 132	Stand		! 'back'
				! 'back' 'up'
				! 'back' 'back'
				! 'back' 'away' 'from' noun
				! 'step'
				! 'step' 'up'
				! 'step' 'back'
				! 'step' 'away' 'from' noun
				! 'step' 'near' noun
				! 'step' 'next' 'to' noun
				! 'stand'
				! 'stand' 'up'
				! 'stand' 'back'
				! 'stand' 'by'
				! 'stand' 'by' noun
				! 'stand' 'away' 'from' noun
				! 'stand' 'near' noun
				! 'stand' 'next' 'to' noun
Action 133	Tear		! 'rip'/'tear' noun
				! 'rip'/'tear' noun 'with' scope=routine161808
				! 'chop'/'cut'/'prune'/'slice' noun 'with' scope=routine161808
Action 134	TearWith	! 'rip'/'tear' noun 'with' held
				! 'chop'/'cut'/'prune'/'slice' noun 'with' held
Action 135	Throw		! 'toss' held
				! 'throw' held
Action 136	Draw		! 'draw' noun
				! 'draw' noun 'with' noun
				! 'draw' topic
Action 137	StandOn		! 'step' 'on'/'onto' noun
				! 'stand' 'on' noun
				! 'hop'/'jump'/'skip' 'on'/'at' noun
Action 138	Repair		! 'repair' noun
				! 'fix' noun
Action 139	Declaim		! 'declaim'/'deliver'
				! 'declaim'/'deliver' 'monologue'/'monologue'
				! 'declaim'/'deliver' 'monologue'/'monologue' 'to' 'wall'
				! 'declaim'/'deliver' 'monologue'/'monologue' 'at' 'wall'
				! 'declaim'/'deliver' 'monologue'/'monologue' 'from' 'table'/'tabletop'/'top'
				! 'declaim'/'deliver' 'from' 'table'/'tabletop'
				! 'declaim'/'deliver' 'from' 'table' 'top'
				! 'declaim'/'deliver' 'to' 'wall'
				! 'declaim'/'deliver' 'at' 'wall'
Action 140	UnlockKeyless	! 'unlock' noun
Action 141	LockKeyless	! 'lock' noun
Action 142	GoIn		! 'in'/'inside'
				! 'enter'
Action 143	Cough		! 'cough'
Action 144	Groan		! 'groan'/'ugh'/'ugh!'/'uh'/'um'
				! 'groan'/'ugh'/'ugh!'/'uh'/'um' topic
Action 145	Xyzzy		! 'frotz'/'plover'/'plugh'/'rezrov'/'wazzum'/'xyzzy'/'yoho'/'zarf'/'zork'
				! 'frotz'/'plover'/'plugh'/'rezrov'/'wazzum'/'xyzzy'/'yoho'/'zarf'/'zork' topic
				!  'xyzzy'/'plover'/'plugh'/'frotz'/'rezrov'/'yoho'/'zork'/'wazzum'/'zarf'
				!  'xyzzy'/'plover'/'plugh'/'frotz'/'rezrov'/'yoho'/'zork'/'wazzum'/'zarf' topic
Action 146	Dry		! 'dry' noun
				! 'dry' 'off' noun
				! 'dry' noun 'off'
				! 'dry' held 'with' noun
				! 'dry' 'off' held 'with' noun
				! 'dry' held 'off' 'with' noun
				! 'dry' noun 'with' held
				! 'dry' 'off' noun 'with' held
				! 'dry' noun 'off' 'with' held
				! 'dry' held 'on' noun
				! 'dry' held 'off' 'on' noun
				! 'dry' noun 'on' held
				! 'dry' noun 'off' 'on' held
Action 147	Topics		! 'topic'/'topics'
				! 'topic'/'topics' creature
Action 148	Version		! 'version'
Action 149	InvTall		! 'i//' 'tall'
				! 'inv'/'inventory' 'tall'
Action 150	InvWide		! 'i//' 'wide'
				! 'inv'/'inventory' 'wide'
Action 151	Read		! 'read' noun
Action 152	Laugh		! 'ha'/'ha!'/'haw'/'hee'/'laugh'
				! 'ha'/'ha!'/'haw'/'hee'/'laugh' noun
				! 'ha'/'ha!'/'haw'/'hee'/'laugh' 'at' noun
				! 'ha'/'ha!'/'haw'/'hee'/'laugh' 'ha'/'haw'/'ha!'/'hee'
				! 'ha'/'ha!'/'haw'/'hee'/'laugh' 'ha'/'haw'/'hee' noun
				! 'ha'/'ha!'/'haw'/'hee'/'laugh' 'ha'/'haw'/'hee' 'ha'/'haw'/'ha!'/'hee'
				! 'ha'/'ha!'/'haw'/'hee'/'laugh' 'ha'/'haw'/'hee' 'ha'/'haw'/'ha!'/'hee' noun
				! 'ha'/'ha!'/'haw'/'hee'/'laugh' 'ha'/'haw'/'hee' 'ha'/'haw'/'hee' 'ha'/'haw'/'ha!'/'hee'
				! 'ha'/'ha!'/'haw'/'hee'/'laugh' 'ha'/'haw'/'hee' 'ha'/'haw'/'hee' 'ha'/'haw'/'ha!'/'hee' noun
				! 'ha'/'ha!'/'haw'/'hee'/'laugh' 'ha'/'haw'/'hee' 'ha'/'haw'/'hee' 'ha'/'haw'/'hee' 'ha'/'haw'/'ha!'/'hee'
				! 'ha'/'ha!'/'haw'/'hee'/'laugh' 'ha'/'haw'/'hee' 'ha'/'haw'/'hee' 'ha'/'haw'/'hee' 'ha'/'haw'/'hee' noun
				! 'stick' 'out' 'tongue'
				! 'stick' 'tongue' 'out'
				! 'stick' 'out' 'tongue' 'at' noun
				! 'stick' 'tongue' 'out' 'at' noun
Action 153	Hold		! 'carry' multi
				! 'hold' multi
				! 'equip'/'wield' noun
Action 154	PushIn		! 'clear'/'move'/'press'/'push'/'shift' noun 'in'/'into'/'to'/'toward' noun
Action 155	DrinkNounless	! 'drink'/'sip'
Action 156	TellYes		! 'answer' creature
Action 157	AskForNounless	! 'a//'/'t//' 'for' scope=routine161848
				! 'ask' 'for' scope=routine161848
Action 158	LookBehind	! 'l//'/'look' 'behind' noun
Action 159	NodAt		! 'nod'/'ok'/'sure'/'yeah'/'yup' 'at'/'to' creature
Action 160	ShowInanimate	! 'display'/'present'/'show' noun held
				! 'display'/'present'/'show' held 'to' noun
				! 'display'/'present'/'show' noun held
				! 'display'/'present'/'show' held 'to' noun
Action 161	Whistle		! 'whistle'
Action 162	GiveFakeMultiple ! 'give'/'offer'/'pay' topic 'and' topic
Action 163	Exits		! 'exits'
Action 164	Sneeze		! 'sneeze'
Action 165	Hide		! 'hide'
				! 'hide' 'behind'/'under'/'in' noun
				! 'get' 'behind'/'under'/'in' noun
				! 'go'/'run'/'walk' 'behind'/'under'/'in' noun
Action 166	Shrug		! 'i//' 'dont'/'don^t' 'know'/'know!'
				! 'i//' 'dunno'/'dunno!'
				! 'dunno'/'shrug'
Action 167	Stretch		! 'stretch'
				! 'stretch' 'out'
				! 'stretch' scope=routine161808
				! 'stretch' noun=routine162016
Action 168	SitAt		! 'lie'/'sit' 'at' noun
Action 169	Shake		! 'rock'/'shake' noun
Action 170	Smoke		! 'smoke' held
Action 171	Dance		! 'dance'
				! 'dance' 'with' creature
Action 172	Remember	! 'remember' topic
Action 173	Yay		! 'hooray'/'hurrah'/'hurray'/'woo'/'woohoo'/'wooo'/'woot'/'yay'
				! 'hooray'/'hurrah'/'hurray'/'woo'/'woohoo'/'wooo'/'woot'/'yay' 'for' noun
				! 'hooray'/'hurrah'/'hurray'/'woo'/'woohoo'/'wooo'/'woot'/'yay' noun
Action 174	OpenWith	! 'open'/'uncover'/'undo'/'unwrap' noun 'with' held
Action 175	TopicsOn	! 'topic'/'topics' 'on'
Action 176	TopicsOff	! 'topic'/'topics' 'off'
Action 177	PawAt		! 'paw' noun
				! 'paw' 'at' noun
Action 178	Hiccup		! 'hiccough'/'hiccup'
Action 179	Earn		! 'earn' topic
Action 180	Fly		! 'fly'
				! 'fly' 'up'
				! 'fly' 'away'
Action 181	Excrete		! 'crap'/'pee'/'piss'/'poop'/'wee'/'wizz'
				! 'crap'/'pee'/'piss'/'poop'/'wee'/'wizz' 'on'/'in' noun
Action 182	Win		! 'win'
				! 'win' 'game'
				! 'win' 'story'
				! 'win' 'lost' 'pig'

Word	$#	$#
Word	.another	.another
Word	addiction	addiction
Word	addictive	addictive
Word	adventure	adventure
Word	adventuri	adventuri
Word	alchemica	alchemica
Word	alchemist	alchemist
Word	andouille	andouille
Word	apologise	apologise
Word	apologize	apologize
Word	arithmeti	arithmeti
Word	artefacts	artefacts
Word	artifacts	artifacts
Word	auto-bak	auto-bak
Word	autobaker	autobaker
Word	beautiful	beautiful
Word	bempiddle	bempiddle
Word	betateste	betateste
Word	betatesti	betatesti
Word	blackened	blackened
Word	blueberry	blueberry
Word	book-bin	book-bin
Word	breakfast	breakfast
Word	brickdata	brickdata
Word	brother'	brother'
Word	burn-pro	burn-pro
Word	burnproof	burnproof
Word	capturing	capturing
Word	caterwaul	caterwaul
Word	character	character
Word	chemistry	chemistry
Word	chromatic	chromatic
Word	classical	classical
Word	clevernes	clevernes
Word	competiti	competiti
Word	complaint	complaint
Word	complexes	complexes
Word	component	component
Word	confirmat	confirmat
Word	confusing	confusing
Word	container	container
Word	contempla	contempla
Word	contracto	contracto
Word	contrapti	contrapti
Word	corrosion	corrosion
Word	daffodils	daffodils
Word	daughters	daughters
Word	dehydrate	dehydrate
Word	different	different
Word	digestion	digestion
Word	digestive	digestive
Word	distillat	distillat
Word	distilled	distilled
Word	distillin	distillin
Word	economics	economics
Word	everythin	everythin
Word	experienc	experienc
Word	explorati	explorati
Word	exploring	exploring
Word	explosion	explosion
Word	extinguis	extinguis
Word	fade-pro	fade-pro
Word	fadeproof	fadeproof
Word	father's	father's
Word	fire-pro	fire-pro
Word	fireproof	fireproof
Word	footprint	footprint
Word	formidabl	formidabl
Word	four-ele	four-ele
Word	frebensal	frebensal
Word	fruitcake	fruitcake
Word	fullmetal	fullmetal
Word	fullscore	fullscore
Word	fundament	fundament
Word	galroggin	galroggin
Word	generator	generator
Word	gibberish	gibberish
Word	glassware	glassware
Word	good-bye	good-bye
Word	green-pa	green-pa
Word	greetings	greetings
Word	grumbling	grumbling
Word	harnessin	harnessin
Word	hermetica	hermetica
Word	hermetici	hermetici
Word	heterodyn	heterodyn
Word	hoofprint	hoofprint
Word	illustrio	illustrio
Word	implement	implement
Word	important	important
Word	impuritie	impuritie
Word	independe	independe
Word	informati	informati
Word	insatiabl	insatiabl
Word	inspirati	inspirati
Word	intellige	intellige
Word	interacti	interacti
Word	invention	invention
Word	inventory	inventory
Word	ironicall	ironicall
Word	jacquelin	jacquelin
Word	knowledge	knowledge
Word	lightning	lightning
Word	logarithm	logarithm
Word	maga_dog	maga_dog
Word	magnetism	magnetism
Word	malleabil	malleabil
Word	materials	materials
Word	mathemati	mathemati
Word	mechanics	mechanics
Word	micro-dr	micro-dr
Word	miscalcul	miscalcul
Word	mogglev'	mogglev'
Word	monologue	monologue
Word	moss-fur	moss-fur
Word	mossfures	mossfures
Word	mother's	mother's
Word	moustache	moustache
Word	muss-fur	muss-fur
Word	mysteriou	mysteriou
Word	mythology	mythology
Word	newsgroup	newsgroup
Word	nightshir	nightshir
Word	nighttime	nighttime
Word	northeast	northeast
Word	northwest	northwest
Word	oggropond	oggropond
Word	opportuni	opportuni
Word	opposites	opposites
Word	paintings	paintings
Word	paperwork	paperwork
Word	phenomena	phenomena
Word	pigprints	pigprints
Word	poke-her	poke-her
Word	principle	principle
Word	programme	programme
Word	programmi	programmi
Word	propensit	propensit
Word	propertie	propertie
Word	pyromania	pyromania
Word	qualities	qualities
Word	raszewski	raszewski
Word	recolorin	recolorin
Word	recolouri	recolouri
Word	recording	recording
Word	reference	reference
Word	relaxatio	relaxatio
Word	rhetorica	rhetorica
Word	rust-pro	rust-pro
Word	rustproof	rustproof
Word	schematic	schematic
Word	scientifi	scientifi
Word	scientist	scientist
Word	screwdriv	screwdriv
Word	searching	searching
Word	selective	selective
Word	smartness	smartness
Word	smudge-p	smudge-p
Word	smudgepro	smudgepro
Word	something	something
Word	southeast	southeast
Word	southwest	southwest
Word	spellbook	spellbook
Word	stalactit	stalactit
Word	stalagmit	stalagmit
Word	statue's	statue's
Word	storeroom	storeroom
Word	straighte	straighte
Word	strangely	strangely
Word	superbrie	superbrie
Word	supportin	supportin
Word	suspender	suspender
Word	tear-pro	tear-pro
Word	tearproof	tearproof
Word	teleporta	teleporta
Word	thermomec	thermomec
Word	thirty-f	thirty-f
Word	thirty-s	thirty-s
Word	tradition	tradition
Word	transcrip	transcrip
Word	transmuta	transmuta
Word	treasures	treasures
Word	trismegis	trismegis
Word	ulassinor	ulassinor
Word	undergrou	undergrou
Word	unscienti	unscienti
Word	urglyburg	urglyburg
Word	vandalism	vandalism
Word	vegetable	vegetable
Word	villicent	villicent
Word	walkthrou	walkthrou
Word	water-pr	water-pr
Word	waterproo	waterproo
Word	wikipedia	wikipedia
Word	wizard's	wizard's
Word	wizards'	wizards'
Word	z-machin	z-machin
Word	zugulibur	zugulibur

Routine 0xffb0	routine65456:?
Routine 0xffb8	routine65464:?
! References: CompassDirection.cName, obj7_north.cName, obj8_south.cName, obj9_east.cName, obj10_west.cName, obj11_northeast.cName, obj12_northwest.cName, obj13_southeast.cName, obj14_southwest.cName, obj15_up_above.cName, obj16_ground.cName, obj17_inside.cName, obj18_outside.cName
Routine 0xffc8	routine65480:?
Routine 0xffd8	routine65496:?
Routine 0x10000	routine65536:?
Routine 0x10008	routine65544:?
Routine 0x10030	routine65584:?
Routine 0x100d0	routine65744:?
Routine 0x10160	routine65888:?
Routine 0x10198	routine65944:?
Routine 0x10208	routine66056:?
Routine 0x10220	routine66080:?
Routine 0x10240	routine66112:?
Routine 0x10270	routine66160:?
Routine 0x102a0	routine66208:?
Routine 0x102d0	routine66256:?
Routine 0x10300	routine66304:?
Routine 0x10338	routine66360:?
Routine 0x10350	routine66384:?
Routine 0x10388	routine66440:?
Routine 0x103c0	routine66496:?
Routine 0x11f90	routine73616:?
Routine 0x11fa0	routine73632:?
Routine 0x11fb0	routine73648:?
Routine 0x11fc0	routine73664:?
Routine 0x11fe0	routine73696:?
Routine 0x12070	routine73840:?
! References: obj21__Inform_Parser_.parse_input
Routine 0x12088	routine73864:?
Routine 0x12090	routine73872:?
Routine 0x120a0	routine73888:?
Routine 0x120b0	routine73904:?
Routine 0x120b8	routine73912:?
Routine 0x120c8	routine73928:?
Routine 0x122b8	routine74424:?
Routine 0x12ba8	routine76712:?
Routine 0x12be0	routine76768:?
Routine 0x12c00	routine76800:?
Routine 0x12d38	routine77112:?
Routine 0x12d58	routine77144:?
Routine 0x12da8	routine77224:?
Routine 0x12dd0	routine77264:?
Routine 0x131e0	routine78304:?
Routine 0x13648	routine79432:?
Routine 0x13900	routine80128:?
Routine 0x13a00	routine80384:?
Routine 0x13b78	routine80760:?
Routine 0x13bc0	routine80832:?
Routine 0x13bf8	routine80888:?
Routine 0x13ce8	routine81128:?
Routine 0x13d80	routine81280:?
Routine 0x13de8	routine81384:?
Routine 0x13e20	routine81440:?
Routine 0x13e70	routine81520:?
Routine 0x13e98	routine81560:?
Routine 0x13eb8	routine81592:?
Routine 0x13ee8	routine81640:?
Routine 0x13f80	routine81792:?
Routine 0x13f98	routine81816:?
Routine 0x13fb8	routine81848:?
Routine 0x14040	routine81984:?
Routine 0x14070	routine82032:?
Routine 0x14160	routine82272:?
Routine 0x14188	routine82312:?
Routine 0x141d8	routine82392:?
Routine 0x142f8	routine82680:?
Routine 0x14350	routine82768:?
Routine 0x14380	routine82816:?
Routine 0x143b0	routine82864:?
Routine 0x143f8	routine82936:?
Routine 0x14430	routine82992:?
Routine 0x14448	routine83016:?
Routine 0x14460	routine83040:?
Routine 0x14470	routine83056:?
Routine 0x14570	routine83312:?
Routine 0x14578	routine83320:?
Routine 0x145c0	routine83392:?
Routine 0x145d8	routine83416:?
Routine 0x145f0	routine83440:?
Routine 0x14610	routine83472:?
Routine 0x14668	PronounsSub:?
Routine 0x14718	routine83736:?
Routine 0x14750	routine83792:?
Routine 0x14780	routine83840:?
Routine 0x14788	routine83848:?
Routine 0x147b8	routine83896:?
! References: obj22__Inform_Library_.play
Routine 0x14820	routine84000:?
! References: obj22__Inform_Library_.end_turn_sequence
Routine 0x14bb0	routine84912:?
! References: obj22__Inform_Library_.begin_action
Routine 0x14bd8	routine84952:?
Routine 0x14c10	routine85008:?
Routine 0x14c38	routine85048:?
Routine 0x14c98	routine85144:?
Routine 0x14cb8	routine85176:?
Routine 0x14cc8	routine85192:?
Routine 0x14d70	routine85360:?
Routine 0x14d90	routine85392:?
Routine 0x14db8	routine85432:?
Routine 0x14e00	routine85504:?
Routine 0x14e40	routine85568:?
Routine 0x14e88	routine85640:?
Routine 0x14e98	routine85656:?
Routine 0x14ec0	routine85696:?
Routine 0x14f20	routine85792:?
Routine 0x14f58	routine85848:?
Routine 0x14f78	routine85880:?
Routine 0x14fa0	routine85920:?
Routine 0x14fb0	routine85936:?
Routine 0x15010	routine86032:?
Routine 0x15048	routine86088:?
Routine 0x15098	routine86168:?
Routine 0x150c0	routine86208:?
Routine 0x150d8	routine86232:?
Routine 0x150f0	routine86256:?
Routine 0x15110	routine86288:?
Routine 0x15158	routine86360:?
Routine 0x151b0	routine86448:?
Routine 0x151e0	routine86496:?
Routine 0x15280	routine86656:?
Routine 0x15300	routine86784:?
Routine 0x15328	routine86824:?
Routine 0x15350	routine86864:?
Routine 0x15370	routine86896:?
Routine 0x15378	routine86904:?
Routine 0x15380	routine86912:?
Routine 0x15390	routine86928:?
Routine 0x153c8	routine86984:?
Routine 0x153d8	routine87000:?
Routine 0x153f0	routine87024:?
Routine 0x153f8	routine87032:?
Routine 0x15448	routine87112:?
Routine 0x15460	routine87136:?
Routine 0x154d8	routine87256:?
Routine 0x15550	routine87376:?
Routine 0x15628	routine87592:?
Routine 0x15638	routine87608:?
Routine 0x15648	routine87624:?
Routine 0x15720	routine87840:?
Routine 0x157b8	routine87992:?
Routine 0x157f8	routine88056:?
Routine 0x15838	routine88120:?
Routine 0x15868	routine88168:?
Routine 0x158a0	routine88224:?
Routine 0x158b8	routine88248:?
Routine 0x158c0	routine88256:?
Routine 0x158f0	routine88304:?
Routine 0x15910	routine88336:?
! References: obj23__Library_Extensions_.RunAll
Routine 0x15940	routine88384:?
! References: obj23__Library_Extensions_.RunUntil
Routine 0x15980	routine88448:?
! References: obj23__Library_Extensions_.RunWhile
Routine 0x159c8	routine88520:?
Routine 0x15a08	ObjectsSub:?
Routine 0x15a10	PlacesSub:?
Routine 0x15a18	VersionSub:?
Routine 0x15aa0	routine88736:?
Routine 0x15ad0	routine88784:?
Routine 0x15b18	routine88856:?
Routine 0x15b38	routine88888:?
Routine 0x15ba8	routine89000:?
Routine 0x15bf8	routine89080:?
Routine 0x15c68	routine89192:?
Routine 0x15c80	routine89216:?
Routine 0x15cd0	routine89296:?
Routine 0x16328	routine90920:?
Routine 0x16380	routine91008:?
Routine 0x16600	routine91648:?
Routine 0x166a8	routine91816:?
Routine 0x168f8	routine92408:?
Routine 0x16990	routine92560:?
Routine 0x169d0	routine92624:?
Routine 0x169e0	routine92640:?
Routine 0x16a48	QuitSub:?
Routine 0x16a58	RestartSub:?
Routine 0x16a70	RestoreSub:?
Routine 0x16a88	SaveSub:?
Routine 0x16ab8	VerifySub:?
Routine 0x16ad0	ScriptOnSub:?
Routine 0x16b08	ScriptOffSub:?
Routine 0x16b40	CommandsOnSub:?
Routine 0x16b50	CommandsOffSub:?
Routine 0x16b68	CommandsReadSub:?
Routine 0x16b78	NotifyOnSub:?
Routine 0x16b88	NotifyOffSub:?
Routine 0x16b98	routine93080:?
Routine 0x16bf0	ScoreSub:?
Routine 0x16c00	routine93184:?
Routine 0x16c08	routine93192:?
Routine 0x16c28	routine93224:?
Routine 0x16c60	InvWideSub:?
Routine 0x16c70	InvTallSub:?
Routine 0x16c80	InvSub:?
Routine 0x16ce8	routine93416:?
Routine 0x16d08	routine93448:?
Routine 0x16d28	routine93480:?
Routine 0x16d88	routine93576:?
Routine 0x16ed0	RemoveSub:?
Routine 0x16f30	DropSub:?
Routine 0x16f90	PutOnSub:?
Routine 0x17098	InsertSub:?
Routine 0x171a0	TransferSub:?
Routine 0x171d0	EmptySub:?
Routine 0x171d8	EmptyTSub:?
Routine 0x172b8	GiveSub:?
Routine 0x172e8	GiveRSub:?
Routine 0x172f8	ShowRSub:?
Routine 0x17308	EnterSub:?
Routine 0x173f0	GetOffSub:?
Routine 0x17408	ExitSub:?
Routine 0x17480	VagueGoSub:?
Routine 0x17488	GoInSub:?
Routine 0x17490	GoSub:?
Routine 0x175f0	routine95728:?
Routine 0x17620	routine95776:?
Routine 0x17640	routine95808:?
Routine 0x177a0	LMode1Sub:?
Routine 0x177b0	LMode2Sub:?
Routine 0x177c0	LMode3Sub:?
Routine 0x177d0	routine96208:?
Routine 0x177f8	routine96248:?
Routine 0x17810	routine96272:?
Routine 0x17838	LookSub:?
Routine 0x17980	ExamineSub:?
Routine 0x179d8	LookUnderSub:?
Routine 0x179f0	routine96752:?
Routine 0x17a10	SearchSub:?
Routine 0x17a88	UnlockSub:?
Routine 0x17ad8	LockSub:?
Routine 0x17b38	SwitchOnSub:?
Routine 0x17b78	SwitchOffSub:?
Routine 0x17bb8	OpenSub:?
Routine 0x17c30	CloseSub:?
Routine 0x17c70	DisrobeSub:?
Routine 0x17ca0	WearSub:?
Routine 0x17cf0	EatSub:?
Routine 0x17d38	routine97592:?
Routine 0x17d78	AnswerSub:?
Routine 0x17d90	AskSub:?
Routine 0x17da8	AskForSub:?
Routine 0x17dc0	AskToSub:?
Routine 0x17dd0	BlowSub:?
Routine 0x17de0	BuySub:?
Routine 0x17df0	ClimbSub:?
Routine 0x17e00	ConsultSub:?
Routine 0x17e10	CutSub:?
Routine 0x17e20	DigSub:?
Routine 0x17e30	DrinkSub:?
Routine 0x17e40	JumpSub:?
Routine 0x17e50	JumpOverSub:?
Routine 0x17e60	KissSub:?
Routine 0x17e90	ListenSub:?
Routine 0x17ea0	MildSub:?
Routine 0x17eb0	NoSub:?
Routine 0x17eb8	PraySub:?
Routine 0x17ec8	PullSub:?
Routine 0x17f08	PushSub:?
Routine 0x17f48	PushDirSub:?
Routine 0x17f58	RubSub:?
Routine 0x17f68	SetSub:?
Routine 0x17f78	SetToSub:?
Routine 0x17f88	SingSub:?
Routine 0x17f98	SleepSub:?
Routine 0x17fa8	SmellSub:?
Routine 0x17fb8	SorrySub:?
Routine 0x17fc8	SqueezeSub:?
Routine 0x17fe8	StrongSub:?
Routine 0x17ff8	SwimSub:?
Routine 0x18008	SwingSub:?
Routine 0x18018	TasteSub:?
Routine 0x18028	TellSub:?
Routine 0x18048	ThinkSub:?
Routine 0x18058	ThrowAtSub:?
Routine 0x180b8	TieSub:?
Routine 0x180c8	TouchSub:?
Routine 0x180f8	TurnSub:?
Routine 0x18138	WaitSub:?
Routine 0x18150	WakeSub:?
Routine 0x18160	WakeOtherSub:?
Routine 0x18180	WaveSub:?
Routine 0x181a0	WaveHandsSub:?
Routine 0x181b0	YesSub:?
Routine 0x181b8	routine98744:?
Routine 0x181d0	routine98768:?
! References: Option.emblazon, Menu.emblazon, SwitchOption.emblazon, HintTopic.emblazon, obj501_Lost_Pig.emblazon, obj502_About_this_game.emblazon, obj503_How_to_play_Interactive_Fiction.emblazon, obj504_Special_commands_for_this_game.emblazon, obj505_Credits.emblazon, obj506_About_the_author.emblazon, obj507_About_the_implementor.emblazon, obj508_Betatesters.emblazon, obj509_Acknowledgments.emblazon, obj510_Hints.emblazon, obj511_Are_you_sure_.emblazon, obj512_I_ve_changed_my_mind_.emblazon, obj513_I_really_want_hints_.emblazon, obj514_Hints.emblazon, obj515_AMUSING.emblazon, obj516_Higgledy_Piggledy.emblazon, obj517__whoamiH_.emblazon, obj518__wherepigH_.emblazon, obj519__whatnextH_.emblazon, obj520__gnomeH_.emblazon, obj521__keyH_.emblazon, obj522__keyforH_.emblazon, obj523__powderH_.emblazon, obj524__poleH_.emblazon, obj525__machineH_.emblazon, obj526__brickH_.emblazon, obj527__newbrickH_.emblazon, obj528__bookH_.emblazon, obj529__pageH_.emblazon, obj530__paperH_.emblazon, obj531__pigH_.emblazon, obj532__exitH_.emblazon, obj533__lightH_.emblazon, obj534__mazeH_.emblazon, obj535__llpH_.emblazon
Routine 0x18208	routine98824:?
Routine 0x18298	routine98968:?
Routine 0x182d8	routine99032:?
Routine 0x18500	routine99584:?
Routine 0x18520	routine99616:?
Routine 0x18530	routine99632:?
Routine 0x18570	routine99696:?
Routine 0x185b0	routine99760:?
Routine 0x18620	routine99872:?
Routine 0x18650	routine99920:?
Routine 0x18670	routine99952:?
Routine 0x18690	routine99984:?
Routine 0x18710	routine100112:?
Routine 0x18768	routine100200:?
Routine 0x18778	routine100216:?
Routine 0x18798	routine100248:?
Routine 0x187b0	routine100272:?
Routine 0x187c0	routine100288:?
Routine 0x187d0	routine100304:?
Routine 0x187e8	routine100328:?
Routine 0x18828	routine100392:?
Routine 0x18848	routine100424:?
! References: Room.compass_look, obj84_Nowhere.compass_look, obj85__placeholder_.compass_look, obj93_Outside.compass_look, obj102_Hole.compass_look, obj109__insideCrack_.compass_look, obj111_Fountain_Room.compass_look, obj128_Statue_Room.compass_look, obj147_Table_Room.compass_look, obj157_Shelf_Room.compass_look, obj164__onTopShelf_.compass_look, obj166_Cave_With_Stream.compass_look, obj177_Windy_Cave.compass_look, obj183__maze_.compass_look, obj187_Probably_New_Tunnel.compass_look, obj189_Some_Other_Cave.compass_look, obj190_Forest.compass_look, obj193_Farm.compass_look, obj194__gnomeRoom_.compass_look, obj196__gnomeHolder_.compass_look, obj222__seekHome_.compass_look, obj235__specialTopics_.compass_look, obj314__unknownTopics_.compass_look, obj462__knownTopics_.compass_look, obj494__gnomeTopics_.compass_look, obj498__pigTopics_.compass_look
Routine 0x188a0	routine100512:?
! References: Room.isBright, obj84_Nowhere.isBright, obj85__placeholder_.isBright, obj93_Outside.isBright, obj102_Hole.isBright, obj109__insideCrack_.isBright, obj111_Fountain_Room.isBright, obj128_Statue_Room.isBright, obj147_Table_Room.isBright, obj157_Shelf_Room.isBright, obj164__onTopShelf_.isBright, obj166_Cave_With_Stream.isBright, obj177_Windy_Cave.isBright, obj183__maze_.isBright, obj187_Probably_New_Tunnel.isBright, obj189_Some_Other_Cave.isBright, obj190_Forest.isBright, obj193_Farm.isBright, obj194__gnomeRoom_.isBright, obj196__gnomeHolder_.isBright, obj222__seekHome_.isBright, obj235__specialTopics_.isBright, obj314__unknownTopics_.isBright, obj462__knownTopics_.isBright, obj494__gnomeTopics_.isBright, obj498__pigTopics_.isBright
Routine 0x18930	routine100656:?
Routine 0x18940	routine100672:?
! References: Room.cLocal, obj84_Nowhere.cLocal, obj85__placeholder_.cLocal, obj93_Outside.cLocal, obj109__insideCrack_.cLocal, obj164__onTopShelf_.cLocal, obj187_Probably_New_Tunnel.cLocal, obj189_Some_Other_Cave.cLocal, obj190_Forest.cLocal, obj193_Farm.cLocal, obj196__gnomeHolder_.cLocal, obj222__seekHome_.cLocal, obj235__specialTopics_.cLocal, obj314__unknownTopics_.cLocal, obj462__knownTopics_.cLocal, obj494__gnomeTopics_.cLocal, obj498__pigTopics_.cLocal
Routine 0x18948	routine100680:?
Routine 0x18958	routine100696:?
! References: Room.after, obj84_Nowhere.after, obj85__placeholder_.after, obj93_Outside.after, obj102_Hole.after, obj109__insideCrack_.after, obj111_Fountain_Room.after, obj128_Statue_Room.after, obj147_Table_Room.after, obj157_Shelf_Room.after, obj164__onTopShelf_.after, obj166_Cave_With_Stream.after, obj177_Windy_Cave.after, obj183__maze_.after, obj187_Probably_New_Tunnel.after, obj189_Some_Other_Cave.after, obj190_Forest.after, obj193_Farm.after, obj194__gnomeRoom_.after, obj196__gnomeHolder_.after, obj222__seekHome_.after, obj235__specialTopics_.after, obj314__unknownTopics_.after, obj462__knownTopics_.after, obj494__gnomeTopics_.after, obj498__pigTopics_.after
Routine 0x189a0	routine100768:?
Routine 0x18a30	routine100912:?
Routine 0x18a40	routine100928:?
Routine 0x18b70	routine101232:?
Routine 0x197b0	routine104368:?
! References: Thing.after, Fluid.after, Powder.after, obj34_Powder_1.after, obj35_Powder_2.after, obj36_Powder_3.after, obj37_Powder_4.after, Water.after, obj39_Water_1.after, obj40_Water_2.after, obj41_Water_3.after, obj42_Water_4.after, NPC.after, Brick.after, obj47_Brick_1.after, obj48_Brick_2.after, obj49_Brick_3.after, obj50_Brick_4.after, obj51_Brick_5.after, obj52_Brick_6.after, obj53_Brick_7.after, obj54_Brick_8.after, obj55_Brick_9.after, obj56_Brick_10.after, obj57_Brick_11.after, obj58_Brick_12.after, obj59_Brick_13.after, obj60_Brick_14.after, obj61_Brick_15.after, obj62_Brick_16.after, obj63_Brick_17.after, Fruit.after, obj65_Fruit_1.after, obj66_Fruit_2.after, obj67_Fruit_3.after, obj68_Fruit_4.after, obj69_Fruit_5.after, obj70_Fruit_6.after, obj71_Fruit_7.after, obj72_Fruit_8.after, obj73_Fruit_9.after, obj74_Fruit_10.after, obj75_Fruit_11.after, obj76_Fruit_12.after, obj77_Fruit_13.after, obj78_Fruit_14.after, obj79_Fruit_15.after, obj80_Fruit_16.after, obj81_Fruit_17.after, obj86_pig.after, obj87_Grunk.after, obj88_part_of_Grunk_body.after, obj89_stone.after, obj90_dark.after, obj91_pants.after, obj92_torch.after, obj94_moon.after, obj95_wall.after, obj96_field.after, obj97_forest.after, obj98_noise.after, obj99_tracks.after, obj100_farm.after, obj101__missingOutside_.after, obj103_broken_stair.after, obj104__whistle_.after, obj105_tunnel.after, obj106_curly_bit.after, obj107_hole.after, obj108_crack.after, obj110_paper.after, obj112__missingBR_.after, obj113_glowing_wall.after, obj114_tunnel_to_west.after, obj115_tunnel_to_east.after, obj116_fountain.after, obj117_squirty_part.after, obj118_little_bit.after, obj119_fountain_drain.after, obj120_fountain_bowl.after, obj121_coin.after, obj122_water_that_not_in_fountain.after, obj123_soup_that_not_in_fountain.after, obj124_curtain.after, obj125_picture_of_gnome.after, obj126_picture_of_cave.after, obj127_pig.after, obj129_picture_on_west_wall.after, obj130_black_powder_in_picture.after, obj131_fire_in_picture.after, obj132_water_in_picture.after, obj133_picture_on_east_wall.after, obj134_pole_in_picture.after, obj135_yellow_thing_in_picture.after, obj136_pie_in_picture.after, obj137_north_wall.after, obj138_south_wall.after, obj139_statue_head.after, obj140_hat.after, obj141_statue_shoes.after, obj142_statue_suit.after, obj143_statue_hand.after, obj144_block.after, obj145_statue_of_gnome.after, obj146_north_wall.after, obj148_table.after, obj149_slot.after, obj150_lever.after, obj151_basket.after, obj152_dent.after, obj153_metal_box.after, obj154_marks_on_wall.after, obj155_cards.after, obj156_chair.after, obj158_shelfs.after, obj159_top_shelf.after, obj160_chest.after, obj161__chestPowder_.after, obj162_keyhole.after, obj163_pole.after, obj165_book.after, obj167_cave.after, obj168_tunnel.after, obj169_stream.after, obj170__streamWater_.after, obj171_mud.after, obj172_bench.after, obj173_other_side_of_stream.after, obj174__key_.after, obj175_wall.after, obj176_pretty_picture.after, obj178_cave.after, obj179_grue.after, obj180_windy_tunnel.after, obj181_secret_door.after, obj182_pointy_rock.after, obj184__watcher_.after, obj185_tunnel.after, obj186_tunnel.after, obj188_hole.after, obj192_trunk.after, obj195_shadow.after, obj197_bed.after, obj198_desk.after, obj199_stool.after, obj200_shelf.after, obj201_ball.after, obj202_trunk.after, obj203_help.after, obj204_money.after, obj205_paint_or_dye.after, obj206_pipe.after, obj207_little_bag.after, obj208_smoke.after, obj209_strange_helmet.after, obj210_little_box.after, obj211_tray_full_of_stuff.after, obj212_pile_of_paper.after, obj213_bottle.after, obj214_pen.after, obj215_gnome.after, obj216_dress.after, obj217_slipper.after, obj218_hair.after, obj219_ear.after, obj220_nose.after, obj221_book.after
Routine 0x197e8	routine104424:?
Routine 0x19878	routine104568:?
Routine 0x19960	routine104800:?
Routine 0x19988	routine104840:?
! References: Fluid.create, Water.create, obj39_Water_1.create, obj40_Water_2.create, obj41_Water_3.create, obj42_Water_4.create, obj170__streamWater_.create
Routine 0x19a00	routine104960:?
! References: Fluid.destroy, Powder.destroy, obj34_Powder_1.destroy, obj35_Powder_2.destroy, obj36_Powder_3.destroy, obj37_Powder_4.destroy, Water.destroy, obj39_Water_1.destroy, obj40_Water_2.destroy, obj41_Water_3.destroy, obj42_Water_4.destroy, obj161__chestPowder_.destroy, obj170__streamWater_.destroy
Routine 0x19a10	routine104976:?
Routine 0x19a20	routine104992:?
Routine 0x19d08	routine105736:?
! References: Powder.burntDesc, obj34_Powder_1.burntDesc, obj35_Powder_2.burntDesc, obj36_Powder_3.burntDesc, obj37_Powder_4.burntDesc, obj161__chestPowder_.burntDesc
Routine 0x19d10	routine105744:?
! References: Powder.burningDesc, obj34_Powder_1.burningDesc, obj35_Powder_2.burningDesc, obj36_Powder_3.burningDesc, obj37_Powder_4.burningDesc, obj161__chestPowder_.burningDesc
Routine 0x19d18	routine105752:?
! References: Powder.getClass, obj34_Powder_1.getClass, obj35_Powder_2.getClass, obj36_Powder_3.getClass, obj37_Powder_4.getClass, obj161__chestPowder_.getClass
Routine 0x19d30	routine105776:?
! References: Powder.create, obj34_Powder_1.create, obj35_Powder_2.create, obj36_Powder_3.create, obj37_Powder_4.create, obj161__chestPowder_.create
Routine 0x19d38	routine105784:?
Routine 0x19d50	routine105808:?
! References: Powder.daemon, obj34_Powder_1.daemon, obj35_Powder_2.daemon, obj36_Powder_3.daemon, obj37_Powder_4.daemon, obj161__chestPowder_.daemon
Routine 0x1a020	routine106528:?
Routine 0x1a0b0	routine106672:?
! References: Water.burntDesc, obj39_Water_1.burntDesc, obj40_Water_2.burntDesc, obj41_Water_3.burntDesc, obj42_Water_4.burntDesc, obj170__streamWater_.burntDesc
Routine 0x1a0b8	routine106680:?
! References: Water.getClass, obj39_Water_1.getClass, obj40_Water_2.getClass, obj41_Water_3.getClass, obj42_Water_4.getClass, obj170__streamWater_.getClass
Routine 0x1a0c8	routine106696:?
Routine 0x1a0d0	routine106704:?
Routine 0x1a5b0	routine107952:?
! References: NPC.npc_before, obj86_pig.npc_before, obj127_pig.npc_before, obj215_gnome.npc_before
Routine 0x1a5c0	routine107968:?
Routine 0x1a628	routine108072:?
! References: NPC.npc_preact, obj86_pig.npc_preact, obj127_pig.npc_preact, obj215_gnome.npc_preact
Routine 0x1a638	routine108088:?
! References: NPC.life, obj86_pig.life, obj127_pig.life, obj215_gnome.life
Routine 0x1a718	routine108312:?
! References: NPC.npc_life, obj86_pig.npc_life, obj127_pig.npc_life, obj215_gnome.npc_life
Routine 0x1a728	routine108328:?
! References: NPC.daemon, obj86_pig.daemon, obj215_gnome.daemon
Routine 0x1a898	routine108696:?
Routine 0x1a8d8	routine108760:?
! References: NPC.npc_daemon
Routine 0x1a8e0	routine108768:?
! References: NPC.orders, obj86_pig.orders, obj127_pig.orders, obj215_gnome.orders
Routine 0x1a8e8	routine108776:?
! References: NPC.refreshTopics
Routine 0x1a9c0	routine108992:?
! References: NPC.listTopics, obj86_pig.listTopics, obj127_pig.listTopics, obj215_gnome.listTopics
Routine 0x1a9c8	routine109000:?
Routine 0x1aa78	routine109176:?
Routine 0x1ab80	routine109440:?
Routine 0x1aba0	routine109472:?
Routine 0x1aba8	routine109480:?
Routine 0x1abb8	routine109496:?
Routine 0x1b0d8	routine110808:?
