! Auto-generated by Reform.

MD5	5f42ff092a2f30471ae98150ef4da2e1

Object 1	obj1_catwalk
Object 2	obj2_keyring
Object 3	obj3_red_aluminum_Yale_key
Object 4	obj4_air
Object 5	obj5_elevator_shaft
Object 6	obj6_your_hand
Object 7	obj7_smooth_stone
Object 8	obj8_plastic_container
Object 9	obj9_Tomb
Object 10	obj10_cylindrical_hole
Object 11	obj11_passage
Object 12	obj12_wooden_ladder
Object 13	obj13_program
Object 14	obj14_metal_cover
Object 15	obj15_Wet_Tunnel
Object 16	obj16_Small_Courtyard
Object 17	obj17_Cinderblock_Tunnel
Object 18	obj18_package_of_Funny_Bones
Object 19	obj19_brick_wall
Object 20	obj20_maintenance_man
Object 21	obj21_At_Platform
Object 22	obj22_slime_curtain
Object 23	obj23_vat
Object 24	obj24_your_feet
Object 25	obj25_Brick_Tunnel
Object 26	obj26_iron_plate
Object 27	obj27_Basement
Object 28	obj28_wall_socket
Object 29	obj29_yourself
Object 30	obj30_branded_symbol
Object 31	obj31_manhole
Object 32	obj32_hook
Object 33	obj33_Kitchen
Object 34	obj34_Tunnel_Entrance
Object 35	obj35_Stairway
Object 36	obj36_tattoo
Object 37	obj37_Concrete_Box
Object 38	obj38_Engineering_Building
Object 39	obj39_Muddy_Tunnel
Object 40	obj40_new_brick
Object 41	obj41_fire_axe
Object 42	obj42_Lab
Object 43	obj43_outlet
Object 44	obj44_creature
Object 45	obj45_bolt_cutter
Object 46	obj46_direction
Object 47	obj47_Dead_Storage
Object 48	obj48_cold_liquid
Object 49	obj49
Object 50	obj50_pool
Object 51	obj51_Wet_Tunnel
Object 52	obj52_elevator_shaft
Object 53	obj53_metal_flask
Object 54	obj54_power_cord
Object 55	obj55_carved_symbol
Object 56	obj56_it
Object 57	obj57_alarm_button
Object 58	obj58_cardboard_carton
Object 59	obj59
Object 60	obj60_your_head
Object 61	obj61_two_liter_bottle_of_Classic_Coke
Object 62	obj62_chair
Object 63	obj63_YAK_editor
Object 64	obj64_crawling_slime
Object 65	obj65_Computer_Center
Object 66	obj66_Steam_Tunnel
Object 67	obj67_elevator_shaft
Object 68	obj68_coaxial_cable
Object 69	obj69_Inner_Lair
Object 70	obj70_light
Object 71	obj71_sleep
Object 72	obj72_missing_students
Object 73	obj73_microwave_controls
Object 74	obj74_elevator
Object 75	obj75_greasy_chain
Object 76	obj76_elevator_doors
Object 77	obj77_manhole_cover
Object 78	obj78_Steam_Tunnel
Object 79	obj79_junk
Object 80	obj80_greasy_chain
Object 81	obj81_sign
Object 82	obj82
Object 83	obj83_it
Object 84	obj84_door
Object 85	obj85_graffiti
Object 86	obj86_microwave_oven
Object 87	obj87_Wet_Tunnel
Object 88	obj88_emergency_cabinet
Object 89	obj89_elevator_doors
Object 90	obj90_Chinese_food
Object 91	obj91_metal_plate
Object 92	obj92_tub_of_dirt
Object 93	obj93_cablelike_appendage
Object 94	obj94_dark_shape
Object 95	obj95_master_key
Object 96	obj96_dead_rat
Object 97	obj97_assignment
Object 98	obj98_Smith_Street
Object 99	obj99_Large_Chamber
Object 100	obj100_urchin
Object 101	obj101_hole
Object 102	obj102_office
Object 103	obj103_ladder
Object 104	obj104_pair_of_rubber_boots
Object 105	obj105_refrigerator
Object 106	obj106_south_wall
Object 107	obj107_HELP_key
Object 108	obj108_Alchemy_Department_door
Object 109	obj109_Inside_Dome
Object 110	obj110_Third_Floor
Object 111	obj111_ancient_door
Object 112	obj112_hole
Object 113	obj113_pressure_valve
Object 114	obj114_thing
Object 115	obj115_elevator_doors
Object 116	obj116_snow
Object 117	obj117_Wet_Tunnel
Object 118	obj118_elevator_doors
Object 119	obj119_hatch
Object 120	obj120_access_panel
Object 121	obj121_Roof_of_Great_Dome
Object 122	obj122_elevator_doors
Object 123	obj123
Object 124	obj124_Elevator
Object 125	obj125_incised_symbol
Object 126	obj126_maintenance_man
Object 127	obj127_Roof
Object 128	obj128_B_button
Object 129	obj129_hacker
Object 130	obj130_peach_tree
Object 131	obj131_Wet_Tunnel
Object 132	obj132_flashlight
Object 133	obj133_brass_hyrax
Object 134	obj134_Basalt_Bowl
Object 135	obj135_padlock
Object 136	obj136_Aero_Lobby
Object 137	obj137_Second_Floor
Object 138	obj138_Steam_Tunnel
Object 139	obj139_room
Object 140	obj140_Temporary_Lab
Object 141	obj141_wire
Object 142	obj142_Subbasement
Object 143	obj143_tangle_of_machinery
Object 144	obj144_steam_pipes
Object 145	obj145_On_the_Great_Dome
Object 146	obj146_menu_box
Object 147	obj147_dome
Object 148	obj148_him
Object 149	obj149_Before_the_Altar
Object 150	obj150_Fruits_and_Nuts
Object 151	obj151_your_eyes
Object 152	obj152_Place
Object 153	obj153_tangle_of_machinery
Object 154	obj154_platform
Object 155	obj155_coaxial_cable
Object 156	obj156_crowbar
Object 157	obj157_north_wall
Object 158	obj158_Aero_Basement
Object 159	obj159_clothes
Object 160	obj160_kitchen_counter
Object 161	obj161_Wet_Tunnel
Object 162	obj162_thing
Object 163	obj163_roof_door
Object 164	obj164_Wet_Tunnel
Object 165	obj165_east_wall
Object 166	obj166_broken_brick
Object 167	obj167_piece_of_paper
Object 168	obj168_archway
Object 169	obj169_up_arrow
Object 170	obj170_urchins
Object 171	obj171_Ancient_Storage
Object 172	obj172_classics_paper
Object 173	obj173_west_wall
Object 174	obj174_Department_of_Alchemy
Object 175	obj175_knife
Object 176	obj176_Terminal_Room
Object 177	obj177_whitish_mass
Object 178	obj178_elevator_shaft
Object 179	obj179_Cluttered_Passage
Object 180	obj180_Great_Court
Object 181	obj181_Wet_Tunnel
Object 182	obj182_mist
Object 183	obj183_sign_up_sheet
Object 184	obj184_Wet_Tunnel
Object 185	obj185_Smith_Street
Object 186	obj186_power_line
Object 187	obj187_Wet_Tunnel
Object 188	obj188_greasy_chain
Object 189	obj189_human_hand
Object 190	obj190_Mass__Ave_
Object 191	obj191_pc
Object 192	obj192_metal_box
Object 193	obj193_floor
Object 194	obj194_slab_of_granite
Object 195	obj195_Top_Floor
Object 196	obj196_it
Object 197	obj197_forklift
Object 198	obj198_number
Object 199	obj199_mouse
Object 200	obj200_Brown_Basement
Object 201	obj201_Renovated_Cave
Object 202	obj202_Temporary_Basement
Object 203	obj203_pair_of_electrician_s_gloves
Object 204	obj204_ceiling
Object 205	obj205_noise
Object 206	obj206_Infinite_Corridor
Object 207	obj207_Alchemy_Department_computer
Object 208	obj208_Infinite_Corridor
Object 209	obj209_down_arrow
Object 210	obj210_Infinite_Corridor
Object 211	obj211_close_button
Object 212	obj212_lab_bench
Object 213	obj213_Top_of_Dome
Object 214	obj214_Infinite_Corridor
Object 215	obj215_socket
Object 216	obj216_more_box
Object 217	obj217_tarry_liquid
Object 218	obj218_Infinite_Corridor
Object 219	obj219_pentagram
Object 220	obj220_stop_switch
Object 221	obj221_Steam_Tunnel
Object 222	obj222_Skyscraper_Roof
Object 223	obj223_sewer_rats
Object 224	obj224_display
Object 225	obj225_elevator_doors
Object 226	obj226_laboratory
Object 227	obj227_Steam_Tunnel
Object 228	obj228_open_button
Object 229	obj229_carvings
Object 230	obj230_missing_urchins
Object 231	obj231_reinforcing_rod
Object 232	obj232_Wet_Tunnel
Object 233	obj233_slot
Object 234	obj234_Wet_Tunnel
Object 235	obj235_floor_waxer
Object 236	obj236_ropy_strand
Object 237	obj237_dirt
Object 238	obj238_wall
Object 239	obj239_frosted_glass_window
Object 240	obj240_Brown_Building
Object 241	obj241_floor_button
Object 242	obj242_bronze_plug
Object 243	obj243_floor_wax
Object 244	obj244_green_aluminum_Medeco_key
Object 245	obj245_outside_door
Object 246	obj246_green_brass_Yale_key
Object 247	obj247_pseudo
Object 248	obj248_Chemistry_Building
Object 249	obj249_Great_Dome
Object 250	obj250_professor
Object 251	obj251_floor_waxer
Object 252	obj252_green_aluminum_Yale_key

Attribute 0	attrib0			! obj62_chair
Attribute 1	attrib1			! obj18_package_of_Funny_Bones obj58_cardboard_carton obj61_two_liter_bottle_of_Classic_Coke obj90_Chinese_food
Attribute 2	attrib2			! obj8_plastic_container obj14_metal_cover obj18_package_of_Funny_Bones obj26_iron_plate obj53_metal_flask obj58_cardboard_carton obj61_two_liter_bottle_of_Classic_Coke obj84_door obj86_microwave_oven obj88_emergency_cabinet obj89_elevator_doors obj91_metal_plate obj102_office obj105_refrigerator obj108_Alchemy_Department_door obj111_ancient_door obj113_pressure_valve obj115_elevator_doors obj118_elevator_doors obj119_hatch obj120_access_panel obj122_elevator_doors obj135_padlock obj163_roof_door obj192_metal_box obj225_elevator_doors obj245_outside_door
Attribute 3	attrib3			! obj82
Attribute 4	attrib4			! obj41_fire_axe obj58_cardboard_carton obj77_manhole_cover obj82 obj90_Chinese_food obj95_master_key obj133_brass_hyrax obj135_padlock obj159_clothes obj183_sign_up_sheet obj191_pc obj217_tarry_liquid obj242_bronze_plug obj243_floor_wax
Attribute 5	attrib5			! obj23_vat obj26_iron_plate obj56_it obj82 obj86_microwave_oven obj88_emergency_cabinet obj192_metal_box obj239_frosted_glass_window
Attribute 6	attrib6			! obj6_your_hand obj24_your_feet obj29_yourself obj82 obj83_it obj112_hole obj133_brass_hyrax obj148_him obj204_ceiling obj243_floor_wax
Attribute 7	attrib7			! obj82
Attribute 8	attrib8			! obj2_keyring obj62_chair obj75_greasy_chain obj77_manhole_cover obj80_greasy_chain obj82 obj119_hatch obj143_tangle_of_machinery obj154_platform obj160_kitchen_counter obj188_greasy_chain obj191_pc obj194_slab_of_granite obj197_forklift obj212_lab_bench obj235_floor_waxer obj251_floor_waxer
Attribute 9	attrib9			! obj82
Attribute 10	attrib10		! obj5_elevator_shaft obj7_smooth_stone obj8_plastic_container obj10_cylindrical_hole obj19_brick_wall obj23_vat obj31_manhole obj52_elevator_shaft obj53_metal_flask obj58_cardboard_carton obj62_chair obj67_elevator_shaft obj75_greasy_chain obj77_manhole_cover obj80_greasy_chain obj82 obj86_microwave_oven obj88_emergency_cabinet obj89_elevator_doors obj92_tub_of_dirt obj96_dead_rat obj100_urchin obj101_hole obj105_refrigerator obj115_elevator_doors obj118_elevator_doors obj119_hatch obj120_access_panel obj122_elevator_doors obj129_hacker obj143_tangle_of_machinery obj153_tangle_of_machinery obj160_kitchen_counter obj178_elevator_shaft obj188_greasy_chain obj189_human_hand obj191_pc obj192_metal_box obj194_slab_of_granite obj197_forklift obj212_lab_bench obj215_socket obj219_pentagram obj229_carvings obj235_floor_waxer obj250_professor obj251_floor_waxer
Attribute 11	attrib11		! obj31_manhole obj82
Attribute 12	attrib12		! obj82 obj235_floor_waxer
Attribute 13	attrib13		! obj2_keyring obj5_elevator_shaft obj7_smooth_stone obj10_cylindrical_hole obj19_brick_wall obj23_vat obj31_manhole obj52_elevator_shaft obj62_chair obj67_elevator_shaft obj77_manhole_cover obj80_greasy_chain obj82 obj92_tub_of_dirt obj96_dead_rat obj100_urchin obj101_hole obj129_hacker obj143_tangle_of_machinery obj153_tangle_of_machinery obj160_kitchen_counter obj178_elevator_shaft obj189_human_hand obj191_pc obj194_slab_of_granite obj197_forklift obj212_lab_bench obj215_socket obj219_pentagram obj229_carvings obj233_slot obj235_floor_waxer obj250_professor obj251_floor_waxer
Attribute 14	attrib14		! obj16_Small_Courtyard obj82 obj98_Smith_Street obj121_Roof_of_Great_Dome obj127_Roof obj145_On_the_Great_Dome obj180_Great_Court obj185_Smith_Street obj190_Mass__Ave_ obj222_Skyscraper_Roof
Attribute 15	attrib15		! obj9_Tomb obj16_Small_Courtyard obj21_At_Platform obj27_Basement obj33_Kitchen obj35_Stairway obj38_Engineering_Building obj65_Computer_Center obj69_Inner_Lair obj82 obj98_Smith_Street obj109_Inside_Dome obj110_Third_Floor obj121_Roof_of_Great_Dome obj124_Elevator obj127_Roof obj134_Basalt_Bowl obj136_Aero_Lobby obj137_Second_Floor obj142_Subbasement obj145_On_the_Great_Dome obj150_Fruits_and_Nuts obj152_Place obj158_Aero_Basement obj174_Department_of_Alchemy obj176_Terminal_Room obj179_Cluttered_Passage obj180_Great_Court obj181_Wet_Tunnel obj185_Smith_Street obj190_Mass__Ave_ obj195_Top_Floor obj200_Brown_Basement obj202_Temporary_Basement obj206_Infinite_Corridor obj208_Infinite_Corridor obj210_Infinite_Corridor obj213_Top_of_Dome obj214_Infinite_Corridor obj218_Infinite_Corridor obj222_Skyscraper_Roof obj240_Brown_Building obj248_Chemistry_Building obj249_Great_Dome obj251_floor_waxer
Attribute 16	attrib16		! obj6_your_hand obj24_your_feet obj29_yourself obj60_your_head obj71_sleep obj82 obj83_it obj148_him obj151_your_eyes obj196_it
Attribute 17	attrib17		! obj4_air obj6_your_hand obj24_your_feet obj29_yourself obj60_your_head obj71_sleep obj73_microwave_controls obj79_junk obj82 obj83_it obj90_Chinese_food obj148_him obj151_your_eyes obj170_urchins obj196_it obj223_sewer_rats obj237_dirt obj243_floor_wax
Attribute 18	attrib18		! obj1_catwalk obj2_keyring obj5_elevator_shaft obj6_your_hand obj13_program obj22_slime_curtain obj24_your_feet obj26_iron_plate obj30_branded_symbol obj32_hook obj36_tattoo obj40_new_brick obj43_outlet obj50_pool obj52_elevator_shaft obj54_power_cord obj55_carved_symbol obj56_it obj57_alarm_button obj63_YAK_editor obj67_elevator_shaft obj68_coaxial_cable obj72_missing_students obj73_microwave_controls obj76_elevator_doors obj79_junk obj80_greasy_chain obj81_sign obj82 obj83_it obj84_door obj86_microwave_oven obj91_metal_plate obj92_tub_of_dirt obj93_cablelike_appendage obj94_dark_shape obj101_hole obj102_office obj103_ladder obj105_refrigerator obj107_HELP_key obj108_Alchemy_Department_door obj111_ancient_door obj112_hole obj113_pressure_valve obj114_thing obj119_hatch obj120_access_panel obj123 obj125_incised_symbol obj128_B_button obj130_peach_tree obj135_padlock obj141_wire obj143_tangle_of_machinery obj144_steam_pipes obj146_menu_box obj147_dome obj148_him obj153_tangle_of_machinery obj154_platform obj155_coaxial_cable obj159_clothes obj160_kitchen_counter obj162_thing obj163_roof_door obj166_broken_brick obj168_archway obj169_up_arrow obj172_classics_paper obj177_whitish_mass obj178_elevator_shaft obj188_greasy_chain obj194_slab_of_granite obj199_mouse obj204_ceiling obj209_down_arrow obj211_close_button obj215_socket obj216_more_box obj219_pentagram obj220_stop_switch obj224_display obj225_elevator_doors obj228_open_button obj229_carvings obj230_missing_urchins obj233_slot obj236_ropy_strand obj239_frosted_glass_window obj241_floor_button obj245_outside_door obj251_floor_waxer
Attribute 19	attrib19		! obj82 obj108_Alchemy_Department_door obj111_ancient_door obj119_hatch obj135_padlock obj163_roof_door obj245_outside_door
Attribute 20	attrib20		! obj45_bolt_cutter obj56_it obj80_greasy_chain obj82 obj111_ancient_door obj170_urchins obj231_reinforcing_rod
Attribute 21	attrib21		! obj4_air obj5_elevator_shaft obj26_iron_plate obj43_outlet obj52_elevator_shaft obj57_alarm_button obj67_elevator_shaft obj74_elevator obj82 obj83_it obj88_emergency_cabinet obj89_elevator_doors obj97_assignment obj100_urchin obj111_ancient_door obj115_elevator_doors obj118_elevator_doors obj120_access_panel obj122_elevator_doors obj165_east_wall obj169_up_arrow obj178_elevator_shaft obj207_Alchemy_Department_computer obj225_elevator_doors obj228_open_button
Attribute 22	attrib22		! obj132_flashlight
Attribute 23	attrib23		! obj8_plastic_container obj18_package_of_Funny_Bones obj23_vat obj58_cardboard_carton obj63_YAK_editor obj81_sign obj82 obj88_emergency_cabinet obj97_assignment obj105_refrigerator obj107_HELP_key obj108_Alchemy_Department_door obj146_menu_box obj167_piece_of_paper obj172_classics_paper obj183_sign_up_sheet obj207_Alchemy_Department_computer obj216_more_box obj229_carvings obj239_frosted_glass_window
Attribute 24	attrib24		! obj2_keyring obj3_red_aluminum_Yale_key obj7_smooth_stone obj8_plastic_container obj12_wooden_ladder obj14_metal_cover obj18_package_of_Funny_Bones obj23_vat obj40_new_brick obj41_fire_axe obj45_bolt_cutter obj48_cold_liquid obj53_metal_flask obj58_cardboard_carton obj61_two_liter_bottle_of_Classic_Coke obj62_chair obj75_greasy_chain obj77_manhole_cover obj80_greasy_chain obj82 obj90_Chinese_food obj95_master_key obj96_dead_rat obj97_assignment obj104_pair_of_rubber_boots obj132_flashlight obj133_brass_hyrax obj135_padlock obj156_crowbar obj159_clothes obj166_broken_brick obj167_piece_of_paper obj175_knife obj183_sign_up_sheet obj186_power_line obj188_greasy_chain obj189_human_hand obj191_pc obj203_pair_of_electrician_s_gloves obj217_tarry_liquid obj242_bronze_plug obj243_floor_wax obj244_green_aluminum_Medeco_key obj246_green_brass_Yale_key obj252_green_aluminum_Yale_key
Attribute 25	attrib25		! obj31_manhole obj82 obj84_door obj89_elevator_doors obj91_metal_plate obj102_office obj108_Alchemy_Department_door obj111_ancient_door obj115_elevator_doors obj118_elevator_doors obj119_hatch obj122_elevator_doors obj163_roof_door obj225_elevator_doors obj245_outside_door
Attribute 26	attrib26		! obj6_your_hand obj24_your_feet obj45_bolt_cutter obj82 obj175_knife
Attribute 27	attrib27		! obj2_keyring obj5_elevator_shaft obj7_smooth_stone obj8_plastic_container obj10_cylindrical_hole obj19_brick_wall obj23_vat obj26_iron_plate obj31_manhole obj52_elevator_shaft obj53_metal_flask obj56_it obj58_cardboard_carton obj62_chair obj67_elevator_shaft obj75_greasy_chain obj77_manhole_cover obj80_greasy_chain obj82 obj86_microwave_oven obj88_emergency_cabinet obj89_elevator_doors obj92_tub_of_dirt obj96_dead_rat obj100_urchin obj101_hole obj105_refrigerator obj115_elevator_doors obj118_elevator_doors obj119_hatch obj120_access_panel obj122_elevator_doors obj129_hacker obj143_tangle_of_machinery obj153_tangle_of_machinery obj160_kitchen_counter obj178_elevator_shaft obj188_greasy_chain obj189_human_hand obj191_pc obj192_metal_box obj194_slab_of_granite obj197_forklift obj212_lab_bench obj215_socket obj219_pentagram obj229_carvings obj233_slot obj235_floor_waxer obj250_professor obj251_floor_waxer
Attribute 28	attrib28		! obj33_Kitchen obj82
Attribute 29	attrib29		! obj5_elevator_shaft obj50_pool obj52_elevator_shaft obj62_chair obj67_elevator_shaft obj68_coaxial_cable obj74_elevator obj82 obj154_platform obj178_elevator_shaft obj194_slab_of_granite obj197_forklift obj219_pentagram obj233_slot obj235_floor_waxer obj251_floor_waxer
Attribute 30	attrib30		! obj7_smooth_stone obj40_new_brick obj41_fire_axe obj45_bolt_cutter obj48_cold_liquid obj82 obj156_crowbar obj166_broken_brick obj175_knife obj186_power_line obj242_bronze_plug
Attribute 31	attrib31		! obj20_maintenance_man obj29_yourself obj56_it obj72_missing_students obj82 obj100_urchin obj114_thing obj126_maintenance_man obj129_hacker obj162_thing obj170_urchins obj177_whitish_mass obj230_missing_urchins obj250_professor

Property 2	prop2:string
Property 3	prop3:?
Property 4	prop4:?
Property 5	prop5:?
Property 6	prop6:?
Property 7	prop7:?
Property 8	prop8:?
Property 9	prop9:?
Property 10	prop10:string
Property 11	prop11:?
Property 12	prop12:?
Property 13	prop13:?
Property 14	prop14:string
Property 15	prop15:string
Property 16	prop16:?
Property 17	prop17:?
Property 18	prop18:?
Property 19	prop19:dictwords
Property 20	out_to:exit
Property 21	ahead_to:exit
Property 22	d_to:exit
Property 23	u_to:exit
Property 24	northw_to:exit
Property 25	w_to:exit
Property 27	s_to:exit
Property 28	se_to:exit
Property 29	e_to:exit
Property 31	n_to:exit

Global 0	global0:?
Global 1	global1:?
Global 2	global2:?
Global 3	global3:?
Global 4	global4:?
Global 5	global5:?
Global 6	global6:?
Global 7	global7:?
Global 8	global8:?
Global 9	global9:?
Global 10	global10:?
Global 11	global11:?
Global 12	global12:?
Global 13	global13:?
Global 14	global14:?
Global 15	global15:?
Global 16	global16:?
Global 17	global17:?
Global 18	global18:?
Global 19	global19:?
Global 20	global20:?
Global 21	global21:?
Global 22	global22:?
Global 23	global23:?
Global 24	global24:?
Global 25	global25:?
Global 26	global26:?
Global 27	global27:?
Global 28	global28:?
Global 29	global29:?
Global 30	global30:?
Global 31	global31:?
Global 32	global32:?
Global 33	global33:?
Global 34	global34:?
Global 35	global35:?
Global 36	global36:?
Global 37	global37:?
Global 38	global38:?
Global 39	global39:?
Global 40	global40:?
Global 41	global41:?
Global 42	global42:?
Global 43	global43:?
Global 44	global44:?
Global 45	global45:?
Global 46	global46:?
Global 47	global47:?
Global 48	global48:?
Global 49	global49:?
Global 50	global50:?
Global 51	global51:?
Global 52	global52:?
Global 53	global53:?
Global 54	global54:?
Global 55	global55:?
Global 56	global56:?
Global 57	global57:?
Global 58	global58:?
Global 59	global59:?
Global 60	global60:?
Global 61	global61:?
Global 62	global62:?
Global 63	global63:?
Global 64	global64:?
Global 65	global65:?
Global 66	global66:?
Global 67	global67:?
Global 68	global68:?
Global 69	global69:?
Global 70	global70:?
Global 71	global71:?
Global 72	global72:?
Global 73	global73:?
Global 74	global74:?
Global 75	global75:?
Global 76	global76:?
Global 77	global77:?
Global 78	global78:?
Global 79	global79:?
Global 80	global80:?
Global 81	global81:?
Global 82	global82:?
Global 83	global83:?
Global 84	global84:?
Global 85	global85:?
Global 86	global86:?
Global 87	global87:?
Global 88	global88:?
Global 89	global89:?
Global 90	global90:?
Global 91	global91:?
Global 92	global92:?
Global 93	global93:?
Global 94	global94:?
Global 95	global95:?
Global 96	global96:?
Global 97	global97:?
Global 98	global98:?
Global 99	global99:?
Global 100	global100:?
Global 101	global101:?
Global 102	global102:?
Global 103	global103:?
Global 104	global104:?
Global 105	global105:?
Global 106	global106:?
Global 107	global107:?
Global 108	global108:?
Global 109	global109:?
Global 110	global110:?
Global 111	global111:?
Global 112	global112:?
Global 113	global113:?
Global 114	global114:?
Global 115	global115:?
Global 116	global116:?
Global 117	global117:?
Global 118	global118:?
Global 119	global119:?
Global 120	global120:?
Global 121	global121:?
Global 122	global122:?
Global 123	global123:?
Global 124	global124:?
Global 125	global125:?
Global 126	global126:?
Global 127	global127:?
Global 128	global128:?
Global 129	global129:?
Global 130	global130:?
Global 131	global131:?
Global 132	global132:?
Global 133	global133:?
Global 134	global134:?
Global 135	global135:?
Global 136	global136:?
Global 137	global137:?
Global 138	global138:?
Global 139	global139:?
Global 140	global140:?
Global 141	global141:?
Global 142	global142:?
Global 143	global143:?
Global 144	global144:?
Global 145	global145:?
Global 146	global146:?
Global 147	global147:?
Global 148	global148:?
Global 149	global149:?
Global 150	global150:?
Global 151	global151:?
Global 152	global152:?
Global 153	global153:?
Global 154	global154:?
Global 155	global155:?
Global 156	global156:?
Global 157	global157:?
Global 158	global158:?
Global 159	global159:?
Global 160	global160:?
Global 161	global161:?
Global 162	global162:?
Global 163	global163:?
Global 164	global164:?
Global 165	global165:?
Global 166	global166:?
Global 167	global167:?
Global 168	global168:?
Global 169	global169:?
Global 170	global170:?
Global 171	global171:?
Global 172	global172:?
Global 173	global173:?
Global 174	global174:?
Global 175	global175:?
Global 176	global176:?
Global 177	global177:?
Global 178	global178:?
Global 179	global179:?
Global 180	global180:?
Global 181	global181:?
Global 182	global182:?
Global 183	global183:?
Global 184	global184:?
Global 185	global185:?
Global 186	global186:?
Global 187	global187:?
Global 188	global188:?
Global 189	global189:?
Global 190	global190:?
Global 191	global191:?
Global 192	global192:?
Global 193	global193:?
Global 194	global194:?
Global 195	global195:?
Global 196	global196:?
Global 197	global197:?
Global 198	global198:?
Global 199	global199:?
Global 200	global200:?
Global 201	global201:?
Global 202	global202:?
Global 203	global203:?
Global 204	global204:?
Global 205	global205:?
Global 206	global206:?
Global 207	global207:?
Global 208	global208:?
Global 209	global209:?
Global 210	global210:?
Global 211	global211:?
Global 212	global212:?
Global 213	global213:?
Global 214	global214:?
Global 215	global215:?
Global 216	global216:?
Global 217	global217:?
Global 218	global218:?
Global 219	global219:?
Global 220	global220:?
Global 221	global221:?
Global 222	global222:?
Global 223	global223:?
Global 224	global224:?
Global 225	global225:?
Global 226	global226:?
Global 227	global227:?
Global 228	global228:?
Global 229	global229:?
Global 230	global230:?
Global 231	global231:?
Global 232	global232:?
Global 233	global233:?
Global 234	global234:?
Global 235	global235:?
Global 236	global236:?
Global 237	global237:?
Global 238	global238:?
Global 239	global239:?

Action 0	Action0		! 'verbos'
Action 1	Action1		! 'brief'
Action 2	Action2		! 'super'/'superb'
Action 3	Action3		! 'diagno'
Action 4	Action4		! 'i//'/'invent'
Action 5	Action5		! 'q//'/'quit'
Action 6	Action6		! 'restar'
Action 7	Action7		! 'restor'
Action 8	Action8		! 'save'
Action 9	Action9		! 'score'
Action 10	Action10	! 'script'
Action 11	Action11	! 'unscri'
Action 12	Action12	! 'versio'
Action 13	Action13	! '$ve' object
				! '$ve'
Action 14	Action14	! 'answer'/'reply'/'respon'
Action 15	Action15	! 'answer'/'reply'/'respon' object
				! 'tell' object object
Action 16	Action16	! 'drop'/'dump' object(held,many,have) 'onto'/'on' object
				! 'drop'/'dump' object(held,many,have) 'into'/'inside'/'in'/'ahead' object
				! 'drop'/'dump' object(held,many,have) 'down'/'d//' object
				! 'apply' object(held,many,have) 'to' object
				! 'empty'/'pour'/'spill' object(held,carried) 'into'/'inside'/'in'/'ahead' object
				! 'insert'/'lay'/'place'/'put' object(held,many,have) 'down'/'d//' object
				! 'insert'/'lay'/'place'/'put' object(held,many,have) 'into'/'inside'/'in'/'ahead' object
Action 17	Action17	! 'ask'/'quiz' attrib31 'for' object
				! 'ask'/'quiz' 'for' object
Action 18	Action18	! 'ask'/'quiz' attrib31 'about' object
				! 'ask'/'quiz' 'about' object
Action 19	Action19	! 'attack'/'fight'/'hit'/'strike' attrib31(in_room,on_ground) 'with'/'using' attrib30(held,carried,have)
				! 'attack'/'fight'/'hit'/'strike' attrib31(in_room,on_ground)
				! 'knock'/'rap' 'down'/'d//' attrib31(in_room,on_ground)
Action 20	Action20	! 'bite' object
Action 21	Action21	! 'flip'/'power'/'set'/'turn' 'off' object(held,carried,in_room,on_ground,take)
				! 'exting' object(held,carried,in_room,on_ground,take,many,have)
				! 'blow' 'out' object
Action 22	Action22	! 'climb'/'scale' 'into'/'inside'/'in'/'ahead' attrib29(in_room,on_ground)
				! 'slide' 'onto'/'on' object
				! 'nap'/'sleep' 'onto'/'on' object(in_room,on_ground)
				! 'nap'/'sleep' 'into'/'inside'/'in'/'ahead' object(in_room,on_ground)
				! 'rest'/'sit' 'into'/'inside'/'in'/'ahead' attrib29(in_room,on_ground)
				! 'hang' 'from' object
				! 'concea'/'hide' 'into'/'inside'/'in'/'ahead' object
				! 'rise'/'stand' 'into'/'inside'/'in'/'ahead' object
				! 'board'/'ride' attrib29(in_room,on_ground)
				! 'lie' 'onto'/'on' attrib29
				! 'carry'/'catch'/'get'/'grab'/'hold'/'snatch'/'take' 'into'/'inside'/'in'/'ahead' attrib29(in_room,on_ground)
Action 23	Action23	! 'burn'/'ignite' 'down'/'d//' object(held,carried,in_room,on_ground) 'with'/'using' object(held,carried,in_room,on_ground,have)
				! 'burn'/'ignite' object(held,carried,in_room,on_ground) 'with'/'using' object(held,carried,in_room,on_ground,have)
Action 24	Action24	! 'climb'/'scale' object(in_room,on_ground)
Action 25	Action25	! 'climb'/'scale' 'onto'/'on' attrib29(in_room,on_ground)
				! 'carry'/'catch'/'get'/'grab'/'hold'/'snatch'/'take' 'onto'/'on' attrib29(in_room,on_ground)
				! 'dive'/'jump'/'leap' 'to' object
				! 'dive'/'jump'/'leap' 'onto'/'on' object
Action 26	Action26	! 'climb'/'scale' 'up'/'u//' attrib28(in_room,on_ground)
				! 'drive'/'go'/'procee'/'run'/'steer'/'step'/'walk' 'up'/'u//' object(in_room,on_ground)
Action 27	Action27	! 'climb'/'scale' 'down'/'d//' attrib28(in_room,on_ground)
				! 'descen' object(in_room,on_ground)
				! 'drive'/'go'/'procee'/'run'/'steer'/'step'/'walk' 'down'/'d//' object(in_room,on_ground)
Action 28	Action28	! 'climb'/'scale' 'over' object(in_room,on_ground)
Action 29	Action29	! 'climb'/'scale' 'out' attrib28(in_room,on_ground)
				! 'climb'/'scale' 'off' attrib28(in_room,on_ground)
				! 'disemb' object(in_room,on_ground)
				! 'disemb'
				! 'carry'/'catch'/'get'/'grab'/'hold'/'snatch'/'take' 'out' attrib28(on_ground)
Action 30	Action30	! 'cover' object 'with'/'using' object(in_room,on_ground)
Action 31	Action31	! 'nap'/'sleep'
				! 'lie' 'down'/'d//' attrib28
Action 32	Action32	! 'close'/'shut' attrib27(held,carried,in_room,on_ground) 'with'/'using' attrib30
				! 'close'/'shut' attrib27(held,carried,in_room,on_ground)
Action 33	Action33	! 'compar' object(many)
Action 34	Action34	! 'compar' object 'with'/'using' object
				! 'compar' object 'to' object
Action 35	Action35	! 'count' object 'into'/'inside'/'in'/'ahead' object
				! 'count' object
Action 36	Action36	! 'cross' object
Action 37	Action37	! 'chop'/'cut'/'prune'/'slash'/'slice'/'split' 'thru'/'throug' object 'with'/'using' attrib30(held,carried,have)
				! 'chop'/'cut'/'prune'/'slash'/'slice'/'split' object 'with'/'using' attrib30(held,carried,have)
Action 38	Action38	! 'damn'/'fuck'/'shit'
Action 39	Action39	! 'break'/'crack'/'destro'/'scrape'/'scratc'/'smash'/'wreck' 'down'/'d//' object(held,carried,in_room,on_ground) 'with'/'using' object(held,carried,take,have)
				! 'break'/'crack'/'destro'/'scrape'/'scratc'/'smash'/'wreck' object(held,carried,in_room,on_ground) 'with'/'using' object(held,carried,take,have)
				! 'break'/'crack'/'destro'/'scrape'/'scratc'/'smash'/'wreck' object(in_room,on_ground)
Action 40	Action40	! 'dig' 'into'/'inside'/'in'/'ahead' object(in_room,on_ground) 'with'/'using' attrib26(held,carried,have)
				! 'dig' object(in_room,on_ground) 'with'/'using' attrib26(held,carried,have)
				! 'dig' 'thru'/'throug' object
				! 'dig' 'with'/'using' object
				! 'dig' 'into'/'inside'/'in'/'ahead' object
Action 41	Action41	! 'drink'/'sip'/'swallo' object(held,carried,in_room,on_ground)
Action 42	Action42	! 'drink'/'sip'/'swallo' 'from' object(held,carried)
Action 43	Action43	! 'leave' object
				! 'drop'/'dump' 'from' object
				! 'drop'/'dump' object(held,many,have)
				! 'hurl'/'pitch'/'throw'/'toss' object(held,many,have) 'away' attrib28
				! 'hurl'/'pitch'/'throw'/'toss' 'away' object(held,many,have)
				! 'let' 'go' attrib28
				! 'insert'/'lay'/'place'/'put' 'down'/'d//' object(held,many)
Action 44	Action44	! 'releas' object
Action 45	Action45	! 'consum'/'eat'/'gobble' object(held,carried,in_room,on_ground,many)
Action 46	Action46	! 'sample'/'taste' object(held,carried,in_room,on_ground,many)
Action 47	Action47	! 'enter'
Action 48	Action48	! 'enter' object
				! 'drive'/'go'/'procee'/'run'/'steer'/'step'/'walk' 'thru'/'throug' object
				! 'drive'/'go'/'procee'/'run'/'steer'/'step'/'walk' 'into'/'inside'/'in'/'ahead' attrib28
Action 49	Action49	! 'depart'/'exit'/'withdr' object
				! 'depart'/'exit'/'withdr'
Action 50	Action50	! 'check'/'descri'/'examin'/'watch'/'x//' object(held,carried,in_room,on_ground)
				! 'gaze'/'l//'/'look'/'stare' 'at' object(held,carried,in_room,on_ground)
Action 51	Action51	! 'check'/'descri'/'examin'/'watch'/'x//' 'onto'/'on' object(held,carried,in_room,on_ground)
				! 'check'/'descri'/'examin'/'watch'/'x//' 'into'/'inside'/'in'/'ahead' object(held,carried,in_room,on_ground)
				! 'gaze'/'l//'/'look'/'stare' 'into'/'inside'/'in'/'ahead' object(held,carried,in_room,on_ground)
				! 'gaze'/'l//'/'look'/'stare' 'onto'/'on' object(held,carried,in_room,on_ground)
				! 'gaze'/'l//'/'look'/'stare' 'thru'/'throug' object
Action 52	Action52	! 'check'/'descri'/'examin'/'watch'/'x//' 'for' object
				! 'gaze'/'l//'/'look'/'stare' 'for' object
				! 'rummag'/'search' 'for' object
				! 'find' object
Action 53	Action53	! 'fill' attrib27(held,take,have) 'at' object
				! 'fill' attrib27(held,take,have) 'with'/'using' object
				! 'fill' attrib27(held,take,have)
Action 54	Action54	! 'chase'/'follow' object
				! 'chase'/'follow'
Action 55	Action55	! 'feed'/'give'/'offer' object(held,carried,many,have) 'to' attrib31(on_ground)
Action 56	Action56	! 'feed'/'give'/'offer' attrib31(on_ground) 'with'/'using' object(held,carried,many,have)
				! 'feed'/'give'/'offer' attrib31(on_ground) object(held,carried,many,have)
Action 57	Action57	! 'trade' object(held,carried,have)
				! 'trade' object(held,carried,have) 'for' object
				! 'trade' object(held,carried,have) 'with'/'using' attrib31
				! 'feed'/'give'/'offer' object(held,carried,have) 'for' object
Action 58	Action58	! 'greeti'/'hello'/'hi' object
				! 'greeti'/'hello'/'hi'
Action 59	Action59	! 'help'/'hint' object
				! 'help'/'hint'
Action 60	Action60	! 'concea'/'hide' object(held,have) 'from' object
				! 'concea'/'hide' 'behind' object
				! 'concea'/'hide' 'undern'/'under'/'beneat'/'below' object
				! 'concea'/'hide' object(held,have)
				! 'concea'/'hide'
Action 61	Action61	! 'concea'/'hide' 'from' object
Action 62	Action62	! 'dive'/'jump'/'leap' 'off' object
				! 'dive'/'jump'/'leap' 'down'/'d//' attrib28
				! 'dive'/'jump'/'leap' 'from' object
				! 'dive'/'jump'/'leap' 'into'/'inside'/'in'/'ahead' object
				! 'dive'/'jump'/'leap' 'across' object
				! 'dive'/'jump'/'leap' 'over' object
				! 'dive'/'jump'/'leap'
				! 'drive'/'go'/'procee'/'run'/'steer'/'step'/'walk' 'over' object
Action 63	Action63	! 'kick' object
Action 64	Action64	! 'kill'/'murder'/'slay'/'stab' attrib31(in_room,on_ground) 'with'/'using' attrib30(held,carried,have)
				! 'kill'/'murder'/'slay'/'stab' attrib31(in_room,on_ground)
Action 65	Action65	! 'kiss' attrib31(in_room,on_ground)
Action 66	Action66	! 'knock'/'rap' 'onto'/'on' object
				! 'knock'/'rap' 'at' object
Action 67	Action67	! 'lean' 'onto'/'on' object(held,have)
Action 68	Action68	! 'lean' object 'agains' object
				! 'lean' object 'onto'/'on' object
				! 'rise'/'stand' object 'agains' object
				! 'erect'/'lift'/'raise' 'up'/'u//' object
				! 'erect'/'lift'/'raise' object
				! 'insert'/'lay'/'place'/'put' 'up'/'u//' object
Action 69	Action69	! 'leave'
				! 'drive'/'go'/'procee'/'run'/'steer'/'step'/'walk' 'away' attrib28
Action 70	Action70	! 'listen' 'for' object
				! 'listen' 'to' object
				! 'listen'
Action 71	Action71	! 'lock' object(in_room,on_ground) 'to' object
				! 'lock' object(in_room,on_ground) 'with'/'using' object(held,carried,have)
Action 72	Action72	! 'gaze'/'l//'/'look'/'stare' 'around'/'along' attrib28
				! 'gaze'/'l//'/'look'/'stare'
Action 73	Action73	! 'gaze'/'l//'/'look'/'stare' 'down'/'d//' attrib28
Action 74	Action74	! 'gaze'/'l//'/'look'/'stare' 'undern'/'under'/'beneat'/'below' object
Action 75	Action75	! 'gaze'/'l//'/'look'/'stare' 'behind' object
Action 76	Action76	! 'gaze'/'l//'/'look'/'stare' 'at' object(held,carried,in_room,on_ground,take) 'thru'/'throug' object
				! 'read' attrib23(held,carried,in_room,on_ground)
Action 77	Action77	! 'gaze'/'l//'/'look'/'stare' 'up'/'u//' attrib28
Action 78	Action78	! 'what' 'about' object
				! 'what' object
				! 'gaze'/'l//'/'look'/'stare' 'up'/'u//' object 'into'/'inside'/'in'/'ahead' object
				! 'read' 'about' object
Action 79	Action79	! 'gaze'/'l//'/'look'/'stare' object
Action 80	Action80	! 'lower' object
				! 'carry'/'catch'/'get'/'grab'/'hold'/'snatch'/'take' 'down'/'d//' object
				! 'drag'/'pull'/'tug' 'down'/'d//' object
Action 81	Action81	! 'lower' object 'down'/'d//' object
				! 'lower' object 'into'/'inside'/'in'/'ahead' object
Action 82	Action82	! 'melt'/'thaw' object 'with'/'using' object(held,carried,in_room,on_ground)
Action 83	Action83	! 'clear'/'move'/'shift'
				! 'drive'/'go'/'procee'/'run'/'steer'/'step'/'walk' 'around'/'along' object
				! 'drive'/'go'/'procee'/'run'/'steer'/'step'/'walk'
Action 84	Action84	! 'slide' object
				! 'roll' 'up'/'u//' object(in_room,on_ground)
				! 'clear'/'move'/'shift' object(in_room,on_ground)
				! 'drag'/'pull'/'tug' 'onto'/'on' object(in_room,on_ground)
				! 'drag'/'pull'/'tug' object(in_room,on_ground)
Action 85	Action85	! 'remove'/'shed' object 'with'/'using' object
				! 'unplug'/'unscre' object 'with'/'using' object
				! 'clear'/'move'/'shift' object(in_room,on_ground) 'with'/'using' object
				! 'lever'/'pry' 'out' object 'with'/'using' object
				! 'lever'/'pry' object 'with'/'using' object
				! 'erect'/'lift'/'raise' 'up'/'u//' object 'with'/'using' object
				! 'erect'/'lift'/'raise' object 'with'/'using' object
				! 'carry'/'catch'/'get'/'grab'/'hold'/'snatch'/'take' attrib24(carried,in_room,many) 'with'/'using' object
Action 86	Action86	! 'press'/'push'/'shove' object(in_room,on_ground) 'onto'/'on' object
				! 'press'/'push'/'shove' object(in_room,on_ground) 'to' object
				! 'press'/'push'/'shove' object(in_room,on_ground) object
				! 'clear'/'move'/'shift' object(in_room,on_ground) 'onto'/'on' object
				! 'clear'/'move'/'shift' object(in_room,on_ground) 'to' object
Action 87	Action87	! 'pray'
Action 88	Action88	! 'open' attrib25(held,carried,in_room,on_ground) 'with'/'using' attrib26(held,carried,in_room,on_ground)
				! 'open' 'up'/'u//' attrib25(held,carried,in_room,on_ground)
				! 'open' attrib25(held,carried,in_room,on_ground)
Action 89	Action89	! 'pick' object 'with'/'using' object
				! 'pick' object
Action 90	Action90	! 'remove'/'shed' object 'from' object
				! 'pick' 'up'/'u//' attrib24(on_ground,many)
				! 'carry'/'catch'/'get'/'grab'/'hold'/'snatch'/'take' attrib24(carried,in_room,many) 'into'/'inside'/'in'/'ahead' object
				! 'carry'/'catch'/'get'/'grab'/'hold'/'snatch'/'take' attrib24(carried,in_room,many) 'from' object
				! 'carry'/'catch'/'get'/'grab'/'hold'/'snatch'/'take' attrib24(carried,in_room,many) 'off' object
				! 'carry'/'catch'/'get'/'grab'/'hold'/'snatch'/'take' attrib24(carried,in_room,many) 'out' object
				! 'carry'/'catch'/'get'/'grab'/'hold'/'snatch'/'take' attrib24(in_room,on_ground,many)
Action 91	Action91	! 'plug'/'screw' object 'into'/'inside'/'in'/'ahead' object
				! 'plug'/'screw' object 'with'/'using' object
Action 92	Action92	! 'plug'/'screw' 'into'/'inside'/'in'/'ahead' object
Action 93	Action93	! 'unplug'/'unscre' object
Action 94	Action94	! 'detach'/'discon'/'free'/'unatta'/'unfast'/'unhook'/'untie'/'unwrap' object(held,carried,in_room,on_ground) 'from' object
				! 'detach'/'discon'/'free'/'unatta'/'unfast'/'unhook'/'untie'/'unwrap' object(held,carried,in_room,on_ground)
				! 'unplug'/'unscre' object 'from' object
Action 95	Action95	! 'fix'/'patch'/'repair' object 'with'/'using' object
				! 'fix'/'patch'/'repair' object
Action 96	Action96	! 'gestur'/'point' 'to' object
				! 'gestur'/'point' 'at' object
Action 97	Action97	! 'empty'/'pour'/'spill' object(held,carried) 'thru'/'throug' object
				! 'empty'/'pour'/'spill' object(held,carried) 'over' object
				! 'empty'/'pour'/'spill' object(held,carried) 'onto'/'on' object
				! 'empty'/'pour'/'spill' object(held,carried)
Action 98	Action98	! 'empty'/'pour'/'spill' object(held,carried) 'from' object
Action 99	Action99	! 'press'/'push'/'shove' 'onto'/'on' object(in_room,on_ground)
				! 'press'/'push'/'shove' object(in_room,on_ground)
Action 100	Action100	! 'slide' object 'undern'/'under'/'beneat'/'below' object
				! 'press'/'push'/'shove' object 'undern'/'under'/'beneat'/'below' object
				! 'insert'/'lay'/'place'/'put' object(held,many,have) 'undern'/'under'/'beneat'/'below' object
Action 101	Action101	! 'press'/'push'/'shove' 'down'/'d//' attrib28
Action 102	Action102	! 'press'/'push'/'shove' 'up'/'u//' attrib28
Action 103	Action103	! 'hang' object 'from' object
				! 'hang' object 'onto'/'on' object
				! 'insert'/'lay'/'place'/'put' object(held,many,have) 'across' object
				! 'insert'/'lay'/'place'/'put' object(held,many,have) 'over' object
				! 'insert'/'lay'/'place'/'put' object(held,many,have) 'onto'/'on' object
Action 104	Action104	! 'wear' object(held,carried,in_room,on_ground,take,many,have)
				! 'insert'/'lay'/'place'/'put' 'onto'/'on' object(held,carried,in_room,on_ground,take,many,have)
Action 105	Action105	! 'insert'/'lay'/'place'/'put' object(held,many,have) 'behind' object
Action 106	Action106	! 'insert'/'lay'/'place'/'put' object(held,have) 'betwee' object
Action 107	Action107	! 'attach'/'connec'/'fasten'/'hook'/'loop'/'tie'/'wrap' object 'onto'/'on' object
				! 'attach'/'connec'/'fasten'/'hook'/'loop'/'tie'/'wrap' object 'around'/'along' object
				! 'attach'/'connec'/'fasten'/'hook'/'loop'/'tie'/'wrap' object 'to' object
				! 'insert'/'lay'/'place'/'put' object(held,have) 'around'/'along' object
Action 108	Action108	! 'reach' 'into'/'inside'/'in'/'ahead' object(in_room,on_ground) 'with'/'using' object(held,carried,have)
				! 'reach' 'into'/'inside'/'in'/'ahead' object(in_room,on_ground)
Action 109	Action109	! 'reach' 'undern'/'under'/'beneat'/'below' object(in_room,on_ground)
				! 'rummag'/'search' 'into'/'inside'/'in'/'ahead' object
				! 'rummag'/'search' object
Action 110	Action110	! 'show' object 'to' attrib31
				! 'read' attrib23(held,carried,in_room,on_ground) 'to' attrib31
Action 111	Action111	! 'remove'/'shed' object
				! 'carry'/'catch'/'get'/'grab'/'hold'/'snatch'/'take' 'off' object
Action 112	Action112	! 'tell' attrib31(held,carried,in_room)
				! 'call'/'say'/'talk' 'to' attrib31(in_room)
Action 113	Action113	! 'call'/'say'/'talk' object
				! 'call'/'say'/'talk'
Action 114	Action114	! 'rattle'/'shake' object
Action 115	Action115	! 'beckon'/'wave' 'to' object
				! 'beckon'/'wave' 'at' object
				! 'scream'/'shout'/'yell' 'at' object
				! 'rattle'/'shake' object 'at' object
Action 116	Action116	! 'hone'/'sharpe' object 'onto'/'on' object
				! 'hone'/'sharpe' object 'with'/'using' object
Action 117	Action117	! 'shoot' object
Action 118	Action118	! 'show' attrib31 object
Action 119	Action119	! 'rest'/'sit' 'down'/'d//' attrib28(in_room,on_ground)
				! 'rest'/'sit' 'onto'/'on' attrib29(in_room,on_ground)
Action 120	Action120	! 'rest'/'sit' 'at' object
Action 121	Action121	! 'hop'/'skip'
Action 122	Action122	! 'smell'/'sniff' object
				! 'smell'/'sniff'
Action 123	Action123	! 'rise'/'stand' 'up'/'u//' attrib28
				! 'rise'/'stand'
				! 'carry'/'catch'/'get'/'grab'/'hold'/'snatch'/'take' 'up'/'u//' attrib28
Action 124	Action124	! 'rise'/'stand' 'onto'/'on' object
Action 125	Action125	! 'start' 'up'/'u//' object
				! 'start' object
				! 'flip'/'power'/'set'/'turn' 'up'/'u//' object
				! 'flip'/'power'/'set'/'turn' 'onto'/'on' object(held,carried,in_room,on_ground)
				! 'light' 'up'/'u//' attrib22
				! 'light' attrib22
Action 126	Action126	! 'swim'/'wade' 'into'/'inside'/'in'/'ahead' object
				! 'swim'/'wade'
Action 127	Action127	! 'swing'/'thrust' attrib30(held,carried,have) 'at' attrib31(in_room,on_ground)
				! 'swing'/'thrust' attrib30(held,carried,have)
Action 128	Action128	! 'tell' object 'about' object
Action 129	Action129	! 'tell' 'about' object
Action 130	Action130	! 'thank'/'thanks'
				! 'thank'/'thanks' object
Action 131	Action131	! 'hurl'/'pitch'/'throw'/'toss' object(held,many,have) 'onto'/'on' object
				! 'hurl'/'pitch'/'throw'/'toss' object(held,many,have) 'into'/'inside'/'in'/'ahead' object
				! 'hurl'/'pitch'/'throw'/'toss' object(held,many,have) 'down'/'d//' object
				! 'hurl'/'pitch'/'throw'/'toss' object(held,carried,have) 'thru'/'throug' object(in_room,on_ground)
				! 'hurl'/'pitch'/'throw'/'toss' object(held,carried,have) 'to' object(in_room,on_ground)
				! 'hurl'/'pitch'/'throw'/'toss' object(held,carried,have) 'at' object(in_room,on_ground)
				! 'hurl'/'pitch'/'throw'/'toss' object(held,carried,have)
Action 132	Action132	! 'hurl'/'pitch'/'throw'/'toss' object(held,carried,have) 'over' object
				! 'hurl'/'pitch'/'throw'/'toss' object(held,carried,have) 'off' object
Action 133	Action133	! 'attach'/'connec'/'fasten'/'hook'/'loop'/'tie'/'wrap' 'up'/'u//' attrib31(in_room,on_ground) 'with'/'using' attrib26(held,carried,in_room,on_ground,have)
Action 134	Action134	! 't//'/'time'
Action 135	Action135	! 'tortur' object
Action 136	Action136	! 'feel'/'pat'/'pet'/'rub'/'squeez'/'touch' object 'with'/'using' object
				! 'feel'/'pat'/'pet'/'rub'/'squeez'/'touch' object
Action 137	Action137	! 'feel'/'pat'/'pet'/'rub'/'squeez'/'touch' object 'to' object
Action 138	Action138	! 'flip'/'power'/'set'/'turn' object 'with'/'using' attrib26(have)
				! 'flip'/'power'/'set'/'turn' object
				! 'flip'/'power'/'set'/'turn' object 'to' object
Action 139	Action139	! 'flip'/'power'/'set'/'turn' 'over' object
Action 140	Action140	! 'flip'/'power'/'set'/'turn' 'around'/'along' attrib28
Action 141	Action141	! 'stop' object
Action 142	Action142	! 'unlock' object(in_room,on_ground) 'with'/'using' object(held,carried,have)
Action 143	Action143	! 'wait'/'z//' object
				! 'wait'/'z//'
Action 144	Action144	! 'wait'/'z//' 'for' object
Action 145	Action145	! 'curdle'/'scare'/'startl'/'surpri' attrib31(in_room,on_ground) 'with'/'using' object
				! 'curdle'/'scare'/'startl'/'surpri' attrib31(in_room,on_ground)
Action 146	Action146	! 'awake'/'wake' 'up'/'u//' attrib28
				! 'awake'/'wake' attrib28
Action 147	Action147	! 'drive'/'go'/'procee'/'run'/'steer'/'step'/'walk' object
Action 148	Action148	! 'drive'/'go'/'procee'/'run'/'steer'/'step'/'walk' 'onto'/'on' object
Action 149	Action149	! 'approa' object
				! 'drive'/'go'/'procee'/'run'/'steer'/'step'/'walk' 'to' object
Action 150	Action150	! 'drive'/'go'/'procee'/'run'/'steer'/'step'/'walk' 'undern'/'under'/'beneat'/'below' object
Action 151	Action151	! 'drive'/'go'/'procee'/'run'/'steer'/'step'/'walk' object 'over' object
				! 'drive'/'go'/'procee'/'run'/'steer'/'step'/'walk' object 'onto'/'on' object
Action 152	Action152	! 'drive'/'go'/'procee'/'run'/'steer'/'step'/'walk' object object
Action 153	Action153	! 'beckon'/'wave' object(held,carried) 'at' object
				! 'beckon'/'wave' object(held,carried)
Action 154	Action154	! 'where' object
				! 'where'
Action 155	Action155	! 'who' object
				! 'who'
Action 156	Action156	! 'yawn'
Action 157	Action157	! 'scream'/'shout'/'yell'
Action 158	Action158	! 'bury' object 'into'/'inside'/'in'/'ahead' object
				! 'bury' object
Action 159	Action159	! 'okay'/'y//'/'yes'
Action 160	Action160	! 'no'/'nope'
Action 161	Action161	! 'buy'/'purcha' object 'with'/'using' object
				! 'buy'/'purcha' object 'from' attrib31
Action 162	Action162	! 'sell' object 'to' attrib31
Action 163	Action163	! 'sell' object object
Action 164	Action164	! 'erase' object
Action 165	Action165	! 'admire'/'compli' attrib31
Action 166	Action166	! 'bargai' 'with'/'using' attrib31
Action 167	Action167	! 'edit' object
Action 168	Action168	! 'choose'/'click'/'select' 'onto'/'on' object 'with'/'using' object
				! 'choose'/'click'/'select' 'onto'/'on' object
				! 'choose'/'click'/'select' object 'with'/'using' object
				! 'choose'/'click'/'select' object
Action 169	Action169	! 'input'/'type' object
Action 170	Action170	! 'login' 'as' object
				! 'login' 'onto'/'on' object
				! 'login' object
				! 'input'/'type' 'login' object
Action 171	Action171	! 'passwo' object
				! 'input'/'type' 'passwo' object
Action 172	Action172	! 'prop'/'wedge' object 'with'/'using' object
Action 173	Action173	! 'prop'/'wedge' object 'betwee' object
				! 'prop'/'wedge' object 'into'/'inside'/'in'/'ahead' object
Action 174	Action174	! 'die'
Action 175	Action175	! 'hack' object
				! 'hack'
Action 176	Action176	! 'cook'/'heat'/'warm' object
Action 177	Action177	! '#rand' object
Action 178	Action178	! '#comm'
Action 179	Action179	! '#reco'
Action 180	Action180	! '#unre'
Action 181	Action181	! '$so'

Word	$so	$so
Word	$ve	$ve
Word	#comm	#comm
Word	#rand	#rand
Word	#reco	#reco
Word	#unre	#unre
Word	access	access
Word	across	across
Word	admire	admire
Word	agains	agains
Word	alchem	alchem
Word	alumin	alumin
Word	ancien	ancien
Word	answer	answer
Word	append	append
Word	approa	approa
Word	archwa	archwa
Word	around	around
Word	assemb	assemb
Word	assign	assign
Word	attach	attach
Word	attack	attack
Word	banner	banner
Word	bargai	bargai
Word	basalt	basalt
Word	baseme	baseme
Word	beckon	beckon
Word	behind	behind
Word	beneat	beneat
Word	betwee	betwee
Word	blizza	blizza
Word	bottle	bottle
Word	brande	brande
Word	bricks	bricks
Word	broken	broken
Word	bronze	bronze
Word	bubbli	bubbli
Word	burrow	burrow
Word	button	button
Word	cabine	cabine
Word	cablel	cablel
Word	cablin	cablin
Word	cardbo	cardbo
Word	carton	carton
Word	carved	carved
Word	carvin	carvin
Word	catwal	catwal
Word	ceilin	ceilin
Word	chambe	chambe
Word	channe	channe
Word	childr	childr
Word	chines	chines
Word	choose	choose
Word	classi	classi
Word	closed	closed
Word	coaxia	coaxia
Word	coca-	coca-
Word	compar	compar
Word	compli	compli
Word	comput	comput
Word	concea	concea
Word	connec	connec
Word	consum	consum
Word	contai	contai
Word	contro	contro
Word	corrid	corrid
Word	counte	counte
Word	crawli	crawli
Word	creatu	creatu
Word	crowba	crowba
Word	crumbl	crumbl
Word	curdle	curdle
Word	curtai	curtai
Word	cutter	cutter
Word	cylind	cylind
Word	darkne	darkne
Word	debris	debris
Word	depart	depart
Word	descen	descen
Word	descri	descri
Word	desser	desser
Word	destro	destro
Word	detach	detach
Word	detrit	detrit
Word	diagno	diagno
Word	discon	discon
Word	disemb	disemb
Word	displa	displa
Word	down-	down-
Word	drippi	drippi
Word	editor	editor
Word	electr	electr
Word	elevat	elevat
Word	elixir	elixir
Word	emerge	emerge
Word	encrus	encrus
Word	equipm	equipm
Word	everyt	everyt
Word	examin	examin
Word	except	except
Word	exting	exting
Word	fasten	fasten
Word	finger	finger
Word	flashl	flashl
Word	floppy	floppy
Word	fluore	fluore
Word	follow	follow
Word	forkli	forkli
Word	format	format
Word	fridge	fridge
Word	froste	froste
Word	gestur	gestur
Word	gloves	gloves
Word	gobble	gobble
Word	gradua	gradua
Word	graffi	graffi
Word	granit	granit
Word	greasy	greasy
Word	greeti	greeti
Word	ground	ground
Word	growth	growth
Word	hacker	hacker
Word	identa	identa
Word	ignite	ignite
Word	incise	incise
Word	incomp	incomp
Word	indesc	indesc
Word	infest	infest
Word	insert	insert
Word	inside	inside
Word	intnam	intnam
Word	intnum	intnum
Word	invent	invent
Word	keycha	keycha
Word	keyrin	keyrin
Word	kitche	kitche
Word	labora	labora
Word	ladder	ladder
Word	letter	letter
Word	lights	lights
Word	liquid	liquid
Word	listen	listen
Word	locked	locked
Word	lovecr	lovecr
Word	machin	machin
Word	mainte	mainte
Word	manhol	manhol
Word	master	master
Word	medeco	medeco
Word	microw	microw
Word	missin	missin
Word	molded	molded
Word	monito	monito
Word	mortar	mortar
Word	moulde	moulde
Word	mummif	mummif
Word	murder	murder
Word	myself	myself
Word	narrow	narrow
Word	networ	networ
Word	new-l	new-l
Word	nitrog	nitrog
Word	northe	northe
Word	northw	northw
Word	number	number
Word	object	object
Word	obscen	obscen
Word	office	office
Word	openin	openin
Word	outlet	outlet
Word	output	output
Word	outsid	outsid
Word	packag	packag
Word	padloc	padloc
Word	pallet	pallet
Word	passag	passag
Word	passwo	passwo
Word	pentag	pentag
Word	people	people
Word	person	person
Word	phosph	phosph
Word	plasti	plasti
Word	platfo	platfo
Word	polish	polish
Word	poster	poster
Word	pressu	pressu
Word	proble	proble
Word	procee	procee
Word	profes	profes
Word	progra	progra
Word	protag	protag
Word	protru	protru
Word	puddle	puddle
Word	purcha	purcha
Word	railin	railin
Word	railro	railro
Word	rattle	rattle
Word	readou	readou
Word	recent	recent
Word	refrig	refrig
Word	reinfo	reinfo
Word	releas	releas
Word	remove	remove
Word	repair	repair
Word	repeat	repeat
Word	respon	respon
Word	restar	restar
Word	restor	restor
Word	revolt	revolt
Word	ropeli	ropeli
Word	rubber	rubber
Word	rubble	rubble
Word	rummag	rummag
Word	sample	sample
Word	scrape	scrape
Word	scratc	scratc
Word	scrawl	scrawl
Word	scream	scream
Word	screen	screen
Word	screws	screws
Word	script	script
Word	search	search
Word	select	select
Word	shapel	shapel
Word	sharpe	sharpe
Word	shrimp	shrimp
Word	sign-	sign-
Word	signup	signup
Word	smelly	smelly
Word	smooth	smooth
Word	snatch	snatch
Word	snowst	snowst
Word	socket	socket
Word	southe	southe
Word	southw	southw
Word	squeez	squeez
Word	staine	staine
Word	startl	startl
Word	sticky	sticky
Word	stones	stones
Word	strand	strand
Word	strang	strang
Word	stream	stream
Word	strike	strike
Word	studen	studen
Word	suicid	suicid
Word	superb	superb
Word	surpri	surpri
Word	swallo	swallo
Word	switch	switch
Word	symbol	symbol
Word	szechu	szechu
Word	tangle	tangle
Word	tattoo	tattoo
Word	tentac	tentac
Word	termin	termin
Word	thanks	thanks
Word	thin-	thin-
Word	throug	throug
Word	thrust	thrust
Word	toppin	toppin
Word	tortur	tortur
Word	trapdo	trapdo
Word	triang	triang
Word	tunnel	tunnel
Word	unatta	unatta
Word	undern	undern
Word	unfast	unfast
Word	unhook	unhook
Word	unlock	unlock
Word	unplug	unplug
Word	unscre	unscre
Word	unscri	unscri
Word	unwrap	unwrap
Word	up-ar	up-ar
Word	urchin	urchin
Word	urgent	urgent
Word	verbos	verbos
Word	versio	versio
Word	viscou	viscou
Word	visibl	visibl
Word	voltag	voltag
Word	weathe	weathe
Word	whitis	whitis
Word	window	window
Word	withdr	withdr
Word	wooden	wooden
Word	wrappe	wrappe
Word	yourse	yourse
Word	zzmgck	zzmgck

Routine 0x5234	routine21044:?
Routine 0x16de8	routine93672:?
Routine 0x16e12	routine93714:?
Routine 0x16e8e	routine93838:?
Routine 0x16ec8	routine93896:?
Routine 0x16f72	routine94066:?
Routine 0x16fa6	routine94118:?
Routine 0x16fb2	routine94130:?
Routine 0x17010	routine94224:?
Routine 0x170c2	routine94402:?
Routine 0x170f6	routine94454:?
Routine 0x17126	routine94502:?
Routine 0x17202	routine94722:?
Routine 0x17412	routine95250:?
Routine 0x1750c	routine95500:?
Routine 0x175fa	routine95738:?
Routine 0x17658	routine95832:?
Routine 0x178d6	routine96470:?
Routine 0x178ec	routine96492:?
Routine 0x17960	routine96608:?
Routine 0x17a06	routine96774:?
Routine 0x17a30	routine96816:?
Routine 0x17a64	routine96868:?
Routine 0x17a8c	routine96908:?
Routine 0x17ba2	routine97186:?
Routine 0x17bae	routine97198:?
Routine 0x17ce6	routine97510:?
Routine 0x17dce	routine97742:?
Routine 0x17f5c	routine98140:?
Routine 0x17fda	routine98266:?
Routine 0x182c8	routine99016:?
Routine 0x182e6	routine99046:?
Routine 0x182fe	routine99070:?
Routine 0x1833a	Action170Sub:?
Routine 0x18372	routine99186:?
Routine 0x18398	Action171Sub:?
Routine 0x184a8	routine99496:?
Routine 0x184b8	routine99512:?
Routine 0x18560	routine99680:?
Routine 0x1856a	routine99690:?
Routine 0x18678	routine99960:?
Routine 0x18700	routine100096:?
Routine 0x187bc	routine100284:?
Routine 0x18816	routine100374:?
Routine 0x188b0	routine100528:?
Routine 0x188d6	routine100566:?
Routine 0x1899c	routine100764:?
Routine 0x18a0a	routine100874:?
Routine 0x18a7e	routine100990:?
Routine 0x18e18	routine101912:?
Routine 0x18e9c	routine102044:?
Routine 0x18ed8	routine102104:?
Routine 0x190fc	routine102652:?
Routine 0x19100	routine102656:?
Routine 0x191cc	routine102860:?
Routine 0x191de	routine102878:?
Routine 0x19278	routine103032:?
Routine 0x19290	routine103056:?
Routine 0x19328	routine103208:?
Routine 0x1933c	routine103228:?
Routine 0x19360	routine103264:?
! References: obj222_Skyscraper_Roof.ahead_to, obj222_Skyscraper_Roof.e_to
Routine 0x193ec	routine103404:?
Routine 0x19458	routine103512:?
Routine 0x1947a	routine103546:?
Routine 0x19540	routine103744:?
! References: obj109_Inside_Dome.out_to, obj109_Inside_Dome.d_to
Routine 0x195c4	routine103876:?
Routine 0x195de	routine103902:?
Routine 0x1962a	routine103978:?
Routine 0x19852	routine104530:?
Routine 0x19962	routine104802:?
Routine 0x19992	routine104850:?
Routine 0x199ba	routine104890:?
Routine 0x19b60	routine105312:?
Routine 0x19cbc	routine105660:?
Routine 0x19da0	routine105888:?
Routine 0x19dfe	routine105982:?
! References: obj99_Large_Chamber.d_to
Routine 0x1a0ee	routine106734:?
Routine 0x1a1d0	routine106960:?
Routine 0x1a3c2	routine107458:?
Routine 0x1a3da	routine107482:?
Routine 0x1a5b6	routine107958:?
Routine 0x1a608	routine108040:?
Routine 0x1a636	routine108086:?
Routine 0x1a65c	routine108124:?
Routine 0x1ab8c	routine109452:?
Routine 0x1ad04	routine109828:?
Routine 0x1ad76	routine109942:?
Routine 0x1af36	routine110390:?
Routine 0x1b162	routine110946:?
Routine 0x1b266	routine111206:?
Routine 0x1b336	routine111414:?
Routine 0x1b374	routine111476:?
Routine 0x1b618	routine112152:?
Routine 0x1b636	routine112182:?
Routine 0x1b668	routine112232:?
Routine 0x1b720	routine112416:?
Routine 0x1b7b8	routine112568:?
Routine 0x1b862	routine112738:?
Routine 0x1b95a	routine112986:?
Routine 0x1ba88	routine113288:?
Routine 0x1bb06	routine113414:?
Routine 0x1bff2	routine114674:?
Routine 0x1c30e	routine115470:?
Routine 0x1c346	routine115526:?
Routine 0x1c3c2	routine115650:?
Routine 0x1c42a	routine115754:?
Routine 0x1c4e2	routine115938:?
Routine 0x1c556	routine116054:?
Routine 0x1c6ae	routine116398:?
Routine 0x1c6da	routine116442:?
Routine 0x1c82e	routine116782:?
Routine 0x1c846	routine116806:?
Routine 0x1cd4e	routine118094:?
Routine 0x1cdb8	routine118200:?
Routine 0x1cf76	routine118646:?
Routine 0x1d25c	routine119388:?
Routine 0x1d496	routine119958:?
Routine 0x1d4c8	routine120008:?
