! Auto-generated by Reform.

MD5	72125f159cccd581786ac16a2828d4e3

Object 1	obj1_compass
Object 2	obj2_north_wall
Object 3	obj3_south_wall
Object 4	obj4_east_wall
Object 5	obj5_west_wall
Object 6	obj6_northeast_wall
Object 7	obj7_southeast_wall
Object 8	obj8_northwest_wall
Object 9	obj9_southwest_wall
Object 10	obj10_ceiling
Object 11	obj11_floor
Object 12	obj12_outside
Object 13	obj13_inside
Object 14	obj14_Darkness
Object 15	obj15_yourself
Object 16	obj16_Computer_Site
Object 17	obj17_Macs
Object 18	obj18_PCs
Object 19	obj19_internet_router
Object 20	obj20_desk
Object 21	obj21_printer_table
Object 22	obj22_sticker
Object 23	obj23_laser_printer
Object 24	obj24_computer
Object 25	obj25_telnet_icon
Object 26	obj26_ftp_icon
Object 27	obj27_lpr_icon
Object 28	obj28_compile_game_icon
Object 29	obj29_Oak_icon
Object 30	obj30_Sunsite_icon
Object 31	obj31_Hobbes_icon
Object 32	obj32_IF_Archive_icon
Object 33	obj33_Designers_Manual_icon
Object 34	obj34_mouse
Object 35	obj35_UGGS_Manual
Object 36	obj36_Hall_Outside_Computer_Site
Object 37	obj37_water_fountain
Object 38	obj38_Stairwell__Third_Floor_
Object 39	obj39_Hall
Object 40	obj40_Hall_Outside_Elevator
Object 41	obj41_Elevator
Object 42	obj42_sign
Object 43	obj43_large_red_metal_box
Object 44	obj44_folded_fire_hose
Object 45	obj45_Hall
Object 46	obj46_Stairwell__Third_Floor_
Object 47	obj47_Stairwell__Second_Floor_
Object 48	obj48_Outside_Physics_Office
Object 49	obj49_hum
Object 50	obj50_Physics_Office
Object 51	obj51_Physics_Office_door
Object 52	obj52_doorknob
Object 53	obj53_Hall
Object 54	obj54_water_fountain
Object 55	obj55_square_metal_panel
Object 56	obj56_Hall_Outside_Elevator
Object 57	obj57_Elevator
Object 58	obj58_sign
Object 59	obj59_East_End_of_Hall
Object 60	obj60_large_double_doors
Object 61	obj61_Hall
Object 62	obj62_Stairwell__Second_Floor_
Object 63	obj63_Stairwell__First_Floor_
Object 64	obj64_Hall
Object 65	obj65_water_fountain
Object 66	obj66_Hall
Object 67	obj67_Hall_Outside_Elevator
Object 68	obj68_door
Object 69	obj69_Elevator
Object 70	obj70_Janitor_s_Closet
Object 71	obj71_buckets
Object 72	obj72_pails
Object 73	obj73_gigantic_mops
Object 74	obj74_dust_cloths
Object 75	obj75_brooms
Object 76	obj76_cleaning_solutions
Object 77	obj77_Hall
Object 78	obj78_door_to_the_lab
Object 79	obj79_Lab
Object 80	obj80_filter
Object 81	obj81_sign
Object 82	obj82_stuff_in_the_lab
Object 83	obj83_aquarium
Object 84	obj84_gravel
Object 85	obj85_black_box
Object 86	obj86_label
Object 87	obj87_white_button
Object 88	obj88_blue_button
Object 89	obj89_green_button
Object 90	obj90_red_fish
Object 91	obj91_Stairwell__First_Floor_
Object 92	obj92_Maze_of_Twisty_Passages
Object 93	obj93_Maze_of_Twisty_Passages
Object 94	obj94_Maze_of_Twisty_Passages
Object 95	obj95_Maze_of_Twisty_Passages
Object 96	obj96_Maze_of_Twisty_Passages
Object 97	obj97_Dead_End
Object 98	obj98_Maze_of_Twisty_Passages
Object 99	obj99_Gnome_s_Lair
Object 100	obj100_paper_listings
Object 101	obj101_copies_of__Spelunker_Today_
Object 102	obj102_PC_clone
Object 103	obj103_table
Object 104	obj104_boombox
Object 105	obj105_stolen_laser_printer
Object 106	obj106_Waiting_Room
Object 107	obj107_flashlight
Object 108	obj108_little_grey_mouse
Object 109	obj109_sign
Object 110	obj110_geeky_looking_gnome
Object 111	obj111_Inform_Designer_s_Manual
Object 112	obj112_message
Object 113	obj113_hints
Object 114	obj114_h
Object 115	obj115_h
Object 116	obj116_h
Object 117	obj117_h
Object 118	obj118_h
Object 119	obj119_h
Object 120	obj120_h
Object 121	obj121_h
Object 122	obj122_h

Attribute 0	attrib0			! obj15_yourself obj90_red_fish obj108_little_grey_mouse obj110_geeky_looking_gnome
Attribute 2	attrib2			! obj1_compass obj15_yourself obj20_desk obj21_printer_table obj23_laser_printer obj24_computer obj25_telnet_icon obj26_ftp_icon obj27_lpr_icon obj28_compile_game_icon obj29_Oak_icon obj30_Sunsite_icon obj31_Hobbes_icon obj32_IF_Archive_icon obj33_Designers_Manual_icon obj34_mouse obj35_UGGS_Manual obj49_hum obj52_doorknob obj81_sign obj105_stolen_laser_printer obj108_little_grey_mouse obj113_hints
Attribute 3	attrib3			! obj24_computer obj41_Elevator obj43_large_red_metal_box obj57_Elevator obj69_Elevator obj70_Janitor_s_Closet obj83_aquarium obj85_black_box
Attribute 4	attrib4			! obj51_Physics_Office_door obj55_square_metal_panel obj68_door obj78_door_to_the_lab
Attribute 8	attrib8			! obj114_h obj115_h obj116_h obj117_h obj118_h obj119_h obj120_h obj121_h obj122_h
Attribute 9	attrib9			! obj16_Computer_Site obj36_Hall_Outside_Computer_Site obj38_Stairwell__Third_Floor_ obj39_Hall obj40_Hall_Outside_Elevator obj45_Hall obj46_Stairwell__Third_Floor_ obj47_Stairwell__Second_Floor_ obj48_Outside_Physics_Office obj53_Hall obj56_Hall_Outside_Elevator obj59_East_End_of_Hall obj61_Hall obj62_Stairwell__Second_Floor_ obj63_Stairwell__First_Floor_ obj64_Hall obj66_Hall obj67_Hall_Outside_Elevator obj70_Janitor_s_Closet obj77_Hall obj79_Lab obj91_Stairwell__First_Floor_ obj99_Gnome_s_Lair obj106_Waiting_Room
Attribute 13	attrib13		! obj19_internet_router
Attribute 15	attrib15		! obj35_UGGS_Manual obj43_large_red_metal_box obj51_Physics_Office_door obj55_square_metal_panel obj68_door obj78_door_to_the_lab
Attribute 16	attrib16		! obj15_yourself obj114_h obj115_h obj116_h obj117_h obj118_h obj119_h obj120_h obj121_h obj122_h
Attribute 17	attrib17		! obj2_north_wall obj3_south_wall obj4_east_wall obj5_west_wall obj6_northeast_wall obj7_southeast_wall obj8_northwest_wall obj9_southwest_wall obj10_ceiling obj11_floor obj12_outside obj13_inside obj17_Macs obj18_PCs obj19_internet_router obj22_sticker obj41_Elevator obj49_hum obj50_Physics_Office obj51_Physics_Office_door obj55_square_metal_panel obj57_Elevator obj60_large_double_doors obj69_Elevator obj71_buckets obj72_pails obj73_gigantic_mops obj74_dust_cloths obj75_brooms obj76_cleaning_solutions obj80_filter obj81_sign obj82_stuff_in_the_lab obj84_gravel obj85_black_box obj86_label obj87_white_button obj88_blue_button obj89_green_button obj100_paper_listings obj101_copies_of__Spelunker_Today_ obj102_PC_clone obj103_table
Attribute 19	attrib19		! obj20_desk obj21_printer_table obj23_laser_printer obj24_computer obj25_telnet_icon obj26_ftp_icon obj27_lpr_icon obj28_compile_game_icon obj29_Oak_icon obj30_Sunsite_icon obj31_Hobbes_icon obj32_IF_Archive_icon obj33_Designers_Manual_icon obj34_mouse obj37_water_fountain obj42_sign obj43_large_red_metal_box obj44_folded_fire_hose obj52_doorknob obj54_water_fountain obj58_sign obj65_water_fountain obj68_door obj78_door_to_the_lab obj83_aquarium obj104_boombox obj109_sign obj112_message
Attribute 20	attrib20		! obj20_desk obj21_printer_table
Attribute 21	attrib21		! obj19_internet_router obj107_flashlight
Attribute 23	attrib23		! obj15_yourself obj24_computer obj83_aquarium obj85_black_box
Attribute 27	attrib27		! obj35_UGGS_Manual obj81_sign obj101_copies_of__Spelunker_Today_ obj109_sign obj111_Inform_Designer_s_Manual obj112_message
Attribute 28	attrib28		! obj108_little_grey_mouse
Attribute 29	attrib29		! obj25_telnet_icon obj26_ftp_icon obj27_lpr_icon obj28_compile_game_icon obj29_Oak_icon obj30_Sunsite_icon obj31_Hobbes_icon obj32_IF_Archive_icon obj33_Designers_Manual_icon

Property 1	prop1:dictwords
Property 2	prop2:routines
Property 3	prop3:routine
Property 4	prop4:routine
Property 5	prop5:thing
Property 6	prop6:thing
Property 7	prop7:thing
Property 8	prop8:thing
Property 9	prop9:?
Property 12	prop12:?
Property 13	prop13:thing
Property 14	prop14:thing
Property 15	prop15:?
Property 16	prop16:thing
Property 17	prop17:thing
Property 18	prop18:thing
Property 19	prop19:dictword
Property 20	prop20:string
Property 22	prop22:?
Property 24	prop24:?
Property 25	prop25:routine
Property 26	prop26:dictword
Property 27	prop27:?
Property 28	prop28:thing
Property 29	prop29:?
Property 30	prop30:routine
Property 31	prop31:strings

Global 0	global0:?
Global 1	global1:?
Global 2	global2:?
Global 3	global3:?
Global 4	global4:?
Global 5	global5:?
Global 6	global6:?
Global 7	global7:?
Global 8	global8:?
Global 9	global9:?
Global 10	global10:?
Global 11	global11:?
Global 12	global12:?
Global 13	global13:?
Global 14	global14:?
Global 15	global15:?
Global 16	global16:?
Global 17	global17:?
Global 18	global18:?
Global 19	global19:?
Global 20	global20:?
Global 21	global21:?
Global 22	global22:?
Global 23	global23:?
Global 24	global24:?
Global 25	global25:?
Global 26	global26:?
Global 27	global27:?
Global 28	global28:?
Global 29	global29:?
Global 30	global30:?
Global 31	global31:?
Global 32	global32:?
Global 33	global33:?
Global 34	global34:?
Global 35	global35:?
Global 36	global36:?
Global 37	global37:?
Global 38	global38:?
Global 39	global39:?
Global 40	global40:?
Global 41	global41:?
Global 42	global42:?
Global 43	global43:?
Global 44	global44:?
Global 45	global45:?
Global 46	global46:?
Global 47	global47:?
Global 48	global48:?
Global 49	global49:?
Global 50	global50:?
Global 51	global51:?
Global 52	global52:?
Global 53	global53:?
Global 54	global54:?
Global 55	global55:?
Global 56	global56:?
Global 57	global57:?
Global 58	global58:?
Global 59	global59:?
Global 60	global60:?
Global 61	global61:?
Global 62	global62:?
Global 63	global63:?
Global 64	global64:?
Global 65	global65:?
Global 66	global66:?
Global 67	global67:?
Global 68	global68:?
Global 69	global69:?
Global 70	global70:?
Global 71	global71:?
Global 72	global72:?
Global 73	global73:?
Global 74	global74:?
Global 75	global75:?
Global 76	global76:?
Global 77	global77:?
Global 78	global78:?
Global 79	global79:?
Global 80	global80:?
Global 81	global81:?
Global 82	global82:?
Global 83	global83:?
Global 84	global84:?
Global 85	global85:?
Global 86	global86:?
Global 87	global87:?
Global 88	global88:?
Global 89	global89:?
Global 90	global90:?
Global 91	global91:?
Global 92	global92:?
Global 93	global93:?
Global 94	global94:?
Global 95	global95:?
Global 96	global96:?
Global 97	global97:?
Global 98	global98:?
Global 99	global99:?
Global 100	global100:?
Global 101	global101:?
Global 102	global102:?
Global 103	global103:?
Global 104	global104:?
Global 105	global105:?
Global 106	global106:?
Global 107	global107:?
Global 108	global108:?
Global 109	global109:?
Global 110	global110:?
Global 111	global111:?
Global 112	global112:?
Global 113	global113:?
Global 114	global114:?
Global 115	global115:?
Global 116	global116:?
Global 117	global117:?
Global 118	global118:?
Global 119	global119:?
Global 120	global120:?
Global 121	global121:?
Global 122	global122:?
Global 123	global123:?
Global 124	global124:?
Global 125	global125:?
Global 126	global126:?
Global 127	global127:?
Global 128	global128:?
Global 129	global129:?
Global 130	global130:?
Global 131	global131:?
Global 132	global132:?
Global 133	global133:?
Global 134	global134:?
Global 135	global135:?
Global 136	global136:?
Global 137	global137:?
Global 138	global138:?
Global 139	global139:?
Global 140	global140:?
Global 141	global141:?
Global 142	global142:?
Global 143	global143:?
Global 144	global144:?
Global 145	global145:?
Global 146	global146:?
Global 147	global147:?
Global 148	global148:?
Global 149	global149:?
Global 150	global150:?
Global 151	global151:?
Global 152	global152:?
Global 153	global153:?
Global 154	global154:?
Global 155	global155:?
Global 156	global156:?
Global 157	global157:?
Global 158	global158:?
Global 159	global159:?
Global 160	global160:?
Global 161	global161:?
Global 162	global162:?
Global 163	global163:?
Global 164	global164:?
Global 165	global165:?
Global 166	global166:?
Global 167	global167:?
Global 168	global168:?
Global 169	global169:?
Global 170	global170:?
Global 171	global171:?
Global 172	global172:?
Global 173	global173:?
Global 174	global174:?
Global 175	global175:?
Global 176	global176:?
Global 177	global177:?
Global 178	global178:?
Global 179	global179:?
Global 180	global180:?
Global 181	global181:?
Global 182	global182:?
Global 183	global183:?
Global 184	global184:?
Global 185	global185:?
Global 186	global186:?
Global 187	global187:?
Global 188	global188:?
Global 189	global189:?
Global 190	global190:?
Global 191	global191:?
Global 192	global192:?
Global 193	global193:?
Global 194	global194:?
Global 195	global195:?
Global 196	global196:?
Global 197	global197:?
Global 198	global198:?
Global 199	global199:?
Global 200	global200:?
Global 201	global201:?
Global 202	global202:?
Global 203	global203:?
Global 204	global204:?
Global 205	global205:?
Global 206	global206:?
Global 207	global207:?
Global 208	global208:?
Global 209	global209:?
Global 210	global210:?
Global 211	global211:?
Global 212	global212:?
Global 213	global213:?
Global 214	global214:?
Global 215	global215:?
Global 216	global216:?
Global 217	global217:?
Global 218	global218:?
Global 219	global219:?
Global 220	global220:?
Global 221	global221:?
Global 222	global222:?
Global 223	global223:?
Global 224	global224:?
Global 225	global225:?
Global 226	global226:?
Global 227	global227:?
Global 228	global228:?
Global 229	global229:?
Global 230	global230:?
Global 231	global231:?
Global 232	global232:?
Global 233	global233:?
Global 234	global234:?
Global 235	global235:?
Global 236	global236:?
Global 237	global237:?
Global 238	global238:?
Global 239	global239:?

Action 0	Action0		! 'allpuzzle'/'puzzles'
Action 1	Action1		! 'allhints'
Action 2	Action2		! 'hints' 'on'
Action 3	Action3		! 'hints' 'off'
Action 4	Action4		! 'hint'
				! 'hints'
Action 5	Action5		! 'review'
Action 6	Action6		! 'score'
Action 7	Action7		! 'full'/'fullscore'
				! 'full'/'fullscore' 'score'
Action 8	Action8		! 'die'/'q//'/'quit'
Action 9	Action9		! 'restore'
Action 10	Action10	! 'restart'
Action 11	Action11	! 'verify'
Action 12	Action12	! 'save'
Action 13	Action13	! 'script'
				! 'script' 'on'
Action 14	Action14	! 'noscript'/'unscript'
				! 'script' 'off'
Action 15	Action15	! 'short'/'superbrie'
Action 16	Action16	! 'long'/'verbose'
Action 17	Action17	! 'brief'/'normal'
Action 18	Action18	! 'nouns'/'pronouns'
Action 19	Action19	! 'notify' 'on'
Action 20	Action20	! 'notify' 'off'
Action 21	Action21	! 'version'
Action 22	Action22	! 'places'
Action 23	Action23	! 'objects'
Action 24	Action24	! 'exit'/'out'/'outside'
				! 'stand'
				! 'stand' 'up'
				! 'carry'/'get'/'hold'/'take' 'out'
				! 'carry'/'get'/'hold'/'take' 'off'
				! 'carry'/'get'/'hold'/'take' 'up'
Action 25	Action25	! 'peel' noun
				! 'peel' 'off' noun
				! 'remove' multi
				! 'pick' 'up' multi
				! 'pick' multi 'up'
				! 'carry'/'get'/'hold'/'take' multi
Action 26	Action26	! 'remove' multiinside 'from' noun
				! 'carry'/'get'/'hold'/'take' multiinside 'from' noun
				! 'carry'/'get'/'hold'/'take' multiinside 'off' noun
Action 27	Action27	! 'lie'/'sit' 'on' noun
				! 'lie'/'sit' 'in' noun
				! 'lie'/'sit' 'inside' noun
				! 'cross'/'enter' noun
				! 'go'/'leave'/'run'/'walk' noun
				! 'go'/'leave'/'run'/'walk' 'into' noun
				! 'go'/'leave'/'run'/'walk' 'in' noun
				! 'go'/'leave'/'run'/'walk' 'inside' noun
				! 'go'/'leave'/'run'/'walk' 'through' noun
				! 'stand' 'on' noun
				! 'carry'/'get'/'hold'/'take' 'in' noun
				! 'carry'/'get'/'hold'/'take' 'into' noun
				! 'carry'/'get'/'hold'/'take' 'on' noun
Action 28	Action28	! 'disrobe'/'doff'/'shed' held
				! 'remove' held
				! 'carry'/'get'/'hold'/'take' 'off' attrib26
Action 29	Action29	! 'carry'/'get'/'hold'/'take' 'off' noun
Action 30	Action30	! 'i//'/'inv'/'inventory'
				! 'carry'/'get'/'hold'/'take' 'inventory'
Action 31	Action31	! 'put' 'on' held
				! 'don'/'wear' held
Action 32	Action32	! 'discard'/'drop'/'throw' multiexcept 'in' noun
				! 'discard'/'drop'/'throw' multiexcept 'into' noun
				! 'discard'/'drop'/'throw' multiexcept 'down' noun
				! 'insert' multiexcept 'in' noun
				! 'insert' multiexcept 'into' noun
				! 'put' multiexcept 'in' noun
				! 'put' multiexcept 'inside' noun
				! 'put' multiexcept 'into' noun
Action 33	Action33	! 'discard'/'drop'/'throw' multiexcept 'on' noun
				! 'discard'/'drop'/'throw' multiexcept 'onto' noun
				! 'put' multiexcept 'on' noun
				! 'put' multiexcept 'onto' noun
Action 34	Action34	! 'discard'/'drop'/'throw' multiheld
				! 'put' 'down' multiheld
				! 'put' multiheld 'down'
Action 35	Action35	! 'empty' noun
				! 'empty' 'out' noun
				! 'empty' noun 'out'
Action 36	Action36	! 'empty' noun 'to' noun
				! 'empty' noun 'into' noun
				! 'empty' noun 'on' noun
				! 'empty' noun 'onto' noun
Action 37	Action37	! 'clear'/'move'/'press'/'push'/'shift' noun 'to' noun
				! 'transfer' noun 'to' noun
Action 38	Action38	! 'discard'/'drop'/'throw' held 'at' noun
				! 'discard'/'drop'/'throw' held 'against' noun
Action 39	Action39	! 'feed'/'give'/'offer'/'pay' creature held
Action 40	Action40	! 'feed'/'give'/'offer'/'pay' held 'to' creature
				! 'feed'/'give'/'offer'/'pay' 'over' held 'to' creature
Action 41	Action41	! 'display'/'present'/'show' creature held
Action 42	Action42	! 'display'/'present'/'show' held 'to' creature
Action 43	Action43	! 'go'/'leave'/'run'/'walk'
Action 44	Action44	! 'go'/'leave'/'run'/'walk' noun=routine62992
Action 45	Action45	! 'i//'/'inv'/'inventory' 'tall'
Action 46	Action46	! 'i//'/'inv'/'inventory' 'wide'
Action 47	Action47	! 'l//'/'look'
Action 48	Action48	! 'read' noun
				! 'check'/'describe'/'examine'/'watch'/'x//' noun
				! 'l//'/'look' 'at' noun
Action 49	Action49	! 'search' noun
				! 'l//'/'look' 'inside' noun
				! 'l//'/'look' 'in' noun
				! 'l//'/'look' 'into' noun
				! 'l//'/'look' 'through' noun
Action 50	Action50	! 'l//'/'look' 'under' noun
Action 51	Action51	! 'read' 'about' routine63084 'in' noun
				! 'read' routine63084 'in' noun
				! 'consult' noun 'about' routine63000
				! 'consult' noun 'on' routine63000
				! 'l//'/'look' 'up' routine63084 'in' noun
Action 52	Action52	! 'open'/'uncover'/'undo'/'unwrap' noun
Action 53	Action53	! 'unlock' noun 'with' held
				! 'open'/'uncover'/'undo'/'unwrap' noun 'with' held
Action 54	Action54	! 'close'/'cover'/'shut' noun
				! 'close'/'cover'/'shut' 'up'
Action 55	Action55	! 'switch' noun 'off'
				! 'switch' 'off' noun
				! 'rotate'/'screw'/'turn'/'twist'/'unscrew' noun 'off'
				! 'rotate'/'screw'/'turn'/'twist'/'unscrew' 'off' noun
				! 'close'/'cover'/'shut' 'off' noun
Action 56	Action56	! 'in'/'inside'
				! 'cross'/'enter'
Action 57	Action57	! 'y//'/'yes'
Action 58	Action58	! 'no'
Action 59	Action59	! 'sorry'
Action 60	Action60	! 'damn'/'fuck'/'shit'/'sod'
				! 'damn'/'fuck'/'shit'/'sod' special
Action 61	Action61	! 'bother'/'curses'/'darn'/'drat'
				! 'bother'/'curses'/'darn'/'drat' special
Action 62	Action62	! 'wave'
Action 63	Action63	! 'wave' noun
Action 64	Action64	! 'adjust'/'set' noun
Action 65	Action65	! 'adjust'/'set' noun 'to' special
Action 66	Action66	! 'drag'/'pull' noun
Action 67	Action67	! 'clear'/'move'/'press'/'push'/'shift' noun
Action 68	Action68	! 'clear'/'move'/'press'/'push'/'shift' noun noun
Action 69	Action69	! 'rotate'/'screw'/'turn'/'twist'/'unscrew' noun
Action 70	Action70	! 'switch' noun
				! 'switch' noun 'on'
				! 'switch' 'on' noun
				! 'rotate'/'screw'/'turn'/'twist'/'unscrew' noun 'on'
				! 'rotate'/'screw'/'turn'/'twist'/'unscrew' 'on' noun
Action 71	Action71	! 'lock' noun 'with' held
Action 72	Action72	! 'attack'/'break'/'crack'/'destroy'/'fight'/'hit'/'kill'/'murder'/'punch'/'smash'/'thump'/'torture'/'wreck' noun
Action 73	Action73	! 'wait'/'z//'
Action 74	Action74	! 'answer'/'say'/'shout'/'speak' routine63000 'to' creature
Action 75	Action75	! 'tell' creature 'about' routine63000
Action 76	Action76	! 'ask' creature 'about' routine63000
Action 77	Action77	! 'ask' creature 'for' noun
Action 78	Action78	! 'eat' held
Action 79	Action79	! 'nap'/'sleep'
Action 80	Action80	! 'sing'
Action 81	Action81	! 'climb'/'scale' noun
				! 'climb'/'scale' 'up' noun
				! 'climb'/'scale' 'over' noun
Action 82	Action82	! 'buy'/'purchase' noun
Action 83	Action83	! 'squash'/'squeeze' noun
Action 84	Action84	! 'dive'/'swim'
Action 85	Action85	! 'swing' noun
				! 'swing' 'on' noun
Action 86	Action86	! 'blow' held
Action 87	Action87	! 'pray'
Action 88	Action88	! 'awake'/'awaken'/'wake'
				! 'awake'/'awaken'/'wake' 'up'
Action 89	Action89	! 'awake'/'awaken'/'wake' creature
				! 'awake'/'awaken'/'wake' creature 'up'
				! 'awake'/'awaken'/'wake' 'up' creature
Action 90	Action90	! 'embrace'/'hug'/'kiss' creature
Action 91	Action91	! 'think'
Action 92	Action92	! 'smell'/'sniff'
				! 'smell'/'sniff' noun
Action 93	Action93	! 'hear'/'listen'
				! 'hear'/'listen' noun
				! 'hear'/'listen' 'to' noun
Action 94	Action94	! 'taste' noun
Action 95	Action95	! 'feel'/'fondle'/'grope'/'touch' noun
Action 96	Action96	! 'clean'/'dust'/'polish'/'rub'/'scrub'/'shine'/'sweep'/'wipe' noun
Action 97	Action97	! 'attach'/'fasten'/'fix'/'tie' noun
				! 'attach'/'fasten'/'fix'/'tie' noun 'to' noun
Action 98	Action98	! 'burn'/'light' noun
				! 'burn'/'light' noun 'with' held
Action 99	Action99	! 'drink'/'sip'/'swallow' noun
Action 100	Action100	! 'fill' noun
Action 101	Action101	! 'chop'/'cut'/'prune'/'slice' noun
Action 102	Action102	! 'hop'/'jump'/'skip'
Action 103	Action103	! 'hop'/'jump'/'skip' 'over' noun
Action 104	Action104	! 'dig' noun
				! 'dig' noun 'with' held
Action 105	Action105	! 'chase'/'follow'/'pursue'/'trail' noun
				! 'chase'/'follow'/'pursue'/'trail' 'after' noun
Action 106	Action106	! 'on'
Action 107	Action107	! 'off'
Action 108	Action108	! 'read' attrib27
Action 109	Action109	! 'l//'/'look' 'behind' noun
Action 110	Action110	! 'drink'/'sip'/'swallow' 'from' noun
				! 'drink'/'sip'/'swallow' 'at' noun
Action 111	Action111	! 'click' noun
				! 'click' 'on' noun
Action 112	Action112	! 'click' noun 'on' noun
Action 113	Action113	! 'unfold' noun
Action 114	Action114	! 'help'
Action 115	Action115	! 'xyzzy'

Word	adventure	adventure
Word	allpuzzle	allpuzzle
Word	broomstic	broomstic
Word	competiti	competiti
Word	compile-	compile-
Word	cupboards	cupboards
Word	deadlines	deadlines
Word	designers	designers
Word	direction	direction
Word	downloadi	downloadi
Word	everythin	everythin
Word	flashligh	flashligh
Word	fullscore	fullscore
Word	geeky-lo	geeky-lo
Word	if-archi	if-archi
Word	interacti	interacti
Word	inventory	inventory
Word	janitor'	janitor'
Word	magazines	magazines
Word	microsoft	microsoft
Word	northeast	northeast
Word	northwest	northwest
Word	seventeen	seventeen
Word	solutions	solutions
Word	southeast	southeast
Word	southwest	southwest
Word	spelunker	spelunker
Word	superbrie	superbrie
Word	workstati	workstati

Routine 0x3578	routine13688:?
Routine 0x3580	routine13696:?
Routine 0x3650	routine13904:?
Routine 0x37b0	routine14256:?
Routine 0x46e0	routine18144:?
Routine 0x4798	routine18328:?
Routine 0x48cc	routine18636:?
Routine 0x48e8	routine18664:?
Routine 0x4e4c	routine20044:?
Routine 0x521c	routine21020:?
Routine 0x55f4	routine22004:?
Routine 0x5748	routine22344:?
Routine 0x5904	routine22788:?
Routine 0x59a4	routine22948:?
Routine 0x5aa8	routine23208:?
Routine 0x5b64	routine23396:?
Routine 0x5ba4	routine23460:?
Routine 0x5bdc	routine23516:?
Routine 0x5c2c	routine23596:?
Routine 0x5c54	routine23636:?
Routine 0x5c78	routine23672:?
Routine 0x5ca8	routine23720:?
Routine 0x5d04	routine23812:?
Routine 0x5d1c	routine23836:?
Routine 0x5d38	routine23864:?
Routine 0x5e78	routine24184:?
Routine 0x5ebc	routine24252:?
Routine 0x5fc8	routine24520:?
Routine 0x5ff0	routine24560:?
Routine 0x6094	routine24724:?
Routine 0x61f4	routine25076:?
Routine 0x6230	routine25136:?
Routine 0x6278	routine25208:?
Routine 0x6298	routine25240:?
Routine 0x62d8	routine25304:?
Routine 0x6328	routine25384:?
Routine 0x6340	routine25408:?
Routine 0x6358	routine25432:?
Routine 0x6368	routine25448:?
Routine 0x6478	routine25720:?
Routine 0x64a0	routine25760:?
Routine 0x64a8	routine25768:?
Routine 0x64c4	routine25796:?
Routine 0x64fc	routine25852:?
Routine 0x6530	routine25904:?
Routine 0x65b0	routine26032:?
Routine 0x65d0	routine26064:?
Routine 0x66a4	routine26276:?
Routine 0x66c0	routine26304:?
Routine 0x66d4	routine26324:?
Routine 0x6724	routine26404:?
Routine 0x6ad8	routine27352:?
Routine 0x6af4	routine27380:?
Routine 0x6b48	routine27464:?
Routine 0x6b90	routine27536:?
Routine 0x6be4	routine27620:?
Routine 0x6c28	routine27688:?
Routine 0x6c8c	routine27788:?
Routine 0x6c9c	routine27804:?
Routine 0x6cd4	routine27860:?
Routine 0x6d04	routine27908:?
Routine 0x6d30	routine27952:?
Routine 0x6dac	routine28076:?
Routine 0x6de4	routine28132:?
Routine 0x6e4c	routine28236:?
Routine 0x6e70	routine28272:?
Routine 0x6f44	routine28484:?
Routine 0x6f98	routine28568:?
Routine 0x6fe0	routine28640:?
Routine 0x7080	routine28800:?
Routine 0x709c	Action18Sub:?
Routine 0x70f8	routine28920:?
Routine 0x71b4	routine29108:?
Routine 0x71c4	routine29124:?
Routine 0x71f4	routine29172:?
Routine 0x720c	routine29196:?
Routine 0x7220	routine29216:?
Routine 0x7234	routine29236:?
Routine 0x7288	routine29320:?
Routine 0x7344	routine29508:?
Routine 0x73d8	Action21Sub:?
Routine 0x741c	routine29724:?
Routine 0x7580	routine30080:?
Routine 0x75e0	routine30176:?
Routine 0x76a0	routine30368:?
Routine 0x76cc	routine30412:?
Routine 0x7738	routine30520:?
Routine 0x778c	routine30604:?
Routine 0x77f4	routine30708:?
Routine 0x7860	routine30816:?
Routine 0x7e38	routine32312:?
Routine 0x7e8c	routine32396:?
Routine 0x81d0	routine33232:?
Routine 0x8244	routine33348:?
Routine 0x8284	routine33412:?
Routine 0x8294	routine33428:?
Routine 0x82d4	Action8Sub:?
Routine 0x82e8	Action10Sub:?
Routine 0x8300	Action9Sub:?
Routine 0x831c	Action12Sub:?
Routine 0x8338	Action11Sub:?
Routine 0x8350	Action13Sub:?
Routine 0x837c	Action14Sub:?
Routine 0x83a4	Action19Sub:?
Routine 0x83b0	Action20Sub:?
Routine 0x83bc	Action22Sub:?
Routine 0x840c	Action23Sub:?
Routine 0x84dc	Action6Sub:?
Routine 0x84e8	routine34024:?
Routine 0x8504	routine34052:?
Routine 0x8540	Action7Sub:?
Routine 0x85ac	Action46Sub:?
Routine 0x85bc	Action45Sub:?
Routine 0x85d0	Action30Sub:?
Routine 0x8628	Action25Sub:?
Routine 0x8678	routine34424:?
Routine 0x8818	Action34Sub:?
Routine 0x8870	Action26Sub:?
Routine 0x88dc	routine35036:?
Routine 0x88f0	Action33Sub:?
Routine 0x89ec	Action32Sub:?
Routine 0x8ae0	Action37Sub:?
Routine 0x8ba4	Action35Sub:?
Routine 0x8bac	Action36Sub:?
Routine 0x8c20	Action40Sub:?
Routine 0x8c58	Action39Sub:?
Routine 0x8c64	Action42Sub:?
Routine 0x8c98	Action41Sub:?
Routine 0x8ca4	Action27Sub:?
Routine 0x8d24	Action29Sub:?
Routine 0x8d3c	Action24Sub:?
Routine 0x8db8	Action43Sub:?
Routine 0x8dc0	Action56Sub:?
Routine 0x8dc8	Action44Sub:?
Routine 0x8f28	routine36648:?
Routine 0x8f60	routine36704:?
Routine 0x90ac	Action17Sub:?
Routine 0x90bc	Action16Sub:?
Routine 0x90cc	Action15Sub:?
Routine 0x90dc	routine37084:?
Routine 0x9100	routine37120:?
Routine 0x9118	Action47Sub:?
Routine 0x921c	Action48Sub:?
Routine 0x9274	Action50Sub:?
Routine 0x928c	Action49Sub:?
Routine 0x9328	Action53Sub:?
Routine 0x9374	Action71Sub:?
Routine 0x93cc	Action70Sub:?
Routine 0x9404	Action55Sub:?
Routine 0x943c	Action52Sub:?
Routine 0x94a0	Action54Sub:?
Routine 0x94d8	Action28Sub:?
Routine 0x9504	Action31Sub:?
Routine 0x9550	Action78Sub:?
Routine 0x957c	Action57Sub:?
Routine 0x9584	Action58Sub:?
Routine 0x958c	Action98Sub:?
Routine 0x9594	Action87Sub:?
Routine 0x959c	Action88Sub:?
Routine 0x95a4	Action89Sub:?
Routine 0x95b8	Action91Sub:?
Routine 0x95c0	Action92Sub:?
Routine 0x95c8	Action93Sub:?
Routine 0x95d0	Action94Sub:?
Routine 0x95d8	Action104Sub:?
Routine 0x95e0	Action101Sub:?
Routine 0x95e8	Action102Sub:?
Routine 0x95f0	Action103Sub:?
Routine 0x95f8	Action97Sub:?
Routine 0x9600	Action99Sub:?
Routine 0x9608	Action100Sub:?
Routine 0x9610	Action59Sub:?
Routine 0x9618	Action60Sub:?
Routine 0x9620	Action61Sub:?
Routine 0x9628	Action84Sub:?
Routine 0x9630	Action85Sub:?
Routine 0x9638	Action86Sub:?
Routine 0x9640	Action96Sub:?
Routine 0x9648	Action64Sub:?
Routine 0x9650	Action65Sub:?
Routine 0x9658	Action62Sub:?
Routine 0x9660	Action82Sub:?
Routine 0x9668	Action80Sub:?
Routine 0x9670	Action81Sub:?
Routine 0x9678	Action79Sub:?
Routine 0x9680	Action51Sub:?
Routine 0x968c	Action95Sub:?
Routine 0x96b0	Action63Sub:?
Routine 0x96cc	Action66Sub:?
Routine 0x9700	Action67Sub:?
Routine 0x9734	Action69Sub:?
Routine 0x9768	Action73Sub:?
Routine 0x977c	Action68Sub:?
Routine 0x9784	routine38788:?
Routine 0x97c4	Action83Sub:?
Routine 0x97dc	Action38Sub:?
Routine 0x981c	Action72Sub:?
Routine 0x9838	Action90Sub:?
Routine 0x985c	Action74Sub:?
Routine 0x9870	Action75Sub:?
Routine 0x9894	Action76Sub:?
! References: obj85_black_box.prop1
Routine 0x98a8	Action77Sub:?
Routine 0x98c0	routine39104:?
Routine 0x98dc	routine39132:?
Routine 0xb2b0	routine45744:?
Routine 0xb390	routine45968:?
! References: obj16_Computer_Site.prop18
Routine 0xb5f8	routine46584:?
! References: obj19_internet_router.prop18
Routine 0xb7b0	routine47024:?
! References: obj19_internet_router.prop2
Routine 0xb834	routine47156:?
! References: obj19_internet_router.prop3
Routine 0xb884	routine47236:?
! References: obj20_desk.prop18
Routine 0xba4c	routine47692:?
! References: obj21_printer_table.prop18
Routine 0xbaac	routine47788:?
! References: obj23_laser_printer.prop2
Routine 0xbb48	routine47944:?
! References: obj24_computer.prop18
Routine 0xbb8c	routine48012:?
! References: obj24_computer.prop2
Routine 0xbc04	routine48132:?
! References: obj25_telnet_icon.prop2, obj26_ftp_icon.prop2, obj27_lpr_icon.prop2, obj28_compile_game_icon.prop2, obj29_Oak_icon.prop2, obj30_Sunsite_icon.prop2, obj31_Hobbes_icon.prop2, obj32_IF_Archive_icon.prop2, obj33_Designers_Manual_icon.prop2
Routine 0xbc3c	routine48188:?
! References: obj25_telnet_icon.prop2
Routine 0xbc54	routine48212:?
! References: obj26_ftp_icon.prop2
Routine 0xbcbc	routine48316:?
! References: obj27_lpr_icon.prop2
Routine 0xbd70	routine48496:?
! References: obj28_compile_game_icon.prop2
Routine 0xbe58	routine48728:?
! References: obj29_Oak_icon.prop2
Routine 0xbea8	routine48808:?
! References: obj30_Sunsite_icon.prop2
Routine 0xbee0	routine48864:?
! References: obj31_Hobbes_icon.prop2
Routine 0xbf18	routine48920:?
! References: obj32_IF_Archive_icon.prop2
Routine 0xbf50	routine48976:?
! References: obj33_Designers_Manual_icon.prop2
Routine 0xbfcc	routine49100:?
! References: obj34_mouse.prop2
Routine 0xc024	routine49188:?
! References: obj35_UGGS_Manual.prop2
Routine 0xc064	routine49252:?
! References: obj36_Hall_Outside_Computer_Site.prop2
Routine 0xc0c8	routine49352:?
! References: obj37_water_fountain.prop2
Routine 0xc118	routine49432:?
! References: obj41_Elevator.prop2
Routine 0xc128	routine49448:?
! References: obj43_large_red_metal_box.prop2
Routine 0xc174	routine49524:?
! References: obj44_folded_fire_hose.prop18
Routine 0xc2a8	routine49832:?
! References: obj44_folded_fire_hose.prop2
Routine 0xc320	routine49952:?
! References: obj48_Outside_Physics_Office.prop2
Routine 0xc3e4	routine50148:?
! References: obj49_hum.prop2
Routine 0xc4a8	routine50344:?
! References: obj51_Physics_Office_door.prop2
Routine 0xc4c4	routine50372:?
! References: obj52_doorknob.prop2
Routine 0xc678	routine50808:?
! References: obj53_Hall.prop2
Routine 0xc85c	routine51292:?
! References: obj54_water_fountain.prop17
Routine 0xca44	routine51780:?
! References: obj54_water_fountain.prop18
Routine 0xcae0	routine51936:?
! References: obj54_water_fountain.prop2
Routine 0xcb9c	routine52124:?
! References: obj55_square_metal_panel.prop18
Routine 0xcc80	routine52352:?
! References: obj55_square_metal_panel.prop2
Routine 0xcd08	routine52488:?
! References: obj55_square_metal_panel.prop3
Routine 0xcd64	routine52580:?
! References: obj57_Elevator.prop2
Routine 0xcd9c	routine52636:?
! References: obj64_Hall.prop2
Routine 0xcde8	routine52712:?
! References: obj65_water_fountain.prop2
Routine 0xce38	routine52792:?
! References: obj68_door.prop6
Routine 0xce48	routine52808:?
! References: obj68_door.prop17, obj101_copies_of__Spelunker_Today_.prop1
Routine 0xce84	routine52868:?
! References: obj68_door.prop5
Routine 0xced8	routine52952:?
! References: obj68_door.prop8
Routine 0xcee4	routine52964:?
! References: obj69_Elevator.prop2
Routine 0xcef0	routine52976:?
! References: obj70_Janitor_s_Closet.prop2
Routine 0xcf14	routine53012:?
! References: obj71_buckets.prop2, obj72_pails.prop2, obj73_gigantic_mops.prop2, obj74_dust_cloths.prop2, obj75_brooms.prop2, obj76_cleaning_solutions.prop2
Routine 0xd01c	routine53276:?
! References: obj78_door_to_the_lab.prop18
Routine 0xd040	routine53312:?
! References: obj78_door_to_the_lab.prop8
Routine 0xd084	routine53380:?
! References: obj78_door_to_the_lab.prop5
Routine 0xd090	routine53392:?
! References: obj79_Lab.prop26
Routine 0xd0a0	routine53408:?
! References: obj79_Lab.prop2
Routine 0xd1a0	routine53664:?
! References: obj83_aquarium.prop17
Routine 0xd258	routine53848:?
! References: obj87_white_button.prop2
Routine 0xd29c	routine53916:?
! References: obj88_blue_button.prop2
Routine 0xd320	routine54048:?
! References: obj89_green_button.prop2
Routine 0xd39c	routine54172:?
! References: obj90_red_fish.prop4
Routine 0xd454	routine54356:?
! References: obj90_red_fish.prop16
Routine 0xd51c	routine54556:?
! References: obj92_Maze_of_Twisty_Passages.prop18, obj93_Maze_of_Twisty_Passages.prop18, obj94_Maze_of_Twisty_Passages.prop18, obj95_Maze_of_Twisty_Passages.prop18, obj96_Maze_of_Twisty_Passages.prop18, obj98_Maze_of_Twisty_Passages.prop18
Routine 0xd530	routine54576:?
! References: obj92_Maze_of_Twisty_Passages.prop26, obj93_Maze_of_Twisty_Passages.prop26, obj94_Maze_of_Twisty_Passages.prop26, obj95_Maze_of_Twisty_Passages.prop26, obj96_Maze_of_Twisty_Passages.prop26, obj98_Maze_of_Twisty_Passages.prop26
Routine 0xd568	routine54632:?
! References: obj92_Maze_of_Twisty_Passages.prop2, obj93_Maze_of_Twisty_Passages.prop2, obj94_Maze_of_Twisty_Passages.prop2, obj95_Maze_of_Twisty_Passages.prop2, obj96_Maze_of_Twisty_Passages.prop2, obj98_Maze_of_Twisty_Passages.prop2
Routine 0xd5f8	routine54776:?
! References: obj92_Maze_of_Twisty_Passages.prop2
Routine 0xd868	routine55400:?
! References: obj92_Maze_of_Twisty_Passages.prop3
Routine 0xd888	routine55432:?
! References: obj97_Dead_End.prop3
Routine 0xd8a0	routine55456:?
! References: obj98_Maze_of_Twisty_Passages.prop2
Routine 0xd8bc	routine55484:?
! References: obj99_Gnome_s_Lair.prop2
Routine 0xd9e4	routine55780:?
! References: obj100_paper_listings.prop2
Routine 0xda38	routine55864:?
! References: obj101_copies_of__Spelunker_Today_.prop2
Routine 0xda60	routine55904:?
! References: obj102_PC_clone.prop2
Routine 0xdad0	routine56016:?
! References: obj103_table.prop2
Routine 0xdafc	routine56060:?
! References: obj104_boombox.prop2
Routine 0xdb1c	routine56092:?
! References: obj105_stolen_laser_printer.prop2
Routine 0xdb58	routine56152:?
! References: obj105_stolen_laser_printer.prop3
Routine 0xdc78	routine56440:?
! References: obj107_flashlight.prop2
Routine 0xdd1c	routine56604:?
! References: obj107_flashlight.prop3
Routine 0xddc4	routine56772:?
! References: obj108_little_grey_mouse.prop4
Routine 0xddd8	routine56792:?
! References: obj108_little_grey_mouse.prop25
Routine 0xe03c	routine57404:?
! References: obj108_little_grey_mouse.prop2
Routine 0xe1b4	routine57780:?
! References: obj110_geeky_looking_gnome.prop17
Routine 0xe27c	routine57980:?
! References: obj110_geeky_looking_gnome.prop4
Routine 0xe368	routine58216:?
! References: obj110_geeky_looking_gnome.prop16
Routine 0xeadc	routine60124:?
! References: obj111_Inform_Designer_s_Manual.prop2
Routine 0xeb00	routine60160:?
! References: obj112_message.prop17
Routine 0xeb60	routine60256:?
! References: obj112_message.prop2
Routine 0xeb94	routine60308:?
Routine 0xeba8	routine60328:?
Routine 0xed58	routine60760:?
Routine 0xed6c	routine60780:?
Routine 0xedf8	routine60920:?
Routine 0xee10	routine60944:?
Routine 0xee34	routine60980:?
Routine 0xee40	routine60992:?
Routine 0xee94	routine61076:?
Routine 0xefc4	routine61380:?
Routine 0xefcc	routine61388:?
Routine 0xf084	routine61572:?
Routine 0xf0bc	Action0Sub:?
Routine 0xf100	Action1Sub:?
Routine 0xf12c	routine61740:?
Routine 0xf150	routine61776:?
Routine 0xf228	routine61992:?
Routine 0xf2ec	routine62188:?
Routine 0xf390	routine62352:?
Routine 0xf3c8	routine62408:?
Routine 0xf3e4	Action4Sub:?
Routine 0xf4d0	Action5Sub:?
Routine 0xf534	Action3Sub:?
Routine 0xf568	Action2Sub:?
! References: obj114_h.prop30
Routine 0xf5a4	routine62884:?
! References: obj115_h.prop30
Routine 0xf5b0	routine62896:?
! References: obj116_h.prop30
Routine 0xf5bc	routine62908:?
! References: obj117_h.prop30
Routine 0xf5c8	routine62920:?
! References: obj118_h.prop30
Routine 0xf5d4	routine62932:?
! References: obj119_h.prop30
Routine 0xf5e0	routine62944:?
! References: obj120_h.prop30
Routine 0xf5ec	routine62956:?
! References: obj121_h.prop30
Routine 0xf5f8	routine62968:?
! References: obj122_h.prop30
Routine 0xf604	routine62980:?
Routine 0xf610	routine62992:?
Routine 0xf618	routine63000:?
Routine 0xf66c	routine63084:?
Routine 0xf698	routine63128:?
Routine 0xf69c	routine63132:?
Routine 0xf6a0	routine63136:?
Routine 0xf6a4	routine63140:?
Routine 0xf6a8	routine63144:?
Routine 0xf6ac	routine63148:?
Routine 0xf6b0	routine63152:?
Routine 0xf6b4	routine63156:?
Routine 0xf6b8	routine63160:?
Routine 0xf6c0	routine63168:?
Routine 0xf6c8	routine63176:?
Routine 0xf6d0	routine63184:?
Routine 0xf6d8	routine63192:?
Routine 0xf6e0	routine63200:?
Routine 0xf6e8	routine63208:?
Routine 0xf6ec	routine63212:?
Routine 0xf6f0	Action114Sub:?
Routine 0xf6fc	routine63228:?
Routine 0xf740	routine63296:?
Routine 0x1009c	Action105Sub:?
Routine 0x100c4	Action106Sub:?
Routine 0x100ec	Action107Sub:?
Routine 0x10114	Action109Sub:?
Routine 0x1012c	Action111Sub:?
Routine 0x10168	Action112Sub:?
Routine 0x101a4	Action108Sub:?
Routine 0x101ac	Action110Sub:?
Routine 0x10224	Action113Sub:?
Routine 0x1022c	Action115Sub:?
Routine 0x1023c	routine66108:?
