! Auto-generated by Reform.

MD5	6ae4fd54b7e55675ec7e54ec4dd26462

Object 1	obj1_Forest
Object 2	obj2_Dungeon
Object 3	obj3_air
Object 4	obj4_well
Object 5	obj5_your_hand
Object 6	obj6_whip
Object 7	obj7_pair_of_duelling_pistols
Object 8	obj8_Crulley
Object 9	obj9_torch
Object 10	obj10_window
Object 11	obj11_smelling_salts
Object 12	obj12_curtain
Object 13	obj13_your_kid_slippers
Object 14	obj14_powder_horn
Object 15	obj15_yourself
Object 16	obj16_rapier
Object 17	obj17_linen_chemise
Object 18	obj18_anchor
Object 19	obj19_veranda
Object 20	obj20_Front_Drive
Object 21	obj21_Kitchen
Object 22	obj22_quantity_of_wine
Object 23	obj23_grate
Object 24	obj24_Lawn
Object 25	obj25_spices
Object 26	obj26_Cell
Object 27	obj27_ledge
Object 28	obj28_Stair_Landing
Object 29	obj29_direction
Object 30	obj30_Upstairs_Hall
Object 31	obj31_it
Object 32	obj32_pool
Object 33	obj33_quarters
Object 34	obj34_North_Passage
Object 35	obj35_patrol
Object 36	obj36_reefs
Object 37	obj37_it
Object 38	obj38_your_head
Object 39	obj39_gate
Object 40	obj40_chair
Object 41	obj41_her
Object 42	obj42_dagger
Object 43	obj43_gate
Object 44	obj44_sleep
Object 45	obj45_large_cupboard
Object 46	obj46_Aft_Hold
Object 47	obj47_railing
Object 48	obj48_Anteroom
Object 49	obj49_chain
Object 50	obj50_Bowsprit
Object 51	obj51_shack
Object 52	obj52_skiff
Object 53	obj53_french_door
Object 54	obj54_vine
Object 55	obj55_portrait
Object 56	obj56_rope
Object 57	obj57_your_father
Object 58	obj58_sky
Object 59	obj59_chandelier
Object 60	obj60_it
Object 61	obj61_cell
Object 62	obj62_South_Passage
Object 63	obj63_it
Object 64	obj64_wall
Object 65	obj65_Orchestra
Object 66	obj66_Lafond
Object 67	obj67_Folly
Object 68	obj68_Main_Entrance
Object 69	obj69_coffer
Object 70	obj70_loose_slat
Object 71	obj71_mansion
Object 72	obj72_navigation_wheel
Object 73	obj73_Beach
Object 74	obj74_line
Object 75	obj75_table
Object 76	obj76_cold_chicken
Object 77	obj77_Deck
Object 78	obj78_ladder
Object 79	obj79_butler
Object 80	obj80_Cabin
Object 81	obj81_desk
Object 82	obj82_cot
Object 83	obj83_Supper_Room
Object 84	obj84_cotton_frock
Object 85	obj85_Crow_s_Nest
Object 86	obj86_hole
Object 87	obj87_new_ring
Object 88	obj88_garter
Object 89	obj89_By_the_Ship
Object 90	obj90_blue_goblet
Object 91	obj91_pistol
Object 92	obj92_Landing
Object 93	obj93_cask
Object 94	obj94_Parlour
Object 95	obj95_water_barrel
Object 96	obj96_sea
Object 97	obj97_tree
Object 98	obj98_pinch_of_spices
Object 99	obj99_Shallows
Object 100	obj100_slab_of_pork
Object 101	obj101_Hold
Object 102	obj102_laudanum
Object 103	obj103_Helena_Louise
Object 104	obj104_iron_door
Object 105	obj105_folly
Object 106	obj106_lever
Object 107	obj107_bit_of_mirror
Object 108	obj108_jewelled_brooch
Object 109	obj109_Gallery
Object 110	obj110_dancer
Object 111	obj111_fence
Object 112	obj112_Foyer
Object 113	obj113_Clearing
Object 114	obj114_Forecastle
Object 115	obj115_large_key
Object 116	obj116_unmentionables
Object 117	obj117_room
Object 118	obj118_debris
Object 119	obj119_food_and_ammunition_supplies
Object 120	obj120_St__Sinistra
Object 121	obj121_leather_bottle
Object 122	obj122_him
Object 123	obj123_Library
Object 124	obj124_your_eyes
Object 125	obj125_pile_of_clothes
Object 126	obj126_hedge
Object 127	obj127_Sleeping_Cupboard
Object 128	obj128_pair_of_manacles
Object 129	obj129_trapdoor
Object 130	obj130_shirt
Object 131	obj131_bed
Object 132	obj132_skiff
Object 133	obj133_hat
Object 134	obj134_Galley
Object 135	obj135_musicians
Object 136	obj136_man
Object 137	obj137_canvas_hatch
Object 138	obj138_stub_of_rope
Object 139	obj139_window
Object 140	obj140_rum
Object 141	obj141_green_goblet
Object 142	obj142_In_the_Hedge
Object 143	obj143_stone
Object 144	obj144_gunpowder
Object 145	obj145_your_mouth
Object 146	obj146_Bedroom
Object 147	obj147_sign
Object 148	obj148_Lagoon
Object 149	obj149_wooden_door
Object 150	obj150_mooring_winch
Object 151	obj151_Main_Deck
Object 152	obj152_long_table
Object 153	obj153_East_Hallway
Object 154	obj154_bed
Object 155	obj155_Guard_s_Bunkroom
Object 156	obj156_drapes
Object 157	obj157_stair
Object 158	obj158_flower
Object 159	obj159_Hall
Object 160	obj160_cannon
Object 161	obj161_pair_of_oars
Object 162	obj162_books
Object 163	obj163_Cookie
Object 164	obj164_mess
Object 165	obj165_Ballroom
Object 166	obj166_water
Object 167	obj167_keg
Object 168	obj168_ground
Object 169	obj169_Captain_s_Quarters
Object 170	obj170_it
Object 171	obj171_Veranda
Object 172	obj172_number
Object 173	obj173_Corner
Object 174	obj174_divan
Object 175	obj175_invitation
Object 176	obj176_Lafond_s_Bedroom
Object 177	obj177_Lucy
Object 178	obj178_On_the_Ladder
Object 179	obj179_Trade_Entrance
Object 180	obj180_Cell
Object 181	obj181_ceiling
Object 182	obj182_globe
Object 183	obj183_Stairwell
Object 184	obj184_bushes
Object 185	obj185_Poop
Object 186	obj186_banknote
Object 187	obj187_crocodile
Object 188	obj188_fuse
Object 189	obj189_Quarterdeck
Object 190	obj190_Captain_Jamison
Object 191	obj191_pirate
Object 192	obj192_it
Object 193	obj193_Crew_s_Quarters
Object 194	obj194_breeches
Object 195	obj195_Plundered_Hearts
Object 196	obj196_pyramid_of_casks
Object 197	obj197_crack
Object 198	obj198_silver_tray
Object 199	obj199_flagon
Object 200	obj200_beautiful_ball_gown
Object 201	obj201_bookcase
Object 202	obj202_rag
Object 203	obj203_bench
Object 204	obj204_book
Object 205	obj205_fire
Object 206	obj206_missive
Object 207	obj207_In_the_Rigging
Object 208	obj208_Upstairs_Hall
Object 209	obj209_gold_ring
Object 210	obj210_rum_barrel
Object 211	obj211_shutters
Object 212	obj212_Bottom_of_Stairwell
Object 213	obj213_bed
Object 214	obj214_bed
Object 215	obj215_Davis
Object 216	obj216_By_the_House
Object 217	obj217_door
Object 218	obj218_knob
Object 219	obj219_pseudo
Object 220	obj220_moonbeam
Object 221	obj221_ornate_door
Object 222	obj222_rigging
Object 223	obj223_your_reticule

Attribute 2	attrib2			! obj7_pair_of_duelling_pistols obj11_smelling_salts obj13_your_kid_slippers obj25_spices obj54_vine obj118_debris obj119_food_and_ammunition_supplies obj124_your_eyes obj128_pair_of_manacles obj156_drapes obj160_cannon obj161_pair_of_oars obj162_books obj184_bushes obj191_pirate obj194_breeches obj211_shutters
Attribute 3	attrib3			! obj5_your_hand obj15_yourself obj38_your_head obj124_your_eyes obj145_your_mouth
Attribute 4	attrib4			! obj1_Forest obj2_Dungeon obj5_your_hand obj8_Crulley obj13_your_kid_slippers obj15_yourself obj20_Front_Drive obj21_Kitchen obj24_Lawn obj26_Cell obj28_Stair_Landing obj30_Upstairs_Hall obj34_North_Passage obj38_your_head obj41_her obj44_sleep obj46_Aft_Hold obj48_Anteroom obj50_Bowsprit obj57_your_father obj62_South_Passage obj63_it obj65_Orchestra obj66_Lafond obj67_Folly obj68_Main_Entrance obj73_Beach obj77_Deck obj80_Cabin obj83_Supper_Room obj85_Crow_s_Nest obj89_By_the_Ship obj92_Landing obj94_Parlour obj99_Shallows obj101_Hold obj109_Gallery obj112_Foyer obj113_Clearing obj114_Forecastle obj116_unmentionables obj118_debris obj120_St__Sinistra obj122_him obj123_Library obj124_your_eyes obj134_Galley obj142_In_the_Hedge obj144_gunpowder obj145_your_mouth obj146_Bedroom obj148_Lagoon obj151_Main_Deck obj153_East_Hallway obj155_Guard_s_Bunkroom obj159_Hall obj163_Cookie obj165_Ballroom obj169_Captain_s_Quarters obj170_it obj171_Veranda obj173_Corner obj176_Lafond_s_Bedroom obj177_Lucy obj178_On_the_Ladder obj179_Trade_Entrance obj180_Cell obj183_Stairwell obj185_Poop obj189_Quarterdeck obj190_Captain_Jamison obj207_In_the_Rigging obj208_Upstairs_Hall obj212_Bottom_of_Stairwell obj215_Davis obj216_By_the_House obj223_your_reticule
Attribute 5	attrib5			! obj60_it obj218_knob
Attribute 6	attrib6			! obj17_linen_chemise obj56_rope obj60_it obj133_hat
Attribute 7	attrib7			! obj60_it obj177_Lucy
Attribute 8	attrib8			! obj45_large_cupboard obj52_skiff obj60_it obj88_garter obj93_cask
Attribute 9	attrib9			! obj4_well obj5_your_hand obj18_anchor obj19_veranda obj22_quantity_of_wine obj25_spices obj27_ledge obj32_pool obj39_gate obj40_chair obj43_gate obj45_large_cupboard obj51_shack obj53_french_door obj54_vine obj55_portrait obj57_your_father obj60_it obj64_wall obj69_coffer obj72_navigation_wheel obj74_line obj78_ladder obj81_desk obj87_new_ring obj93_cask obj95_water_barrel obj102_laudanum obj104_iron_door obj105_folly obj106_lever obj111_fence obj116_unmentionables obj119_food_and_ammunition_supplies obj128_pair_of_manacles obj129_trapdoor obj130_shirt obj131_bed obj132_skiff obj140_rum obj144_gunpowder obj147_sign obj149_wooden_door obj152_long_table obj154_bed obj156_drapes obj158_flower obj161_pair_of_oars obj162_books obj164_mess obj166_water obj167_keg obj174_divan obj181_ceiling obj182_globe obj184_bushes obj188_fuse obj191_pirate obj192_it obj194_breeches obj197_crack obj201_bookcase obj204_book obj209_gold_ring obj210_rum_barrel obj211_shutters obj213_bed obj214_bed obj217_door obj218_knob obj220_moonbeam obj221_ornate_door
Attribute 10	attrib10		! obj39_gate obj43_gate obj60_it obj69_coffer obj104_iron_door obj217_door obj221_ornate_door
Attribute 11	attrib11		! obj18_anchor obj60_it obj63_it obj175_invitation
Attribute 12	attrib12		! obj2_Dungeon obj21_Kitchen obj26_Cell obj28_Stair_Landing obj30_Upstairs_Hall obj34_North_Passage obj46_Aft_Hold obj48_Anteroom obj60_it obj62_South_Passage obj65_Orchestra obj67_Folly obj80_Cabin obj83_Supper_Room obj92_Landing obj94_Parlour obj101_Hold obj109_Gallery obj112_Foyer obj123_Library obj127_Sleeping_Cupboard obj146_Bedroom obj153_East_Hallway obj155_Guard_s_Bunkroom obj159_Hall obj165_Ballroom obj169_Captain_s_Quarters obj173_Corner obj176_Lafond_s_Bedroom obj180_Cell obj183_Stairwell obj193_Crew_s_Quarters obj208_Upstairs_Hall obj212_Bottom_of_Stairwell
Attribute 13	attrib13		! obj60_it
Attribute 14	attrib14		! obj8_Crulley obj27_ledge obj52_skiff obj60_it obj82_cot obj88_garter obj111_fence obj121_leather_bottle obj128_pair_of_manacles obj129_trapdoor obj163_Cookie obj198_silver_tray obj222_rigging
Attribute 15	attrib15		! obj4_well obj14_powder_horn obj27_ledge obj40_chair obj45_large_cupboard obj52_skiff obj60_it obj69_coffer obj75_table obj79_butler obj82_cot obj88_garter obj93_cask obj95_water_barrel obj111_fence obj121_leather_bottle obj128_pair_of_manacles obj129_trapdoor obj131_bed obj133_hat obj152_long_table obj154_bed obj163_Cookie obj174_divan obj187_crocodile obj190_Captain_Jamison obj198_silver_tray obj199_flagon obj201_bookcase obj203_bench obj210_rum_barrel obj213_bed obj214_bed obj218_knob obj222_rigging obj223_your_reticule
Attribute 16	attrib16		! obj4_well obj8_Crulley obj14_powder_horn obj27_ledge obj40_chair obj51_shack obj52_skiff obj57_your_father obj60_it obj66_Lafond obj75_table obj79_butler obj82_cot obj86_hole obj88_garter obj90_blue_goblet obj93_cask obj95_water_barrel obj128_pair_of_manacles obj131_bed obj141_green_goblet obj152_long_table obj154_bed obj163_Cookie obj177_Lucy obj187_crocodile obj190_Captain_Jamison obj198_silver_tray obj199_flagon obj201_bookcase obj203_bench obj210_rum_barrel obj211_shutters obj213_bed obj214_bed obj222_rigging obj223_your_reticule
Attribute 17	attrib17		! obj6_whip obj9_torch obj16_rapier obj22_quantity_of_wine obj54_vine obj56_rope obj60_it obj70_loose_slat obj76_cold_chicken obj78_ladder obj98_pinch_of_spices obj102_laudanum obj115_large_key obj118_debris obj125_pile_of_clothes obj138_stub_of_rope obj161_pair_of_oars obj162_books obj167_keg obj182_globe obj199_flagon obj204_book obj222_rigging
Attribute 18	attrib18		! obj40_chair obj60_it obj75_table obj81_desk obj82_cot obj131_bed obj152_long_table obj154_bed obj174_divan obj198_silver_tray obj203_bench obj213_bed obj214_bed obj218_knob
Attribute 19	attrib19		! obj5_your_hand obj15_yourself obj41_her obj60_it obj63_it obj64_wall obj122_him obj181_ceiling
Attribute 20	attrib20		! obj60_it obj86_hole obj88_garter obj188_fuse obj192_it
Attribute 21	attrib21		! obj13_your_kid_slippers obj17_linen_chemise obj60_it obj84_cotton_frock obj88_garter obj108_jewelled_brooch obj125_pile_of_clothes obj128_pair_of_manacles obj130_shirt obj133_hat obj194_breeches obj200_beautiful_ball_gown obj223_your_reticule
Attribute 22	attrib22		! obj13_your_kid_slippers obj17_linen_chemise obj60_it obj84_cotton_frock
Attribute 23	attrib23		! obj11_smelling_salts obj14_powder_horn obj16_rapier obj17_linen_chemise obj25_spices obj42_dagger obj84_cotton_frock obj88_garter obj90_blue_goblet obj91_pistol obj98_pinch_of_spices obj107_bit_of_mirror obj108_jewelled_brooch obj115_large_key obj121_leather_bottle obj125_pile_of_clothes obj130_shirt obj133_hat obj141_green_goblet obj143_stone obj175_invitation obj186_banknote obj194_breeches obj198_silver_tray obj199_flagon obj200_beautiful_ball_gown obj202_rag obj206_missive
Attribute 24	attrib24		! obj4_well obj8_Crulley obj14_powder_horn obj27_ledge obj40_chair obj45_large_cupboard obj51_shack obj52_skiff obj57_your_father obj60_it obj66_Lafond obj69_coffer obj75_table obj81_desk obj82_cot obj88_garter obj90_blue_goblet obj93_cask obj95_water_barrel obj111_fence obj121_leather_bottle obj128_pair_of_manacles obj129_trapdoor obj131_bed obj141_green_goblet obj152_long_table obj154_bed obj163_Cookie obj174_divan obj177_Lucy obj187_crocodile obj190_Captain_Jamison obj199_flagon obj201_bookcase obj203_bench obj210_rum_barrel obj213_bed obj214_bed obj218_knob obj222_rigging obj223_your_reticule
Attribute 25	attrib25		! obj9_torch obj59_chandelier obj60_it
Attribute 26	attrib26		! obj12_curtain obj39_gate obj43_gate obj45_large_cupboard obj53_french_door obj55_portrait obj60_it obj104_iron_door obj129_trapdoor obj137_canvas_hatch obj149_wooden_door obj156_drapes obj211_shutters obj217_door obj221_ornate_door
Attribute 27	attrib27		! obj56_rope obj156_drapes
Attribute 28	attrib28		! obj27_ledge obj40_chair obj52_skiff obj60_it obj82_cot obj93_cask obj129_trapdoor obj131_bed obj154_bed obj203_bench obj213_bed obj214_bed
Attribute 29	attrib29		! obj1_Forest obj2_Dungeon obj9_torch obj20_Front_Drive obj21_Kitchen obj24_Lawn obj26_Cell obj28_Stair_Landing obj30_Upstairs_Hall obj34_North_Passage obj46_Aft_Hold obj48_Anteroom obj50_Bowsprit obj59_chandelier obj60_it obj62_South_Passage obj65_Orchestra obj67_Folly obj68_Main_Entrance obj73_Beach obj77_Deck obj80_Cabin obj83_Supper_Room obj85_Crow_s_Nest obj89_By_the_Ship obj92_Landing obj94_Parlour obj99_Shallows obj101_Hold obj109_Gallery obj112_Foyer obj113_Clearing obj114_Forecastle obj123_Library obj127_Sleeping_Cupboard obj134_Galley obj142_In_the_Hedge obj146_Bedroom obj148_Lagoon obj151_Main_Deck obj153_East_Hallway obj155_Guard_s_Bunkroom obj159_Hall obj165_Ballroom obj169_Captain_s_Quarters obj171_Veranda obj173_Corner obj176_Lafond_s_Bedroom obj178_On_the_Ladder obj179_Trade_Entrance obj180_Cell obj183_Stairwell obj185_Poop obj188_fuse obj189_Quarterdeck obj193_Crew_s_Quarters obj205_fire obj207_In_the_Rigging obj208_Upstairs_Hall obj212_Bottom_of_Stairwell obj216_By_the_House
Attribute 30	attrib30		! obj1_Forest obj2_Dungeon obj20_Front_Drive obj21_Kitchen obj24_Lawn obj26_Cell obj28_Stair_Landing obj30_Upstairs_Hall obj34_North_Passage obj46_Aft_Hold obj48_Anteroom obj50_Bowsprit obj60_it obj62_South_Passage obj65_Orchestra obj67_Folly obj68_Main_Entrance obj73_Beach obj77_Deck obj80_Cabin obj83_Supper_Room obj85_Crow_s_Nest obj89_By_the_Ship obj92_Landing obj94_Parlour obj99_Shallows obj101_Hold obj109_Gallery obj112_Foyer obj113_Clearing obj114_Forecastle obj123_Library obj127_Sleeping_Cupboard obj134_Galley obj142_In_the_Hedge obj146_Bedroom obj148_Lagoon obj151_Main_Deck obj153_East_Hallway obj155_Guard_s_Bunkroom obj159_Hall obj165_Ballroom obj169_Captain_s_Quarters obj171_Veranda obj173_Corner obj176_Lafond_s_Bedroom obj179_Trade_Entrance obj180_Cell obj183_Stairwell obj185_Poop obj189_Quarterdeck obj193_Crew_s_Quarters obj207_In_the_Rigging obj208_Upstairs_Hall obj212_Bottom_of_Stairwell obj216_By_the_House
Attribute 31	attrib31		! obj8_Crulley obj35_patrol obj57_your_father obj60_it obj66_Lafond obj79_butler obj110_dancer obj135_musicians obj163_Cookie obj177_Lucy obj187_crocodile obj190_Captain_Jamison obj191_pirate obj192_it obj215_Davis

Property 9	prop9:string
Property 10	prop10:?
Property 11	prop11:?
Property 12	prop12:string
Property 13	prop13:?
Property 14	prop14:?
Property 15	prop15:?
Property 16	prop16:?
Property 17	prop17:?
Property 18	prop18:?
Property 19	out_to:exit
Property 20	in_to:exit
Property 21	d_to:exit
Property 22	u_to:exit
Property 23	p_to:exit
Property 24	aft_to:exit
Property 25	se_to:exit
Property 26	e_to:exit
Property 27	ne_to:exit
Property 28	f_to:exit
Property 29	prop29:dictwords
Property 30	southw_to:exit
Property 31	northw_to:exit

Global 0	global0:?
Global 1	global1:?
Global 2	global2:?
Global 3	global3:?
Global 4	global4:?
Global 5	global5:?
Global 6	global6:?
Global 7	global7:?
Global 8	global8:?
Global 9	global9:?
Global 10	global10:?
Global 11	global11:?
Global 12	global12:?
Global 13	global13:?
Global 14	global14:?
Global 15	global15:?
Global 16	global16:?
Global 17	global17:?
Global 18	global18:?
Global 19	global19:?
Global 20	global20:?
Global 21	global21:?
Global 22	global22:?
Global 23	global23:?
Global 24	global24:?
Global 25	global25:?
Global 26	global26:?
Global 27	global27:?
Global 28	global28:?
Global 29	global29:?
Global 30	global30:?
Global 31	global31:?
Global 32	global32:?
Global 33	global33:?
Global 34	global34:?
Global 35	global35:?
Global 36	global36:?
Global 37	global37:?
Global 38	global38:?
Global 39	global39:?
Global 40	global40:?
Global 41	global41:?
Global 42	global42:?
Global 43	global43:?
Global 44	global44:?
Global 45	global45:?
Global 46	global46:?
Global 47	global47:?
Global 48	global48:?
Global 49	global49:?
Global 50	global50:?
Global 51	global51:?
Global 52	global52:?
Global 53	global53:?
Global 54	global54:?
Global 55	global55:?
Global 56	global56:?
Global 57	global57:?
Global 58	global58:?
Global 59	global59:?
Global 60	global60:?
Global 61	global61:?
Global 62	global62:?
Global 63	global63:?
Global 64	global64:?
Global 65	global65:?
Global 66	global66:?
Global 67	global67:?
Global 68	global68:?
Global 69	global69:?
Global 70	global70:?
Global 71	global71:?
Global 72	global72:?
Global 73	global73:?
Global 74	global74:?
Global 75	global75:?
Global 76	global76:?
Global 77	global77:?
Global 78	global78:?
Global 79	global79:?
Global 80	global80:?
Global 81	global81:?
Global 82	global82:?
Global 83	global83:?
Global 84	global84:?
Global 85	global85:?
Global 86	global86:?
Global 87	global87:?
Global 88	global88:?
Global 89	global89:?
Global 90	global90:?
Global 91	global91:?
Global 92	global92:?
Global 93	global93:?
Global 94	global94:?
Global 95	global95:?
Global 96	global96:?
Global 97	global97:?
Global 98	global98:?
Global 99	global99:?
Global 100	global100:?
Global 101	global101:?
Global 102	global102:?
Global 103	global103:?
Global 104	global104:?
Global 105	global105:?
Global 106	global106:?
Global 107	global107:?
Global 108	global108:?
Global 109	global109:?
Global 110	global110:?
Global 111	global111:?
Global 112	global112:?
Global 113	global113:?
Global 114	global114:?
Global 115	global115:?
Global 116	global116:?
Global 117	global117:?
Global 118	global118:?
Global 119	global119:?
Global 120	global120:?
Global 121	global121:?
Global 122	global122:?
Global 123	global123:?
Global 124	global124:?
Global 125	global125:?
Global 126	global126:?
Global 127	global127:?
Global 128	global128:?
Global 129	global129:?
Global 130	global130:?
Global 131	global131:?
Global 132	global132:?
Global 133	global133:?
Global 134	global134:?
Global 135	global135:?
Global 136	global136:?
Global 137	global137:?
Global 138	global138:?
Global 139	global139:?
Global 140	global140:?
Global 141	global141:?
Global 142	global142:?
Global 143	global143:?
Global 144	global144:?
Global 145	global145:?
Global 146	global146:?
Global 147	global147:?
Global 148	global148:?
Global 149	global149:?
Global 150	global150:?
Global 151	global151:?
Global 152	global152:?
Global 153	global153:?
Global 154	global154:?
Global 155	global155:?
Global 156	global156:?
Global 157	global157:?
Global 158	global158:?
Global 159	global159:?
Global 160	global160:?
Global 161	global161:?
Global 162	global162:?
Global 163	global163:?
Global 164	global164:?
Global 165	global165:?
Global 166	global166:?
Global 167	global167:?
Global 168	global168:?
Global 169	global169:?
Global 170	global170:?
Global 171	global171:?
Global 172	global172:?
Global 173	global173:?
Global 174	global174:?
Global 175	global175:?
Global 176	global176:?
Global 177	global177:?
Global 178	global178:?
Global 179	global179:?
Global 180	global180:?
Global 181	global181:?
Global 182	global182:?
Global 183	global183:?
Global 184	global184:?
Global 185	global185:?
Global 186	global186:?
Global 187	global187:?
Global 188	global188:?
Global 189	global189:?
Global 190	global190:?
Global 191	global191:?
Global 192	global192:?
Global 193	global193:?
Global 194	global194:?
Global 195	global195:?
Global 196	global196:?
Global 197	global197:?
Global 198	global198:?
Global 199	global199:?
Global 200	global200:?
Global 201	global201:?
Global 202	global202:?
Global 203	global203:?
Global 204	global204:?
Global 205	global205:?
Global 206	global206:?
Global 207	global207:?
Global 208	global208:?
Global 209	global209:?
Global 210	global210:?
Global 211	global211:?
Global 212	global212:?
Global 213	global213:?
Global 214	global214:?
Global 215	global215:?
Global 216	global216:?
Global 217	global217:?
Global 218	global218:?
Global 219	global219:?
Global 220	global220:?
Global 221	global221:?
Global 222	global222:?
Global 223	global223:?
Global 224	global224:?
Global 225	global225:?
Global 226	global226:?
Global 227	global227:?
Global 228	global228:?
Global 229	global229:?
Global 230	global230:?
Global 231	global231:?
Global 232	global232:?
Global 233	global233:?
Global 234	global234:?
Global 235	global235:?
Global 236	global236:?
Global 237	global237:?
Global 238	global238:?
Global 239	global239:?

Action 0	Action0		! 'verbos'
Action 1	Action1		! 'brief'
Action 2	Action2		! 'super'/'superb'
Action 3	Action3		! 'i//'/'invent'
Action 4	Action4		! 'i//'/'invent' 'love' object
Action 5	Action5		! 'q//'/'quit'
Action 6	Action6		! 'restar'
Action 7	Action7		! 'restor'
Action 8	Action8		! 'rescue'/'save'
Action 9	Action9		! 'script'
Action 10	Action10	! 'unscri'
Action 11	Action11	! 'versio'
Action 12	Action12	! '#rand' object
Action 13	Action13	! '#comm'
Action 14	Action14	! '#reco'
Action 15	Action15	! '#unre'
Action 16	Action16	! '$ve' object
				! '$ve'
Action 17	Action17	! 'applau'/'clap' object
				! 'applau'/'clap'
Action 18	Action18	! 'duck'/'go'/'wade' 'toward'/'to' object
				! 'procee'/'run'/'sidle'/'step'/'walk' 'toward'/'to' object
				! 'approa' object
Action 19	Action19	! 'ask' attrib31 'about' object
Action 20	Action20	! 'ask' attrib31 'for' object
				! 'ask' attrib31 'toward'/'to' attrib30
Action 21	Action21	! 'ask' 'for' object
Action 22	Action22	! 'break'/'crush'/'damage'/'demoli'/'destro'/'smash'/'trampl'/'wreck' 'downst'/'down'/'d//' object
				! 'attack'/'bash'/'fight'/'hit'/'kill'/'murder'/'punch'/'slap'/'strike'/'whack' attrib31(in_room,on_ground) 'with'/'using' object(carried,have)
				! 'attack'/'bash'/'fight'/'hit'/'kill'/'murder'/'punch'/'slap'/'strike'/'whack' attrib31(in_room,on_ground)
				! 'knock'/'pound'/'rap' 'downst'/'down'/'d//' attrib31(in_room,on_ground)
Action 23	Action23	! 'bite' object
Action 24	Action24	! 'blow' object(held) 'onto'/'on' attrib31
				! 'blow' object(held) 'at' attrib31
				! 'blow' object
Action 25	Action25	! 'close'/'shut' 'off' attrib25(held,carried,in_room,on_ground,take)
				! 'flick'/'flip'/'rotate'/'set'/'spin'/'switch'/'turn' 'off' attrib25
				! 'deacti'/'douse'/'exting' attrib29
				! 'blow' 'outsid'/'out' attrib29
				! 'dip'/'hang'/'insert'/'lay'/'place'/'put'/'sprink'/'stick' 'outsid'/'out' attrib29
Action 26	Action26	! 'climb'/'crawl'/'scale' 'into'/'inside'/'in' attrib28(in_room,on_ground)
				! 'doze'/'nap'/'sleep'/'snooze' 'onto'/'on' object(in_room,on_ground)
				! 'doze'/'nap'/'sleep'/'snooze' 'into'/'inside'/'in' object(in_room,on_ground)
				! 'board'/'mount'/'ride' attrib28(in_room,on_ground)
				! 'carry'/'get'/'grab'/'hold'/'take' 'onto'/'on' attrib28(in_room,on_ground)
				! 'carry'/'get'/'grab'/'hold'/'take' 'into'/'inside'/'in' attrib28(in_room,on_ground)
Action 27	Action27	! 'bribe' object 'with'/'using' object
				! 'bribe' object
Action 28	Action28	! 'burn'/'melt' attrib27 'into'/'inside'/'in' object
				! 'burn'/'melt' 'upstai'/'up'/'u//' attrib27
				! 'burn'/'melt' attrib27
Action 29	Action29	! 'duck'/'go'/'wade' 'around'/'along' attrib30
				! 'circle' object
				! 'move'/'pull' 'around'/'along' attrib30
				! 'procee'/'run'/'sidle'/'step'/'walk' 'around'/'along' attrib30
				! 'procee'/'run'/'sidle'/'step'/'walk'
Action 30	Action30	! 'climb'/'crawl'/'scale' 'upstai'/'up'/'u//' attrib30(in_room,on_ground)
				! 'climb'/'crawl'/'scale' object(in_room,on_ground)
				! 'duck'/'go'/'wade' 'upstai'/'up'/'u//' object(in_room,on_ground)
				! 'procee'/'run'/'sidle'/'step'/'walk' 'upstai'/'up'/'u//' object(in_room,on_ground)
Action 31	Action31	! 'climb'/'crawl'/'scale' 'onto'/'on' attrib28(in_room,on_ground)
				! 'sit' 'into'/'inside'/'in' object(in_room,on_ground)
				! 'sit' 'onto'/'on' object(in_room,on_ground)
Action 32	Action32	! 'climb'/'crawl'/'scale' 'downst'/'down'/'d//' attrib30(in_room,on_ground)
				! 'slide' 'downst'/'down'/'d//' attrib30(in_room,on_ground)
				! 'duck'/'go'/'wade' 'downst'/'down'/'d//' object(in_room,on_ground)
				! 'descen' object(in_room,on_ground)
				! 'procee'/'run'/'sidle'/'step'/'walk' 'downst'/'down'/'d//' object(in_room,on_ground)
Action 33	Action33	! 'climb'/'crawl'/'scale' 'off' attrib28(in_room,on_ground)
				! 'climb'/'crawl'/'scale' 'outsid'/'out' attrib28(in_room,on_ground)
				! 'debark'/'disemb' object(in_room,on_ground)
				! 'debark'/'disemb'
				! 'carry'/'get'/'grab'/'hold'/'take' 'downst'/'down'/'d//' attrib28(on_ground)
				! 'carry'/'get'/'grab'/'hold'/'take' 'outsid'/'out' attrib28(on_ground)
Action 34	Action34	! 'climb'/'crawl'/'scale' 'over' object(in_room,on_ground)
Action 35	Action35	! 'climb'/'crawl'/'scale' 'thru'/'throug' object
				! 'duck'/'go'/'wade' 'thru'/'throug' object
				! 'duck'/'go'/'wade' 'into'/'inside'/'in' object
				! 'enter' object
				! 'dive'/'jump'/'leap'/'vault' 'thru'/'throug' object
				! 'dive'/'jump'/'leap'/'vault' 'into'/'inside'/'in' object
				! 'procee'/'run'/'sidle'/'step'/'walk' 'thru'/'throug' object
				! 'procee'/'run'/'sidle'/'step'/'walk' 'over' object
				! 'procee'/'run'/'sidle'/'step'/'walk' 'across' object
				! 'procee'/'run'/'sidle'/'step'/'walk' 'outsid'/'out' object
				! 'procee'/'run'/'sidle'/'step'/'walk' 'into'/'inside'/'in' object
Action 36	Action36	! 'climb'/'crawl'/'scale' 'undern'/'under'/'beneat'/'below' object
				! 'duck'/'go'/'wade' 'undern'/'under'/'beneat'/'below' object
Action 37	Action37	! 'close'/'shut' object 'onto'/'on' attrib31
				! 'close'/'shut' attrib26(held,carried,in_room,on_ground)
Action 38	Action38	! 'close'/'shut' 'upstai'/'up'/'u//' attrib30
Action 39	Action39	! 'duck'/'go'/'wade' 'with'/'using' object
				! 'come' 'with'/'using' object
				! 'chase'/'follow'/'pursue' object
Action 40	Action40	! 'cover' object 'with'/'using' object(held,many)
Action 41	Action41	! 'cry'/'gasp'/'sob'/'weep'
Action 42	Action42	! 'dance'/'piroue'/'twirl' 'with'/'using' attrib31
				! 'dance'/'piroue'/'twirl' attrib30
Action 43	Action43	! 'break'/'crush'/'damage'/'demoli'/'destro'/'smash'/'trampl'/'wreck' 'outsid'/'out' attrib30
				! 'break'/'crush'/'damage'/'demoli'/'destro'/'smash'/'trampl'/'wreck' object 'with'/'using' object(held,carried,take)
				! 'break'/'crush'/'damage'/'demoli'/'destro'/'smash'/'trampl'/'wreck' object(in_room,on_ground)
Action 44	Action44	! 'dig' 'thru'/'throug' object
				! 'dig' 'into'/'inside'/'in' object
Action 45	Action45	! 'dress' object
				! 'dress'
Action 46	Action46	! 'drink'/'quaff'/'sip'/'swallo' object(held,carried,in_room,on_ground)
Action 47	Action47	! 'drink'/'quaff'/'sip'/'swallo' object 'from' object(have)
				! 'drink'/'quaff'/'sip'/'swallo' 'from' object(held,carried)
Action 48	Action48	! 'drop'/'dump' object(held,many,have)
				! 'let' 'go' object(many)
				! 'dip'/'hang'/'insert'/'lay'/'place'/'put'/'sprink'/'stick' 'downst'/'down'/'d//' object(held,many,have)
Action 49	Action49	! 'leave' object(held,many) 'into'/'inside'/'in' object
				! 'drop'/'dump' object(held,many,have) 'into'/'inside'/'in' object
				! 'drop'/'dump' object(held,many,have) 'downst'/'down'/'d//' object
				! 'dip'/'hang'/'insert'/'lay'/'place'/'put'/'sprink'/'stick' object(held,many) 'into'/'inside'/'in' object
Action 50	Action50	! 'bind'/'fetter'/'hobble'/'manacl'/'shackl' attrib31
				! 'leave' object(held,many) 'onto'/'on' object
				! 'drop'/'dump' object(held,many) 'onto'/'on' object
				! 'dip'/'hang'/'insert'/'lay'/'place'/'put'/'sprink'/'stick' object(held,many) 'over' object
				! 'dip'/'hang'/'insert'/'lay'/'place'/'put'/'sprink'/'stick' object(held,many) 'around'/'along' object
				! 'dip'/'hang'/'insert'/'lay'/'place'/'put'/'sprink'/'stick' object(held,many) 'onto'/'on' object
Action 51	Action51	! 'drop'/'dump' object(held,many,have) 'thru'/'throug' object
				! 'drop'/'dump' object(held,many,have) 'outsid'/'out' object
				! 'lower' object 'outsid'/'out' object
				! 'lower' object 'thru'/'throug' object
				! 'hurl'/'throw'/'toss' object(carried) 'outsid'/'out' object
				! 'hurl'/'throw'/'toss' object(carried) 'thru'/'throug' object(in_room,on_ground)
				! 'dip'/'hang'/'insert'/'lay'/'place'/'put'/'sprink'/'stick' object(held,many,have) 'outsid'/'out' object
				! 'dip'/'hang'/'insert'/'lay'/'place'/'put'/'sprink'/'stick' object(many) 'thru'/'throug' object
Action 52	Action52	! 'devour'/'eat'/'nibble'/'taste' object(held,carried,in_room,on_ground)
Action 53	Action53	! 'empty' object 'into'/'inside'/'in' object
				! 'empty' object 'onto'/'on' object
				! 'empty' 'outsid'/'out' object
				! 'empty' object
Action 54	Action54	! 'empty' object(many) 'from' object
Action 55	Action55	! 'enter'
Action 56	Action56	! 'descri'/'examin'/'inspec'/'observ'/'study'/'x//' object(held,carried,in_room,on_ground)
				! 'l//'/'look'/'watch' 'over' object
				! 'l//'/'look'/'watch' 'toward'/'to' object
				! 'l//'/'look'/'watch' 'onto'/'on' object
				! 'l//'/'look'/'watch' 'at' object(held,carried,in_room,on_ground)
Action 57	Action57	! 'depart'/'exit'/'withdr' object
				! 'depart'/'exit'/'withdr'
Action 58	Action58	! 'feed' attrib31
Action 59	Action59	! 'give'/'hand'/'offer'/'presen' object(held,many,have) 'toward'/'to' attrib31(on_ground)
				! 'pay' object(held,many,have) 'toward'/'to' attrib31(on_ground)
				! 'feed' object(held,many,have) 'toward'/'to' attrib31(on_ground)
				! 'pass' object(held,many,have) 'toward'/'to' attrib31(on_ground)
Action 60	Action60	! 'give'/'hand'/'offer'/'presen' attrib31 'with'/'using' object(many,have)
				! 'give'/'hand'/'offer'/'presen' attrib31(on_ground) object(many,have)
				! 'feed' attrib31 'with'/'using' object(held,many,have)
				! 'feed' attrib31(on_ground) object(held,many,have)
Action 61	Action61	! 'fiddle'/'joggle'/'wiggle' 'with'/'using' object
Action 62	Action62	! 'fill'/'load' attrib24(held,carried,have) 'with'/'using' object
				! 'fill'/'load' attrib24(held,carried,have)
Action 63	Action63	! 'fill'/'load' object(held,carried,have) 'into'/'inside'/'in' object
Action 64	Action64	! 'l//'/'look'/'watch' 'for' object
				! 'rummag'/'search' 'for' object
				! 'find'/'locate'/'seek' object 'onto'/'on' object
				! 'find'/'locate'/'seek' object
Action 65	Action65	! 'fix'/'repair'/'sharpe'/'whet' object(have)
Action 66	Action66	! 'duck'/'go'/'wade' attrib30
				! 'procee'/'run'/'sidle'/'step'/'walk' object
Action 67	Action67	! 'duck'/'go'/'wade' 'behind' object
				! 'hide' 'behind' object
				! 'hide' 'undern'/'under'/'beneat'/'below' object
				! 'hide'
				! 'rise'/'stand' 'behind' object
				! 'procee'/'run'/'sidle'/'step'/'walk' 'behind' object
Action 68	Action68	! 'duck'/'go'/'wade' 'away' attrib30
				! 'leave' object
				! 'leave'
				! 'procee'/'run'/'sidle'/'step'/'walk' 'away' attrib30
Action 69	Action69	! 'duck'/'go'/'wade'
				! 'dive'/'jump'/'leap'/'vault' 'overbo' attrib30
Action 70	Action70	! 'stop' attrib30
Action 71	Action71	! 'listen' 'toward'/'to' object
				! 'listen'
				! 'hear' object
Action 72	Action72	! 'greet'/'hello'/'hi' object
				! 'greet'/'hello'/'hi'
Action 73	Action73	! 'help'/'hint'/'warn'
Action 74	Action74	! 'help'/'hint'/'warn' object
				! 'rescue'/'save' attrib31
Action 75	Action75	! 'lean' 'agains' object
				! 'embrac'/'hug' object
Action 76	Action76	! 'dive'/'jump'/'leap'/'vault' 'toward'/'to' object
				! 'dive'/'jump'/'leap'/'vault' 'downst'/'down'/'d//' attrib30
				! 'dive'/'jump'/'leap'/'vault' 'upstai'/'up'/'u//' attrib30
				! 'dive'/'jump'/'leap'/'vault' 'across' object
				! 'dive'/'jump'/'leap'/'vault' 'across' object
				! 'dive'/'jump'/'leap'/'vault' 'over' object
				! 'dive'/'jump'/'leap'/'vault'
Action 77	Action77	! 'dive'/'jump'/'leap'/'vault' 'outsid'/'out' object
				! 'dive'/'jump'/'leap'/'vault' 'off' object
Action 78	Action78	! 'kick' object
Action 79	Action79	! 'kiss' attrib31(in_room,on_ground)
Action 80	Action80	! 'bow'/'curtse'/'curtsy' 'toward'/'to' attrib31
Action 81	Action81	! 'tap' 'onto'/'on' object
				! 'knock'/'pound'/'rap' 'at' attrib26
				! 'knock'/'pound'/'rap' 'onto'/'on' attrib26
Action 82	Action82	! 'roll'/'tip' object
				! 'knock'/'pound'/'rap' 'over' object
Action 83	Action83	! 'laugh'/'smile' 'at' object
				! 'laugh'/'smile'
Action 84	Action84	! 'launch' object
Action 85	Action85	! 'lie' 'downst'/'down'/'d//' attrib30
				! 'lie' 'into'/'inside'/'in' attrib28
				! 'lie' 'onto'/'on' attrib28
Action 86	Action86	! 'flick'/'flip'/'rotate'/'set'/'spin'/'switch'/'turn' 'onto'/'on' attrib25
				! 'light' object(in_room,on_ground) 'onto'/'on' object
				! 'light' attrib25(held,carried,in_room,on_ground) 'with'/'using' object
				! 'light' attrib25(held,carried,in_room,on_ground) 'into'/'inside'/'in' object
				! 'light' attrib25(held,carried,in_room,on_ground)
Action 87	Action87	! 'lock' object(in_room,on_ground) 'with'/'using' object
				! 'lock' object
Action 88	Action88	! 'l//'/'look'/'watch' 'around'/'along' attrib30
				! 'l//'/'look'/'watch'
Action 89	Action89	! 'l//'/'look'/'watch' 'downst'/'down'/'d//' attrib30
Action 90	Action90	! 'l//'/'look'/'watch' 'upstai'/'up'/'u//' attrib30
Action 91	Action91	! 'l//'/'look'/'watch' 'into'/'inside'/'in' object(held,carried,in_room,on_ground)
				! 'l//'/'look'/'watch' 'outsid'/'out' attrib30
				! 'l//'/'look'/'watch' 'thru'/'throug' object
Action 92	Action92	! 'l//'/'look'/'watch' 'undern'/'under'/'beneat'/'below' object
				! 'rummag'/'search' 'undern'/'under'/'beneat'/'below' object
Action 93	Action93	! 'l//'/'look'/'watch' 'behind' object
Action 94	Action94	! 'l//'/'look'/'watch' object
Action 95	Action95	! 'press'/'push' 'downst'/'down'/'d//' object
				! 'press'/'push' object 'downst'/'down'/'d//' attrib30
				! 'lower' object
				! 'move'/'pull' 'downst'/'down'/'d//' object(in_room,on_ground)
				! 'move'/'pull' object 'downst'/'down'/'d//' attrib30
Action 96	Action96	! 'make' 'outsid'/'out' attrib30
Action 97	Action97	! 'make' 'love' attrib31
Action 98	Action98	! 'marry'/'wed' attrib31
Action 99	Action99	! 'move'/'pull' object 'toward'/'to' object
				! 'move'/'pull' 'into'/'inside'/'in' object
				! 'move'/'pull' object(in_room,on_ground)
Action 100	Action100	! 'press'/'push' object object
				! 'move'/'pull' object object
Action 101	Action101	! 'press'/'push' 'upstai'/'up'/'u//' object
				! 'press'/'push' object 'upstai'/'up'/'u//' attrib30
				! 'move'/'pull' 'upstai'/'up'/'u//' object(in_room,on_ground)
				! 'move'/'pull' object 'upstai'/'up'/'u//' attrib30
				! 'boost'/'lift'/'raise' 'upstai'/'up'/'u//' object
				! 'boost'/'lift'/'raise' object
Action 102	Action102	! 'muzzle' object 'with'/'using' object(held,carried)
Action 103	Action103	! 'nay'/'never'/'no'/'nope'
Action 104	Action104	! 'open' attrib26(held,carried,in_room,on_ground) 'with'/'using' object(held,carried,in_room,on_ground,have)
				! 'open' 'upstai'/'up'/'u//' attrib26(held,carried,in_room,on_ground)
				! 'open' attrib26(held,carried,in_room,on_ground)
Action 105	Action105	! 'pick' object 'with'/'using' object
				! 'pick' object
Action 106	Action106	! 'remove' attrib23(carried,in_room,many) 'from' object
				! 'pick' 'upstai'/'up'/'u//' attrib23(on_ground,many)
				! 'carry'/'get'/'grab'/'hold'/'take' object(carried,in_room,many) 'onto'/'on' object
				! 'carry'/'get'/'grab'/'hold'/'take' object(carried,in_room,many) 'into'/'inside'/'in' object
				! 'carry'/'get'/'grab'/'hold'/'take' object(carried,in_room,many) 'from' object
				! 'carry'/'get'/'grab'/'hold'/'take' object(carried,in_room,many) 'off' object
				! 'carry'/'get'/'grab'/'hold'/'take' object(carried,in_room,many) 'outsid'/'out' object
				! 'carry'/'get'/'grab'/'hold'/'take' attrib23(in_room,on_ground,many)
Action 107	Action107	! 'tap' object
				! 'feel'/'grip'/'rub'/'smooth'/'touch' 'thru'/'throug' attrib24
				! 'feel'/'grip'/'rub'/'smooth'/'touch' object 'with'/'using' object
				! 'feel'/'grip'/'rub'/'smooth'/'touch' object
				! 'play' 'with'/'using' object
Action 108	Action108	! 'aim'/'point'/'shine'/'signal' object 'with'/'using' object(take)
				! 'aim'/'point'/'shine'/'signal' object 'from' object
Action 109	Action109	! 'wave' object(have) 'at' object
				! 'wave' object(have) 'into'/'inside'/'in' object
				! 'aim'/'point'/'shine'/'signal' object(held) 'into'/'inside'/'in' object
				! 'aim'/'point'/'shine'/'signal' object(held) 'outsid'/'out' object
				! 'aim'/'point'/'shine'/'signal' object(held) 'onto'/'on' object
				! 'aim'/'point'/'shine'/'signal' object(held) 'at' object
				! 'aim'/'point'/'shine'/'signal' object
Action 110	Action110	! 'dry'/'squeez'/'wring' object 'onto'/'on' object
				! 'dry'/'squeez'/'wring' object 'into'/'inside'/'in' object
				! 'dry'/'squeez'/'wring' object 'outsid'/'out' object
				! 'dry'/'squeez'/'wring' object 'from' object
				! 'dry'/'squeez'/'wring' object(held,carried)
Action 111	Action111	! 'pour'/'spill' object(held,carried) 'into'/'inside'/'in' object
				! 'pour'/'spill' object(held,carried) 'onto'/'on' object
				! 'pour'/'spill' object(held,carried)
Action 112	Action112	! 'pour'/'spill' object(held,carried) 'outsid'/'out' object
				! 'pour'/'spill' object(held,carried) 'from' object
Action 113	Action113	! 'roll'/'tip' object 'toward'/'to' object
				! 'press'/'push' 'onto'/'on' object(in_room,on_ground)
				! 'press'/'push' object 'toward'/'to' object
				! 'press'/'push' object 'onto'/'on' object
				! 'press'/'push' object 'into'/'inside'/'in' object
				! 'press'/'push' object
Action 114	Action114	! 'press'/'push' object 'undern'/'under'/'beneat'/'below' object
				! 'dip'/'hang'/'insert'/'lay'/'place'/'put'/'sprink'/'stick' object 'undern'/'under'/'beneat'/'below' object
Action 115	Action115	! 'rape' attrib31
Action 116	Action116	! 'reach' 'into'/'inside'/'in' object(in_room,on_ground)
Action 117	Action117	! 'browse'/'read'/'skim' object 'with'/'using' object
				! 'browse'/'read'/'skim' object 'thru'/'throug' object
				! 'browse'/'read'/'skim' 'thru'/'throug' object
				! 'browse'/'read'/'skim' object
Action 118	Action118	! 'reflec' object 'into'/'inside'/'in' object(held)
Action 119	Action119	! 'remove' attrib22
Action 120	Action120	! 'return' object(held,carried,have) 'toward'/'to' object(on_ground)
				! 'return' object(held,carried,have)
Action 121	Action121	! 'rip'/'tear' object 'with'/'using' object
				! 'rip'/'tear' 'upstai'/'up'/'u//' object
				! 'rip'/'tear' object 'into'/'inside'/'in' object
				! 'rip'/'tear' object
Action 122	Action122	! 'oar'/'row' object
Action 123	Action123	! 'oar'/'row' object object
Action 124	Action124	! 'oar'/'row' object 'toward'/'to' object
				! 'oar'/'row' 'toward'/'to' object
Action 125	Action125	! 'score'
Action 126	Action126	! 'rummag'/'search' 'thru'/'throug' object
				! 'rummag'/'search' 'into'/'inside'/'in' object
				! 'rummag'/'search' object
Action 127	Action127	! 'bounce'/'shake' object
Action 128	Action128	! 'bounce'/'shake' object 'with'/'using' object
Action 129	Action129	! 'hurl'/'throw'/'toss' object(held,carried) 'with'/'using' object
				! 'fire'/'shoot'/'sling' object 'with'/'using' object(held,have)
				! 'fire'/'shoot'/'sling' object
Action 130	Action130	! 'fire'/'shoot'/'sling' object 'into'/'inside'/'in' object
				! 'fire'/'shoot'/'sling' 'at' object
				! 'fire'/'shoot'/'sling' object 'at' object
Action 131	Action131	! 'show' object(held,many) 'toward'/'to' attrib31
Action 132	Action132	! 'show' attrib31 object(held,many)
Action 133	Action133	! 'moan'/'sigh'
Action 134	Action134	! 'sink' object
Action 135	Action135	! 'sit' 'downst'/'down'/'d//' attrib30(in_room,on_ground)
Action 136	Action136	! 'doze'/'nap'/'sleep'/'snooze'
Action 137	Action137	! 'cut'/'slice'/'stab' 'thru'/'throug' object 'with'/'using' object(held,carried)
				! 'cut'/'slice'/'stab' object 'with'/'using' object(held,carried)
				! 'cut'/'slice'/'stab' object
Action 138	Action138	! 'smell'/'sniff'/'whiff' object
				! 'smell'/'sniff'/'whiff'
Action 139	Action139	! 'soak'/'wet' object(held) 'with'/'using' object
				! 'soak'/'wet' object(held) 'into'/'inside'/'in' object
				! 'soak'/'wet' object
Action 140	Action140	! 'rise'/'stand' 'upstai'/'up'/'u//' attrib30
				! 'rise'/'stand'
				! 'carry'/'get'/'grab'/'hold'/'take' 'upstai'/'up'/'u//' attrib30
Action 141	Action141	! 'rise'/'stand' 'into'/'inside'/'in' object
				! 'rise'/'stand' 'onto'/'on' object
Action 142	Action142	! 'don'/'wear' attrib21(take)
				! 'dip'/'hang'/'insert'/'lay'/'place'/'put'/'sprink'/'stick' 'onto'/'on' attrib21(take)
Action 143	Action143	! 'dip'/'hang'/'insert'/'lay'/'place'/'put'/'sprink'/'stick' object 'behind' object
Action 144	Action144	! 'swim' 'into'/'inside'/'in' object
				! 'swim'
Action 145	Action145	! 'swing' object(held,carried,have) 'at' attrib31
				! 'swing' object(held,carried,have)
				! 'swing' 'from' object(take)
				! 'swing' 'downst'/'down'/'d//' attrib30(take)
				! 'swing' 'onto'/'on' object(take)
Action 146	Action146	! 'faint'/'swoon' attrib30
Action 147	Action147	! 'carry'/'get'/'grab'/'hold'/'take' object(carried,in_room,many) 'with'/'using' object(have)
Action 148	Action148	! 'carry'/'get'/'grab'/'hold'/'take' 'off' object
Action 149	Action149	! 'carry'/'get'/'grab'/'hold'/'take' 'dresse' attrib30
Action 150	Action150	! 'carry'/'get'/'grab'/'hold'/'take' 'undres' attrib30
Action 151	Action151	! 'carry'/'get'/'grab'/'hold'/'take' 'drunk' attrib30
Action 152	Action152	! 'speak'/'talk' 'toward'/'to' attrib31(in_room)
				! 'tell' attrib31(in_room)
Action 153	Action153	! 'tell' attrib31 'about' object
Action 154	Action154	! 'tell' object object
Action 155	Action155	! 'thank'/'thanks'
				! 'thank'/'thanks' object
Action 156	Action156	! 'hurl'/'throw'/'toss' object(carried) 'onto'/'on' object(in_room,on_ground)
				! 'hurl'/'throw'/'toss' object(carried) 'downst'/'down'/'d//' object
				! 'hurl'/'throw'/'toss' object(held,carried) 'into'/'inside'/'in' object
				! 'hurl'/'throw'/'toss' 'away' object(carried)
				! 'hurl'/'throw'/'toss' object(carried)
Action 157	Action157	! 'hurl'/'throw'/'toss' 'overbo' object(carried)
Action 158	Action158	! 'hurl'/'throw'/'toss' object(carried) 'at' object(in_room,on_ground)
Action 159	Action159	! 'hurl'/'throw'/'toss' object(carried) 'toward'/'to' object(in_room,on_ground)
Action 160	Action160	! 'hurl'/'throw'/'toss' attrib31(in_room,on_ground) object(held,carried)
Action 161	Action161	! 'hurl'/'throw'/'toss' object(carried) 'over' object
Action 162	Action162	! 'attach'/'fasten'/'moor'/'secure'/'tie'/'weave' object(held) 'around'/'along' object
				! 'attach'/'fasten'/'moor'/'secure'/'tie'/'weave' object(held) 'toward'/'to' object
Action 163	Action163	! 'attach'/'fasten'/'moor'/'secure'/'tie'/'weave' object 'with'/'using' object(held)
				! 'attach'/'fasten'/'moor'/'secure'/'tie'/'weave' 'upstai'/'up'/'u//' object 'with'/'using' object(held)
Action 164	Action164	! 'feel'/'grip'/'rub'/'smooth'/'touch' object 'onto'/'on' object
Action 165	Action165	! 'flick'/'flip'/'rotate'/'set'/'spin'/'switch'/'turn' object 'toward'/'to' object
				! 'flick'/'flip'/'rotate'/'set'/'spin'/'switch'/'turn' 'around'/'along' attrib30
				! 'flick'/'flip'/'rotate'/'set'/'spin'/'switch'/'turn' object
Action 166	Action166	! 'disrob'/'strip'/'undres' object
				! 'disrob'/'strip'/'undres'
Action 167	Action167	! 'unbar'/'unlock' object 'with'/'using' object(have)
				! 'unbar'/'unlock' object
Action 168	Action168	! 'unroll' object
Action 169	Action169	! 'free'/'loosen'/'unatta'/'unknot'/'untie'/'unweav' object(in_room,on_ground)
Action 170	Action170	! 'use' object 'onto'/'on' attrib31
				! 'use' object
Action 171	Action171	! 'wait'/'z//'
Action 172	Action172	! 'awake'/'revive'/'rouse'/'wake' attrib31 'with'/'using' object
				! 'awake'/'revive'/'rouse'/'wake' 'upstai'/'up'/'u//' attrib30
				! 'awake'/'revive'/'rouse'/'wake' attrib30
Action 173	Action173	! 'clean'/'wash'/'wipe' 'off' object
				! 'clean'/'wash'/'wipe' 'upstai'/'up'/'u//' attrib30
				! 'clean'/'wash'/'wipe' object
Action 174	Action174	! 'wave' object(have)
Action 175	Action175	! 'wave' 'at' attrib31
Action 176	Action176	! 'what'/'what^'/'whats'/'who'/'whos' object
Action 177	Action177	! 'where'/'wheres'/'whithe' object
Action 178	Action178	! 'wrap' object(held,many) 'around'/'along' object
Action 179	Action179	! 'wrap' object 'into'/'inside'/'in' object(held,many)
Action 180	Action180	! 'aaieee'/'scream'/'shout'/'shriek'/'yell' 'toward'/'to' object
				! 'aaieee'/'scream'/'shout'/'shriek'/'yell' 'at' object
				! 'aaieee'/'scream'/'shout'/'shriek'/'yell'
Action 181	Action181	! 'nod'/'ok'/'okay'/'sure'/'y//'/'yes'/'yup'
Action 182	Action182	! 'zzmgck' object

Word	$ve	$ve
Word	#comm	#comm
Word	#rand	#rand
Word	#reco	#reco
Word	#unre	#unre
Word	aaieee	aaieee
Word	across	across
Word	agains	agains
Word	ammoni	ammoni
Word	ammuni	ammuni
Word	anchor	anchor
Word	andrew	andrew
Word	applau	applau
Word	approa	approa
Word	around	around
Word	attach	attach
Word	attack	attack
Word	ballro	ballro
Word	bamboo	bamboo
Word	bankno	bankno
Word	barrel	barrel
Word	behind	behind
Word	beneat	beneat
Word	bewigg	bewigg
Word	bookca	bookca
Word	booksh	booksh
Word	bottle	bottle
Word	bounce	bounce
Word	breech	breech
Word	breeks	breeks
Word	britch	britch
Word	brooch	brooch
Word	browse	browse
Word	burnin	burnin
Word	bushes	bushes
Word	butler	butler
Word	candle	candle
Word	cannon	cannon
Word	canvas	canvas
Word	captai	captai
Word	carbon	carbon
Word	ceilin	ceilin
Word	chains	chains
Word	chande	chande
Word	chemis	chemis
Word	chicke	chicke
Word	chippe	chippe
Word	circle	circle
Word	clothe	clothe
Word	coffer	coffer
Word	cookie	cookie
Word	cotton	cotton
Word	covere	covere
Word	croc'	croc'
Word	crocod	crocod
Word	crulle	crulle
Word	cupboa	cupboa
Word	curtai	curtai
Word	curtse	curtse
Word	curtsy	curtsy
Word	dagger	dagger
Word	damage	damage
Word	dancer	dancer
Word	deacti	deacti
Word	debark	debark
Word	debris	debris
Word	demoli	demoli
Word	depart	depart
Word	descen	descen
Word	descri	descri
Word	destro	destro
Word	devour	devour
Word	diamon	diamon
Word	dimsfo	dimsfo
Word	direct	direct
Word	disemb	disemb
Word	disrob	disrob
Word	downst	downst
Word	dragoo	dragoo
Word	drapes	drapes
Word	dresse	dresse
Word	duelli	duelli
Word	dungeo	dungeo
Word	embrac	embrac
Word	ernest	ernest
Word	everyt	everyt
Word	examin	examin
Word	except	except
Word	exting	exting
Word	falcon	falcon
Word	fasten	fasten
Word	father	father
Word	fetter	fetter
Word	fiddle	fiddle
Word	finger	finger
Word	firepi	firepi
Word	flagon	flagon
Word	flower	flower
Word	follow	follow
Word	forema	forema
Word	forwar	forwar
Word	galley	galley
Word	garter	garter
Word	gazebo	gazebo
Word	gentle	gentle
Word	goblet	goblet
Word	govern	govern
Word	ground	ground
Word	guinea	guinea
Word	gunpow	gunpow
Word	hawser	hawser
Word	helena	helena
Word	hersel	hersel
Word	himsel	himsel
Word	hobble	hobble
Word	insert	insert
Word	inside	inside
Word	inspec	inspec
Word	invent	invent
Word	invita	invita
Word	invite	invite
Word	island	island
Word	jamiso	jamiso
Word	jasmin	jasmin
Word	jewell	jewell
Word	joggle	joggle
Word	lace-	lace-
Word	ladder	ladder
Word	ladies	ladies
Word	lafond	lafond
Word	lagoon	lagoon
Word	laudan	laudan
Word	launch	launch
Word	leathe	leathe
Word	letter	letter
Word	librar	librar
Word	liquid	liquid
Word	listen	listen
Word	locate	locate
Word	locati	locati
Word	loosen	loosen
Word	louise	louise
Word	lovely	lovely
Word	mainma	mainma
Word	manacl	manacl
Word	mansio	mansio
Word	mirror	mirror
Word	missiv	missiv
Word	moonbe	moonbe
Word	moonli	moonli
Word	moorin	moorin
Word	murder	murder
Word	musici	musici
Word	muzzle	muzzle
Word	myself	myself
Word	naviga	naviga
Word	nibble	nibble
Word	nichol	nichol
Word	northe	northe
Word	northw	northw
Word	number	number
Word	oarloc	oarloc
Word	observ	observ
Word	openin	openin
Word	orches	orches
Word	ornate	ornate
Word	outsid	outsid
Word	overbo	overbo
Word	painti	painti
Word	patrol	patrol
Word	pepper	pepper
Word	pettic	pettic
Word	pictur	pictur
Word	pieces	pieces
Word	pirate	pirate
Word	piroue	piroue
Word	pistol	pistol
Word	please	please
Word	plumed	plumed
Word	pointe	pointe
Word	portho	portho
Word	portra	portra
Word	potion	potion
Word	powder	powder
Word	presen	presen
Word	procee	procee
Word	protag	protag
Word	pulley	pulley
Word	purple	purple
Word	pursue	pursue
Word	pyrami	pyrami
Word	quarte	quarte
Word	railin	railin
Word	rapier	rapier
Word	reflec	reflec
Word	remain	remain
Word	remove	remove
Word	repair	repair
Word	reptil	reptil
Word	rescue	rescue
Word	restar	restar
Word	restor	restor
Word	reticu	reticu
Word	return	return
Word	revive	revive
Word	riggin	riggin
Word	rodney	rodney
Word	rotate	rotate
Word	rummag	rummag
Word	sailor	sailor
Word	sapphi	sapphi
Word	scream	scream
Word	script	script
Word	seaman	seaman
Word	search	search
Word	secret	secret
Word	secure	secure
Word	shackl	shackl
Word	shallo	shallo
Word	sharpe	sharpe
Word	shelve	shelve
Word	shriek	shriek
Word	shutte	shutte
Word	signal	signal
Word	silver	silver
Word	sinist	sinist
Word	sirrah	sirrah
Word	slings	slings
Word	slippe	slippe
Word	smalls	smalls
Word	smelli	smelli
Word	smooth	smooth
Word	snooze	snooze
Word	soldie	soldie
Word	someth	someth
Word	southe	southe
Word	southw	southw
Word	spices	spices
Word	sprink	sprink
Word	squeez	squeez
Word	staine	staine
Word	stains	stains
Word	stairs	stairs
Word	stairw	stairw
Word	starbo	starbo
Word	strike	strike
Word	superb	superb
Word	suppli	suppli
Word	swallo	swallo
Word	switch	switch
Word	tangle	tangle
Word	thanks	thanks
Word	throug	throug
Word	toward	toward
Word	trampl	trampl
Word	trapdo	trapdo
Word	treati	treati
Word	tricor	tricor
Word	turkey	turkey
Word	unatta	unatta
Word	undern	undern
Word	undres	undres
Word	unknot	unknot
Word	unlock	unlock
Word	unment	unment
Word	unroll	unroll
Word	unscri	unscri
Word	unweav	unweav
Word	upstai	upstai
Word	velvet	velvet
Word	verand	verand
Word	verbos	verbos
Word	versio	versio
Word	viands	viands
Word	villai	villai
Word	warped	warped
Word	well-	well-
Word	what'	what'
Word	wheres	wheres
Word	whithe	whithe
Word	wiggle	wiggle
Word	windla	windla
Word	window	window
Word	withdr	withdr
Word	wooden	wooden
Word	writin	writin
Word	zzmgck	zzmgck
