! Auto-generated by Reform.

MD5	be6d5fa9587a079782b64739e629461f

Object 1	Class
Object 2	Object
Object 3	Routine
Object 4	String
Object 5	CompassDirection
Object 6	obj6_compass
Object 7	obj7_north_wall
Object 8	obj8_south_wall
Object 9	obj9_east_wall
Object 10	obj10_west_wall
Object 11	obj11_northeast_wall
Object 12	obj12_northwest_wall
Object 13	obj13_southeast_wall
Object 14	obj14_southwest_wall
Object 15	obj15_ceiling
Object 16	obj16_floor
Object 17	obj17_outside
Object 18	obj18_inside
Object 19	obj19__darkness_object_
Object 20	obj20__self_object_
Object 21	obj21__Inform_Parser_
Object 22	obj22__Inform_Library_
Object 23	adnc
Object 24	obj24_ll
Object 25	obj25_lm
Object 26	obj26_qs
Object 27	obj27_Atmosphere
Object 28	obj28_You_asked_a_question_
Object 29	obj29_Behind_the_Counter
Object 30	obj30_Pizza_Parlor
Object 31	obj31_counter
Object 32	obj32_handwritten_note
Object 33	obj33_large_pizza_box
Object 34	obj34_large_pizza
Object 35	obj35_metal_file
Object 36	obj36_Street__by_Pizza_Parlor
Object 37	obj37_sewer
Object 38	obj38_pizza_parlor
Object 39	obj39_people
Object 40	obj40_Street__by_Department_Store
Object 41	obj41_department_store
Object 42	obj42_Clothing_Department
Object 43	obj43_store_clerk
Object 44	obj44_bunch_of_clothes
Object 45	obj45_Hardware_Department
Object 46	obj46_hardware
Object 47	obj47_Cosmetics_Department
Object 48	obj48_bunch_of_cosmetic_stuff
Object 49	obj49_bottle_of_hairspray
Object 50	obj50_thug
Object 51	obj51_small_pizza_box
Object 52	obj52_Street__Near_Courthouse
Object 53	obj53_Downtown
Object 54	obj54_gun
Object 55	obj55_security_guard
Object 56	obj56_Courthouse
Object 57	obj57_bomb
Object 58	obj58_district_attorney
Object 59	obj59_Guido
Object 60	obj60_defense_attorney
Object 61	obj61_judge
Object 62	obj62_Office_Building
Object 63	obj63_pair_of_fronds
Object 64	obj64_Office_Building__Second_Floor
Object 65	obj65_door
Object 66	obj66_Office_Building__Third_Floor
Object 67	obj67_Law_Office
Object 68	obj68_window
Object 69	obj69_Government_Building
Object 70	obj70_Second_Floor_of_Government_Building
Object 71	obj71_Third_Floor_of_Government_Building
Object 72	obj72_office_door
Object 73	obj73_Mayor_s_Office
Object 74	obj74_floor
Object 75	obj75_Robert__Tasty__Tasker
Object 76	obj76_huge_crowd_of_mafia_guys
Object 77	obj77_file_cabinet
Object 78	obj78_key
Object 79	obj79_secret_file
Object 80	obj80_glass_box
Object 81	obj81_fire_axe
Object 82	obj82_mayor
Object 83	obj83_lackey
Object 84	obj84_window
Object 85	obj85_Hangin__Out
Object 86	obj86_window_sill
Object 87	obj87_third_story_window
Object 88	obj88_second_story_window
Object 89	obj89_mayor
Object 90	obj90_lackey
Object 91	obj91_Jill
Object 92	obj92_The_End_Of_Your_Rope
Object 93	obj93_third_story_window
Object 94	obj94_Roof_of_Office_Building
Object 95	obj95_roof
Object 96	obj96_lightning_rod
Object 97	obj97_rope
Object 98	obj98_hammer
Object 99	obj99_anatomy
Object 100	obj100_babe
Object 101	obj101_bro
Object 102	obj102_bruce
Object 103	obj103_chick
Object 104	obj104_cool
Object 105	obj105_curse
Object 106	obj106_dog
Object 107	obj107_doofus
Object 108	obj108_dude
Object 109	obj109_Reverberating_Goddesses_of_Phobos
Object 110	obj110_grom
Object 111	obj111_hangin_out
Object 112	obj112_hoof
Object 113	obj113_turtle
Object 114	obj114_reverberations
Object 115	obj115_rule
Object 116	obj116_screwup
Object 117	obj117_shyeah
Object 118	obj118_suck
Object 119	obj119_tube
Object 120	obj120_tunes

Attribute 0	indoors			! obj24_ll obj29_Behind_the_Counter obj30_Pizza_Parlor obj42_Clothing_Department obj45_Hardware_Department obj47_Cosmetics_Department obj56_Courthouse obj62_Office_Building obj64_Office_Building__Second_Floor obj66_Office_Building__Third_Floor obj67_Law_Office obj69_Government_Building obj70_Second_Floor_of_Government_Building obj71_Third_Floor_of_Government_Building obj73_Mayor_s_Office obj94_Roof_of_Office_Building
Attribute 6	animate			! obj20__self_object_ obj39_people obj43_store_clerk obj50_thug obj55_security_guard obj58_district_attorney obj59_Guido obj60_defense_attorney obj61_judge obj75_Robert__Tasty__Tasker obj76_huge_crowd_of_mafia_guys obj82_mayor obj83_lackey obj89_mayor obj91_Jill
Attribute 9	concealed		! obj6_compass obj20__self_object_ obj81_fire_axe
Attribute 10	container		! obj33_large_pizza_box obj37_sewer obj51_small_pizza_box obj77_file_cabinet obj80_glass_box
Attribute 11	door			! obj72_office_door
Attribute 12	edible			! obj34_large_pizza
Attribute 15	light			! obj29_Behind_the_Counter obj30_Pizza_Parlor obj36_Street__by_Pizza_Parlor obj40_Street__by_Department_Store obj42_Clothing_Department obj45_Hardware_Department obj47_Cosmetics_Department obj52_Street__Near_Courthouse obj53_Downtown obj56_Courthouse obj62_Office_Building obj64_Office_Building__Second_Floor obj66_Office_Building__Third_Floor obj67_Law_Office obj69_Government_Building obj70_Second_Floor_of_Government_Building obj71_Third_Floor_of_Government_Building obj73_Mayor_s_Office obj85_Hangin__Out obj92_The_End_Of_Your_Rope obj94_Roof_of_Office_Building
Attribute 16	lockable		! obj72_office_door obj77_file_cabinet
Attribute 17	locked			! obj72_office_door obj77_file_cabinet
Attribute 20	open			! obj37_sewer
Attribute 21	openable		! obj72_office_door obj77_file_cabinet obj84_window
Attribute 22	proper			! obj20__self_object_ obj21__Inform_Parser_ obj22__Inform_Library_ obj59_Guido obj75_Robert__Tasty__Tasker obj91_Jill
Attribute 23	scenery			! CompassDirection obj7_north_wall obj8_south_wall obj9_east_wall obj10_west_wall obj11_northeast_wall obj12_northwest_wall obj13_southeast_wall obj14_southwest_wall obj15_ceiling obj16_floor obj17_outside obj18_inside obj31_counter obj32_handwritten_note obj33_large_pizza_box obj37_sewer obj38_pizza_parlor obj39_people obj41_department_store obj44_bunch_of_clothes obj46_hardware obj48_bunch_of_cosmetic_stuff obj49_bottle_of_hairspray obj54_gun obj58_district_attorney obj59_Guido obj60_defense_attorney obj61_judge obj65_door obj68_window obj72_office_door obj74_floor obj80_glass_box obj84_window obj87_third_story_window obj88_second_story_window obj93_third_story_window obj95_roof obj96_lightning_rod
Attribute 25	static			! obj31_counter obj37_sewer obj38_pizza_parlor obj41_department_store obj44_bunch_of_clothes obj46_hardware obj48_bunch_of_cosmetic_stuff obj63_pair_of_fronds obj65_door obj68_window obj72_office_door obj74_floor obj77_file_cabinet obj80_glass_box obj87_third_story_window obj88_second_story_window obj93_third_story_window obj95_roof obj96_lightning_rod
Attribute 26	supporter		! obj31_counter
Attribute 29	transparent		! obj20__self_object_ obj80_glass_box
Attribute 34	female			! obj58_district_attorney obj91_Jill

Property 1	name:dictwords
Property 2	prop2:?
Property 4	state:?
Property 5	before:?
Property 6	after:string
Property 7	life:?
Property 8	n_to:?
Property 9	s_to:?
Property 10	e_to:thing
Property 11	w_to:thing
Property 12	ne_to:?
Property 13	se_to:?
Property 14	nw_to:?
Property 15	sw_to:?
Property 16	u_to:?
Property 17	d_to:thing
Property 18	in_to:?
Property 19	out_to:?
Property 20	door_to:string
Property 21	with_key:?
Property 22	door_dir:thing
Property 23	invent:string
Property 27	react_before:string
Property 30	orders:thing
Property 31	initial:thing
Property 36	description:?
Property 37	describe:string
Property 38	article:string
Property 39	cant_go:string
Property 40	found_in:?
Property 42	number:?
Property 43	time_out:dictword
Property 44	daemon:?
Property 45	each_turn:string
Property 46	capacity:?
Property 47	short_name:thing
Property 49	parse_name:?
Property 52	adname:?
Property 72	parse_input:routine
Property 73	play:routine
Property 74	end_turn_sequence:routine
Property 75	begin_action:routine

Global 0	global0:?
Global 1	global1:?
Global 2	global2:?
Global 3	global3:?
Global 4	global4:?
Global 5	global5:?
Global 6	global6:?
Global 7	global7:?
Global 8	global8:?
Global 9	global9:?
Global 10	global10:?
Global 11	global11:?
Global 12	global12:?
Global 13	global13:?
Global 14	global14:?
Global 15	global15:?
Global 16	global16:?
Global 17	global17:?
Global 18	global18:?
Global 19	global19:?
Global 20	global20:?
Global 21	global21:?
Global 22	global22:?
Global 23	global23:?
Global 24	global24:?
Global 25	global25:?
Global 26	global26:?
Global 27	global27:?
Global 28	global28:?
Global 29	global29:?
Global 30	global30:?
Global 31	global31:?
Global 32	global32:?
Global 33	global33:?
Global 34	global34:?
Global 35	global35:?
Global 36	global36:?
Global 37	global37:?
Global 38	global38:?
Global 39	global39:?
Global 40	global40:?
Global 41	global41:?
Global 42	global42:?
Global 43	global43:?
Global 44	global44:?
Global 45	global45:?
Global 46	global46:?
Global 47	global47:?
Global 48	global48:?
Global 49	global49:?
Global 50	global50:?
Global 51	global51:?
Global 52	global52:?
Global 53	global53:?
Global 54	global54:?
Global 55	global55:?
Global 56	global56:?
Global 57	global57:?
Global 58	global58:?
Global 59	global59:?
Global 60	global60:?
Global 61	global61:?
Global 62	global62:?
Global 63	global63:?
Global 64	global64:?
Global 65	global65:?
Global 66	global66:?
Global 67	global67:?
Global 68	global68:?
Global 69	global69:?
Global 70	global70:?
Global 71	global71:?
Global 72	global72:?
Global 73	global73:?
Global 74	global74:?
Global 75	global75:?
Global 76	global76:?
Global 77	global77:?
Global 78	global78:?
Global 79	global79:?
Global 80	global80:?
Global 81	global81:?
Global 82	global82:?
Global 83	global83:?
Global 84	global84:?
Global 85	global85:?
Global 86	global86:?
Global 87	global87:?
Global 88	global88:?
Global 89	global89:?
Global 90	global90:?
Global 91	global91:?
Global 92	global92:?
Global 93	global93:?
Global 94	global94:?
Global 95	global95:?
Global 96	global96:?
Global 97	global97:?
Global 98	global98:?
Global 99	global99:?
Global 100	global100:?
Global 101	global101:?
Global 102	global102:?
Global 103	global103:?
Global 104	global104:?
Global 105	global105:?
Global 106	global106:?
Global 107	global107:?
Global 108	global108:?
Global 109	global109:?
Global 110	global110:?
Global 111	global111:?
Global 112	global112:?
Global 113	global113:?
Global 114	global114:?
Global 115	global115:?
Global 116	global116:?
Global 117	global117:?
Global 118	global118:?
Global 119	global119:?
Global 120	global120:?
Global 121	global121:?
Global 122	global122:?
Global 123	global123:?
Global 124	global124:?
Global 125	global125:?
Global 126	global126:?
Global 127	global127:?
Global 128	global128:?
Global 129	global129:?
Global 130	global130:?
Global 131	global131:?
Global 132	global132:?
Global 133	global133:?
Global 134	global134:?
Global 135	global135:?
Global 136	global136:?
Global 137	global137:?
Global 138	global138:?
Global 139	global139:?
Global 140	global140:?
Global 141	global141:?
Global 142	global142:?
Global 143	global143:?
Global 144	global144:?
Global 145	global145:?
Global 146	global146:?
Global 147	global147:?
Global 148	global148:?
Global 149	global149:?
Global 150	global150:?
Global 151	global151:?
Global 152	global152:?
Global 153	global153:?
Global 154	global154:?
Global 155	global155:?
Global 156	global156:?
Global 157	global157:?
Global 158	global158:?
Global 159	global159:?
Global 160	global160:?
Global 161	global161:?
Global 162	global162:?
Global 163	global163:?
Global 164	global164:?
Global 165	global165:?
Global 166	global166:?
Global 167	global167:?
Global 168	global168:?
Global 169	global169:?
Global 170	global170:?
Global 171	global171:?
Global 172	global172:?
Global 173	global173:?
Global 174	global174:?
Global 175	global175:?
Global 176	global176:?
Global 177	global177:?
Global 178	global178:?
Global 179	global179:?
Global 180	global180:?
Global 181	global181:?
Global 182	global182:?
Global 183	global183:?
Global 184	global184:?
Global 185	global185:?
Global 186	global186:?
Global 187	global187:?
Global 188	global188:?
Global 189	global189:?
Global 190	global190:?
Global 191	global191:?
Global 192	global192:?
Global 193	global193:?
Global 194	global194:?
Global 195	global195:?
Global 196	global196:?
Global 197	global197:?
Global 198	global198:?
Global 199	global199:?
Global 200	global200:?
Global 201	global201:?
Global 202	global202:?
Global 203	global203:?
Global 204	global204:?
Global 205	global205:?
Global 206	global206:?
Global 207	global207:?
Global 208	global208:?
Global 209	global209:?
Global 210	global210:?
Global 211	global211:?
Global 212	global212:?
Global 213	global213:?
Global 214	global214:?
Global 215	global215:?
Global 216	global216:?
Global 217	global217:?
Global 218	global218:?
Global 219	global219:?
Global 220	global220:?
Global 221	global221:?
Global 222	global222:?
Global 223	global223:?
Global 224	global224:?
Global 225	global225:?
Global 226	global226:?
Global 227	global227:?
Global 228	global228:?
Global 229	global229:?
Global 230	global230:?
Global 231	global231:?
Global 232	global232:?
Global 233	global233:?
Global 234	global234:?
Global 235	global235:?
Global 236	global236:?
Global 237	global237:?
Global 238	global238:?
Global 239	global239:?

Action 0	Pronouns	! 'nouns'/'pronouns'
Action 1	Quit		! 'die'/'q//'/'quit'
Action 2	Restart		! 'restart'
Action 3	Restore		! 'restore'
Action 4	Save		! 'save'
Action 5	Verify		! 'verify'
Action 6	ScriptOn	! 'script'
				! 'script' 'on'
Action 7	ScriptOff	! 'noscript'/'unscript'
				! 'script' 'off'
Action 8	NotifyOn	! 'notify' 'on'
Action 9	NotifyOff	! 'notify' 'off'
Action 10	Places		! 'places'
Action 11	Objects		! 'objects'
Action 12	Score		! 'score'
Action 13	FullScore	! 'full'/'fullscore'
				! 'full'/'fullscore' 'score'
Action 14	Inv		! 'i//'/'inv'/'inventory'
				! 'carry'/'catch'/'hold'/'take' 'inventory'
Action 15	Take		! 'peel' noun
				! 'peel' 'off' noun
				! 'remove' multi
				! 'pick' 'up' multi
				! 'pick' multi 'up'
				! 'get' multi
				! 'carry'/'catch'/'hold'/'take' multi
Action 16	Drop		! 'let' 'go' 'of' noun
				! 'release' noun
				! 'cast'/'discard'/'drop'/'fling'/'heave'/'hurl'/'launch'/'lob'/'pitch'/'propel'/'toss' multiheld
				! 'put' 'down' multiheld
				! 'put' multiheld 'down'
Action 17	Remove		! 'remove' multiinside 'from' noun
				! 'get' multiinside 'from' noun
				! 'carry'/'catch'/'hold'/'take' multiinside 'from' noun
				! 'carry'/'catch'/'hold'/'take' multiinside 'off' noun
Action 18	PutOn		! 'cast'/'discard'/'drop'/'fling'/'heave'/'hurl'/'launch'/'lob'/'pitch'/'propel'/'toss' multiexcept 'on'/'onto' noun
				! 'put' multiexcept 'on'/'onto' noun
Action 19	Insert		! 'cast'/'discard'/'drop'/'fling'/'heave'/'hurl'/'launch'/'lob'/'pitch'/'propel'/'toss' multiexcept 'in'/'into'/'down' noun
				! 'insert' multiexcept 'in'/'into' noun
				! 'put' multiexcept 'in'/'inside'/'into' noun
Action 20	EmptyT		! 'empty' noun 'to'/'into'/'on'/'onto' noun
Action 21	Give		! 'pay' held 'to' creature
				! 'pay' creature held
				! 'pay' 'over' held 'to' creature
				! 'feed'/'give'/'offer' noun 'to' creature
				! 'feed'/'give'/'offer' 'over' noun 'to' creature
Action 22	Show		! 'display'/'present'/'show' creature held
				! 'display'/'present'/'show' held 'to' creature
Action 23	Enter		! 'hop'/'jump'/'skip' 'out' noun
				! 'hop'/'jump'/'skip' 'out' 'of' noun
				! 'hop'/'jump'/'skip' 'in' noun
				! 'hop'/'jump'/'skip' 'into' noun
				! 'hop'/'jump'/'skip' 'through' noun
				! 'lie'/'sit' 'on' 'top' 'of' noun
				! 'lie'/'sit' 'on'/'in'/'inside' noun
				! 'cross'/'enter' noun
				! 'leave' 'into'/'in'/'inside'/'through' noun
				! 'go'/'run'/'walk' noun
				! 'go'/'run'/'walk' 'into'/'in'/'inside'/'through' noun
				! 'stand' 'on' noun
				! 'get' 'in'/'into'/'on'/'onto' noun
Action 24	GetOff		! 'get' 'off' noun
Action 25	Exit		! 'exit'/'out'/'outside'
				! 'leave' noun
				! 'stand'
				! 'stand' 'up'
				! 'get' 'out'/'off'/'up'
Action 26	VagueGo		! 'leave'
				! 'go'/'run'/'walk'
Action 27	Go		! 'leave' noun=routine50144
				! 'go'/'run'/'walk' noun=routine50144
Action 28	LMode1		! 'brief'/'normal'
Action 29	LMode2		! 'long'/'verbose'
Action 30	LMode3		! 'short'/'superbrie'
Action 31	Look		! 'l//'/'look'
Action 32	Examine		! 'read' noun
				! 'check'/'describe'/'examine'/'watch'/'x//' noun
				! 'l//'/'look' 'at' noun
Action 33	LookUnder	! 'l//'/'look' 'under' noun
Action 34	Search		! 'search' noun
				! 'l//'/'look' 'inside'/'in'/'into'/'through' noun
Action 35	Unlock		! 'unlock' noun 'with' held
				! 'open'/'uncover'/'undo'/'unwrap' noun 'with' held
Action 36	Lock		! 'lock' noun 'with' held
Action 37	SwitchOn	! 'switch' noun
				! 'switch' noun 'on'
				! 'switch' 'on' noun
				! 'rotate'/'screw'/'turn'/'twist'/'unscrew' noun 'on'
				! 'rotate'/'screw'/'turn'/'twist'/'unscrew' 'on' noun
Action 38	SwitchOff	! 'switch' noun 'off'
				! 'switch' 'off' noun
				! 'rotate'/'screw'/'turn'/'twist'/'unscrew' noun 'off'
				! 'rotate'/'screw'/'turn'/'twist'/'unscrew' 'off' noun
				! 'close'/'cover'/'shut' 'off' noun
Action 39	Open		! 'open'/'uncover'/'undo'/'unwrap' noun
Action 40	Close		! 'close'/'cover'/'shut' noun
				! 'close'/'cover'/'shut' 'up' noun
Action 41	Disrobe		! 'disrobe'/'doff'/'shed' held
				! 'remove' held
				! 'carry'/'catch'/'hold'/'take' 'off' worn
Action 42	Wear		! 'put' 'on' held
				! 'don'/'wear' held
Action 43	Eat		! 'eat' noun
Action 44	Yes		! 'y//'/'yes'
Action 45	No		! 'no'
Action 46	Burn		! 'burn'/'light' noun
				! 'burn'/'light' noun 'with' held
Action 47	Pray		! 'pray'
Action 48	Wake		! 'awake'/'awaken'/'wake'
				! 'awake'/'awaken'/'wake' 'up'
Action 49	WakeOther	! 'awake'/'awaken'/'wake' creature
				! 'awake'/'awaken'/'wake' creature 'up'
				! 'awake'/'awaken'/'wake' 'up' creature
Action 50	Kiss		! 'embrace'/'hug'/'kiss' creature
Action 51	Think		! 'think'
Action 52	Smell		! 'smell'/'sniff'
				! 'smell'/'sniff' noun
Action 53	Listen		! 'hear'/'listen'
				! 'hear'/'listen' noun
				! 'hear'/'listen' 'to' noun
Action 54	Taste		! 'taste' noun
Action 55	Touch		! 'feel'/'fondle'/'grope'/'touch' noun
Action 56	Dig		! 'dig' noun
				! 'dig' noun 'with' held
Action 57	Cut		! 'chop'/'cut'/'prune'/'slice' noun 'with' noun
Action 58	Jump		! 'hop'/'jump'/'skip'
Action 59	JumpOver	! 'hop'/'jump'/'skip' 'over' noun
Action 60	Tie		! 'attach'/'fasten'/'fix'/'tie' noun
				! 'attach'/'fasten'/'fix'/'tie' noun 'to' noun
Action 61	Drink		! 'drink'/'sip'/'swallow' noun
Action 62	Fill		! 'fill' noun
Action 63	Sorry		! 'sorry'
Action 64	Strong		! 'fuck'
				! 'damn'/'shit'/'sod'
				! 'damn'/'shit'/'sod' topic
Action 65	Mild		! 'bother'/'curses'/'darn'/'drat'
				! 'bother'/'curses'/'darn'/'drat' topic
Action 66	Attack		! 'kick' noun
				! 'attack'/'break'/'crack'/'destroy'/'fight'/'hit'/'kill'/'murder'/'punch'/'smash'/'thump'/'torture'/'wreck' noun
				! 'attack'/'break'/'crack'/'destroy'/'fight'/'hit'/'kill'/'murder'/'punch'/'smash'/'thump'/'torture'/'wreck' noun 'with' held
Action 67	Swim		! 'dive'/'swim'
Action 68	Swing		! 'swing'
				! 'swing' 'on' noun
Action 69	Blow		! 'blow' held
Action 70	Rub		! 'clean'/'dust'/'polish'/'rub'/'scrub'/'shine'/'sweep'/'wipe' noun
Action 71	Set		! 'adjust'/'set' noun
Action 72	SetTo		! 'adjust'/'set' noun 'to' special
Action 73	WaveHands	! 'wave'
Action 74	Wave		! 'wave' noun
Action 75	Pull		! 'drag'/'pull' noun
Action 76	Push		! 'clear'/'move'/'press'/'push'/'shift' noun
Action 77	Turn		! 'rotate'/'screw'/'turn'/'twist'/'unscrew' noun
Action 78	PushDir		! 'clear'/'move'/'press'/'push'/'shift' noun noun
Action 79	Squeeze		! 'squash'/'squeeze' noun
Action 80	ThrowAt		! 'throw' held 'at' noun
				! 'throw' held 'against' noun
				! 'cast'/'discard'/'drop'/'fling'/'heave'/'hurl'/'launch'/'lob'/'pitch'/'propel'/'toss' held 'at'/'against'/'on'/'onto' noun
Action 81	Tell		! 'tell' creature 'about' topic
Action 82	Answer		! 'answer'/'say'/'shout'/'speak' topic 'to' creature
Action 83	Ask		! 'ask' creature 'about' topic
Action 84	Buy		! 'pay' 'for' noun
				! 'buy'/'purchase' noun
Action 85	Sing		! 'sing'
Action 86	Climb		! 'climb'/'scale' noun
				! 'climb'/'scale' 'up'/'over' noun
Action 87	Wait		! 'wait'/'z//'
Action 88	Sleep		! 'nap'/'sleep'
Action 89	Consult		! 'read' 'about' topic 'in' noun
				! 'read' topic 'in' noun
				! 'consult' noun 'about' topic
				! 'consult' noun 'on' topic
				! 'l//'/'look' 'up' topic 'in' noun
Action 90	AskFor		! 'ask' creature 'for' noun
Action 91	GiveR		! 'feed'/'give'/'offer' creature noun
Action 93	Spray		! 'spray' noun
				! 'spray' noun 'at' noun
Action 94	Transfer	! 'clear'/'move'/'press'/'push'/'shift' noun 'to' noun
				! 'transfer' noun 'to' noun
Action 95	Version		! 'version'
Action 96	Empty		! 'empty' noun
				! 'empty' 'out' noun
				! 'empty' noun 'out'
Action 97	InvTall		! 'i//'/'inv'/'inventory' 'tall'
Action 98	InvWide		! 'i//'/'inv'/'inventory' 'wide'
Action 99	GoIn		! 'in'/'inside'
				! 'cross'/'enter'
Action 100	Throw		! 'throw' held
Action 101	Query		! 'define'/'explain' scope=routine51136
				! 'what' 'is' scope=routine51136
Action 102	Untie		! 'detach'/'disconnec'/'untie' noun
Action 103	Knock		! 'knock' noun
				! 'knock' 'on' noun
Action 104	Leggo		! 'let' 'go'
Action 105	Help		! 'help'
Action 106	Hint		! 'hint'
Action 107	Shake		! 'shake' noun
Action 108	SprayWith	! 'spray' noun 'with' noun
Action 109	MagicWord	! 'plugh'/'xyzzy'
Action 110	Dude		! 'bro'/'bud'/'dude'/'duder'
Action 111	Suck		! 'lame'/'suck'
Action 112	Rule		! 'rule'
Action 113	Anatomy		! 'breast'/'penis'
Action 114	JumpOff		! 'hop'/'jump'/'skip' 'off'
				! 'hop'/'jump'/'skip' 'off' noun
				! 'hop'/'jump'/'skip' 'off' 'of' noun
Action 115	ThrowDir	! 'throw' held noun
Action 116	Screw		! 'fuck' creature

Word	armadillo	armadillo
Word	ball-pee	ball-pee
Word	barkley'	barkley'
Word	barrister	barrister
Word	cosmetics	cosmetics
Word	courthous	courthous
Word	criminals	criminals
Word	defendant	defendant
Word	departmen	departmen
Word	disconnec	disconnec
Word	doppleton	doppleton
Word	everythin	everythin
Word	fullscore	fullscore
Word	gangsters	gangsters
Word	goddesses	goddesses
Word	governmen	governmen
Word	hairspray	hairspray
Word	handwritt	handwritt
Word	inhospita	inhospita
Word	inventory	inventory
Word	lightning	lightning
Word	mogleschn	mogleschn
Word	northeast	northeast
Word	northwest	northwest
Word	paraphern	paraphern
Word	pepperoni	pepperoni
Word	reverbera	reverbera
Word	seventeen	seventeen
Word	southeast	southeast
Word	southwest	southwest
Word	superbrie	superbrie
Word	suspiciou	suspiciou
Word	toriglion	toriglion
Word	windowsil	windowsil

Routine 0x3bd0	routine15312:?
Routine 0x3bd8	routine15320:?
Routine 0x3be4	routine15332:?
Routine 0x3be8	routine15336:?
Routine 0x3c0c	routine15372:?
Routine 0x3cac	routine15532:?
Routine 0x3e84	routine16004:?
Routine 0x3ebc	routine16060:?
Routine 0x3ef8	routine16120:?
Routine 0x3f0c	routine16140:?
Routine 0x3f20	routine16160:?
Routine 0x3f30	routine16176:?
Routine 0x3f44	routine16196:?
Routine 0x3f5c	routine16220:?
Routine 0x642c	routine25644:?
! References: obj20__self_object_.short_name
Routine 0x6438	routine25656:?
Routine 0x6444	routine25668:?
Routine 0x6450	routine25680:?
Routine 0x6470	routine25712:?
! References: obj21__Inform_Parser_.parse_input
Routine 0x6500	routine25856:?
Routine 0x6508	routine25864:?
Routine 0x665c	routine26204:?
Routine 0x6d64	routine28004:?
Routine 0x6d90	routine28048:?
Routine 0x6dac	routine28076:?
Routine 0x6edc	routine28380:?
Routine 0x6ef4	routine28404:?
Routine 0x6f38	routine28472:?
Routine 0x7374	routine29556:?
Routine 0x7788	routine30600:?
Routine 0x7a2c	routine31276:?
Routine 0x7afc	routine31484:?
Routine 0x7c58	routine31832:?
Routine 0x7ca0	routine31904:?
Routine 0x7d80	routine32128:?
Routine 0x7df8	routine32248:?
Routine 0x7e48	routine32328:?
Routine 0x7e7c	routine32380:?
Routine 0x7ecc	routine32460:?
Routine 0x7ef4	routine32500:?
Routine 0x7f0c	routine32524:?
Routine 0x7f3c	routine32572:?
Routine 0x7fd0	routine32720:?
Routine 0x7fe4	routine32740:?
Routine 0x8000	routine32768:?
Routine 0x8078	routine32888:?
Routine 0x80a8	routine32936:?
Routine 0x8178	routine33144:?
Routine 0x819c	routine33180:?
Routine 0x81e8	routine33256:?
Routine 0x8308	routine33544:?
Routine 0x8360	routine33632:?
Routine 0x838c	routine33676:?
Routine 0x83bc	routine33724:?
Routine 0x8404	routine33796:?
Routine 0x8450	routine33872:?
Routine 0x8468	routine33896:?
Routine 0x8480	routine33920:?
Routine 0x848c	routine33932:?
Routine 0x8588	routine34184:?
Routine 0x8590	routine34192:?
Routine 0x85d8	routine34264:?
Routine 0x85ec	routine34284:?
Routine 0x8600	routine34304:?
Routine 0x861c	routine34332:?
Routine 0x867c	PronounsSub:?
Routine 0x8728	routine34600:?
Routine 0x875c	routine34652:?
Routine 0x878c	routine34700:?
Routine 0x8794	routine34708:?
Routine 0x87c0	routine34752:?
! References: obj22__Inform_Library_.play
Routine 0x8828	routine34856:?
! References: obj22__Inform_Library_.end_turn_sequence
Routine 0x8bd4	routine35796:?
! References: obj22__Inform_Library_.begin_action
Routine 0x8cac	routine36012:?
Routine 0x8cf0	routine36080:?
Routine 0x8d10	routine36112:?
Routine 0x8d58	routine36184:?
Routine 0x8d94	routine36244:?
Routine 0x8ddc	routine36316:?
Routine 0x8e18	routine36376:?
Routine 0x8e24	routine36388:?
Routine 0x8e48	routine36424:?
Routine 0x8ea8	routine36520:?
Routine 0x8ec8	routine36552:?
Routine 0x8eec	routine36588:?
Routine 0x8efc	routine36604:?
Routine 0x8f58	routine36696:?
Routine 0x8f8c	routine36748:?
Routine 0x8fe0	routine36832:?
Routine 0x9008	routine36872:?
Routine 0x9024	routine36900:?
Routine 0x9038	routine36920:?
Routine 0x9054	routine36948:?
Routine 0x909c	routine37020:?
Routine 0x90f0	routine37104:?
Routine 0x9178	routine37240:?
Routine 0x9204	routine37380:?
Routine 0x928c	routine37516:?
Routine 0x9334	routine37684:?
Routine 0x9524	routine38180:?
Routine 0x95e0	routine38368:?
Routine 0x9670	routine38512:?
Routine 0x96b0	routine38576:?
Routine 0x96d4	routine38612:?
Routine 0x96f8	routine38648:?
Routine 0x970c	routine38668:?
Routine 0x9714	routine38676:?
Routine 0x9744	routine38724:?
Routine 0x9760	routine38752:?
Routine 0x9790	routine38800:?
Routine 0x9840	VersionSub:?
Routine 0x9884	routine39044:?
Routine 0x98b0	routine39088:?
Routine 0x98b8	routine39096:?
Routine 0x99d0	routine39376:?
Routine 0x9a28	routine39464:?
Routine 0x9a3c	routine39484:?
Routine 0xa248	PlacesSub:?
Routine 0xa250	ObjectsSub:?
Routine 0xa258	routine41560:?
