! Auto-generated by Reform.

MD5	ee339dbdbb0792f67e20bd71bafe0ea5

Object 1	obj1_right
Object 2	obj2_left
Object 3	obj3_SEASTALKER
Object 4	obj4_underwater
Object 5	obj5_traitor
Object 6	obj6_job
Object 7	obj7_your_private_laboratory
Object 8	obj8_Doc_s_laboratory
Object 9	obj9_lab_assistant
Object 10	obj10_sonar_operator
Object 11	obj11_reason
Object 12	obj12_Bly_s_plan
Object 13	obj13_Tip_s_idea
Object 14	obj14_valuable_ore_deposit
Object 15	obj15_more
Object 16	obj16_evidence
Object 17	obj17_private_matter
Object 18	obj18_docking_tank_roof
Object 19	obj19_docking_tank_gate
Object 20	obj20_steel_tank_gate
Object 21	obj21_test_tank
Object 22	obj22_docking_tank
Object 23	obj23_air
Object 24	obj24_here
Object 25	obj25_directions
Object 26	obj26_clue
Object 27	obj27_himself_or_herself
Object 28	obj28_him
Object 29	obj29_her
Object 30	obj30_open_sea
Object 31	obj31_water
Object 32	obj32_compass_direction
Object 33	obj33_sabotage
Object 34	obj34_damage
Object 35	obj35_satellite
Object 36	obj36_cable
Object 37	obj37_transmitter
Object 38	obj38_surface
Object 39	obj39_sonar
Object 40	obj40_distress_call
Object 41	obj41_power_supply
Object 42	obj42_boat
Object 43	obj43_SCIMITAR
Object 44	obj44_explosive_charge
Object 45	obj45_weapon
Object 46	obj46_Snark
Object 47	obj47_problem
Object 48	obj48_motive
Object 49	obj49_danger
Object 50	obj50_Inventions_Unlimited
Object 51	obj51_floor
Object 52	obj52_ground
Object 53	obj53_it
Object 54	obj54_turn
Object 55	obj55_Sharon_s_badge
Object 56	obj56_Tip_s_badge
Object 57	obj57_your_badge
Object 58	obj58_Emergency_Oxygen_Gear
Object 59	obj59_Universal_Tool
Object 60	obj60_catalyst_capsule
Object 61	obj61_article
Object 62	obj62_magazine
Object 63	obj63_Logbook
Object 64	obj64_that_thing
Object 65	obj65_pseudo
Object 66	obj66_south_walkway
Object 67	obj67_control_gear
Object 68	obj68_control_gear
Object 69	obj69_work_counter
Object 70	obj70_west_walkway
Object 71	obj71_gangplank
Object 72	obj72_north_walkway
Object 73	obj73_technician
Object 74	obj74_microphone
Object 75	obj75_diagram
Object 76	obj76_workbench
Object 77	obj77_lab_center
Object 78	obj78_bunch_of_mechanical_supplies
Object 79	obj79_mechanical_supply_shelf
Object 80	obj80_west_part
Object 81	obj81_bunch_of_electronic_supplies
Object 82	obj82_electronic_supply_shelf
Object 83	obj83_bunch_of_chemicals
Object 84	obj84_chemical_supply_shelf
Object 85	obj85_south_doorway
Object 86	obj86_south_part
Object 87	obj87_limbo
Object 88	obj88_Kemp_s_desk
Object 89	obj89_lot_of_business_papers
Object 90	obj90_file_drawer
Object 91	obj91_office_door
Object 92	obj92_storage_closet
Object 93	obj93_circuit_breaker
Object 94	obj94_Electrical_Panel
Object 95	obj95_storage_door
Object 96	obj96_corridor
Object 97	obj97_desk
Object 98	obj98_Microwave_Security_Scanner
Object 99	obj99_intercom
Object 100	obj100_lab_door
Object 101	obj101_east_part
Object 102	obj102_receiver
Object 103	obj103_Computestor
Object 104	obj104_north_part
Object 105	obj105_empty_space
Object 106	obj106_electrolyte_relay
Object 107	obj107_special_Fram_Bolt_Wrench
Object 108	obj108_special_Fram_Bolt_Wrench
Object 109	obj109_arrow
Object 110	obj110_special_hook
Object 111	obj111_access_door
Object 112	obj112_Air_Supply_System
Object 113	obj113_dome_center
Object 114	obj114_fine_grid
Object 115	obj115_hypodermic_syringe
Object 116	obj116_Emergency_Survival_Unit
Object 117	obj117_docking_tank_electricity
Object 118	obj118_station_monitor
Object 119	obj119_circuit
Object 120	obj120_black_box
Object 121	obj121_Bly_s_desk
Object 122	obj122_Aquadome_office
Object 123	obj123_storage_door
Object 124	obj124_office_door
Object 125	obj125_southeast_porch
Object 126	obj126_galley
Object 127	obj127_microphone
Object 128	obj128_Aquadome_sonar_equipment
Object 129	obj129_alarm_bell
Object 130	obj130_videophone
Object 131	obj131_videophone
Object 132	obj132_comm_center
Object 133	obj133_galley_door
Object 134	obj134_comm_center_door
Object 135	obj135_northeast_porch
Object 136	obj136_workshop_material
Object 137	obj137_workshop
Object 138	obj138_laboratory_door
Object 139	obj139_workshop_door
Object 140	obj140_northwest_porch
Object 141	obj141_photograph
Object 142	obj142_diary
Object 143	obj143_Horvak_s_key
Object 144	obj144_Horvak_s_locker
Object 145	obj145_furniture
Object 146	obj146_male_dorm
Object 147	obj147_furniture
Object 148	obj148_chair
Object 149	obj149_female_dorm
Object 150	obj150_blue_door
Object 151	obj151_red_door
Object 152	obj152_southwest_porch
Object 153	obj153_badge
Object 154	obj154_badge
Object 155	obj155_badge
Object 156	obj156_Aquadome_crew
Object 157	obj157_Aquadome_crew
Object 158	obj158_docking_tank_ladder
Object 159	obj159_docking_tank_entrance
Object 160	obj160_emergency_ladder
Object 161	obj161_Air_Supply_System
Object 162	obj162_docking_tank_ramp
Object 163	obj163_docking_tank
Object 164	obj164_exercise_track
Object 165	obj165_window
Object 166	obj166_Aquadome
Object 167	obj167_Doctor_Jerome_Thorpe
Object 168	obj168_Doctor_Jerome_Thorpe
Object 169	obj169_Amy_Lowell
Object 170	obj170_Amy_Lowell
Object 171	obj171_Bill_Greenup
Object 172	obj172_Bill_Greenup
Object 173	obj173_Marv_Siegel
Object 174	obj174_Marv_Siegel
Object 175	obj175_Doc_Horvak
Object 176	obj176_Doc_Horvak
Object 177	obj177_Mick_Antrim
Object 178	obj178_Mick_Antrim
Object 179	obj179_reception_area
Object 180	obj180_Commander_Bly
Object 181	obj181_Commander_Bly
Object 182	obj182_Kemp_s_office
Object 183	obj183_Sharon_Kemp
Object 184	obj184_Sharon_Kemp
Object 185	obj185_Tip
Object 186	obj186_Tip_Randall
Object 187	obj187_gash
Object 188	obj188_your_arm
Object 189	obj189_yourself
Object 190	obj190
Object 191	obj191_yourself
Object 192	obj192_storage_room
Object 193	obj193_bazooka
Object 194	obj194_Aquadome_laboratory
Object 195	obj195_dart_gun
Object 196	obj196_Sea_Cat
Object 197	obj197_Snark
Object 198	obj198_instruments
Object 199	obj199_seat
Object 200	obj200
Object 201	obj201_extensor_claw
Object 202	obj202_Frobton_Bay
Object 203	obj203_overheating
Object 204	obj204_whale
Object 205	obj205_brass_search_light
Object 206	obj206_temperature_gauge_needle
Object 207	obj207_control_circuits
Object 208	obj208_autopilot
Object 209	obj209_meter
Object 210	obj210_sea_square
Object 211	obj211_depth_control
Object 212	obj212_present_depth
Object 213	obj213_off
Object 214	obj214_slow
Object 215	obj215_medium
Object 216	obj216_fast
Object 217	obj217_throttle
Object 218	obj218_joystick
Object 219	obj219_hydrojet
Object 220	obj220_hydrojet
Object 221	obj221_reactor_starter
Object 222	obj222_reactor
Object 223	obj223_hydrophone
Object 224	obj224_sonarphone
Object 225	obj225_sonarscope_warning_light
Object 226	obj226_sonarscope
Object 227	obj227_manual
Object 228	obj228_automatic
Object 229	obj229_depth_finder_warning_light
Object 230	obj230_depth_finder
Object 231	obj231_reactor_lever
Object 232	obj232_ship
Object 233	obj233_sea_wall
Object 234	obj234_voltage_regulator
Object 235	obj235_lights
Object 236	obj236
Object 237	obj237_crawl_space
Object 238	obj238_viewport
Object 239	obj239
Object 240	obj240_engine_starter
Object 241	obj241_test_button
Object 242	obj242_access_panel
Object 243	obj243_gate_control
Object 244	obj244_tank_control
Object 245	obj245_control_panel
Object 246	obj246_entry_hatch
Object 247	obj247_SCIMITAR
Object 248	obj248_that
Object 249	obj249_SCIMITAR
Object 250	obj250_such_things

Attribute 2	attrib2			! obj200
Attribute 3	attrib3			! obj200
Attribute 4	attrib4			! obj69_work_counter obj76_workbench obj79_mechanical_supply_shelf obj82_electronic_supply_shelf obj84_chemical_supply_shelf obj88_Kemp_s_desk obj97_desk obj110_special_hook obj128_Aquadome_sonar_equipment obj145_furniture obj147_furniture obj200
Attribute 5	attrib5			! obj169_Amy_Lowell obj170_Amy_Lowell obj180_Commander_Bly obj181_Commander_Bly obj183_Sharon_Kemp obj184_Sharon_Kemp obj200
Attribute 6	attrib6			! obj93_circuit_breaker obj169_Amy_Lowell obj171_Bill_Greenup obj173_Marv_Siegel obj175_Doc_Horvak obj177_Mick_Antrim obj180_Commander_Bly obj183_Sharon_Kemp obj185_Tip obj200
Attribute 7	attrib7			! obj191_yourself obj200
Attribute 8	attrib8			! obj89_lot_of_business_papers obj195_dart_gun obj200
Attribute 9	attrib9			! obj4_underwater obj7_your_private_laboratory obj8_Doc_s_laboratory obj12_Bly_s_plan obj13_Tip_s_idea obj15_more obj24_here obj27_himself_or_herself obj28_him obj29_her obj50_Inventions_Unlimited obj53_it obj55_Sharon_s_badge obj56_Tip_s_badge obj57_your_badge obj58_Emergency_Oxygen_Gear obj64_that_thing obj88_Kemp_s_desk obj121_Bly_s_desk obj128_Aquadome_sonar_equipment obj143_Horvak_s_key obj144_Horvak_s_locker obj182_Kemp_s_office obj188_your_arm obj189_yourself obj191_yourself obj200 obj202_Frobton_Bay obj248_that
Attribute 10	attrib10		! obj54_turn obj209_meter obj210_sea_square
Attribute 11	attrib11		! obj58_Emergency_Oxygen_Gear obj74_microphone obj103_Computestor obj117_docking_tank_electricity obj127_microphone obj200 obj205_brass_search_light obj220_hydrojet obj223_hydrophone obj226_sonarscope obj230_depth_finder
Attribute 12	attrib12		! obj107_special_Fram_Bolt_Wrench obj187_gash obj196_Sea_Cat obj197_Snark obj200 obj204_whale obj232_ship
Attribute 13	attrib13		! obj106_electrolyte_relay obj112_Air_Supply_System obj195_dart_gun obj200 obj234_voltage_regulator
Attribute 14	attrib14		! obj16_evidence obj18_docking_tank_roof obj19_docking_tank_gate obj23_air obj30_open_sea obj44_explosive_charge obj50_Inventions_Unlimited obj53_it obj58_Emergency_Oxygen_Gear obj61_article obj82_electronic_supply_shelf obj91_office_door obj94_Electrical_Panel obj99_intercom obj100_lab_door obj101_east_part obj105_empty_space obj106_electrolyte_relay obj109_arrow obj111_access_door obj112_Air_Supply_System obj116_Emergency_Survival_Unit obj122_Aquadome_office obj124_office_door obj128_Aquadome_sonar_equipment obj129_alarm_bell obj156_Aquadome_crew obj157_Aquadome_crew obj160_emergency_ladder obj161_Air_Supply_System obj164_exercise_track obj166_Aquadome obj169_Amy_Lowell obj170_Amy_Lowell obj182_Kemp_s_office obj194_Aquadome_laboratory obj198_instruments obj200 obj201_extensor_claw obj208_autopilot obj213_off obj228_automatic obj240_engine_starter obj242_access_panel obj247_SCIMITAR
Attribute 15	attrib15		! obj144_Horvak_s_locker obj165_window obj200 obj238_viewport
Attribute 16	attrib16		! obj165_window obj200 obj238_viewport
Attribute 17	attrib17		! obj35_satellite obj36_cable obj37_transmitter obj55_Sharon_s_badge obj56_Tip_s_badge obj57_your_badge obj58_Emergency_Oxygen_Gear obj67_control_gear obj68_control_gear obj69_work_counter obj71_gangplank obj73_technician obj75_diagram obj76_workbench obj78_bunch_of_mechanical_supplies obj79_mechanical_supply_shelf obj81_bunch_of_electronic_supplies obj82_electronic_supply_shelf obj83_bunch_of_chemicals obj84_chemical_supply_shelf obj88_Kemp_s_desk obj89_lot_of_business_papers obj90_file_drawer obj91_office_door obj93_circuit_breaker obj94_Electrical_Panel obj97_desk obj98_Microwave_Security_Scanner obj102_receiver obj103_Computestor obj109_arrow obj110_special_hook obj111_access_door obj112_Air_Supply_System obj114_fine_grid obj116_Emergency_Survival_Unit obj117_docking_tank_electricity obj118_station_monitor obj121_Bly_s_desk obj127_microphone obj128_Aquadome_sonar_equipment obj129_alarm_bell obj131_videophone obj136_workshop_material obj143_Horvak_s_key obj144_Horvak_s_locker obj145_furniture obj147_furniture obj148_chair obj157_Aquadome_crew obj160_emergency_ladder obj165_window obj167_Doctor_Jerome_Thorpe obj181_Commander_Bly obj183_Sharon_Kemp obj184_Sharon_Kemp obj187_gash obj188_your_arm obj191_yourself obj193_bazooka obj195_dart_gun obj196_Sea_Cat obj197_Snark obj198_instruments obj199_seat obj200 obj202_Frobton_Bay obj204_whale obj205_brass_search_light obj206_temperature_gauge_needle obj207_control_circuits obj208_autopilot obj209_meter obj210_sea_square obj211_depth_control obj212_present_depth obj213_off obj214_slow obj215_medium obj216_fast obj217_throttle obj218_joystick obj219_hydrojet obj220_hydrojet obj221_reactor_starter obj222_reactor obj223_hydrophone obj224_sonarphone obj225_sonarscope_warning_light obj226_sonarscope obj227_manual obj228_automatic obj229_depth_finder_warning_light obj230_depth_finder obj231_reactor_lever obj232_ship obj233_sea_wall obj234_voltage_regulator obj238_viewport obj240_engine_starter obj243_gate_control obj244_tank_control obj247_SCIMITAR
Attribute 18	attrib18		! obj69_work_counter obj76_workbench obj79_mechanical_supply_shelf obj82_electronic_supply_shelf obj84_chemical_supply_shelf obj85_south_doorway obj88_Kemp_s_desk obj90_file_drawer obj97_desk obj123_storage_door obj128_Aquadome_sonar_equipment obj133_galley_door obj134_comm_center_door obj138_laboratory_door obj139_workshop_door obj200 obj222_reactor obj246_entry_hatch
Attribute 19	attrib19		! obj66_south_walkway obj70_west_walkway obj72_north_walkway obj77_lab_center obj80_west_part obj86_south_part obj87_limbo obj92_storage_closet obj94_Electrical_Panel obj96_corridor obj101_east_part obj104_north_part obj113_dome_center obj117_docking_tank_electricity obj118_station_monitor obj122_Aquadome_office obj125_southeast_porch obj126_galley obj128_Aquadome_sonar_equipment obj132_comm_center obj135_northeast_porch obj137_workshop obj140_northwest_porch obj146_male_dorm obj149_female_dorm obj152_southwest_porch obj159_docking_tank_entrance obj163_docking_tank obj179_reception_area obj182_Kemp_s_office obj192_storage_room obj194_Aquadome_laboratory obj200 obj223_hydrophone obj226_sonarscope obj230_depth_finder obj237_crawl_space obj249_SCIMITAR
Attribute 20	attrib20		! obj66_south_walkway obj70_west_walkway obj72_north_walkway obj77_lab_center obj80_west_part obj86_south_part obj87_limbo obj92_storage_closet obj96_corridor obj101_east_part obj104_north_part obj113_dome_center obj122_Aquadome_office obj125_southeast_porch obj126_galley obj132_comm_center obj135_northeast_porch obj137_workshop obj140_northwest_porch obj146_male_dorm obj149_female_dorm obj152_southwest_porch obj159_docking_tank_entrance obj163_docking_tank obj179_reception_area obj182_Kemp_s_office obj192_storage_room obj194_Aquadome_laboratory obj200 obj237_crawl_space obj249_SCIMITAR
Attribute 21	attrib21		! obj148_chair obj200
Attribute 22	attrib22		! obj61_article obj62_magazine obj63_Logbook obj89_lot_of_business_papers obj112_Air_Supply_System obj142_diary obj200 obj226_sonarscope
Attribute 23	attrib23		! obj58_Emergency_Oxygen_Gear obj59_Universal_Tool obj60_catalyst_capsule obj62_magazine obj63_Logbook obj74_microphone obj106_electrolyte_relay obj107_special_Fram_Bolt_Wrench obj115_hypodermic_syringe obj120_black_box obj127_microphone obj141_photograph obj142_diary obj193_bazooka obj200
Attribute 24	attrib24		! obj59_Universal_Tool obj107_special_Fram_Bolt_Wrench obj143_Horvak_s_key obj200
Attribute 25	attrib25		! obj200
Attribute 26	attrib26		! obj62_magazine obj69_work_counter obj76_workbench obj79_mechanical_supply_shelf obj82_electronic_supply_shelf obj84_chemical_supply_shelf obj88_Kemp_s_desk obj90_file_drawer obj93_circuit_breaker obj97_desk obj112_Air_Supply_System obj116_Emergency_Survival_Unit obj120_black_box obj121_Bly_s_desk obj142_diary obj144_Horvak_s_locker obj200 obj222_reactor
Attribute 27	attrib27		! obj18_docking_tank_roof obj19_docking_tank_gate obj20_steel_tank_gate obj85_south_doorway obj91_office_door obj95_storage_door obj100_lab_door obj123_storage_door obj124_office_door obj133_galley_door obj134_comm_center_door obj138_laboratory_door obj139_workshop_door obj150_blue_door obj151_red_door obj200 obj242_access_panel obj246_entry_hatch
Attribute 28	attrib28		! obj200 obj247_SCIMITAR
Attribute 29	attrib29		! obj115_hypodermic_syringe obj193_bazooka obj195_dart_gun obj200
Attribute 30	attrib30		! obj167_Doctor_Jerome_Thorpe obj168_Doctor_Jerome_Thorpe obj169_Amy_Lowell obj170_Amy_Lowell obj171_Bill_Greenup obj172_Bill_Greenup obj173_Marv_Siegel obj174_Marv_Siegel obj175_Doc_Horvak obj176_Doc_Horvak obj177_Mick_Antrim obj178_Mick_Antrim obj180_Commander_Bly obj181_Commander_Bly obj183_Sharon_Kemp obj184_Sharon_Kemp obj185_Tip obj186_Tip_Randall obj191_yourself obj200
Attribute 31	attrib31		! obj200

Property 4	prop4:routine
Property 5	prop5:string
Property 6	prop6:?
Property 7	prop7:?
Property 8	prop8:?
Property 9	prop9:routine
Property 10	prop10:?
Property 11	prop11:routine
Property 12	prop12:?
Property 13	prop13:string
Property 14	prop14:dictwords
Property 15	prop15:?
Property 16	prop16:?
Property 17	prop17:?
Property 18	prop18:string
Property 19	prop19:?
Property 20	out_to:exit
Property 21	in_to:exit
Property 22	d_to:exit
Property 23	u_to:exit
Property 24	northw_to:exit
Property 25	w_to:exit
Property 26	southw_to:exit
Property 27	s_to:exit
Property 28	se_to:exit
Property 29	e_to:exit
Property 30	ne_to:exit
Property 31	n_to:exit

Global 0	global0:?
Global 1	global1:?
Global 2	global2:?
Global 3	global3:?
Global 4	global4:?
Global 5	global5:?
Global 6	global6:?
Global 7	global7:?
Global 8	global8:?
Global 9	global9:?
Global 10	global10:?
Global 11	global11:?
Global 12	global12:?
Global 13	global13:?
Global 14	global14:?
Global 15	global15:?
Global 16	global16:?
Global 17	global17:?
Global 18	global18:?
Global 19	global19:?
Global 20	global20:?
Global 21	global21:?
Global 22	global22:?
Global 23	global23:?
Global 24	global24:?
Global 25	global25:?
Global 26	global26:?
Global 27	global27:?
Global 28	global28:?
Global 29	global29:?
Global 30	global30:?
Global 31	global31:?
Global 32	global32:?
Global 33	global33:?
Global 34	global34:?
Global 35	global35:?
Global 36	global36:?
Global 37	global37:?
Global 38	global38:?
Global 39	global39:?
Global 40	global40:?
Global 41	global41:?
Global 42	global42:?
Global 43	global43:?
Global 44	global44:?
Global 45	global45:?
Global 46	global46:?
Global 47	global47:?
Global 48	global48:?
Global 49	global49:?
Global 50	global50:?
Global 51	global51:?
Global 52	global52:?
Global 53	global53:?
Global 54	global54:?
Global 55	global55:?
Global 56	global56:?
Global 57	global57:?
Global 58	global58:?
Global 59	global59:?
Global 60	global60:?
Global 61	global61:?
Global 62	global62:?
Global 63	global63:?
Global 64	global64:?
Global 65	global65:?
Global 66	global66:?
Global 67	global67:?
Global 68	global68:?
Global 69	global69:?
Global 70	global70:?
Global 71	global71:?
Global 72	global72:?
Global 73	global73:?
Global 74	global74:?
Global 75	global75:?
Global 76	global76:?
Global 77	global77:?
Global 78	global78:?
Global 79	global79:?
Global 80	global80:?
Global 81	global81:?
Global 82	global82:?
Global 83	global83:?
Global 84	global84:?
Global 85	global85:?
Global 86	global86:?
Global 87	global87:?
Global 88	global88:?
Global 89	global89:?
Global 90	global90:?
Global 91	global91:?
Global 92	global92:?
Global 93	global93:?
Global 94	global94:?
Global 95	global95:?
Global 96	global96:?
Global 97	global97:?
Global 98	global98:?
Global 99	global99:?
Global 100	global100:?
Global 101	global101:?
Global 102	global102:?
Global 103	global103:?
Global 104	global104:?
Global 105	global105:?
Global 106	global106:?
Global 107	global107:?
Global 108	global108:?
Global 109	global109:?
Global 110	global110:?
Global 111	global111:?
Global 112	global112:?
Global 113	global113:?
Global 114	global114:?
Global 115	global115:?
Global 116	global116:?
Global 117	global117:?
Global 118	global118:?
Global 119	global119:?
Global 120	global120:?
Global 121	global121:?
Global 122	global122:?
Global 123	global123:?
Global 124	global124:?
Global 125	global125:?
Global 126	global126:?
Global 127	global127:?
Global 128	global128:?
Global 129	global129:?
Global 130	global130:?
Global 131	global131:?
Global 132	global132:?
Global 133	global133:?
Global 134	global134:?
Global 135	global135:?
Global 136	global136:?
Global 137	global137:?
Global 138	global138:?
Global 139	global139:?
Global 140	global140:?
Global 141	global141:?
Global 142	global142:?
Global 143	global143:?
Global 144	global144:?
Global 145	global145:?
Global 146	global146:?
Global 147	global147:?
Global 148	global148:?
Global 149	global149:?
Global 150	global150:?
Global 151	global151:?
Global 152	global152:?
Global 153	global153:?
Global 154	global154:?
Global 155	global155:?
Global 156	global156:?
Global 157	global157:?
Global 158	global158:?
Global 159	global159:?
Global 160	global160:?
Global 161	global161:?
Global 162	global162:?
Global 163	global163:?
Global 164	global164:?
Global 165	global165:?
Global 166	global166:?
Global 167	global167:?
Global 168	global168:?
Global 169	global169:?
Global 170	global170:?
Global 171	global171:?
Global 172	global172:?
Global 173	global173:?
Global 174	global174:?
Global 175	global175:?
Global 176	global176:?
Global 177	global177:?
Global 178	global178:?
Global 179	global179:?
Global 180	global180:?
Global 181	global181:?
Global 182	global182:?
Global 183	global183:?
Global 184	global184:?
Global 185	global185:?
Global 186	global186:?
Global 187	global187:?
Global 188	global188:?
Global 189	global189:?
Global 190	global190:?
Global 191	global191:?
Global 192	global192:?
Global 193	global193:?
Global 194	global194:?
Global 195	global195:?
Global 196	global196:?
Global 197	global197:?
Global 198	global198:?
Global 199	global199:?
Global 200	global200:?
Global 201	global201:?
Global 202	global202:?
Global 203	global203:?
Global 204	global204:?
Global 205	global205:?
Global 206	global206:?
Global 207	global207:?
Global 208	global208:?
Global 209	global209:?
Global 210	global210:?
Global 211	global211:?
Global 212	global212:?
Global 213	global213:?
Global 214	global214:?
Global 215	global215:?
Global 216	global216:?
Global 217	global217:?
Global 218	global218:?
Global 219	global219:?
Global 220	global220:?
Global 221	global221:?
Global 222	global222:?
Global 223	global223:?
Global 224	global224:?
Global 225	global225:?
Global 226	global226:?
Global 227	global227:?
Global 228	global228:?
Global 229	global229:?
Global 230	global230:?
Global 231	global231:?
Global 232	global232:?
Global 233	global233:?
Global 234	global234:?
Global 235	global235:?
Global 236	global236:?
Global 237	global237:?
Global 238	global238:?
Global 239	global239:?

Action 0	Action0		! '$ve'
Action 1	Action1		! '$db'
Action 2	Action2		! '$wh' object
				! '$wh'
Action 3	Action3		! '$go' object object
				! '$go' object
Action 4	Action4		! '$ba'
Action 5	Action5		! '$oc'
Action 6	Action6		! '$do'
Action 7	Action7		! '$sn'
Action 8	Action8		! 'adjust'/'focus'/'tune' 'into'/'inside'/'in' object
				! 'adjust'/'focus'/'tune' object
Action 9	Action9		! 'aim'/'point' object object
				! 'aim'/'point' object 'to' object
				! 'aim'/'point' object 'at' object
Action 10	Action10	! 'aim'/'point' 'at' object 'with'/'using'/'by' object
Action 11	Action11	! 'analys'/'analyz'/'check'/'test'/'troubl' 'out' object
				! 'analys'/'analyz'/'check'/'test'/'troubl' attrib31 'for' object
				! 'analys'/'analyz'/'check'/'test'/'troubl' object
Action 12	Action12	! 'analys'/'analyz'/'check'/'test'/'troubl' object 'into'/'inside'/'in' object
				! 'gaze'/'l//'/'look'/'peek'/'see'/'stare' 'up'/'u//' object 'into'/'inside'/'in' object
				! 'gaze'/'l//'/'look'/'peek'/'see'/'stare' 'up'/'u//' attrib31
				! 'peruse'/'read'/'skim' 'about' object 'into'/'inside'/'in' attrib22(held,carried,in_room,on_ground,take)
Action 13	Action13	! 'analys'/'analyz'/'check'/'test'/'troubl' object 'onto'/'on' object
Action 14	Action14	! 'answer'/'reply'/'respon'
Action 15	Action15	! 'answer'/'reply'/'respon' object
Action 16	Action16	! 'apply' object(held,many,have) 'to' object
				! 'drop'/'lower' object(held,many,have) 'onto'/'on' object
				! 'drop'/'lower' object(held,many,have) 'into'/'inside'/'in' object
				! 'drop'/'lower' object(held,many,have) 'down'/'d//' object
				! 'fit' object(held,many,have) 'to' object
				! 'fit' object(held,many,have) 'onto'/'on' object
				! 'hang' object(held,many,have) 'onto'/'on' object
				! 'crouch'/'hide' object(held,carried,have) 'into'/'inside'/'in' object
				! 'insert'/'instal'/'load'/'mount'/'place'/'put'/'stuff' object(held,many,have) 'into'/'inside'/'in' attrib26
				! 'insert'/'instal'/'load'/'mount'/'place'/'put'/'stuff' object(held,many,have) 'onto'/'on' object
				! 'set' object(held,many,have) 'onto'/'on' attrib31
				! 'chuck'/'hurl'/'throw'/'toss' object(held,carried,have) 'over' object
				! 'chuck'/'hurl'/'throw'/'toss' object(held,carried,have) 'onto'/'on' object
				! 'chuck'/'hurl'/'throw'/'toss' object(held,carried,have) 'into'/'inside'/'in' object
Action 17	Action17	! 'arm' object
Action 18	Action18	! 'arrest'/'captur' attrib30 'for' object
				! 'arrest'/'captur' attrib30
Action 19	Action19	! 'ask'/'consul'/'inquir'/'questi' attrib30
Action 20	Action20	! 'ask'/'consul'/'inquir'/'questi' 'about' object(held,carried,have)
				! 'detect'/'find'/'locate' 'out' object
Action 21	Action21	! 'ask'/'consul'/'inquir'/'questi' 'for' object(held,carried,have)
Action 22	Action22	! 'ask'/'consul'/'inquir'/'questi' attrib30 'about' object(held,carried,have)
Action 23	Action23	! 'ask'/'consul'/'inquir'/'questi' attrib30 'for' object(held,carried,have)
Action 24	Action24	! 'assaul'/'attack'/'fight'/'molest'/'rape'/'repel' attrib30(in_room,on_ground) 'with'/'using'/'by' attrib29(held,carried,have)
				! 'assaul'/'attack'/'fight'/'molest'/'rape'/'repel' 'off' attrib30
				! 'assaul'/'attack'/'fight'/'molest'/'rape'/'repel' attrib30
				! 'knock'/'rap' 'down'/'d//' attrib30(in_room,on_ground)
				! 'strike' attrib30(in_room,on_ground) 'with'/'using'/'by' attrib29(held,carried,in_room,on_ground,have)
Action 25	Action25	! 'brief'
Action 26	Action26	! 'bring'/'fetch' object 'to' object
				! 'bring'/'fetch' object
Action 27	Action27	! 'bring'/'fetch' object object
Action 28	Action28	! 'brush'/'clean'/'wipe' object(held,carried,in_room,on_ground) 'with'/'using'/'by' object
				! 'brush'/'clean'/'wipe' object(held,carried,in_room,on_ground)
Action 29	Action29	! '$ca' object
				! 'call'/'phone'/'signal'/'summon' 'to' object
Action 30	Action30	! 'call'/'phone'/'signal'/'summon' 'up'/'u//' object
				! 'call'/'phone'/'signal'/'summon' 'for' object
				! 'call'/'phone'/'signal'/'summon' object 'onto'/'on' object
				! 'call'/'phone'/'signal'/'summon' object  object
				! 'call'/'phone'/'signal'/'summon' object
Action 31	Action31	! 'board'/'climb' 'into'/'inside'/'in' attrib28(in_room,on_ground)
				! 'board'/'climb' object(in_room,on_ground)
				! 'carry'/'get'/'grab'/'hold'/'lead'/'remove'/'seize'/'steal'/'take' 'into'/'inside'/'in' attrib28(in_room,on_ground)
Action 32	Action32	! 'board'/'climb' 'down'/'d//' object(in_room,on_ground)
				! 'dive'/'submer'  object
				! 'dive'/'submer' object
				! 'drive'/'go'/'head'/'procee'/'run'/'steer'/'walk' 'down'/'d//' object(in_room,on_ground)
Action 33	Action33	! 'board'/'climb' 'onto'/'on' attrib28(in_room,on_ground)
				! 'carry'/'get'/'grab'/'hold'/'lead'/'remove'/'seize'/'steal'/'take' 'onto'/'on' attrib28(in_room,on_ground)
Action 34	Action34	! 'board'/'climb' 'thru'/'throug' attrib27
				! 'enter' object
				! 'crouch'/'hide' 'onto'/'on' object
				! 'crouch'/'hide' 'into'/'inside'/'in' object
				! 'drive'/'go'/'head'/'procee'/'run'/'steer'/'walk' 'thru'/'throug' object
				! 'drive'/'go'/'head'/'procee'/'run'/'steer'/'walk' 'into'/'inside'/'in' object
				! 'crawl' 'thru'/'throug' object
				! 'crawl' 'into'/'inside'/'in' object
Action 35	Action35	! 'board'/'climb' 'up'/'u//' object(in_room,on_ground)
				! 'rise'  object
				! 'rise' object
				! 'drive'/'go'/'head'/'procee'/'run'/'steer'/'walk' 'up'/'u//' object(in_room,on_ground)
Action 36	Action36	! 'close'/'replac'/'reset' attrib27(held,carried,in_room,on_ground) 'with'/'using'/'by' object
				! 'close'/'replac'/'reset' attrib27(held,carried,in_room,on_ground)
Action 37	Action37	! 'come' 'to' object
				! 'come' object
Action 38	Action38	! 'come' 'with'/'using'/'by' object
				! 'chase'/'follow'/'pursue'/'trace' attrib30 'to' object
				! 'chase'/'follow'/'pursue'/'trace' attrib30 object
				! 'chase'/'follow'/'pursue'/'trace' object
				! 'drive'/'go'/'head'/'procee'/'run'/'steer'/'walk' 'with'/'using'/'by' object
Action 39	Action39	! 'come' 'with'/'using'/'by' object 'to' object
Action 40	Action40	! 'compar'/'match' object(held,carried,in_room,on_ground) 'with'/'using'/'by' object(held,carried,in_room,on_ground)
				! 'compar'/'match' object(held,carried,in_room,on_ground) 'to' object(held,carried,in_room,on_ground)
				! 'compar'/'match' object(many)
Action 41	Action41	! 'confro' attrib30 'with'/'using'/'by' object
Action 42	Action42	! 'curse'/'damn'/'fuck'/'fudge'/'pee'/'piss'/'poo'/'shit'/'snot' 'onto'/'on' attrib30
				! 'curse'/'damn'/'fuck'/'fudge'/'pee'/'piss'/'poo'/'shit'/'snot' attrib30
				! 'curse'/'damn'/'fuck'/'fudge'/'pee'/'piss'/'poo'/'shit'/'snot'
Action 43	Action43	! 'cut'/'interr' object
Action 44	Action44	! 'break'/'crush'/'damage'/'destro'/'smash' 'down'/'d//' object(held,carried,in_room,on_ground) 'with'/'using'/'by' object(held,carried,take)
				! 'break'/'crush'/'damage'/'destro'/'smash' object(held,carried,in_room,on_ground) 'with'/'using'/'by' object(held,carried,take)
				! 'break'/'crush'/'damage'/'destro'/'smash' object(held,carried,in_room,on_ground)
Action 45	Action45	! 'diagno' object
				! 'diagno'
Action 46	Action46	! 'discus' object 'with'/'using'/'by' object
				! 'discus' object
Action 47	Action47	! 'dive'/'submer' 'undern'/'under'/'beneat' attrib31
				! 'dive'/'submer' 'to' object
				! 'dive'/'submer'
				! 'rise' 'to' object
Action 48	Action48	! 'dock' attrib31
Action 49	Action49	! 'drink'/'imbibe'/'swallo' object(held,carried,in_room,on_ground)
Action 50	Action50	! 'drop'/'lower' object(held,many,have)
				! 'abando'/'debark'/'disemb'/'evacua'/'exit'/'leave' object
				! 'insert'/'instal'/'load'/'mount'/'place'/'put'/'stuff' 'down'/'d//' object(held,many,have)
				! 'carry'/'get'/'grab'/'hold'/'lead'/'remove'/'seize'/'steal'/'take' 'rid' object
				! 'carry'/'get'/'grab'/'hold'/'lead'/'remove'/'seize'/'steal'/'take' 'off' object
				! 'chuck'/'hurl'/'throw'/'toss' 'away' object(held,carried,have)
Action 51	Action51	! 'consum'/'eat' object(held,carried,in_room,on_ground,take,many)
Action 52	Action52	! 'blow'/'drain'/'empty' attrib26(held,carried,in_room,on_ground)
				! 'pump' 'out' attrib26(held,carried,in_room,on_ground)
Action 53	Action53	! 'enter'
Action 54	Action54	! 'descri'/'examin'/'inspec'/'scruti'/'study'/'x//' object(held,carried,in_room,on_ground)
				! 'gaze'/'l//'/'look'/'peek'/'see'/'stare' 'over' object(held,carried,in_room,on_ground)
				! 'gaze'/'l//'/'look'/'peek'/'see'/'stare' 'at' object(held,carried,in_room,on_ground,many)
Action 55	Action55	! 'douse'/'exting' attrib25(held,carried,in_room,on_ground,take,many,have)
				! 'flip'/'shut'/'swing'/'switch'/'turn' 'off' attrib25(held,carried,in_room,on_ground,many) 'with'/'using'/'by' object
				! 'flip'/'shut'/'swing'/'switch'/'turn' 'off' attrib25(held,carried,in_room,on_ground,many)
Action 56	Action56	! 'fill'/'flood' attrib26(held,carried,in_room,on_ground)
Action 57	Action57	! 'detect'/'find'/'locate' object(many,have)
				! 'gaze'/'l//'/'look'/'peek'/'see'/'stare' 'for' object(held,carried,have)
				! 'dig'/'search' 'for' object(held,carried,have)
Action 58	Action58	! 'detect'/'find'/'locate' object(many,have) 'with'/'using'/'by' object
Action 59	Action59	! 'fix'/'repair' object 'with'/'using'/'by' attrib24
				! 'fix'/'repair' object
Action 60	Action60	! 'donate'/'feed'/'give'/'hand'/'offer' object(held,many,have) 'to' attrib30(on_ground)
Action 61	Action61	! 'donate'/'feed'/'give'/'hand'/'offer' attrib30(on_ground) object(held,many,have)
Action 62	Action62	! 'bye'/'good-'/'goodby' object
				! 'bye'/'good-'/'goodby'
Action 63	Action63	! 'hang' 'up'/'u//' attrib31
Action 64	Action64	! 'greet'/'greeti'/'hello'/'hi' object
				! 'greet'/'greeti'/'hello'/'hi'
				! 'nod' 'to' object
				! 'nod' 'at' object
Action 65	Action65	! 'help' attrib30
				! 'help'
				! 'pause'/'save'/'suspen' attrib30
Action 66	Action66	! 'crouch'/'hide' object(held,carried,have) 'undern'/'under'/'beneat' object
				! 'press'/'push' object 'undern'/'under'/'beneat' object
				! 'insert'/'instal'/'load'/'mount'/'place'/'put'/'stuff' object(held,carried,have) 'undern'/'under'/'beneat' object
Action 67	Action67	! 'i//'
				! 'invent'
Action 68	Action68	! 'kill'/'strang' attrib30(in_room,on_ground) 'with'/'using'/'by' attrib29(held,carried,have)
				! 'kill'/'strang' attrib30(in_room,on_ground)
Action 69	Action69	! 'kiss' attrib30(in_room,on_ground)
Action 70	Action70	! 'knock'/'rap' 'at' object
				! 'knock'/'rap' 'onto'/'on' object
Action 71	Action71	! 'launch' attrib31
Action 72	Action72	! 'lean'/'prop'/'stand' 'up'/'u//' attrib31
				! 'lean'/'prop'/'stand'
				! 'carry'/'get'/'grab'/'hold'/'lead'/'remove'/'seize'/'steal'/'take' 'up'/'u//' attrib31
Action 73	Action73	! 'lean'/'prop'/'stand' object 'up'/'u//' object
				! 'lean'/'prop'/'stand' object 'onto'/'on' object
				! 'lean'/'prop'/'stand' object 'agains' object
				! 'insert'/'instal'/'load'/'mount'/'place'/'put'/'stuff' object(held,carried,have) 'agains' object
Action 74	Action74	! 'level' 'out' attrib31
				! 'level' 'off' attrib31
Action 75	Action75	! 'abando'/'debark'/'disemb'/'evacua'/'exit'/'leave' 'from' object
				! 'abando'/'debark'/'disemb'/'evacua'/'exit'/'leave'
				! 'drive'/'go'/'head'/'procee'/'run'/'steer'/'walk' 'out' object
				! 'crawl' 'out' object
Action 76	Action76	! 'light' attrib25(held,carried,in_room,on_ground)
				! 'activa'/'engage'/'start' object
				! 'flip'/'shut'/'swing'/'switch'/'turn' 'onto'/'on' attrib25(held,carried,in_room,on_ground,many) 'with'/'using'/'by' object
				! 'flip'/'shut'/'swing'/'switch'/'turn' 'onto'/'on' attrib25(held,carried,in_room,on_ground,many)
Action 77	Action77	! 'listen' 'at' object
				! 'listen' 'to' object
Action 78	Action78	! 'lock' object(in_room,on_ground)
Action 79	Action79	! 'gaze'/'l//'/'look'/'peek'/'see'/'stare' 'around' attrib31
				! 'gaze'/'l//'/'look'/'peek'/'see'/'stare'
Action 80	Action80	! 'gaze'/'l//'/'look'/'peek'/'see'/'stare' 'at' object(held,carried,many) 'thru'/'throug' object
				! 'peruse'/'read'/'skim' attrib22(held,carried,in_room,on_ground,take) 'thru'/'throug' object
				! 'peruse'/'read'/'skim' attrib22(held,carried,in_room,on_ground,take) object
				! 'peruse'/'read'/'skim' attrib22(held,carried,in_room,on_ground,take)
Action 81	Action81	! 'gaze'/'l//'/'look'/'peek'/'see'/'stare' 'behind' object
Action 82	Action82	! 'gaze'/'l//'/'look'/'peek'/'see'/'stare' 'down'/'d//' attrib31
Action 83	Action83	! 'gaze'/'l//'/'look'/'peek'/'see'/'stare' 'thru'/'throug' object(held,carried,in_room,on_ground)
				! 'gaze'/'l//'/'look'/'peek'/'see'/'stare' 'into'/'inside'/'in' object(held,carried,in_room,on_ground)
Action 84	Action84	! 'gaze'/'l//'/'look'/'peek'/'see'/'stare' 'onto'/'on' object(in_room,on_ground)
Action 85	Action85	! 'gaze'/'l//'/'look'/'peek'/'see'/'stare' 'out' object
Action 86	Action86	! 'gaze'/'l//'/'look'/'peek'/'see'/'stare' 'undern'/'under'/'beneat' object
Action 87	Action87	! 'build'/'make'/'prepar' object object(in_room,on_ground)
				! 'build'/'make'/'prepar' object 'from' object(in_room,on_ground)
Action 88	Action88	! 'move' object(in_room,on_ground)
				! 'pull'/'tug' 'onto'/'on' object(in_room,on_ground)
				! 'pull'/'tug' object(in_room,on_ground)
Action 89	Action89	! 'move' object(in_room,on_ground) object
				! 'pull'/'tug' object(in_room,on_ground) object
				! 'press'/'push' object(in_room,on_ground,many) 'to' object
				! 'press'/'push' object(in_room,on_ground,many) object
Action 90	Action90	! 'move' object 'to' attrib31
				! 'open' object 'to' attrib31
				! 'set' object attrib31
				! 'set' object 'for' attrib31
				! 'set' object 'at' attrib31
				! 'set' object 'to' attrib31
				! 'flip'/'shut'/'swing'/'switch'/'turn' object 'to' object
				! 'flip'/'shut'/'swing'/'switch'/'turn' object 'onto'/'on' object
Action 91	Action91	! 'nay'/'negati'/'no'/'nope'
Action 92	Action92	! 'open' attrib27(held,carried,in_room,on_ground) 'with'/'using'/'by' attrib24(held,carried,in_room,on_ground,have)
				! 'open' 'up'/'u//' attrib27(held,carried,in_room,on_ground)
				! 'open' attrib27(held,carried,in_room,on_ground)
Action 93	Action93	! 'pick' object 'with'/'using'/'by' object
				! 'pick' object
Action 94	Action94	! 'pick' 'up'/'u//' attrib23(on_ground,many)
				! 'insert'/'instal'/'load'/'mount'/'place'/'put'/'stuff' 'onto'/'on' object(in_room,on_ground)
				! 'carry'/'get'/'grab'/'hold'/'lead'/'remove'/'seize'/'steal'/'take' attrib23(carried,in_room,many) 'out' object
				! 'carry'/'get'/'grab'/'hold'/'lead'/'remove'/'seize'/'steal'/'take' attrib23(carried,in_room,many) 'from' object
				! 'carry'/'get'/'grab'/'hold'/'lead'/'remove'/'seize'/'steal'/'take' attrib23(in_room,on_ground,many)
Action 95	Action95	! 'play' 'with'/'using'/'by' object
				! 'play' object
Action 96	Action96	! 'press'/'push' 'onto'/'on' object(in_room,on_ground,many)
				! 'press'/'push' object(in_room,on_ground,many) 'onto'/'on' object
				! 'press'/'push' object(in_room,on_ground,many)
Action 97	Action97	! 'q//'/'quit'
Action 98	Action98	! 'lift'/'raise' 'up'/'u//' object
				! 'lift'/'raise' object
Action 99	Action99	! 'restar'
				! 'activa'/'engage'/'start' 'over' attrib31
Action 100	Action100	! 'restor'/'resume'
Action 101	Action101	! 'revive' object
Action 102	Action102	! 'peal'/'ring' object 'with'/'using'/'by' object
				! 'peal'/'ring' object
Action 103	Action103	! 'rise'
Action 104	Action104	! 'feel'/'pat'/'pet'/'rub'/'shade'/'touch' object 'with'/'using'/'by' object(take,have)
				! 'feel'/'pat'/'pet'/'rub'/'shade'/'touch' object
Action 105	Action105	! 'feel'/'pat'/'pet'/'rub'/'shade'/'touch' object(take,have) 'over' object
				! 'feel'/'pat'/'pet'/'rub'/'shade'/'touch' object(take,have) 'onto'/'on' object
Action 106	Action106	! 'pause'/'save'/'suspen'
Action 107	Action107	! 'explai'/'say'/'speak'/'state'/'talk'
Action 108	Action108	! 'explai'/'say'/'speak'/'state'/'talk' 'about' object
				! 'explai'/'say'/'speak'/'state'/'talk' object
				! 'tell' 'about' object
Action 109	Action109	! 'explai'/'say'/'speak'/'state'/'talk' 'into'/'inside'/'in' object
				! 'scream'/'shout'/'yell' 'into'/'inside'/'in' object
Action 110	Action110	! 'explai'/'say'/'speak'/'state'/'talk' 'with'/'using'/'by' attrib30(in_room)
				! 'explai'/'say'/'speak'/'state'/'talk' 'to' attrib30(in_room)
				! 'tell' attrib30(in_room)
				! 'scream'/'shout'/'yell' 'to' attrib30(in_room)
Action 111	Action111	! 'explai'/'say'/'speak'/'state'/'talk' 'to' attrib30(in_room) 'about' object
				! 'tell' attrib30(in_room) 'about' object
				! 'tell' attrib30(in_room) object
Action 112	Action112	! 'score'
Action 113	Action113	! 'screw' 'into'/'inside'/'in' object(held,many,have)
Action 114	Action114	! 'screw' object(held,many,have) 'into'/'inside'/'in' object
Action 115	Action115	! 'script'
Action 116	Action116	! 'dig'/'search' 'up'/'u//' object
				! 'dig'/'search' 'into'/'inside'/'in' object
				! 'dig'/'search' object
Action 117	Action117	! 'dig'/'search' object 'for' object(held,carried,have)
Action 118	Action118	! 'send' object
Action 119	Action119	! 'send' 'out' object
Action 120	Action120	! 'send' object object
Action 121	Action121	! 'send' object 'to' object
Action 122	Action122	! 'blast'/'fire'/'shoot' attrib30
				! 'blast'/'fire'/'shoot' object(in_room,on_ground) 'with'/'using'/'by' attrib29
Action 123	Action123	! 'blast'/'fire'/'shoot' attrib29 'at' object(in_room,on_ground)
Action 124	Action124	! 'show' attrib30 object
Action 125	Action125	! 'show' object 'to' attrib30
Action 126	Action126	! 'sit' 'into'/'inside'/'in' attrib21(in_room,on_ground)
				! 'sit' 'down'/'d//' attrib21(in_room,on_ground)
				! 'sit' 'onto'/'on' attrib21(in_room,on_ground)
Action 127	Action127	! 'bite'/'hit'/'hurt'/'injure'/'kick'/'punch'/'slap' attrib30 'with'/'using'/'by' object
				! 'bite'/'hit'/'hurt'/'injure'/'kick'/'punch'/'slap' attrib30
				! 'bite'/'hit'/'hurt'/'injure'/'kick'/'punch'/'slap' attrib30
				! 'strike' attrib30(in_room,on_ground)
Action 128	Action128	! 'smell'/'sniff' object
Action 129	Action129	! 'smoke' object
Action 130	Action130	! 'stop' attrib31
Action 131	Action131	! 'slow'
Action 132	Action132	! 'medium'
Action 133	Action133	! 'fast'
Action 134	Action134	! 'super'/'superb'
Action 135	Action135	! 'surfac' object
				! 'surfac'
Action 136	Action136	! 'bathe'/'swim'/'wade' 'into'/'inside'/'in' object
				! 'bathe'/'swim'/'wade'
Action 137	Action137	! 'carry'/'get'/'grab'/'hold'/'lead'/'remove'/'seize'/'steal'/'take' attrib23(take,many) 'to' object
Action 138	Action138	! 'carry'/'get'/'grab'/'hold'/'lead'/'remove'/'seize'/'steal'/'take' attrib23 'with'/'using'/'by' object
Action 139	Action139	! 'carry'/'get'/'grab'/'hold'/'lead'/'remove'/'seize'/'steal'/'take' 'out' attrib28(in_room,on_ground)
Action 140	Action140	! 'thank'/'thanks' object
				! 'thank'/'thanks'
Action 141	Action141	! 'chuck'/'hurl'/'throw'/'toss' object(held,carried,have) 'at' attrib30(in_room,on_ground)
Action 142	Action142	! 'chuck'/'hurl'/'throw'/'toss' object(held,carried,have) 'thru'/'throug' attrib30(in_room,on_ground)
Action 143	Action143	! 'attach'/'fasten'/'secure'/'tie' 'up'/'u//' attrib30(in_room,on_ground) 'to' attrib21(in_room,on_ground)
				! 'attach'/'fasten'/'secure'/'tie' attrib30(in_room,on_ground) 'to' attrib21(in_room,on_ground)
Action 144	Action144	! 'attach'/'fasten'/'secure'/'tie' 'up'/'u//' attrib30(in_room,on_ground) 'with'/'using'/'by' attrib24(held,carried,in_room,on_ground,have)
				! 'attach'/'fasten'/'secure'/'tie' attrib30(in_room,on_ground) 'with'/'using'/'by' attrib24(held,carried,in_room,on_ground,have)
Action 145	Action145	! 'flip'/'shut'/'swing'/'switch'/'turn' 'to' object(held,carried,in_room,on_ground)
				! 'flip'/'shut'/'swing'/'switch'/'turn' 'into'/'inside'/'in' object(held,carried,in_room,on_ground)
				! 'flip'/'shut'/'swing'/'switch'/'turn' object(held,carried,in_room,on_ground)
Action 146	Action146	! 'flip'/'shut'/'swing'/'switch'/'turn' 'down'/'d//' object
Action 147	Action147	! 'flip'/'shut'/'swing'/'switch'/'turn' 'up'/'u//' attrib31
Action 148	Action148	! 'unlock' object(in_room,on_ground) 'with'/'using'/'by' object
				! 'unlock' object(in_room,on_ground)
Action 149	Action149	! 'unscri'
Action 150	Action150	! 'free'/'unatta'/'uncuff'/'unfast'/'unhook'/'untie' object(held,carried,in_room,on_ground) 'from' object
				! 'free'/'unatta'/'uncuff'/'unfast'/'unhook'/'untie' object(held,carried,in_room,on_ground)
				! 'editio'/'releas'/'revisi'/'versio' attrib30
Action 151	Action151	! 'use' object
Action 152	Action152	! 'use' object 'agains' object
Action 153	Action153	! 'verbos'
Action 154	Action154	! 'editio'/'releas'/'revisi'/'versio'
Action 155	Action155	! 'medita'/'relax'/'rest'/'stay'/'wait'/'z//' 'for' attrib31
				! 'medita'/'relax'/'rest'/'stay'/'wait'/'z//' attrib31
Action 156	Action156	! 'medita'/'relax'/'rest'/'stay'/'wait'/'z//' 'until' object
				! 'medita'/'relax'/'rest'/'stay'/'wait'/'z//' 'till' object
Action 157	Action157	! 'awake'/'startl'/'surpri'/'wake' 'up'/'u//' attrib30(in_room,on_ground)
				! 'awake'/'startl'/'surpri'/'wake' attrib30(in_room,on_ground)
Action 158	Action158	! 'drive'/'go'/'head'/'procee'/'run'/'steer'/'walk' object
				! 'crawl' object
Action 159	Action159	! 'drive'/'go'/'head'/'procee'/'run'/'steer'/'walk' 'around' object
				! 'crawl' 'around' object
Action 160	Action160	! 'drive'/'go'/'head'/'procee'/'run'/'steer'/'walk' object 'over' object
Action 161	Action161	! 'drive'/'go'/'head'/'procee'/'run'/'steer'/'walk' 'to' object
				! 'crawl' 'to' object
Action 162	Action162	! 'drive'/'go'/'head'/'procee'/'run'/'steer'/'walk' 'undern'/'under'/'beneat' object
				! 'crawl' 'undern'/'under'/'beneat' object
Action 163	Action163	! 'identi'/'name' object(held,carried,have)
Action 164	Action164	! 'scream'/'shout'/'yell'
Action 165	Action165	! 'scream'/'shout'/'yell' 'for' object
Action 166	Action166	! '10-'/'affirm'/'aye'/'ok'/'okay'/'okeh'/'okey'/'roger'/'sure'/'wilco'/'y//'/'yeah'/'yes'/'yup'

Word	$ba	$ba
Word	$ca	$ca
Word	$db	$db
Word	$do	$do
Word	$fn	$fn
Word	$go	$go
Word	$ln	$ln
Word	$oc	$oc
Word	$sn	$sn
Word	$ve	$ve
Word	$wh	$wh
Word	10-	10-
Word	49-	49-
Word	49er	49er
Word	abando	abando
Word	access	access
Word	activa	activa
Word	adjust	adjust
Word	admini	admini
Word	affirm	affirm
Word	agains	agains
Word	airloc	airloc
Word	amy's	amy's
Word	analys	analys
Word	analyz	analyz
Word	answer	answer
Word	antrim	antrim
Word	aquado	aquado
Word	aquati	aquati
Word	aren'	aren'
Word	around	around
Word	arrest	arrest
Word	articl	articl
Word	assaul	assaul
Word	assist	assist
Word	assort	assort
Word	atlant	atlant
Word	attach	attach
Word	attack	attack
Word	automa	automa
Word	autopi	autopi
Word	badges	badges
Word	bazook	bazook
Word	behind	behind
Word	beneat	beneat
Word	bill'	bill'
Word	billio	billio
Word	biocep	biocep
Word	bluepr	bluepr
Word	bly's	bly's
Word	breake	breake
Word	breeze	breeze
Word	briefl	briefl
Word	buildi	buildi
Word	bumper	bumper
Word	busine	busine
Word	button	button
Word	buzzer	buzzer
Word	cabine	cabine
Word	can't	can't
Word	canist	canist
Word	capsul	capsul
Word	captur	captur
Word	carefu	carefu
Word	cataly	cataly
Word	center	center
Word	chairs	chairs
Word	charge	charge
Word	chemic	chemic
Word	circui	circui
Word	closel	closel
Word	closet	closet
Word	coaxia	coaxia
Word	comman	comman
Word	commun	commun
Word	compan	compan
Word	compar	compar
Word	comput	comput
Word	confro	confro
Word	consul	consul
Word	consum	consum
Word	conten	conten
Word	contro	contro
Word	corrid	corrid
Word	counte	counte
Word	creatu	creatu
Word	crouch	crouch
Word	cruise	cruise
Word	curren	curren
Word	cylind	cylind
Word	damage	damage
Word	danger	danger
Word	debark	debark
Word	defini	defini
Word	deposi	deposi
Word	depthf	depthf
Word	descri	descri
Word	destro	destro
Word	detect	detect
Word	device	device
Word	diagno	diagno
Word	diagra	diagra
Word	didn'	didn'
Word	direct	direct
Word	discus	discus
Word	disemb	disemb
Word	distre	distre
Word	divers	divers
Word	diving	diving
Word	doc's	doc's
Word	dockin	dockin
Word	doctor	doctor
Word	don't	don't
Word	donate	donate
Word	doorwa	doorwa
Word	dormit	dormit
Word	drawer	drawer
Word	editio	editio
Word	eighte	eighte
Word	eighty	eighty
Word	electr	electr
Word	eleven	eleven
Word	emerge	emerge
Word	engage	engage
Word	engine	engine
Word	entire	entire
Word	entran	entran
Word	equipm	equipm
Word	evacua	evacua
Word	eviden	eviden
Word	examin	examin
Word	exerci	exerci
Word	expert	expert
Word	explai	explai
Word	explos	explos
Word	extend	extend
Word	extens	extens
Word	exting	exting
Word	famous	famous
Word	fasten	fasten
Word	female	female
Word	fiftee	fiftee
Word	finder	finder
Word	follow	follow
Word	fourte	fourte
Word	freigh	freigh
Word	frobto	frobto
Word	galley	galley
Word	gangpl	gangpl
Word	gauges	gauges
Word	genera	genera
Word	good-	good-
Word	goodby	goodby
Word	greenu	greenu
Word	greeti	greeti
Word	ground	ground
Word	hallwa	hallwa
Word	handle	handle
Word	happen	happen
Word	hersel	hersel
Word	himsel	himsel
Word	horvak	horvak
Word	housin	housin
Word	how's	how's
Word	hundre	hundre
Word	hydroj	hydroj
Word	hydrop	hydrop
Word	hypode	hypode
Word	identi	identi
Word	imbibe	imbibe
Word	injure	injure
Word	inquir	inquir
Word	insert	insert
Word	inside	inside
Word	inspec	inspec
Word	instal	instal
Word	instru	instru
Word	interc	interc
Word	interr	interr
Word	invent	invent
Word	isn't	isn't
Word	jerome	jerome
Word	joggin	joggin
Word	joysti	joysti
Word	kemp'	kemp'
Word	labora	labora
Word	ladder	ladder
Word	launch	launch
Word	let's	let's
Word	lights	lights
Word	listen	listen
Word	locate	locate
Word	locker	locker
Word	logboo	logboo
Word	lowell	lowell
Word	machin	machin
Word	magazi	magazi
Word	manual	manual
Word	marine	marine
Word	marv'	marv'
Word	materi	materi
Word	matter	matter
Word	maximu	maximu
Word	mechan	mechan
Word	medita	medita
Word	medium	medium
Word	metall	metall
Word	meters	meters
Word	mick'	mick'
Word	microp	microp
Word	microw	microw
Word	millio	millio
Word	minimu	minimu
Word	minute	minute
Word	missin	missin
Word	moistu	moistu
Word	molest	molest
Word	monito	monito
Word	monste	monste
Word	motive	motive
Word	myself	myself
Word	needle	needle
Word	negati	negati
Word	newspa	newspa
Word	ninete	ninete
Word	ninety	ninety
Word	nodule	nodule
Word	northe	northe
Word	northw	northw
Word	nothin	nothin
Word	number	number
Word	object	object
Word	office	office
Word	operat	operat
Word	orange	orange
Word	overhe	overhe
Word	oxygen	oxygen
Word	papers	papers
Word	person	person
Word	peruse	peruse
Word	photog	photog
Word	pictur	pictur
Word	plasti	plasti
Word	please	please
Word	prepar	prepar
Word	presen	presen
Word	privat	privat
Word	proble	proble
Word	procee	procee
Word	propul	propul
Word	prospe	prospe
Word	pursue	pursue
Word	questi	questi
Word	quickl	quickl
Word	quietl	quietl
Word	randal	randal
Word	reacto	reacto
Word	reason	reason
Word	receiv	receiv
Word	recept	recept
Word	reddis	reddis
Word	regula	regula
Word	releas	releas
Word	remote	remote
Word	remove	remove
Word	repair	repair
Word	repela	repela
Word	replac	replac
Word	report	report
Word	resear	resear
Word	respon	respon
Word	restar	restar
Word	restor	restor
Word	resume	resume
Word	revisi	revisi
Word	revive	revive
Word	revolu	revolu
Word	rubber	rubber
Word	runnin	runnin
Word	runway	runway
Word	sabota	sabota
Word	safety	safety
Word	sailor	sailor
Word	satell	satell
Word	scanne	scanne
Word	scimit	scimit
Word	scream	scream
Word	screen	screen
Word	script	script
Word	scruti	scruti
Word	seacat	seacat
Word	search	search
Word	seasta	seasta
Word	seawat	seawat
Word	sectio	sectio
Word	secure	secure
Word	securi	securi
Word	seriou	seriou
Word	sevent	sevent
Word	shaped	shaped
Word	sharon	sharon
Word	shelve	shelve
Word	siegel	siegel
Word	signal	signal
Word	sixtee	sixtee
Word	slidin	slidin
Word	slowly	slowly
Word	snapsh	snapsh
Word	someth	someth
Word	sonarp	sonarp
Word	sonars	sonars
Word	southe	southe
Word	southw	southw
Word	speake	speake
Word	specia	specia
Word	spread	spread
Word	square	square
Word	standi	standi
Word	starbo	starbo
Word	starte	starte
Word	startl	startl
Word	statio	statio
Word	stenci	stenci
Word	storag	storag
Word	strang	strang
Word	strike	strike
Word	sub's	sub's
Word	submar	submar
Word	submer	submer
Word	summon	summon
Word	superb	superb
Word	suppli	suppli
Word	supply	supply
Word	surfac	surfac
Word	surpri	surpri
Word	surviv	surviv
Word	suspen	suspen
Word	swallo	swallo
Word	switch	switch
Word	syring	syring
Word	system	system
Word	techni	techni
Word	temper	temper
Word	tempor	tempor
Word	tester	tester
Word	testor	testor
Word	thanks	thanks
Word	that'	that'
Word	thirte	thirte
Word	thirty	thirty
Word	thorpe	thorpe
Word	thousa	thousa
Word	threat	threat
Word	thrott	thrott
Word	throug	throug
Word	tip's	tip's
Word	tracto	tracto
Word	traito	traito
Word	tranqu	tranqu
Word	transm	transm
Word	transp	transp
Word	troubl	troubl
Word	turbin	turbin
Word	twelve	twelve
Word	twenty	twenty
Word	ultram	ultram
Word	unatta	unatta
Word	uncuff	uncuff
Word	undern	undern
Word	unders	unders
Word	underw	underw
Word	unfast	unfast
Word	unhook	unhook
Word	univer	univer
Word	unlimi	unlimi
Word	unlock	unlock
Word	unscri	unscri
Word	urgent	urgent
Word	valuab	valuab
Word	valves	valves
Word	verbos	verbos
Word	versio	versio
Word	videop	videop
Word	viewpo	viewpo
Word	voltag	voltag
Word	walkwa	walkwa
Word	walt'	walt'
Word	warnin	warnin
Word	wasn'	wasn'
Word	we're	we're
Word	weapon	weapon
Word	what'	what'
Word	when'	when'
Word	who's	who's
Word	window	window
Word	won't	won't
Word	workbe	workbe
Word	worksh	worksh
Word	wrench	wrench
Word	yellow	yellow
Word	yourse	yourse
Word	zoe's	zoe's
Word	zzzzlg	zzzzlg

! References: obj249_SCIMITAR.out_to
Routine 0x641c	routine25628:?
Routine 0x64b4	routine25780:?
Routine 0x64da	routine25818:?
Routine 0x64f2	routine25842:?
Routine 0x69fa	routine27130:?
Routine 0x6a16	routine27158:?
Routine 0x6b0c	routine27404:?
Routine 0x6b42	routine27458:?
Routine 0x6b56	routine27478:?
Routine 0x6c8e	routine27790:?
Routine 0x6da8	routine28072:?
Routine 0x6e9e	routine28318:?
Routine 0x709c	routine28828:?
Routine 0x70ae	routine28846:?
Routine 0x7154	routine29012:?
Routine 0x7344	routine29508:?
Routine 0x73e6	routine29670:?
Routine 0x7426	routine29734:?
Routine 0x7458	routine29784:?
Routine 0x74ac	routine29868:?
Routine 0x7790	routine30608:?
Routine 0x7e8e	routine32398:?
Routine 0x7ef4	routine32500:?
Routine 0x7f54	routine32596:?
Routine 0x8012	routine32786:?
Routine 0x8076	routine32886:?
Routine 0x8088	routine32904:?
Routine 0x8094	routine32916:?
Routine 0x80c0	routine32960:?
Routine 0x8220	routine33312:?
Routine 0x8254	routine33364:?
Routine 0x8360	routine33632:?
Routine 0x89ee	routine35310:?
Routine 0x8a42	routine35394:?
! References: obj6_job.prop14
Routine 0x8ad6	routine35542:?
Routine 0x8b0c	routine35596:?
Routine 0x8bc6	routine35782:?
Routine 0x8c5a	routine35930:?
Routine 0x8c6a	routine35946:?
Routine 0x8c8a	routine35978:?
Routine 0x8cac	routine36012:?
Routine 0x8e66	routine36454:?
Routine 0x9162	routine37218:?
Routine 0x9186	routine37254:?
Routine 0x926a	routine37482:?
Routine 0x92b0	routine37552:?
Routine 0x935a	routine37722:?
! References: obj222_reactor.prop9
Routine 0x9392	routine37778:?
Routine 0x94a0	routine38048:?
! References: obj219_hydrojet.prop11, obj220_hydrojet.prop11
Routine 0x94c0	routine38080:?
Routine 0x94c6	routine38086:?
Routine 0x95bc	routine38332:?
Routine 0x95dc	routine38364:?
Routine 0x9678	routine38520:?
Routine 0x98c2	routine39106:?
Routine 0x98f0	routine39152:?
Routine 0x98fe	routine39166:?
Routine 0x9916	routine39190:?
Routine 0x9b04	routine39684:?
Routine 0x9bf0	routine39920:?
Routine 0x9c04	routine39940:?
Routine 0x9c26	routine39974:?
Routine 0x9c78	routine40056:?
Routine 0x9d34	routine40244:?
! References: obj205_brass_search_light.prop11, obj225_sonarscope_warning_light.prop11, obj229_depth_finder_warning_light.prop11
Routine 0x9e56	routine40534:?
Routine 0x9e76	routine40566:?
Routine 0x9e8e	routine40590:?
Routine 0x9f1a	routine40730:?
Routine 0x9f48	routine40776:?
Routine 0x9f72	routine40818:?
Routine 0x9fa0	routine40864:?
Routine 0x9fc2	routine40898:?
Routine 0x9fe2	routine40930:?
Routine 0xa002	routine40962:?
Routine 0xa020	routine40992:?
Routine 0xa03e	routine41022:?
Routine 0xa04c	routine41036:?
Routine 0xa09c	routine41116:?
Routine 0xa0d6	routine41174:?
Routine 0xa21a	routine41498:?
Routine 0xa222	routine41506:?
Routine 0xa24c	routine41548:?
Routine 0xa262	routine41570:?
Routine 0xa730	routine42800:?
Routine 0xa91a	routine43290:?
Routine 0xa932	routine43314:?
Routine 0xa9e8	routine43496:?
Routine 0xaa5c	routine43612:?
! References: obj166_Aquadome.prop14
Routine 0xaa64	routine43620:?
Routine 0xaede	routine44766:?
Routine 0xb50a	routine46346:?
Routine 0xb682	routine46722:?
Routine 0xb7b8	routine47032:?
Routine 0xb7ce	routine47054:?
Routine 0xb7e6	routine47078:?
Routine 0xb800	routine47104:?
Routine 0xb952	routine47442:?
Routine 0xb972	routine47474:?
Routine 0xbb34	routine47924:?
Routine 0xbbe0	routine48096:?
Routine 0xbc04	routine48132:?
Routine 0xbc2c	routine48172:?
Routine 0xbe36	routine48694:?
Routine 0xbe5e	routine48734:?
Routine 0xbfae	routine49070:?
! References: obj153_badge.prop11, obj154_badge.prop11, obj155_badge.prop11
Routine 0xc022	routine49186:?
Routine 0xc028	routine49192:?
Routine 0xc0c4	routine49348:?
Routine 0xc0ec	routine49388:?
Routine 0xc6be	routine50878:?
Routine 0xc814	routine51220:?
Routine 0xc84c	routine51276:?
Routine 0xc92a	routine51498:?
Routine 0xca52	routine51794:?
Routine 0xcc8a	routine52362:?
Routine 0xcca2	routine52386:?
Routine 0xcf0e	routine53006:?
Routine 0xcf36	routine53046:?
Routine 0xcf84	routine53124:?
Routine 0xd02a	routine53290:?
Routine 0xd05e	routine53342:?
Routine 0xd116	routine53526:?
Routine 0xd12c	routine53548:?
Routine 0xd24a	routine53834:?
Routine 0xd312	routine54034:?
Routine 0xd382	routine54146:?
Routine 0xd3a0	routine54176:?
Routine 0xd4be	routine54462:?
Routine 0xd4f4	routine54516:?
Routine 0xd508	routine54536:?
Routine 0xd5a2	routine54690:?
Routine 0xd76c	routine55148:?
Routine 0xd79a	routine55194:?
Routine 0xd8a6	routine55462:?
Routine 0xd900	routine55552:?
Routine 0xd914	routine55572:?
Routine 0xd9fe	routine55806:?
Routine 0xda18	routine55832:?
Routine 0xda42	routine55874:?
! References: obj65_pseudo.prop4, obj200.prop11
Routine 0xda68	routine55912:?
Routine 0xda6e	routine55918:?
Routine 0xda8c	routine55948:?
Routine 0xdabc	routine55996:?
Routine 0xdade	routine56030:?
Routine 0xdb00	routine56064:?
Routine 0xdb26	routine56102:?
Routine 0xdb38	routine56120:?
Routine 0xdb44	routine56132:?
Routine 0xdb74	routine56180:?
Routine 0xdb78	routine56184:?
Routine 0xdb8e	routine56206:?
Routine 0xdede	routine57054:?
Routine 0xdeec	routine57068:?
Routine 0xdf4e	routine57166:?
Routine 0xdf96	routine57238:?
! References: obj88_Kemp_s_desk.prop11, obj97_desk.prop11, obj121_Bly_s_desk.prop11
Routine 0xdfdc	routine57308:?
Routine 0xdffc	routine57340:?
Routine 0xe010	routine57360:?
Routine 0xe0b8	routine57528:?
! References: obj92_storage_closet.prop11, obj192_storage_room.prop11
Routine 0xe128	routine57640:?
! References: obj122_Aquadome_office.prop11, obj182_Kemp_s_office.prop11
Routine 0xe13a	routine57658:?
Routine 0xe14c	routine57676:?
Routine 0xe1fc	routine57852:?
Routine 0xe214	routine57876:?
Routine 0xe2fa	routine58106:?
Routine 0xe30a	routine58122:?
Routine 0xe31a	routine58138:?
Routine 0xe32a	routine58154:?
Routine 0xe3de	routine58334:?
Routine 0xe3f2	routine58354:?
! References: obj74_microphone.prop11, obj127_microphone.prop11
Routine 0xe446	routine58438:?
Routine 0xe454	routine58452:?
Routine 0xe556	routine58710:?
Routine 0xe5d8	routine58840:?
! References: obj67_control_gear.prop11, obj68_control_gear.prop11
Routine 0xe5e8	routine58856:?
! References: obj66_south_walkway.prop11, obj70_west_walkway.prop11, obj72_north_walkway.prop11
Routine 0xe5ee	routine58862:?
Routine 0xe5f4	routine58868:?
Routine 0xe792	routine59282:?
Routine 0xe80c	routine59404:?
Routine 0xe902	routine59650:?
Routine 0xe9d2	routine59858:?
Routine 0xea12	routine59922:?
Routine 0xea70	routine60016:?
Routine 0xeb54	routine60244:?
Routine 0xeb82	routine60290:?
Routine 0xebd6	routine60374:?
Routine 0xebf4	routine60404:?
Routine 0xed08	routine60680:?
Routine 0xed76	routine60790:?
Routine 0xed92	routine60818:?
Routine 0xee7a	routine61050:?
Routine 0xeec0	routine61120:?
! References: obj185_Tip.prop9
Routine 0xeed8	routine61144:?
Routine 0xf3e4	routine62436:?
! References: obj183_Sharon_Kemp.prop9
Routine 0xf51c	routine62748:?
Routine 0xf7bc	routine63420:?
Routine 0xf818	routine63512:?
! References: obj181_Commander_Bly.prop9
Routine 0xf846	routine63558:?
! References: obj180_Commander_Bly.prop9
Routine 0xff6a	routine65386:?
Routine 0x10e26	routine69158:?
Routine 0x10e9c	routine69276:?
Routine 0x10eae	routine69294:?
! References: obj177_Mick_Antrim.prop9
Routine 0x10ed8	routine69336:?
! References: obj175_Doc_Horvak.prop9
Routine 0x11138	routine69944:?
Routine 0x115f0	routine71152:?
! References: obj173_Marv_Siegel.prop9
Routine 0x11630	routine71216:?
! References: obj171_Bill_Greenup.prop9
Routine 0x1175c	routine71516:?
! References: obj169_Amy_Lowell.prop9
Routine 0x1185a	routine71770:?
Routine 0x11a4c	routine72268:?
Routine 0x11b40	routine72512:?
Routine 0x11b4c	routine72524:?
Routine 0x11dfc	routine73212:?
Routine 0x12240	routine74304:?
Routine 0x12328	routine74536:?
Routine 0x1238c	routine74636:?
Routine 0x123d6	routine74710:?
Routine 0x12482	routine74882:?
Routine 0x1248e	routine74894:?
Routine 0x124bc	routine74940:?
Routine 0x124da	routine74970:?
Routine 0x125b0	routine75184:?
Routine 0x125be	routine75198:?
Routine 0x12604	routine75268:?
Routine 0x12616	routine75286:?
Routine 0x126c6	routine75462:?
Routine 0x1282e	routine75822:?
Routine 0x1286e	routine75886:?
Routine 0x12894	routine75924:?
Routine 0x128aa	routine75946:?
Routine 0x128d2	routine75986:?
Routine 0x128fa	routine76026:?
Routine 0x129ea	routine76266:?
Routine 0x12b64	routine76644:?
Routine 0x12bfe	routine76798:?
Routine 0x12cce	routine77006:?
Routine 0x12d18	routine77080:?
Routine 0x12d40	routine77120:?
Routine 0x12d4e	routine77134:?
Routine 0x12d82	routine77186:?
Routine 0x12dbe	routine77246:?
Routine 0x12dfa	routine77306:?
Routine 0x12e1c	routine77340:?
Routine 0x12e38	routine77368:?
Routine 0x12e52	routine77394:?
Routine 0x130c4	routine78020:?
Routine 0x130ce	routine78030:?
Routine 0x13152	routine78162:?
Routine 0x132f0	routine78576:?
Routine 0x13314	routine78612:?
Routine 0x13326	routine78630:?
Routine 0x1338e	routine78734:?
Routine 0x1351a	routine79130:?
Routine 0x13568	routine79208:?
Routine 0x13596	routine79254:?
Routine 0x135a0	routine79264:?
Routine 0x139ee	routine80366:?
Routine 0x13a04	routine80388:?
Routine 0x13a60	routine80480:?
Routine 0x13ac4	routine80580:?
Routine 0x13af4	routine80628:?
Routine 0x13b18	routine80664:?
Routine 0x13b2c	routine80684:?
Routine 0x13ce4	routine81124:?
! References: obj21_test_tank.prop11, obj22_docking_tank.prop11
Routine 0x13d30	routine81200:?
Routine 0x13d46	routine81222:?
Routine 0x13ee2	routine81634:?
Routine 0x13f34	routine81716:?
Routine 0x14090	routine82064:?
Routine 0x140da	routine82138:?
Routine 0x14100	routine82176:?
Routine 0x14124	routine82212:?
Routine 0x142e6	routine82662:?
! References: obj19_docking_tank_gate.prop11, obj20_steel_tank_gate.prop11
Routine 0x142fe	routine82686:?
Routine 0x14314	routine82708:?
Routine 0x14324	routine82724:?
Routine 0x14422	routine82978:?
Routine 0x14456	routine83030:?
! References: obj7_your_private_laboratory.prop11, obj8_Doc_s_laboratory.prop11, obj194_Aquadome_laboratory.prop11
Routine 0x1448a	routine83082:?
Routine 0x144a4	routine83108:?
Routine 0x144e8	routine83176:?
Routine 0x144fe	routine83198:?
Routine 0x14518	routine83224:?
Routine 0x14526	routine83238:?
Routine 0x14534	routine83252:?
Routine 0x1454a	routine83274:?
Routine 0x1455e	routine83294:?
Routine 0x1459e	routine83358:?
Routine 0x14608	routine83464:?
Routine 0x1460e	routine83470:?
Routine 0x1465e	routine83550:?
Routine 0x149ec	routine84460:?
Routine 0x14a12	routine84498:?
Routine 0x14c02	routine84994:?
Routine 0x14c98	routine85144:?
Routine 0x14d90	routine85392:?
Routine 0x14db0	routine85424:?
Routine 0x14dc6	routine85446:?
Routine 0x14e04	routine85508:?
Routine 0x14e56	routine85590:?
Routine 0x15052	routine86098:?
Routine 0x15088	routine86152:?
Routine 0x150e4	routine86244:?
Routine 0x150fe	routine86270:?
Routine 0x151d2	routine86482:?
Routine 0x151fe	routine86526:?
Routine 0x15266	routine86630:?
Routine 0x152ca	routine86730:?
Routine 0x152ec	routine86764:?
Routine 0x15312	routine86802:?
Routine 0x1531e	routine86814:?
Routine 0x15376	routine86902:?
Routine 0x153d8	routine87000:?
Routine 0x15426	routine87078:?
Routine 0x15534	routine87348:?
Routine 0x1573c	routine87868:?
Routine 0x1577e	routine87934:?
Routine 0x157dc	routine88028:?
Routine 0x1584e	routine88142:?
Routine 0x1592e	routine88366:?
Routine 0x15962	routine88418:?
Routine 0x159c6	routine88518:?
Routine 0x15a14	routine88596:?
Routine 0x15a32	routine88626:?
Routine 0x15a4e	routine88654:?
Routine 0x15b04	routine88836:?
Routine 0x15b8e	routine88974:?
Routine 0x15bb6	routine89014:?
Routine 0x15bce	routine89038:?
Routine 0x15c20	routine89120:?
Routine 0x15c2a	routine89130:?
Routine 0x15c38	routine89144:?
Routine 0x15c42	routine89154:?
Routine 0x15c50	routine89168:?
Routine 0x15c72	Action115Sub:?
Routine 0x15c8e	Action149Sub:?
Routine 0x15cac	Action0Sub:?
Routine 0x15d1c	Action2Sub:?
Routine 0x15dae	Action3Sub:?
Routine 0x15dee	Action1Sub:?
Routine 0x15e22	Action4Sub:?
Routine 0x15e8e	Action5Sub:?
Routine 0x15e9c	Action6Sub:?
Routine 0x15ec4	Action7Sub:?
Routine 0x15ef2	routine89842:?
Routine 0x15f10	Action25Sub:?
Routine 0x15f22	Action134Sub:?
Routine 0x15f32	Action153Sub:?
Routine 0x15f44	Action67Sub:?
Routine 0x15f94	Action97Sub:?
Routine 0x15ffa	Action99Sub:?
Routine 0x16026	Action106Sub:?
Routine 0x16042	Action100Sub:?
Routine 0x16068	routine90216:?
Routine 0x1607a	Action154Sub:?
Routine 0x1617e	routine90494:?
Routine 0x161c0	routine90560:?
Routine 0x1622c	routine90668:?
Routine 0x16354	routine90964:?
Routine 0x16374	routine90996:?
Routine 0x16430	routine91184:?
Routine 0x16482	routine91266:?
Routine 0x164e6	routine91366:?
Routine 0x164fc	routine91388:?
Routine 0x1653e	routine91454:?
Routine 0x16582	routine91522:?
Routine 0x165aa	routine91562:?
Routine 0x1665c	routine91740:?
Routine 0x16670	routine91760:?
Routine 0x1668c	routine91788:?
Routine 0x16708	routine91912:?
Routine 0x167ba	routine92090:?
Routine 0x167ce	routine92110:?
Routine 0x167e4	routine92132:?
Routine 0x1693c	routine92476:?
Routine 0x1697c	routine92540:?
Routine 0x16a04	routine92676:?
Routine 0x16a18	routine92696:?
Routine 0x16a32	routine92722:?
Routine 0x16a44	routine92740:?
Routine 0x16a78	routine92792:?
Routine 0x16abe	routine92862:?
Routine 0x16ae0	routine92896:?
Routine 0x16b20	routine92960:?
Routine 0x16b44	Action8Sub:?
Routine 0x16b4c	PreAction10Sub:?
Routine 0x16b56	Action10Sub:?
Routine 0x16b5e	PreAction9Sub:?
Routine 0x16bd4	Action9Sub:?
Routine 0x16bdc	PreAction13Sub:?
Routine 0x16be6	Action13Sub:?
Routine 0x16bee	Action11Sub:?
Routine 0x16c0e	Action14Sub:?
Routine 0x16c32	Action15Sub:?
Routine 0x16c7e	Action17Sub:?
Routine 0x16c90	PreAction18Sub:?
Routine 0x16d0e	Action18Sub:?
Routine 0x16e48	PreAction19Sub:?
Routine 0x16e50	Action19Sub:?
Routine 0x16e58	PreAction22Sub:?
Routine 0x16ee4	Action22Sub:?
Routine 0x16f56	PreAction20Sub:?
Routine 0x16f90	Action20Sub:?
Routine 0x16f98	PreAction23Sub:?
Routine 0x16fa0	Action23Sub:?
Routine 0x16fd6	PreAction21Sub:?
Routine 0x16ffe	Action21Sub:?
Routine 0x17006	Action24Sub:?
Routine 0x17010	PreAction26Sub:?
Routine 0x1702e	Action26Sub:?
Routine 0x17036	PreAction27Sub:?
Routine 0x17040	Action27Sub:?
Routine 0x17048	Action28Sub:?
Routine 0x1707a	routine94330:?
Routine 0x17098	Action29Sub:?
Routine 0x17102	PreAction30Sub:?
Routine 0x17240	Action30Sub:?
Routine 0x172c6	Action31Sub:?
Routine 0x172ce	Action33Sub:?
Routine 0x1730e	Action35Sub:?
Routine 0x1736e	Action32Sub:?
Routine 0x17384	Action36Sub:?
Routine 0x173fa	Action37Sub:?
Routine 0x1748c	PreAction39Sub:?
Routine 0x17496	Action39Sub:?
Routine 0x1749e	PreAction40Sub:?
Routine 0x174ee	Action40Sub:?
Routine 0x17516	Action41Sub:?
Routine 0x1754c	Action42Sub:?
Routine 0x17586	Action43Sub:?
Routine 0x1758e	Action44Sub:?
Routine 0x17638	Action45Sub:?
Routine 0x1766e	PreAction46Sub:?
Routine 0x1767e	Action46Sub:?
Routine 0x17686	Action47Sub:?
Routine 0x176f8	Action48Sub:?
Routine 0x17716	Action49Sub:?
Routine 0x1771e	Action50Sub:?
Routine 0x17750	routine96080:?
Routine 0x17768	Action51Sub:?
Routine 0x17770	Action52Sub:?
Routine 0x1779c	Action53Sub:?
Routine 0x177a6	PreAction34Sub:?
Routine 0x177b4	Action34Sub:?
Routine 0x17886	PreAction54Sub:?
Routine 0x178c0	Action54Sub:?
Routine 0x17952	routine96594:?
Routine 0x17970	Action56Sub:?
Routine 0x1799c	PreAction57Sub:?
Routine 0x17a90	Action57Sub:?
Routine 0x17b70	Action58Sub:?
Routine 0x17b78	Action59Sub:?
Routine 0x17b80	Action38Sub:?
Routine 0x17c0e	routine97294:?
Routine 0x17c24	PreAction60Sub:?
Routine 0x17c60	Action60Sub:?
Routine 0x17ca6	PreAction61Sub:?
Routine 0x17cb0	Action61Sub:?
Routine 0x17cb8	PreAction62Sub:?
Routine 0x17cc0	Action62Sub:?
Routine 0x17cfe	PreAction63Sub:?
Routine 0x17d6a	Action63Sub:?
Routine 0x17d82	PreAction64Sub:?
Routine 0x17dc4	Action64Sub:?
Routine 0x17e48	Action65Sub:?
Routine 0x17f00	routine98048:?
Routine 0x17f36	Action68Sub:?
Routine 0x17f40	routine98112:?
Routine 0x17f96	Action69Sub:?
Routine 0x17ff8	Action70Sub:?
Routine 0x18046	Action71Sub:?
Routine 0x1804e	Action73Sub:?
Routine 0x18058	Action72Sub:?
Routine 0x18086	Action75Sub:?
Routine 0x18090	Action74Sub:?
Routine 0x18098	Action77Sub:?
Routine 0x180ce	Action78Sub:?
Routine 0x1812c	Action79Sub:?
Routine 0x1813e	Action81Sub:?
Routine 0x18150	Action82Sub:?
Routine 0x1818a	PreAction83Sub:?
Routine 0x18192	Action83Sub:?
Routine 0x1828a	routine98954:?
Routine 0x182d6	routine99030:?
Routine 0x18370	Action84Sub:?
Routine 0x18392	Action85Sub:?
Routine 0x1839a	Action86Sub:?
Routine 0x18402	Action12Sub:?
Routine 0x18472	Action87Sub:?
Routine 0x1849a	PreAction88Sub:?
Routine 0x184ba	Action88Sub:?
Routine 0x184de	PreAction89Sub:?
Routine 0x18508	Action89Sub:?
Routine 0x1852a	Action92Sub:?
Routine 0x185e0	Action93Sub:?
Routine 0x185e8	Action95Sub:?
Routine 0x1861c	Action96Sub:?
Routine 0x18626	PreAction16Sub:?
Routine 0x18652	Action16Sub:?
Routine 0x18712	Action66Sub:?
Routine 0x18720	Action98Sub:?
Routine 0x18728	PreAction80Sub:?
Routine 0x187b2	Action80Sub:?
Routine 0x187c6	Action101Sub:?
Routine 0x187dc	Action102Sub:?
Routine 0x187ee	Action103Sub:?
Routine 0x187f8	Action104Sub:?
Routine 0x18802	PreAction105Sub:?
Routine 0x1880c	Action105Sub:?
Routine 0x18822	Action107Sub:?
Routine 0x18896	PreAction109Sub:?
Routine 0x188ae	Action109Sub:?
Routine 0x188b8	Action114Sub:?
Routine 0x188c0	Action113Sub:?
Routine 0x188ca	PreAction116Sub:?
Routine 0x188d2	Action116Sub:?
Routine 0x18920	PreAction117Sub:?
Routine 0x1894e	Action117Sub:?
Routine 0x18a18	Action118Sub:?
Routine 0x18a20	PreAction120Sub:?
Routine 0x18a2a	Action120Sub:?
Routine 0x18a32	routine100914:?
Routine 0x18a3a	Action119Sub:?
Routine 0x18a42	PreAction121Sub:?
Routine 0x18a7e	Action121Sub:?
Routine 0x18a86	PreAction90Sub:?
Routine 0x18ae8	Action90Sub:?
Routine 0x18af0	PreAction122Sub:?
Routine 0x18b0e	Action122Sub:?
Routine 0x18b32	PreAction123Sub:?
Routine 0x18b3c	Action123Sub:?
Routine 0x18b44	Action124Sub:?
Routine 0x18b90	PreAction125Sub:?
Routine 0x18b9e	Action125Sub:?
Routine 0x18ba0	Action126Sub:?
Routine 0x18bce	Action127Sub:?
Routine 0x18c96	Action128Sub:?
Routine 0x18cb2	Action129Sub:?
Routine 0x18cba	Action130Sub:?
Routine 0x18cd2	Action131Sub:?
Routine 0x18cda	Action132Sub:?
Routine 0x18ce2	Action133Sub:?
Routine 0x18cea	routine101610:?
Routine 0x18d06	Action135Sub:?
Routine 0x18d20	Action136Sub:?
Routine 0x18d4e	PreAction94Sub:?
Routine 0x18de2	Action94Sub:?
Routine 0x18e16	Action137Sub:?
Routine 0x18e20	Action138Sub:?
Routine 0x18e3c	Action139Sub:?
Routine 0x18e8a	routine102026:?
Routine 0x18ea0	routine102048:?
Routine 0x18eb2	Action110Sub:?
Routine 0x18f44	PreAction111Sub:?
Routine 0x18f7e	Action111Sub:?
Routine 0x18fa8	PreAction108Sub:?
Routine 0x18fde	Action108Sub:?
Routine 0x18fe6	Action140Sub:?
Routine 0x19034	routine102452:?
Routine 0x19044	Action141Sub:?
Routine 0x1907c	Action142Sub:?
Routine 0x190a2	PreAction143Sub:?
Routine 0x190c6	Action143Sub:?
Routine 0x190da	PreAction144Sub:?
Routine 0x190f0	Action144Sub:?
Routine 0x19110	Action145Sub:?
Routine 0x19138	Action55Sub:?
Routine 0x19192	Action76Sub:?
Routine 0x191de	Action147Sub:?
Routine 0x191e6	Action146Sub:?
Routine 0x191ee	Action148Sub:?
Routine 0x19252	Action150Sub:?
Routine 0x19268	routine103016:?
Routine 0x19286	Action151Sub:?
Routine 0x1928e	Action152Sub:?
Routine 0x19296	routine103062:?
Routine 0x192b6	routine103094:?
Routine 0x193c0	routine103360:?
Routine 0x193ec	Action155Sub:?
Routine 0x19472	Action156Sub:?
Routine 0x194a6	Action157Sub:?
Routine 0x194d6	Action158Sub:?
Routine 0x19628	Action159Sub:?
Routine 0x19648	Action161Sub:?
Routine 0x197cc	Action162Sub:?
Routine 0x197e4	Action160Sub:?
Routine 0x197f4	Action163Sub:?
Routine 0x19862	Action164Sub:?
Routine 0x1986a	Action165Sub:?
Routine 0x198b4	Action166Sub:?
Routine 0x198de	Action91Sub:?
Routine 0x198e6	routine104678:?
Routine 0x19932	routine104754:?
Routine 0x1994e	Action112Sub:?
Routine 0x199c4	routine104900:?
Routine 0x19a9e	routine105118:?
Routine 0x19ab4	routine105140:?
Routine 0x19ac2	routine105154:?
Routine 0x19af2	routine105202:?
Routine 0x19b0e	routine105230:?
Routine 0x19cd8	routine105688:?
Routine 0x19d52	routine105810:?
Routine 0x19d70	routine105840:?
Routine 0x19d96	routine105878:?
Routine 0x19dfe	routine105982:?
Routine 0x19e36	routine106038:?
Routine 0x19e46	routine106054:?
Routine 0x19e8c	routine106124:?
Routine 0x19ec8	routine106184:?
Routine 0x19f2c	routine106284:?
Routine 0x19f52	routine106322:?
Routine 0x19f9e	routine106398:?
Routine 0x1a03a	routine106554:?
Routine 0x1a0c6	routine106694:?
Routine 0x1a264	routine107108:?
Routine 0x1a27c	routine107132:?
Routine 0x1a354	routine107348:?
Routine 0x1a382	routine107394:?
Routine 0x1a3b8	routine107448:?
Routine 0x1a522	routine107810:?
Routine 0x1a560	routine107872:?
Routine 0x1a72a	routine108330:?
Routine 0x1a8d4	routine108756:?
Routine 0x1a9ac	routine108972:?
Routine 0x1ae0e	routine110094:?
Routine 0x1ae58	routine110168:?
Routine 0x1aef2	routine110322:?
Routine 0x1afa8	routine110504:?
Routine 0x1b06a	routine110698:?
Routine 0x1b0a4	routine110756:?
Routine 0x1b290	routine111248:?
Routine 0x1b2f4	routine111348:?
Routine 0x1b4ee	routine111854:?
Routine 0x1b5d6	routine112086:?
