! Auto-generated by Reform.

MD5	53bf7a60017e06998cc1542cf35f76fa

Object 1	Class
Object 2	Object
Object 3	Routine
Object 4	String
Object 5	CompassDirection
Object 6	obj6_compass
Object 7	obj7_north_wall
Object 8	obj8_south_wall
Object 9	obj9_east_wall
Object 10	obj10_west_wall
Object 11	obj11_northeast_wall
Object 12	obj12_northwest_wall
Object 13	obj13_southeast_wall
Object 14	obj14_southwest_wall
Object 15	obj15_ceiling
Object 16	obj16_floor
Object 17	obj17_outside
Object 18	obj18_inside
Object 19	obj19__darkness_object_
Object 20	obj20__self_object_
Object 21	obj21__Inform_Parser_
Object 22	obj22__Inform_Library_6_3_
Object 23	obj23__LibraryMessages_
Object 24	Treasure_Class
Object 25	Food_Class
Object 26	obj26_fedora_hat
Object 27	obj27_hand_telescope
Object 28	obj28_Watling_Street
Object 29	obj29_stately_procession_of_elephants
Object 30	obj30_troop_of_soldiers
Object 31	obj31_elephant
Object 32	obj32_cushioned_basket
Object 33	obj33_trunk
Object 34	ears_class
Object 35	obj35_right_ear
Object 36	obj36_left_ear
Object 37	obj37_Lady_Amilia
Object 38	obj38_Amilia_s_hat
Object 39	obj39_The_Guide_For_Travellers_To_The_Lower_Northlands_and_Surrounding_Provinces
Object 40	obj40_sherbet
Object 41	obj41_Customs_Post
Object 42	obj42_pennant_flag
Object 43	obj43_Watling_Street
Object 44	obj44_culvert_bridge
Object 45	obj45_glimpse_of_a_bird
Object 46	obj46_Bird_of_Paradise
Object 47	obj47_mossy_wall
Object 48	obj48_hunting_woods
Object 49	obj49_Watling_Street
Object 50	obj50_noises_of_the_night
Object 51	obj51_Customs_House_Bedroom
Object 52	obj52_four_poster_bed
Object 53	obj53_jade_figurine
Object 54	obj54_beautiful_painting
Object 55	obj55_tapestry_design
Object 56	obj56_Upstairs_Landing
Object 57	obj57_rich_brocade_curtains
Object 58	obj58_window
Object 59	obj59_green_glow
Object 60	obj60_Kitchen
Object 61	obj61_front_door
Object 62	obj62_kitchen_table
Object 63	obj63_ceiling_hook
Object 64	obj64_joint_of_cured_ham
Object 65	obj65_black_iron_stove
Object 66	obj66_stripped_ham_bone
Object 67	obj67_small_wickerwork_hamper
Object 68	obj68_apple
Object 69	obj69_hunk_of_cheese
Object 70	obj70_clove_of_garlic
Object 71	obj71_jewelled_scarab
Object 72	obj72_Living_Room
Object 73	obj73_trophy_case
Object 74	obj74_brass_lantern
Object 75	obj75_oriental_rug
Object 76	obj76_Ambassador_s_trunk
Object 77	obj77_formal_credentials
Object 78	obj78_light_rope
Object 79	obj79_original_chimney
Object 80	spell_class
Object 81	obj81_memory
Object 82	spell_book_class
Object 83	scroll_class
Object 84	obj84_cause_inanimate_object_to_radiate_light
Object 85	obj85_unfasten_object
Object 86	obj86_summon_small_plague_of_insects
Object 87	obj87_parchment_book
Object 88	obj88_handwritten_note
Object 89	obj89_Cellars
Object 90	obj90_chimney
Object 91	obj91_Low_Junction
Object 92	obj92_lintel_stone
Object 93	obj93_platinum_egg
Object 94	obj94_Bubbling_Pool
Object 95	obj95_autumn_leaves
Object 96	obj96_bubbling_pool
Object 97	obj97_banana
Object 98	obj98_Passage_Under_the_Wall
Object 99	obj99_oil_snake
Object 100	obj100_improvised_ladder
Object 101	obj101_Topmost_Ledge
Object 102	obj102_inverted_cedar
Object 103	obj103_cave_floor
Object 104	obj104_Dark_Doorway
Object 105	obj105_Long_Curved_Ledge
Object 106	obj106_ring
Object 107	obj107_Tiny_Recess
Object 108	obj108_Dead_End
Object 109	obj109_silver_ingot
Object 110	obj110_Low_Crawl
Object 111	obj111_boomerang
Object 112	obj112_slide_passage
Object 113	obj113_Shambles
Object 114	obj114_chimney_crack
Object 115	obj115_garbage_heap
Object 116	obj116_Half_Cave
Object 117	obj117_masoned_wall
Object 118	obj118_shard_of_pottery
Object 119	obj119_quartz_window
Object 120	obj120_Pale_Corridor
Object 121	obj121_Adventurer
Object 122	obj122_Antechamber
Object 123	obj123_coffer
Object 124	obj124_old_document
Object 125	obj125_colour_chart
Object 126	obj126_Chamber_of_the_Philosopher_s_Stone
Object 127	obj127_Philosopher_s_Stone
Object 128	obj128_spotless_scroll
Object 129	obj129_transmute_pure_chemical_elements
Object 130	obj130_Top_Branches
Object 131	obj131_ledge
Object 132	obj132_tree_house
Object 133	obj133_triangular_cavity
Object 134	obj134_bow
Object 135	Arrow_Class
Object 136	obj136_arrow
Object 137	obj137_Treehouse
Object 138	obj138_golden_fir_cone
Object 139	obj139_arrow
Object 140	obj140_arrow
Object 141	obj141_Branches_Near_the_Cave_Floor
Object 142	obj142_Cave_Floor
Object 143	obj143_stream
Object 144	obj144_Furrow_and_Workings
Object 145	obj145_drum
Object 146	obj146_sludge_of_sediment
Object 147	obj147_ore
Object 148	obj148_Enclosed_Stream
Object 149	obj149_Shattered_Temple_Rampart
Object 150	obj150_masonry_and_rubble
Object 151	obj151_black__memorial_scroll
Object 152	obj152_view_the_past
Object 153	obj153_crudely_arched_doorway
Object 154	obj154_Upward_Burrow
Object 155	obj155_Egg_Chamber
Object 156	obj156_corpse_of_the_creature
Object 157	obj157_glistening_egg
Object 158	obj158_North_Edge_of_Pool
Object 159	obj159_water_lily
Object 160	obj160_arrow
Object 161	obj161_Lily_Pod
Object 162	obj162_embryonic_hornet
Object 163	obj163_stubby_wings
Object 164	obj164_stinger
Object 165	obj165_lily_membrane
Object 166	obj166_Stony_Shallows
Object 167	obj167_burnished_lantern
Object 168	obj168_dead_leaves
Object 169	obj169_broad_green_leaf
Object 170	obj170_torn_up_broad_green_leaf
Object 171	obj171_dull_green_paste
Object 172	obj172_Other_Half_Cave
Object 173	obj173_stores
Object 174	obj174_stub_of_a_stock_keeper_s_note
Object 175	obj175_secret_door
Object 176	WheelNode
Object 177	obj177_Wheel_Cave__South_
Object 178	obj178_Wheel_Cave__East_
Object 179	obj179_white_scroll_in_pristine_condition
Object 180	obj180_nation_shall_speak_peace_unto_nation
Object 181	obj181_Wheel_Cave__West_
Object 182	obj182_funnel_chimney
Object 183	obj183_metallic_meteor
Object 184	obj184_chalk_formation
Object 185	obj185_green_light_beam
Object 186	obj186_Wheel_Cave__North_
Object 187	obj187_wooden_rack
Object 188	vellum_class
Object 189	obj189__189_
Object 190	obj190__190_
Object 191	obj191__191_
Object 192	obj192__192_
Object 193	obj193__193_
Object 194	obj194__194_
Object 195	obj195__195_
Object 196	obj196_Clotspinner_s_Workshop
Object 197	obj197_Anvil
Object 198	obj198_calibrated_swivel_mounting
Object 199	obj199_Clotspinner
Object 200	obj200_fragments_of_prism
Object 201	written_scroll
Object 202	obj202__hom_scroll_
Object 203	obj203_assist_even_old_or_wizened_savant
Object 204	obj204__driller_scroll_
Object 205	obj205_make_small_bore_tunnel_through_light_stone
Object 206	obj206_tunnel_upward
Object 207	dud_spell
Object 208	obj208__dud1_
Object 209	obj209_fold_pastry_dough_83_times
Object 210	obj210__dud2_
Object 211	obj211_pursue_squirrel_with_spectral_hounds
Object 212	obj212__dud3_
Object 213	obj213_paint_large_picket_fence_orange
Object 214	obj214__dud4_
Object 215	obj215_rotate_entire_universe_by_one_degree
Object 216	obj216__dud5_
Object 217	obj217_reduce_herbs_in_over_spiced_stew
Object 218	obj218__dud6_
Object 219	obj219_turn_blackberries_into_pebbles
Object 220	obj220__dud7_
Object 221	obj221_award_internationally_recognised_points_for_trick_dives
Object 222	obj222_Woodland_Cave
Object 223	obj223_Forest_Glade
Object 224	obj224_Lady_Amilia
Object 225	obj225_wolfhound
Object 226	obj226_Into_the_Woods
Object 227	obj227_Under_the_Culvert
Object 228	obj228_brook
Object 229	obj229_Watling_Street__Again
Object 230	obj230_agents_of_the_Duchy

Attribute 0	animate			! obj20__self_object_ obj30_troop_of_soldiers obj31_elephant obj37_Lady_Amilia obj99_oil_snake obj121_Adventurer obj162_embryonic_hornet obj199_Clotspinner obj224_Lady_Amilia obj225_wolfhound obj230_agents_of_the_Duchy
Attribute 1	absent			! obj175_secret_door
Attribute 2	clothing		! obj26_fedora_hat obj38_Amilia_s_hat
Attribute 3	concealed		! obj6_compass obj20__self_object_ obj30_troop_of_soldiers obj31_elephant obj33_trunk ears_class obj35_right_ear obj36_left_ear obj37_Lady_Amilia obj50_noises_of_the_night obj54_beautiful_painting obj55_tapestry_design obj58_window obj65_black_iron_stove obj133_triangular_cavity obj146_sludge_of_sediment obj165_lily_membrane
Attribute 4	container		! obj32_cushioned_basket obj65_black_iron_stove obj67_small_wickerwork_hamper obj73_trophy_case obj76_Ambassador_s_trunk spell_book_class obj87_parchment_book obj96_bubbling_pool obj123_coffer obj145_drum
Attribute 5	door			! obj61_front_door obj79_original_chimney obj100_improvised_ladder obj132_tree_house obj153_crudely_arched_doorway obj175_secret_door
Attribute 6	edible			! Food_Class obj64_joint_of_cured_ham obj68_apple obj69_hunk_of_cheese obj70_clove_of_garlic obj97_banana obj169_broad_green_leaf obj170_torn_up_broad_green_leaf obj171_dull_green_paste
Attribute 7	enterable		! obj52_four_poster_bed
Attribute 8	general			! obj162_embryonic_hornet obj224_Lady_Amilia
Attribute 9	light			! obj28_Watling_Street obj41_Customs_Post obj43_Watling_Street obj51_Customs_House_Bedroom obj56_Upstairs_Landing obj59_green_glow obj60_Kitchen obj72_Living_Room obj96_bubbling_pool obj120_Pale_Corridor obj122_Antechamber obj126_Chamber_of_the_Philosopher_s_Stone obj161_Lily_Pod obj166_Stony_Shallows WheelNode obj177_Wheel_Cave__South_ obj178_Wheel_Cave__East_ obj181_Wheel_Cave__West_ obj186_Wheel_Cave__North_ obj196_Clotspinner_s_Workshop obj222_Woodland_Cave obj223_Forest_Glade obj226_Into_the_Woods obj227_Under_the_Culvert obj229_Watling_Street__Again
Attribute 10	lockable		! obj61_front_door
Attribute 11	locked			! obj61_front_door
Attribute 14	open			! obj32_cushioned_basket obj79_original_chimney spell_book_class obj87_parchment_book obj96_bubbling_pool obj100_improvised_ladder obj132_tree_house obj145_drum obj153_crudely_arched_doorway
Attribute 15	openable		! obj57_rich_brocade_curtains obj61_front_door obj65_black_iron_stove obj67_small_wickerwork_hamper obj73_trophy_case obj76_Ambassador_s_trunk obj123_coffer obj175_secret_door
Attribute 16	proper			! obj20__self_object_ obj21__Inform_Parser_ obj22__Inform_Library_6_3_ obj37_Lady_Amilia obj38_Amilia_s_hat obj39_The_Guide_For_Travellers_To_The_Lower_Northlands_and_Surrounding_Provinces obj49_Watling_Street obj199_Clotspinner
Attribute 17	scenery			! CompassDirection obj7_north_wall obj8_south_wall obj9_east_wall obj10_west_wall obj11_northeast_wall obj12_northwest_wall obj13_southeast_wall obj14_southwest_wall obj15_ceiling obj16_floor obj17_outside obj18_inside obj42_pennant_flag obj44_culvert_bridge obj47_mossy_wall obj48_hunting_woods obj49_Watling_Street obj50_noises_of_the_night obj55_tapestry_design obj58_window obj59_green_glow obj61_front_door obj62_kitchen_table obj63_ceiling_hook obj73_trophy_case obj75_oriental_rug obj90_chimney obj95_autumn_leaves obj103_cave_floor obj112_slide_passage obj114_chimney_crack obj119_quartz_window obj131_ledge obj133_triangular_cavity obj150_masonry_and_rubble obj173_stores obj185_green_light_beam obj228_brook
Attribute 18	scored			! Treasure_Class obj53_jade_figurine obj56_Upstairs_Landing obj71_jewelled_scarab obj89_Cellars obj93_platinum_egg obj109_silver_ingot obj137_Treehouse obj138_golden_fir_cone obj222_Woodland_Cave
Attribute 19	static			! obj29_stately_procession_of_elephants obj32_cushioned_basket obj33_trunk ears_class obj35_right_ear obj36_left_ear obj52_four_poster_bed obj57_rich_brocade_curtains obj79_original_chimney obj92_lintel_stone obj96_bubbling_pool obj102_inverted_cedar obj106_ring obj115_garbage_heap obj117_masoned_wall obj127_Philosopher_s_Stone obj132_tree_house obj143_stream obj153_crudely_arched_doorway obj159_water_lily obj175_secret_door obj182_funnel_chimney obj183_metallic_meteor obj184_chalk_formation obj187_wooden_rack obj197_Anvil obj198_calibrated_swivel_mounting obj206_tunnel_upward
Attribute 20	supporter		! obj52_four_poster_bed obj62_kitchen_table obj127_Philosopher_s_Stone obj187_wooden_rack obj197_Anvil obj198_calibrated_swivel_mounting
Attribute 21	switchable		! obj74_brass_lantern obj167_burnished_lantern
Attribute 22	talkable		! obj45_glimpse_of_a_bird obj46_Bird_of_Paradise
Attribute 23	transparent		! obj20__self_object_ obj31_elephant obj32_cushioned_basket obj37_Lady_Amilia obj162_embryonic_hornet
Attribute 28	female			! obj37_Lady_Amilia obj224_Lady_Amilia
Attribute 30	pluralname		! obj77_formal_credentials
Attribute 31	is_treasure		! Treasure_Class obj53_jade_figurine obj71_jewelled_scarab obj93_platinum_egg obj109_silver_ingot obj138_golden_fir_cone
Attribute 32	is_arrow		! Arrow_Class obj136_arrow obj139_arrow obj140_arrow obj160_arrow
Attribute 33	is_spell		! spell_class obj84_cause_inanimate_object_to_radiate_light obj85_unfasten_object obj86_summon_small_plague_of_insects obj129_transmute_pure_chemical_elements obj152_view_the_past obj180_nation_shall_speak_peace_unto_nation obj203_assist_even_old_or_wizened_savant obj205_make_small_bore_tunnel_through_light_stone dud_spell obj209_fold_pastry_dough_83_times obj211_pursue_squirrel_with_spectral_hounds obj213_paint_large_picket_fence_orange obj215_rotate_entire_universe_by_one_degree obj217_reduce_herbs_in_over_spiced_stew obj219_turn_blackberries_into_pebbles obj221_award_internationally_recognised_points_for_trick_dives
Attribute 35	is_scroll		! scroll_class obj128_spotless_scroll obj151_black__memorial_scroll obj179_white_scroll_in_pristine_condition vellum_class obj189__189_ obj190__190_ obj191__191_ obj192__192_ obj193__193_ obj194__194_ obj195__195_ written_scroll obj202__hom_scroll_ obj204__driller_scroll_ obj208__dud1_ obj210__dud2_ obj212__dud3_ obj214__dud4_ obj216__dud5_ obj218__dud6_ obj220__dud7_
Attribute 36	is_spell_book		! spell_book_class obj87_parchment_book

Property 1	name:dictwords
Property 2	prop2:?
Property 4	before:?
Property 5	after:?
Property 6	life:?
Property 7	n_to:thing
Property 8	s_to:thing
Property 9	e_to:thing
Property 10	w_to:thing
Property 11	ne_to:thing
Property 12	se_to:thing
Property 13	nw_to:thing
Property 14	sw_to:thing
Property 15	u_to:?
Property 16	d_to:thing
Property 17	in_to:thing
Property 18	out_to:thing
Property 19	door_to:?
Property 20	with_key:dictword
Property 21	door_dir:thing
Property 22	invent:string
Property 23	plural:string
Property 25	list_together:string
Property 26	react_before:?
Property 27	react_after:string
Property 29	orders:?
Property 30	initial:?
Property 31	when_open:string
Property 35	description:?
Property 36	describe:?
Property 37	article:string
Property 38	cant_go:string
Property 39	found_in:things
Property 40	time_left:?
Property 41	number:?
Property 42	time_out:string
Property 43	daemon:string
Property 44	each_turn:?
Property 45	capacity:?
Property 46	short_name:?
Property 48	parse_name:?
Property 50	historic_view:string
Property 51	telescope_view:string
Property 52	magic:thing
Property 72	parse_input:routine
Property 73	play:routine
Property 74	end_turn_sequence:routine
Property 75	begin_action:routine
Property 76	time_here:?
Property 77	time_since_poisoned:?
Property 78	ever_been_used:?
Property 79	cooperative:?
Property 80	time_prowling:?
Property 81	rqm:thing

Global 0	global0:?
Global 1	global1:?
Global 2	global2:?
Global 3	global3:?
Global 4	global4:?
Global 5	global5:?
Global 6	global6:?
Global 7	global7:?
Global 8	global8:?
Global 9	global9:?
Global 10	global10:?
Global 11	global11:?
Global 12	global12:?
Global 13	global13:?
Global 14	global14:?
Global 15	global15:?
Global 16	global16:?
Global 17	global17:?
Global 18	global18:?
Global 19	global19:?
Global 20	global20:?
Global 21	global21:?
Global 22	global22:?
Global 23	global23:?
Global 24	global24:?
Global 25	global25:?
Global 26	global26:?
Global 27	global27:?
Global 28	global28:?
Global 29	global29:?
Global 30	global30:?
Global 31	global31:?
Global 32	global32:?
Global 33	global33:?
Global 34	global34:?
Global 35	global35:?
Global 36	global36:?
Global 37	global37:?
Global 38	global38:?
Global 39	global39:?
Global 40	global40:?
Global 41	global41:?
Global 42	global42:?
Global 43	global43:?
Global 44	global44:?
Global 45	global45:?
Global 46	global46:?
Global 47	global47:?
Global 48	global48:?
Global 49	global49:?
Global 50	global50:?
Global 51	global51:?
Global 52	global52:?
Global 53	global53:?
Global 54	global54:?
Global 55	global55:?
Global 56	global56:?
Global 57	global57:?
Global 58	global58:?
Global 59	global59:?
Global 60	global60:?
Global 61	global61:?
Global 62	global62:?
Global 63	global63:?
Global 64	global64:?
Global 65	global65:?
Global 66	global66:?
Global 67	global67:?
Global 68	global68:?
Global 69	global69:?
Global 70	global70:?
Global 71	global71:?
Global 72	global72:?
Global 73	global73:?
Global 74	global74:?
Global 75	global75:?
Global 76	global76:?
Global 77	global77:?
Global 78	global78:?
Global 79	global79:?
Global 80	global80:?
Global 81	global81:?
Global 82	global82:?
Global 83	global83:?
Global 84	global84:?
Global 85	global85:?
Global 86	global86:?
Global 87	global87:?
Global 88	global88:?
Global 89	global89:?
Global 90	global90:?
Global 91	global91:?
Global 92	global92:?
Global 93	global93:?
Global 94	global94:?
Global 95	global95:?
Global 96	global96:?
Global 97	global97:?
Global 98	global98:?
Global 99	global99:?
Global 100	global100:?
Global 101	global101:?
Global 102	global102:?
Global 103	global103:?
Global 104	global104:?
Global 105	global105:?
Global 106	global106:?
Global 107	global107:?
Global 108	global108:?
Global 109	global109:?
Global 110	global110:?
Global 111	global111:?
Global 112	global112:?
Global 113	global113:?
Global 114	global114:?
Global 115	global115:?
Global 116	global116:?
Global 117	global117:?
Global 118	global118:?
Global 119	global119:?
Global 120	global120:?
Global 121	global121:?
Global 122	global122:?
Global 123	global123:?
Global 124	global124:?
Global 125	global125:?
Global 126	global126:?
Global 127	global127:?
Global 128	global128:?
Global 129	global129:?
Global 130	global130:?
Global 131	global131:?
Global 132	global132:?
Global 133	global133:?
Global 134	global134:?
Global 135	global135:?
Global 136	global136:?
Global 137	global137:?
Global 138	global138:?
Global 139	global139:?
Global 140	global140:?
Global 141	global141:?
Global 142	global142:?
Global 143	global143:?
Global 144	global144:?
Global 145	global145:?
Global 146	global146:?
Global 147	global147:?
Global 148	global148:?
Global 149	global149:?
Global 150	global150:?
Global 151	global151:?
Global 152	global152:?
Global 153	global153:?
Global 154	global154:?
Global 155	global155:?
Global 156	global156:?
Global 157	global157:?
Global 158	global158:?
Global 159	global159:?
Global 160	global160:?
Global 161	global161:?
Global 162	global162:?
Global 163	global163:?
Global 164	global164:?
Global 165	global165:?
Global 166	global166:?
Global 167	global167:?
Global 168	global168:?
Global 169	global169:?
Global 170	global170:?
Global 171	global171:?
Global 172	global172:?
Global 173	global173:?
Global 174	global174:?
Global 175	global175:?
Global 176	global176:?
Global 177	global177:?
Global 178	global178:?
Global 179	global179:?
Global 180	global180:?
Global 181	global181:?
Global 182	global182:?
Global 183	global183:?
Global 184	global184:?
Global 185	global185:?
Global 186	global186:?
Global 187	global187:?
Global 188	global188:?
Global 189	global189:?
Global 190	global190:?
Global 191	global191:?
Global 192	global192:?
Global 193	global193:?
Global 194	global194:?
Global 195	global195:?
Global 196	global196:?
Global 197	global197:?
Global 198	global198:?
Global 199	global199:?
Global 200	global200:?
Global 201	global201:?
Global 202	global202:?
Global 203	global203:?
Global 204	global204:?
Global 205	global205:?
Global 206	global206:?
Global 207	global207:?
Global 208	global208:?
Global 209	global209:?
Global 210	global210:?
Global 211	global211:?
Global 212	global212:?
Global 213	global213:?
Global 214	global214:?
Global 215	global215:?
Global 216	global216:?
Global 217	global217:?
Global 218	global218:?
Global 219	global219:?
Global 220	global220:?
Global 221	global221:?
Global 222	global222:?
Global 223	global223:?
Global 224	global224:?
Global 225	global225:?
Global 226	global226:?
Global 227	global227:?
Global 228	global228:?
Global 229	global229:?
Global 230	global230:?
Global 231	global231:?
Global 232	global232:?
Global 233	global233:?
Global 234	global234:?
Global 235	global235:?
Global 236	global236:?
Global 237	global237:?
Global 238	global238:?
Global 239	global239:?

Action 0	Pronouns	! 'nouns'/'pronouns'
Action 1	Quit		! 'die'/'q//'/'quit'
Action 2	Restart		! 'restart'
Action 3	Restore		! 'restore'
Action 4	Save		! 'save'
Action 5	Verify		! 'verify'
Action 6	ScriptOn	! 'script'
				! 'script' 'on'
Action 7	ScriptOff	! 'noscript'/'unscript'
				! 'script' 'off'
Action 8	NotifyOn	! 'notify' 'on'
Action 9	NotifyOff	! 'notify' 'off'
Action 10	Places		! 'places'
Action 11	Objects		! 'objects'
Action 12	Score		! 'score'
Action 13	FullScore	! 'full'/'fullscore'
				! 'full'/'fullscore' 'score'
Action 14	Inv		! 'i//'/'inv'/'inventory'
				! 'carry'/'get'/'hold'/'take' 'inventory'
Action 15	Take		! 'peel' noun
				! 'peel' 'off' noun
				! 'remove' multi
				! 'pick' 'up' multi
				! 'pick' multi 'up'
				! 'carry'/'get'/'hold'/'take' multi
Action 16	Drop		! 'discard'/'drop'/'throw' multiheld
				! 'put' 'down' multiheld
				! 'put' multiheld 'down'
Action 17	Remove		! 'remove' multiinside 'from' noun
				! 'carry'/'get'/'hold'/'take' multiinside 'from'/'off' noun
Action 18	PutOn		! 'hang'/'lean'/'prop'/'suspend' held 'on'/'from'/'against' noun
				! 'hang'/'lean'/'prop'/'suspend' 'up' held 'on'/'from'/'against' noun
				! 'hang'/'lean'/'prop'/'suspend' held 'up' 'on'/'from'/'against' noun
				! 'discard'/'drop'/'throw' multiexcept 'on'/'onto' noun
				! 'dip'/'insert' held 'up' noun
				! 'put' multiexcept 'on'/'onto' noun
				! 'put' held 'up' noun
Action 19	Insert		! 'bind' noun 'in' noun
				! 'bind' noun 'into' noun
				! 'discard'/'drop'/'throw' multiexcept 'in'/'into'/'down' noun
				! 'dip'/'insert' multiexcept 'in'/'into' noun
				! 'put' multiexcept 'in'/'inside'/'into' noun
Action 20	Transfer	! 'clear'/'move'/'press'/'push'/'shift' noun 'to' noun
				! 'transfer' noun 'to' noun
Action 21	EmptyT		! 'empty' noun 'to'/'into'/'on'/'onto' noun
Action 22	Give		! 'feed'/'give'/'offer'/'pay' held 'to' creature
				! 'feed'/'give'/'offer'/'pay' creature held
				! 'feed'/'give'/'offer'/'pay' 'over' held 'to' creature
Action 23	Show		! 'display'/'present'/'show' creature held
				! 'display'/'present'/'show' held 'to' creature
Action 24	Enter		! 'lie'/'sit' 'on' 'top' 'of' noun
				! 'lie'/'sit' 'on'/'in'/'inside' noun
				! 'cross'/'enter' noun
				! 'leave' 'into'/'in'/'inside'/'through' noun
				! 'go'/'run'/'walk' noun
				! 'go'/'run'/'walk' 'into'/'in'/'inside'/'through' noun
				! 'stand' 'on' noun
				! 'carry'/'get'/'hold'/'take' 'in'/'into'/'on'/'onto' noun
Action 25	GetOff		! 'carry'/'get'/'hold'/'take' 'off' noun
Action 26	Exit		! 'exit'/'out'/'outside'
				! 'leave' noun
				! 'stand'
				! 'stand' 'up'
				! 'carry'/'get'/'hold'/'take' 'out'/'off'/'up'
Action 27	VagueGo		! 'leave'
				! 'go'/'run'/'walk'
Action 28	Go		! 'leave' noun=routine128412
				! 'go'/'run'/'walk' noun=routine128412
Action 29	LMode1		! 'brief'/'normal'
Action 30	LMode2		! 'long'/'verbose'
Action 31	LMode3		! 'short'/'superbrie'
Action 32	Look		! 'l//'/'look'
Action 33	Examine		! 'read' noun
				! 'check'/'describe'/'examine'/'watch'/'x//' scope=routine76340
				! 'check'/'describe'/'examine'/'watch'/'x//' noun
				! 'l//'/'look' 'at' noun
Action 34	LookUnder	! 'l//'/'look' 'under' noun
Action 35	Search		! 'search' noun
				! 'l//'/'look' 'inside'/'in'/'into'/'through' noun
Action 36	Unlock		! 'unlock' noun 'with' held
				! 'draw'/'open'/'uncover'/'undo'/'unwrap' noun 'with' held
Action 37	Lock		! 'lock' noun 'with' held
Action 38	SwitchOn	! 'switch' noun
				! 'switch' noun 'on'
				! 'switch' 'on' noun
				! 'rotate'/'screw'/'swivel'/'turn'/'twist'/'unscrew' noun 'on'
				! 'rotate'/'screw'/'swivel'/'turn'/'twist'/'unscrew' 'on' noun
Action 39	SwitchOff	! 'switch' noun 'off'
				! 'switch' 'off' noun
				! 'rotate'/'screw'/'swivel'/'turn'/'twist'/'unscrew' noun 'off'
				! 'rotate'/'screw'/'swivel'/'turn'/'twist'/'unscrew' 'off' noun
				! 'close'/'cover'/'shut' 'off' noun
Action 40	Open		! 'draw'/'open'/'uncover'/'undo'/'unwrap' noun
Action 41	Close		! 'close'/'cover'/'shut' noun
				! 'close'/'cover'/'shut' 'up'
Action 42	Disrobe		! 'disrobe'/'doff'/'shed' held
				! 'remove' held
				! 'carry'/'get'/'hold'/'take' 'off' worn
Action 43	Wear		! 'put' 'on' held
				! 'don'/'wear' held
Action 44	Eat		! 'eat' held
Action 45	Yes		! 'y//'/'yes'
Action 46	No		! 'no'
Action 47	Burn		! 'burn'/'light' noun
				! 'burn'/'light' noun 'with' held
Action 48	Pray		! 'pray'
Action 49	Wake		! 'awake'/'awaken'/'wake'
				! 'awake'/'awaken'/'wake' 'up'
Action 50	WakeOther	! 'awake'/'awaken'/'wake' creature
				! 'awake'/'awaken'/'wake' creature 'up'
				! 'awake'/'awaken'/'wake' 'up' creature
Action 51	Kiss		! 'embrace'/'hug'/'kiss' creature
Action 52	Think		! 'think'
Action 53	Smell		! 'smell'/'sniff'
				! 'smell'/'sniff' noun
Action 54	Listen		! 'hear'/'listen'
				! 'hear'/'listen' noun
				! 'hear'/'listen' 'to' noun
Action 55	Taste		! 'taste' noun
Action 56	Touch		! 'feel'/'fondle'/'grope'/'touch' noun
Action 57	Dig		! 'dig' noun
				! 'dig' noun 'with' held
Action 58	Cut		! 'chop'/'cut'/'prune'/'slice'/'tear' noun
Action 59	Jump		! 'hop'/'jump'/'skip'
				! 'hop'/'jump'/'skip' 'over'
				! 'hop'/'jump'/'skip' 'across'
Action 60	JumpOver	! 'hop'/'jump'/'skip' 'over' noun
				! 'hop'/'jump'/'skip' 'to' noun
				! 'hop'/'jump'/'skip' 'over' 'to' noun
				! 'hop'/'jump'/'skip' 'across' 'to' noun
				! 'hop'/'jump'/'skip' 'onto' noun
Action 61	Tie		! 'attach'/'fasten'/'fix'/'tie' noun
				! 'attach'/'fasten'/'fix'/'tie' noun 'to' noun
Action 62	Drink		! 'drink'/'sip'/'swallow' noun
Action 63	Fill		! 'fill' noun
Action 64	Sorry		! 'sorry'
Action 65	Strong		! 'damn'/'fuck'/'shit'/'sod'
				! 'damn'/'fuck'/'shit'/'sod' topic
Action 66	Mild		! 'bother'/'curses'/'darn'/'drat'
				! 'bother'/'curses'/'darn'/'drat' topic
Action 67	Attack		! 'attack'/'break'/'crack'/'destroy'/'drum'/'fight'/'hit'/'kick'/'kill'/'murder'/'punch'/'smash'/'thump'/'torture'/'wreck' noun
Action 68	Swim		! 'dive'/'swim'
Action 69	Swing		! 'swing' noun
				! 'swing' 'on' noun
Action 70	Blow		! 'blow' held
Action 71	Rub		! 'clean'/'dust'/'polish'/'rub'/'scrub'/'shine'/'sweep'/'wipe' noun
Action 72	Set		! 'adjust'/'set' noun
Action 73	SetTo		! 'adjust'/'set' noun 'to' special
Action 74	WaveHands	! 'shake'/'wave'
Action 75	Wave		! 'shake'/'wave' noun
Action 76	Pull		! 'drag'/'pull' noun
Action 77	Push		! 'clear'/'move'/'press'/'push'/'shift' noun
Action 78	Turn		! 'rotate'/'screw'/'swivel'/'turn'/'twist'/'unscrew' noun
Action 79	PushDir		! 'clear'/'move'/'press'/'push'/'shift' noun noun
Action 80	Squeeze		! 'squash'/'squeeze' noun
Action 81	ThrowAt		! 'pour'/'tip' noun 'over' noun
				! 'pour'/'tip' noun 'on' noun
				! 'pour'/'tip' noun 'onto' noun
				! 'discard'/'drop'/'throw' held 'at'/'against'/'on'/'onto' noun
				! 'discard'/'drop'/'throw' noun 'over' noun
				! 'discard'/'drop'/'throw' noun 'to' noun
				! 'discard'/'drop'/'throw' noun noun=routine128412
Action 82	Tell		! 'tell' creature 'about' topic
Action 84	Ask		! 'ask' creature 'about' topic
Action 85	Buy		! 'buy'/'purchase' noun
Action 86	Sing		! 'sing'
Action 87	Climb		! 'climb'/'scale' noun
				! 'climb'/'scale' 'up'/'over' noun
Action 88	Wait		! 'wait'/'z//'
Action 89	Sleep		! 'nap'/'sleep'
Action 90	Consult		! 'read' 'about' topic 'in' noun
				! 'read' topic 'in' noun
				! 'consult' noun 'about' topic
				! 'consult' noun 'on' topic
				! 'l//'/'look' 'up' topic 'in' noun
Action 91	AskFor		! 'ask' creature 'for' noun
Action 94	LookAtThrough	! 'check'/'describe'/'examine'/'watch'/'x//' noun 'in' noun
				! 'check'/'describe'/'examine'/'watch'/'x//' noun 'through' noun
				! 'l//'/'look' 'at' noun 'in' noun
				! 'l//'/'look' 'at' noun 'with' noun
				! 'l//'/'look' 'at' noun 'using' noun
				! 'l//'/'look' 'at' noun 'through' noun
Action 95	Coo		! 'coo'
Action 96	Chirrup		! 'chirrup'
Action 97	Untie		! 'untie' noun
Action 98	Learn		! 'learn'/'memorise'/'memorize' scope=routine76340
Action 99	Cast		! 'cast' is_spell
				! 'cast' is_spell 'at' noun
				! 'cast' is_spell 'on' noun
Action 100	Count		! 'count'/'enumerate' noun
Action 101	Shoot		! 'fire' 'at' noun
				! 'fire' 'arrow' 'at' noun
				! 'fire' 'an' 'arrow' 'at' noun
				! 'shoot' noun
				! 'shoot' 'at' noun
				! 'shoot' 'arrow' 'at' noun
				! 'shoot' 'an' 'arrow' 'at' noun
Action 102	CastOne		! 'c,cast'
				! 'c,cast' noun
Action 103	Grind		! 'grind' noun 'with' noun
Action 104	TurnTo		! 'rotate'/'screw'/'swivel'/'turn'/'twist'/'unscrew' noun 'to' routine128860
				! 'rotate'/'screw'/'swivel'/'turn'/'twist'/'unscrew' noun 'to' routine128860 'degrees'
				! 'adjust'/'set' noun 'to' routine128860
				! 'adjust'/'set' noun 'to' routine128860 'degrees'
Action 105	Bite		! 'bite'/'chew' noun
Action 106	Bark		! 'bark'/'howl'/'woof'
				! 'bark'/'howl'/'woof' special
Action 107	Version		! 'version'
Action 108	Empty		! 'empty' noun
				! 'empty' 'out' noun
				! 'empty' noun 'out'
Action 109	InvTall		! 'i//'/'inv'/'inventory' 'tall'
Action 110	InvWide		! 'i//'/'inv'/'inventory' 'wide'
Action 111	GoIn		! 'in'/'inside'
				! 'cross'/'enter'
Action 112	Help		! 'help'/'hint'/'hints'
Action 113	LookAtThroughB	! 'l//'/'look' 'through' noun 'at' noun
Action 114	Shoot2		! 'fire' noun 'at' noun
				! 'shoot' noun 'at' noun
Action 115	DontSay		! 'answer'/'say'/'shout'/'speak'
				! 'answer'/'say'/'shout'/'speak' special
Action 116	PoisonV		! 'poison' noun
Action 117	Spells		! 'memory'/'spells'

Word	adventure	adventure
Word	alabaster	alabaster
Word	ambassado	ambassado
Word	amelia's	amelia's
Word	beautiful	beautiful
Word	black-ir	black-ir
Word	boomerang	boomerang
Word	brimstone	brimstone
Word	burnished	burnished
Word	calibrate	calibrate
Word	calibrati	calibrati
Word	chimney-	chimney-
Word	clotspinn	clotspinn
Word	collioure	collioure
Word	credentia	credentia
Word	cultivate	cultivate
Word	cushioned	cushioned
Word	destructi	destructi
Word	distincti	distincti
Word	drum-lik	drum-lik
Word	dung-bee	dung-bee
Word	elephants	elephants
Word	embryonic	embryonic
Word	enchanted	enchanted
Word	enumerate	enumerate
Word	everythin	everythin
Word	experimen	experimen
Word	fir-cone	fir-cone
Word	fireplace	fireplace
Word	flagstone	flagstone
Word	foodstuff	foodstuff
Word	formation	formation
Word	four-pos	four-pos
Word	fragments	fragments
Word	fullscore	fullscore
Word	furniture	furniture
Word	glistenin	glistenin
Word	guidebook	guidebook
Word	handwritt	handwritt
Word	hatchling	hatchling
Word	hornet-t	hornet-t
Word	impassive	impassive
Word	improvise	improvise
Word	inscripti	inscripti
Word	instrumen	instrumen
Word	inventory	inventory
Word	irregular	irregular
Word	keeper's	keeper's
Word	limestone	limestone
Word	lintel-s	lintel-s
Word	lodestone	lodestone
Word	long-hai	long-hai
Word	magnesium	magnesium
Word	magnifice	magnifice
Word	meadowlan	meadowlan
Word	misshapen	misshapen
Word	nasty-lo	nasty-lo
Word	newly-wr	newly-wr
Word	northeast	northeast
Word	northland	northland
Word	northwest	northwest
Word	oil-snak	oil-snak
Word	parchment	parchment
Word	philosoph	philosoph
Word	phosphore	phosphore
Word	phosphoru	phosphoru
Word	potato-p	potato-p
Word	processio	processio
Word	professor	professor
Word	provision	provision
Word	pulsating	pulsating
Word	remembran	remembran
Word	scree-fa	scree-fa
Word	seventeen	seventeen
Word	short-bo	short-bo
Word	southeast	southeast
Word	southwest	southwest
Word	spellbook	spellbook
Word	splashing	splashing
Word	statuette	statuette
Word	stock-ke	stock-ke
Word	superbrie	superbrie
Word	tasselled	tasselled
Word	telescope	telescope
Word	terracott	terracott
Word	throbbing	throbbing
Word	traveller	traveller
Word	treasures	treasures
Word	treehouse	treehouse
Word	triangula	triangula
Word	undergrou	undergrou
Word	unwritten	unwritten
Word	upside-d	upside-d
Word	valuables	valuables
Word	variegate	variegate
Word	water-li	water-li
Word	waterfall	waterfall
Word	waterlily	waterlily
Word	wickerwor	wickerwor
Word	windowpan	windowpan

Routine 0x63d4	routine25556:?
Routine 0x63dc	routine25564:?
Routine 0x63e8	routine25576:?
Routine 0x63ec	routine25580:?
Routine 0x6410	routine25616:?
Routine 0x64b0	routine25776:?
Routine 0x6688	routine26248:?
Routine 0x66c4	routine26308:?
Routine 0x6700	routine26368:?
Routine 0x6714	routine26388:?
Routine 0x6728	routine26408:?
Routine 0x6738	routine26424:?
Routine 0x674c	routine26444:?
Routine 0x6764	routine26468:?
Routine 0x8be4	routine35812:?
Routine 0x8bf0	routine35824:?
Routine 0x8bfc	routine35836:?
Routine 0x8c08	routine35848:?
Routine 0x8c28	routine35880:?
! References: obj21__Inform_Parser_.parse_input
Routine 0x8cb8	routine36024:?
Routine 0x8cc0	routine36032:?
Routine 0x8e14	routine36372:?
Routine 0x94f8	routine38136:?
Routine 0x9514	routine38164:?
Routine 0x9640	routine38464:?
Routine 0x9658	routine38488:?
Routine 0x969c	routine38556:?
Routine 0x9aa4	routine39588:?
Routine 0x9e40	routine40512:?
Routine 0xa0e0	routine41184:?
Routine 0xa1b0	routine41392:?
Routine 0xa2c4	routine41668:?
Routine 0xa30c	routine41740:?
Routine 0xa3ec	routine41964:?
Routine 0xa470	routine42096:?
Routine 0xa4ac	routine42156:?
Routine 0xa4e0	routine42208:?
Routine 0xa530	routine42288:?
Routine 0xa558	routine42328:?
Routine 0xa570	routine42352:?
Routine 0xa5a0	routine42400:?
Routine 0xa5ec	routine42476:?
Routine 0xa600	routine42496:?
Routine 0xa61c	routine42524:?
Routine 0xa694	routine42644:?
Routine 0xa6c4	routine42692:?
Routine 0xa794	routine42900:?
Routine 0xa7b8	routine42936:?
Routine 0xa804	routine43012:?
Routine 0xa914	routine43284:?
Routine 0xa960	routine43360:?
Routine 0xa98c	routine43404:?
Routine 0xa9bc	routine43452:?
Routine 0xaa04	routine43524:?
Routine 0xaa50	routine43600:?
Routine 0xaa68	routine43624:?
Routine 0xaa80	routine43648:?
Routine 0xaa8c	routine43660:?
Routine 0xab88	routine43912:?
Routine 0xab90	routine43920:?
Routine 0xabd8	routine43992:?
Routine 0xabec	routine44012:?
Routine 0xac00	routine44032:?
Routine 0xac1c	routine44060:?
Routine 0xac7c	PronounsSub:?
Routine 0xad28	routine44328:?
Routine 0xad6c	routine44396:?
Routine 0xad9c	routine44444:?
Routine 0xada4	routine44452:?
! References: obj22__Inform_Library_6_3_.play
Routine 0xae14	routine44564:?
! References: obj22__Inform_Library_6_3_.end_turn_sequence
Routine 0xb1b4	routine45492:?
! References: obj22__Inform_Library_6_3_.begin_action
Routine 0xb280	routine45696:?
Routine 0xb2c4	routine45764:?
Routine 0xb2e4	routine45796:?
Routine 0xb334	routine45876:?
Routine 0xb378	routine45944:?
Routine 0xb3bc	routine46012:?
Routine 0xb3f0	routine46064:?
Routine 0xb3fc	routine46076:?
Routine 0xb420	routine46112:?
Routine 0xb480	routine46208:?
Routine 0xb4a0	routine46240:?
Routine 0xb4c4	routine46276:?
Routine 0xb4d4	routine46292:?
Routine 0xb530	routine46384:?
Routine 0xb564	routine46436:?
Routine 0xb5b8	routine46520:?
Routine 0xb5e0	routine46560:?
Routine 0xb5fc	routine46588:?
Routine 0xb610	routine46608:?
Routine 0xb62c	routine46636:?
Routine 0xb674	routine46708:?
Routine 0xb6b0	routine46768:?
Routine 0xb738	routine46904:?
Routine 0xb7c4	routine47044:?
Routine 0xb850	routine47184:?
Routine 0xb8f8	routine47352:?
Routine 0xbae8	routine47848:?
Routine 0xbb94	routine48020:?
Routine 0xbc24	routine48164:?
Routine 0xbc5c	routine48220:?
Routine 0xbc7c	routine48252:?
Routine 0xbc9c	routine48284:?
Routine 0xbcac	routine48300:?
Routine 0xbcb4	routine48308:?
Routine 0xbce4	routine48356:?
Routine 0xbd00	routine48384:?
Routine 0xbd30	routine48432:?
Routine 0xbde0	VersionSub:?
Routine 0xbe24	routine48676:?
Routine 0xbe50	PlacesSub:?
Routine 0xbe58	ObjectsSub:?
Routine 0xbe60	routine48736:?
Routine 0xbf04	routine48900:?
Routine 0xbf24	routine48932:?
Routine 0xbf78	routine49016:?
Routine 0xbfc4	routine49092:?
Routine 0xc028	routine49192:?
Routine 0xc088	routine49288:?
Routine 0xc614	routine50708:?
Routine 0xc65c	routine50780:?
Routine 0xc8f0	routine51440:?
Routine 0xc958	routine51544:?
Routine 0xc990	routine51600:?
Routine 0xc9a0	routine51616:?
