! Auto-generated by Reform.

MD5	0ff228d12d7cb470dc1a8e9a5151769b

Object 1	Class
Object 2	Object
Object 3	Routine
Object 4	String
Object 5	CompassDirection
Object 6	obj6_compass
Object 7	obj7__darkness_object_
Object 8	obj8__Inform_Parser_
Object 9	obj9__Inform_Library_
Object 10	obj10__property_numberspace_forcer_
Object 11	K0_kind
Object 12	K1_room
Object 13	K2_thing
Object 14	K3_direction
Object 15	K4_door
Object 16	K5_container
Object 17	K6_supporter
Object 18	K7_backdrop
Object 19	K8_person
Object 20	K9_region
Object 21	K23_man
Object 22	K24_woman
Object 23	K25_animal
Object 24	K26_device
Object 25	K27_vehicle
Object 26	K28_player_s_holdall
Object 27	K169_no
Object 28	K175_cushion
Object 29	K177_trip_hazard
Object 30	K190_food
Object 31	obj31__ValuePropertyHolder_
Object 32	obj32
Object 33	obj33
Object 34	obj34
Object 35	obj35
Object 36	obj36
Object 37	obj37
Object 38	obj38
Object 39	obj39
Object 40	obj40
Object 41	obj41
Object 42	obj42
Object 43	obj43
Object 44	obj44
Object 45	obj45
Object 46	obj46
Object 47	obj47
Object 48	obj48
Object 49	obj49
Object 50	obj50
Object 51	obj51
Object 52	obj52
Object 53	obj53
Object 54	obj54
Object 55	obj55
Object 56	obj56
Object 57	obj57
Object 58	obj58
Object 59	obj59
Object 60	obj60
Object 61	obj61
Object 62	obj62
Object 63	obj63
Object 64	obj64
Object 65	obj65
Object 66	obj66
Object 67	obj67
Object 68	obj68
Object 69	obj69
Object 70	obj70
Object 71	obj71
Object 72	obj72
Object 73	obj73
Object 74	obj74
Object 75	obj75
Object 76	obj76
Object 77	obj77
Object 78	obj78
Object 79	obj79
Object 80	obj80
Object 81	obj81
Object 82	obj82
Object 83	obj83
Object 84	obj84

Attribute 1	animate			! K8_person K23_man K24_woman K25_animal obj44 obj55
Attribute 3	concealed		! obj6_compass obj44
Attribute 4	container		! K5_container K27_vehicle K28_player_s_holdall obj66 obj72
Attribute 5	door			! K4_door obj69
Attribute 7	enterable		! K27_vehicle obj54
Attribute 8	light			! K1_room obj48 obj60 obj65 obj71
Attribute 13	open			! K5_container K27_vehicle K28_player_s_holdall obj66 obj69
Attribute 14	openable		! K4_door K28_player_s_holdall obj66 obj69 obj72
Attribute 15	scenery			! CompassDirection K3_direction K7_backdrop K169_no obj32 obj33 obj34 obj35 obj36 obj37 obj38 obj39 obj40 obj41 obj42 obj43 obj49 obj50 obj51 obj52 obj53 obj54 obj61 obj66 obj68 obj69 obj72 obj77 obj78 obj79
Attribute 16	static			! K4_door K6_supporter K7_backdrop K27_vehicle K169_no obj49 obj50 obj51 obj52 obj53 obj54 obj61 obj66 obj68 obj69 obj72 obj77 obj78 obj79
Attribute 17	supporter		! K6_supporter K169_no obj49 obj51 obj52 obj54
Attribute 18	switchable		! K26_device
Attribute 20	transparent		! K6_supporter K8_person K23_man K24_woman K25_animal K169_no obj44 obj49 obj51 obj52 obj54 obj55
Attribute 24	female			! K24_woman
Attribute 25	neuter			! K2_thing K4_door K5_container K6_supporter K7_backdrop K26_device K27_vehicle K28_player_s_holdall K169_no K175_cushion K177_trip_hazard K190_food obj45 obj46 obj47 obj49 obj50 obj51 obj52 obj53 obj54 obj56 obj57 obj58 obj59 obj61 obj62 obj63 obj64 obj66 obj67 obj68 obj69 obj70 obj72 obj73 obj74 obj75 obj76 obj77 obj78 obj79 obj80 obj81 obj82 obj83 obj84
Attribute 26	pluralname		! obj53 obj56 obj59 obj73 obj79
Attribute 27	proper			! obj8__Inform_Parser_ obj9__Inform_Library_ obj44 obj45 obj46 obj47 obj48 obj55 obj60 obj62 obj65 obj69 obj71 obj77
Attribute 30	mentioned		! K2_thing K4_door K5_container K6_supporter K7_backdrop K8_person K23_man K24_woman K25_animal K26_device K27_vehicle K28_player_s_holdall K169_no K175_cushion K177_trip_hazard K190_food obj44 obj45 obj46 obj47 obj49 obj50 obj51 obj52 obj53 obj54 obj55 obj56 obj57 obj58 obj59 obj61 obj62 obj63 obj64 obj66 obj67 obj68 obj69 obj70 obj72 obj73 obj74 obj75 obj76 obj77 obj78 obj79 obj80 obj81 obj82 obj83 obj84
Attribute 31	pushable		! obj62
Attribute 32	mark_as_room		! obj48 obj60 obj65 obj71
Attribute 33	mark_as_thing		! K4_door K5_container K6_supporter K7_backdrop K8_person K23_man K24_woman K25_animal K26_device K27_vehicle K28_player_s_holdall K169_no K175_cushion K177_trip_hazard K190_food obj44 obj45 obj46 obj47 obj49 obj50 obj51 obj52 obj53 obj54 obj55 obj56 obj57 obj58 obj59 obj61 obj62 obj63 obj64 obj66 obj67 obj68 obj69 obj70 obj72 obj73 obj74 obj75 obj76 obj77 obj78 obj79 obj80 obj81 obj82 obj83 obj84
Attribute 37	p54_ambiguously_plural	! obj75 obj79
Attribute 39	p59_random		! obj50
Attribute 40	p61_intact		! obj56
Attribute 41	p63_lost		! obj58
Attribute 42	p66_progressing		! obj70
Attribute 43	p69_clean		! obj71

Property 1	name:dictwords
Property 2	prop2:?
Property 5	article:string
Property 6	capacity:?
Property 7	component_child:?
Property 8	component_parent:?
Property 9	component_sibling:?
Property 10	description:thing
Property 11	door_dir:?
Property 12	door_to:?
Property 13	found_in:?
Property 14	initial:string
Property 15	list_together:?
Property 16	map_region:?
Property 17	parse_name:?
Property 18	plural:string
Property 20	room_index:dictword
Property 21	short_name:string
Property 22	vector:?
Property 24	IK_0:?
Property 25	IK_1:?
Property 26	IK_2:?
Property 27	IK_4:?
Property 28	IK_5:?
Property 29	IK_6:?
Property 30	IK_8:?
Property 31	IK1_link:?
Property 32	IK2_link:?
Property 33	IK5_link:?
Property 34	IK6_link:?
Property 35	IK8_link:?
Property 72	action_bitmap:?
Property 73	p6_opposite:?
Property 74	before:string
Property 75	p71_man_condition:?
Property 76	p56_message_text:?
Property 77	IK3_Link:?
Property 78	IK_3:?
Property 79	saved_short_name:string
Property 80	IK169_Link:?
Property 81	IK_169:?
Property 82	IK23_Link:?
Property 83	IK_23:?
Property 84	cap_short_name:string
Property 85	IK175_Link:?
Property 86	IK_175:?
Property 87	IK177_Link:?
Property 88	IK_177:?
Property 89	p65_sock_condition:?
Property 90	IK4_Link:?
Property 91	IK190_Link:?
Property 92	IK_190:?
Property 93	p68_shiny_can_condition:?

Global 0	global0:?
Global 1	global1:?
Global 2	global2:?
Global 3	global3:?
Global 4	global4:?
Global 5	global5:?
Global 6	global6:?
Global 7	global7:?
Global 8	global8:?
Global 9	global9:?
Global 10	global10:?
Global 11	global11:?
Global 12	global12:?
Global 13	global13:?
Global 14	global14:?
Global 15	global15:?
Global 16	global16:?
Global 17	global17:?
Global 18	global18:?
Global 19	global19:?
Global 20	global20:?
Global 21	global21:?
Global 22	global22:?
Global 23	global23:?
Global 24	global24:?
Global 25	global25:?
Global 26	global26:?
Global 27	global27:?
Global 28	global28:?
Global 29	global29:?
Global 30	global30:?
Global 31	global31:?
Global 32	global32:?
Global 33	global33:?
Global 34	global34:?
Global 35	global35:?
Global 36	global36:?
Global 37	global37:?
Global 38	global38:?
Global 39	global39:?
Global 40	global40:?
Global 41	global41:?
Global 42	global42:?
Global 43	global43:?
Global 44	global44:?
Global 45	global45:?
Global 46	global46:?
Global 47	global47:?
Global 48	global48:?
Global 49	global49:?
Global 50	global50:?
Global 51	global51:?
Global 52	global52:?
Global 53	global53:?
Global 54	global54:?
Global 55	global55:?
Global 56	global56:?
Global 57	global57:?
Global 58	global58:?
Global 59	global59:?
Global 60	global60:?
Global 61	global61:?
Global 62	global62:?
Global 63	global63:?
Global 64	global64:?
Global 65	global65:?
Global 66	global66:?
Global 67	global67:?
Global 68	global68:?
Global 69	global69:?
Global 70	global70:?
Global 71	global71:?
Global 72	global72:?
Global 73	global73:?
Global 74	global74:?
Global 75	global75:?
Global 76	global76:?
Global 77	global77:?
Global 78	global78:?
Global 79	global79:?
Global 80	global80:?
Global 81	global81:?
Global 82	global82:?
Global 83	global83:?
Global 84	global84:?
Global 85	global85:?
Global 86	global86:?
Global 87	global87:?
Global 88	global88:?
Global 89	global89:?
Global 90	global90:?
Global 91	global91:?
Global 92	global92:?
Global 93	global93:?
Global 94	global94:?
Global 95	global95:?
Global 96	global96:?
Global 97	global97:?
Global 98	global98:?
Global 99	global99:?
Global 100	global100:?
Global 101	global101:?
Global 102	global102:?
Global 103	global103:?
Global 104	global104:?
Global 105	global105:?
Global 106	global106:?
Global 107	global107:?
Global 108	global108:?
Global 109	global109:?
Global 110	global110:?
Global 111	global111:?
Global 112	global112:?
Global 113	global113:?
Global 114	global114:?
Global 115	global115:?
Global 116	global116:?
Global 117	global117:?
Global 118	global118:?
Global 119	global119:?
Global 120	global120:?
Global 121	global121:?
Global 122	global122:?
Global 123	global123:?
Global 124	global124:?
Global 125	global125:?
Global 126	global126:?
Global 127	global127:?
Global 128	global128:?
Global 129	global129:?
Global 130	global130:?
Global 131	global131:?
Global 132	global132:?
Global 133	global133:?
Global 134	global134:?
Global 135	global135:?
Global 136	global136:?
Global 137	global137:?
Global 138	global138:?
Global 139	global139:?
Global 140	global140:?
Global 141	global141:?
Global 142	global142:?
Global 143	global143:?
Global 144	global144:?
Global 145	global145:?
Global 146	global146:?
Global 147	global147:?
Global 148	global148:?
Global 149	global149:?
Global 150	global150:?
Global 151	global151:?
Global 152	global152:?
Global 153	global153:?
Global 154	global154:?
Global 155	global155:?
Global 156	global156:?
Global 157	global157:?
Global 158	global158:?
Global 159	global159:?
Global 160	global160:?
Global 161	global161:?
Global 162	global162:?
Global 163	global163:?
Global 164	global164:?
Global 165	global165:?
Global 166	global166:?
Global 167	global167:?
Global 168	global168:?
Global 169	global169:?
Global 170	global170:?
Global 171	global171:?
Global 172	global172:?
Global 173	global173:?
Global 174	global174:?
Global 175	global175:?
Global 176	global176:?
Global 177	global177:?
Global 178	global178:?
Global 179	global179:?
Global 180	global180:?
Global 181	global181:?
Global 182	global182:?
Global 183	global183:?
Global 184	global184:?
Global 185	global185:?
Global 186	global186:?
Global 187	global187:?
Global 188	global188:?
Global 189	global189:?
Global 190	global190:?
Global 191	global191:?
Global 192	global192:?
Global 193	global193:?
Global 194	global194:?
Global 195	global195:?
Global 196	global196:?
Global 197	global197:?
Global 198	global198:?
Global 199	global199:?
Global 200	global200:?
Global 201	global201:?
Global 202	global202:?
Global 203	global203:?
Global 204	global204:?
Global 205	global205:?
Global 206	global206:?
Global 207	global207:?
Global 208	global208:?
Global 209	global209:?
Global 210	global210:?
Global 211	global211:?
Global 212	global212:?
Global 213	global213:?
Global 214	global214:?
Global 215	global215:?
Global 216	global216:?
Global 217	global217:?
Global 218	global218:?
Global 219	global219:?
Global 220	global220:?
Global 221	global221:?
Global 222	global222:?
Global 223	global223:?
Global 224	global224:?
Global 225	global225:?
Global 226	global226:?
Global 227	global227:?
Global 228	global228:?
Global 229	global229:?
Global 230	global230:?
Global 231	global231:?
Global 232	global232:?
Global 233	global233:?
Global 234	global234:?
Global 235	global235:?
Global 236	global236:?
Global 237	global237:?
Global 238	global238:?
Global 239	global239:?

Action 0	Quit		! 'q//'
				! 'quit'
Action 1	Restart		! 'restart'
Action 2	Restore		! 'restore'
Action 3	Save		! 'save'
Action 4	Verify		! 'verify'
Action 5	ScriptOn	! 'transcrip'
				! 'transcrip' 'on'
				! 'script'
				! 'script' 'on'
Action 6	ScriptOff	! 'transcrip' 'off'
				! 'script' 'off'
Action 7	Look		! 'l//'/'look'
Action 8	Answer		! 'answer'/'say'/'shout'/'speak' topic 'to' creature
Action 9	Ask		! 'ask' creature 'about' topic
Action 10	Attack		! 'attack'/'break'/'crack'/'destroy'/'fight'/'hit'/'kill'/'murder'/'punch'/'smash'/'thump'/'torture'/'wreck' noun
Action 11	Burn		! 'burn'/'light' noun
Action 12	Buy		! 'buy'/'purchase' noun
Action 13	Climb		! 'climb'/'scale' noun
				! 'climb'/'scale' 'on' noun
				! 'climb'/'scale' 'up'/'over' noun
Action 14	Close		! 'close'/'cover'/'shut' noun
				! 'close'/'cover'/'shut' 'up' noun
Action 15	Consult		! 'read' 'about' topic 'in' noun
				! 'read' topic 'in' noun
				! 'consult' noun 'on'/'about' topic
				! 'l//'/'look' 'up' topic 'in' noun
Action 16	Cut		! 'chop'/'cut'/'prune'/'slice' noun
Action 17	Disrobe		! 'disrobe'/'doff'/'shed' held
				! 'remove' held
				! 'carry'/'hold'/'take' 'off' noun
Action 18	Drink		! 'drink'/'sip'/'swallow' noun
Action 19	Drop		! 'discard'/'drop'/'throw' multiheld
				! 'put' multiheld 'down'
				! 'put' 'down' multiheld
Action 20	Eat		! 'eat' held
Action 21	Enter		! 'sit' 'on'/'in'/'inside' noun
				! 'sit' 'on' 'top' 'of' noun
				! 'cross'/'enter' noun
				! 'go'/'leave'/'run'/'walk' noun
				! 'go'/'leave'/'run'/'walk' 'into'/'in'/'inside'/'through' noun
				! 'stand' 'on' noun
				! 'get' 'in'/'into'/'on'/'onto' noun
Action 22	Examine		! 'read' noun
				! 'check'/'describe'/'examine'/'watch'/'x//' noun
				! 'l//'/'look' 'at' noun
Action 23	Exit		! 'off'
				! 'hop'/'jump'/'skip' 'down'
				! 'exit'/'out'
				! 'stand'
				! 'stand' 'up'
				! 'get' 'out'/'off'/'up'
				! 'get' 'down'
Action 24	GetOff		! 'get' 'off' noun
Action 25	Give		! 'feed'/'give'/'offer'/'pay' creature held
				! 'feed'/'give'/'offer'/'pay' held 'to' creature
Action 26	Go		! 'go'/'leave'/'run'/'walk'
				! 'go'/'leave'/'run'/'walk' noun=routine187816
Action 27	Insert		! 'discard'/'drop'/'throw' multiexcept 'in'/'into'/'down' noun
				! 'insert' multiexcept 'in'/'into' noun
				! 'put' multiexcept 'in'/'inside'/'into' noun
Action 28	Inv		! 'i//'/'inv'/'inventory'
				! 'carry'/'hold'/'take' 'inventory'
Action 29	Jump		! 'hop'/'jump'/'skip'
Action 30	Kiss		! 'love' creature
				! 'love' 'on' creature
				! 'kiss' creature
				! 'kiss' 'on' creature
				! 'embrace'/'hug' creature
Action 31	Listen		! 'hear' noun
				! 'listen'
				! 'listen' 'to' noun
Action 32	LMode1		! 'normal'
				! 'brief'
Action 33	LMode2		! 'long'
				! 'verbose'
Action 34	LMode3		! 'short'
				! 'superbrie'
Action 35	Lock		! 'lock' noun 'with' held
Action 36	LookUnder	! 'l//'/'look' 'under' noun
Action 37	Mild		! 'bother'/'curses'/'darn'/'drat'
Action 38	No		! 'no'
Action 39	Yes		! 'nod' 'head'
				! 'shake' 'head'
				! 'y//'/'yes'
Action 40	NotifyOff	! 'notify' 'off'
Action 41	NotifyOn	! 'notify'
				! 'notify' 'on'
Action 42	Open		! 'open'/'uncover'/'unwrap' noun
Action 43	Pronouns	! 'pronouns'
				! 'nouns'
Action 44	Pull		! 'drag'/'pull' noun
Action 45	Push		! 'clear'/'move'/'press'/'push'/'shift' noun
Action 46	Turn		! 'rotate'/'screw'/'turn'/'twist'/'unscrew' noun
Action 47	PushDir		! 'clear'/'move'/'press'/'push'/'shift' noun noun=routine187888
				! 'clear'/'move'/'press'/'push'/'shift' noun 'to' noun=routine187912
				! 'drag'/'pull' noun noun=routine187840
				! 'drag'/'pull' noun 'to' noun=routine187864
Action 48	PutOn		! 'discard'/'drop'/'throw' multiexcept 'on'/'onto' noun
				! 'put' multiexcept 'on'/'onto' noun
Action 49	Remove		! 'remove' multiinside 'from' noun
				! 'get' multiinside 'from' noun
				! 'carry'/'hold'/'take' multiinside 'off' noun
				! 'carry'/'hold'/'take' multiinside 'from' noun
Action 50	Rub		! 'clean'/'dust'/'polish'/'scrub'/'shine'/'sweep'/'wipe' noun
Action 51	Score		! 'score'
Action 52	Search		! 'dig' noun
				! 'dig' 'in' noun
				! 'search' noun
				! 'l//'/'look' 'inside'/'in'/'into'/'through' noun
Action 53	SetTo		! 'adjust'/'set' noun 'to' topic
Action 54	Show		! 'display'/'present'/'show' creature held
				! 'display'/'present'/'show' held 'to' creature
Action 56	Sleep		! 'nap'/'sleep'
Action 57	Smell		! 'smell'/'sniff'
				! 'smell'/'sniff' noun
Action 58	Sorry		! 'sorry'
Action 59	Squeeze		! 'squash'/'squeeze' noun
Action 60	Strong		! 'damn'/'fuck'/'shit'
Action 61	Swing		! 'swing' noun
				! 'swing' 'on' noun
Action 62	SwitchOff	! 'switch' 'off' noun
				! 'switch' noun 'off'
				! 'rotate'/'screw'/'turn'/'twist'/'unscrew' 'off' noun
				! 'rotate'/'screw'/'turn'/'twist'/'unscrew' noun 'off'
				! 'close'/'cover'/'shut' 'off' noun
Action 63	SwitchOn	! 'switch' noun
				! 'switch' noun 'on'
				! 'switch' 'on' noun
				! 'rotate'/'screw'/'turn'/'twist'/'unscrew' 'on' noun
				! 'rotate'/'screw'/'turn'/'twist'/'unscrew' noun 'on'
Action 64	Take		! 'fetch' multi
				! 'pick' multi 'up'
				! 'pick' 'up' multi
				! 'get' multi
				! 'carry'/'hold'/'take' multi
Action 65	Taste		! 'taste' noun
Action 66	Tell		! 'tell' creature 'about' topic
Action 67	Think		! 'think'
Action 68	ThrowAt		! 'discard'/'drop'/'throw' held 'at'/'against'/'on'/'onto' noun
Action 69	Tie		! 'attach'/'fasten'/'fix'/'tie' noun 'to' noun
Action 70	Touch		! 'feel'/'touch' noun
Action 71	Unlock		! 'unlock' noun 'with' held
				! 'open'/'uncover'/'unwrap' noun 'with' held
Action 72	Wait		! 'wait'/'z//'
Action 73	Wake		! 'awake'/'awaken'/'wake'
				! 'awake'/'awaken'/'wake' 'up'
Action 74	WakeOther	! 'awake'/'awaken'/'wake' creature
				! 'awake'/'awaken'/'wake' 'up' creature
				! 'awake'/'awaken'/'wake' creature 'up'
Action 75	Wave		! 'wave' noun
Action 76	WaveHands	! 'wave'
Action 77	Wear		! 'put' 'on' held
				! 'don'/'wear' held
Action 78	AskFor		! 'ask' creature 'for' noun
Action 79	MistakeAction	! 'talk' routine186368 'to' 'me'
				! 'talk' routine186384 'to' 'myself'
				! 'talk' routine186400 'to' 'self'
				! 'dig' routine186352
				! 'embrace'/'hug' routine186336 creature
				! 'go'/'leave'/'run'/'walk' routine186320
Action 80	A109_begging	! 'beg'
Action 81	A111_playing_dead ! 'play' 'dead'
Action 82	Version		! 'version'
Action 83	A80_asking_for_help ! 'walkthru'
				! 'walkthrou'
				! 'info'
				! 'about'
				! 'hints'
				! 'hint'
				! 'help'
Action 85	A82_licking	! 'lick' noun=routine187936
				! 'lick' 'on' noun=routine187960
Action 86	A83_cuddling	! 'love' 'dino'
				! 'love' 'dinosaur'
				! 'love' 'on' 'dino'
				! 'love' 'on' 'dinosaur'
				! 'kiss' 'dino'
				! 'kiss' 'dinosaur'
				! 'kiss' 'on' 'dino'
				! 'kiss' 'on' 'dinosaur'
				! 'embrace'/'hug' 'dino'
				! 'embrace'/'hug' 'dinosaur'
Action 87	A84_scratching_it ! 'scratch'
				! 'scratch' 'me'
				! 'scratch' 'player'
				! 'scratch' 'self'
				! 'scratch' 'myself'
Action 88	A85_scratching	! 'scratch' noun
Action 89	A86_scratching_pet ! 'scratch' 'pet'
				! 'scratch' 'master'
				! 'scratch' 'owner'
				! 'scratch' 'him'
				! 'scratch' 'man'
Action 90	A87_chewing	! 'bite' noun
				! 'bite' 'on' noun
				! 'chew' noun
				! 'chew' 'on' noun
Action 91	A88_barking	! 'yap'
				! 'yip'
				! 'bark'
Action 92	A89_barking_at	! 'bark' 'to' noun
				! 'bark' 'at' noun
Action 93	A90_shaking	! 'shake' noun
Action 94	A91_shaking_pet	! 'shake' 'pet'
				! 'shake' 'master'
				! 'shake' 'owner'
				! 'shake' 'man'
				! 'shake' 'him'
Action 95	A92_using	! 'use' noun
Action 96	A93_using_it_on	! 'use' noun 'on' noun
Action 97	A94_wagging_tail ! 'wag' 'tail'
				! 'wag' 'my' 'tail'
				! 'shake' 'tail'
Action 98	A95_pottying	! 'urinate'
				! 'poop'
				! 'poo'
				! 'pee'
				! 'use' 'toilet'
				! 'go'/'leave'/'run'/'walk' 'potty'
Action 99	A96_pottying_on	! 'urinate' 'in' noun
				! 'urinate' 'on' noun
				! 'poop' 'in' noun
				! 'poop' 'on' noun
				! 'poo' 'in' noun
				! 'poo' 'on' noun
				! 'pee' 'in' noun
				! 'pee' 'on' noun
Action 100	A97_laying	! 'lay' 'down'
				! 'lie' 'down'
Action 101	A98_talking	! 'whimper'
				! 'whine'
				! 'growl'
				! 'talk'
				! 'answer'/'say'/'shout'/'speak'
Action 102	A99_talking_to	! 'growl' 'at' creature
				! 'talk' 'to' creature
Action 103	A100_confiding	! 'growl' 'at' 'dino'
				! 'growl' 'at' 'dinosaur'
				! 'talk' 'to' 'dino'
				! 'talk' 'to' 'friend'
				! 'talk' 'to' 'dinosaur'
				! 'bark' 'at' 'dino'
				! 'bark' 'at' 'dinosaur'
Action 104	A101_howling	! 'howl'
				! 'sing'
Action 105	A102_making	! 'snack'
				! 'make' 'snack'
				! 'make' 'sandwich'
Action 106	A103_jumping_on	! 'hop'/'jump'/'skip' 'onto' noun
				! 'hop'/'jump'/'skip' 'on' noun
				! 'hop'/'jump'/'skip' 'up' 'onto' noun
				! 'hop'/'jump'/'skip' 'up' 'on' noun
Action 107	A104_jumping_up	! 'hop'/'jump'/'skip' 'up'
Action 108	A105_jumping_pet ! 'hop'/'jump'/'skip' 'on' 'pet'
				! 'hop'/'jump'/'skip' 'on' 'master'
				! 'hop'/'jump'/'skip' 'on' 'owner'
				! 'hop'/'jump'/'skip' 'on' 'him'
				! 'hop'/'jump'/'skip' 'on' 'man'
Action 109	A106_sitting	! 'sit'
				! 'sit' 'down'
Action 110	A107_playing_with ! 'play' 'with' noun
Action 111	A108_rolling_over ! 'rollover'
				! 'roll' 'over'
Action 112	A110_spinning	! 'chase'
				! 'chase' 'tail'
				! 'spin'
				! 'spin' 'around'
				! 'rotate'/'screw'/'turn'/'twist'/'unscrew' 'around'
				! 'get' 'tail'
Action 113	A112_shaking_hands ! 'paw'
				! 'shake'
				! 'shake' 'hands'
				! 'shake' 'hand'
				! 'shake' 'me'
				! 'shake' 'self'
				! 'shake' 'yourself'
				! 'shake' 'paw'
Action 115	A114_channel_surfing ! 'change' 'channel'
				! 'channel' 'surf'
				! 'switch' 'show'
				! 'switch' 'channel'

Word	cupboards	cupboards
Word	everythin	everythin
Word	flickerin	flickerin
Word	four-leg	four-leg
Word	fullscore	fullscore
Word	i7_libr	i7_libr
Word	inventory	inventory
Word	leftovers	leftovers
Word	library_	library_
Word	northeast	northeast
Word	northwest	northwest
Word	refrigera	refrigera
Word	seventeen	seventeen
Word	southeast	southeast
Word	southwest	southwest
Word	superbrie	superbrie
Word	televisio	televisio
Word	transcrip	transcrip
Word	twenty-e	twenty-e
Word	twenty-f	twenty-f
Word	twenty-n	twenty-n
Word	twenty-o	twenty-o
Word	twenty-s	twenty-s
Word	twenty-t	twenty-t
Word	walkthrou	walkthrou

Routine 0xbf00	routine48896:?
Routine 0xbf08	routine48904:?
Routine 0xbf18	routine48920:?
Routine 0xbf60	routine48992:?
Routine 0xbf68	routine49000:?
Routine 0xbfb0	routine49072:?
Routine 0xc010	routine49168:?
Routine 0xc048	routine49224:?
Routine 0xc058	routine49240:?
Routine 0xc068	routine49256:?
Routine 0xc070	routine49264:?
Routine 0xc088	routine49288:?
Routine 0xc0a0	routine49312:?
Routine 0xc0f0	routine49392:?
Routine 0xc108	routine49416:?
Routine 0xc160	routine49504:?
Routine 0xc188	routine49544:?
Routine 0xc1a0	routine49568:?
Routine 0xc1b8	routine49592:?
Routine 0xc1c8	routine49608:?
Routine 0xc208	routine49672:?
Routine 0xc218	routine49688:?
Routine 0xc220	routine49696:?
Routine 0xc228	routine49704:?
Routine 0xc230	routine49712:?
Routine 0xc238	routine49720:?
Routine 0xc258	routine49752:?
Routine 0xc2d0	routine49872:?
Routine 0xc348	routine49992:?
Routine 0xc370	routine50032:?
Routine 0xc378	routine50040:?
Routine 0xc380	routine50048:?
Routine 0xc3b8	routine50104:?
Routine 0xc3d0	routine50128:?
Routine 0xc3f0	routine50160:?
Routine 0xc418	routine50200:?
Routine 0xc428	routine50216:?
Routine 0xc430	routine50224:?
Routine 0xc438	routine50232:?
Routine 0xc450	routine50256:?
Routine 0xc470	routine50288:?
Routine 0xc490	routine50320:?
Routine 0xc4c8	routine50376:?
Routine 0xc4e8	routine50408:?
Routine 0xc528	routine50472:?
Routine 0xc568	routine50536:?
Routine 0xc630	routine50736:?
Routine 0xc640	routine50752:?
Routine 0xc648	routine50760:?
Routine 0xc650	routine50768:?
Routine 0xc658	routine50776:?
Routine 0xc6e0	routine50912:?
Routine 0xc708	routine50952:?
! References: CompassDirection.description, K3_direction.description, obj32.description, obj33.description, obj34.description, obj35.description, obj36.description, obj37.description, obj38.description, obj39.description, obj40.description, obj41.description, obj42.description, obj43.description
Routine 0xc710	routine50960:?
Routine 0xc720	routine50976:?
Routine 0xc8f8	routine51448:?
Routine 0xc930	routine51504:?
Routine 0xc938	routine51512:?
Routine 0xc940	routine51520:?
Routine 0xc968	routine51560:?
Routine 0xc9b8	routine51640:?
Routine 0xc9d0	routine51664:?
Routine 0xc9e8	routine51688:?
Routine 0xca18	routine51736:?
Routine 0xca48	routine51784:?
Routine 0xca60	routine51808:?
Routine 0xca78	routine51832:?
Routine 0xcab0	routine51888:?
Routine 0xcaf0	routine51952:?
Routine 0xcb10	routine51984:?
Routine 0xcb40	routine52032:?
Routine 0xeea0	routine61088:?
Routine 0xef18	routine61208:?
Routine 0xef70	routine61296:?
Routine 0xf020	routine61472:?
Routine 0xf058	routine61528:?
Routine 0xf0b8	routine61624:?
Routine 0xf0d0	routine61648:?
Routine 0xf0e8	routine61672:?
Routine 0xf108	routine61704:?
Routine 0xf138	routine61752:?
Routine 0xf160	routine61792:?
Routine 0xf1c8	routine61896:?
Routine 0xf2e0	routine62176:?
Routine 0xf2f8	routine62200:?
Routine 0xf310	routine62224:?
Routine 0xf330	routine62256:?
Routine 0xf350	routine62288:?
Routine 0xf360	routine62304:?
Routine 0xf430	routine62512:?
Routine 0xf4b8	routine62648:?
Routine 0xf550	routine62800:?
Routine 0xf5c8	routine62920:?
Routine 0xf638	routine63032:?
Routine 0xf6f0	routine63216:?
Routine 0xf700	routine63232:?
Routine 0xf7a8	routine63400:?
Routine 0xf830	routine63536:?
Routine 0xf850	routine63568:?
Routine 0xf8b0	routine63664:?
Routine 0xfa98	routine64152:?
Routine 0xfba8	routine64424:?
Routine 0xfc70	routine64624:?
Routine 0xfec0	routine65216:?
Routine 0xfed8	routine65240:?
Routine 0xff00	routine65280:?
Routine 0xff60	routine65376:?
Routine 0xff70	routine65392:?
Routine 0xff90	routine65424:?
Routine 0xffc8	routine65480:?
Routine 0xffd8	routine65496:?
Routine 0xffe8	routine65512:?
Routine 0xfff8	routine65528:?
Routine 0x10028	routine65576:?
Routine 0x10050	routine65616:?
Routine 0x10068	routine65640:?
Routine 0x10078	routine65656:?
Routine 0x10080	routine65664:?
Routine 0x10098	routine65688:?
Routine 0x100a8	routine65704:?
Routine 0x100d8	routine65752:?
Routine 0x10118	routine65816:?
Routine 0x10138	routine65848:?
Routine 0x10190	routine65936:?
Routine 0x10260	routine66144:?
Routine 0x10278	routine66168:?
Routine 0x102d8	routine66264:?
Routine 0x10308	routine66312:?
Routine 0x10398	routine66456:?
Routine 0x103b8	routine66488:?
Routine 0x103c8	routine66504:?
Routine 0x10580	routine66944:?
Routine 0x10f00	routine69376:?
Routine 0x10f18	routine69400:?
Routine 0x10fa8	routine69544:?
Routine 0x113b8	routine70584:?
Routine 0x113d8	routine70616:?
Routine 0x11428	routine70696:?
Routine 0x11578	routine71032:?
Routine 0x115b0	routine71088:?
Routine 0x11600	routine71168:?
Routine 0x11618	routine71192:?
Routine 0x11620	routine71200:?
Routine 0x11630	routine71216:?
Routine 0x11640	routine71232:?
Routine 0x11af0	routine72432:?
Routine 0x11b50	routine72528:?
Routine 0x11b78	routine72568:?
Routine 0x11e40	routine73280:?
Routine 0x11ed0	routine73424:?
Routine 0x11f60	routine73568:?
Routine 0x12008	routine73736:?
Routine 0x12050	routine73808:?
Routine 0x12070	routine73840:?
Routine 0x12270	routine74352:?
Routine 0x122b8	routine74424:?
Routine 0x122f0	routine74480:?
Routine 0x123e8	routine74728:?
Routine 0x12460	routine74848:?
Routine 0x124e8	routine74984:?
Routine 0x12518	routine75032:?
Routine 0x12550	routine75088:?
Routine 0x12598	routine75160:?
Routine 0x125c0	routine75200:?
Routine 0x125d8	routine75224:?
Routine 0x12600	routine75264:?
Routine 0x12648	routine75336:?
Routine 0x12688	routine75400:?
Routine 0x12738	routine75576:?
Routine 0x12768	routine75624:?
Routine 0x12858	routine75864:?
Routine 0x12898	routine75928:?
Routine 0x128f8	routine76024:?
Routine 0x12a08	routine76296:?
Routine 0x12a60	routine76384:?
Routine 0x12a90	routine76432:?
Routine 0x12ad8	routine76504:?
Routine 0x12bc8	routine76744:?
