! ----------------------------------------------------
!   Spellbreaker_63_850916.reform
!   ATG Release 3 Serial 070903
!   Contents:
!      Header
!      Globals
!      Attributes
!      Properties
!      Objects
!      Actions
!      Routines
!      Words

! ------------------------------- Header -------------------------------

MD5  7a92ce19a39bedd970d0f1e296981f71
CodeArea  0x59be  0x1dc64
StringArea  0x1dc64  0x1f5e0

Enum rarg M_END=0 M_HANDLED=1 M_ENTER=2 M_3=3 M_LEAVE=4 M_LOOK=5

Enum verbose_stat M_SUPERBRIEF=0 M_BRIEF=1 M_VERBOSE=2

Enum p_searchlevels P_SRCTOP=0 P_SRCALL=1 P_SRCBOT=2
Enum p_searchlevelbits SH=128 SC=64 SIR=32 SOG=16 STAKE=8 SMANY=4 SHAVE=2 1=1
Enum p_partsofspeech P_VERB=0 P_VERBN=1 P_PREP1=2 P_PREP1N=3 P_PREP2=4 P_PREP2N=5 P_NC1=6 P_NC1L=7 P_NC2=8 P_NC2L=9
Enum p_p1off P_P1OFF=5
Enum p_partofspeechbit PS_OBJECT=128 PS_VERB=64 PS_ADJECTIVE=32 PS_DIRECTION=16 PS_PREPOSITION=8 PS_BUZZ_WORD=4
Enum p_partofspeechrtnval P1_DIRECTION=3 P1_ADJECTIVE=2 P1_VERB=1 P1_OBJECT=0 5=5
Enum act_result A_SUCCESS=1 A_FAILURE=2
! ------------------------------ Globals -------------------------------
Global      191 second_intnum:int
GlobalArray 159 P_inbuf:array(~char,n*~dictword)
GlobalArray  87 P_lexv:array(~int,~int,119*dictword)
Global      102 noun:object
Global      216 second:object

Global       57 brief_status:verbose_stat
Global       48 Hyperthermia_status:int
Global        0 location:object
Global       97 Guild_meeting_cnt:int
Global        5 Pitch_black_msg:string
Global       10 Octagonal_msg:string
Global       12 Rock_grumbles_msg:string
Global       13 Mind_read_msg:string
Global       22 Waste_time_msg:string
Global       29 Current_msg:string
Global       49 Cube_msg:string
Global       56 Nothing_to_msg:string
Global       58 No_refer_msg:string
Global       69 Noun_missing_msg:string
Global       72 Idol_sees_msg:string
Global       82 More_specific_msg:string
Global       89 Period_newline_msg:string
Global       92 Looks_like_msg:string
Global       94 Dont_have_msg:string
Global       99 Too_dark_msg:string
Global      100 Nothing_to_write_msg:string
Global      107 Cant_see_msg:string
Global      109 Glowing_msg:string
Global      114 You_cant_msg:string
Global      116 Taken_msg:string
Global      120 Failed_msg:string
Global      121 Brimstone_msg:string
Global      126 Look_around_msg:string
Global      129 Pipe_msg:string
Global      139 Unrecognize_msg:string
Global      141 Already_are_msg:string
Global      144 No_understand_msg:string
Global      151 Cant_reach:string
Global      154 Doesnt_fit_msg:string
Global      161 You_are_now_msg:string
Global      162 You_arent:string
Global      163 It_is_already:string
Global      164 Nothing_happens_at_first:string
Global      166 Deaths:int
Global      169 Door_is_closed_and_locked:string
Global      173 You_hit_your_Head:string
Global      175 I_dont_think:string
Global      180 Providing_light:string
Global      183 Guards_kill:string
Global      187 Too_far_away:string
GlobalArray 190 Indents:array(6*string)
Global      195 While_flying:string
Global      203 Nothing_happens:string
Global      204 Descriptions_str:string
Global      206 You_already_have:string
Global      213 There_is_nothing:string
Global      214 Carpet_ripples:string
Global      215 Rocks_look_unbalanced:string
Global      219 Rock_bobs:string
Global      220 No_room:string
Global      223 Youll_have_to:string
Global      225 Lurking_in_the_dark:string
Global      227 Transcript_header:string
Global 201 Okay:string

Global      136 Verb:action
Global      234 Verbs:^array

LastGlobal  234

! ----------------------------- Attributes -----------------------------

Attribute  2 unique
Attribute  3 surface
Attribute  5 water_room
Attribute  7 air_room
Attribute  8 light
Attribute 10 no_article
Attribute 12 concealed
Attribute 14 vowelstart
Attribute 17 treasure
Attribute 21 open
Attribute 22 visited
Attribute 23 readable
Attribute 24 takeable
Attribute 25 door
Attribute 26 toolbit
Attribute 27 container
Attribute 28 dry_land
Attribute 29 vehicle
Attribute 30 weapon
Attribute 31 animate

! ----------------------------- Properties -----------------------------

Property 12 out_to:exit
Property 13 prop13:exit
Property 14 prop14:exit
Property 15 prop15:exit
Property 16 nw_to:exit
Property 17 w_to:exit
Property 18 sw_to:exit
Property 19 s_to:exit
Property 20 se_to:exit
Property 21 e_to:exit
Property 22 ne_to:exit
Property 23 n_to:exit
Property 26 size:int
Property 28 text_string
Property 29 action:^routine(int,rarg)
Property 30 adjectives:adjbytes
Property 31 name:dictwords

! ------------------------------ Objects -------------------------------

Object 1  Sneffle
Object 2  vault_door
Object 3  Boulder
Object 4  gold_box
Object 5  air
Object 6  Carving_Room
Object 7  Ogre_Lair
Object 8  southwest_rune
Object 9  your_hand
Object 10  wrought_iron_key
Object 11  passage
Object 12  magic
Object 13  Belboz
Object 14  rezrov_spell
Object 15  second_pile
Object 16  dusty_scroll
Object 17  north_rune
Object 18  Belwit_Square
Object 19  Orkan_of_Thriff
Object 20  vellum_scroll
Object 21  sorcerer
Object 22  yourself
Object 23  rock
Object 24  Boulder_2
Object 25  cube
Object 26  carving
Object 27  compass_rose
Object 28  Octagonal_Room_1
Object 29  Cliff_Middle
Object 30  Gzornenplatz
Object 31  dirty_scroll
Object 32  cube_2
Object 33  handwritten_word
Object 34  pair_of_pruning_shears
Object 35  lesoch_spell
Object 36  northeast_wall
Object 37  In_Pipe
Object 38  Dungeon_Cell
Object 39  Air_Room
Object 40  octagonal_hole
Object 41  Room_Holder
Object 42  green_eyed_rock
Object 43  chunk_of_rye_bread
Object 44  cube_3
Object 45  Guild_Hall
Object 46  Meadow
Object 47  roc
Object 48  first_pile
Object 49  Boulder_3
Object 50  ice_floe
Object 51  Grue_Cave
Object 52  it
Object 53  alabaster_plug
Object 54  local_globals
Object 55  your_head
Object 56  Octagonal_Room_2
Object 57  blorple_spell
Object 58  southwest_wall
Object 59  Hoobly
Object 60  cube_4
Object 61  northwest_rune
Object 62  Octagonal_Room_3
Object 63  light
Object 64  sleep
Object 65  hermit
Object 66  cube_5
Object 67  massive_cabinet
Object 68  throck_spell
Object 69  white_scroll
Object 70  label
Object 71  lava_fragment
Object 72  pile_of_junk
Object 73  globals
Object 74  North_of_Serpent
Object 75  moldy_book
Object 76  Council_Chamber
Object 77  it_2
Object 78  rodent_idol
Object 79  Mid_Ocean
Object 80  Volcano
Object 81  wall
Object 82  snavig_spell
Object 83  String_Room
Object 84  outflow_pipe
Object 85  cube_6
Object 86  cube_7
Object 87  Fire_Room
Object 88  Water_Room
Object 89  Open_Ocean
Object 90  Wilderness
Object 91  Guard_Tower
Object 92  cube_8
Object 93  Octagonal_Room_4
Object 94  cube_9
Object 95  beautiful_blue_carpet
Object 96  cliff
Object 97  Oubliette
Object 98  No_Place
Object 99  cube_10
Object 100  cube_11
Object 101  Smooth_Room
Object 102  Cave_Room
Object 103  Dark_Room
Object 104  west_rune
Object 105  tinsot_spell
Object 106  south_wall
Object 107  massive_cabinet_2
Object 108  northwest_wall
Object 109  Cliff_Top
Object 110  stained_scroll
Object 111  Light_Pool
Object 112  damp_scroll
Object 113  grouper_nest
Object 114  Ruins_Room
Object 115  Bazaar
Object 116  Ruined_Pipe
Object 117  hole
Object 118  Light_Room
Object 119  Octagonal_Room_5
Object 120  Soft_Room
Object 121  roc_egg
Object 122  Emporium
Object 123  smoked_fish
Object 124  opal_eye
Object 125  flimsy_scroll
Object 126  east_rune
Object 127  In_Pipe_2
Object 128  ice
Object 129  channel
Object 130  gold_coin
Object 131  serpent
Object 132  Boneyard
Object 133  water
Object 134  cube_12
Object 135  weed
Object 136  shadowy_figure
Object 137  Dungeon
Object 138  room
Object 139  scruffy_red_carpet
Object 140  Octagonal_Room_6
Object 141  Enchanters_Retreat
Object 142  Dungeon_East_End
Object 143  cube_13
Object 144  spell_book
Object 145  bottle
Object 146  your_eyes
Object 147  Midair
Object 148  construction
Object 149  magic_burin
Object 150  frotz_spell
Object 151  Magic_Room
Object 152  Plain
Object 153  north_wall
Object 154  cube_14
Object 155  espnis_spell
Object 156  Packed_Earth
Object 157  In_Roc_Nest
Object 158  inflow_pipe
Object 159  east_wall
Object 160  crack
Object 161  grouper
Object 162  On_Pillar
Object 163  lines
Object 164  Inner_Vault
Object 165  girgol_spell
Object 166  Glacier
Object 167  Octagonal_Room_7
Object 168  west_wall
Object 169  cube_15
Object 170  knife
Object 171  cube_16
Object 172  mouth
Object 173  Changing_Room
Object 174  grue
Object 175  roc_chick
Object 176  Dark_Cave
Object 177  unnamed
Object 178  In_Thick_Clouds
Object 179  yomin_spell
Object 180  Cliff_Bottom
Object 181  In_Channel
Object 182  Castle
Object 183  speaker
Object 184  outcropping
Object 185  Nondescript_Room
Object 186  water_2
Object 187  cloud_of_orange_smoke
Object 188  ground
Object 189  shop_door
Object 190  it_3
Object 191  Octagonal_Room_8
Object 192  southeast_rune
Object 193  Ardis
Object 194  channel_2
Object 195  Outcropping_Room
Object 196  cube_17
Object 197  number
Object 198  Hall_of_Stone
Object 199  zipper
Object 200  Stone_Hut_Room
Object 201  Ruins_Room_2
Object 202  inflow_pipe_2
Object 203  ceiling
Object 204  merchant
Object 205  gnusto_spell
Object 206  outflow_pipe_2
Object 207  liskon_spell
Object 208  cell_door
Object 209  cube_18
Object 210  caskly_spell
Object 211  cave
Object 212  Ocean_Floor
Object 213  brown_eyed_rock
Object 214  pillar
Object 215  sack
Object 216  cube_19
Object 217  Temple
Object 218  Bare_Room
Object 219  lurking_grue
Object 220  Volcano_Base
Object 221  Octagonal_Room_9
Object 222  cube_20
Object 223  cube_21
Object 224  iron_door
Object 225  cube_22
Object 226  Sand_Room
Object 227  stone_hut
Object 228  Outer_Vault
Object 229  alarm_fairy
Object 230  malyon_spell
Object 231  In_Pipe_3
Object 232  Cave_Entrance
Object 233  ogre
Object 234  pipe
Object 235  fangs
Object 236  cube_23
Object 237  south_rune
Object 238  southeast_wall
Object 239  cube_24
Object 240  northeast_rune
Object 241  jindak_spell
Object 242  original
Object 243  Mountain_Top
Object 244  dirt
Object 245  trap_door
Object 246  treasure
Object 247  Dungeon_Cell_2
Object 248  opal_shard
Object 249  pseudo

! ------------------------------ Actions -------------------------------

Action   0 Verbose
Action   1 Brief
Action   2 Superbrief
Action   3 Diagnose
Action   4 Inventory
Action   5 Quit
Action   6 Restart
Action   7 Restore
Action   8 Save
Action   9 Score
Action  10 Script
Action  11 Unscript
Action  12 Version
Action  13 Verify
Action  14 Answer
Action  15 AnswerObj
Action  16 Insert
Action  17 AskFor
Action  18 AskAbout
Action  19 Attack
Action  20 Bite
Action  21 Inflate
Action  22 SwitchOff
Action  23 Board
Action  23 HideIn
Action  23 LieOn
Action  24 Burn
Action  25 Climb
Action  26 ClimbOn
Action  27 ClimbUp
Action  28 ClimbDown
Action  29 ClimbOver
Action  30 ClimbOut
Action  31 Sleep
Action  32 Close
Action  33 Compare
Action  34 Count
Action  35 Cross
Action  36 Cut
Action  37 Curse
Action  38 Destroy
Action  39 Dig
Action  40 Drink
Action  41 DrinkFrom
Action  42 Drop
Action  43 Eat
Action  44 Enter
Action  45 EnterObj
Action  46 Exit
Action  47 Examine
Action  48 LookIn
Action  49 Find
Action  50 Fill
Action  51 Fly
Action  52 Follow
Action  53 Forget
Action  54 Give
Action  55 GiveReverse
Action  56 GiveFor
Action  57 Hello
Action  58 Help
Action  59 Hide
Action  60 HideFrom
Action  61 Jump
Action  62 Kick
Action  63 Kill
Action  64 Kiss
Action  65 Knock
Action  66 Land
Action  67 LeanOn
Action  68 Leave
Action  69 Listen
Action  70 Lock
Action  71 Look
Action  72 LookDown
Action  73 LookUnder
Action  74 LookBehind
Action  75 Read
Action  76 LookUp
Action  77 What
Action  78 LookObj
Action  79 Lower
Action  80 LowerIn
Action  81 Melt
Action  82 MoveMe
Action  83 Move
Action  84 Pay
Action  85 PayReverse
Action  86 Play
Action  87 Open
Action  88 Pick
Action  89 Take
Action  90 Clog
Action  91 Repair
Action  92 Point
Action  93 Pour
Action  94 PumpUp
Action  95 Press
Action  96 PushDirection
Action  97 PushUnder
Action  98 PutOn
Action  99 Wear
Action 100 PutBehind
Action 101 Raise
Action 102 ReachIn
Action 103 Remove
Action 104 Tell
Action 105 Talk
Action 106 Search
Action 107 SendFor
Action 108 Shake
Action 109 Call
Action 110 Sharpen
Action 111 Shoot
Action 112 Show
Action 113 ShowReverse
Action 114 SitAt
Action 115 Hop
Action 116 Smell
Action 117 Spin
Action 118 Squeeze
Action 119 Rise
Action 120 StandOn
Action 121 Swim
Action 122 Swing
Action 123 TellAbout
Action 124 TellAboutReverse
Action 125 Thank
Action 126 Throw
Action 127 ThrowOver
Action 128 Tie
Action 129 TieUp
Action 130 Time
Action 131 Torture
Action 132 Touch
Action 133 TouchTo
Action 134 Turn
Action 135 SwitchOn
Action 136 TurnOver
Action 137 Read
Action 138 Untie
Action 139 Wait
Action 140 WaitFor
Action 141 Wake
Action 142 Go
Action 143 GoTo
Action 144 Wave
Action 145 Where
Action 146 Who
Action 147 Yawn
Action 148 Yell
Action 149 Cast
Action 150 Memorize
Action 151 Spells
Action 152 CastFrotz
Action 153 CastGnusto
Action 154 CastMalyon
Action 155 CastRezrov
Action 156 CastYomin
Action 157 CastBlorple
Action 158 CastLesoch
Action 159 CastSnavig
Action 160 CastGirgol
Action 161 CastJindak
Action 162 CastEspnis
Action 163 CastCaskly
Action 164 CastLiskon
Action 165 CastThrock
Action 166 CastTinsot
Action 167 DebugXe
Action 168 Label
Action 169 Inscribe
Action 170 WriteOn
Action 171 Pry
Action 172 Plant
Action 173 Affirmative
Action 174 Negative
Action 175 Buy
Action 176 Sell
Action 177 SellReverse
Action 178 Trade
Action 179 Lurk
Action 180 Erase
Action 181 Admire
Action 182 Copy
Action 183 Bargain
Action 184 DebugRandom
Action 185 DebugComm
Action 186 DebugRecord
Action 187 DebugUnre
! ------------------------------ Routines ------------------------------


Routine  0x59c8 routine22984 
Routine  0x59d2 routine22994 local1 
Routine  0x59de routine23006 
Routine  0x59e6 routine23014 
Routine  0x59ee routine23022 local1 local2 
Routine  0x5a0a routine23050 
Routine  0x5a12 routine23058 
Routine  0x5a1a Article obj:object
Routine  0x5a40 PrintWithThe obj:object cap_it:bool prefix_with_the:bool UNUSED
Routine  0x5a64 routine23140 local1 
Routine  0x5ac8 routine23240 local1 local2 local3 local4 local5 local6 
Routine  0x5b16 routine23318 local1 
Routine  0x5b26 Main
Routine  0x5b6c MainLoop result
Routine  0x5b78 CommandLoop CommandLoop icnt:bool ocnt:int num cnt:int obj:object tbl v:act_result ptbl:bool obj1:object temp:bool tmp_obj
Routine  0x5e08 MetaVerbP
Routine  0x5e3c routine24124 local1 local2 
Routine  0x5ec6 routine24262 local1 local2 
Routine  0x5f28 Perform:int act:action obj:object ind_obj:object v:act_result verbtmp:action objtmp:object indtmp:object
Routine  0x6056 routine24662 local1 
Routine  0x6068 routine24680 local1 local2 local3 
Routine  0x6094 Queue:^array(bool) rtn:routine ticks:int cint
Routine  0x60f6 routine24822 local1 local2 local3 local4 local5 local6 
Routine  0x6196 Parser:int ptr:int word:dictword val:int vrb:verbnum dont:bool len:int dir nw:dictword lw:dictword num UNUSED cnt:int local13 local14
Routine  0x67d8 routine26584 
Routine  0x67e6 routine26598 local1 local2 local3 
Routine  0x6806 routine26630 local1 local2 
Routine  0x6816 routine26646 local1 local2 local3 local4 local5 local6 
Routine  0x686a routine26730 local1 local2 local3 
Routine  0x6888 routine26760 local1 local2 local3 local4 local5 local6 local7 
Routine  0x68e8 routine26856 local1 local2 local3 local4 local5 
Routine  0x690e routine26894 local1 local2 local3 local4 local5 local6 local7 local8 local9 local10 
Routine  0x6b1a ParseNumber:dictword ptr len:int nptr digit:int num clocknum mult
Routine  0x6b7e routine27518 local1 local2 local3 local4 local5 local6 local7 
Routine  0x6c2c routine27692 local1 local2 local3 local4 
Routine  0x6c5a routine27738 local1 local2 local3 
Routine  0x6c7e routine27774 local1 local2 local3 local4 local5 local6 
Routine  0x6ccc routine27852 local1 local2 local3 local4 local5 local6 
Routine  0x6d26 OrphanMerge cnt:int temp verb beg end adj:bool word:dictword UNUSED
Routine  0x6f1a AClauseWin otbl:dictword
Routine  0x6f58 NClauseWin
Routine  0x6f86 WordPrint cnt:int buf:int
Routine  0x6f9c UnknownWord ptr buf word
Routine  0x6fde Cant_Use ptr buf word
Routine  0x702c SyntaxCheck syn:int len:int num:int obj drive1 drive2 prep vrb:verbnum tmp attr lbit
Routine  0x71c2 Orphan d1 d2 cnt:int
Routine  0x7262 routine29282 local1 local2 
Routine  0x72a4 routine29348 local1 local2 local3 local4 
Routine  0x72cc BufferPrint beg end cp:bool nosp:bool wrd:dictword first:bool not_prefixed:bool pn
Routine  0x73bc routine29628 local1 local2 local3 
Routine  0x73de IsPerson who:dictword
Routine  0x73f6 Capitalize ptr word
Routine  0x7430 PrepPrint ndx:int prep:dictword
Routine  0x7450 ClauseCopy src:int dst:int insrt beg end ptr
Routine  0x74c6 Clause_Add word:dictword len:int
Routine  0x74e8 PrepositionFind prep cnt:int len:int
Routine  0x750e SyntaxFound syn
Routine  0x751a GWim:object gbit:attribute lbit:int prep:dictword obj:object
Routine  0x7594 routine30100 local1 local2 local3 
Routine  0x75fe ButMerge tbl len butlen cnt:int matches obj ntbl
Routine  0x764c Snarfem ptr eptr tbl but UNUSED wv word:dictword nw:dictword was_all:bool
Routine  0x779a Get_Object tbl:^array(int) vrb:bool gen bits len:int xbits tlen gcheck:bool tmp UNUSED
Routine  0x79a6 routine31142 local1 local2 local3 local4 
Routine  0x7a32 routine31282 local1 local2 local3 local4 local5 
Routine  0x7ab8 routine31416 local1 local2 local3 local4 local5 local6 local7 local8 
Routine  0x7b8e DoSL obj:object bit1:p_searchlevelbits bit2:p_searchlevelbits UNUSED
Routine  0x7bc2 SearchList obj:object tbl lvl:p_searchlevels fls nobj:object
Routine  0x7c2a ObjFound obj:object tbl ptr
Routine  0x7c48 routine31816 
Routine  0x7c64 routine31844 local1 local2 local3 local4 local5 
Routine  0x7d80 routine32128 local1 local2 local3 
Routine  0x7e0a routine32266 local1 local2 local3 local4 
Routine  0x7e3c routine32316 local1 local2 local3 local4 
Routine  0x7e54 routine32340 local1 local2 local3 local4 
Routine  0x7ef0 routine32496 local1 local2 local3 local4 
Routine  0x7f3e routine32574 
Routine  0x7f48 routine32584 
Routine  0x7fa0 DebugCommSub 
Routine  0x7fa6 DebugRandomSub 
Routine  0x7fca DebugRecordSub 
Routine  0x7fd0 DebugUnreSub 
Routine  0x7fd6 routine32726 local1 local2 local3 local4 local5 local6 local7 
Routine  0x803c routine32828 local1 local2 
Routine  0x804e routine32846 local1 local2 
Routine  0x8074 routine32884 local1 local2 
Routine  0x8080 routine32896 local1 local2 
Routine  0x808e routine32910 local1 local2 
Routine  0x8094 routine32916 
Routine  0x86e6 routine34534 
Routine  0x8752 routine34642 
Routine  0x888e routine34958 
Routine  0x88f4 routine35060 
Routine  0x8980 routine35200 local1 local2 
Routine  0x9426 routine37926 local1 
Routine  0x9568 routine38248 local1 
Routine  0x95fc routine38396 local1 local2 local3 
Routine  0x9618 routine38424 local1 
Routine  0x9678 routine38520 
Routine  0x9778 routine38776 local1 
Routine  0x9810 routine38928 local1 
Routine  0x9956 routine39254 
Routine  0x9968 routine39272 local1 
Routine  0x9a60 routine39520 local1 
Routine  0x9ad0 routine39632 
Routine  0x9b16 routine39702 local1 local2 
Routine  0x9c50 routine40016 local1 
Routine  0x9ca4 routine40100 
Routine  0x9dba routine40378 
Routine  0x9e2e routine40494 
Routine  0x9eae routine40622 
Routine  0x9ec4 routine40644 
Routine  0x9efc routine40700 
Routine  0x9f30 routine40752 
Routine  0x9fb0 routine40880 
Routine  0xa02c routine41004 
Routine  0xa06e routine41070 
Routine  0xa12e routine41262 
Routine  0xa152 routine41298 
Routine  0xa1f8 routine41464 
Routine  0xa236 routine41526 
Routine  0xa244 routine41540 local1 local2 local3 
Routine  0xa2a4 GroupearEats food:object
Routine  0xa324 CubeSinks
Routine  0xa348 GrouperDives
Routine  0xa390 routine41872 
Routine  0xa3a2 routine41890 local1 
Routine  0xa4a6 routine42150 local1 
Routine  0xa558 routine42328 local1 
Routine  0xa5a6 routine42406 
Routine  0xa5dc routine42460 
Routine  0xa6b8 routine42680 local1 
Routine  0xa79e routine42910 
Routine  0xa7ca routine42954 
Routine  0xa8f0 routine43248 
Routine  0xa99e LavaFallsTimer
Routine  0xa9e8 routine43496 local1 
Routine  0xaa5e routine43614 
Routine  0xab26 routine43814 
Routine  0xab42 routine43842 
Routine  0xabfc routine44028 
Routine  0xad98 routine44440 local1 local2 local3 local4 local5 local6 local7 
Routine  0xaff8 routine45048 
Routine  0xb05c routine45148 
Routine  0xb07c routine45180 
Routine  0xb0e6 routine45286 
Routine  0xb160 routine45408 
Routine  0xb16c routine45420 
Routine  0xb178 routine45432 local1 
Routine  0xb18e routine45454 
Routine  0xb19e routine45470 
Routine  0xb1aa routine45482 
Routine  0xb1b6 routine45494 
Routine  0xb1c6 routine45510 
Routine  0xb1d2 routine45522 local1 
Routine  0xb200 routine45568 
Routine  0xb20a routine45578 
Routine  0xb214 routine45588 
Routine  0xb220 routine45600 
Routine  0xb22a routine45610 
Routine  0xb234 routine45620 
Routine  0xb240 routine45632 local1 
Routine  0xb24e routine45646 local1 
Routine  0xb26c routine45676 local1 
Routine  0xb28a routine45706 local1 
Routine  0xb2aa routine45738 
Routine  0xb2b2 routine45746 
Routine  0xb2ba VerboseSub 
Routine  0xb2d0 BriefSub 
Routine  0xb2de SuperbriefSub 
Routine  0xb2f2 DiagnoseSub 
Routine  0xb35a InventorySub 
Routine  0xb376 QuitSub ask:bool UNUSED
Routine  0xb3a6 RestartSub 
Routine  0xb3d4 routine46036 local1 
Routine  0xb482 routine46210 
Routine  0xb4ac RestoreSub 
Routine  0xb4b2 SaveSub local1 
Routine  0xb4d2 ScoreSub local1 
Routine  0xb534 ScriptSub 
Routine  0xb554 UnscriptSub 
Routine  0xb576 VersionSub local1 
Routine  0xb62e VerifySub 
Routine  0xb67c WakeSub 
Routine  0xb6b8 AnswerSub 
Routine  0xb6d8 PreAskAboutSub local1 
Routine  0xb6f2 AskAboutSub local1 
Routine  0xb71e routine46878 local1 local2 local3 
Routine  0xb742 PreAskForSub 
Routine  0xb74a AskForSub local1 
Routine  0xb78a AttackSub 
Routine  0xb794 BiteSub 
Routine  0xb79e PreBoard
Routine  0xb7ea routine47082 local1 
Routine  0xb80c Board
Routine  0xb826 BurnSub 
Routine  0xb848 LookObjSub 
Routine  0xb892 ClimbDownSub 
Routine  0xb8a4 ClimbSub 
Routine  0xb8b6 ClimbOnSub 
Routine  0xb8d8 ClimbOverSub 
Routine  0xb8e2 ClimbUpSub 
Routine  0xb8f4 PreCloseSub 
Routine  0xb8fe CloseSub 
Routine  0xb986 routine47494 local1 
Routine  0xb9a2 CompareSub 
Routine  0xb9a6 CountSub 
Routine  0xb9aa CrossSub 
Routine  0xb9b4 CurseSub 
Routine  0xb9d8 CutSub 
Routine  0xba6c DigSub 
Routine  0xba7c ClimbOutSub local1 
Routine  0xbaf8 DrinkSub local1 
Routine  0xbb04 DrinkFromSub local1 
Routine  0xbb1e PreDropSub 
Routine  0xbb2e DropSub 
Routine  0xbb40 EatSub local1 
Routine  0xbba4 routine48036 local1 
Routine  0xbbd0 EnterSub local1 
Routine  0xbbfa PreExamineSub 
Routine  0xbc02 ExamineSub 
Routine  0xbc76 routine48246 
Routine  0xbc8a ExitSub 
Routine  0xbcae FillSub 
Routine  0xbcd8 FindSub local1 local2 
Routine  0xbda8 FlySub 
Routine  0xbdf4 FollowSub 
Routine  0xbe14 ForgetSub 
Routine  0xbe30 PreGiveSub 
Routine  0xbe6a GiveSub 
Routine  0xbe90 HelloSub local1 
Routine  0xbed6 HelpSub 
Routine  0xbf24 HideSub 
Routine  0xbf54 HideFromSub 
Routine  0xbf62 InflateSub 
Routine  0xbf6e KickSub 
Routine  0xbf78 KillSub 
Routine  0xbf82 routine49026 local1 
Routine  0xc03e routine49214 
Routine  0xc06e KnockSub 
Routine  0xc092 KissSub 
Routine  0xc0a4 SwitchOffSub 
Routine  0xc0e8 SwitchOnSub 
Routine  0xc0f4 LandSub 
Routine  0xc104 LeanOnSub 
Routine  0xc10c JumpSub 
Routine  0xc14a LeaveSub 
Routine  0xc152 ListenSub 
Routine  0xc1b4 LockSub 
Routine  0xc1c6 routine49606 
Routine  0xc1d8 LookSub 
Routine  0xc1ea LookBehindSub 
Routine  0xc1fa LookDownSub 
Routine  0xc222 routine49698 
Routine  0xc248 LookInSub 
Routine  0xc302 LookUnderSub 
Routine  0xc320 LowerSub 
Routine  0xc328 LowerInSub 
Routine  0xc330 MeltSub 
Routine  0xc34c MoveSub 
Routine  0xc37c routine50044 
Routine  0xc394 DestroySub 
Routine  0xc39e PreKickSub 
Routine  0xc3ba OpenSub local1 local2 
Routine  0xc448 PaySub 
Routine  0xc45e PickSub 
Routine  0xc468 PlaySub 
Routine  0xc474 ClogSub 
Routine  0xc47c PointSub 
Routine  0xc48c PourSub 
Routine  0xc4aa routine50346 local1 local2 local3 local4 local5 
Routine  0xc4fe PumpUpSub 
Routine  0xc50a PressSub 
Routine  0xc514 PushDirectionSub 
Routine  0xc51e PreInsertSub local1 
Routine  0xc572 routine50546 local1 local2 
Routine  0xc59a InsertSub local1 local2 
Routine  0xc696 PutBehindSub 
Routine  0xc6ac PutOnSub 
Routine  0xc6e4 PushUnderSub 
Routine  0xc6ee RaiseSub 
Routine  0xc6f8 ReachInSub local1 
Routine  0xc74a PreReadSub 
Routine  0xc77c routine51068 
Routine  0xc78c ReadSub 
Routine  0xc7a8 AnswerObjSub 
Routine  0xc7d4 PreTouchToSub 
Routine  0xc7de TouchToSub 
Routine  0xc7e0 TouchSub 
Routine  0xc7ea TalkSub local1 
Routine  0xc834 SearchSub 
Routine  0xc868 SendForSub 
Routine  0xc886 PreGiveReverseSub 
Routine  0xc890 GiveReverseSub 
Routine  0xc892 ShakeSub local1 
Routine  0xc8d2 SharpenSub 
Routine  0xc8ea ShootSub 
Routine  0xc914 ShowSub 
Routine  0xc91c SitAtSub 
Routine  0xc920 HopSub 
Routine  0xc92e routine51502 
Routine  0xc94a SleepSub local1 
Routine  0xcc8a SmellSub 
Routine  0xccc4 PayReverseSub 
Routine  0xccce SpinSub 
Routine  0xccd8 SqueezeSub 
Routine  0xccec PreShowReverseSub 
Routine  0xccf6 ShowReverseSub 
Routine  0xccf8 RiseSub 
Routine  0xcd30 StandOnSub 
Routine  0xcd34 SwingSub 
Routine  0xcd48 SwimSub 
Routine  0xcd72 routine52594 
Routine  0xcd8a routine52618 
Routine  0xcd96 routine52630 
Routine  0xcdba PreTakeSub 
Routine  0xce6e routine52846 local1 
Routine  0xce90 TakeSub 
Routine  0xce9e RemoveSub 
Routine  0xceb4 TellSub 
Routine  0xceee ThankSub 
Routine  0xcf06 EnterObjSub local1 
Routine  0xcf50 ThrowSub 
Routine  0xcf96 ThrowOverSub 
Routine  0xcfa0 TieSub 
Routine  0xcfac TieUpSub 
Routine  0xcfb8 TimeSub local1 
Routine  0xd022 TortureSub 
Routine  0xd032 TurnSub 
Routine  0xd03e TurnOverSub 
Routine  0xd058 ReadSub 
Routine  0xd060 UntieSub 
Routine  0xd06c GoSub local1 local2 local3 local4 local5 
Routine  0xd136 MoveMeSub 
Routine  0xd154 GoToSub 
Routine  0xd172 WaitSub local1 
Routine  0xd198 WaitForSub 
Routine  0xd1be WaveSub 
Routine  0xd1c8 CallSub 
Routine  0xd1f2 WearSub 
Routine  0xd1fc WhatSub 
Routine  0xd20e WhereSub 
Routine  0xd22a WhoSub 
Routine  0xd250 YawnSub 
Routine  0xd258 YellSub 
Routine  0xd266 routine53862 local1 local2 local3 local4 
Routine  0xd348 routine54088 local1 
Routine  0xd37a routine54138 
Routine  0xd3b6 routine54198 local1 local2 local3 
Routine  0xd3ca routine54218 local1 local2 local3 
Routine  0xd3f6 routine54262 local1 local2 local3 local4 
Routine  0xd496 routine54422 local1 local2 
Routine  0xd4da routine54490 local1 local2 local3 local4 local5 local6 
Routine  0xd57a routine54650 local1 local2 local3 local4 local5 local6 local7 local8 local9 
Routine  0xd632 routine54834 local1 local2 local3 local4 local5 local6 
Routine  0xd690 routine54928 local1 local2 local3 local4 local5 local6 
Routine  0xd6f6 Firster obj:object level:int
Routine  0xd754 routine55124 local1 local2 local3 
Routine  0xd7bc JigsUp:int deathmsg:string
Routine  0xd90e routine55566 local1 local2 local3 local4 local5 local6 
Routine  0xd944 routine55620 local1 
Routine  0xd950 routine55632 local1 local2 local3 
Routine  0xd9a4 routine55716 local1 local2 
Routine  0xd9c8 routine55752 local1 
Routine  0xd9e0 routine55776 local1 local2 
Routine  0xda06 routine55814 local1 
Routine  0xda1a routine55834 local1 local2 local3 
Routine  0xda3c routine55868 local1 
Routine  0xda4a routine55882 local1 local2 local3 local4 
Routine  0xda96 routine55958 local1 
Routine  0xdaaa routine55978 local1 
Routine  0xdac2 routine56002 
Routine  0xdace routine56014 
Routine  0xdaec PreLabelSub 
Routine  0xdafc LabelSub 
Routine  0xdb12 PreWriteOnSub 
Routine  0xdb40 WriteOnSub 
Routine  0xdb4c PreInscribeSub 
Routine  0xdbd0 InscribeSub 
Routine  0xdbdc PrySub 
Routine  0xdbe4 PlantSub 
Routine  0xdbfc AffirmativeSub 
Routine  0xdc10 NegativeSub 
Routine  0xdc18 BuySub 
Routine  0xdc20 PreSellReverseSub 
Routine  0xdc2a SellReverseSub 
Routine  0xdc2c SellSub 
Routine  0xdc34 PreTellAboutSub 
Routine  0xdc42 TellAboutSub 
Routine  0xdc4a TellAboutReverseSub 
Routine  0xdc66 GiveForSub 
Routine  0xdc6e TradeSub 
Routine  0xdcb4 LurkSub 
Routine  0xdcc2 EraseSub 
Routine  0xdcea AdmireSub 
Routine  0xdcfa CopySub 
Routine  0xdd84 routine56708 local1 
Routine  0xdda8 routine56744 
Routine  0xddca routine56778 
Routine  0xddda BargainSub 
Routine  0xddf2 RepairSub 
Routine  0xde10 LookUpSub 
Routine  0xde30 spell_book_action local1 
Routine  0xe0ee General_Scroll_Action rarg:rarg 
Routine  0xe12e routine57646 
Routine  0xe148 routine57672 local1 
Routine  0xe16a routine57706 
Routine  0xe18a General_Spell_Action rarg:rarg local2 local3 
Routine  0xe400 routine58368 local1 
Routine  0xe444 routine58436 local1 local2 local3 local4 local5 local6 
Routine  0xe4b2 routine58546 local1 
Routine  0xe4cc routine58572 local1 
Routine  0xe544 routine58692 
Routine  0xe56a PreCastFrotzSub local1 local2 
Routine  0xe7e8 routine59368 
Routine  0xe816 routine59414 local1 local2 local3 local4 
Routine  0xe94a CastSub local1 
Routine  0xe98c DebugXeSub local1 
Routine  0xe99e routine59806 
Routine  0xea00 SpellsSub local1 local2 local3 local4 local5 
Routine  0xea9a routine60058 local1 local2 local3 local4 
Routine  0xead2 routine60114 local1 
Routine  0xeae4 MemorizeSub 
Routine  0xeafe routine60158 
Routine  0xeb0c CastBlorpleSub local1 
Routine  0xeb8a routine60298 
Routine  0xebc0 CastLesochSub 
Routine  0xecec CastSnavigSub 
Routine  0xed38 routine60728 local1 
Routine  0xeda6 CastGirgolSub 
Routine  0xf006 CastJindakSub local1 local2 local3 local4 
Routine  0xf11c routine61724 local1 local2 local3 
Routine  0xf178 routine61816 local1 
Routine  0xf18c CastEspnisSub 
Routine  0xf212 CastCasklySub 
Routine  0xf250 CastThrockSub 
Routine  0xf268 CastTinsotSub 
Routine  0xf40a routine62474 local1 
Routine  0xf46e routine62574 
Routine  0xf48c CastLiskonSub 
Routine  0xf5a6 CastGnustoSub local1 
Routine  0xf7e8 CastFrotzSub local1 
Routine  0xf8ba CastMalyonSub 
Routine  0xf93e CastRezrovSub 
Routine  0xf9fc routine63996 
Routine  0xfa1c CastYominSub 
Routine  0xfa44 vellum_scroll_action local1 local2 
Routine  0xfc0a routine64522 local1 local2 local3 local4 local5 
Routine  0xfc3a it_3_action local1 local2 local3 local4 
Routine  0xfcf4 routine64756 local1 local2 local3 local4 
Routine  0xfd14 routine64788 local1 
Routine  0xfd30 light_action 
Routine  0xfde8 hole_action 
Routine  0xfe4c ceiling_action 
Routine  0xfe58 ice_action 
Routine  0xfea0 your_eyes_action 
Routine  0xfee8 it_action 
Routine  0xffbe pseudo_action local1 
Routine  0x100da room_action 
Routine  0x1014a general_wall_action 
Routine  0x1018a ground_action 
Routine  0x10218 passage_action 
Routine  0x10226 lurking_grue_action 
Routine  0x103aa routine66474 
Routine  0x103c2 grue_action local1 
Routine  0x1065a routine67162 
Routine  0x10664 water_action 
Routine  0x1074a Enchanters_Retreat_Action rarg:rarg 
Routine  0x10886 Belboz_Action rarg:rarg 
Routine  0x10fc2 routine69570 
Routine  0x11092 routine69778 
Routine  0x1109e routine69790 local1 
Routine  0x110f2 routine69874 
Routine  0x1112a routine69930 
Routine  0x11132 routine69938 local1 
Routine  0x1117c routine70012 local1 local2 local3 
Routine  0x111aa sleep_action 
Routine  0x111c8 magic_action 
Routine  0x111ec knife_action 
Routine  0x11236 Guild_Hall_Action rarg:rarg 
Routine  0x112e8 routine70376 
Routine  0x112fa routine70394 
Routine  0x1130c routine70412 
Routine  0x1131e routine70430 
Routine  0x11330 routine70448 
Routine  0x11342 routine70466 
Routine  0x11390 sorcerer_action 
Routine  0x11468 speaker_action 
Routine  0x11472 Council_Chamber_Action rarg:rarg 
Routine  0x1175e Orkan_of_Thriff_Action 
Routine  0x11864 Sneffle_Action 
Routine  0x11938 routine71992 
Routine  0x11966 Hoobly_Action 
Routine  0x11a60 Gzornenplatz_Action 
Routine  0x11b6c Ardis_Action 
Routine  0x11c3a routine72762 
Routine  0x11c4c routine72780 
Routine  0x11c8a routine72842 
Routine  0x11d34 Belwit_Square_Action rarg:rarg 
Routine  0x11ea2 routine73378 local1 local2 
Routine  0x11ef0 shadowy_figure_action 
Routine  0x12178 cloud_of_orange_smoke_action 
Routine  0x12224 routine74276 
Routine  0x1225e Castle_Action rarg:rarg local2 
Routine  0x12526 construction_action 
Routine  0x1256c magic_burin_action 
Routine  0x125ee Nondescript_Room_Action rarg:rarg 
Routine  0x12622 routine75298 
Routine  0x12630 Packed_Earth_Action rarg:rarg 
Routine  0x126c2 Hall_of_Stone_Action rarg:rarg 
Routine  0x1278c routine75660 
Routine  0x12796 routine75670 
Routine  0x127aa routine75690 
Routine  0x127e4 routine75748 
Routine  0x128fc Smooth_Room_Action rarg:rarg local2 
Routine  0x12a64 serpent_action 
Routine  0x12f80 Temple_Action rarg:rarg 
Routine  0x130f4 rodent_idol_action local1 
Routine  0x13680 fangs_action 
Routine  0x136a8 mouth_action local1 
Routine  0x138d0 routine80080 
Routine  0x138dc routine80092 local1 
Routine  0x13904 opal_eye_action 
Routine  0x13adc routine80604 
Routine  0x13b2a zipper_action local1 local2 local3 
Routine  0x13f7c routine81788 
Routine  0x13faa Ruins_Room_2_Action rarg:rarg 
Routine  0x1410c routine82188 local1 local2 
Routine  0x141e2 Cliff_Top_Action rarg:rarg 
Routine  0x143a0 routine82848 
Routine  0x143b8 routine82872 
Routine  0x14422 Boulder_Action rarg:rarg 
Routine  0x1455e Mountain_Top_Action rarg:rarg 
Routine  0x145c4 routine83396 
Routine  0x145ce routine83406 
Routine  0x145d8 Stone_Hut_Room_Action rarg:rarg 
Routine  0x146d6 stone_hut_action 
Routine  0x14992 hermit_action 
Routine  0x14be8 routine84968 
Routine  0x14c24 routine85028 local1 
Routine  0x14dba cliff_action 
Routine  0x14dde rock_action 
Routine  0x14fdc routine85980 
Routine  0x14ff0 Cliff_Middle_Action rarg:rarg 
Routine  0x15058 Cliff_Bottom_Action rarg:rarg 
Routine  0x150c0 cave_action 
Routine  0x150ec Cave_Entrance_Action rarg:rarg 
Routine  0x151ce Cave_Room_Action rarg:rarg 
Routine  0x152dc routine86748 
Routine  0x1530a routine86794 
Routine  0x15396 Ogre_Lair_Action rarg:rarg 
Routine  0x15426 routine87078 local1 
Routine  0x15484 gold_box_action local1 
Routine  0x155e8 routine87528 local1 
Routine  0x155fe routine87550 local1 local2 
Routine  0x15696 ogre_action local1 
Routine  0x159f4 routine88564 
Routine  0x15a46 Water_Room_Action rarg:rarg 
Routine  0x15b02 Mid_Ocean_Action rarg:rarg 
Routine  0x15bf4 routine89076 
Routine  0x15d22 routine89378 
Routine  0x15d58 routine89432 
Routine  0x15da4 Open_Ocean_Action rarg:rarg 
Routine  0x15df0 Ocean_Floor_Action rarg:rarg 
Routine  0x15f4a bottle_action local1 
Routine  0x1601e grouper_action 
Routine  0x162be routine90814 
Routine  0x1630c routine90892 
Routine  0x163a6 Oubliette_Action rarg:rarg 
Routine  0x16626 routine91686 
Routine  0x16630 ice_floe_action local1 
Routine  0x16696 routine91798 
Routine  0x166b6 inflow_pipe_action 
Routine  0x16728 routine91944 
Routine  0x167aa outflow_pipe_action local1 
Routine  0x16844 In_Channel_Action rarg:rarg 
Routine  0x16882 routine92290 local1 
Routine  0x168ba routine92346 
Routine  0x168f0 pipe_action 
Routine  0x16988 routine92552 local1 
Routine  0x169ac channel_action 
Routine  0x16afe routine92926 
Routine  0x16b12 In_Pipe_Action rarg:rarg 
Routine  0x16b34 In_Pipe_2_Action rarg:rarg 
Routine  0x16bde crack_action 
Routine  0x16d3a Ruined_Pipe_Action rarg:rarg 
Routine  0x16dd4 routine93652 
Routine  0x16e06 In_Pipe_3_Action rarg:rarg 
Routine  0x16e16 routine93718 
Routine  0x16e30 Dungeon_Action rarg:rarg 
Routine  0x16ed2 trap_door_action 
Routine  0x16f80 massive_cabinet_action local1 local2 
Routine  0x17180 moldy_book_action local1 
Routine  0x172ce routine94926 
Routine  0x172f8 Guard_Tower_Action rarg:rarg 
Routine  0x173d6 routine95190 local1 
Routine  0x174f0 routine95472 
Routine  0x174fe routine95486 local1 local2 
Routine  0x17530 routine95536 local1 
Routine  0x1757c roc_action local1 
Routine  0x177a0 routine96160 
Routine  0x177b6 routine96182 
Routine  0x1783e In_Roc_Nest_Action rarg:rarg 
Routine  0x179b4 roc_egg_action local1 
Routine  0x17a66 routine96870 local1 
Routine  0x17ad0 roc_chick_action local1 
Routine  0x17b82 routine97154 
Routine  0x17be0 Air_Room_Action rarg:rarg 
Routine  0x17c88 Glacier_Action rarg:rarg 
Routine  0x17d76 routine97654 
Routine  0x17db6 routine97718 
Routine  0x17dfc routine97788 
Routine  0x17e1a Emporium_Action rarg:rarg 
Routine  0x17f72 shop_door_action 
Routine  0x17fa0 routine98208 
Routine  0x1800e routine98318 
Routine  0x1802c gold_coin_action 
Routine  0x1804a routine98378 local1 local2 
Routine  0x180d2 merchant_action local1 local2 
Routine  0x1839c routine99228 local1 
Routine  0x185c2 routine99778 local1 local2 
Routine  0x188ea routine100586 local1 
Routine  0x18948 routine100680 local1 
Routine  0x18982 routine100738 
Routine  0x189be routine100798 
Routine  0x189ca Bazaar_Action_Action rarg:rarg 
Routine  0x18a74 routine100980 local1 
Routine  0x18a90 routine101008 
Routine  0x18ab4 routine101044 
Routine  0x18af0 red_carpet_Action rarg:rarg 
Routine  0x18bfa routine101370 
Routine  0x18c5c routine101468 
Routine  0x18c96 routine101526 
Routine  0x18cb0 blue_carpet_action local1 
Routine  0x19156 routine102742 local1 
Routine  0x19190 routine102800 
Routine  0x191a2 routine102818 
Routine  0x191ca routine102858 
Routine  0x19290 label_action 
Routine  0x193c8 routine103368 
Routine  0x193da Midair_Action rarg:rarg 
Routine  0x19556 routine103766 
Routine  0x1959a Wilderness_Action rarg:rarg 
Routine  0x1963a Fire_Room_Action rarg:rarg 
Routine  0x196ce Volcano_Action rarg:rarg 
Routine  0x197b2 routine104370 
Routine  0x197d0 routine104400 
Routine  0x197f0 routine104432 
Routine  0x19838 routine104504 
Routine  0x1984c Volcano_Base_Action rarg:rarg 
Routine  0x1992c lava_fragment_action 
Routine  0x1999e routine104862 
Routine  0x19a26 Outcropping_Room_Action rarg:rarg 
Routine  0x19b8c routine105356 
Routine  0x19c1c outcropping_action 
Routine  0x19db8 routine105912 local1 local2 
Routine  0x19e20 Dark_Room_Action rarg:rarg 
Routine  0x19eb6 Dark_Cave_Action rarg:rarg 
Routine  0x19fde routine106462 
Routine  0x19ff6 routine106486 
Routine  0x1a03a Grue_Cave_Action rarg:rarg 
Routine  0x1a2c4 Light_Pool_Action rarg:rarg 
Routine  0x1a3d4 On_Pillar_Action rarg:rarg 
Routine  0x1a47c pillar_action local1 
Routine  0x1a578 routine107896 
Routine  0x1a5b6 routine107958 
Routine  0x1a5f0 routine108016 
Routine  0x1a66a No_Place_Action rarg:rarg 
Routine  0x1a75e routine108382 
Routine  0x1a768 Inner_Vault_Action rarg:rarg 
Routine  0x1a86c vault_door_action 
Routine  0x1a98c routine108940 
Routine  0x1a9d6 routine109014 
Routine  0x1aa22 routine109090 
Routine  0x1aaa6 routine109222 
Routine  0x1ab36 iron_door_action 
Routine  0x1ab6e Outer_Vault_Action rarg:rarg local2 local3 
Routine  0x1ad1a routine109850 local1 local2 local3 
Routine  0x1ad48 routine109896 local1 local2 
Routine  0x1ad84 routine109956 local1 local2 local3 local4 local5 
Routine  0x1ae18 routine110104 local1 local2 
Routine  0x1ae60 treasure_action 
Routine  0x1ae9c routine110236 
Routine  0x1aeba pile_of_junk_action 
Routine  0x1af1c routine110364 local1 local2 local3 
Routine  0x1af5a alarm_fairy_action 
Routine  0x1b07e routine110718 local1 local2 local3 local4 local5 local6 
Routine  0x1b0f8 pile_action 
Routine  0x1b1a8 routine111016 local1 local2 
Routine  0x1b1d4 cube_object_action 
Routine  0x1b388 routine111496 local1 local2 
Routine  0x1b3ae routine111534 local1 local2 local3 
Routine  0x1b3e0 routine111584 
Routine  0x1b412 routine111634 
Routine  0x1b41c Plain_Action rarg:rarg 
Routine  0x1b57a routine111994 
Routine  0x1b600 routine112128 local1 
Routine  0x1b6de routine112350 local1 local2 local3 local4 local5 local6 local7 
Routine  0x1b7ba lines_action 
Routine  0x1b890 routine112784 
Routine  0x1ba20 green_eyed_rock_action local1 
Routine  0x1beae routine114350 
Routine  0x1bf0e routine114446 local1 local2 local3 
Routine  0x1c06e brown_eyed_rock_action local1 
Routine  0x1c1bc Light_Room_Action rarg:rarg 
Routine  0x1c228 Soft_Room_Action rarg:rarg 
Routine  0x1c27e routine115326 
Routine  0x1c2a4 routine115364 
Routine  0x1c2be routine115390 
Routine  0x1c2f6 routine115446 
Routine  0x1c32e routine115502 
Routine  0x1c34e routine115534 
Routine  0x1c37e Meadow_Action rarg:rarg 
Routine  0x1c45e pair_of_pruning_shears_action 
Routine  0x1c4a2 routine115874 local1 local2 
Routine  0x1c4ae routine115886 local1 
Routine  0x1c54c weed_action 
Routine  0x1c90e routine117006 
Routine  0x1c91c Boneyard_Action rarg:rarg 
Routine  0x1c9b0 routine117168 
Routine  0x1c9c6 Changing_Room_Action rarg:rarg 
Routine  0x1ca80 Carving_Room_Action rarg:rarg 
Routine  0x1cb1a routine117530 
Routine  0x1cb4a carving_action 
Routine  0x1cd04 routine118020 local1 local2 
Routine  0x1cd36 routine118070 local1 local2 local3 
Routine  0x1cd5e compass_rose_action local1 local2 
Routine  0x1cf26 rune_action local1 
Routine  0x1cf80 oct_hole_action local1 
Routine  0x1cfc6 routine118726 
Routine  0x1d00a alabaster_plug_action local1 
Routine  0x1d0d2 routine118994 
Routine  0x1d0de routine119006 local1 local2 local3 
Routine  0x1d14c Octagonal_Room_Action rarg:rarg local2 local3 
Routine  0x1d3c2 routine119746 local1 local2 local3 local4 local5 
Routine  0x1d40e routine119822 
Routine  0x1d42c Magic_Room_Action rarg:rarg 
Routine  0x1d574 routine120180 local1 local2 
Routine  0x1d590 routine120208 
Routine  0x1d59c routine120220 local1 local2 
Routine  0x1d5bc routine120252 
Routine  0x1d5dc routine120284 
Routine  0x1d5e6 Sand_Room_Action rarg:rarg 
Routine  0x1d67e routine120446 
Routine  0x1d69c Ruins_Room_Action rarg:rarg 
Routine  0x1d84c routine120908 local1 local2 
Routine  0x1d862 sack_action 
Routine  0x1d8ec Dungeon_Cell_Action rarg:rarg 
Routine  0x1d9f4 routine121332 
Routine  0x1da3e cell_door_action 
Routine  0x1dad6 routine121558 
Routine  0x1dae8 String_Room_Action rarg:rarg 
Routine  0x1dbce routine121806 local1 local2 local3 local4 
Routine  0x1dc0a routine121866 local1 local2 
Routine  0x1dc20 routine121888 local1 local2 local3 local4 


! ------------------------------- Words --------------------------------

Word  alabas  alabaster
Word  assaul  assault
Word  avalan  avalanch
Word  barbel  barbell
Word  bargai  bargain
Word  beauti  beautiful
Word  beneat  beneath
Word  berkni  berknip
Word  blorpl  blorple
Word  borphe  borphee
Word  boulde  boulder
Word  buildi  building
Word  cabine  cabinet
Word  carvin  carving
Word  ceilin  ceiling
Word  cerami  ceramic
Word  chambe  chamber
Word  channe  channel
Word  cloake  cloaked
Word  collap  collapsed
Word  compar  compare
Word  compas  compass
Word  compli  compliment
Word  concea  conceal
Word  constr  construct
Word  consum  consume
Word  corpul  corpulous
Word  corrid  corridor
Word  creatu  creature
Word  crevas  crevase
Word  cuttin  cutting
Word  cyclop  cyclops
Word  decora  decorations
Word  descen  descend
Word  descri  describe
Word  destro  destroy
Word  diagno  diagnose
Word  disemb  disembark
Word  distan  distance
Word  dresse  dressed
Word  droppi  dropping
Word  duplic  duplicate
Word  earnes  earnest
Word  empath  empathize
Word  empori  emporium
Word  enchan  enchanter
Word  engrav  engraved
Word  entran  entrance
Word  examin  examine
Word  excava  excavation
Word  exting  extinguish
Word  feathe  feather
Word  featur  featureless
Word  flathe  flathead
Word  floati  floating
Word  fragme  fragment
Word  furnit  furniture
Word  gestur  gesture
Word  glacie  glacier
Word  glassw  glassware
Word  glowin  glowing
Word  groupe  grouper
Word  guildm  guildmaster
Word  gzorne  gzornenplatz
Word  hangin  hanging
Word  hellbe  hellbender
Word  herrin  herring
Word  huntsm  huntsman
Word  hyperc  hypercube
Word  iceber  iceberg
Word  iceflo  iceflow
Word  inflat  inflate
Word  inscri  inscribe
Word  inspec  inspect
Word  inters  intersect
Word  keysto  keystone
Word  leathe  leather
Word  leopar  leopard
Word  lurkin  lurking
Word  massiv  massive
Word  mechan  mechanical
Word  medita  meditate
Word  memori  memorial
Word  mercha  merchant
Word  monste  monster
Word  moulde  mouldering
Word  mounta  mountain
Word  necrom  necromancer
Word  northe  northeast
Word  northw  northwest
Word  observ  observe
Word  octago  octagon
Word  openin  opening
Word  origin  original
Word  orname  ornamental
Word  outcro  outcropping
Word  outflo  outflow
Word  painti  painting
Word  passag  passage
Word  portic  portico
Word  procee  proceed
Word  protag  protagonist
Word  prunin  pruning
Word  purcha  purchase
Word  ragwee  ragweed
Word  regula  regular
Word  releas  release
Word  respon  respond
Word  restar  restart
Word  restor  restore
Word  retrea  retreat
Word  rummag  rummage
Word  salama  salamander
Word  salesm  salesman
Word  saliva  salivate
Word  sardin  sardine
Word  scratc  scratch
Word  scruff  scruffy
Word  sculpt  sculpture
Word  serpen  serpent
Word  shapes  shapest
Word  sharpe  sharpen
Word  shimme  shimmering
Word  sinist  sinister
Word  skylig  skylight
Word  sneffl  sneffle
Word  sorcer  sorceror
Word  southe  southeast
Word  southw  southwest
Word  speake  speaker
Word  squeez  squeeze
Word  staine  stained
Word  startl  startle
Word  storie  stories
Word  strang  strange
Word  surpri  surprise
Word  swallo  swallow
Word  sympat  sympathize
Word  tesser  tesserct
Word  throug  through
Word  tortur  torture
Word  trackl  trackless
Word  traver  traverse
Word  treasu  treasure
Word  tumbli  tumbling
Word  twiste  twisted
Word  unatta  unattach
Word  undern  underneath
Word  unfast  unfasten
Word  unimag  unimaginable
Word  unlear  unlearn
Word  unscri  unscript
Word  verbos  verbose
Word  versio  version
Word  volcan  volcano
Word  wilder  wilderness
Word  wildfl  wildflower
Word  withdr  withdraw
Word  wrough  wrought
Word  zorkmi  zorkmid
