! Auto-generated by Reform.

MD5	33dcc5085acb290d1817e07653c13480

Object 1	obj1_compass
Object 2	obj2_north_wall
Object 3	obj3_south_wall
Object 4	obj4_east_wall
Object 5	obj5_west_wall
Object 6	obj6_northeast_wall
Object 7	obj7_southeast_wall
Object 8	obj8_northwest_wall
Object 9	obj9_southwest_wall
Object 10	obj10_ceiling
Object 11	obj11_floor
Object 12	obj12_outside
Object 13	obj13_inside
Object 14	obj14_Darkness
Object 15	obj15_yourself
Object 16	obj16_Brendon_s_Limbo
Object 17	obj17_Brendon_s_ScoreBoard
Object 18	obj18_Brendon_s_HelpMenu
Object 19	obj19_Help_Credits
Object 20	obj20_Help_Version
Object 21	obj21_Help_Legal
Object 22	obj22_Help_Instructions
Object 23	obj23_Help_Commands
Object 24	obj24_Help_General_Hints
Object 25	obj25_Help_Generally_Struck
Object 26	obj26_standard_theatre_doors
Object 27	obj27_Help_Lyric
Object 28	obj28_loose_page
Object 29	obj29_loose_page
Object 30	obj30_loose_page
Object 31	obj31_loose_page
Object 32	obj32_loose_page
Object 33	obj33_loose_page
Object 34	obj34_loose_page
Object 35	obj35_loose_page
Object 36	obj36_loose_page
Object 37	obj37_loose_page
Object 38	obj38_loose_page
Object 39	obj39_loose_page
Object 40	obj40_loose_page
Object 41	obj41_loose_page
Object 42	obj42_loose_page
Object 43	obj43_loose_page
Object 44	obj44_loose_page
Object 45	obj45_loose_page
Object 46	obj46_loose_page
Object 47	obj47_missing_pages
Object 48	obj48_Score_Read_all_the_Pages
Object 49	obj49_Theatre_Lobby
Object 50	obj50_posters
Object 51	obj51_grand_staircase
Object 52	obj52_Help_Starting_Out
Object 53	obj53_Cloakroom
Object 54	obj54_row_of_hooks
Object 55	obj55_cleaner_hook
Object 56	obj56_secret_passage__leading_down
Object 57	obj57_Manager_s_Office
Object 58	obj58_office_papers
Object 59	obj59_manager_s_desk
Object 60	obj60_closed_metal_safe
Object 61	obj61_dial
Object 62	obj62_handle
Object 63	obj63_architect_s_plans
Object 64	obj64_trapdoor
Object 65	obj65_plastered_over_southern_wall
Object 66	obj66_Help_Office_Safe
Object 67	obj67_Score_Office_Safe
Object 68	obj68_Basement
Object 69	obj69_street_level_windows
Object 70	obj70_electrical_panel
Object 71	obj71_pager
Object 72	obj72_barrels
Object 73	obj73_switch
Object 74	obj74_old_stale_popcorn
Object 75	obj75_old_stale_popcorn
Object 76	obj76_old_stale_popcorn
Object 77	obj77_old_stale_popcorn
Object 78	obj78_old_stale_popcorn
Object 79	obj79_old_stale_popcorn
Object 80	obj80_old_stale_popcorn
Object 81	obj81_old_stale_popcorn
Object 82	obj82_old_stale_popcorn
Object 83	obj83_old_stale_popcorn
Object 84	obj84_old_stale_popcorn
Object 85	obj85_old_stale_popcorn
Object 86	obj86_old_stale_popcorn
Object 87	obj87_old_stale_popcorn
Object 88	obj88_old_stale_popcorn
Object 89	obj89_old_stale_popcorn
Object 90	obj90_old_stale_popcorn
Object 91	obj91_old_stale_popcorn
Object 92	obj92_old_stale_popcorn
Object 93	obj93_old_stale_popcorn
Object 94	obj94_old_stale_popcorn
Object 95	obj95_old_stale_popcorn
Object 96	obj96_old_stale_popcorn
Object 97	obj97_old_stale_popcorn
Object 98	obj98_old_stale_popcorn
Object 99	obj99_old_stale_popcorn
Object 100	obj100_last_of_the_popcorn
Object 101	obj101_Outside_The_Theatre
Object 102	obj102_mist_rolling_over_the_street
Object 103	obj103_street
Object 104	obj104_vicious_thug
Object 105	obj105_sharp_knife
Object 106	obj106_Help_Thug
Object 107	obj107_Sealed_Up_Ticket_Booth
Object 108	obj108_boarded_up_windows
Object 109	obj109_ragged_skeleton
Object 110	obj110_old_rags
Object 111	obj111_old_pocket_watch
Object 112	obj112_little_dial
Object 113	obj113_Cramped_Hallway
Object 114	obj114_old_boxes_of_junk
Object 115	obj115_Narrow_Hallway
Object 116	obj116_carpet_rolls
Object 117	obj117_Rienhart_s_corpse
Object 118	obj118_appointment_book
Object 119	obj119_End_of_Hallway
Object 120	obj120_sealed_door
Object 121	obj121_Alley_Courtyard
Object 122	obj122_stage_doors
Object 123	obj123_rubbish_bin
Object 124	obj124_old_ticket
Object 125	obj125_Dirty_Dream
Object 126	obj126_large_comfortable_bed
Object 127	obj127_Cindy_Crawford
Object 128	obj128_Kathy_Ireland
Object 129	obj129_Stephanie_Seymour
Object 130	obj130_Elle_MacPherson
Object 131	obj131_Score_Models
Object 132	obj132_Staircase_Landing
Object 133	obj133_large_portrait
Object 134	obj134_painted_room
Object 135	obj135_painted_gentleman
Object 136	obj136_painted_fireplace
Object 137	obj137_painted_oaken_door
Object 138	obj138_ghostly_presence
Object 139	obj139_Help_Ghostly_Presence
Object 140	obj140_Score_Ghostly_Presence
Object 141	obj141_Eastern_Landing
Object 142	obj142_lobby
Object 143	obj143_Western_Landing
Object 144	obj144_Southern_Landing
Object 145	obj145_heavy_curtains
Object 146	obj146_patterned_circular_window
Object 147	obj147_faint_spotlight
Object 148	obj148_Help_Patterned_Window
Object 149	obj149_Eastern_Theatre_Aisle
Object 150	obj150_theatre_seats
Object 151	obj151_Western_Theatre_Aisle
Object 152	obj152_theatre_seats
Object 153	obj153_Stage
Object 154	obj154_stage_dust
Object 155	obj155_Orchestra_Pit
Object 156	obj156_walk_in_storage_cupboards
Object 157	obj157_Pit_Cupboards
Object 158	obj158_shadow_creature
Object 159	obj159_Score_Defeating_Shadow
Object 160	obj160_Help_Shadow_Creature
Object 161	obj161_Dark_Place
Object 162	obj162_Under_the_Stage
Object 163	obj163_dropped_items
Object 164	obj164_Eastern_Stairway
Object 165	obj165_finely_carpeted_stairway
Object 166	obj166_ghostly_conversation
Object 167	obj167_Eastern_Balcony
Object 168	obj168_theatre_seats
Object 169	obj169_Help_Other_Balcony
Object 170	obj170_large_chandelier
Object 171	obj171_Secret_Gallery
Object 172	obj172_gallery_pictures
Object 173	obj173_old_fashioned_camera
Object 174	obj174_flash_bulb
Object 175	obj175_Back_Stage
Object 176	obj176_removed_stairs
Object 177	obj177_stage_doors
Object 178	obj178_supports
Object 179	obj179_curtains
Object 180	obj180_ropes
Object 181	obj181_scenery
Object 182	obj182_Up_the_Ropes
Object 183	obj183_Dressing_Room
Object 184	obj184_scuff_marks
Object 185	obj185_old_locker
Object 186	obj186_broken_locker
Object 187	obj187_ancient_amulet
Object 188	obj188_old_newspaper_clipping
Object 189	obj189_coiled_serpent
Object 190	obj190_Help_Nasty_Snake
Object 191	obj191_Score_Killing_the_Snake
Object 192	obj192_Secret_Stairway
Object 193	obj193_roof_lights
Object 194	obj194_old_secret_stairway
Object 195	obj195_Underground_Passage
Object 196	obj196_brick_walls
Object 197	obj197_iron_door
Object 198	obj198_Help_Iron_Door
Object 199	obj199_Above_the_Pit
Object 200	obj200_nearby_pit
Object 201	obj201_Inside_Pit
Object 202	obj202_rough_walls
Object 203	obj203_invisible_monster
Object 204	obj204_Help_Pit_Monster
Object 205	obj205_Score_Pit_Monster
Object 206	obj206_Tunnel_Junction
Object 207	obj207_Western_End_of_Sewer
Object 208	obj208_sluice_gate
Object 209	obj209_large_drain
Object 210	obj210_drainage_trench
Object 211	obj211_In_Drain
Object 212	obj212_Centre_of_Sewer
Object 213	obj213_Metal_Platform
Object 214	obj214_rusty_lever
Object 215	obj215_Eastern_End_of_Sewer
Object 216	obj216_small_pipes
Object 217	obj217_Rat_Nest
Object 218	obj218_rat_dung_and_other_unmentionables
Object 219	obj219_unusual_archway
Object 220	obj220_swarm_of_rats
Object 221	obj221_Rats_Den
Object 222	obj222_Help_Passing_Rats
Object 223	obj223_Help_Passing_Archway
Object 224	obj224_Witch_s_Lair
Object 225	obj225_shelves_of_vials_and_other_knick_knacks
Object 226	obj226_archway
Object 227	obj227_iron_cauldron
Object 228	obj228_bronze_statue
Object 229	obj229_upper_left_arm
Object 230	obj230_lower_left_arm
Object 231	obj231_upper_right_arm
Object 232	obj232_lower_right_arm
Object 233	obj233_top_eye_socket
Object 234	obj234_right_eye_socket
Object 235	obj235_left_eye_socket
Object 236	obj236_bottom_eye_socket
Object 237	obj237_jewelled_dagger
Object 238	obj238_earth_crystal
Object 239	obj239_bubbling_liquid
Object 240	obj240_pool_of_vomit
Object 241	obj241_tarnished_ring
Object 242	obj242_eye_one
Object 243	obj243_eye_two
Object 244	obj244_eye_three
Object 245	obj245_eye_four
Object 246	obj246_Help_Bronze_Statue
Object 247	obj247_Score_Bronze_Statue
Object 248	obj248_Old_Hallway
Object 249	obj249_Help_Chanting_Sound
Object 250	obj250_Ceremony_Room
Object 251	obj251_Score_Ending_the_Ceremony
Object 252	obj252_Mine_Shaft
Object 253	obj253_Deep_in_the_Mines
Object 254	obj254_large_cage
Object 255	obj255_goblin_creature
Object 256	obj256_Help_Goblin
Object 257	obj257_Western_Balcony
Object 258	obj258_layer_of_dust
Object 259	obj259_bricked_up_wall
Object 260	obj260_Back_Wall
Object 261	obj261_Wall_with_Large_Hole
Object 262	obj262_large_hole
Object 263	obj263_Secret_Library
Object 264	obj264_hook
Object 265	obj265_large_hole
Object 266	obj266_bookcases
Object 267	obj267_hundreds_of_books
Object 268	obj268_metal_chain
Object 269	obj269_Reading_Recess
Object 270	obj270_reading_desk
Object 271	obj271_small_chair
Object 272	obj272_Southern_End_of_the_Library
Object 273	obj273_large_nest
Object 274	obj274_large_slug
Object 275	obj275_sticky_strands
Object 276	obj276_dead_slug
Object 277	obj277_Score_Slug
Object 278	obj278_Help_Slug
Object 279	obj279_Street_Balcony
Object 280	obj280_view_from_the_balcony
Object 281	obj281_outside_wall
Object 282	obj282_Tight_Stairway
Object 283	obj283_narrow_little_stairway
Object 284	obj284_Centre_of_Long_Corridor
Object 285	obj285_wood_panels
Object 286	obj286_North_End_of_Long_Corridor
Object 287	obj287_South_End_of_Long_Corridor
Object 288	obj288_Sick_Bay
Object 289	obj289_medical_posters
Object 290	obj290_medical_cabinet
Object 291	obj291_bed
Object 292	obj292_letter
Object 293	obj293_small_glass_vial
Object 294	obj294_clear_blue_liquid
Object 295	obj295_pain_killer_tablets
Object 296	obj296_stethoscope
Object 297	obj297_Prop_Room
Object 298	obj298_various_junk
Object 299	obj299_shelves
Object 300	obj300_trapdoor
Object 301	obj301_Help_Entering_Attic
Object 302	obj302_Southern_End_of_the_Attic
Object 303	obj303_dust_and_cobwebs
Object 304	obj304_studs_and_crossbeams
Object 305	obj305_Attic_above_the_Theatre
Object 306	obj306_cracks_in_the_plastered_floor
Object 307	obj307_large_winch
Object 308	obj308_thick_cable
Object 309	obj309_handle
Object 310	obj310_chandelier
Object 311	obj311_Help_Attic_Winch
Object 312	obj312_Costume_Room
Object 313	obj313_racks_of_old_costumes
Object 314	obj314_mannequin_dressed_in_a_pirate_costume
Object 315	obj315_mannequin_dressed_in_a_cowboy_costume
Object 316	obj316_mannequin_dressed_in_a_gladiator_costume
Object 317	obj317_costume_peripherals
Object 318	obj318_old_gas_mask
Object 319	obj319_Help_Mannequins
Object 320	obj320_Score_Getting_Gas_Mask
Object 321	obj321_Music_Room
Object 322	obj322_musical_junk
Object 323	obj323_piano
Object 324	obj324_sheet_of_music
Object 325	obj325_Guest_Star_Room
Object 326	obj326_expensive_furniture
Object 327	obj327_four_poster_bed
Object 328	obj328_fireplace
Object 329	obj329_Sealed_Off_Office
Object 330	obj330_fireplace
Object 331	obj331_coffin
Object 332	obj332_coffin_stand
Object 333	obj333_sealed_door
Object 334	obj334_velvet_lining
Object 335	obj335_shiny_key
Object 336	obj336_Help_Shiny_Key
Object 337	obj337_Score_Shiny_Key
Object 338	obj338_Boiler_Room
Object 339	obj339_pipes
Object 340	obj340_old_boiler
Object 341	obj341_dirty_wooden_chest
Object 342	obj342_coal_bin
Object 343	obj343_bottle_of_glue
Object 344	obj344_puddle_of_glue
Object 345	obj345_lump_of_coal
Object 346	obj346_Theatre_Roof
Object 347	obj347_chimney
Object 348	obj348_roof_tiles
Object 349	obj349_city
Object 350	obj350_battered_crow
Object 351	obj351_Help_The_Crow
Object 352	obj352_Attic_Observatory
Object 353	obj353_exposed_wooden_beams
Object 354	obj354_patterned_window
Object 355	obj355_strangely_shaped_telescope
Object 356	obj356_greenish_gas
Object 357	obj357_clear_lens
Object 358	obj358_Help_Telescope
Object 359	obj359_patterned_lens
Object 360	obj360_Score_Making_Lens
Object 361	obj361_Score_Seen_God
Object 362	obj362_star_crystal
Object 363	obj363_Outside_the_Burning_Mansion
Object 364	obj364_front_lawn
Object 365	obj365_driveway
Object 366	obj366_hedges
Object 367	obj367_burning_mansion
Object 368	obj368_Smoky_Hall
Object 369	obj369_stairs
Object 370	obj370_blood_trail
Object 371	obj371_Trent
Object 372	obj372_Score_Helping_Trent
Object 373	obj373_Wine_Cellar
Object 374	obj374_tables_filled_with_strange_paraphernalia
Object 375	obj375_younger_woman
Object 376	obj376_old_hag
Object 377	obj377_pistol
Object 378	obj378_Score_Defeating_Villainesses
Object 379	obj379_Theatre_Lobby
Object 380	obj380_posters
Object 381	obj381_grand_staircase
Object 382	obj382_Help_Ending_The_Game
Object 383	obj383_Cloakroom
Object 384	obj384_row_of_hooks
Object 385	obj385_Manager_s_Office
Object 386	obj386_office_papers
Object 387	obj387_manager_s_desk
Object 388	obj388_trapdoor
Object 389	obj389_Rienhart
Object 390	obj390_pager
Object 391	obj391_Basement
Object 392	obj392_Barrels
Object 393	obj393_Outside_The_Theatre
Object 394	obj394_mist_rolling_over_the_street
Object 395	obj395_street
Object 396	obj396_car

Attribute 0	attrib0			! obj19_Help_Credits obj20_Help_Version obj21_Help_Legal obj22_Help_Instructions obj23_Help_Commands obj24_Help_General_Hints obj25_Help_Generally_Struck obj27_Help_Lyric obj52_Help_Starting_Out
Attribute 2	attrib2			! obj15_yourself obj104_vicious_thug obj109_ragged_skeleton obj117_Rienhart_s_corpse obj127_Cindy_Crawford obj128_Kathy_Ireland obj129_Stephanie_Seymour obj130_Elle_MacPherson obj138_ghostly_presence obj158_shadow_creature obj189_coiled_serpent obj203_invisible_monster obj220_swarm_of_rats obj255_goblin_creature obj274_large_slug obj276_dead_slug obj314_mannequin_dressed_in_a_pirate_costume obj315_mannequin_dressed_in_a_cowboy_costume obj316_mannequin_dressed_in_a_gladiator_costume obj350_battered_crow obj371_Trent obj375_younger_woman obj376_old_hag
Attribute 3	attrib3			! obj187_ancient_amulet obj241_tarnished_ring obj296_stethoscope obj318_old_gas_mask
Attribute 4	attrib4			! obj1_compass obj15_yourself
Attribute 5	attrib5			! obj59_manager_s_desk obj72_barrels obj123_rubbish_bin obj126_large_comfortable_bed obj185_old_locker obj227_iron_cauldron obj233_top_eye_socket obj234_right_eye_socket obj235_left_eye_socket obj236_bottom_eye_socket obj237_jewelled_dagger obj254_large_cage obj273_large_nest obj290_medical_cabinet obj293_small_glass_vial obj328_fireplace obj330_fireplace obj331_coffin obj340_old_boiler obj341_dirty_wooden_chest obj342_coal_bin obj355_strangely_shaped_telescope
Attribute 6	attrib6			! obj26_standard_theatre_doors obj64_trapdoor obj197_iron_door obj300_trapdoor obj388_trapdoor
Attribute 7	attrib7			! obj74_old_stale_popcorn obj75_old_stale_popcorn obj76_old_stale_popcorn obj77_old_stale_popcorn obj78_old_stale_popcorn obj79_old_stale_popcorn obj80_old_stale_popcorn obj81_old_stale_popcorn obj82_old_stale_popcorn obj83_old_stale_popcorn obj84_old_stale_popcorn obj85_old_stale_popcorn obj86_old_stale_popcorn obj87_old_stale_popcorn obj88_old_stale_popcorn obj89_old_stale_popcorn obj90_old_stale_popcorn obj91_old_stale_popcorn obj92_old_stale_popcorn obj93_old_stale_popcorn obj94_old_stale_popcorn obj95_old_stale_popcorn obj96_old_stale_popcorn obj97_old_stale_popcorn obj98_old_stale_popcorn obj99_old_stale_popcorn obj100_last_of_the_popcorn obj294_clear_blue_liquid
Attribute 8	attrib8			! obj126_large_comfortable_bed obj271_small_chair obj291_bed obj323_piano obj327_four_poster_bed
Attribute 9	attrib9			! obj127_Cindy_Crawford obj128_Kathy_Ireland obj129_Stephanie_Seymour obj130_Elle_MacPherson obj375_younger_woman obj376_old_hag
Attribute 11	attrib11		! obj16_Brendon_s_Limbo obj17_Brendon_s_ScoreBoard obj18_Brendon_s_HelpMenu obj49_Theatre_Lobby obj53_Cloakroom obj57_Manager_s_Office obj68_Basement obj101_Outside_The_Theatre obj107_Sealed_Up_Ticket_Booth obj113_Cramped_Hallway obj115_Narrow_Hallway obj119_End_of_Hallway obj121_Alley_Courtyard obj125_Dirty_Dream obj132_Staircase_Landing obj141_Eastern_Landing obj143_Western_Landing obj144_Southern_Landing obj145_heavy_curtains obj149_Eastern_Theatre_Aisle obj151_Western_Theatre_Aisle obj153_Stage obj155_Orchestra_Pit obj157_Pit_Cupboards obj161_Dark_Place obj162_Under_the_Stage obj164_Eastern_Stairway obj167_Eastern_Balcony obj171_Secret_Gallery obj175_Back_Stage obj182_Up_the_Ropes obj183_Dressing_Room obj192_Secret_Stairway obj195_Underground_Passage obj199_Above_the_Pit obj201_Inside_Pit obj206_Tunnel_Junction obj207_Western_End_of_Sewer obj211_In_Drain obj212_Centre_of_Sewer obj213_Metal_Platform obj215_Eastern_End_of_Sewer obj217_Rat_Nest obj221_Rats_Den obj224_Witch_s_Lair obj248_Old_Hallway obj250_Ceremony_Room obj252_Mine_Shaft obj253_Deep_in_the_Mines obj257_Western_Balcony obj260_Back_Wall obj261_Wall_with_Large_Hole obj263_Secret_Library obj269_Reading_Recess obj272_Southern_End_of_the_Library obj279_Street_Balcony obj282_Tight_Stairway obj284_Centre_of_Long_Corridor obj286_North_End_of_Long_Corridor obj287_South_End_of_Long_Corridor obj288_Sick_Bay obj297_Prop_Room obj302_Southern_End_of_the_Attic obj305_Attic_above_the_Theatre obj312_Costume_Room obj321_Music_Room obj325_Guest_Star_Room obj329_Sealed_Off_Office obj338_Boiler_Room obj346_Theatre_Roof obj352_Attic_Observatory obj363_Outside_the_Burning_Mansion obj368_Smoky_Hall obj373_Wine_Cellar obj379_Theatre_Lobby obj383_Cloakroom obj385_Manager_s_Office obj391_Basement obj393_Outside_The_Theatre
Attribute 12	attrib12		! obj197_iron_door obj254_large_cage
Attribute 13	attrib13		! obj197_iron_door obj254_large_cage
Attribute 16	attrib16		! obj64_trapdoor obj72_barrels obj126_large_comfortable_bed obj227_iron_cauldron obj233_top_eye_socket obj234_right_eye_socket obj235_left_eye_socket obj236_bottom_eye_socket obj237_jewelled_dagger obj273_large_nest obj293_small_glass_vial obj328_fireplace obj330_fireplace obj340_old_boiler obj342_coal_bin obj355_strangely_shaped_telescope obj388_trapdoor
Attribute 17	attrib17		! obj59_manager_s_desk obj64_trapdoor obj123_rubbish_bin obj137_painted_oaken_door obj145_heavy_curtains obj185_old_locker obj197_iron_door obj254_large_cage obj290_medical_cabinet obj300_trapdoor obj331_coffin obj341_dirty_wooden_chest obj388_trapdoor
Attribute 18	attrib18		! obj15_yourself obj117_Rienhart_s_corpse obj127_Cindy_Crawford obj128_Kathy_Ireland obj129_Stephanie_Seymour obj130_Elle_MacPherson obj389_Rienhart
Attribute 19	attrib19		! obj2_north_wall obj3_south_wall obj4_east_wall obj5_west_wall obj6_northeast_wall obj7_southeast_wall obj8_northwest_wall obj9_southwest_wall obj10_ceiling obj11_floor obj12_outside obj13_inside obj26_standard_theatre_doors obj50_posters obj51_grand_staircase obj54_row_of_hooks obj55_cleaner_hook obj56_secret_passage__leading_down obj58_office_papers obj59_manager_s_desk obj65_plastered_over_southern_wall obj69_street_level_windows obj72_barrels obj73_switch obj102_mist_rolling_over_the_street obj103_street obj108_boarded_up_windows obj112_little_dial obj114_old_boxes_of_junk obj116_carpet_rolls obj120_sealed_door obj122_stage_doors obj134_painted_room obj135_painted_gentleman obj136_painted_fireplace obj137_painted_oaken_door obj138_ghostly_presence obj142_lobby obj146_patterned_circular_window obj150_theatre_seats obj152_theatre_seats obj154_stage_dust obj156_walk_in_storage_cupboards obj165_finely_carpeted_stairway obj166_ghostly_conversation obj168_theatre_seats obj170_large_chandelier obj172_gallery_pictures obj176_removed_stairs obj177_stage_doors obj178_supports obj179_curtains obj180_ropes obj181_scenery obj184_scuff_marks obj193_roof_lights obj194_old_secret_stairway obj196_brick_walls obj197_iron_door obj200_nearby_pit obj202_rough_walls obj208_sluice_gate obj209_large_drain obj210_drainage_trench obj216_small_pipes obj218_rat_dung_and_other_unmentionables obj219_unusual_archway obj225_shelves_of_vials_and_other_knick_knacks obj226_archway obj227_iron_cauldron obj258_layer_of_dust obj259_bricked_up_wall obj262_large_hole obj264_hook obj265_large_hole obj266_bookcases obj267_hundreds_of_books obj270_reading_desk obj271_small_chair obj275_sticky_strands obj280_view_from_the_balcony obj281_outside_wall obj283_narrow_little_stairway obj285_wood_panels obj289_medical_posters obj298_various_junk obj299_shelves obj303_dust_and_cobwebs obj304_studs_and_crossbeams obj306_cracks_in_the_plastered_floor obj308_thick_cable obj309_handle obj313_racks_of_old_costumes obj317_costume_peripherals obj322_musical_junk obj326_expensive_furniture obj327_four_poster_bed obj328_fireplace obj330_fireplace obj332_coffin_stand obj333_sealed_door obj334_velvet_lining obj339_pipes obj340_old_boiler obj347_chimney obj348_roof_tiles obj349_city obj353_exposed_wooden_beams obj354_patterned_window obj356_greenish_gas obj364_front_lawn obj365_driveway obj366_hedges obj367_burning_mansion obj369_stairs obj370_blood_trail obj374_tables_filled_with_strange_paraphernalia obj380_posters obj381_grand_staircase obj384_row_of_hooks obj386_office_papers obj387_manager_s_desk obj392_Barrels obj394_mist_rolling_over_the_street obj395_street
Attribute 20	attrib20		! obj107_Sealed_Up_Ticket_Booth obj171_Secret_Gallery obj183_Dressing_Room obj192_Secret_Stairway obj224_Witch_s_Lair obj257_Western_Balcony obj302_Southern_End_of_the_Attic
Attribute 21	attrib21		! obj60_closed_metal_safe obj64_trapdoor obj70_electrical_panel obj109_ragged_skeleton obj110_old_rags obj123_rubbish_bin obj126_large_comfortable_bed obj133_large_portrait obj145_heavy_curtains obj147_faint_spotlight obj163_dropped_items obj185_old_locker obj186_broken_locker obj214_rusty_lever obj220_swarm_of_rats obj228_bronze_statue obj229_upper_left_arm obj230_lower_left_arm obj231_upper_right_arm obj232_lower_right_arm obj233_top_eye_socket obj234_right_eye_socket obj235_left_eye_socket obj236_bottom_eye_socket obj239_bubbling_liquid obj240_pool_of_vomit obj254_large_cage obj273_large_nest obj290_medical_cabinet obj291_bed obj300_trapdoor obj307_large_winch obj310_chandelier obj323_piano obj331_coffin obj341_dirty_wooden_chest obj342_coal_bin obj344_puddle_of_glue obj355_strangely_shaped_telescope obj388_trapdoor obj396_car
Attribute 22	attrib22		! obj270_reading_desk obj271_small_chair obj291_bed obj323_piano obj327_four_poster_bed
Attribute 23	attrib23		! obj73_switch
Attribute 25	attrib25		! obj15_yourself obj60_closed_metal_safe obj70_electrical_panel obj104_vicious_thug obj109_ragged_skeleton obj111_old_pocket_watch obj117_Rienhart_s_corpse obj126_large_comfortable_bed obj133_large_portrait obj173_old_fashioned_camera obj228_bronze_statue obj237_jewelled_dagger obj254_large_cage obj266_bookcases obj293_small_glass_vial obj375_younger_woman

Property 1	prop1:dictwords
Property 2	prop2:thing
Property 3	prop3:thing
Property 4	prop4:?
Property 5	prop5:?
Property 6	prop6:string
Property 7	prop7:string
Property 8	prop8:thing
Property 9	prop9:?
Property 10	prop10:routines
Property 11	prop11:routine
Property 12	prop12:routine
Property 13	prop13:thing
Property 14	prop14:thing
Property 15	prop15:thing
Property 16	prop16:thing
Property 17	prop17:thing
Property 18	prop18:thing
Property 19	prop19:?
Property 20	prop20:?
Property 21	prop21:thing
Property 22	prop22:thing
Property 23	prop23:thing
Property 24	prop24:thing
Property 25	prop25:thing
Property 26	prop26:thing
Property 27	prop27:routine
Property 28	prop28:thing
Property 29	prop29:thing
Property 30	prop30:things
Property 32	prop32:?
Property 33	prop33:routine
Property 34	prop34:routine
Property 35	prop35:?
Property 36	prop36:thing
Property 37	prop37:thing
Property 38	prop38:string

Global 0	global0:?
Global 1	global1:?
Global 2	global2:?
Global 3	global3:?
Global 4	global4:?
Global 5	global5:?
Global 6	global6:?
Global 7	global7:?
Global 8	global8:?
Global 9	global9:?
Global 10	global10:?
Global 11	global11:?
Global 12	global12:?
Global 13	global13:?
Global 14	global14:?
Global 15	global15:?
Global 16	global16:?
Global 17	global17:?
Global 18	global18:?
Global 19	global19:?
Global 20	global20:?
Global 21	global21:?
Global 22	global22:?
Global 23	global23:?
Global 24	global24:?
Global 25	global25:?
Global 26	global26:?
Global 27	global27:?
Global 28	global28:?
Global 29	global29:?
Global 30	global30:?
Global 31	global31:?
Global 32	global32:?
Global 33	global33:?
Global 34	global34:?
Global 35	global35:?
Global 36	global36:?
Global 37	global37:?
Global 38	global38:?
Global 39	global39:?
Global 40	global40:?
Global 41	global41:?
Global 42	global42:?
Global 43	global43:?
Global 44	global44:?
Global 45	global45:?
Global 46	global46:?
Global 47	global47:?
Global 48	global48:?
Global 49	global49:?
Global 50	global50:?
Global 51	global51:?
Global 52	global52:?
Global 53	global53:?
Global 54	global54:?
Global 55	global55:?
Global 56	global56:?
Global 57	global57:?
Global 58	global58:?
Global 59	global59:?
Global 60	global60:?
Global 61	global61:?
Global 62	global62:?
Global 63	global63:?
Global 64	global64:?
Global 65	global65:?
Global 66	global66:?
Global 67	global67:?
Global 68	global68:?
Global 69	global69:?
Global 70	global70:?
Global 71	global71:?
Global 72	global72:?
Global 73	global73:?
Global 74	global74:?
Global 75	global75:?
Global 76	global76:?
Global 77	global77:?
Global 78	global78:?
Global 79	global79:?
Global 80	global80:?
Global 81	global81:?
Global 82	global82:?
Global 83	global83:?
Global 84	global84:?
Global 85	global85:?
Global 86	global86:?
Global 87	global87:?
Global 88	global88:?
Global 89	global89:?
Global 90	global90:?
Global 91	global91:?
Global 92	global92:?
Global 93	global93:?
Global 94	global94:?
Global 95	global95:?
Global 96	global96:?
Global 97	global97:?
Global 98	global98:?
Global 99	global99:?
Global 100	global100:?
Global 101	global101:?
Global 102	global102:?
Global 103	global103:?
Global 104	global104:?
Global 105	global105:?
Global 106	global106:?
Global 107	global107:?
Global 108	global108:?
Global 109	global109:?
Global 110	global110:?
Global 111	global111:?
Global 112	global112:?
Global 113	global113:?
Global 114	global114:?
Global 115	global115:?
Global 116	global116:?
Global 117	global117:?
Global 118	global118:?
Global 119	global119:?
Global 120	global120:?
Global 121	global121:?
Global 122	global122:?
Global 123	global123:?
Global 124	global124:?
Global 125	global125:?
Global 126	global126:?
Global 127	global127:?
Global 128	global128:?
Global 129	global129:?
Global 130	global130:?
Global 131	global131:?
Global 132	global132:?
Global 133	global133:?
Global 134	global134:?
Global 135	global135:?
Global 136	global136:?
Global 137	global137:?
Global 138	global138:?
Global 139	global139:?
Global 140	global140:?
Global 141	global141:?
Global 142	global142:?
Global 143	global143:?
Global 144	global144:?
Global 145	global145:?
Global 146	global146:?
Global 147	global147:?
Global 148	global148:?
Global 149	global149:?
Global 150	global150:?
Global 151	global151:?
Global 152	global152:?
Global 153	global153:?
Global 154	global154:?
Global 155	global155:?
Global 156	global156:?
Global 157	global157:?
Global 158	global158:?
Global 159	global159:?
Global 160	global160:?
Global 161	global161:?
Global 162	global162:?
Global 163	global163:?
Global 164	global164:?
Global 165	global165:?
Global 166	global166:?
Global 167	global167:?
Global 168	global168:?
Global 169	global169:?
Global 170	global170:?
Global 171	global171:?
Global 172	global172:?
Global 173	global173:?
Global 174	global174:?
Global 175	global175:?
Global 176	global176:?
Global 177	global177:?
Global 178	global178:?
Global 179	global179:?
Global 180	global180:?
Global 181	global181:?
Global 182	global182:?
Global 183	global183:?
Global 184	global184:?
Global 185	global185:?
Global 186	global186:?
Global 187	global187:?
Global 188	global188:?
Global 189	global189:?
Global 190	global190:?
Global 191	global191:?
Global 192	global192:?
Global 193	global193:?
Global 194	global194:?
Global 195	global195:?
Global 196	global196:?
Global 197	global197:?
Global 198	global198:?
Global 199	global199:?
Global 200	global200:?
Global 201	global201:?
Global 202	global202:?
Global 203	global203:?
Global 204	global204:?
Global 205	global205:?
Global 206	global206:?
Global 207	global207:?
Global 208	global208:?
Global 209	global209:?
Global 210	global210:?
Global 211	global211:?
Global 212	global212:?
Global 213	global213:?
Global 214	global214:?
Global 215	global215:?
Global 216	global216:?
Global 217	global217:?
Global 218	global218:?
Global 219	global219:?
Global 220	global220:?
Global 221	global221:?
Global 222	global222:?
Global 223	global223:?
Global 224	global224:?
Global 225	global225:?
Global 226	global226:?
Global 227	global227:?
Global 228	global228:?
Global 229	global229:?
Global 230	global230:?
Global 231	global231:?
Global 232	global232:?
Global 233	global233:?
Global 234	global234:?
Global 235	global235:?
Global 236	global236:?
Global 237	global237:?
Global 238	global238:?
Global 239	global239:?

Action 0	Action0		! 'score'
Action 1	Action1		! 'full'/'fullscore'
				! 'full'/'fullscore' 'score'
				! 'full'/'fullscore' 'score'
Action 2	Action2		! 'die'/'q//'/'quit'
Action 3	Action3		! 'restore'
Action 4	Action4		! 'restart'
Action 5	Action5		! 'verify'
Action 6	Action6		! 'save'
Action 7	Action7		! 'script'
				! 'script' 'on'
Action 8	Action8		! 'noscript'/'unscript'
				! 'script' 'off'
Action 9	Action9		! 'short'/'superbrie'
Action 10	Action10	! 'long'/'verbose'
Action 11	Action11	! 'brief'/'normal'
Action 12	Action12	! 'nouns'/'pronouns'
Action 13	Action13	! 'notify' 'on'
Action 14	Action14	! 'notify' 'off'
Action 15	Action15	! 'credits'
				! 'version'
Action 16	Action16	! 'places'
Action 17	Action17	! 'objects'
Action 18	Action18	! 'climb'/'scale' 'out' noun
				! 'climb'/'scale' 'out' 'of' noun
				! 'exit'/'out'/'outside'
				! 'stand'
				! 'stand' 'up'
				! 'carry'/'get'/'take' 'out'
				! 'carry'/'get'/'take' 'off'
				! 'carry'/'get'/'take' 'up'
Action 19	Action19	! 'grab' noun
				! 'peel' noun
				! 'peel' 'off' noun
				! 'remove' multi
				! 'remove' noun
				! 'pick' 'up' multi
				! 'pick' multi 'up'
				! 'carry'/'get'/'take' multi
Action 20	Action20	! 'remove' multiinside 'from' noun
				! 'carry'/'get'/'take' multiinside 'from' noun
				! 'carry'/'get'/'take' multiinside 'off' noun
Action 21	Action21	! 'lie'/'sit' 'on' noun
				! 'lie'/'sit' 'in' noun
				! 'lie'/'sit' 'inside' noun
				! 'lie'/'sit' 'down' 'on'
				! 'cross'/'enter' noun
				! 'go'/'leave'/'run'/'walk' noun
				! 'go'/'leave'/'run'/'walk' 'into' noun
				! 'go'/'leave'/'run'/'walk' 'in' noun
				! 'go'/'leave'/'run'/'walk' 'inside' noun
				! 'go'/'leave'/'run'/'walk' 'through' noun
				! 'stand' 'on' noun
				! 'stand' 'in'
				! 'stand' 'in' noun
				! 'stand' 'inside' noun
				! 'carry'/'get'/'take' 'in' noun
				! 'carry'/'get'/'take' 'into' noun
				! 'carry'/'get'/'take' 'on' noun
				! 'carry'/'get'/'take' 'into' noun
				! 'carry'/'get'/'take' 'in' 'to' noun
Action 22	Action22	! 'disrobe'/'doff'/'shed' held
				! 'remove' held
				! 'carry'/'get'/'take' 'off' attrib28
Action 23	Action23	! 'carry'/'get'/'take' 'off' noun
Action 24	Action24	! 'i//'/'inv'/'inventory'
				! 'carry'/'get'/'take' 'inventory'
Action 25	Action25	! 'put' 'on' held
				! 'don'/'wear' held
Action 26	Action26	! 'discard'/'drop' multiexcept 'in' noun
				! 'discard'/'drop' multiexcept 'into' noun
				! 'discard'/'drop' multiexcept 'down' noun
				! 'insert' multiexcept 'in' noun
				! 'insert' multiexcept 'into' noun
				! 'put' multiexcept 'in' noun
				! 'put' multiexcept 'inside' noun
				! 'put' multiexcept 'into' noun
Action 27	Action27	! 'discard'/'drop' multiexcept 'on' noun
				! 'discard'/'drop' multiexcept 'onto' noun
				! 'put' multiexcept 'on' noun
				! 'put' multiexcept 'onto' noun
Action 28	Action28	! 'discard'/'drop' multiheld
				! 'put' 'down' multiheld
				! 'put' multiheld 'down'
Action 29	Action29	! 'empty' noun
				! 'empty' 'out' noun
				! 'empty' noun 'out'
Action 30	Action30	! 'empty' noun 'to' noun
				! 'empty' noun 'into' noun
				! 'empty' noun 'on' noun
				! 'empty' noun 'onto' noun
Action 31	Action31	! 'clear'/'move'/'press'/'push'/'shift' noun 'to' noun
				! 'transfer' noun 'to' noun
Action 32	Action32	! 'feed'/'give'/'offer'/'pay' creature held
Action 33	Action33	! 'feed'/'give'/'offer'/'pay' held 'to' creature
				! 'feed'/'give'/'offer'/'pay' 'over' held 'to' creature
Action 34	Action34	! 'display'/'present'/'show' creature held
Action 35	Action35	! 'display'/'present'/'show' held 'to' creature
Action 36	Action36	! 'go'/'leave'/'run'/'walk'
Action 37	Action37	! 'go'/'leave'/'run'/'walk' noun=routine157572
Action 38	Action38	! 'i//'/'inv'/'inventory' 'tall'
Action 39	Action39	! 'i//'/'inv'/'inventory' 'wide'
Action 40	Action40	! 'l//'/'look'
				! 'l//'/'look' 'around'
Action 41	Action41	! 'read' noun
				! 'check'/'describe'/'examine'/'watch'/'x//' noun
				! 'l//'/'look' 'at' noun
Action 42	Action42	! 'search' noun
				! 'l//'/'look' 'inside' noun
				! 'l//'/'look' 'in' noun
				! 'l//'/'look' 'into' noun
				! 'l//'/'look' 'through' noun
				! 'l//'/'look' 'down' noun
				! 'l//'/'look' 'into' noun
Action 43	Action43	! 'l//'/'look' 'under' noun
Action 44	Action44	! 'read' 'about' routine157664 'in' noun
				! 'read' routine157664 'in' noun
				! 'consult' noun 'about' routine157580
				! 'consult' noun 'on' routine157580
				! 'l//'/'look' 'up' routine157664 'in' noun
Action 45	Action45	! 'open'/'uncover'/'undo'/'unwrap' noun
Action 46	Action46	! 'unlock' noun 'with' held
				! 'open'/'uncover'/'undo'/'unwrap' noun 'with' held
Action 47	Action47	! 'close'/'cover'/'shut' noun
				! 'close'/'cover'/'shut' 'up'
Action 48	Action48	! 'switch' noun 'off'
				! 'switch' 'off' noun
				! 'rotate'/'screw'/'turn'/'twist'/'unscrew' noun 'off'
				! 'rotate'/'screw'/'turn'/'twist'/'unscrew' 'off' noun
				! 'close'/'cover'/'shut' 'off' noun
Action 49	Action49	! 'in'/'inside'
				! 'cross'/'enter'
Action 50	Action50	! 'y//'/'yes'
Action 51	Action51	! 'no'
Action 52	Action52	! 'sorry'
Action 53	Action53	! 'damn'/'fuck'/'shit'/'sod' noun
				! 'damn'/'fuck'/'shit'/'sod'
				! 'damn'/'fuck'/'shit'/'sod' special
Action 54	Action54	! 'bother'/'curses'/'darn'/'drat'
				! 'bother'/'curses'/'darn'/'drat' special
Action 55	Action55	! 'wave'
Action 56	Action56	! 'wave' noun
Action 57	Action57	! 'adjust'/'set' noun
Action 58	Action58	! 'rotate'/'screw'/'turn'/'twist'/'unscrew' noun 'to' special
				! 'adjust'/'set' noun 'to' special
Action 59	Action59	! 'drag'/'pull' noun
Action 60	Action60	! 'clear'/'move'/'press'/'push'/'shift' noun
Action 61	Action61	! 'clear'/'move'/'press'/'push'/'shift' noun noun
Action 62	Action62	! 'rotate'/'screw'/'turn'/'twist'/'unscrew' noun
Action 63	Action63	! 'switch' noun
				! 'switch' noun 'on'
				! 'switch' 'on' noun
				! 'rotate'/'screw'/'turn'/'twist'/'unscrew' noun 'on'
				! 'rotate'/'screw'/'turn'/'twist'/'unscrew' 'on' noun
Action 64	Action64	! 'lock' noun 'with' held
Action 65	Action65	! 'kick' 'in' noun
				! 'kick' noun
				! 'tear' noun
				! 'attack'/'break'/'crack'/'destroy'/'fight'/'hit'/'kill'/'murder'/'punch'/'smash'/'thump'/'torture'/'wreck' noun
Action 66	Action66	! 'wait'/'z//'
Action 67	Action67	! 'answer'/'say'/'shout'/'speak'/'whisper' routine157580 'to' creature
Action 68	Action68	! 'tell' creature 'about' routine157580
Action 69	Action69	! 'ask' creature 'about' routine157580
Action 70	Action70	! 'ask' creature 'for' noun
Action 71	Action71	! 'eat' noun
Action 72	Action72	! 'nap'/'sleep'
Action 73	Action73	! 'sing'
Action 74	Action74	! 'shinny'/'slide' 'up' noun
				! 'climb'/'scale' noun
				! 'climb'/'scale' 'up' noun
				! 'climb'/'scale' 'over' noun
				! 'go'/'leave'/'run'/'walk' 'up' noun
Action 75	Action75	! 'buy'/'purchase' noun
Action 76	Action76	! 'squash'/'squeeze' noun
Action 77	Action77	! 'dive'/'swim'
Action 78	Action78	! 'swing' noun
				! 'swing' 'on' noun
Action 79	Action79	! 'blow' held
Action 80	Action80	! 'pray'
Action 81	Action81	! 'awake'/'awaken'/'wake'
				! 'awake'/'awaken'/'wake' 'up'
Action 82	Action82	! 'awake'/'awaken'/'wake' creature
				! 'awake'/'awaken'/'wake' creature 'up'
				! 'awake'/'awaken'/'wake' 'up' creature
Action 83	Action83	! 'embrace'/'hug'/'kiss' creature
Action 84	Action84	! 'think'
Action 85	Action85	! 'smell'/'sniff'
				! 'smell'/'sniff' noun
Action 86	Action86	! 'hear'/'listen'
				! 'hear'/'listen' noun
				! 'hear'/'listen' 'to' noun
Action 87	Action87	! 'taste' noun
Action 88	Action88	! 'hold' 'on' 'to' noun
				! 'hold' 'on' noun
				! 'hold' 'onto' noun
				! 'feel'/'fondle'/'grope'/'touch' noun
Action 89	Action89	! 'clean'/'dust'/'polish'/'rub'/'scrub'/'shine'/'sweep'/'wipe' noun
Action 90	Action90	! 'connect'/'hook' noun
				! 'connect'/'hook' noun 'to' noun
				! 'connect'/'hook' noun 'onto' noun
				! 'attach'/'fasten'/'fix'/'tie' noun
				! 'attach'/'fasten'/'fix'/'tie' noun 'to' noun
				! 'attach'/'fasten'/'fix'/'tie' noun 'onto' noun
Action 91	Action91	! 'burn'/'light' noun
				! 'burn'/'light' noun 'with' held
Action 92	Action92	! 'drink'/'sip'/'swallow' noun
Action 93	Action93	! 'fill' noun
Action 94	Action94	! 'chop'/'cut'/'prune'/'slice' noun
Action 95	Action95	! 'hop'/'jump'/'skip'
Action 96	Action96	! 'hop'/'jump'/'skip' 'over' noun
Action 97	Action97	! 'dig'
				! 'dig' noun
				! 'dig' noun 'with' held
Action 98	Action98	! 'answer'/'say'/'shout'/'speak'/'whisper' special
				! 'answer'/'say'/'shout'/'speak'/'whisper'
Action 99	Action99	! 'biff'/'chuck'/'throw' held 'at' noun
				! 'biff'/'chuck'/'throw' held 'in' noun
				! 'biff'/'chuck'/'throw' held 'into' noun
				! 'biff'/'chuck'/'throw' held 'against' noun
Action 100	Action100	! 'knock' 'on' noun
				! 'knock' noun
Action 101	Action101	! 'read' noun
Action 102	Action102	! 'l//'/'look' 'up'
Action 103	Action103	! 'l//'/'look' 'down'
Action 104	Action104	! 'l//'/'look' 'behind' noun
Action 105	Action105	! 'descend' noun
				! 'shinny'/'slide' 'down' noun
				! 'climb'/'scale' 'down' noun
				! 'go'/'leave'/'run'/'walk' 'down' noun
Action 106	Action106	! 'rotate'/'screw'/'turn'/'twist'/'unscrew' noun 'left'
				! 'rotate'/'screw'/'turn'/'twist'/'unscrew' noun 'to' 'left'
				! 'rotate'/'screw'/'turn'/'twist'/'unscrew' noun 'to' 'the' 'left'
Action 107	Action107	! 'rotate'/'screw'/'turn'/'twist'/'unscrew' noun 'right'
				! 'rotate'/'screw'/'turn'/'twist'/'unscrew' noun 'to' 'right'
				! 'rotate'/'screw'/'turn'/'twist'/'unscrew' noun 'to' 'the' 'right'
Action 108	Action108	! 'time'
Action 109	Action109	! 'hello'/'hi'/'howdy'
				! 'talk' 'to' creature
Action 110	Action110	! 'help'/'hint'/'hints'/'instructi'
				! 'help'/'hint'/'hints'/'instructi' noun
Action 111	Action111	! 'cls'/'dir'/'ls'
Action 112	Action112	! 'grab' 'hold' 'of' noun
				! 'board'/'mount'/'ride' noun
Action 113	Action113	! 'discharge'/'drain'/'pour'/'spill' noun
				! 'discharge'/'drain'/'pour'/'spill' noun 'into' noun
				! 'discharge'/'drain'/'pour'/'spill' noun 'onto' noun
				! 'discharge'/'drain'/'pour'/'spill' noun 'on' 'to' noun
				! 'discharge'/'drain'/'pour'/'spill' noun 'in' noun
				! 'discharge'/'drain'/'pour'/'spill' noun 'over' noun
				! 'discharge'/'drain'/'pour'/'spill' noun 'on' noun
Action 114	Action114	! 'play'/'practice' noun
Action 115	Action115	! 'photograp' noun
				! 'photograp' noun 'with' held
				! 'carry'/'get'/'take' routine157804
				! 'carry'/'get'/'take' routine157804 'of' noun
				! 'carry'/'get'/'take' routine157804 'of' noun 'with' held
Action 116	Action116	! 'abra' 'cadabra'
				! 'agaliarep'/'echo'/'plover'/'plugh'/'xyzzy'/'yoho'
				! 'open'/'uncover'/'undo'/'unwrap' 'sesame'
Action 117	Action117	! 'flick'/'flip' noun
Action 118	Action118	! 'prompt'/'prompting'
Action 119	Action119	! 'wind' noun
Action 120	Action120	! 'search' noun 'through' noun
				! 'check'/'describe'/'examine'/'watch'/'x//' noun 'through' noun
				! 'l//'/'look' 'at' noun 'through' noun
Action 121	Action121	! 'disconnec'/'unattach'/'unhook'/'untie' noun
				! 'disconnec'/'unattach'/'unhook'/'untie' noun 'from' noun

Word	agaliarep	agaliarep
Word	appointme	appointme
Word	architect	architect
Word	automobil	automobil
Word	backgroun	backgroun
Word	birthston	birthston
Word	boardered	boardered
Word	bookcases	bookcases
Word	bookshelf	bookshelf
Word	bookshelv	bookshelv
Word	breathing	breathing
Word	bricked-	bricked-
Word	buildings	buildings
Word	casserole	casserole
Word	ceremonia	ceremonia
Word	chandelie	chandelie
Word	coathooks	coathooks
Word	comfortab	comfortab
Word	conversat	conversat
Word	crossbeam	crossbeam
Word	cupboards	cupboards
Word	curiously	curiously
Word	depressio	depressio
Word	discharge	discharge
Word	disconnec	disconnec
Word	distingui	distingui
Word	doctor's	doctor's
Word	droppings	droppings
Word	electrica	electrica
Word	elizabeth	elizabeth
Word	everythin	everythin
Word	expensive	expensive
Word	eye-like	eye-like
Word	fashioned	fashioned
Word	finely	finely
Word	finely-c	finely-c
Word	fireplace	fireplace
Word	four-pos	four-pos
Word	fullscore	fullscore
Word	furniture	furniture
Word	gentleman	gentleman
Word	gladiator	gladiator
Word	glistenin	glistenin
Word	goblin-l	goblin-l
Word	implement	implement
Word	indistinc	indistinc
Word	instructi	instructi
Word	inventory	inventory
Word	invisible	invisible
Word	irregular	irregular
Word	knick-kn	knick-kn
Word	macpherso	macpherso
Word	magazines	magazines
Word	manager'	manager'
Word	mannequin	mannequin
Word	medallion	medallion
Word	newspaper	newspaper
Word	northeast	northeast
Word	northwest	northwest
Word	old-fash	old-fash
Word	old-styl	old-styl
Word	pain-kil	pain-kil
Word	paintings	paintings
Word	paraphern	paraphern
Word	passagewa	passagewa
Word	patterned	patterned
Word	photograp	photograp
Word	plastered	plastered
Word	portraits	portraits
Word	prompting	prompting
Word	seventeen	seventeen
Word	soldier'	soldier'
Word	southeast	southeast
Word	southwest	southwest
Word	spotlight	spotlight
Word	staircase	staircase
Word	statue's	statue's
Word	stephanie	stephanie
Word	stethosco	stethosco
Word	strangely	strangely
Word	street-l	street-l
Word	superbrie	superbrie
Word	tarnished	tarnished
Word	telepager	telepager
Word	telescope	telescope
Word	trap-doo	trap-doo
Word	wood-pan	wood-pan

Routine 0x7804	routine30724:?
Routine 0x780c	routine30732:?
Routine 0x796c	routine31084:?
Routine 0x889c	routine34972:?
Routine 0x8954	routine35156:?
Routine 0x8a88	routine35464:?
Routine 0x8aa4	routine35492:?
Routine 0x9008	routine36872:?
Routine 0x93d8	routine37848:?
Routine 0x97b0	routine38832:?
Routine 0x9904	routine39172:?
Routine 0x9ac0	routine39616:?
Routine 0x9b60	routine39776:?
Routine 0x9c64	routine40036:?
Routine 0x9d20	routine40224:?
Routine 0x9d60	routine40288:?
Routine 0x9d98	routine40344:?
Routine 0x9de8	routine40424:?
Routine 0x9e10	routine40464:?
Routine 0x9e34	routine40500:?
Routine 0x9e64	routine40548:?
Routine 0x9ec0	routine40640:?
Routine 0x9ed8	routine40664:?
Routine 0x9ef4	routine40692:?
Routine 0xa034	routine41012:?
Routine 0xa078	routine41080:?
Routine 0xa184	routine41348:?
Routine 0xa1ac	routine41388:?
Routine 0xa250	routine41552:?
Routine 0xa3b0	routine41904:?
Routine 0xa3ec	routine41964:?
Routine 0xa434	routine42036:?
Routine 0xa454	routine42068:?
Routine 0xa494	routine42132:?
Routine 0xa4e4	routine42212:?
Routine 0xa4fc	routine42236:?
Routine 0xa514	routine42260:?
Routine 0xa524	routine42276:?
Routine 0xa634	routine42548:?
Routine 0xa65c	routine42588:?
Routine 0xa664	routine42596:?
Routine 0xa680	routine42624:?
Routine 0xa6b8	routine42680:?
Routine 0xa6ec	routine42732:?
Routine 0xa76c	routine42860:?
Routine 0xa78c	routine42892:?
Routine 0xa860	routine43104:?
Routine 0xa87c	routine43132:?
Routine 0xa890	routine43152:?
Routine 0xa8e0	routine43232:?
Routine 0xac94	routine44180:?
Routine 0xacb0	routine44208:?
Routine 0xad04	routine44292:?
Routine 0xad4c	routine44364:?
Routine 0xada0	routine44448:?
Routine 0xade4	routine44516:?
Routine 0xae48	routine44616:?
Routine 0xae58	routine44632:?
Routine 0xaf30	routine44848:?
Routine 0xaf68	routine44904:?
Routine 0xaf98	routine44952:?
Routine 0xafc4	routine44996:?
Routine 0xb040	routine45120:?
Routine 0xb078	routine45176:?
Routine 0xb0e0	routine45280:?
Routine 0xb104	routine45316:?
Routine 0xb1d8	routine45528:?
Routine 0xb22c	routine45612:?
Routine 0xb274	routine45684:?
Routine 0xb314	routine45844:?
Routine 0xb330	Action12Sub:?
Routine 0xb38c	routine45964:?
Routine 0xb448	routine46152:?
Routine 0xb458	routine46168:?
Routine 0xb488	routine46216:?
Routine 0xb4a0	routine46240:?
Routine 0xb4b4	routine46260:?
Routine 0xb4c8	routine46280:?
Routine 0xb51c	routine46364:?
Routine 0xb5d8	routine46552:?
Routine 0xb73c	routine46908:?
Routine 0xb79c	routine47004:?
Routine 0xb85c	routine47196:?
Routine 0xb888	routine47240:?
Routine 0xb8f4	routine47348:?
Routine 0xb948	routine47432:?
Routine 0xb9b0	routine47536:?
Routine 0xba1c	routine47644:?
Routine 0xbff4	routine49140:?
Routine 0xc048	routine49224:?
Routine 0xc38c	routine50060:?
Routine 0xc400	routine50176:?
Routine 0xc440	routine50240:?
Routine 0xc450	Action2Sub:?
Routine 0xc464	Action4Sub:?
Routine 0xc47c	Action3Sub:?
Routine 0xc498	Action6Sub:?
Routine 0xc4b4	Action5Sub:?
Routine 0xc4cc	Action7Sub:?
Routine 0xc4f8	Action8Sub:?
Routine 0xc520	Action13Sub:?
Routine 0xc52c	Action14Sub:?
Routine 0xc538	Action16Sub:?
Routine 0xc588	Action17Sub:?
Routine 0xc658	routine50776:?
Routine 0xc678	routine50808:?
Routine 0xc6b4	Action39Sub:?
Routine 0xc6c4	Action38Sub:?
Routine 0xc6d8	Action24Sub:?
Routine 0xc730	routine50992:?
Routine 0xc8d0	Action28Sub:?
Routine 0xc928	Action20Sub:?
Routine 0xc994	routine51604:?
Routine 0xc9a8	Action27Sub:?
Routine 0xcaa4	Action26Sub:?
Routine 0xcb98	Action31Sub:?
Routine 0xcc5c	Action29Sub:?
Routine 0xcc64	Action30Sub:?
Routine 0xccd8	Action33Sub:?
Routine 0xcd10	Action32Sub:?
Routine 0xcd1c	Action35Sub:?
Routine 0xcd50	Action34Sub:?
Routine 0xcd5c	Action21Sub:?
Routine 0xcddc	Action23Sub:?
Routine 0xcdf4	Action18Sub:?
Routine 0xce70	Action36Sub:?
Routine 0xce78	Action49Sub:?
Routine 0xce80	Action37Sub:?
Routine 0xcfe0	routine53216:?
Routine 0xd018	routine53272:?
Routine 0xd164	routine53604:?
Routine 0xd188	routine53640:?
Routine 0xd1a8	Action40Sub:?
Routine 0xd2ac	Action41Sub:?
Routine 0xd304	Action43Sub:?
Routine 0xd31c	Action42Sub:?
Routine 0xd3b8	Action46Sub:?
Routine 0xd404	Action64Sub:?
Routine 0xd45c	Action63Sub:?
Routine 0xd494	Action48Sub:?
Routine 0xd4cc	Action45Sub:?
Routine 0xd530	Action47Sub:?
Routine 0xd568	Action22Sub:?
Routine 0xd594	Action25Sub:?
Routine 0xd5e0	Action71Sub:?
Routine 0xd60c	Action50Sub:?
Routine 0xd614	Action51Sub:?
Routine 0xd61c	Action91Sub:?
Routine 0xd624	Action80Sub:?
Routine 0xd62c	Action81Sub:?
Routine 0xd634	Action82Sub:?
Routine 0xd648	Action84Sub:?
Routine 0xd650	Action85Sub:?
Routine 0xd658	Action86Sub:?
Routine 0xd660	Action87Sub:?
Routine 0xd668	Action97Sub:?
Routine 0xd670	Action94Sub:?
Routine 0xd678	Action95Sub:?
Routine 0xd680	Action96Sub:?
Routine 0xd688	Action90Sub:?
Routine 0xd690	Action93Sub:?
Routine 0xd698	Action52Sub:?
Routine 0xd6a0	Action53Sub:?
Routine 0xd6a8	Action54Sub:?
Routine 0xd6b0	Action77Sub:?
Routine 0xd6b8	Action78Sub:?
Routine 0xd6c0	Action79Sub:?
Routine 0xd6c8	Action89Sub:?
Routine 0xd6d0	Action57Sub:?
Routine 0xd6d8	Action58Sub:?
Routine 0xd6e0	Action55Sub:?
Routine 0xd6e8	Action75Sub:?
Routine 0xd6f0	Action73Sub:?
Routine 0xd6f8	Action74Sub:?
Routine 0xd700	Action72Sub:?
Routine 0xd708	Action44Sub:?
Routine 0xd714	Action88Sub:?
Routine 0xd738	Action56Sub:?
Routine 0xd754	Action59Sub:?
Routine 0xd788	Action60Sub:?
Routine 0xd7bc	Action62Sub:?
Routine 0xd7f0	Action66Sub:?
Routine 0xd804	Action61Sub:?
Routine 0xd80c	routine55308:?
Routine 0xd84c	Action76Sub:?
Routine 0xd864	Action99Sub:?
Routine 0xd8a4	Action65Sub:?
Routine 0xd8c0	Action83Sub:?
Routine 0xd8e4	Action67Sub:?
Routine 0xd8f8	Action68Sub:?
Routine 0xd91c	Action69Sub:?
Routine 0xd930	Action70Sub:?
Routine 0xd948	routine55624:?
Routine 0xd964	routine55652:?
Routine 0xf318	routine62232:?
Routine 0xf330	routine62256:?
! References: obj19_Help_Credits.prop8
Routine 0xf470	routine62576:?
! References: obj20_Help_Version.prop8
Routine 0xf9b0	routine63920:?
! References: obj21_Help_Legal.prop8
Routine 0xfc10	routine64528:?
! References: obj22_Help_Instructions.prop8
Routine 0xfda8	routine64936:?
! References: obj23_Help_Commands.prop8
Routine 0x119d8	routine72152:?
! References: obj24_Help_General_Hints.prop8
Routine 0x12bc4	routine76740:?
! References: obj25_Help_Generally_Struck.prop8
Routine 0x12e68	routine77416:?
! References: obj26_standard_theatre_doors.prop30
Routine 0x12fd0	routine77776:?
! References: obj26_standard_theatre_doors.prop10
Routine 0x12fd4	routine77780:?
! References: obj109_ragged_skeleton.prop12, obj117_Rienhart_s_corpse.prop12
Routine 0x1302c	routine77868:?
! References: obj27_Help_Lyric.prop8
Routine 0x13120	routine78112:?
! References: obj28_loose_page.prop37, obj29_loose_page.prop37, obj30_loose_page.prop37, obj31_loose_page.prop37, obj32_loose_page.prop37, obj33_loose_page.prop37, obj34_loose_page.prop37, obj35_loose_page.prop37, obj36_loose_page.prop37, obj37_loose_page.prop37, obj38_loose_page.prop37, obj39_loose_page.prop37, obj40_loose_page.prop37, obj41_loose_page.prop37, obj42_loose_page.prop37, obj43_loose_page.prop37, obj44_loose_page.prop37, obj45_loose_page.prop37, obj46_loose_page.prop37, obj47_missing_pages.prop37
Routine 0x188e0	routine100576:?
! References: obj28_loose_page.prop10, obj29_loose_page.prop10, obj30_loose_page.prop10, obj31_loose_page.prop10, obj32_loose_page.prop10, obj33_loose_page.prop10, obj34_loose_page.prop10, obj35_loose_page.prop10, obj36_loose_page.prop10, obj37_loose_page.prop10, obj38_loose_page.prop10, obj39_loose_page.prop10, obj40_loose_page.prop10, obj41_loose_page.prop10, obj42_loose_page.prop10, obj43_loose_page.prop10, obj44_loose_page.prop10, obj45_loose_page.prop10, obj46_loose_page.prop10, obj47_missing_pages.prop10
Routine 0x18918	routine100632:?
! References: obj28_loose_page.prop8
Routine 0x18a34	routine100916:?
! References: obj46_loose_page.prop8
Routine 0x18b4c	routine101196:?
! References: obj366_hedges.prop1
Routine 0x18d58	routine101720:?
Routine 0x18e04	routine101892:?
Routine 0x18e38	routine101944:?
Routine 0x18e50	routine101968:?
! References: obj49_Theatre_Lobby.prop21
Routine 0x18eb4	routine102068:?
! References: obj49_Theatre_Lobby.prop13
Routine 0x18ebc	routine102076:?
! References: obj49_Theatre_Lobby.prop24
Routine 0x18f60	routine102240:?
! References: obj49_Theatre_Lobby.prop14
Routine 0x18f68	routine102248:?
! References: obj49_Theatre_Lobby.prop2
Routine 0x18fb8	routine102328:?
! References: obj50_posters.prop10
Routine 0x19060	routine102496:?
! References: obj51_grand_staircase.prop10
Routine 0x19084	routine102532:?
! References: obj52_Help_Starting_Out.prop8
Routine 0x190a0	routine102560:?
! References: obj53_Cloakroom.prop27, obj203_invisible_monster.prop1
Routine 0x191b4	routine102836:?
! References: obj53_Cloakroom.prop22
Routine 0x1926c	routine103020:?
! References: obj54_row_of_hooks.prop10
Routine 0x19290	routine103056:?
! References: obj54_row_of_hooks.prop11
Routine 0x192dc	routine103132:?
! References: obj55_cleaner_hook.prop10, obj203_invisible_monster.prop1
Routine 0x192f8	routine103160:?
! References: obj56_secret_passage__leading_down.prop10
Routine 0x193a0	routine103328:?
! References: obj57_Manager_s_Office.prop26
Routine 0x19470	routine103536:?
! References: obj57_Manager_s_Office.prop13
Routine 0x19584	routine103812:?
! References: obj57_Manager_s_Office.prop14
Routine 0x19628	routine103976:?
! References: obj57_Manager_s_Office.prop22
Routine 0x19634	routine103988:?
! References: obj58_office_papers.prop10
Routine 0x1965c	routine104028:?
! References: obj59_manager_s_desk.prop26
Routine 0x19698	routine104088:?
! References: obj59_manager_s_desk.prop10
Routine 0x1972c	routine104236:?
! References: obj60_closed_metal_safe.prop26
Routine 0x19750	routine104272:?
! References: obj60_closed_metal_safe.prop10
Routine 0x1978c	routine104332:?
! References: obj61_dial.prop10
Routine 0x197d4	routine104404:?
! References: obj62_handle.prop10
Routine 0x19a98	routine105112:?
! References: obj63_architect_s_plans.prop26
Routine 0x19aa8	routine105128:?
! References: obj63_architect_s_plans.prop11, obj230_lower_left_arm.prop1, obj232_lower_right_arm.prop1
Routine 0x19b44	routine105284:?
! References: obj64_trapdoor.prop27
Routine 0x19bc4	routine105412:?
! References: obj64_trapdoor.prop16
Routine 0x19c24	routine105508:?
! References: obj64_trapdoor.prop13
Routine 0x19c34	routine105524:?
! References: obj65_plastered_over_southern_wall.prop26
Routine 0x19c44	routine105540:?
! References: obj65_plastered_over_southern_wall.prop10
Routine 0x19c8c	routine105612:?
! References: obj66_Help_Office_Safe.prop8
Routine 0x19d88	routine105864:?
! References: obj68_Basement.prop24
Routine 0x19e74	routine106100:?
! References: obj68_Basement.prop21
Routine 0x19e7c	routine106108:?
! References: obj69_street_level_windows.prop10
Routine 0x19e9c	routine106140:?
! References: obj70_electrical_panel.prop10
Routine 0x19f20	routine106272:?
! References: obj71_pager.prop26
Routine 0x19f98	routine106392:?
! References: obj71_pager.prop33
Routine 0x1a0a0	routine106656:?
! References: obj72_barrels.prop10
Routine 0x1a0f8	routine106744:?
! References: obj73_switch.prop10
Routine 0x1a118	routine106776:?
! References: obj73_switch.prop11
Routine 0x1a1a0	routine106912:?
! References: obj74_old_stale_popcorn.prop10, obj75_old_stale_popcorn.prop10, obj76_old_stale_popcorn.prop10, obj77_old_stale_popcorn.prop10, obj78_old_stale_popcorn.prop10, obj79_old_stale_popcorn.prop10, obj80_old_stale_popcorn.prop10, obj81_old_stale_popcorn.prop10, obj82_old_stale_popcorn.prop10, obj83_old_stale_popcorn.prop10, obj84_old_stale_popcorn.prop10, obj85_old_stale_popcorn.prop10, obj86_old_stale_popcorn.prop10, obj87_old_stale_popcorn.prop10, obj88_old_stale_popcorn.prop10, obj89_old_stale_popcorn.prop10, obj90_old_stale_popcorn.prop10, obj91_old_stale_popcorn.prop10, obj92_old_stale_popcorn.prop10, obj93_old_stale_popcorn.prop10, obj94_old_stale_popcorn.prop10, obj95_old_stale_popcorn.prop10, obj96_old_stale_popcorn.prop10, obj97_old_stale_popcorn.prop10, obj98_old_stale_popcorn.prop10, obj99_old_stale_popcorn.prop10, obj100_last_of_the_popcorn.prop10
Routine 0x1a1fc	routine107004:?
! References: obj74_old_stale_popcorn.prop11, obj75_old_stale_popcorn.prop11, obj76_old_stale_popcorn.prop11, obj77_old_stale_popcorn.prop11, obj78_old_stale_popcorn.prop11, obj79_old_stale_popcorn.prop11, obj80_old_stale_popcorn.prop11, obj81_old_stale_popcorn.prop11, obj82_old_stale_popcorn.prop11, obj83_old_stale_popcorn.prop11, obj84_old_stale_popcorn.prop11, obj85_old_stale_popcorn.prop11, obj86_old_stale_popcorn.prop11, obj87_old_stale_popcorn.prop11, obj88_old_stale_popcorn.prop11, obj89_old_stale_popcorn.prop11, obj90_old_stale_popcorn.prop11, obj91_old_stale_popcorn.prop11, obj92_old_stale_popcorn.prop11, obj93_old_stale_popcorn.prop11, obj94_old_stale_popcorn.prop11, obj95_old_stale_popcorn.prop11, obj96_old_stale_popcorn.prop11, obj97_old_stale_popcorn.prop11, obj98_old_stale_popcorn.prop11, obj99_old_stale_popcorn.prop11, obj100_last_of_the_popcorn.prop11
Routine 0x1a2ac	routine107180:?
! References: obj100_last_of_the_popcorn.prop10
Routine 0x1a2f8	routine107256:?
! References: obj101_Outside_The_Theatre.prop27
Routine 0x1a328	routine107304:?
! References: obj101_Outside_The_Theatre.prop23
Routine 0x1a528	routine107816:?
! References: obj101_Outside_The_Theatre.prop13
Routine 0x1a530	routine107824:?
! References: obj101_Outside_The_Theatre.prop15
Routine 0x1a614	routine108052:?
! References: obj101_Outside_The_Theatre.prop16
Routine 0x1a668	routine108136:?
! References: obj104_vicious_thug.prop12
Routine 0x1a6bc	routine108220:?
! References: obj104_vicious_thug.prop10
Routine 0x1a76c	routine108396:?
! References: obj104_vicious_thug.prop33
Routine 0x1a7c4	routine108484:?
! References: obj106_Help_Thug.prop8
Routine 0x1a9bc	routine108988:?
! References: obj106_Help_Thug.prop33
Routine 0x1aa44	routine109124:?
! References: obj107_Sealed_Up_Ticket_Booth.prop10
Routine 0x1aa50	routine109136:?
! References: obj108_boarded_up_windows.prop10
Routine 0x1aa78	routine109176:?
! References: obj109_ragged_skeleton.prop25
Routine 0x1aa9c	routine109212:?
! References: obj109_ragged_skeleton.prop10
Routine 0x1ab14	routine109332:?
! References: obj110_old_rags.prop10
Routine 0x1aba0	routine109472:?
! References: obj111_old_pocket_watch.prop10
Routine 0x1abc8	routine109512:?
! References: obj111_old_pocket_watch.prop26
Routine 0x1ac64	routine109668:?
! References: obj112_little_dial.prop26
Routine 0x1ace0	routine109792:?
! References: obj112_little_dial.prop10
Routine 0x1ad40	routine109888:?
! References: obj114_old_boxes_of_junk.prop10, obj289_medical_posters.prop1, obj327_four_poster_bed.prop1
Routine 0x1ae88	routine110216:?
! References: obj115_Narrow_Hallway.prop27
Routine 0x1ae98	routine110232:?
! References: obj115_Narrow_Hallway.prop13
Routine 0x1af54	routine110420:?
! References: obj116_carpet_rolls.prop26
Routine 0x1af80	routine110464:?
! References: obj116_carpet_rolls.prop10
Routine 0x1afe4	routine110564:?
! References: obj117_Rienhart_s_corpse.prop25
Routine 0x1b0dc	routine110812:?
! References: obj117_Rienhart_s_corpse.prop10
Routine 0x1b124	routine110884:?
! References: obj117_Rienhart_s_corpse.prop11
Routine 0x1b1ec	routine111084:?
! References: obj118_appointment_book.prop11
Routine 0x1b25c	routine111196:?
! References: obj118_appointment_book.prop10
Routine 0x1b26c	routine111212:?
! References: obj120_sealed_door.prop10
Routine 0x1b380	routine111488:?
! References: obj122_stage_doors.prop10
Routine 0x1b3b0	routine111536:?
! References: obj123_rubbish_bin.prop27
Routine 0x1b3d4	routine111572:?
! References: obj123_rubbish_bin.prop10
Routine 0x1b45c	routine111708:?
! References: obj124_old_ticket.prop10
Routine 0x1b528	routine111912:?
! References: obj127_Cindy_Crawford.prop12, obj128_Kathy_Ireland.prop12, obj129_Stephanie_Seymour.prop12, obj130_Elle_MacPherson.prop12
Routine 0x1b674	routine112244:?
! References: obj127_Cindy_Crawford.prop10, obj128_Kathy_Ireland.prop10, obj129_Stephanie_Seymour.prop10, obj130_Elle_MacPherson.prop10
Routine 0x1b738	routine112440:?
! References: obj125_Dirty_Dream.prop29
Routine 0x1b864	routine112740:?
! References: obj132_Staircase_Landing.prop13
Routine 0x1b8b4	routine112820:?
! References: obj133_large_portrait.prop10
Routine 0x1b8dc	routine112860:?
! References: obj134_painted_room.prop10
Routine 0x1b988	routine113032:?
! References: obj135_painted_gentleman.prop10
Routine 0x1b9a8	routine113064:?
! References: obj120_sealed_door.prop1, obj136_painted_fireplace.prop10, obj333_sealed_door.prop1
Routine 0x1b9c8	routine113096:?
! References: obj137_painted_oaken_door.prop10
Routine 0x1b9e8	routine113128:?
! References: obj137_painted_oaken_door.prop11
Routine 0x1ba24	routine113188:?
! References: obj138_ghostly_presence.prop10
Routine 0x1ba7c	routine113276:?
! References: obj138_ghostly_presence.prop12
Routine 0x1baf0	routine113392:?
! References: obj138_ghostly_presence.prop33
Routine 0x1bb8c	routine113548:?
! References: obj139_Help_Ghostly_Presence.prop8
Routine 0x1bcb0	routine113840:?
! References: obj141_Eastern_Landing.prop23
Routine 0x1bd9c	routine114076:?
! References: obj141_Eastern_Landing.prop13
Routine 0x1bda4	routine114084:?
! References: obj141_Eastern_Landing.prop21
Routine 0x1bdb8	routine114104:?
! References: obj142_lobby.prop10
Routine 0x1bdc0	routine114112:?
! References: obj143_Western_Landing.prop23
Routine 0x1bdfc	routine114172:?
! References: obj143_Western_Landing.prop13
Routine 0x1be04	routine114180:?
! References: obj143_Western_Landing.prop34
Routine 0x1be18	routine114200:?
! References: obj144_Southern_Landing.prop3
Routine 0x1be6c	routine114284:?
! References: obj145_heavy_curtains.prop10
Routine 0x1bec8	routine114376:?
! References: obj145_heavy_curtains.prop11
Routine 0x1bf48	routine114504:?
! References: obj146_patterned_circular_window.prop10
Routine 0x1bfc8	routine114632:?
! References: obj147_faint_spotlight.prop10
Routine 0x1c048	routine114760:?
! References: obj148_Help_Patterned_Window.prop8
Routine 0x1c140	routine115008:?
! References: obj149_Eastern_Theatre_Aisle.prop2
Routine 0x1c178	routine115064:?
! References: obj149_Eastern_Theatre_Aisle.prop10
Routine 0x1c1cc	routine115148:?
! References: obj149_Eastern_Theatre_Aisle.prop24
Routine 0x1c1fc	routine115196:?
! References: obj149_Eastern_Theatre_Aisle.prop14
Routine 0x1c204	routine115204:?
! References: obj149_Eastern_Theatre_Aisle.prop13
Routine 0x1c20c	routine115212:?
! References: obj150_theatre_seats.prop10
Routine 0x1c240	routine115264:?
! References: obj151_Western_Theatre_Aisle.prop2
Routine 0x1c260	routine115296:?
! References: obj151_Western_Theatre_Aisle.prop10
Routine 0x1c2b4	routine115380:?
! References: obj151_Western_Theatre_Aisle.prop24
Routine 0x1c2e4	routine115428:?
! References: obj151_Western_Theatre_Aisle.prop14
Routine 0x1c2ec	routine115436:?
! References: obj151_Western_Theatre_Aisle.prop13
Routine 0x1c2f4	routine115444:?
! References: obj152_theatre_seats.prop10
Routine 0x1c328	routine115496:?
! References: obj154_stage_dust.prop26
Routine 0x1c348	routine115528:?
! References: obj156_walk_in_storage_cupboards.prop10
Routine 0x1c398	routine115608:?
! References: obj157_Pit_Cupboards.prop10
Routine 0x1c3a8	routine115624:?
! References: obj157_Pit_Cupboards.prop15
Routine 0x1c440	routine115776:?
! References: obj158_shadow_creature.prop27
Routine 0x1c4a8	routine115880:?
! References: obj158_shadow_creature.prop12
Routine 0x1c4d4	routine115924:?
! References: obj158_shadow_creature.prop34
Routine 0x1c57c	routine116092:?
! References: obj160_Help_Shadow_Creature.prop8
Routine 0x1c5a4	routine116132:?
! References: obj163_dropped_items.prop26
Routine 0x1c610	routine116240:?
! References: obj163_dropped_items.prop10
Routine 0x1c6ac	routine116396:?
! References: obj164_Eastern_Stairway.prop10
Routine 0x1c6cc	routine116428:?
! References: obj164_Eastern_Stairway.prop16
Routine 0x1c6f0	routine116464:?
! References: obj165_finely_carpeted_stairway.prop10
Routine 0x1c6f8	routine116472:?
! References: obj166_ghostly_conversation.prop10
Routine 0x1c720	routine116512:?
! References: obj166_ghostly_conversation.prop34
Routine 0x1c738	routine116536:?
! References: obj167_Eastern_Balcony.prop26, obj369_stairs.prop1
Routine 0x1c7b4	routine116660:?
! References: obj167_Eastern_Balcony.prop2
Routine 0x1c860	routine116832:?
! References: obj168_theatre_seats.prop10
Routine 0x1c8a4	routine116900:?
! References: obj169_Help_Other_Balcony.prop8
Routine 0x1c8c4	routine116932:?
! References: obj170_large_chandelier.prop26
Routine 0x1c8f4	routine116980:?
! References: obj170_large_chandelier.prop10
Routine 0x1c900	routine116992:?
! References: obj170_large_chandelier.prop33
Routine 0x1cbe8	routine117736:?
! References: obj170_large_chandelier.prop25
Routine 0x1cc48	routine117832:?
! References: obj173_old_fashioned_camera.prop26
Routine 0x1cd24	routine118052:?
! References: obj173_old_fashioned_camera.prop10
Routine 0x1cda4	routine118180:?
! References: obj174_flash_bulb.prop26
Routine 0x1ce7c	routine118396:?
! References: obj175_Back_Stage.prop34
Routine 0x1cea4	routine118436:?
! References: obj177_stage_doors.prop10
Routine 0x1cef8	routine118520:?
! References: obj180_ropes.prop10
Routine 0x1cf28	routine118568:?
! References: obj182_Up_the_Ropes.prop10
Routine 0x1cf78	routine118648:?
! References: obj182_Up_the_Ropes.prop22
Routine 0x1d018	routine118808:?
! References: obj185_old_locker.prop10
Routine 0x1d034	routine118836:?
! References: obj185_old_locker.prop11
Routine 0x1d15c	routine119132:?
! References: obj186_broken_locker.prop10
Routine 0x1d1f8	routine119288:?
! References: obj188_old_newspaper_clipping.prop10
Routine 0x1d220	routine119328:?
! References: obj189_coiled_serpent.prop10
Routine 0x1d24c	routine119372:?
! References: obj189_coiled_serpent.prop12
Routine 0x1d2c4	routine119492:?
! References: obj190_Help_Nasty_Snake.prop8, obj255_goblin_creature.prop1, obj371_Trent.prop1
Routine 0x1d2f4	routine119540:?
! References: obj194_old_secret_stairway.prop10
Routine 0x1d370	routine119664:?
! References: obj195_Underground_Passage.prop26
Routine 0x1d38c	routine119692:?
! References: obj196_brick_walls.prop10
Routine 0x1d41c	routine119836:?
! References: obj197_iron_door.prop26
Routine 0x1d450	routine119888:?
! References: obj197_iron_door.prop16
Routine 0x1d498	routine119960:?
! References: obj197_iron_door.prop13
Routine 0x1d4a4	routine119972:?
! References: obj197_iron_door.prop11
Routine 0x1d4b0	routine119984:?
! References: obj197_iron_door.prop34
Routine 0x1d4c0	routine120000:?
! References: obj198_Help_Iron_Door.prop8
Routine 0x1d4d0	routine120016:?
! References: obj199_Above_the_Pit.prop26
Routine 0x1d524	routine120100:?
! References: obj199_Above_the_Pit.prop34
Routine 0x1d5e0	routine120288:?
! References: obj200_nearby_pit.prop10
Routine 0x1d6a4	routine120484:?
! References: obj201_Inside_Pit.prop34
Routine 0x1d868	routine120936:?
! References: obj202_rough_walls.prop10
Routine 0x1d8a4	routine120996:?
! References: obj203_invisible_monster.prop34
Routine 0x1d8b4	routine121012:?
! References: obj204_Help_Pit_Monster.prop8
Routine 0x1d954	routine121172:?
! References: obj207_Western_End_of_Sewer.prop10
Routine 0x1da14	routine121364:?
! References: obj208_sluice_gate.prop10
Routine 0x1da30	routine121392:?
! References: obj209_large_drain.prop10
Routine 0x1da54	routine121428:?
! References: obj210_drainage_trench.prop10
Routine 0x1da64	routine121444:?
! References: obj212_Centre_of_Sewer.prop10
Routine 0x1da98	routine121496:?
! References: obj213_Metal_Platform.prop10
Routine 0x1dab4	routine121524:?
! References: obj214_rusty_lever.prop10
Routine 0x1dad0	routine121552:?
Routine 0x1dc00	routine121856:?
! References: obj215_Eastern_End_of_Sewer.prop10
Routine 0x1dc44	routine121924:?
! References: obj69_street_level_windows.prop1, obj146_patterned_circular_window.prop1, obj147_faint_spotlight.prop1, obj217_Rat_Nest.prop18, obj354_patterned_window.prop1
Routine 0x1dc60	routine121952:?
! References: obj217_Rat_Nest.prop10
Routine 0x1dd78	routine122232:?
! References: obj218_rat_dung_and_other_unmentionables.prop10
Routine 0x1ddc0	routine122304:?
! References: obj219_unusual_archway.prop10
Routine 0x1ddd4	routine122324:?
! References: obj220_swarm_of_rats.prop30
Routine 0x1dde4	routine122340:?
! References: obj220_swarm_of_rats.prop12
Routine 0x1de08	routine122376:?
! References: obj220_swarm_of_rats.prop10
Routine 0x1de74	routine122484:?
! References: obj220_swarm_of_rats.prop27
Routine 0x1deac	routine122540:?
! References: obj220_swarm_of_rats.prop33
Routine 0x1dfec	routine122860:?
Routine 0x1e31c	routine123676:?
! References: obj222_Help_Passing_Rats.prop8
Routine 0x1e728	routine124712:?
! References: obj223_Help_Passing_Archway.prop8
Routine 0x1e800	routine124928:?
! References: obj226_archway.prop10
Routine 0x1e888	routine125064:?
! References: obj227_iron_cauldron.prop10
Routine 0x1e898	routine125080:?
! References: obj228_bronze_statue.prop25
Routine 0x1e98c	routine125324:?
! References: obj228_bronze_statue.prop26
Routine 0x1e9f8	routine125432:?
! References: obj229_upper_left_arm.prop26
Routine 0x1eb90	routine125840:?
! References: obj230_lower_left_arm.prop26
Routine 0x1ebcc	routine125900:?
! References: obj231_upper_right_arm.prop26
Routine 0x1ec08	routine125960:?
! References: obj232_lower_right_arm.prop26
Routine 0x1ec44	routine126020:?
! References: obj233_top_eye_socket.prop26, obj234_right_eye_socket.prop26, obj235_left_eye_socket.prop26, obj236_bottom_eye_socket.prop26
Routine 0x1ec80	routine126080:?
! References: obj233_top_eye_socket.prop10, obj234_right_eye_socket.prop10, obj235_left_eye_socket.prop10, obj236_bottom_eye_socket.prop10
Routine 0x1ecb4	routine126132:?
! References: obj233_top_eye_socket.prop11, obj234_right_eye_socket.prop11, obj235_left_eye_socket.prop11, obj236_bottom_eye_socket.prop11
Routine 0x1eec4	routine126660:?
! References: obj237_jewelled_dagger.prop26
Routine 0x1efdc	routine126940:?
! References: obj237_jewelled_dagger.prop10
Routine 0x1f0a0	routine127136:?
! References: obj239_bubbling_liquid.prop10
Routine 0x1f174	routine127348:?
! References: obj240_pool_of_vomit.prop10
Routine 0x1f2d0	routine127696:?
! References: obj242_eye_one.prop28, obj243_eye_two.prop28, obj244_eye_three.prop28, obj245_eye_four.prop28
Routine 0x1f464	routine128100:?
! References: obj242_eye_one.prop36, obj243_eye_two.prop36, obj244_eye_three.prop36, obj245_eye_four.prop36
Routine 0x1f474	routine128116:?
! References: obj242_eye_one.prop26, obj243_eye_two.prop26, obj244_eye_three.prop26, obj245_eye_four.prop26
Routine 0x1f51c	routine128284:?
Routine 0x1f5cc	routine128460:?
! References: obj242_eye_one.prop37
Routine 0x1f700	routine128768:?
! References: obj243_eye_two.prop37
Routine 0x1f708	routine128776:?
! References: obj244_eye_three.prop37
Routine 0x1f710	routine128784:?
! References: obj245_eye_four.prop37
Routine 0x1f718	routine128792:?
Routine 0x1f720	routine128800:?
! References: obj246_Help_Bronze_Statue.prop8
Routine 0x1f770	routine128880:?
! References: obj248_Old_Hallway.prop10
Routine 0x1f8c0	routine129216:?
! References: obj248_Old_Hallway.prop34
Routine 0x1f8fc	routine129276:?
! References: obj248_Old_Hallway.prop17
Routine 0x1f904	routine129284:?
! References: obj249_Help_Chanting_Sound.prop8
Routine 0x1f958	routine129368:?
! References: obj250_Ceremony_Room.prop34
Routine 0x1f974	routine129396:?
! References: obj252_Mine_Shaft.prop26
Routine 0x20040	routine131136:?
! References: obj252_Mine_Shaft.prop10
Routine 0x200b4	routine131252:?
! References: obj254_large_cage.prop27
Routine 0x200dc	routine131292:?
! References: obj254_large_cage.prop10
Routine 0x20164	routine131428:?
! References: obj255_goblin_creature.prop12
Routine 0x201b4	routine131508:?
! References: obj255_goblin_creature.prop34
Routine 0x20894	routine133268:?
! References: obj256_Help_Goblin.prop8
Routine 0x209a8	routine133544:?
! References: obj257_Western_Balcony.prop2
Routine 0x20a44	routine133700:?
! References: obj262_large_hole.prop10
Routine 0x20a88	routine133768:?
! References: obj263_Secret_Library.prop26
Routine 0x20a98	routine133784:?
! References: obj264_hook.prop26
Routine 0x20bac	routine134060:?
! References: obj264_hook.prop10
Routine 0x20bec	routine134124:?
! References: obj265_large_hole.prop10
Routine 0x20c08	routine134152:?
! References: obj266_bookcases.prop10
Routine 0x20c18	routine134168:?
! References: obj266_bookcases.prop26
Routine 0x20da8	routine134568:?
! References: obj267_hundreds_of_books.prop10
Routine 0x20e24	routine134692:?
! References: obj268_metal_chain.prop26
Routine 0x20e84	routine134788:?
! References: obj268_metal_chain.prop10
Routine 0x20f1c	routine134940:?
! References: obj270_reading_desk.prop10
Routine 0x21068	routine135272:?
! References: obj272_Southern_End_of_the_Library.prop26
Routine 0x21078	routine135288:?
! References: obj272_Southern_End_of_the_Library.prop24
Routine 0x21138	routine135480:?
! References: obj272_Southern_End_of_the_Library.prop16
Routine 0x21140	routine135488:?
! References: obj273_large_nest.prop10
Routine 0x21168	routine135528:?
! References: obj274_large_slug.prop25
Routine 0x211d0	routine135632:?
! References: obj274_large_slug.prop10
Routine 0x21218	routine135704:?
! References: obj275_sticky_strands.prop10
Routine 0x21444	routine136260:?
! References: obj276_dead_slug.prop10
Routine 0x2158c	routine136588:?
! References: obj278_Help_Slug.prop8
Routine 0x215f0	routine136688:?
! References: obj281_outside_wall.prop10
Routine 0x2167c	routine136828:?
! References: obj282_Tight_Stairway.prop10
Routine 0x2168c	routine136844:?
! References: obj282_Tight_Stairway.prop34
Routine 0x216f8	routine136952:?
! References: obj282_Tight_Stairway.prop22
Routine 0x21750	routine137040:?
! References: obj282_Tight_Stairway.prop21
Routine 0x21778	routine137080:?
! References: obj282_Tight_Stairway.prop16
Routine 0x217a4	routine137124:?
! References: obj282_Tight_Stairway.prop15
Routine 0x217ac	routine137132:?
! References: obj283_narrow_little_stairway.prop10
Routine 0x217b4	routine137140:?
! References: obj292_letter.prop10
Routine 0x217d0	routine137168:?
! References: obj293_small_glass_vial.prop10
Routine 0x219c0	routine137664:?
! References: obj294_clear_blue_liquid.prop10
Routine 0x21a24	routine137764:?
! References: obj295_pain_killer_tablets.prop10
Routine 0x21b98	routine138136:?
! References: obj296_stethoscope.prop10
Routine 0x21bd8	routine138200:?
! References: obj296_stethoscope.prop34
Routine 0x21c08	routine138248:?
! References: obj297_Prop_Room.prop10
Routine 0x21c88	routine138376:?
Routine 0x21cac	routine138412:?
! References: obj298_various_junk.prop10
Routine 0x21d0c	routine138508:?
! References: obj300_trapdoor.prop16
Routine 0x21d24	routine138532:?
! References: obj300_trapdoor.prop13
Routine 0x21d34	routine138548:?
! References: obj300_trapdoor.prop25
Routine 0x21d48	routine138568:?
! References: obj300_trapdoor.prop14
Routine 0x21d8c	routine138636:?
! References: obj300_trapdoor.prop10
Routine 0x21dcc	routine138700:?
! References: obj301_Help_Entering_Attic.prop8
Routine 0x21e0c	routine138764:?
! References: obj302_Southern_End_of_the_Attic.prop22
Routine 0x21e70	routine138864:?
! References: obj306_cracks_in_the_plastered_floor.prop10
Routine 0x21e98	routine138904:?
! References: obj307_large_winch.prop25
Routine 0x21ecc	routine138956:?
! References: obj307_large_winch.prop10
Routine 0x21f34	routine139060:?
! References: obj308_thick_cable.prop10
Routine 0x21f58	routine139096:?
! References: obj309_handle.prop10
Routine 0x21fc8	routine139208:?
! References: obj310_chandelier.prop25
Routine 0x22060	routine139360:?
! References: obj310_chandelier.prop10
Routine 0x220b0	routine139440:?
! References: obj311_Help_Attic_Winch.prop8
Routine 0x22124	routine139556:?
! References: obj312_Costume_Room.prop24
Routine 0x2218c	routine139660:?
! References: obj312_Costume_Room.prop15
Routine 0x22194	routine139668:?
! References: obj312_Costume_Room.prop34
Routine 0x221ac	routine139692:?
! References: obj314_mannequin_dressed_in_a_pirate_costume.prop12, obj315_mannequin_dressed_in_a_cowboy_costume.prop12, obj316_mannequin_dressed_in_a_gladiator_costume.prop12
Routine 0x22454	routine140372:?
! References: obj317_costume_peripherals.prop10
Routine 0x224e8	routine140520:?
! References: obj318_old_gas_mask.prop10
Routine 0x22530	routine140592:?
! References: obj318_old_gas_mask.prop11
Routine 0x225dc	routine140764:?
! References: obj318_old_gas_mask.prop34
Routine 0x22624	routine140836:?
! References: obj319_Help_Mannequins.prop8
Routine 0x226d8	routine141016:?
! References: obj322_musical_junk.prop10
Routine 0x22734	routine141108:?
! References: obj323_piano.prop10
Routine 0x2274c	routine141132:?
! References: obj323_piano.prop11
Routine 0x22958	routine141656:?
! References: obj324_sheet_of_music.prop10
Routine 0x2297c	routine141692:?
! References: obj325_Guest_Star_Room.prop21
Routine 0x22a28	routine141864:?
! References: obj325_Guest_Star_Room.prop22
Routine 0x22a48	routine141896:?
! References: obj328_fireplace.prop10
Routine 0x22a68	routine141928:?
! References: obj329_Sealed_Off_Office.prop21
Routine 0x22b20	routine142112:?
! References: obj329_Sealed_Off_Office.prop22
Routine 0x22b2c	routine142124:?
! References: obj330_fireplace.prop10
Routine 0x22b38	routine142136:?
! References: obj331_coffin.prop11
Routine 0x22bd0	routine142288:?
! References: obj331_coffin.prop10
Routine 0x22c3c	routine142396:?
! References: obj333_sealed_door.prop10
Routine 0x22c5c	routine142428:?
! References: obj334_velvet_lining.prop10
Routine 0x22c88	routine142472:?
! References: obj335_shiny_key.prop10
Routine 0x22cc0	routine142528:?
! References: obj336_Help_Shiny_Key.prop8
Routine 0x22cf8	routine142584:?
! References: obj338_Boiler_Room.prop21
Routine 0x22d3c	routine142652:?
! References: obj338_Boiler_Room.prop24
Routine 0x22d48	routine142664:?
! References: obj340_old_boiler.prop10
Routine 0x22d54	routine142676:?
! References: obj343_bottle_of_glue.prop26
Routine 0x22db4	routine142772:?
! References: obj343_bottle_of_glue.prop10
Routine 0x22e4c	routine142924:?
! References: obj344_puddle_of_glue.prop27
Routine 0x22f04	routine143108:?
! References: obj344_puddle_of_glue.prop10
Routine 0x22f24	routine143140:?
! References: obj345_lump_of_coal.prop10
Routine 0x22f80	routine143232:?
! References: obj346_Theatre_Roof.prop26
Routine 0x22fec	routine143340:?
! References: obj346_Theatre_Roof.prop16
Routine 0x230dc	routine143580:?
! References: obj347_chimney.prop10
Routine 0x23108	routine143624:?
! References: obj350_battered_crow.prop34
Routine 0x2312c	routine143660:?
! References: obj350_battered_crow.prop10
Routine 0x23298	routine144024:?
! References: obj350_battered_crow.prop12
Routine 0x232ec	routine144108:?
! References: obj351_Help_The_Crow.prop8
Routine 0x23408	routine144392:?
! References: obj352_Attic_Observatory.prop10
Routine 0x23444	routine144452:?
! References: obj352_Attic_Observatory.prop34
Routine 0x234ac	routine144556:?
! References: obj352_Attic_Observatory.prop24
Routine 0x23548	routine144712:?
! References: obj352_Attic_Observatory.prop14
Routine 0x23550	routine144720:?
! References: obj355_strangely_shaped_telescope.prop26
Routine 0x23558	routine144728:?
! References: obj355_strangely_shaped_telescope.prop25
Routine 0x23620	routine144928:?
! References: obj355_strangely_shaped_telescope.prop10
Routine 0x2367c	routine145020:?
! References: obj355_strangely_shaped_telescope.prop11
Routine 0x23a14	routine145940:?
! References: obj356_greenish_gas.prop10
Routine 0x23a44	routine145988:?
! References: obj357_clear_lens.prop10
Routine 0x23adc	routine146140:?
! References: obj357_clear_lens.prop11
Routine 0x23be8	routine146408:?
! References: obj358_Help_Telescope.prop8
Routine 0x23c4c	routine146508:?
! References: obj359_patterned_lens.prop25
Routine 0x23d44	routine146756:?
! References: obj359_patterned_lens.prop10
Routine 0x23d9c	routine146844:?
! References: obj363_Outside_the_Burning_Mansion.prop34
Routine 0x23ea8	routine147112:?
! References: obj365_driveway.prop10
Routine 0x23ecc	routine147148:?
! References: obj367_burning_mansion.prop10
Routine 0x23edc	routine147164:?
! References: obj369_stairs.prop10
Routine 0x23eec	routine147180:?
! References: obj371_Trent.prop25
Routine 0x23f08	routine147208:?
! References: obj371_Trent.prop26
Routine 0x23f48	routine147272:?
! References: obj371_Trent.prop36
Routine 0x23fcc	routine147404:?
! References: obj371_Trent.prop12
Routine 0x23fe4	routine147428:?
! References: obj371_Trent.prop34
Routine 0x24124	routine147748:?
! References: obj375_younger_woman.prop12
Routine 0x24178	routine147832:?
! References: obj376_old_hag.prop12
Routine 0x243b4	routine148404:?
! References: obj376_old_hag.prop34
Routine 0x24560	routine148832:?
Routine 0x2472c	routine149292:?
! References: obj380_posters.prop10
Routine 0x247dc	routine149468:?
! References: obj381_grand_staircase.prop10
Routine 0x24800	routine149504:?
! References: obj382_Help_Ending_The_Game.prop8
Routine 0x2481c	routine149532:?
! References: obj384_row_of_hooks.prop10
Routine 0x24888	routine149640:?
! References: obj385_Manager_s_Office.prop22
Routine 0x248c8	routine149704:?
! References: obj386_office_papers.prop10
Routine 0x248f0	routine149744:?
! References: obj388_trapdoor.prop27
Routine 0x2492c	routine149804:?
! References: obj388_trapdoor.prop16
Routine 0x24990	routine149904:?
! References: obj388_trapdoor.prop13
Routine 0x249a0	routine149920:?
! References: obj389_Rienhart.prop33
Routine 0x249b4	routine149940:?
! References: obj390_pager.prop10
Routine 0x24bb0	routine150448:?
! References: obj391_Basement.prop24
Routine 0x24be4	routine150500:?
! References: obj391_Basement.prop21
Routine 0x24bec	routine150508:?
! References: obj396_car.prop10
Routine 0x24c14	routine150548:?
Routine 0x24d14	routine150804:?
Routine 0x24d64	routine150884:?
Routine 0x250a4	routine151716:?
Routine 0x25150	routine151888:?
Routine 0x25160	routine151904:?
Routine 0x2519c	routine151964:?
Routine 0x251ac	routine151980:?
Routine 0x25214	routine152084:?
Routine 0x2522c	routine152108:?
Routine 0x252a8	routine152232:?
Routine 0x2530c	routine152332:?
Routine 0x255d0	routine153040:?
Routine 0x255e4	routine153060:?
Routine 0x25714	routine153364:?
Routine 0x257b0	routine153520:?
Routine 0x257c8	routine153544:?
Routine 0x25808	routine153608:?
Routine 0x2584c	Action108Sub:?
Routine 0x2596c	Action1Sub:?
Routine 0x25a4c	routine154188:?
Routine 0x25a80	Action0Sub:?
Routine 0x25cb4	routine154804:?
Routine 0x25ccc	routine154828:?
Routine 0x25e38	Action15Sub:?
Routine 0x25f60	Action19Sub:?
Routine 0x25fe8	Action104Sub:?
Routine 0x26018	Action102Sub:?
Routine 0x26050	Action103Sub:?
Routine 0x26088	Action105Sub:?
Routine 0x260a8	Action110Sub:?
Routine 0x2611c	routine155932:?
Routine 0x261a4	routine156068:?
Routine 0x261e0	routine156128:?
Routine 0x26214	routine156180:?
Routine 0x26278	Action100Sub:?
Routine 0x262b4	Action111Sub:?
Routine 0x262c8	Action101Sub:?
Routine 0x262d0	Action92Sub:?
Routine 0x26304	Action112Sub:?
Routine 0x26328	Action113Sub:?
Routine 0x263ec	Action114Sub:?
Routine 0x26408	Action109Sub:?
Routine 0x2644c	Action115Sub:?
Routine 0x26554	Action116Sub:?
Routine 0x26598	Action106Sub:?
Routine 0x265a0	Action107Sub:?
Routine 0x265a8	Action117Sub:?
Routine 0x265bc	Action118Sub:?
Routine 0x265fc	Action119Sub:?
Routine 0x2660c	Action120Sub:?
Routine 0x26638	Action121Sub:?
Routine 0x2664c	Action11Sub:?
Routine 0x266ac	Action10Sub:?
Routine 0x26708	Action9Sub:?
Routine 0x26768	Action98Sub:?
Routine 0x26784	routine157572:?
Routine 0x2678c	routine157580:?
Routine 0x267e0	routine157664:?
Routine 0x2680c	routine157708:?
Routine 0x26810	routine157712:?
Routine 0x26814	routine157716:?
Routine 0x26818	routine157720:?
Routine 0x2681c	routine157724:?
Routine 0x26820	routine157728:?
Routine 0x26824	routine157732:?
Routine 0x26828	routine157736:?
Routine 0x2682c	routine157740:?
Routine 0x26830	routine157744:?
Routine 0x26834	routine157748:?
Routine 0x26838	routine157752:?
Routine 0x26840	routine157760:?
Routine 0x26848	routine157768:?
Routine 0x26850	routine157776:?
Routine 0x26858	routine157784:?
Routine 0x26860	routine157792:?
Routine 0x26868	routine157800:?
Routine 0x2686c	routine157804:?
Routine 0x2688c	routine157836:?
