! Auto-generated by Reform.

MD5	87ed53d854f7e57c36106fca3b9cf5a6

Object 1	obj1_moon
Object 2	obj2_darkness
Object 3	obj3_Advice
Object 4	obj4_Luck
Object 5	obj5_Foresight
Object 6	obj6_rain
Object 7	obj7_Freedom
Object 8	obj8_Flight
Object 9	obj9_small_stone
Object 10	obj10_boots
Object 11	obj11_big_mailbox
Object 12	obj12_that
Object 13	obj13_crowd
Object 14	obj14_King_Anatinus
Object 15	obj15_Princess_Tasmania
Object 16	obj16_wizard_s_hat
Object 17	obj17_Throne_Room
Object 18	obj18_castle
Object 19	obj19_Misty_Island
Object 20	obj20_silver_whistle
Object 21	obj21_broom
Object 22	obj22_first_switch
Object 23	obj23_second_switch
Object 24	obj24_control_panel
Object 25	obj25_chemicals
Object 26	obj26_black_cat
Object 27	obj27_antique_telescope
Object 28	obj28_Laboratory
Object 29	obj29_Fuzziness
Object 30	obj30_lever
Object 31	obj31_torture_machine
Object 32	obj32_rusty_key
Object 33	obj33_white_lab_coat
Object 34	obj34_chain
Object 35	obj35_medical_instrument
Object 36	obj36_Torture_Chamber
Object 37	obj37_Vestibule
Object 38	obj38_metal_crank
Object 39	obj39_series_of_paintings
Object 40	obj40_ladder
Object 41	obj41_hatch
Object 42	obj42_Round_Chamber
Object 43	obj43_stairway
Object 44	obj44_moat
Object 45	obj45_debris
Object 46	obj46_earthworm
Object 47	obj47_grue_milk
Object 48	obj48_bottle
Object 49	obj49_refrigerator
Object 50	obj50_little_beast
Object 51	obj51_Grue_s_Nest
Object 52	obj52_Underground
Object 53	obj53_Underground
Object 54	obj54_Underground
Object 55	obj55_umbrella
Object 56	obj56_willow_tree
Object 57	obj57_open_grave
Object 58	obj58_Open_Grave
Object 59	obj59_Twilight_Glen
Object 60	obj60_eldritch_vapor
Object 61	obj61_tombstone
Object 62	obj62_Creepy_Corner
Object 63	obj63_End_of_Story
Object 64	obj64_Chaos
Object 65	obj65_false_bottom
Object 66	obj66_squashed_can
Object 67	obj67_metal_can
Object 68	obj68_letter
Object 69	obj69_mysterious_envelope
Object 70	obj70_mysterious_envelope
Object 71	obj71_curtain
Object 72	obj72_glass_case
Object 73	obj73_naughty_jokes
Object 74	obj74_magic_tricks
Object 75	obj75_grandfather_clock
Object 76	obj76_Magick_Shoppe
Object 77	obj77_Magick_Shoppe_door
Object 78	obj78_Magick_Shoppe
Object 79	obj79_Cliff_Edge
Object 80	obj80_Steep_Trail
Object 81	obj81_Fog
Object 82	obj82_vulture
Object 83	obj83_gnarled_tree_trunk
Object 84	obj84_dead_branch
Object 85	obj85_Cliff_Bottom
Object 86	obj86_toll_gate
Object 87	obj87_troll
Object 88	obj88_cliff
Object 89	obj89_North_of_Bridge
Object 90	obj90_sign
Object 91	obj91_Bridge
Object 92	obj92_covered_bridge
Object 93	obj93_South_of_Bridge
Object 94	obj94_Rocky_Path
Object 95	obj95_little_mailbox
Object 96	obj96_leaflet
Object 97	obj97_front_door
Object 98	obj98_house
Object 99	obj99_West_of_House
Object 100	obj100_lighthouse
Object 101	obj101_conch_shell
Object 102	obj102_Tidal_Pool
Object 103	obj103_brass_token
Object 104	obj104_big_red_button
Object 105	obj105_joystick
Object 106	obj106_slot
Object 107	obj107_blinking_star
Object 108	obj108_video_screen
Object 109	obj109_game_machine
Object 110	obj110_stunted_humanoids
Object 111	obj111_Video_Arcade
Object 112	obj112_sharks
Object 113	obj113_sand
Object 114	obj114_arcade
Object 115	obj115_bay
Object 116	obj116_Pleasure_Wharf
Object 117	obj117_horseshoe
Object 118	obj118_stump
Object 119	obj119_hole
Object 120	obj120_Lookout_Hill
Object 121	obj121_trail
Object 122	obj122_river
Object 123	obj123_River_Outlet
Object 124	obj124_platypus
Object 125	obj125_pile_of_leaves
Object 126	obj126_pit
Object 127	obj127_sand
Object 128	obj128_iron_gate
Object 129	obj129_lake
Object 130	obj130_Lake_Edge
Object 131	obj131_island
Object 132	obj132_Underground
Object 133	obj133_bunk
Object 134	obj134_thick_blanket
Object 135	obj135_bunk
Object 136	obj136_hole
Object 137	obj137_Jail_Cell
Object 138	obj138_debris
Object 139	obj139_candle
Object 140	obj140_speaker
Object 141	obj141_Church
Object 142	obj142_church_door
Object 143	obj143_church
Object 144	obj144_Rotary_North
Object 145	obj145_old_woman
Object 146	obj146_sculpture
Object 147	obj147_display_case
Object 148	obj148_fossil_exhibit
Object 149	obj149_exhibits
Object 150	obj150_Museum
Object 151	obj151_clutter_of_books
Object 152	obj152_circulation_desk
Object 153	obj153_museum
Object 154	obj154_Circulation_Desk
Object 155	obj155_violet_note
Object 156	obj156_library_door
Object 157	obj157_library
Object 158	obj158_piece_of_chocolate
Object 159	obj159_police_radio
Object 160	obj160_desk
Object 161	obj161_cell_door
Object 162	obj162_cell
Object 163	obj163_police_station_door
Object 164	obj164_police_station
Object 165	obj165_Rotary_West
Object 166	obj166_village
Object 167	obj167_statue
Object 168	obj168_piranha
Object 169	obj169_goldfish
Object 170	obj170_gold_coin
Object 171	obj171_fountain
Object 172	obj172_tree
Object 173	obj173_Park
Object 174	obj174_pair_of_3D_glasses
Object 175	obj175_seat
Object 176	obj176_aisle
Object 177	obj177_Inside_Theater
Object 178	obj178_schedule
Object 179	obj179_carton
Object 180	obj180_movie_screen
Object 181	obj181_corridor
Object 182	obj182_Theater_Lobby
Object 183	obj183_ticket
Object 184	obj184_marquee
Object 185	obj185_lobby
Object 186	obj186_entrance
Object 187	obj187_movie_theater
Object 188	obj188_Rotary_East
Object 189	obj189_books_and_photographs
Object 190	obj190_scrawled_message
Object 191	obj191_steel_key
Object 192	obj192_bookcase
Object 193	obj193_Cottage
Object 194	obj194_open_grave
Object 195	obj195_old_bone
Object 196	obj196_Alexis
Object 197	obj197_hellhound
Object 198	obj198_poodle
Object 199	obj199_cottage_door
Object 200	obj200_cottage
Object 201	obj201_Outside_Cottage
Object 202	obj202_cemetery
Object 203	obj203_iron_gate
Object 204	obj204_Outside_Cemetery
Object 205	obj205_wanted_poster
Object 206	obj206_service_counter
Object 207	obj207_window
Object 208	obj208_drawbridge
Object 209	obj209_tower
Object 210	obj210_hill
Object 211	obj211_Post_Office_door
Object 212	obj212_Post_Office
Object 213	obj213_old_woman
Object 214	obj214_Lighthouse
Object 215	obj215_pelican
Object 216	obj216_dead_seahorse
Object 217	obj217_Wharf_s_End
Object 218	obj218_seahorse
Object 219	obj219_Miss_Voss_s_things
Object 220	obj220_Rotary_South
Object 221	obj221_Miss_Voss
Object 222	obj222_Police_Station
Object 223	obj223_Sgt__MacGuffin
Object 224	obj224_Spooky_Copse
Object 225	obj225_gravedigger
Object 226	obj226_Post_Office
Object 227	obj227_Mr__Crisp
Object 228	obj228_direction
Object 229	obj229_them
Object 230	obj230_him
Object 231	obj231_her
Object 232	obj232_sound
Object 233	obj233_corner
Object 234	obj234_sign
Object 235	obj235_room
Object 236	obj236_yourself
Object 237	obj237_Hilltop
Object 238	obj238_yourself
Object 239	obj239_your_hand
Object 240	obj240_ceiling
Object 241	obj241_wall
Object 242	obj242_road
Object 243	obj243_ground
Object 244	obj244_dust
Object 245	obj245_it
Object 246	obj246_pseudo
Object 247	obj247_number
Object 248	obj248
Object 249	obj249
Object 250	obj250
Object 251	obj251
Object 252	obj252_that
Object 253	obj253

Attribute 1	attrib1			! obj84_dead_branch
Attribute 2	attrib2			! obj34_chain obj41_hatch obj72_glass_case obj77_Magick_Shoppe_door obj86_toll_gate obj97_front_door obj118_stump obj128_iron_gate obj142_church_door obj152_circulation_desk obj156_library_door obj161_cell_door obj163_police_station_door obj186_entrance obj199_cottage_door obj203_iron_gate obj208_drawbridge obj211_Post_Office_door
Attribute 4	attrib4			! obj11_big_mailbox obj31_torture_machine obj33_white_lab_coat obj44_moat obj48_bottle obj49_refrigerator obj55_umbrella obj57_open_grave obj66_squashed_can obj67_metal_can obj69_mysterious_envelope obj70_mysterious_envelope obj72_glass_case obj75_grandfather_clock obj95_little_mailbox obj101_conch_shell obj106_slot obj109_game_machine obj115_bay obj122_river obj126_pit obj129_lake obj134_thick_blanket obj146_sculpture obj147_display_case obj148_fossil_exhibit obj171_fountain obj179_carton obj194_open_grave
Attribute 6	attrib6			! obj16_wizard_s_hat obj22_first_switch obj23_second_switch obj35_medical_instrument obj48_bottle obj49_refrigerator obj61_tombstone obj66_squashed_can obj67_metal_can obj68_letter obj69_mysterious_envelope obj70_mysterious_envelope obj73_naughty_jokes obj75_grandfather_clock obj90_sign obj96_leaflet obj103_brass_token obj106_slot obj107_blinking_star obj108_video_screen obj109_game_machine obj127_sand obj151_clutter_of_books obj155_violet_note obj163_police_station_door obj178_schedule obj179_carton obj184_marquee obj189_books_and_photographs obj190_scrawled_message obj191_steel_key obj205_wanted_poster obj219_Miss_Voss_s_things obj234_sign
Attribute 7	attrib7			! obj250
Attribute 8	attrib8			! obj19_Misty_Island obj37_Vestibule obj85_Cliff_Bottom obj89_North_of_Bridge obj91_Bridge obj93_South_of_Bridge obj94_Rocky_Path obj102_Tidal_Pool obj116_Pleasure_Wharf obj123_River_Outlet obj130_Lake_Edge obj173_Park obj214_Lighthouse obj217_Wharf_s_End obj250
Attribute 9	attrib9			! obj250
Attribute 10	attrib10		! obj250
Attribute 11	attrib11		! obj139_candle obj250
Attribute 12	attrib12		! obj17_Throne_Room obj28_Laboratory obj36_Torture_Chamber obj37_Vestibule obj42_Round_Chamber obj51_Grue_s_Nest obj52_Underground obj53_Underground obj54_Underground obj76_Magick_Shoppe obj91_Bridge obj111_Video_Arcade obj132_Underground obj137_Jail_Cell obj141_Church obj150_Museum obj154_Circulation_Desk obj177_Inside_Theater obj182_Theater_Lobby obj193_Cottage obj222_Police_Station obj226_Post_Office obj250
Attribute 13	attrib13		! obj2_darkness obj3_Advice obj4_Luck obj5_Foresight obj6_rain obj7_Freedom obj8_Flight obj250
Attribute 14	attrib14		! obj34_chain obj72_glass_case obj75_grandfather_clock obj128_iron_gate obj147_display_case obj152_circulation_desk obj156_library_door obj161_cell_door obj186_entrance obj250
Attribute 15	attrib15		! obj9_small_stone obj32_rusty_key obj87_troll obj143_church obj239_your_hand obj250
Attribute 16	attrib16		! obj1_moon obj10_boots obj12_that obj13_crowd obj14_King_Anatinus obj15_Princess_Tasmania obj18_castle obj22_first_switch obj23_second_switch obj24_control_panel obj25_chemicals obj27_antique_telescope obj30_lever obj31_torture_machine obj32_rusty_key obj33_white_lab_coat obj34_chain obj35_medical_instrument obj38_metal_crank obj39_series_of_paintings obj40_ladder obj41_hatch obj43_stairway obj44_moat obj45_debris obj47_grue_milk obj49_refrigerator obj50_little_beast obj56_willow_tree obj57_open_grave obj60_eldritch_vapor obj64_Chaos obj65_false_bottom obj71_curtain obj72_glass_case obj73_naughty_jokes obj74_magic_tricks obj75_grandfather_clock obj77_Magick_Shoppe_door obj82_vulture obj86_toll_gate obj87_troll obj88_cliff obj90_sign obj92_covered_bridge obj95_little_mailbox obj97_front_door obj98_house obj100_lighthouse obj103_brass_token obj104_big_red_button obj105_joystick obj106_slot obj107_blinking_star obj108_video_screen obj109_game_machine obj110_stunted_humanoids obj112_sharks obj113_sand obj115_bay obj118_stump obj121_trail obj122_river obj124_platypus obj125_pile_of_leaves obj126_pit obj127_sand obj128_iron_gate obj129_lake obj131_island obj133_bunk obj135_bunk obj136_hole obj138_debris obj140_speaker obj142_church_door obj143_church obj145_old_woman obj146_sculpture obj147_display_case obj148_fossil_exhibit obj149_exhibits obj151_clutter_of_books obj152_circulation_desk obj153_museum obj156_library_door obj157_library obj158_piece_of_chocolate obj159_police_radio obj160_desk obj161_cell_door obj162_cell obj163_police_station_door obj164_police_station obj166_village obj167_statue obj168_piranha obj169_goldfish obj170_gold_coin obj171_fountain obj172_tree obj175_seat obj176_aisle obj178_schedule obj179_carton obj180_movie_screen obj181_corridor obj183_ticket obj184_marquee obj185_lobby obj186_entrance obj187_movie_theater obj189_books_and_photographs obj190_scrawled_message obj194_open_grave obj196_Alexis obj199_cottage_door obj200_cottage obj202_cemetery obj203_iron_gate obj205_wanted_poster obj206_service_counter obj207_window obj208_drawbridge obj209_tower obj210_hill obj211_Post_Office_door obj212_Post_Office obj213_old_woman obj215_pelican obj219_Miss_Voss_s_things obj221_Miss_Voss obj223_Sgt__MacGuffin obj225_gravedigger obj227_Mr__Crisp obj232_sound obj233_corner obj234_sign obj238_yourself obj239_your_hand obj240_ceiling obj241_wall obj243_ground obj245_it obj250
Attribute 17	attrib17		! obj9_small_stone obj16_wizard_s_hat obj20_silver_whistle obj21_broom obj26_black_cat obj32_rusty_key obj33_white_lab_coat obj46_earthworm obj47_grue_milk obj48_bottle obj55_umbrella obj64_Chaos obj66_squashed_can obj67_metal_can obj68_letter obj69_mysterious_envelope obj70_mysterious_envelope obj84_dead_branch obj96_leaflet obj101_conch_shell obj103_brass_token obj117_horseshoe obj125_pile_of_leaves obj134_thick_blanket obj139_candle obj146_sculpture obj155_violet_note obj158_piece_of_chocolate obj170_gold_coin obj174_pair_of_3D_glasses obj183_ticket obj191_steel_key obj195_old_bone obj216_dead_seahorse obj218_seahorse obj250
Attribute 18	attrib18		! obj10_boots obj13_crowd obj14_King_Anatinus obj15_Princess_Tasmania obj26_black_cat obj50_little_beast obj64_Chaos obj82_vulture obj87_troll obj110_stunted_humanoids obj124_platypus obj145_old_woman obj168_piranha obj169_goldfish obj196_Alexis obj197_hellhound obj198_poodle obj213_old_woman obj215_pelican obj221_Miss_Voss obj223_Sgt__MacGuffin obj225_gravedigger obj227_Mr__Crisp obj236_yourself obj250
Attribute 19	attrib19		! obj17_Throne_Room obj19_Misty_Island obj28_Laboratory obj29_Fuzziness obj36_Torture_Chamber obj37_Vestibule obj42_Round_Chamber obj51_Grue_s_Nest obj52_Underground obj53_Underground obj54_Underground obj58_Open_Grave obj59_Twilight_Glen obj62_Creepy_Corner obj63_End_of_Story obj76_Magick_Shoppe obj79_Cliff_Edge obj80_Steep_Trail obj81_Fog obj85_Cliff_Bottom obj89_North_of_Bridge obj91_Bridge obj93_South_of_Bridge obj94_Rocky_Path obj99_West_of_House obj102_Tidal_Pool obj111_Video_Arcade obj116_Pleasure_Wharf obj120_Lookout_Hill obj123_River_Outlet obj130_Lake_Edge obj132_Underground obj137_Jail_Cell obj141_Church obj144_Rotary_North obj150_Museum obj154_Circulation_Desk obj165_Rotary_West obj173_Park obj177_Inside_Theater obj182_Theater_Lobby obj188_Rotary_East obj193_Cottage obj201_Outside_Cottage obj204_Outside_Cemetery obj214_Lighthouse obj217_Wharf_s_End obj220_Rotary_South obj222_Police_Station obj224_Spooky_Copse obj226_Post_Office obj237_Hilltop obj250
Attribute 20	attrib20		! obj17_Throne_Room obj19_Misty_Island obj28_Laboratory obj29_Fuzziness obj36_Torture_Chamber obj37_Vestibule obj42_Round_Chamber obj58_Open_Grave obj59_Twilight_Glen obj62_Creepy_Corner obj63_End_of_Story obj76_Magick_Shoppe obj79_Cliff_Edge obj80_Steep_Trail obj81_Fog obj85_Cliff_Bottom obj89_North_of_Bridge obj91_Bridge obj93_South_of_Bridge obj94_Rocky_Path obj99_West_of_House obj102_Tidal_Pool obj111_Video_Arcade obj116_Pleasure_Wharf obj120_Lookout_Hill obj123_River_Outlet obj130_Lake_Edge obj137_Jail_Cell obj139_candle obj141_Church obj144_Rotary_North obj154_Circulation_Desk obj165_Rotary_West obj173_Park obj177_Inside_Theater obj182_Theater_Lobby obj188_Rotary_East obj193_Cottage obj201_Outside_Cottage obj204_Outside_Cemetery obj214_Lighthouse obj217_Wharf_s_End obj220_Rotary_South obj222_Police_Station obj224_Spooky_Copse obj226_Post_Office obj237_Hilltop obj250
Attribute 21	attrib21		! obj27_antique_telescope obj46_earthworm obj55_umbrella obj57_open_grave obj60_eldritch_vapor obj128_iron_gate obj145_old_woman obj194_open_grave obj195_old_bone obj203_iron_gate obj213_old_woman obj245_it obj250
Attribute 22	attrib22		! obj16_wizard_s_hat obj33_white_lab_coat obj117_horseshoe obj134_thick_blanket obj174_pair_of_3D_glasses obj250
Attribute 23	attrib23		! obj44_moat obj48_bottle obj57_open_grave obj72_glass_case obj75_grandfather_clock obj134_thick_blanket obj147_display_case obj148_fossil_exhibit obj194_open_grave obj250
Attribute 24	attrib24		! obj250
Attribute 25	attrib25		! obj31_torture_machine obj33_white_lab_coat obj41_hatch obj44_moat obj57_open_grave obj66_squashed_can obj69_mysterious_envelope obj101_conch_shell obj106_slot obj109_game_machine obj115_bay obj122_river obj128_iron_gate obj129_lake obj134_thick_blanket obj142_church_door obj146_sculpture obj148_fossil_exhibit obj163_police_station_door obj171_fountain obj179_carton obj194_open_grave obj203_iron_gate obj211_Post_Office_door obj250
Attribute 26	attrib26		! obj15_Princess_Tasmania obj22_first_switch obj23_second_switch obj24_control_panel obj25_chemicals obj27_antique_telescope obj30_lever obj31_torture_machine obj34_chain obj35_medical_instrument obj38_metal_crank obj39_series_of_paintings obj49_refrigerator obj65_false_bottom obj75_grandfather_clock obj82_vulture obj113_sand obj115_bay obj118_stump obj122_river obj124_platypus obj127_sand obj129_lake obj135_bunk obj147_display_case obj148_fossil_exhibit obj151_clutter_of_books obj167_statue obj168_piranha obj169_goldfish obj179_carton obj189_books_and_photographs obj197_hellhound obj198_poodle obj215_pelican obj219_Miss_Voss_s_things obj234_sign obj250
Attribute 27	attrib27		! obj43_stairway obj50_little_beast obj83_gnarled_tree_trunk obj100_lighthouse obj134_thick_blanket obj135_bunk obj146_sculpture obj152_circulation_desk obj160_desk obj175_seat obj192_bookcase obj206_service_counter obj243_ground obj250
Attribute 28	attrib28		! obj66_squashed_can obj143_church obj185_lobby obj236_yourself obj239_your_hand obj240_ceiling obj241_wall obj245_it obj250
Attribute 29	attrib29		! obj238_yourself obj250
Attribute 30	attrib30		! obj9_small_stone obj16_wizard_s_hat obj23_second_switch obj26_black_cat obj38_metal_crank obj75_grandfather_clock obj79_Cliff_Edge obj80_Steep_Trail obj87_troll obj101_conch_shell obj118_stump obj125_pile_of_leaves obj128_iron_gate obj143_church obj155_violet_note obj156_library_door obj168_piranha obj174_pair_of_3D_glasses obj183_ticket obj195_old_bone obj198_poodle obj215_pelican obj250
Attribute 31	attrib31		! obj2_darkness obj3_Advice obj4_Luck obj5_Foresight obj6_rain obj7_Freedom obj8_Flight obj10_boots obj12_that obj14_King_Anatinus obj15_Princess_Tasmania obj17_Throne_Room obj19_Misty_Island obj42_Round_Chamber obj47_grue_milk obj60_eldritch_vapor obj64_Chaos obj73_naughty_jokes obj74_magic_tricks obj110_stunted_humanoids obj196_Alexis obj219_Miss_Voss_s_things obj221_Miss_Voss obj223_Sgt__MacGuffin obj227_Mr__Crisp obj229_them obj230_him obj231_her obj232_sound obj236_yourself obj238_yourself obj239_your_hand obj245_it obj250 obj252_that

Property 7	prop7:?
Property 8	prop8:?
Property 9	prop9:?
Property 10	prop10:?
Property 11	prop11:?
Property 12	prop12:?
Property 13	prop13:string
Property 14	prop14:thing
Property 15	prop15:?
Property 16	prop16:?
Property 17	prop17:?
Property 18	prop18:dictwords
Property 19	out_to:exit
Property 20	betwee_to:exit
Property 21	d_to:exit
Property 22	u_to:exit
Property 24	left_to:exit
Property 26	s_to:exit
Property 28	e_to:exit
Property 30	n_to:exit
Property 31	prop31:?

Global 0	global0:?
Global 1	global1:?
Global 2	global2:?
Global 3	global3:?
Global 4	global4:?
Global 5	global5:?
Global 6	global6:?
Global 7	global7:?
Global 8	global8:?
Global 9	global9:?
Global 10	global10:?
Global 11	global11:?
Global 12	global12:?
Global 13	global13:?
Global 14	global14:?
Global 15	global15:?
Global 16	global16:?
Global 17	global17:?
Global 18	global18:?
Global 19	global19:?
Global 20	global20:?
Global 21	global21:?
Global 22	global22:?
Global 23	global23:?
Global 24	global24:?
Global 25	global25:?
Global 26	global26:?
Global 27	global27:?
Global 28	global28:?
Global 29	global29:?
Global 30	global30:?
Global 31	global31:?
Global 32	global32:?
Global 33	global33:?
Global 34	global34:?
Global 35	global35:?
Global 36	global36:?
Global 37	global37:?
Global 38	global38:?
Global 39	global39:?
Global 40	global40:?
Global 41	global41:?
Global 42	global42:?
Global 43	global43:?
Global 44	global44:?
Global 45	global45:?
Global 46	global46:?
Global 47	global47:?
Global 48	global48:?
Global 49	global49:?
Global 50	global50:?
Global 51	global51:?
Global 52	global52:?
Global 53	global53:?
Global 54	global54:?
Global 55	global55:?
Global 56	global56:?
Global 57	global57:?
Global 58	global58:?
Global 59	global59:?
Global 60	global60:?
Global 61	global61:?
Global 62	global62:?
Global 63	global63:?
Global 64	global64:?
Global 65	global65:?
Global 66	global66:?
Global 67	global67:?
Global 68	global68:?
Global 69	global69:?
Global 70	global70:?
Global 71	global71:?
Global 72	global72:?
Global 73	global73:?
Global 74	global74:?
Global 75	global75:?
Global 76	global76:?
Global 77	global77:?
Global 78	global78:?
Global 79	global79:?
Global 80	global80:?
Global 81	global81:?
Global 82	global82:?
Global 83	global83:?
Global 84	global84:?
Global 85	global85:?
Global 86	global86:?
Global 87	global87:?
Global 88	global88:?
Global 89	global89:?
Global 90	global90:?
Global 91	global91:?
Global 92	global92:?
Global 93	global93:?
Global 94	global94:?
Global 95	global95:?
Global 96	global96:?
Global 97	global97:?
Global 98	global98:?
Global 99	global99:?
Global 100	global100:?
Global 101	global101:?
Global 102	global102:?
Global 103	global103:?
Global 104	global104:?
Global 105	global105:?
Global 106	global106:?
Global 107	global107:?
Global 108	global108:?
Global 109	global109:?
Global 110	global110:?
Global 111	global111:?
Global 112	global112:?
Global 113	global113:?
Global 114	global114:?
Global 115	global115:?
Global 116	global116:?
Global 117	global117:?
Global 118	global118:?
Global 119	global119:?
Global 120	global120:?
Global 121	global121:?
Global 122	global122:?
Global 123	global123:?
Global 124	global124:?
Global 125	global125:?
Global 126	global126:?
Global 127	global127:?
Global 128	global128:?
Global 129	global129:?
Global 130	global130:?
Global 131	global131:?
Global 132	global132:?
Global 133	global133:?
Global 134	global134:?
Global 135	global135:?
Global 136	global136:?
Global 137	global137:?
Global 138	global138:?
Global 139	global139:?
Global 140	global140:?
Global 141	global141:?
Global 142	global142:?
Global 143	global143:?
Global 144	global144:?
Global 145	global145:?
Global 146	global146:?
Global 147	global147:?
Global 148	global148:?
Global 149	global149:?
Global 150	global150:?
Global 151	global151:?
Global 152	global152:?
Global 153	global153:?
Global 154	global154:?
Global 155	global155:?
Global 156	global156:?
Global 157	global157:?
Global 158	global158:?
Global 159	global159:?
Global 160	global160:?
Global 161	global161:?
Global 162	global162:?
Global 163	global163:?
Global 164	global164:?
Global 165	global165:?
Global 166	global166:?
Global 167	global167:?
Global 168	global168:?
Global 169	global169:?
Global 170	global170:?
Global 171	global171:?
Global 172	global172:?
Global 173	global173:?
Global 174	global174:?
Global 175	global175:?
Global 176	global176:?
Global 177	global177:?
Global 178	global178:?
Global 179	global179:?
Global 180	global180:?
Global 181	global181:?
Global 182	global182:?
Global 183	global183:?
Global 184	global184:?
Global 185	global185:?
Global 186	global186:?
Global 187	global187:?
Global 188	global188:?
Global 189	global189:?
Global 190	global190:?
Global 191	global191:?
Global 192	global192:?
Global 193	global193:?
Global 194	global194:?
Global 195	global195:?
Global 196	global196:?
Global 197	global197:?
Global 198	global198:?
Global 199	global199:?
Global 200	global200:?
Global 201	global201:?
Global 202	global202:?
Global 203	global203:?
Global 204	global204:?
Global 205	global205:?
Global 206	global206:?
Global 207	global207:?
Global 208	global208:?
Global 209	global209:?
Global 210	global210:?
Global 211	global211:?
Global 212	global212:?
Global 213	global213:?
Global 214	global214:?
Global 215	global215:?
Global 216	global216:?
Global 217	global217:?
Global 218	global218:?
Global 219	global219:?
Global 220	global220:?
Global 221	global221:?
Global 222	global222:?
Global 223	global223:?
Global 224	global224:?
Global 225	global225:?
Global 226	global226:?
Global 227	global227:?
Global 228	global228:?
Global 229	global229:?
Global 230	global230:?
Global 231	global231:?
Global 232	global232:?
Global 233	global233:?
Global 234	global234:?
Global 235	global235:?
Global 236	global236:?
Global 237	global237:?
Global 238	global238:?
Global 239	global239:?

Action 0	Action0		! 'ne'/'northe'/'northw'/'nw'/'se'/'southe'/'southw'/'sw'
Action 1	Action1		! 'verbos'
Action 2	Action2		! 'brief'
Action 3	Action3		! 'super'/'superb'
Action 4	Action4		! 'i//'/'invent'
Action 5	Action5		! 'q//'/'quit'
Action 6	Action6		! 'restar'
Action 7	Action7		! 'restor'
Action 8	Action8		! 'save'
Action 9	Action9		! 'save' object
				! 'aid'/'help' object
				! 'preser'/'rescue' attrib18
Action 10	Action10	! 'score'
Action 11	Action11	! 'script'
Action 12	Action12	! 't//'/'time'
Action 13	Action13	! 'unscri'
Action 14	Action14	! 'versio'
Action 15	Action15	! '$ve' object
				! '$ve'
Action 16	Action16	! 'again'/'g//'
Action 17	Action17	! 'answer'/'reply'/'respon' 'toward'/'to' attrib18
				! 'answer'/'reply'/'respon' attrib18
Action 18	Action18	! 'ask'/'interr'/'query'/'questi'/'quiz' attrib18
Action 19	Action19	! 'ask'/'interr'/'query'/'questi'/'quiz' attrib18 'about' object
Action 20	Action20	! 'ask'/'interr'/'query'/'questi'/'quiz' attrib18 'for' object
Action 21	Action21	! 'assaul'/'attack'/'fight'/'hurt'/'injure' attrib18(in_room,on_ground) 'with'/'using' attrib5(held,carried,have)
				! 'assaul'/'attack'/'fight'/'hurt'/'injure' attrib18(in_room,on_ground)
				! 'hit'/'kill'/'murder'/'punch'/'slap'/'slay'/'stab'/'strike'/'whack'/'wound' attrib18(in_room,on_ground) 'with'/'using' object(held,carried,have)
				! 'hit'/'kill'/'murder'/'punch'/'slap'/'slay'/'stab'/'strike'/'whack'/'wound' attrib18(in_room,on_ground)
				! 'knock'/'pound'/'rap' 'down'/'d//' attrib18(in_room,on_ground)
Action 22	Action22	! 'back'
				! 'advanc'/'crawl'/'go'/'hike'/'hop'/'procee'/'run'/'skip'/'step'/'tramp'/'trudge'/'walk' 'behind' object
				! 'advanc'/'crawl'/'go'/'hike'/'hop'/'procee'/'run'/'skip'/'step'/'tramp'/'trudge'/'walk' 'around'/'along' attrib19
				! 'advanc'/'crawl'/'go'/'hike'/'hop'/'procee'/'run'/'skip'/'step'/'tramp'/'trudge'/'walk'
Action 23	Action23	! 'bite' object
Action 24	Action24	! 'blow' 'thru'/'throug' object
				! 'blow' 'into'/'inside'/'in'/'beyond'/'betwee' object
				! 'blow' object
Action 25	Action25	! 'blow' 'up'/'u//' object
				! 'break'/'crack'/'damage'/'demoli'/'destro'/'erase'/'smash'/'trash'/'wreck' 'thru'/'throug' object(in_room,on_ground) 'with'/'using' object(held,carried,have)
				! 'break'/'crack'/'damage'/'demoli'/'destro'/'erase'/'smash'/'trash'/'wreck' 'thru'/'throug' object(in_room,on_ground)
				! 'break'/'crack'/'damage'/'demoli'/'destro'/'erase'/'smash'/'trash'/'wreck'  object(in_room,on_ground) 'with'/'using' object(held,carried,have)
				! 'break'/'crack'/'damage'/'demoli'/'destro'/'erase'/'smash'/'trash'/'wreck'  object(in_room,on_ground)
				! 'break'/'crack'/'damage'/'demoli'/'destro'/'erase'/'smash'/'trash'/'wreck' 'down'/'d//' object(held,carried,in_room,on_ground) 'with'/'using' object(held,carried,have)
				! 'break'/'crack'/'damage'/'demoli'/'destro'/'erase'/'smash'/'trash'/'wreck' object(in_room,on_ground) 'off' object(in_room,on_ground)
				! 'break'/'crack'/'damage'/'demoli'/'destro'/'erase'/'smash'/'trash'/'wreck' object(held,carried,in_room,on_ground) 'with'/'using' object(held,carried,have)
				! 'break'/'crack'/'damage'/'demoli'/'destro'/'erase'/'smash'/'trash'/'wreck' object(in_room,on_ground)
				! 'blind'/'jab'/'poke' attrib18(in_room,on_ground) 'with'/'using' object(held,carried,have)
Action 26	Action26	! 'blow' 'outsid'/'out' object
				! 'douse'/'exting'/'quench'/'snuff' attrib3
				! 'force'/'insert'/'lay'/'place'/'put'/'stash'/'stuff'/'wedge' 'outsid'/'out' object(held,carried,in_room,on_ground)
				! 'flip'/'set'/'turn' 'off' object(held,carried,in_room,on_ground)
Action 27	Action27	! 'burn'/'ignite' 'down'/'d//' object(held,carried,in_room,on_ground) 'with'/'using' object(held,carried,in_room,on_ground,have)
				! 'burn'/'ignite' object(held,carried,in_room,on_ground) 'with'/'using' object(held,carried,in_room,on_ground)
				! 'light' object(held,carried,in_room,on_ground) 'with'/'using' object(held,carried,have)
Action 28	Action28	! 'buy' object 'with'/'using' object(held,have)
				! 'buy' object
Action 29	Action29	! 'brush'/'clean'/'sweep' 'off' object
				! 'brush'/'clean'/'sweep' object
Action 30	Action30	! 'climb'/'scale' 'up'/'u//' attrib19(in_room,on_ground)
				! 'climb'/'scale' attrib19(in_room,on_ground)
				! 'ascend' attrib19(in_room,on_ground)
				! 'advanc'/'crawl'/'go'/'hike'/'hop'/'procee'/'run'/'skip'/'step'/'tramp'/'trudge'/'walk' 'up'/'u//' attrib19(in_room,on_ground)
Action 31	Action31	! 'climb'/'scale' 'onto'/'on' object(in_room,on_ground)
				! 'swing' 'onto'/'on' object
				! 'carry'/'catch'/'confis'/'get'/'grab'/'hold'/'seize'/'snatch'/'steal'/'take' 'onto'/'on' object(in_room,on_ground)
Action 32	Action32	! 'climb'/'scale' 'down'/'d//' attrib19(in_room,on_ground)
				! 'descen' attrib19(in_room,on_ground)
				! 'advanc'/'crawl'/'go'/'hike'/'hop'/'procee'/'run'/'skip'/'step'/'tramp'/'trudge'/'walk' 'down'/'d//' attrib19(in_room,on_ground)
Action 33	Action33	! 'climb'/'scale' 'over'/'across' attrib19(in_room,on_ground)
Action 34	Action34	! 'climb'/'scale' 'undern'/'under'/'beneat'/'below' object(in_room,on_ground)
				! 'enter' attrib19
				! 'advanc'/'crawl'/'go'/'hike'/'hop'/'procee'/'run'/'skip'/'step'/'tramp'/'trudge'/'walk' 'undern'/'under'/'beneat'/'below' object
				! 'advanc'/'crawl'/'go'/'hike'/'hop'/'procee'/'run'/'skip'/'step'/'tramp'/'trudge'/'walk' 'thru'/'throug' object
Action 35	Action35	! 'climb'/'scale' 'into'/'inside'/'in'/'beyond'/'betwee' attrib19(in_room,on_ground)
				! 'dive'/'jump'/'leap' 'into'/'inside'/'in'/'beyond'/'betwee' attrib19
				! 'sit'/'squat' 'into'/'inside'/'in'/'beyond'/'betwee' object(in_room,on_ground)
				! 'carry'/'catch'/'confis'/'get'/'grab'/'hold'/'seize'/'snatch'/'steal'/'take' 'into'/'inside'/'in'/'beyond'/'betwee' object(in_room,on_ground)
				! 'advanc'/'crawl'/'go'/'hike'/'hop'/'procee'/'run'/'skip'/'step'/'tramp'/'trudge'/'walk' 'into'/'inside'/'in'/'beyond'/'betwee' attrib19
Action 36	Action36	! 'climb'/'scale' 'outsid'/'out' attrib19
				! 'depart'/'exit'/'scram'/'withdr' attrib19
				! 'dive'/'jump'/'leap' 'outsid'/'out' attrib19
				! 'carry'/'catch'/'confis'/'get'/'grab'/'hold'/'seize'/'snatch'/'steal'/'take' 'outsid'/'out' object
				! 'advanc'/'crawl'/'go'/'hike'/'hop'/'procee'/'run'/'skip'/'step'/'tramp'/'trudge'/'walk' 'outsid'/'out' attrib19
Action 37	Action37	! 'close'/'shut'/'slam' attrib4(held,carried,in_room,on_ground)
Action 38	Action38	! 'count'/'tally' object
Action 39	Action39	! 'cross'/'traver' object
				! 'advanc'/'crawl'/'go'/'hike'/'hop'/'procee'/'run'/'skip'/'step'/'tramp'/'trudge'/'walk' 'over'/'across' object
Action 40	Action40	! 'cut'/'rip'/'slash'/'tear' 'thru'/'throug' object 'with'/'using' object(held,carried)
				! 'cut'/'rip'/'slash'/'tear' object 'with'/'using' object(held,carried)
Action 41	Action41	! 'dig'/'excava' 'into'/'inside'/'in'/'beyond'/'betwee' object(in_room,on_ground) 'with'/'using' object(held,carried,have)
				! 'dig'/'excava' object(in_room,on_ground) 'with'/'using' object(held,carried,have)
				! 'dig'/'excava' 'thru'/'throug' object
				! 'dig'/'excava' 'with'/'using' object
				! 'dig'/'excava' 'up'/'u//' object
				! 'dig'/'excava' 'at' object
				! 'dig'/'excava' 'into'/'inside'/'in'/'beyond'/'betwee' object
Action 42	Action42	! 'drink'/'guzzle'/'sip' object(held,carried,in_room,on_ground)
Action 43	Action43	! 'drink'/'guzzle'/'sip' 'from' object(held,carried)
Action 44	Action44	! 'drop'/'dump' object(held,many,have)
				! 'force'/'insert'/'lay'/'place'/'put'/'stash'/'stuff'/'wedge' 'down'/'d//' object(held,carried,many,have)
Action 45	Action45	! 'drop'/'dump' object(held,many) 'into'/'inside'/'in'/'beyond'/'betwee' object
				! 'drop'/'dump' object(held,many) 'down'/'d//' object
				! 'leave' object(held,carried,many,have) 'into'/'inside'/'in'/'beyond'/'betwee' object(carried,in_room,on_ground)
				! 'force'/'insert'/'lay'/'place'/'put'/'stash'/'stuff'/'wedge' object(held,carried,many,have) 'down'/'d//' object(carried,in_room,on_ground)
				! 'force'/'insert'/'lay'/'place'/'put'/'stash'/'stuff'/'wedge' object(held,carried,many,have) 'into'/'inside'/'in'/'beyond'/'betwee' object(carried,in_room,on_ground)
				! 'crush'/'squash'/'squeez' object(held) 'onto'/'on' object
				! 'chuck'/'fling'/'hurl'/'pitch'/'throw'/'toss' object(held,carried,many,have) 'onto'/'on' object(in_room,on_ground)
				! 'chuck'/'fling'/'hurl'/'pitch'/'throw'/'toss' object(held,carried,many,have) 'into'/'inside'/'in'/'beyond'/'betwee' object(in_room,on_ground)
				! 'chuck'/'fling'/'hurl'/'pitch'/'throw'/'toss' object(held,carried,many,have) 'down'/'d//' object(in_room,on_ground)
				! 'chuck'/'fling'/'hurl'/'pitch'/'throw'/'toss' object(held,carried,many,have) 'thru'/'throug' object(in_room,on_ground)
Action 46	Action46	! 'drop'/'dump' object(held,many) 'onto'/'on' object
				! 'leave' object(held,carried,many,have) 'onto'/'on' object(carried,in_room,on_ground)
				! 'force'/'insert'/'lay'/'place'/'put'/'stash'/'stuff'/'wedge' object(held,carried,many,have) 'over'/'across' object(carried,in_room,on_ground)
				! 'force'/'insert'/'lay'/'place'/'put'/'stash'/'stuff'/'wedge' object(held,carried,many,have) 'onto'/'on' object(carried,in_room,on_ground)
Action 47	Action47	! 'consum'/'devour'/'eat'/'gobble'/'nibble'/'swallo' object(held,carried,in_room,on_ground)
Action 48	Action48	! 'check'/'descri'/'examin'/'inspec'/'observ'/'see'/'study'/'survey'/'watch' object(held,carried,in_room,on_ground)
				! 'gaze'/'l//'/'look'/'peek'/'peer'/'stare' 'at' object(held,carried,in_room,on_ground)
Action 49	Action49	! 'check'/'descri'/'examin'/'inspec'/'observ'/'see'/'study'/'survey'/'watch' 'into'/'inside'/'in'/'beyond'/'betwee' object(held,carried,in_room,on_ground)
				! 'gaze'/'l//'/'look'/'peek'/'peer'/'stare' 'outsid'/'out' object
				! 'gaze'/'l//'/'look'/'peek'/'peer'/'stare' 'into'/'inside'/'in'/'beyond'/'betwee' object(held,carried,in_room,on_ground)
				! 'gaze'/'l//'/'look'/'peek'/'peer'/'stare' 'thru'/'throug' object(held,carried,in_room,on_ground)
Action 50	Action50	! 'check'/'descri'/'examin'/'inspec'/'observ'/'see'/'study'/'survey'/'watch' 'onto'/'on' object(held,carried,in_room,on_ground)
				! 'gaze'/'l//'/'look'/'peek'/'peer'/'stare' 'onto'/'on' object(held,carried,in_room,on_ground)
Action 51	Action51	! 'check'/'descri'/'examin'/'inspec'/'observ'/'see'/'study'/'survey'/'watch' 'for' object
				! 'find'/'seek' object
				! 'gaze'/'l//'/'look'/'peek'/'peer'/'stare' 'for' object
				! 'frisk'/'ransac'/'rummag'/'search' 'for' object
Action 52	Action52	! 'check'/'descri'/'examin'/'inspec'/'observ'/'see'/'study'/'survey'/'watch' object(held,carried,in_room,on_ground) 'with'/'using' object(held,carried,in_room,on_ground)
				! 'check'/'descri'/'examin'/'inspec'/'observ'/'see'/'study'/'survey'/'watch' object(held,carried,in_room,on_ground) 'thru'/'throug' object(held,carried,in_room,on_ground)
				! 'gaze'/'l//'/'look'/'peek'/'peer'/'stare' 'at' object(held,carried,in_room,on_ground) 'thru'/'throug' object
				! 'read'/'skim' attrib6(held,carried,in_room,on_ground) 'thru'/'throug' object
Action 53	Action53	! 'fill' attrib4(held,carried,in_room,on_ground) 'at' object
				! 'fill' attrib4(held,carried,in_room,on_ground) 'with'/'using' object
				! 'fill' attrib4(held,carried,in_room,on_ground)
Action 54	Action54	! 'fly' 'with'/'using' object
				! 'fly' 'onto'/'on' object
				! 'fly' object
				! 'fly'
Action 55	Action55	! 'chase'/'follow'/'pursue' object
Action 56	Action56	! 'bestow'/'delive'/'donate'/'give'/'hand'/'offer'/'presen'/'show' object(held) 'toward'/'to' attrib18(in_room,on_ground)
Action 57	Action57	! 'bestow'/'delive'/'donate'/'give'/'hand'/'offer'/'presen'/'show' attrib18(in_room,on_ground) object(held)
Action 58	Action58	! 'feed' attrib18(in_room,on_ground) object(held)
				! 'feed' attrib18(in_room,on_ground) 'with'/'using' object(held)
Action 59	Action59	! 'feed' object(held) 'toward'/'to' attrib18(in_room,on_ground)
Action 60	Action60	! 'hear' object
				! 'listen' 'for' object(held,carried,in_room,on_ground)
				! 'listen' 'into'/'inside'/'in'/'beyond'/'betwee' object(held,carried,in_room,on_ground)
				! 'listen' 'toward'/'to' object(held,carried,in_room,on_ground)
				! 'listen' attrib19
Action 61	Action61	! 'heel'
Action 62	Action62	! 'aftern'/'bye'/'farewe'/'goodby'/'greet'/'greeti'/'hello'/'hi'/'salute' object
				! 'aftern'/'bye'/'farewe'/'goodby'/'greet'/'greeti'/'hello'/'hi'/'salute'
				! 'affirm'/'aye'/'naw'/'nay'/'negati'/'no'/'nope'/'ok'/'okay'/'positi'/'sure'/'y//'/'yes'/'yup' attrib18
				! 'affirm'/'aye'/'naw'/'nay'/'negati'/'no'/'nope'/'ok'/'okay'/'positi'/'sure'/'y//'/'yes'/'yup'
Action 63	Action63	! 'aid'/'help'
				! 'hint'/'hints'
				! 'pray'
Action 64	Action64	! 'concea'/'hide' object(held,have) 'undern'/'under'/'beneat'/'below' object
				! 'concea'/'hide' object(held,have) 'behind' object
				! 'concea'/'hide' object(held,have) 'from' object
				! 'concea'/'hide' 'behind' object
				! 'concea'/'hide' 'undern'/'under'/'beneat'/'below' object
				! 'concea'/'hide' attrib19
Action 65	Action65	! 'cover' object 'with'/'using' object(held,have)
Action 66	Action66	! 'dive'/'jump'/'leap' 'off' object
				! 'dive'/'jump'/'leap' 'from' object
				! 'dive'/'jump'/'leap' 'over'/'across' object
				! 'dive'/'jump'/'leap' attrib19
Action 67	Action67	! 'dive'/'jump'/'leap' 'onto'/'on' object
				! 'rise'/'stand' 'onto'/'on' object
				! 'advanc'/'crawl'/'go'/'hike'/'hop'/'procee'/'run'/'skip'/'step'/'tramp'/'trudge'/'walk' 'onto'/'on' object
Action 68	Action68	! 'kick' 'down'/'d//' object
				! 'kick' 'into'/'inside'/'in'/'beyond'/'betwee' object
				! 'kick' object
Action 69	Action69	! 'kiss'/'smooch' attrib18(in_room,on_ground)
Action 70	Action70	! 'knock'/'pound'/'rap' 'onto'/'on' object
				! 'knock'/'pound'/'rap' 'at' object
Action 71	Action71	! 'leave' attrib19
Action 72	Action72	! 'lie'/'reclin' 'into'/'inside'/'in'/'beyond'/'betwee' object
				! 'lie'/'reclin' 'onto'/'on' object
				! 'lie'/'reclin' 'down'/'d//' attrib19
				! 'nap'/'rest'/'sleep'/'snooze' 'onto'/'on' object(in_room,on_ground)
				! 'nap'/'rest'/'sleep'/'snooze' 'into'/'inside'/'in'/'beyond'/'betwee' object(in_room,on_ground)
Action 73	Action73	! 'light' object(held,carried,in_room,on_ground)
				! 'flip'/'set'/'turn' 'onto'/'on' object(held,carried,in_room,on_ground)
Action 74	Action74	! 'lock' object(in_room,on_ground) 'with'/'using' object(held,have)
Action 75	Action75	! 'gaze'/'l//'/'look'/'peek'/'peer'/'stare' 'around'/'along' attrib19
				! 'gaze'/'l//'/'look'/'peek'/'peer'/'stare'
Action 76	Action76	! 'gaze'/'l//'/'look'/'peek'/'peer'/'stare' 'down'/'d//' attrib19
Action 77	Action77	! 'gaze'/'l//'/'look'/'peek'/'peer'/'stare' 'up'/'u//' attrib19
Action 78	Action78	! 'gaze'/'l//'/'look'/'peek'/'peer'/'stare' object(held,carried,in_room,on_ground)
Action 79	Action79	! 'gaze'/'l//'/'look'/'peek'/'peer'/'stare' 'undern'/'under'/'beneat'/'below' object
				! 'frisk'/'ransac'/'rummag'/'search' 'undern'/'under'/'beneat'/'below' object
Action 80	Action80	! 'gaze'/'l//'/'look'/'peek'/'peer'/'stare' 'behind' object
Action 81	Action81	! 'lower' object
				! 'drag'/'pull'/'shove'/'tug'/'yank' 'down'/'d//' object
Action 82	Action82	! 'move'/'roll'/'shift' attrib19(in_room,on_ground)
Action 83	Action83	! 'move'/'roll'/'shift' object(in_room,on_ground) 'toward'/'to' object
				! 'move'/'roll'/'shift' object(in_room,on_ground) object
				! 'nudge'/'press'/'push'/'thrust' object(in_room,on_ground) 'into'/'inside'/'in'/'beyond'/'betwee' object
				! 'nudge'/'press'/'push'/'thrust' object(in_room,on_ground) 'toward'/'to' object
				! 'nudge'/'press'/'push'/'thrust' object(in_room,on_ground) object
Action 84	Action84	! 'open'/'unseal' attrib2(held,carried,in_room,on_ground) 'with'/'using' object(held,carried,in_room,on_ground,have)
				! 'open'/'unseal' 'up'/'u//' attrib2(held,carried,in_room,on_ground)
				! 'open'/'unseal' attrib2(held,carried,in_room,on_ground)
Action 85	Action85	! 'pray' 'for' object
				! 'dream'/'hope'/'wish'/'yearn' 'for' object 'with'/'using' object
				! 'dream'/'hope'/'wish'/'yearn' 'for' object
Action 86	Action86	! 'drag'/'pull'/'shove'/'tug'/'yank' 'onto'/'on' object(in_room,on_ground)
				! 'drag'/'pull'/'shove'/'tug'/'yank' object(in_room,on_ground)
Action 87	Action87	! 'drag'/'pull'/'shove'/'tug'/'yank' 'up'/'u//' object(in_room,on_ground)
				! 'elevat'/'hoist'/'lift'/'raise' 'up'/'u//' object
				! 'elevat'/'hoist'/'lift'/'raise' object
				! 'carry'/'catch'/'confis'/'get'/'grab'/'hold'/'seize'/'snatch'/'steal'/'take' 'up'/'u//' attrib19
Action 88	Action88	! 'drag'/'pull'/'shove'/'tug'/'yank' attrib17 'outsid'/'out' object(in_room,on_ground)
				! 'pick' 'up'/'u//' attrib17(on_ground,many)
				! 'empty' object 'outsid'/'out' object
				! 'empty' object 'from' object
				! 'carry'/'catch'/'confis'/'get'/'grab'/'hold'/'seize'/'snatch'/'steal'/'take' attrib17(carried,in_room,many) 'onto'/'on' object
				! 'carry'/'catch'/'confis'/'get'/'grab'/'hold'/'seize'/'snatch'/'steal'/'take' attrib17(carried,in_room,many) 'into'/'inside'/'in'/'beyond'/'betwee' object
				! 'carry'/'catch'/'confis'/'get'/'grab'/'hold'/'seize'/'snatch'/'steal'/'take' attrib17(carried,in_room,many) 'from' object
				! 'carry'/'catch'/'confis'/'get'/'grab'/'hold'/'seize'/'snatch'/'steal'/'take' attrib17(carried,in_room,many) 'off' object
				! 'carry'/'catch'/'confis'/'get'/'grab'/'hold'/'seize'/'snatch'/'steal'/'take' attrib17(carried,in_room,many) 'outsid'/'out' object
				! 'carry'/'catch'/'confis'/'get'/'grab'/'hold'/'seize'/'snatch'/'steal'/'take' attrib17(in_room,on_ground,many)
Action 89	Action89	! 'bribe'/'entice'/'pay' attrib18 'with'/'using' object(held,carried)
Action 90	Action90	! 'pick' object 'with'/'using' object
				! 'pick' object
Action 91	Action91	! 'cavort'/'fiddle'/'play'/'toy' 'with'/'using' object
				! 'cavort'/'fiddle'/'play'/'toy' attrib19
Action 92	Action92	! 'gestur'/'point' 'toward'/'to' object
				! 'gestur'/'point' 'at' object
Action 93	Action93	! 'pour'/'spill'/'sprink' object(held,carried) 'from' object
				! 'pour'/'spill'/'sprink' object(held,carried) 'onto'/'on' object
				! 'pour'/'spill'/'sprink' 'outsid'/'out' object(held,carried)  object
				! 'pour'/'spill'/'sprink' object(held,carried) 'into'/'inside'/'in'/'beyond'/'betwee' object
				! 'pour'/'spill'/'sprink' 'outsid'/'out' object(held,carried)
				! 'pour'/'spill'/'sprink' object(held,carried)
Action 94	Action94	! 'empty' 'outsid'/'out' object(held,carried)
				! 'empty' object(held,carried)
Action 95	Action95	! 'nudge'/'press'/'push'/'thrust' 'down'/'d//' object(in_room,on_ground)
				! 'nudge'/'press'/'push'/'thrust' 'up'/'u//' object(in_room,on_ground)
				! 'nudge'/'press'/'push'/'thrust' 'onto'/'on' object(in_room,on_ground)
				! 'nudge'/'press'/'push'/'thrust' object(in_room,on_ground)
Action 96	Action96	! 'nudge'/'press'/'push'/'thrust' object 'undern'/'under'/'beneat'/'below' object
				! 'force'/'insert'/'lay'/'place'/'put'/'stash'/'stuff'/'wedge' object(held,carried,many,have) 'undern'/'under'/'beneat'/'below' object(carried,in_room,on_ground)
Action 97	Action97	! 'force'/'insert'/'lay'/'place'/'put'/'stash'/'stuff'/'wedge' 'onto'/'on' object(carried,in_room,on_ground)
				! 'don'/'wear' object
Action 98	Action98	! 'force'/'insert'/'lay'/'place'/'put'/'stash'/'stuff'/'wedge' object(held,carried,many,have) 'behind' object(carried,in_room,on_ground)
Action 99	Action99	! 'defile'/'hump'/'molest'/'rape'/'ravish' attrib18
Action 100	Action100	! 'reach' 'into'/'inside'/'in'/'beyond'/'betwee' object(in_room,on_ground)
Action 101	Action101	! 'read'/'skim' attrib6(held,carried,in_room,on_ground)
Action 102	Action102	! 'read'/'skim' attrib6(held,carried,in_room,on_ground) 'toward'/'to' object
Action 103	Action103	! 'detach'/'free'/'releas'/'undo'/'unfast'/'unhook'/'untie' object(held,carried,in_room,on_ground) 'from' object
				! 'detach'/'free'/'releas'/'undo'/'unfast'/'unhook'/'untie' object(held,carried,in_room,on_ground) 'with'/'using' object(have)
				! 'detach'/'free'/'releas'/'undo'/'unfast'/'unhook'/'untie' object(held,carried,in_room,on_ground)
Action 104	Action104	! 'remove' attrib10(have)
				! 'carry'/'catch'/'confis'/'get'/'grab'/'hold'/'seize'/'snatch'/'steal'/'take' 'off' object
Action 105	Action105	! 'replac' object
Action 106	Action106	! 'ride' 'onto'/'on' object
				! 'ride' 'into'/'inside'/'in'/'beyond'/'betwee' object
				! 'ride' object
Action 107	Action107	! 'bow'/'grovel'/'kneel' 'before' attrib18
				! 'bow'/'grovel'/'kneel' 'toward'/'to' attrib18
Action 108	Action108	! 'call'/'say'/'speak'/'talk'/'utter' attrib19
Action 109	Action109	! 'frisk'/'ransac'/'rummag'/'search' 'into'/'inside'/'in'/'beyond'/'betwee' object
				! 'frisk'/'ransac'/'rummag'/'search' object
Action 110	Action110	! 'jostle'/'rattle'/'shake' object
Action 111	Action111	! 'shoot' object
Action 112	Action112	! 'sit'/'squat' 'at' object
				! 'sit'/'squat' 'down'/'d//' attrib19(in_room,on_ground)
				! 'sit'/'squat' 'onto'/'on' object(in_room,on_ground)
				! 'sit'/'squat' attrib19(in_room,on_ground)
Action 113	Action113	! 'nap'/'rest'/'sleep'/'snooze'
Action 114	Action114	! 'smell'/'sniff' attrib19
Action 115	Action115	! 'rotate'/'spin'/'whirl' object
Action 116	Action116	! 'crush'/'squash'/'squeez' object
Action 117	Action117	! 'rise'/'stand' 'up'/'u//' attrib19
				! 'rise'/'stand'
Action 118	Action118	! 'rise'/'stand' 'undern'/'under'/'beneat'/'below' object
Action 119	Action119	! 'bathe'/'swim'/'wade' 'toward'/'to' object
				! 'bathe'/'swim'/'wade' 'into'/'inside'/'in'/'beyond'/'betwee' object
				! 'bathe'/'swim'/'wade' attrib19
Action 120	Action120	! 'swing' object(held,carried,have) 'at' attrib18(in_room,on_ground)
				! 'swing' object(held,carried,have)
Action 121	Action121	! 'taste' object
Action 122	Action122	! 'tell' attrib18(in_room) 'about' object
				! 'tell' attrib18(in_room)
Action 123	Action123	! 'thank'/'thanks'
				! 'thank'/'thanks' object
Action 124	Action124	! 'chuck'/'fling'/'hurl'/'pitch'/'throw'/'toss' object(held,carried,many,have) 'toward'/'to' object(in_room,on_ground)
				! 'chuck'/'fling'/'hurl'/'pitch'/'throw'/'toss' object(held,carried,many,have) 'at' object(in_room,on_ground)
Action 125	Action125	! 'chuck'/'fling'/'hurl'/'pitch'/'throw'/'toss' object(held,carried,many,have) 'over'/'across' object
				! 'chuck'/'fling'/'hurl'/'pitch'/'throw'/'toss' object(held,carried,many,have) 'off' object
Action 126	Action126	! 'attach'/'fasten'/'secure'/'tie' object 'toward'/'to' object
Action 127	Action127	! 'attach'/'fasten'/'secure'/'tie' 'up'/'u//' attrib18(in_room,on_ground) 'with'/'using' object(held,carried,in_room,on_ground,have)
Action 128	Action128	! 'distur'/'feel'/'pat'/'pet'/'rub'/'touch' object 'with'/'using' object
				! 'distur'/'feel'/'pat'/'pet'/'rub'/'touch' object
Action 129	Action129	! 'flip'/'set'/'turn' object 'with'/'using' object(have)
				! 'flip'/'set'/'turn' object
				! 'flip'/'set'/'turn' object 'for' object
				! 'flip'/'set'/'turn' object 'toward'/'to' object
Action 130	Action130	! 'unlock' object(in_room,on_ground) 'with'/'using' object(held,have)
Action 131	Action131	! 'employ'/'exploi'/'use' object
Action 132	Action132	! 'loiter'/'wait'/'z//'
Action 133	Action133	! 'loiter'/'wait'/'z//' 'for' object
Action 134	Action134	! 'awake'/'awaken'/'rouse'/'startl'/'surpri'/'wake' 'up'/'u//' attrib19
				! 'awake'/'awaken'/'rouse'/'startl'/'surpri'/'wake' attrib19
Action 135	Action135	! 'advanc'/'crawl'/'go'/'hike'/'hop'/'procee'/'run'/'skip'/'step'/'tramp'/'trudge'/'walk' object
Action 136	Action136	! 'advanc'/'crawl'/'go'/'hike'/'hop'/'procee'/'run'/'skip'/'step'/'tramp'/'trudge'/'walk' 'toward'/'to' object
Action 137	Action137	! 'grin'/'laugh'/'nod'/'smile'/'sneer'/'wave' 'toward'/'to' object
				! 'grin'/'laugh'/'nod'/'smile'/'sneer'/'wave' 'at' object
Action 138	Action138	! 'howl'/'scream'/'shout'/'yell' 'toward'/'to' object
				! 'howl'/'scream'/'shout'/'yell' 'at' object
				! 'howl'/'scream'/'shout'/'yell' attrib19

Word	$ve	$ve
Word	across	across
Word	admiss	admiss
Word	advanc	advanc
Word	advert	advert
Word	advice	advice
Word	affirm	affirm
Word	aftern	aftern
Word	aisles	aisles
Word	alexis	alexis
Word	anatin	anatin
Word	animal	animal
Word	answer	answer
Word	antiqu	antiqu
Word	arcade	arcade
Word	around	around
Word	ascend	ascend
Word	assaul	assaul
Word	asshol	asshol
Word	attach	attach
Word	attack	attack
Word	automa	automa
Word	awaken	awaken
Word	bastar	bastar
Word	beacon	beacon
Word	before	before
Word	behind	behind
Word	beneat	beneat
Word	bestow	bestow
Word	betwee	betwee
Word	beyond	beyond
Word	birthd	birthd
Word	blanke	blanke
Word	blinki	blinki
Word	blurre	blurre
Word	blurry	blurry
Word	boarde	boarde
Word	boards	boards
Word	bookca	bookca
Word	bottle	bottle
Word	bottom	bottom
Word	boughs	boughs
Word	branch	branch
Word	bridge	bridge
Word	broken	broken
Word	brooms	brooms
Word	bubbli	bubbli
Word	buildi	buildi
Word	button	button
Word	cancel	cancel
Word	candle	candle
Word	cardbo	cardbo
Word	carton	carton
Word	castle	castle
Word	cavort	cavort
Word	ceilin	ceilin
Word	cement	cement
Word	cemete	cemete
Word	center	center
Word	chains	chains
Word	chairs	chairs
Word	chambe	chambe
Word	charmi	charmi
Word	chemic	chemic
Word	chocol	chocol
Word	church	church
Word	cinema	cinema
Word	circul	circul
Word	clamps	clamps
Word	clutte	clutte
Word	cocksu	cocksu
Word	collar	collar
Word	colore	colore
Word	commem	commem
Word	concea	concea
Word	concre	concre
Word	confis	confis
Word	consum	consum
Word	contro	contro
Word	corner	corner
Word	corrid	corrid
Word	cottag	cottag
Word	counte	counte
Word	covere	covere
Word	creamy	creamy
Word	creatu	creatu
Word	crimso	crimso
Word	cursor	cursor
Word	curtai	curtai
Word	damage	damage
Word	damned	damned
Word	darkne	darkne
Word	debris	debris
Word	defile	defile
Word	delici	delici
Word	delive	delive
Word	demoli	demoli
Word	depart	depart
Word	descen	descen
Word	descri	descri
Word	destro	destro
Word	detach	detach
Word	devour	devour
Word	diabol	diabol
Word	diamon	diamon
Word	digger	digger
Word	direct	direct
Word	displa	displa
Word	distur	distur
Word	donate	donate
Word	drawbr	drawbr
Word	drawer	drawer
Word	earthw	earthw
Word	eldrit	eldrit
Word	elevat	elevat
Word	elvish	elvish
Word	employ	employ
Word	entice	entice
Word	entran	entran
Word	envelo	envelo
Word	everyt	everyt
Word	examin	examin
Word	excava	excava
Word	except	except
Word	exhibi	exhibi
Word	exploi	exploi
Word	exting	exting
Word	farewe	farewe
Word	fasten	fasten
Word	father	father
Word	featur	featur
Word	fester	fester
Word	fiddle	fiddle
Word	firepl	firepl
Word	flashi	flashi
Word	flight	flight
Word	flimsy	flimsy
Word	floati	floati
Word	follow	follow
Word	foobar	foobar
Word	forehe	forehe
Word	foresi	foresi
Word	forest	forest
Word	fossil	fossil
Word	foundi	foundi
Word	founta	founta
Word	fratto	fratto
Word	freedo	freedo
Word	fridge	fridge
Word	fucked	fucked
Word	fuckin	fuckin
Word	furnit	furnit
Word	gestur	gestur
Word	ghostl	ghostl
Word	glasse	glasse
Word	glowin	glowin
Word	gnarle	gnarle
Word	gnomel	gnomel
Word	gobble	gobble
Word	goddam	goddam
Word	goldfi	goldfi
Word	goodby	goodby
Word	grandf	grandf
Word	graved	graved
Word	gravey	gravey
Word	greasy	greasy
Word	greeti	greeti
Word	ground	ground
Word	grovel	grovel
Word	guzzle	guzzle
Word	hallwa	hallwa
Word	handle	handle
Word	handpa	handpa
Word	hatchw	hatchw
Word	headqu	headqu
Word	hellho	hellho
Word	heroic	heroic
Word	hillto	hillto
Word	horizo	horizo
Word	horses	horses
Word	humano	humano
Word	ignite	ignite
Word	injure	injure
Word	insert	insert
Word	inside	inside
Word	inspec	inspec
Word	instru	instru
Word	interr	interr
Word	intimi	intimi
Word	intnum	intnum
Word	invent	invent
Word	island	island
Word	jacket	jacket
Word	jostle	jostle
Word	joysti	joysti
Word	junk-	junk-
Word	kaluze	kaluze
Word	kitten	kitten
Word	labora	labora
Word	ladder	ladder
Word	leafle	leafle
Word	leaves	leaves
Word	let's	let's
Word	letter	letter
Word	librar	librar
Word	lighte	lighte
Word	lighth	lighth
Word	liquid	liquid
Word	listen	listen
Word	little	little
Word	loiter	loiter
Word	lookou	lookou
Word	loudsp	loudsp
Word	macguf	macguf
Word	machin	machin
Word	magick	magick
Word	mailbo	mailbo
Word	marble	marble
Word	marque	marque
Word	massiv	massiv
Word	mechan	mechan
Word	medica	medica
Word	messag	messag
Word	miniat	miniat
Word	mister	mister
Word	molest	molest
Word	monume	monume
Word	murder	murder
Word	museum	museum
Word	myself	myself
Word	myster	myster
Word	mystic	mystic
Word	narrow	narrow
Word	naught	naught
Word	negati	negati
Word	nibble	nibble
Word	noises	noises
Word	northe	northe
Word	northw	northw
Word	obscen	obscen
Word	obscur	obscur
Word	observ	observ
Word	odysse	odysse
Word	office	office
Word	openin	openin
Word	outsid	outsid
Word	painte	painte
Word	painti	painti
Word	palace	palace
Word	paraph	paraph
Word	parrot	parrot
Word	patrol	patrol
Word	pelica	pelica
Word	photog	photog
Word	photos	photos
Word	pictur	pictur
Word	piranh	piranh
Word	planks	planks
Word	platyp	platyp
Word	pleasu	pleasu
Word	pocket	pocket
Word	police	police
Word	poodle	poodle
Word	positi	positi
Word	postca	postca
Word	poster	poster
Word	postma	postma
Word	practi	practi
Word	presen	presen
Word	preser	preser
Word	prices	prices
Word	prince	prince
Word	privat	privat
Word	procee	procee
Word	profil	profil
Word	protag	protag
Word	public	public
Word	purple	purple
Word	pursue	pursue
Word	puzzle	puzzle
Word	quench	quench
Word	questi	questi
Word	rainwa	rainwa
Word	ramsha	ramsha
Word	ransac	ransac
Word	ransom	ransom
Word	rattle	rattle
Word	ravish	ravish
Word	reclin	reclin
Word	refrig	refrig
Word	releas	releas
Word	remove	remove
Word	replac	replac
Word	rescue	rescue
Word	respon	respon
Word	restar	restar
Word	restor	restor
Word	ribbon	ribbon
Word	rodent	rodent
Word	rotary	rotary
Word	rotate	rotate
Word	rummag	rummag
Word	rusted	rusted
Word	sailor	sailor
Word	salute	salute
Word	scepte	scepte
Word	schedu	schedu
Word	scrawl	scrawl
Word	scream	scream
Word	screen	screen
Word	script	script
Word	sculpt	sculpt
Word	seahor	seahor
Word	search	search
Word	second	second
Word	secure	secure
Word	securi	securi
Word	sequen	sequen
Word	sergea	sergea
Word	series	series
Word	servic	servic
Word	shackl	shackl
Word	sharks	sharks
Word	she's	she's
Word	shimme	shimme
Word	shithe	shithe
Word	shoppe	shoppe
Word	should	should
Word	showti	showti
Word	signpo	signpo
Word	silver	silver
Word	sleazy	sleazy
Word	sleepi	sleepi
Word	sleepy	sleepy
Word	smooch	smooch
Word	snatch	snatch
Word	snooze	snooze
Word	sorkin	sorkin
Word	soundt	soundt
Word	southe	southe
Word	southw	southw
Word	sparkl	sparkl
Word	speake	speake
Word	specta	specta
Word	sprink	sprink
Word	squash	squash
Word	squeez	squeez
Word	stairs	stairs
Word	stairw	stairw
Word	stampe	stampe
Word	startl	startl
Word	statio	statio
Word	statue	statue
Word	stones	stones
Word	strang	strang
Word	street	street
Word	strike	strike
Word	stunte	stunte
Word	sungla	sungla
Word	superb	superb
Word	surpri	surpri
Word	survey	survey
Word	swallo	swallo
Word	switch	switch
Word	swords	swords
Word	synago	synago
Word	tasman	tasman
Word	telesc	telesc
Word	temple	temple
Word	thanks	thanks
Word	that'	that'
Word	theate	theate
Word	theatr	theatr
Word	they'	they'
Word	things	things
Word	throne	throne
Word	throug	throug
Word	thrust	thrust
Word	ticket	ticket
Word	timewo	timewo
Word	tombst	tombst
Word	tortur	tortur
Word	toward	toward
Word	tracks	tracks
Word	traver	traver
Word	tricks	tricks
Word	trinke	trinke
Word	trudge	trudge
Word	tunnel	tunnel
Word	ulysse	ulysse
Word	umbrel	umbrel
Word	undern	undern
Word	unders	unders
Word	unfast	unfast
Word	unhook	unhook
Word	unlock	unlock
Word	unscri	unscri
Word	unseal	unseal
Word	vapors	vapors
Word	verbos	verbos
Word	versio	versio
Word	vestib	vestib
Word	villag	villag
Word	violet	violet
Word	voices	voices
Word	vultur	vultur
Word	walkwa	walkwa
Word	wanted	wanted
Word	we're	we're
Word	what'	what'
Word	when'	when'
Word	whistl	whistl
Word	who's	who's
Word	willow	willow
Word	window	window
Word	wishbr	wishbr
Word	witchv	witchv
Word	withdr	withdr
Word	wizard	wizard
Word	won't	won't
Word	wooden	wooden
Word	you'r	you'r
