! Auto-generated by Reform.

MD5	631cc926b4251f5a5f646d3a6bdac8c6

Object 1	Class
Object 2	Object
Object 3	Routine
Object 4	String
Object 5	CompassDirection
Object 6	obj6_compass
Object 7	obj7_north_wall
Object 8	obj8_south_wall
Object 9	obj9_east_wall
Object 10	obj10_west_wall
Object 11	obj11_northeast_wall
Object 12	obj12_northwest_wall
Object 13	obj13_southeast_wall
Object 14	obj14_southwest_wall
Object 15	obj15_ceiling
Object 16	obj16_floor
Object 17	obj17_outside
Object 18	obj18_inside
Object 19	obj19__darkness_object_
Object 20	obj20__self_object_
Object 21	obj21__Inform_Parser_
Object 22	obj22__Inform_Library_
Object 23	Connector
Object 24	obj24_lm
Object 25	obj25_Cell
Object 26	obj26_bed
Object 27	obj27_pressure_guage
Object 28	obj28_button
Object 29	obj29_light_switch
Object 30	obj30_Steel_key
Object 31	obj31_door
Object 32	obj32_a_prone_guard
Object 33	obj33_Landing
Object 34	obj34_Janitor
Object 35	obj35_Corridor
Object 36	obj36_Corridor
Object 37	obj37_Corridor
Object 38	obj38_Hall
Object 39	obj39_Security_camera
Object 40	obj40_Control_Room
Object 41	obj41_Controls
Object 42	obj42_cupboard
Object 43	obj43_Armoury
Object 44	obj44_sign
Object 45	obj45_box_of_chaff_grenades
Object 46	obj46_chaff_grenade
Object 47	obj47_electronics
Object 48	obj48_Lift
Object 49	obj49_button
Object 50	obj50_Lift
Object 51	obj51_button
Object 52	obj52_Hallway
Object 53	obj53_Office
Object 54	obj54_Sign
Object 55	obj55_Male_Secretary
Object 56	obj56_Female_secretary
Object 57	obj57_Bar
Object 58	obj58_juke_box
Object 59	obj59_furnishings
Object 60	obj60_sign
Object 61	obj61_Sandy
Object 62	obj62_form
Object 63	obj63_Officer_s_Room
Object 64	obj64_Officer
Object 65	obj65_table
Object 66	obj66_photocopier
Object 67	obj67_invite
Object 68	obj68_copy_of_the_invite
Object 69	obj69_Hallway
Object 70	obj70_North_end_of_hallway
Object 71	obj71_A_control_room
Object 72	obj72_Button
Object 73	obj73_door
Object 74	obj74_The_end_

Attribute 0	animate			! obj20__self_object_ obj32_a_prone_guard obj34_Janitor obj55_Male_Secretary obj56_Female_secretary obj61_Sandy obj64_Officer
Attribute 3	concealed		! obj6_compass obj20__self_object_
Attribute 4	container		! obj42_cupboard obj45_box_of_chaff_grenades obj66_photocopier
Attribute 5	door			! Connector obj31_door obj73_door
Attribute 8	general			! obj30_Steel_key obj62_form
Attribute 9	light			! obj25_Cell obj33_Landing obj35_Corridor obj36_Corridor obj37_Corridor obj38_Hall obj40_Control_Room obj43_Armoury obj48_Lift obj50_Lift obj52_Hallway obj53_Office obj57_Bar obj63_Officer_s_Room obj69_Hallway obj70_North_end_of_hallway obj71_A_control_room obj74_The_end_
Attribute 10	lockable		! obj31_door
Attribute 11	locked			! obj31_door
Attribute 15	openable		! obj27_pressure_guage obj31_door obj42_cupboard obj45_box_of_chaff_grenades obj66_photocopier
Attribute 16	proper			! obj20__self_object_ obj21__Inform_Parser_ obj22__Inform_Library_
Attribute 17	scenery			! CompassDirection obj7_north_wall obj8_south_wall obj9_east_wall obj10_west_wall obj11_northeast_wall obj12_northwest_wall obj13_southeast_wall obj14_southwest_wall obj15_ceiling obj16_floor obj17_outside obj18_inside obj28_button obj41_Controls obj44_sign obj47_electronics obj49_button obj51_button obj54_Sign obj59_furnishings obj60_sign obj64_Officer obj65_table
Attribute 19	static			! Connector obj26_bed obj27_pressure_guage obj28_button obj31_door obj39_Security_camera obj41_Controls obj42_cupboard obj44_sign obj45_box_of_chaff_grenades obj47_electronics obj49_button obj51_button obj54_Sign obj58_juke_box obj59_furnishings obj60_sign obj65_table obj66_photocopier obj72_Button obj73_door
Attribute 20	supporter		! obj26_bed obj65_table
Attribute 21	switchable		! obj29_light_switch obj41_Controls
Attribute 23	transparent		! obj20__self_object_
Attribute 27	male			! obj32_a_prone_guard obj34_Janitor obj55_Male_Secretary obj61_Sandy obj64_Officer
Attribute 28	female			! obj56_Female_secretary

Property 1	name:dictwords
Property 2	prop2:?
Property 4	before:thing
Property 5	after:string
Property 6	life:?
Property 7	n_to:thing
Property 8	s_to:?
Property 9	e_to:thing
Property 10	w_to:?
Property 15	u_to:string
Property 16	d_to:string
Property 19	door_to:routine
Property 20	with_key:?
Property 21	door_dir:thing
Property 26	react_before:string
Property 29	orders:?
Property 30	initial:thing
Property 31	when_open:string
Property 35	description:?
Property 36	describe:dictword
Property 37	article:string
Property 38	cant_go:string
Property 39	found_in:?
Property 40	time_left:?
Property 41	number:?
Property 42	time_out:dictword
Property 43	daemon:string
Property 44	each_turn:string
Property 45	capacity:?
Property 46	short_name:thing
Property 48	parse_name:?
Property 72	parse_input:routine
Property 73	play:routine
Property 74	end_turn_sequence:routine
Property 75	begin_action:routine
Property 76	sidea:?
Property 77	dira:?
Property 78	sideb:?
Property 79	dirb:?
Property 80	counter:?
Property 81	when:things

Global 0	global0:?
Global 1	global1:?
Global 2	global2:?
Global 3	global3:?
Global 4	global4:?
Global 5	global5:?
Global 6	global6:?
Global 7	global7:?
Global 8	global8:?
Global 9	global9:?
Global 10	global10:?
Global 11	global11:?
Global 12	global12:?
Global 13	global13:?
Global 14	global14:?
Global 15	global15:?
Global 16	global16:?
Global 17	global17:?
Global 18	global18:?
Global 19	global19:?
Global 20	global20:?
Global 21	global21:?
Global 22	global22:?
Global 23	global23:?
Global 24	global24:?
Global 25	global25:?
Global 26	global26:?
Global 27	global27:?
Global 28	global28:?
Global 29	global29:?
Global 30	global30:?
Global 31	global31:?
Global 32	global32:?
Global 33	global33:?
Global 34	global34:?
Global 35	global35:?
Global 36	global36:?
Global 37	global37:?
Global 38	global38:?
Global 39	global39:?
Global 40	global40:?
Global 41	global41:?
Global 42	global42:?
Global 43	global43:?
Global 44	global44:?
Global 45	global45:?
Global 46	global46:?
Global 47	global47:?
Global 48	global48:?
Global 49	global49:?
Global 50	global50:?
Global 51	global51:?
Global 52	global52:?
Global 53	global53:?
Global 54	global54:?
Global 55	global55:?
Global 56	global56:?
Global 57	global57:?
Global 58	global58:?
Global 59	global59:?
Global 60	global60:?
Global 61	global61:?
Global 62	global62:?
Global 63	global63:?
Global 64	global64:?
Global 65	global65:?
Global 66	global66:?
Global 67	global67:?
Global 68	global68:?
Global 69	global69:?
Global 70	global70:?
Global 71	global71:?
Global 72	global72:?
Global 73	global73:?
Global 74	global74:?
Global 75	global75:?
Global 76	global76:?
Global 77	global77:?
Global 78	global78:?
Global 79	global79:?
Global 80	global80:?
Global 81	global81:?
Global 82	global82:?
Global 83	global83:?
Global 84	global84:?
Global 85	global85:?
Global 86	global86:?
Global 87	global87:?
Global 88	global88:?
Global 89	global89:?
Global 90	global90:?
Global 91	global91:?
Global 92	global92:?
Global 93	global93:?
Global 94	global94:?
Global 95	global95:?
Global 96	global96:?
Global 97	global97:?
Global 98	global98:?
Global 99	global99:?
Global 100	global100:?
Global 101	global101:?
Global 102	global102:?
Global 103	global103:?
Global 104	global104:?
Global 105	global105:?
Global 106	global106:?
Global 107	global107:?
Global 108	global108:?
Global 109	global109:?
Global 110	global110:?
Global 111	global111:?
Global 112	global112:?
Global 113	global113:?
Global 114	global114:?
Global 115	global115:?
Global 116	global116:?
Global 117	global117:?
Global 118	global118:?
Global 119	global119:?
Global 120	global120:?
Global 121	global121:?
Global 122	global122:?
Global 123	global123:?
Global 124	global124:?
Global 125	global125:?
Global 126	global126:?
Global 127	global127:?
Global 128	global128:?
Global 129	global129:?
Global 130	global130:?
Global 131	global131:?
Global 132	global132:?
Global 133	global133:?
Global 134	global134:?
Global 135	global135:?
Global 136	global136:?
Global 137	global137:?
Global 138	global138:?
Global 139	global139:?
Global 140	global140:?
Global 141	global141:?
Global 142	global142:?
Global 143	global143:?
Global 144	global144:?
Global 145	global145:?
Global 146	global146:?
Global 147	global147:?
Global 148	global148:?
Global 149	global149:?
Global 150	global150:?
Global 151	global151:?
Global 152	global152:?
Global 153	global153:?
Global 154	global154:?
Global 155	global155:?
Global 156	global156:?
Global 157	global157:?
Global 158	global158:?
Global 159	global159:?
Global 160	global160:?
Global 161	global161:?
Global 162	global162:?
Global 163	global163:?
Global 164	global164:?
Global 165	global165:?
Global 166	global166:?
Global 167	global167:?
Global 168	global168:?
Global 169	global169:?
Global 170	global170:?
Global 171	global171:?
Global 172	global172:?
Global 173	global173:?
Global 174	global174:?
Global 175	global175:?
Global 176	global176:?
Global 177	global177:?
Global 178	global178:?
Global 179	global179:?
Global 180	global180:?
Global 181	global181:?
Global 182	global182:?
Global 183	global183:?
Global 184	global184:?
Global 185	global185:?
Global 186	global186:?
Global 187	global187:?
Global 188	global188:?
Global 189	global189:?
Global 190	global190:?
Global 191	global191:?
Global 192	global192:?
Global 193	global193:?
Global 194	global194:?
Global 195	global195:?
Global 196	global196:?
Global 197	global197:?
Global 198	global198:?
Global 199	global199:?
Global 200	global200:?
Global 201	global201:?
Global 202	global202:?
Global 203	global203:?
Global 204	global204:?
Global 205	global205:?
Global 206	global206:?
Global 207	global207:?
Global 208	global208:?
Global 209	global209:?
Global 210	global210:?
Global 211	global211:?
Global 212	global212:?
Global 213	global213:?
Global 214	global214:?
Global 215	global215:?
Global 216	global216:?
Global 217	global217:?
Global 218	global218:?
Global 219	global219:?
Global 220	global220:?
Global 221	global221:?
Global 222	global222:?
Global 223	global223:?
Global 224	global224:?
Global 225	global225:?
Global 226	global226:?
Global 227	global227:?
Global 228	global228:?
Global 229	global229:?
Global 230	global230:?
Global 231	global231:?
Global 232	global232:?
Global 233	global233:?
Global 234	global234:?
Global 235	global235:?
Global 236	global236:?
Global 237	global237:?
Global 238	global238:?
Global 239	global239:?

Action 0	Pronouns	! 'nouns'/'pronouns'
Action 1	Quit		! 'die'/'q//'/'quit'
Action 2	Restart		! 'restart'
Action 3	Restore		! 'restore'
Action 4	Save		! 'save'
Action 5	Verify		! 'verify'
Action 6	ScriptOn	! 'script'/'transcrip'
				! 'script'/'transcrip' 'on'
Action 7	ScriptOff	! 'noscript'/'unscript'
				! 'script'/'transcrip' 'off'
Action 8	NotifyOn	! 'notify' 'on'
Action 9	NotifyOff	! 'notify' 'off'
Action 10	Places		! 'places'
Action 11	Objects		! 'objects'
Action 12	Score		! 'score'
Action 13	FullScore	! 'full'/'fullscore'
				! 'full'/'fullscore' 'score'
Action 14	Inv		! 'i//'/'inv'/'inventory'
				! 'carry'/'hold'/'take' 'inventory'
Action 15	Take		! 'peel' noun
				! 'peel' 'off' noun
				! 'remove' multi
				! 'pick' 'up' multi
				! 'pick' multi 'up'
				! 'get' multi
				! 'carry'/'hold'/'take' multi
Action 16	Drop		! 'discard'/'drop'/'throw' multiheld
				! 'put' 'down' multiheld
				! 'put' multiheld 'down'
Action 17	Remove		! 'remove' multiinside 'from' noun
				! 'get' multiinside 'from' noun
				! 'carry'/'hold'/'take' multiinside 'from' noun
				! 'carry'/'hold'/'take' multiinside 'off' noun
Action 18	PutOn		! 'discard'/'drop'/'throw' multiexcept 'on'/'onto' noun
				! 'put' multiexcept 'on'/'onto' noun
Action 19	Insert		! 'discard'/'drop'/'throw' multiexcept 'in'/'into'/'down' noun
				! 'insert' multiexcept 'in'/'into' noun
				! 'put' multiexcept 'in'/'inside'/'into' noun
Action 20	EmptyT		! 'empty' noun 'to'/'into'/'on'/'onto' noun
Action 21	Give		! 'feed'/'give'/'offer'/'pay' held 'to' creature
				! 'feed'/'give'/'offer'/'pay' creature held
				! 'feed'/'give'/'offer'/'pay' 'over' held 'to' creature
Action 22	Show		! 'display'/'present'/'show' creature held
				! 'display'/'present'/'show' held 'to' creature
Action 23	Enter		! 'lie'/'sit' 'on' 'top' 'of' noun
				! 'lie'/'sit' 'on'/'in'/'inside' noun
				! 'cross'/'enter' noun
				! 'leave' 'into'/'in'/'inside'/'through' noun
				! 'go'/'run'/'walk' noun
				! 'go'/'run'/'walk' 'into'/'in'/'inside'/'through' noun
				! 'stand' 'on' noun
				! 'get' 'in'/'into'/'on'/'onto' noun
Action 24	GetOff		! 'get' 'off' noun
Action 25	Exit		! 'exit'/'out'/'outside'
				! 'leave' noun
				! 'stand'
				! 'stand' 'up'
				! 'get' 'out'/'off'/'up'
Action 26	VagueGo		! 'leave'
				! 'go'/'run'/'walk'
Action 27	Go		! 'leave' noun=routine46656
				! 'go'/'run'/'walk' noun=routine46656
Action 28	LMode1		! 'brief'/'normal'
Action 29	LMode2		! 'long'/'verbose'
Action 30	LMode3		! 'short'/'superbrie'
Action 31	Look		! 'l//'/'look'
Action 32	Examine		! 'read' noun
				! 'check'/'describe'/'examine'/'watch'/'x//' noun
				! 'l//'/'look' 'at' noun
Action 33	LookUnder	! 'l//'/'look' 'under' noun
Action 34	Search		! 'search' noun
				! 'l//'/'look' 'inside'/'in'/'into'/'through' noun
Action 35	Unlock		! 'unlock' noun 'with' held
				! 'open'/'uncover'/'undo'/'unwrap' noun 'with' held
Action 36	Lock		! 'lock' noun 'with' held
Action 37	SwitchOn	! 'switch' noun
				! 'switch' noun 'on'
				! 'switch' 'on' noun
				! 'rotate'/'screw'/'turn'/'twist'/'unscrew' noun 'on'
				! 'rotate'/'screw'/'turn'/'twist'/'unscrew' 'on' noun
Action 38	SwitchOff	! 'switch' noun 'off'
				! 'switch' 'off' noun
				! 'rotate'/'screw'/'turn'/'twist'/'unscrew' noun 'off'
				! 'rotate'/'screw'/'turn'/'twist'/'unscrew' 'off' noun
				! 'close'/'cover'/'shut' 'off' noun
Action 39	Open		! 'open'/'uncover'/'undo'/'unwrap' noun
Action 40	Close		! 'close'/'cover'/'shut' noun
				! 'close'/'cover'/'shut' 'up' noun
Action 41	Disrobe		! 'disrobe'/'doff'/'shed' held
				! 'remove' held
				! 'carry'/'hold'/'take' 'off' worn
Action 42	Wear		! 'put' 'on' held
				! 'don'/'wear' held
Action 43	Eat		! 'eat' held
Action 44	Yes		! 'y//'/'yes'
Action 45	No		! 'no'
Action 46	Burn		! 'burn'/'light' noun
				! 'burn'/'light' noun 'with' held
Action 47	Pray		! 'pray'
Action 48	Wake		! 'awake'/'awaken'/'wake'
				! 'awake'/'awaken'/'wake' 'up'
Action 49	WakeOther	! 'awake'/'awaken'/'wake' creature
				! 'awake'/'awaken'/'wake' creature 'up'
				! 'awake'/'awaken'/'wake' 'up' creature
Action 50	Kiss		! 'embrace'/'hug'/'kiss' creature
Action 51	Think		! 'think'
Action 52	Smell		! 'smell'/'sniff'
				! 'smell'/'sniff' noun
Action 53	Listen		! 'hear'/'listen'
				! 'hear'/'listen' noun
				! 'hear'/'listen' 'to' noun
Action 54	Taste		! 'taste' noun
Action 55	Touch		! 'feel'/'fondle'/'grope'/'touch' noun
Action 56	Dig		! 'dig' noun
				! 'dig' noun 'with' held
Action 57	Cut		! 'chop'/'cut'/'prune'/'slice' noun
Action 58	Jump		! 'hop'/'jump'/'skip'
Action 59	JumpOver	! 'hop'/'jump'/'skip' 'over' noun
Action 60	Tie		! 'attach'/'fasten'/'fix'/'tie' noun
				! 'attach'/'fasten'/'fix'/'tie' noun 'to' noun
Action 61	Drink		! 'drink'/'sip'/'swallow' noun
Action 62	Fill		! 'fill' noun
Action 63	Sorry		! 'sorry'
Action 64	Strong		! 'damn'/'fuck'/'shit'/'sod'
				! 'damn'/'fuck'/'shit'/'sod' topic
Action 65	Mild		! 'bother'/'curses'/'darn'/'drat'
				! 'bother'/'curses'/'darn'/'drat' topic
Action 66	Attack		! 'attack'/'break'/'crack'/'destroy'/'fight'/'hit'/'kill'/'murder'/'punch'/'smash'/'thump'/'torture'/'wreck' noun
Action 67	Swim		! 'dive'/'swim'
Action 68	Swing		! 'swing' noun
				! 'swing' 'on' noun
Action 69	Blow		! 'blow' held
Action 70	Rub		! 'clean'/'dust'/'polish'/'rub'/'scrub'/'shine'/'sweep'/'wipe' noun
Action 71	Set		! 'adjust'/'set' noun
Action 72	SetTo		! 'adjust'/'set' noun 'to' special
Action 73	WaveHands	! 'wave'
Action 74	Wave		! 'wave' noun
Action 75	Pull		! 'drag'/'pull' noun
Action 76	Push		! 'clear'/'move'/'press'/'push'/'shift' noun
Action 77	Turn		! 'rotate'/'screw'/'turn'/'twist'/'unscrew' noun
Action 78	PushDir		! 'clear'/'move'/'press'/'push'/'shift' noun noun
Action 79	Squeeze		! 'squash'/'squeeze' noun
Action 80	ThrowAt		! 'discard'/'drop'/'throw' held 'at'/'against'/'on'/'onto' noun
Action 81	Tell		! 'tell' creature 'about' topic
Action 82	Answer		! 'answer'/'say'/'shout'/'speak' topic 'to' creature
Action 83	Ask		! 'ask' creature 'about' topic
Action 84	Buy		! 'buy'/'purchase' noun
Action 85	Sing		! 'sing'
Action 86	Climb		! 'climb'/'scale' noun
				! 'climb'/'scale' 'up'/'over' noun
Action 87	Wait		! 'wait'/'z//'
Action 88	Sleep		! 'nap'/'sleep'
Action 89	Consult		! 'read' 'about' topic 'in' noun
				! 'read' topic 'in' noun
				! 'consult' noun 'about' topic
				! 'consult' noun 'on' topic
				! 'l//'/'look' 'up' topic 'in' noun
Action 90	AskFor		! 'ask' creature 'for' noun
Action 93	Transfer	! 'clear'/'move'/'press'/'push'/'shift' noun 'to' noun
				! 'transfer' noun 'to' noun
Action 94	Version		! 'version'
Action 95	Empty		! 'empty' noun
				! 'empty' 'out' noun
				! 'empty' noun 'out'
Action 96	InvTall		! 'i//'/'inv'/'inventory' 'tall'
Action 97	InvWide		! 'i//'/'inv'/'inventory' 'wide'
Action 98	GoIn		! 'in'/'inside'
				! 'cross'/'enter'
Action 99	Help		! 'help'

Word	applicati	applicati
Word	bristling	bristling
Word	button	button
Word	caretaker	caretaker
Word	co-worke	co-worke
Word	conventio	conventio
Word	direction	direction
Word	electroni	electroni
Word	everythin	everythin
Word	fullscore	fullscore
Word	furnishin	furnishin
Word	furniture	furniture
Word	groundsma	groundsma
Word	inventory	inventory
Word	invitatio	invitatio
Word	moustache	moustache
Word	northeast	northeast
Word	northwest	northwest
Word	officious	officious
Word	photocopi	photocopi
Word	prisoners	prisoners
Word	secretary	secretary
Word	seventeen	seventeen
Word	southeast	southeast
Word	southwest	southwest
Word	superbrie	superbrie
Word	superiors	superiors
Word	transcrip	transcrip
Word	unconscio	unconscio
Word	workstati	workstati

Routine 0x2dfc	routine11772:?
Routine 0x2e04	routine11780:?
Routine 0x2e10	routine11792:?
Routine 0x2e14	routine11796:?
Routine 0x2e38	routine11832:?
Routine 0x2ed8	routine11992:?
Routine 0x30b0	routine12464:?
Routine 0x30e8	routine12520:?
Routine 0x3124	routine12580:?
Routine 0x3154	routine12628:?
Routine 0x3184	routine12676:?
Routine 0x3198	routine12696:?
Routine 0x31cc	routine12748:?
Routine 0x3208	routine12808:?
Routine 0x4f50	routine20304:?
! References: obj20__self_object_.short_name
Routine 0x4f5c	routine20316:?
Routine 0x4f68	routine20328:?
Routine 0x4f74	routine20340:?
Routine 0x4f94	routine20372:?
Routine 0x5020	routine20512:?
! References: obj21__Inform_Parser_.parse_input
Routine 0x5034	routine20532:?
Routine 0x503c	routine20540:?
Routine 0x504c	routine20556:?
Routine 0x5224	routine21028:?
Routine 0x5a10	routine23056:?
Routine 0x5a44	routine23108:?
Routine 0x5a60	routine23136:?
Routine 0x5ba8	routine23464:?
Routine 0x5bc0	routine23488:?
Routine 0x5c10	routine23568:?
Routine 0x5c34	routine23604:?
Routine 0x5ff0	routine24560:?
Routine 0x64b4	routine25780:?
Routine 0x6768	routine26472:?
Routine 0x6844	routine26692:?
Routine 0x69b0	routine27056:?
Routine 0x69fc	routine27132:?
Routine 0x6a38	routine27192:?
Routine 0x6b18	routine27416:?
Routine 0x6b90	routine27536:?
Routine 0x6be0	routine27616:?
Routine 0x6c14	routine27668:?
Routine 0x6c64	routine27748:?
Routine 0x6c8c	routine27788:?
Routine 0x6ca8	routine27816:?
Routine 0x6cd8	routine27864:?
Routine 0x6d74	routine28020:?
Routine 0x6d88	routine28040:?
Routine 0x6da4	routine28068:?
Routine 0x6e20	routine28192:?
Routine 0x6e50	routine28240:?
Routine 0x6f34	routine28468:?
Routine 0x6f58	routine28504:?
Routine 0x6fa4	routine28580:?
Routine 0x70c4	routine28868:?
Routine 0x711c	routine28956:?
Routine 0x7148	routine29000:?
Routine 0x7178	routine29048:?
Routine 0x71c0	routine29120:?
Routine 0x71f8	routine29176:?
Routine 0x7210	routine29200:?
Routine 0x7228	routine29224:?
Routine 0x7234	routine29236:?
Routine 0x7330	routine29488:?
Routine 0x7338	routine29496:?
Routine 0x7380	routine29568:?
Routine 0x7394	routine29588:?
Routine 0x73a8	routine29608:?
Routine 0x73c4	routine29636:?
Routine 0x7418	PronounsSub:?
Routine 0x74c4	routine29892:?
Routine 0x74f8	routine29944:?
Routine 0x7528	routine29992:?
Routine 0x7530	routine30000:?
Routine 0x755c	routine30044:?
! References: obj22__Inform_Library_.play
Routine 0x75c4	routine30148:?
! References: obj22__Inform_Library_.end_turn_sequence
Routine 0x7900	routine30976:?
! References: obj22__Inform_Library_.begin_action
Routine 0x79b0	routine31152:?
Routine 0x79e4	routine31204:?
Routine 0x79f0	routine31216:?
Routine 0x7a98	routine31384:?
Routine 0x7ab8	routine31416:?
Routine 0x7ae4	routine31460:?
Routine 0x7b2c	routine31532:?
Routine 0x7b68	routine31592:?
Routine 0x7bb0	routine31664:?
Routine 0x7bec	routine31724:?
Routine 0x7bf8	routine31736:?
Routine 0x7c1c	routine31772:?
Routine 0x7c7c	routine31868:?
Routine 0x7c9c	routine31900:?
Routine 0x7cc0	routine31936:?
Routine 0x7cd0	routine31952:?
Routine 0x7d28	routine32040:?
Routine 0x7d60	routine32096:?
Routine 0x7db0	routine32176:?
Routine 0x7dd8	routine32216:?
Routine 0x7df4	routine32244:?
Routine 0x7e08	routine32264:?
Routine 0x7e24	routine32292:?
Routine 0x7e6c	routine32364:?
Routine 0x7ec0	routine32448:?
Routine 0x7ef0	routine32496:?
Routine 0x7f88	routine32648:?
Routine 0x7ffc	routine32764:?
Routine 0x80a0	routine32928:?
Routine 0x815c	routine33116:?
Routine 0x81ec	routine33260:?
Routine 0x822c	routine33324:?
Routine 0x8250	routine33360:?
Routine 0x8274	routine33396:?
Routine 0x8288	routine33416:?
Routine 0x8290	routine33424:?
Routine 0x82c0	routine33472:?
Routine 0x82dc	routine33500:?
! References: Connector.door_dir, obj31_door.door_dir, obj73_door.door_dir
Routine 0x830c	routine33548:?
! References: Connector.door_to, obj31_door.door_to, obj73_door.door_to
Routine 0x832c	routine33580:?
! References: obj66_photocopier.name
Routine 0x834c	routine33612:?
Routine 0x83fc	routine33788:?
Routine 0x8458	routine33880:?
Routine 0x84c4	routine33988:?
! References: obj24_lm.before
Routine 0x84d0	routine34000:?
Routine 0x85b8	PlacesSub:?
Routine 0x85c0	ObjectsSub:?
Routine 0x85c8	routine34248:?
Routine 0x864c	VersionSub:?
Routine 0x86d4	routine34516:?
Routine 0x8700	routine34560:?
