! Auto-generated by Reform.

MD5	5bcd91ee055e9bd42812617571be227b

Object 1	obj1_pair_of_hands
Object 2	obj2_zorkmid
Object 3	obj3_way
Object 4	obj4_cretin
Object 5	obj5_you
Object 6	obj6_blast_of_air
Object 7	obj7_lurking_grue
Object 8	obj8_ground
Object 9	obj9_sailor
Object 10	obj10_blessings
Object 11	obj11_such_thing
Object 12	obj12_random_object
Object 13	obj13_pseudo
Object 14	obj14_number
Object 15	obj15_compass
Object 16	obj16_footpad
Object 17	obj17_Room_of_Black_Mist
Object 18	obj18_Room_of_White_Mist
Object 19	obj19_Room_of_Blue_Mist
Object 20	obj20_sphere
Object 21	obj21_Room_of_Red_Mist
Object 22	obj22_Frobozz_Magic_Grue_Repellent
Object 23	obj23_sword
Object 24	obj24_Wizard_s_magic_wand
Object 25	obj25_Wizard_of_Frobozz
Object 26	obj26_demon
Object 27	obj27_perfect_rose
Object 28	obj28_ribbon
Object 29	obj29_delicate_gold_key
Object 30	obj30_quantity_of_salty_water
Object 31	obj31_quantity_of_water
Object 32	obj32_china_teapot
Object 33	obj33_place_mat
Object 34	obj34_newspaper
Object 35	obj35_blue_crystal_sphere
Object 36	obj36_rusty_iron_key
Object 37	obj37_letter_opener
Object 38	obj38_keyhole
Object 39	obj39_keyhole
Object 40	obj40_narrow_crack
Object 41	obj41_table
Object 42	obj42_metal_lid
Object 43	obj43_metal_lid
Object 44	obj44_Gnome_of_Zurich
Object 45	obj45_shimmering_curtain_of_light
Object 46	obj46_large_stone_cube
Object 47	obj47_bank_brochure
Object 48	obj48_portrait_of_J__Pierpont_Flathead
Object 49	obj49_stack_of_zorkmid_bills
Object 50	obj50_group_of_wooden_posts
Object 51	obj51_wooden_bucket
Object 52	obj52_black_string
Object 53	obj53_wall_with_etchings
Object 54	obj54_wall_with_etchings
Object 55	obj55_package_of_candy
Object 56	obj56_solid_steel_cage
Object 57	obj57_ruby
Object 58	obj58_robot
Object 59	obj59_receptacle
Object 60	obj60_white_book
Object 61	obj61_blue_book
Object 62	obj62_green_book
Object 63	obj63_purple_book
Object 64	obj64_Flathead_stamp
Object 65	obj65_priceless_zorkmid
Object 66	obj66_pool_of_tears
Object 67	obj67_leak
Object 68	obj68_cake_frosted_with_red_letters
Object 69	obj69_cake_frosted_with_orange_letters
Object 70	obj70_cake_frosted_with_blue_letters
Object 71	obj71_cake_frosted_with_green_letters
Object 72	obj72_pearl_necklace
Object 73	obj73_mangled_cage
Object 74	obj74_large_oblong_table
Object 75	obj75_broken_brass_lantern
Object 76	obj76_lamp
Object 77	obj77_hook
Object 78	obj78_hook
Object 79	obj79_hole
Object 80	obj80_green_piece_of_paper
Object 81	obj81_stoppered_glass_flask_filled_with_liquid
Object 82	obj82_glacier
Object 83	obj83_steel_box
Object 84	obj84_fancy_violin
Object 85	obj85_red_crystal_sphere
Object 86	obj86_gaudy_crown
Object 87	obj87_cloth_bag
Object 88	obj88_card
Object 89	obj89_triangular_button
Object 90	obj90_square_button
Object 91	obj91_round_button
Object 92	obj92_broken_balloon
Object 93	obj93_debris_from_an_explosion
Object 94	obj94_brick
Object 95	obj95_braided_wire
Object 96	obj96_box
Object 97	obj97_blue_label
Object 98	obj98_basket
Object 99	obj99_Volcano_Gnome
Object 100	obj100_Tiny_Room
Object 101	obj101_barred_window
Object 102	obj102_door_made_of_oak
Object 103	obj103_Dreary_Room
Object 104	obj104_table
Object 105	obj105_matchbook
Object 106	obj106_Chairman_s_Office
Object 107	obj107_Safety_Depository
Object 108	obj108_Vault
Object 109	obj109_Small_Room
Object 110	obj110_East_Viewing_Room
Object 111	obj111_West_Viewing_Room
Object 112	obj112_East_Teller_s_Room
Object 113	obj113_West_Teller_s_Room
Object 114	obj114_Bank_Entrance
Object 115	obj115_Pool_Room
Object 116	obj116_Posts_Room
Object 117	obj117_Tea_Room
Object 118	obj118_Circular_Room
Object 119	obj119_Top_of_Well
Object 120	obj120_Cage
Object 121	obj121_Dingy_Closet
Object 122	obj122_Machine_Room
Object 123	obj123_Low_Room
Object 124	obj124_Lava_Room
Object 125	obj125_Dusty_Room
Object 126	obj126_Wide_Ledge
Object 127	obj127_Volcano_View
Object 128	obj128_Library
Object 129	obj129_Narrow_Ledge
Object 130	obj130_Volcano_Near_Wide_Ledge
Object 131	obj131_Volcano_by_Viewing_Ledge
Object 132	obj132_Volcano_Near_Small_Ledge
Object 133	obj133_Volcano_Core
Object 134	obj134_Volcano_Bottom
Object 135	obj135_Pearl_Room
Object 136	obj136_stone_door
Object 137	obj137_Riddle_Room
Object 138	obj138_Carousel_Room
Object 139	obj139_Wizard_s_Quarters
Object 140	obj140_dead_sea_serpent
Object 141	obj141_baby_sea_serpent
Object 142	obj142_Murky_Room
Object 143	obj143_clear_crystal_sphere
Object 144	obj144_aquarium
Object 145	obj145_Aquarium_Room
Object 146	obj146_pentagram
Object 147	obj147_Pentagram_Room
Object 148	obj148_smashed_trophy_cabinet
Object 149	obj149_Wizard_s_trophy_cabinet
Object 150	obj150_Wizard_s_trophy_cabinet
Object 151	obj151_warning_label
Object 152	obj152_small_bottles
Object 153	obj153_nicked_swords
Object 154	obj154_set_of_used_wands
Object 155	obj155_degree
Object 156	obj156_Trophy_Room
Object 157	obj157_black_crystal_sphere
Object 158	obj158_black_obsidian_stand
Object 159	obj159_diamond_stand
Object 160	obj160_sapphire_stand
Object 161	obj161_ruby_stand
Object 162	obj162_Wizard_s_workbench
Object 163	obj163_arcane_item
Object 164	obj164_Wizard_s_Workroom
Object 165	obj165_Wizard_s_Workshop
Object 166	obj166_lizard
Object 167	obj167_Guarded_Room
Object 168	obj168_Landing
Object 169	obj169_marble_crypt
Object 170	obj170_set_of_poled_heads
Object 171	obj171_secret_door
Object 172	obj172_Crypt
Object 173	obj173_crypt_door
Object 174	obj174_Crypt_Anteroom
Object 175	obj175_three_headed_dog
Object 176	obj176_three_headed_dog
Object 177	obj177_Cerberus_Room
Object 178	obj178_Oddly_angled_Room
Object 179	obj179_Oddly_angled_Room
Object 180	obj180_Oddly_angled_Room
Object 181	obj181_Oddly_angled_Room
Object 182	obj182_Oddly_angled_Room
Object 183	obj183_Oddly_angled_Room
Object 184	obj184_Oddly_angled_Room
Object 185	obj185_Oddly_angled_Room
Object 186	obj186_diamond_shaped_window
Object 187	obj187_Oddly_angled_Room
Object 188	obj188_stairs
Object 189	obj189_Stairway
Object 190	obj190_wooden_club
Object 191	obj191_gigantic_dog_collar
Object 192	obj192_Kennel
Object 193	obj193_enormous_menhir
Object 194	obj194_enormous_menhir
Object 195	obj195_Menhir_Room
Object 196	obj196_Room_8
Object 197	obj197_door_partly_covered_in_cobwebs
Object 198	obj198_Cobwebby_Corridor
Object 199	obj199_Lava_Tube
Object 200	obj200_Ice_Room
Object 201	obj201_Cool_Room
Object 202	obj202_Stone_Bridge
Object 203	obj203_Fresco_Room
Object 204	obj204_beautiful_princess
Object 205	obj205_beautiful_princess
Object 206	obj206_huge_dead_dragon
Object 207	obj207_huge_red_dragon
Object 208	obj208_golden_dragon_statuette
Object 209	obj209_rotten_wooden_chest
Object 210	obj210_Dragon_s_Lair
Object 211	obj211_Dragon_Room
Object 212	obj212_End_of_Ledge
Object 213	obj213_Ledge_in_Ravine
Object 214	obj214_Deep_Ford
Object 215	obj215_Marble_Hall
Object 216	obj216_Path_Near_Stream
Object 217	obj217_hedge
Object 218	obj218_Topiary
Object 219	obj219_Formal_Garden
Object 220	obj220_Gazebo
Object 221	obj221_gazebo
Object 222	obj222_North_End_of_Garden
Object 223	obj223_unicorn
Object 224	obj224_unicorn
Object 225	obj225_Dark_Tunnel
Object 226	obj226_Shallow_Ford
Object 227	obj227_Great_Cavern
Object 228	obj228_Foot_Bridge
Object 229	obj229_Narrow_Tunnel
Object 230	obj230
Object 231	obj231_Inside_the_Barrow
Object 232	obj232_north_wall
Object 233	obj233_south_wall
Object 234	obj234_west_wall
Object 235	obj235_east_wall
Object 236	obj236_well
Object 237	obj237_wish
Object 238	obj238_water
Object 239	obj239_north_wall
Object 240	obj240_west_wall
Object 241	obj241_south_wall
Object 242	obj242_east_wall
Object 243	obj243
Object 244	obj244_tunnel
Object 245	obj245_bridge
Object 246	obj246_roses
Object 247	obj247_mosses
Object 248	obj248_chasm
Object 249	obj249
Object 250	obj250_stream

Attribute 0	attrib0			! obj4_cretin
Attribute 1	attrib1			! obj243
Attribute 2	attrib2			! obj12_random_object obj243
Attribute 3	attrib3			! obj86_gaudy_crown obj243
Attribute 4	attrib4			! obj38_keyhole obj39_keyhole obj59_receptacle obj94_brick obj243
Attribute 5	attrib5			! obj120_Cage obj130_Volcano_Near_Wide_Ledge obj131_Volcano_by_Viewing_Ledge obj132_Volcano_Near_Small_Ledge obj133_Volcano_Core
Attribute 6	attrib6			! obj118_Circular_Room obj119_Top_of_Well obj126_Wide_Ledge obj129_Narrow_Ledge obj130_Volcano_Near_Wide_Ledge obj131_Volcano_by_Viewing_Ledge obj132_Volcano_Near_Small_Ledge obj133_Volcano_Core obj134_Volcano_Bottom
Attribute 7	attrib7			! obj32_china_teapot obj35_blue_crystal_sphere obj81_stoppered_glass_flask_filled_with_liquid obj85_red_crystal_sphere obj143_clear_crystal_sphere obj149_Wizard_s_trophy_cabinet obj157_black_crystal_sphere obj243
Attribute 8	attrib8			! obj33_place_mat obj41_table obj74_large_oblong_table obj104_table obj146_pentagram obj158_black_obsidian_stand obj159_diamond_stand obj160_sapphire_stand obj161_ruby_stand obj162_Wizard_s_workbench obj243
Attribute 9	attrib9			! obj4_cretin obj55_package_of_candy obj56_solid_steel_cage obj83_steel_box obj171_secret_door obj190_wooden_club obj243
Attribute 10	attrib10		! obj24_Wizard_s_magic_wand obj29_delicate_gold_key obj35_blue_crystal_sphere obj48_portrait_of_J__Pierpont_Flathead obj49_stack_of_zorkmid_bills obj55_package_of_candy obj57_ruby obj64_Flathead_stamp obj65_priceless_zorkmid obj72_pearl_necklace obj84_fancy_violin obj85_red_crystal_sphere obj86_gaudy_crown obj143_clear_crystal_sphere obj157_black_crystal_sphere obj191_gigantic_dog_collar obj208_golden_dragon_statuette obj243
Attribute 11	attrib11		! obj25_Wizard_of_Frobozz obj32_china_teapot obj33_place_mat obj38_keyhole obj39_keyhole obj41_table obj42_metal_lid obj51_wooden_bucket obj58_robot obj74_large_oblong_table obj79_hole obj94_brick obj98_basket obj104_table obj144_aquarium obj146_pentagram obj148_smashed_trophy_cabinet obj158_black_obsidian_stand obj159_diamond_stand obj160_sapphire_stand obj161_ruby_stand obj162_Wizard_s_workbench obj175_three_headed_dog obj223_unicorn obj243
Attribute 12	attrib12		! obj17_Room_of_Black_Mist obj18_Room_of_White_Mist obj19_Room_of_Blue_Mist obj21_Room_of_Red_Mist obj100_Tiny_Room obj103_Dreary_Room obj106_Chairman_s_Office obj107_Safety_Depository obj108_Vault obj109_Small_Room obj110_East_Viewing_Room obj111_West_Viewing_Room obj112_East_Teller_s_Room obj113_West_Teller_s_Room obj114_Bank_Entrance obj115_Pool_Room obj116_Posts_Room obj117_Tea_Room obj118_Circular_Room obj119_Top_of_Well obj120_Cage obj121_Dingy_Closet obj122_Machine_Room obj123_Low_Room obj124_Lava_Room obj125_Dusty_Room obj126_Wide_Ledge obj127_Volcano_View obj128_Library obj129_Narrow_Ledge obj134_Volcano_Bottom obj135_Pearl_Room obj137_Riddle_Room obj138_Carousel_Room obj139_Wizard_s_Quarters obj142_Murky_Room obj145_Aquarium_Room obj147_Pentagram_Room obj156_Trophy_Room obj164_Wizard_s_Workroom obj165_Wizard_s_Workshop obj167_Guarded_Room obj168_Landing obj172_Crypt obj174_Crypt_Anteroom obj177_Cerberus_Room obj178_Oddly_angled_Room obj179_Oddly_angled_Room obj180_Oddly_angled_Room obj181_Oddly_angled_Room obj182_Oddly_angled_Room obj183_Oddly_angled_Room obj184_Oddly_angled_Room obj185_Oddly_angled_Room obj187_Oddly_angled_Room obj189_Stairway obj192_Kennel obj195_Menhir_Room obj196_Room_8 obj198_Cobwebby_Corridor obj199_Lava_Tube obj200_Ice_Room obj201_Cool_Room obj202_Stone_Bridge obj203_Fresco_Room obj210_Dragon_s_Lair obj211_Dragon_Room obj212_End_of_Ledge obj213_Ledge_in_Ravine obj214_Deep_Ford obj215_Marble_Hall obj216_Path_Near_Stream obj218_Topiary obj219_Formal_Garden obj220_Gazebo obj222_North_End_of_Garden obj225_Dark_Tunnel obj226_Shallow_Ford obj227_Great_Cavern obj228_Foot_Bridge obj229_Narrow_Tunnel obj231_Inside_the_Barrow obj243
Attribute 13	attrib13		! obj23_sword obj24_Wizard_s_magic_wand obj29_delicate_gold_key obj85_red_crystal_sphere obj152_small_bottles obj153_nicked_swords obj154_set_of_used_wands obj155_degree obj163_arcane_item obj170_set_of_poled_heads obj186_diamond_shaped_window obj223_unicorn obj243 obj246_roses obj247_mosses
Attribute 14	attrib14		! obj1_pair_of_hands obj3_way obj4_cretin obj6_blast_of_air obj9_sailor obj10_blessings obj12_random_object obj20_sphere obj24_Wizard_s_magic_wand obj28_ribbon obj29_delicate_gold_key obj36_rusty_iron_key obj38_keyhole obj39_keyhole obj40_narrow_crack obj41_table obj42_metal_lid obj43_metal_lid obj45_shimmering_curtain_of_light obj46_large_stone_cube obj50_group_of_wooden_posts obj53_wall_with_etchings obj54_wall_with_etchings obj59_receptacle obj67_leak obj79_hole obj87_cloth_bag obj89_triangular_button obj90_square_button obj91_round_button obj95_braided_wire obj96_box obj104_table obj136_stone_door obj143_clear_crystal_sphere obj146_pentagram obj152_small_bottles obj153_nicked_swords obj154_set_of_used_wands obj155_degree obj159_diamond_stand obj160_sapphire_stand obj161_ruby_stand obj162_Wizard_s_workbench obj163_arcane_item obj166_lizard obj169_marble_crypt obj170_set_of_poled_heads obj186_diamond_shaped_window obj188_stairs obj193_enormous_menhir obj194_enormous_menhir obj217_hedge obj221_gazebo obj232_north_wall obj233_south_wall obj234_west_wall obj235_east_wall obj236_well obj237_wish obj239_north_wall obj240_west_wall obj241_south_wall obj242_east_wall obj244_tunnel obj245_bridge obj246_roses obj247_mosses obj248_chasm obj250_stream
Attribute 15	attrib15		! obj36_rusty_iron_key obj194_enormous_menhir
Attribute 16	attrib16		! obj22_Frobozz_Magic_Grue_Repellent obj34_newspaper obj46_large_stone_cube obj47_bank_brochure obj49_stack_of_zorkmid_bills obj53_wall_with_etchings obj54_wall_with_etchings obj55_package_of_candy obj60_white_book obj61_blue_book obj62_green_book obj63_purple_book obj64_Flathead_stamp obj65_priceless_zorkmid obj68_cake_frosted_with_red_letters obj69_cake_frosted_with_orange_letters obj70_cake_frosted_with_blue_letters obj71_cake_frosted_with_green_letters obj80_green_piece_of_paper obj81_stoppered_glass_flask_filled_with_liquid obj88_card obj97_blue_label obj105_matchbook obj151_warning_label obj155_degree obj169_marble_crypt obj190_wooden_club obj193_enormous_menhir obj194_enormous_menhir
Attribute 17	attrib17		! obj22_Frobozz_Magic_Grue_Repellent obj23_sword obj24_Wizard_s_magic_wand obj27_perfect_rose obj29_delicate_gold_key obj30_quantity_of_salty_water obj31_quantity_of_water obj32_china_teapot obj33_place_mat obj34_newspaper obj35_blue_crystal_sphere obj36_rusty_iron_key obj37_letter_opener obj47_bank_brochure obj48_portrait_of_J__Pierpont_Flathead obj49_stack_of_zorkmid_bills obj52_black_string obj55_package_of_candy obj57_ruby obj60_white_book obj61_blue_book obj62_green_book obj63_purple_book obj64_Flathead_stamp obj65_priceless_zorkmid obj68_cake_frosted_with_red_letters obj69_cake_frosted_with_orange_letters obj70_cake_frosted_with_blue_letters obj71_cake_frosted_with_green_letters obj72_pearl_necklace obj73_mangled_cage obj75_broken_brass_lantern obj76_lamp obj80_green_piece_of_paper obj81_stoppered_glass_flask_filled_with_liquid obj83_steel_box obj84_fancy_violin obj85_red_crystal_sphere obj86_gaudy_crown obj88_card obj94_brick obj97_blue_label obj105_matchbook obj140_dead_sea_serpent obj143_clear_crystal_sphere obj157_black_crystal_sphere obj190_wooden_club obj191_gigantic_dog_collar obj208_golden_dragon_statuette obj209_rotten_wooden_chest
Attribute 18	attrib18		! obj25_Wizard_of_Frobozz obj32_china_teapot obj33_place_mat obj41_table obj42_metal_lid obj43_metal_lid obj51_wooden_bucket obj58_robot obj59_receptacle obj60_white_book obj61_blue_book obj62_green_book obj63_purple_book obj74_large_oblong_table obj83_steel_box obj96_box obj102_door_made_of_oak obj104_table obj136_stone_door obj144_aquarium obj146_pentagram obj148_smashed_trophy_cabinet obj149_Wizard_s_trophy_cabinet obj158_black_obsidian_stand obj159_diamond_stand obj160_sapphire_stand obj161_ruby_stand obj162_Wizard_s_workbench obj171_secret_door obj173_crypt_door obj175_three_headed_dog obj197_door_partly_covered_in_cobwebs obj209_rotten_wooden_chest obj223_unicorn
Attribute 19	attrib19		! obj17_Room_of_Black_Mist obj18_Room_of_White_Mist obj19_Room_of_Blue_Mist obj21_Room_of_Red_Mist obj103_Dreary_Room obj107_Safety_Depository obj116_Posts_Room obj117_Tea_Room obj120_Cage obj121_Dingy_Closet obj122_Machine_Room obj123_Low_Room obj125_Dusty_Room obj142_Murky_Room obj145_Aquarium_Room obj147_Pentagram_Room obj164_Wizard_s_Workroom obj168_Landing obj218_Topiary obj219_Formal_Garden obj220_Gazebo obj222_North_End_of_Garden obj226_Shallow_Ford obj227_Great_Cavern obj228_Foot_Bridge obj229_Narrow_Tunnel obj231_Inside_the_Barrow obj243
Attribute 20	attrib20		! obj55_package_of_candy obj68_cake_frosted_with_red_letters obj69_cake_frosted_with_orange_letters obj70_cake_frosted_with_blue_letters obj71_cake_frosted_with_green_letters
Attribute 21	attrib21		! obj30_quantity_of_salty_water obj31_quantity_of_water obj238_water
Attribute 22	attrib22		! obj101_barred_window obj102_door_made_of_oak obj136_stone_door obj171_secret_door obj173_crypt_door obj197_door_partly_covered_in_cobwebs
Attribute 23	attrib23		! obj188_stairs
Attribute 24	attrib24		! obj243
Attribute 26	attrib26		! obj34_newspaper obj47_bank_brochure obj48_portrait_of_J__Pierpont_Flathead obj49_stack_of_zorkmid_bills obj52_black_string obj60_white_book obj61_blue_book obj62_green_book obj63_purple_book obj64_Flathead_stamp obj80_green_piece_of_paper obj88_card obj94_brick obj97_blue_label obj190_wooden_club
Attribute 27	attrib27		! obj51_wooden_bucket obj98_basket
Attribute 28	attrib28		! obj1_pair_of_hands obj14_number obj36_rusty_iron_key obj37_letter_opener
Attribute 29	attrib29		! obj23_sword obj190_wooden_club
Attribute 30	attrib30		! obj4_cretin obj5_you obj25_Wizard_of_Frobozz obj26_demon obj44_Gnome_of_Zurich obj58_robot obj99_Volcano_Gnome obj141_baby_sea_serpent obj175_three_headed_dog obj204_beautiful_princess obj205_beautiful_princess obj207_huge_red_dragon obj223_unicorn obj224_unicorn
Attribute 31	attrib31		! obj76_lamp

Property 2	prop2:?
Property 3	prop3:?
Property 4	prop4:thing
Property 5	prop5:?
Property 6	prop6:routine
Property 7	prop7:?
Property 8	prop8:?
Property 9	prop9:?
Property 10	prop10:?
Property 11	prop11:?
Property 12	prop12:?
Property 13	prop13:?
Property 14	prop14:?
Property 15	prop15:thing
Property 16	prop16:?
Property 17	prop17:dictwords
Property 18	cross_to:exit
Property 19	land_to:exit
Property 20	out_to:exit
Property 21	in_to:exit
Property 22	d_to:exit
Property 23	u_to:exit
Property 24	southw_to:exit
Property 25	se_to:exit
Property 26	northw_to:exit
Property 27	ne_to:exit
Property 28	s_to:exit
Property 29	w_to:exit
Property 30	e_to:exit
Property 31	n_to:exit

Global 0	global0:?
Global 1	global1:?
Global 2	global2:?
Global 3	global3:?
Global 4	global4:?
Global 5	global5:?
Global 6	global6:?
Global 7	global7:?
Global 8	global8:?
Global 9	global9:?
Global 10	global10:?
Global 11	global11:?
Global 12	global12:?
Global 13	global13:?
Global 14	global14:?
Global 15	global15:?
Global 16	global16:?
Global 17	global17:?
Global 18	global18:?
Global 19	global19:?
Global 20	global20:?
Global 21	global21:?
Global 22	global22:?
Global 23	global23:?
Global 24	global24:?
Global 25	global25:?
Global 26	global26:?
Global 27	global27:?
Global 28	global28:?
Global 29	global29:?
Global 30	global30:?
Global 31	global31:?
Global 32	global32:?
Global 33	global33:?
Global 34	global34:?
Global 35	global35:?
Global 36	global36:?
Global 37	global37:?
Global 38	global38:?
Global 39	global39:?
Global 40	global40:?
Global 41	global41:?
Global 42	global42:?
Global 43	global43:?
Global 44	global44:?
Global 45	global45:?
Global 46	global46:?
Global 47	global47:?
Global 48	global48:?
Global 49	global49:?
Global 50	global50:?
Global 51	global51:?
Global 52	global52:?
Global 53	global53:?
Global 54	global54:?
Global 55	global55:?
Global 56	global56:?
Global 57	global57:?
Global 58	global58:?
Global 59	global59:?
Global 60	global60:?
Global 61	global61:?
Global 62	global62:?
Global 63	global63:?
Global 64	global64:?
Global 65	global65:?
Global 66	global66:?
Global 67	global67:?
Global 68	global68:?
Global 69	global69:?
Global 70	global70:?
Global 71	global71:?
Global 72	global72:?
Global 73	global73:?
Global 74	global74:?
Global 75	global75:?
Global 76	global76:?
Global 77	global77:?
Global 78	global78:?
Global 79	global79:?
Global 80	global80:?
Global 81	global81:?
Global 82	global82:?
Global 83	global83:?
Global 84	global84:?
Global 85	global85:?
Global 86	global86:?
Global 87	global87:?
Global 88	global88:?
Global 89	global89:?
Global 90	global90:?
Global 91	global91:?
Global 92	global92:?
Global 93	global93:?
Global 94	global94:?
Global 95	global95:?
Global 96	global96:?
Global 97	global97:?
Global 98	global98:?
Global 99	global99:?
Global 100	global100:?
Global 101	global101:?
Global 102	global102:?
Global 103	global103:?
Global 104	global104:?
Global 105	global105:?
Global 106	global106:?
Global 107	global107:?
Global 108	global108:?
Global 109	global109:?
Global 110	global110:?
Global 111	global111:?
Global 112	global112:?
Global 113	global113:?
Global 114	global114:?
Global 115	global115:?
Global 116	global116:?
Global 117	global117:?
Global 118	global118:?
Global 119	global119:?
Global 120	global120:?
Global 121	global121:?
Global 122	global122:?
Global 123	global123:?
Global 124	global124:?
Global 125	global125:?
Global 126	global126:?
Global 127	global127:?
Global 128	global128:?
Global 129	global129:?
Global 130	global130:?
Global 131	global131:?
Global 132	global132:?
Global 133	global133:?
Global 134	global134:?
Global 135	global135:?
Global 136	global136:?
Global 137	global137:?
Global 138	global138:?
Global 139	global139:?
Global 140	global140:?
Global 141	global141:?
Global 142	global142:?
Global 143	global143:?
Global 144	global144:?
Global 145	global145:?
Global 146	global146:?
Global 147	global147:?
Global 148	global148:?
Global 149	global149:?
Global 150	global150:?
Global 151	global151:?
Global 152	global152:?
Global 153	global153:?
Global 154	global154:?
Global 155	global155:?
Global 156	global156:?
Global 157	global157:?
Global 158	global158:?
Global 159	global159:?
Global 160	global160:?
Global 161	global161:?
Global 162	global162:?
Global 163	global163:?
Global 164	global164:?
Global 165	global165:?
Global 166	global166:?
Global 167	global167:?
Global 168	global168:?
Global 169	global169:?
Global 170	global170:?
Global 171	global171:?
Global 172	global172:?
Global 173	global173:?
Global 174	global174:?
Global 175	global175:?
Global 176	global176:?
Global 177	global177:?
Global 178	global178:?
Global 179	global179:?
Global 180	global180:?
Global 181	global181:?
Global 182	global182:?
Global 183	global183:?
Global 184	global184:?
Global 185	global185:?
Global 186	global186:?
Global 187	global187:?
Global 188	global188:?
Global 189	global189:?
Global 190	global190:?
Global 191	global191:?
Global 192	global192:?
Global 193	global193:?
Global 194	global194:?
Global 195	global195:?
Global 196	global196:?
Global 197	global197:?
Global 198	global198:?
Global 199	global199:?
Global 200	global200:?
Global 201	global201:?
Global 202	global202:?
Global 203	global203:?
Global 204	global204:?
Global 205	global205:?
Global 206	global206:?
Global 207	global207:?
Global 208	global208:?
Global 209	global209:?
Global 210	global210:?
Global 211	global211:?
Global 212	global212:?
Global 213	global213:?
Global 214	global214:?
Global 215	global215:?
Global 216	global216:?
Global 217	global217:?
Global 218	global218:?
Global 219	global219:?
Global 220	global220:?
Global 221	global221:?
Global 222	global222:?
Global 223	global223:?
Global 224	global224:?
Global 225	global225:?
Global 226	global226:?
Global 227	global227:?
Global 228	global228:?
Global 229	global229:?
Global 230	global230:?
Global 231	global231:?
Global 232	global232:?
Global 233	global233:?
Global 234	global234:?
Global 235	global235:?
Global 236	global236:?
Global 237	global237:?
Global 238	global238:?
Global 239	global239:?

Action 0	Action0		! 'verbos'
Action 1	Action1		! 'brief'
Action 2	Action2		! 'super'/'superb'
Action 3	Action3		! 'diagno'
Action 4	Action4		! 'i//'/'invent'
Action 5	Action5		! 'q//'/'quit'
Action 6	Action6		! 'restar'
Action 7	Action7		! 'restor'
Action 8	Action8		! 'save'
Action 9	Action9		! 'score'
Action 10	Action10	! 'script'
Action 11	Action11	! 'unscri'
Action 12	Action12	! 'versio'
Action 13	Action13	! '$ve'
Action 14	Action14	! 'debug'
Action 15	Action15	! 'activa' attrib31(held,carried,in_room,on_ground)
				! 'light' attrib31(held,carried,in_room,on_ground,take,have)
				! 'flip'/'set'/'shut'/'turn' 'onto'/'on' object 'with'/'using'/'thru'/'throug' object(have)
				! 'flip'/'set'/'shut'/'turn' 'onto'/'on' attrib31(held,carried,in_room,on_ground)
Action 16	Action16	! 'again'/'g//'
Action 17	Action17	! 'answer'/'reply'
Action 18	Action18	! 'answer'/'reply' object
Action 19	Action19	! 'apply' object 'to' object
				! 'drop'/'releas' object(held,many,have) 'into'/'inside'/'in' object
				! 'drop'/'releas' object(held,many,have) 'down'/'d//' object
				! 'move' object(held,many,have) 'into'/'inside'/'in' object
				! 'hide'/'insert'/'place'/'put'/'stuff' object(held,many,have) 'into'/'inside'/'in' object
				! 'squeez' object 'onto'/'on' object
				! 'chuck'/'hurl'/'throw'/'toss' object(held,carried,have) 'into'/'inside'/'in' object
Action 20	Action20	! 'attack'/'fight'/'hit'/'hurt'/'injure' attrib30(in_room,on_ground) 'with'/'using'/'thru'/'throug' attrib29(held,carried,have)
				! 'attack'/'fight'/'hit'/'hurt'/'injure' attrib30(in_room,on_ground)
				! 'dispat'/'kill'/'murder'/'slay' attrib30(in_room,on_ground) 'with'/'using'/'thru'/'throug' attrib29(held,carried,have)
				! 'dispat'/'kill'/'murder'/'slay' attrib30(in_room,on_ground)
				! 'stab' attrib30(in_room,on_ground) 'with'/'using'/'thru'/'throug' attrib29(held,carried,have)
				! 'knock'/'rap' 'down'/'d//' attrib30(in_room,on_ground)
				! 'strike' attrib30(in_room,on_ground) 'with'/'using'/'thru'/'throug' attrib29(held,carried,in_room,on_ground,have)
Action 21	Action21	! 'back'
Action 22	Action22	! 'blast'
				! 'blow' 'up'/'u//' object
Action 23	Action23	! 'blow' 'out' object
				! 'douse'/'exting' attrib19(held,carried,in_room,on_ground,take,have)
				! 'hide'/'insert'/'place'/'put'/'stuff' 'out' attrib19(held,carried,in_room,on_ground,take,have)
				! 'flip'/'set'/'shut'/'turn' 'off' attrib19(held,carried,in_room,on_ground,take,have)
Action 24	Action24	! 'blow' 'up'/'u//' object 'with'/'using'/'thru'/'throug' attrib28(held,carried,in_room,on_ground)
				! 'inflat' object 'with'/'using'/'thru'/'throug' attrib28(held,carried,in_room,on_ground)
Action 25	Action25	! 'blow' 'into'/'inside'/'in' object
Action 26	Action26	! 'board' attrib27(in_room,on_ground)
				! 'climb'/'sit' 'into'/'inside'/'in' attrib27(in_room,on_ground)
				! 'carry'/'catch'/'get'/'grab'/'hold'/'remove'/'take' 'into'/'inside'/'in' attrib27(in_room,on_ground)
Action 27	Action27	! 'brush'/'clean' object(held,carried,in_room,on_ground) 'with'/'using'/'thru'/'throug' object
				! 'brush'/'clean' object(held,carried,in_room,on_ground)
Action 28	Action28	! 'bug'
Action 29	Action29	! 'burn'/'ignite'/'incine' 'down'/'d//' attrib26(held,carried,in_room,on_ground) 'with'/'using'/'thru'/'throug' attrib25(held,carried,in_room,on_ground,have)
				! 'burn'/'ignite'/'incine' attrib26(held,carried,in_room,on_ground) 'with'/'using'/'thru'/'throug' attrib25(held,carried,in_room,on_ground,have)
				! 'light' attrib31(held,carried,in_room,on_ground) 'with'/'using'/'thru'/'throug' attrib25(held,carried,take,have)
Action 30	Action30	! 'barf'/'chomp'/'lose'
Action 31	Action31	! 'climb'/'sit' 'up'/'u//' attrib23(in_room,on_ground)
				! 'climb'/'sit' 'up'/'u//' attrib24
				! 'go'/'procee'/'run'/'step'/'walk' 'up'/'u//' attrib23(in_room,on_ground)
Action 32	Action32	! 'climb'/'sit' 'down'/'d//' attrib23(in_room,on_ground)
				! 'climb'/'sit'
				! 'go'/'procee'/'run'/'step'/'walk' 'down'/'d//' attrib23(in_room,on_ground)
Action 33	Action33	! 'climb'/'sit' attrib23(in_room,on_ground)
Action 34	Action34	! 'climb'/'sit' 'onto'/'on' attrib27(in_room,on_ground)
				! 'carry'/'catch'/'get'/'grab'/'hold'/'remove'/'take' 'onto'/'on' attrib27(in_room,on_ground)
Action 35	Action35	! 'climb'/'sit' 'with'/'using'/'thru'/'throug' object
				! 'enter' object
				! 'go'/'procee'/'run'/'step'/'walk' 'onto'/'on' object
				! 'go'/'procee'/'run'/'step'/'walk' 'with'/'using'/'thru'/'throug' object
				! 'go'/'procee'/'run'/'step'/'walk' 'into'/'inside'/'in' object
Action 36	Action36	! 'close' attrib22(held,carried,in_room,on_ground)
Action 37	Action37	! 'comman' attrib30
Action 38	Action38	! 'count' object
Action 39	Action39	! 'cross'/'ford' object
Action 40	Action40	! 'cut'/'pierce'/'slice' object 'with'/'using'/'thru'/'throug' attrib29(held,carried)
Action 41	Action41	! 'curse'/'damn'/'fuck'/'shit' attrib30
				! 'curse'/'damn'/'fuck'/'shit'
Action 42	Action42	! 'deflat' object
Action 43	Action43	! 'block'/'break'/'damage'/'destro'/'smash' 'down'/'d//' object(held,carried,in_room,on_ground) 'with'/'using'/'thru'/'throug' object(held,carried,take)
				! 'block'/'break'/'damage'/'destro'/'smash' object(held,carried,in_room,on_ground) 'with'/'using'/'thru'/'throug' object(held,carried,take)
				! 'poke' attrib30(in_room,on_ground) 'with'/'using'/'thru'/'throug' attrib29(held,carried,have)
				! 'punctu' attrib30(in_room,on_ground) 'with'/'using'/'thru'/'throug' attrib29(held,carried,have)
Action 44	Action44	! 'block'/'break'/'damage'/'destro'/'smash' 'into'/'inside'/'in' object(held,carried,in_room,on_ground)
				! 'open' attrib22(held,carried,in_room,on_ground) 'with'/'using'/'thru'/'throug' attrib28(held,carried,in_room,on_ground,have)
				! 'open' 'up'/'u//' attrib22(held,carried,in_room,on_ground)
				! 'open' attrib22(held,carried,in_room,on_ground)
Action 45	Action45	! 'dig' 'into'/'inside'/'in' object(in_room,on_ground) 'with'/'using'/'thru'/'throug' attrib28(held,carried,have)
				! 'dig' object(in_room,on_ground) 'with'/'using'/'thru'/'throug' attrib28(held,carried,have)
				! 'dig' 'into'/'inside'/'in' object
Action 46	Action46	! 'disemb' attrib27(in_room,on_ground)
				! 'carry'/'catch'/'get'/'grab'/'hold'/'remove'/'take' 'out' attrib27(in_room,on_ground)
Action 47	Action47	! 'disenc' object
Action 48	Action48	! 'drink'/'imbibe'/'swallo' attrib21(held,carried,in_room,on_ground)
Action 49	Action49	! 'drink'/'imbibe'/'swallo' 'from' object(held,carried)
Action 50	Action50	! 'drop'/'releas' object(held,many,have)
				! 'leave' object
				! 'pour'/'spill' object(held,carried) 'from' object
				! 'pour'/'spill' object(held,carried) 'into'/'inside'/'in' object
				! 'pour'/'spill' object(held,carried)
				! 'hide'/'insert'/'place'/'put'/'stuff' 'down'/'d//' object(held,many)
Action 51	Action51	! 'drop'/'releas' object(held,many,have) 'onto'/'on' object
				! 'hide'/'insert'/'place'/'put'/'stuff' object(held,many,have) 'onto'/'on' object
				! 'chuck'/'hurl'/'throw'/'toss' object(held,carried,have) 'onto'/'on' object
Action 52	Action52	! 'bite'/'consum'/'eat'/'taste' attrib20(held,carried,in_room,on_ground,take)
Action 53	Action53	! 'echo'
Action 54	Action54	! 'enchan' object(in_room,on_ground)
Action 55	Action55	! 'enter'
Action 56	Action56	! 'exit' object
				! 'exit'
Action 57	Action57	! 'descri'/'examin'/'what'/'whats' object(held,carried,in_room,on_ground,many)
				! 'gaze'/'l//'/'look'/'stare' 'at' object(held,carried,in_room,on_ground,many)
Action 58	Action58	! 'descri'/'examin'/'what'/'whats' 'onto'/'on' object(held,carried,in_room,on_ground,many)
				! 'descri'/'examin'/'what'/'whats' 'into'/'inside'/'in' object(held,carried,in_room,on_ground,many)
				! 'gaze'/'l//'/'look'/'stare' 'into'/'inside'/'in' object(held,carried,in_room,on_ground,many)
				! 'gaze'/'l//'/'look'/'stare' 'with'/'using'/'thru'/'throug' object(held,carried,in_room,on_ground,many)
Action 59	Action59	! 'banish'/'begone'/'cast'/'drive'/'exorci' 'away' attrib30
				! 'banish'/'begone'/'cast'/'drive'/'exorci' 'out' attrib30
				! 'banish'/'begone'/'cast'/'drive'/'exorci' object
Action 60	Action60	! 'fill' attrib18(held,carried,in_room,on_ground,take,have)
				! 'fill' attrib18(held,carried,in_room,on_ground,take,have) 'with'/'using'/'thru'/'throug' object
Action 61	Action61	! 'find'/'see'/'seek'/'where' object
				! 'gaze'/'l//'/'look'/'stare' 'for' object
				! 'search' 'for' object
Action 62	Action62	! 'chase'/'come'/'follow'/'pursue' object
				! 'chase'/'come'/'follow'/'pursue'
Action 63	Action63	! 'froboz'
Action 64	Action64	! 'donate'/'feed'/'give'/'offer' object(held,many,have) 'to' attrib30(on_ground)
				! 'hand' object(held,many,have) 'to' attrib30(on_ground)
Action 65	Action65	! 'donate'/'feed'/'give'/'offer' attrib30(on_ground) object(held,many,have)
				! 'hand' attrib30(on_ground) object(held,many,have)
Action 66	Action66	! 'hatch' object
Action 67	Action67	! 'hello'/'hi' object
				! 'hello'/'hi'
Action 68	Action68	! 'chant'/'incant'
Action 69	Action69	! 'is' object 'onto'/'on' object
				! 'is' object 'into'/'inside'/'in' object
Action 70	Action70	! 'dive'/'jump'/'leap' 'off' object
				! 'dive'/'jump'/'leap' 'from' object
				! 'dive'/'jump'/'leap' 'into'/'inside'/'in' object
				! 'dive'/'jump'/'leap' 'across' object
				! 'dive'/'jump'/'leap' 'over' object
				! 'dive'/'jump'/'leap'
				! 'go'/'procee'/'run'/'step'/'walk' 'over' object
Action 71	Action71	! 'kick'/'taunt' object
Action 72	Action72	! 'stab' attrib30(in_room,on_ground)
Action 73	Action73	! 'kiss' attrib30(in_room,on_ground)
Action 74	Action74	! 'knock'/'rap' 'onto'/'on' object
				! 'knock'/'rap' 'at' object
Action 75	Action75	! 'launch' attrib27
Action 76	Action76	! 'lean' 'onto'/'on' object(held,have)
Action 77	Action77	! 'leave'
Action 78	Action78	! 'listen' 'for' object
				! 'listen' 'to' object
Action 79	Action79	! 'lock' object(in_room,on_ground) 'with'/'using'/'thru'/'throug' attrib28(held,carried,in_room,on_ground,take)
Action 80	Action80	! 'gaze'/'l//'/'look'/'stare' 'down'/'d//' attrib24
				! 'gaze'/'l//'/'look'/'stare' 'up'/'u//' attrib24
				! 'gaze'/'l//'/'look'/'stare' 'around' attrib24
				! 'gaze'/'l//'/'look'/'stare'
Action 81	Action81	! 'gaze'/'l//'/'look'/'stare' 'onto'/'on' object
Action 82	Action82	! 'gaze'/'l//'/'look'/'stare' 'undern'/'under'/'beneat'/'below' object
Action 83	Action83	! 'gaze'/'l//'/'look'/'stare' 'behind' object
Action 84	Action84	! 'gaze'/'l//'/'look'/'stare' 'at' object(held,carried,in_room,on_ground) 'with'/'using'/'thru'/'throug' object
				! 'read'/'skim' attrib16(held,carried,in_room,on_ground,take) 'with'/'using'/'thru'/'throug' object
				! 'read'/'skim' 'from' attrib16(held,carried,in_room,on_ground,take)
				! 'read'/'skim' attrib16(held,carried,in_room,on_ground,take)
Action 85	Action85	! 'lower' object
Action 86	Action86	! 'grease'/'lubric'/'oil' object 'with'/'using'/'thru'/'throug' object(held,carried)
Action 87	Action87	! 'make' object
Action 88	Action88	! 'liquif'/'melt' object 'with'/'using'/'thru'/'throug' attrib25(held,carried,in_room,on_ground)
Action 89	Action89	! 'move' object(in_room,on_ground)
				! 'roll' 'up'/'u//' object(in_room,on_ground)
				! 'pull'/'tug'/'yank' 'up'/'u//' object(in_room,on_ground)
				! 'pull'/'tug'/'yank' 'onto'/'on' object(in_room,on_ground)
				! 'pull'/'tug'/'yank' object(in_room,on_ground)
Action 90	Action90	! 'move' object 'with'/'using'/'thru'/'throug' attrib28
				! 'press'/'push' object 'with'/'using'/'thru'/'throug' attrib28
				! 'flip'/'set'/'shut'/'turn' attrib15 'for' object
				! 'flip'/'set'/'shut'/'turn' attrib15 'to' object
				! 'flip'/'set'/'shut'/'turn' attrib15(held,carried,in_room,on_ground) 'with'/'using'/'thru'/'throug' attrib28(held,carried,in_room,on_ground,have)
Action 91	Action91	! 'mumble'/'sigh'
Action 92	Action92	! 'odysse'/'ulysse'
Action 93	Action93	! 'pick' object 'with'/'using'/'thru'/'throug' object
				! 'pick' object
Action 94	Action94	! 'pick' 'up'/'u//' attrib17(on_ground,many)
				! 'carry'/'catch'/'get'/'grab'/'hold'/'remove'/'take' attrib17(carried,in_room,many) 'from' object
				! 'carry'/'catch'/'get'/'grab'/'hold'/'remove'/'take' attrib17(carried,in_room,many) 'off' object
				! 'carry'/'catch'/'get'/'grab'/'hold'/'remove'/'take' attrib17(carried,in_room,many) 'out' object
				! 'carry'/'catch'/'get'/'grab'/'hold'/'remove'/'take' attrib17(in_room,on_ground,many)
Action 95	Action95	! 'play' object
Action 96	Action96	! 'fix'/'glue'/'patch'/'plug'/'repair' object 'with'/'using'/'thru'/'throug' object
Action 97	Action97	! 'plugh'/'xyzzy'
Action 98	Action98	! 'pour'/'spill' object(held,carried) 'onto'/'on' object
Action 99	Action99	! 'pray'
Action 100	Action100	! 'pump' 'up'/'u//' object 'with'/'using'/'thru'/'throug' object
				! 'pump' 'up'/'u//' object
Action 101	Action101	! 'press'/'push' object(in_room,on_ground) 'to' object
				! 'press'/'push' object(in_room,on_ground) object
				! 'slide' object(in_room,on_ground) 'to' object
				! 'slide' object(in_room,on_ground) object
Action 102	Action102	! 'press'/'push' 'onto'/'on' object(in_room,on_ground,many)
				! 'press'/'push' object(in_room,on_ground,many)
Action 103	Action103	! 'press'/'push' object 'undern'/'under'/'beneat'/'below' object
				! 'hide'/'insert'/'place'/'put'/'stuff' object(held,have) 'undern'/'under'/'beneat'/'below' object
				! 'slide' object 'undern'/'under'/'beneat'/'below' object
Action 104	Action104	! 'hide'/'insert'/'place'/'put'/'stuff' 'onto'/'on' object(carried,in_room,on_ground,many)
				! 'wear' object
Action 105	Action105	! 'hide'/'insert'/'place'/'put'/'stuff' object(held,many,have) 'behind' object
Action 106	Action106	! 'lift'/'raise' 'up'/'u//' object
				! 'lift'/'raise' object
Action 107	Action107	! 'molest'/'rape' attrib30
Action 108	Action108	! 'read'/'skim' attrib16(held,carried,in_room,on_ground,take) object
Action 109	Action109	! 'repent'
Action 110	Action110	! 'peal'/'ring' object(take) 'with'/'using'/'thru'/'throug' object
				! 'peal'/'ring' object(take)
Action 111	Action111	! 'feel'/'pat'/'pet'/'rub'/'touch' object 'with'/'using'/'thru'/'throug' object
				! 'feel'/'pat'/'pet'/'rub'/'touch' object
Action 112	Action112	! 'talk' 'to' attrib30(in_room)
				! 'ask'/'tell' attrib30(in_room) 'about' object
				! 'ask'/'tell' attrib30(in_room)
Action 113	Action113	! 'say'
Action 114	Action114	! 'search' 'into'/'inside'/'in' object
				! 'search' object
Action 115	Action115	! 'send' 'for' object
Action 116	Action116	! 'shake' object
Action 117	Action117	! 'hop'/'skip'
Action 118	Action118	! 'smell'/'sniff' object
Action 119	Action119	! 'spin' object
Action 120	Action120	! 'spray' object 'onto'/'on' object
Action 121	Action121	! 'spray' object 'with'/'using'/'thru'/'throug' object
Action 122	Action122	! 'squeez' object
Action 123	Action123	! 'stand' 'up'/'u//' attrib24
				! 'stand'
				! 'carry'/'catch'/'get'/'grab'/'hold'/'remove'/'take' 'up'/'u//' attrib24
Action 124	Action124	! 'stay'
Action 125	Action125	! 'strike' object(held,carried,in_room,on_ground)
Action 126	Action126	! 'bathe'/'swim'/'wade' 'into'/'inside'/'in' object
				! 'bathe'/'swim'/'wade'
Action 127	Action127	! 'swing'/'thrust' attrib29(held,carried,have) 'at' attrib30(in_room,on_ground)
				! 'swing'/'thrust' attrib29(held,carried,have)
Action 128	Action128	! 'chuck'/'hurl'/'throw'/'toss' object(held,carried,have) 'with'/'using'/'thru'/'throug' attrib30(in_room,on_ground)
				! 'chuck'/'hurl'/'throw'/'toss' object(held,carried,have) 'at' attrib30(in_room,on_ground)
Action 129	Action129	! 'chuck'/'hurl'/'throw'/'toss' object object
Action 130	Action130	! 'chuck'/'hurl'/'throw'/'toss' object(held,carried,have) 'over' object
				! 'chuck'/'hurl'/'throw'/'toss' object(held,carried,have) 'off' object
Action 131	Action131	! 'attach'/'fasten'/'secure'/'tie' object 'to' object
Action 132	Action132	! 'attach'/'fasten'/'secure'/'tie' 'up'/'u//' attrib30(in_room,on_ground) 'with'/'using'/'thru'/'throug' attrib28(held,carried,in_room,on_ground,have)
Action 133	Action133	! 'temple'/'treasu'
Action 134	Action134	! 'unlock' object(in_room,on_ground) 'with'/'using'/'thru'/'throug' attrib28(held,carried,in_room,on_ground,take)
Action 135	Action135	! 'free'/'unatta'/'unfast'/'unhook'/'untie' object(held,carried,in_room,on_ground) 'from' object
				! 'free'/'unatta'/'unfast'/'unhook'/'untie' object(held,carried,in_room,on_ground)
Action 136	Action136	! 'wait'/'z//'
Action 137	Action137	! 'awake'/'startl'/'surpri'/'wake' 'up'/'u//' attrib30(in_room,on_ground)
				! 'awake'/'startl'/'surpri'/'wake' attrib30(in_room,on_ground)
Action 138	Action138	! 'go'/'procee'/'run'/'step'/'walk' 'away' object
				! 'go'/'procee'/'run'/'step'/'walk' object
Action 139	Action139	! 'go'/'procee'/'run'/'step'/'walk' 'to' object
Action 140	Action140	! 'go'/'procee'/'run'/'step'/'walk' 'around' object
Action 141	Action141	! 'aim'/'brandi'/'point'/'wave' 'at' object
				! 'aim'/'brandi'/'point'/'wave' object(held,carried,take,have) 'at' object
				! 'aim'/'brandi'/'point'/'wave' object(held,carried,take,have)
Action 142	Action142	! 'win'/'winnag'
Action 143	Action143	! 'wind' 'up'/'u//' object
				! 'wind' object
Action 144	Action144	! 'wish'
Action 145	Action145	! 'scream'/'shout'/'yell'
Action 146	Action146	! 'zork'

Word	$ve	$ve
Word	across	across
Word	activa	activa
Word	advent	advent
Word	alembi	alembi
Word	animal	animal
Word	answer	answer
Word	antiqu	antiqu
Word	aquari	aquari
Word	around	around
Word	attach	attach
Word	attack	attack
Word	balloo	balloo
Word	banish	banish
Word	barred	barred
Word	baseba	baseba
Word	basket	basket
Word	beauti	beauti
Word	begone	begone
Word	behind	behind
Word	beneat	beneat
Word	blessi	blessi
Word	bottle	bottle
Word	braide	braide
Word	brandi	brandi
Word	breath	breath
Word	bridge	bridge
Word	brochu	brochu
Word	broken	broken
Word	bucket	bucket
Word	button	button
Word	cabine	cabine
Word	candie	candie
Word	candle	candle
Word	cerber	cerber
Word	circle	circle
Word	cobweb	cobweb
Word	collar	collar
Word	comman	comman
Word	compas	compas
Word	consum	consum
Word	crawlw	crawlw
Word	cretin	cretin
Word	crysta	crysta
Word	curtai	curtai
Word	damage	damage
Word	deflat	deflat
Word	degree	degree
Word	delica	delica
Word	dented	dented
Word	descri	descri
Word	destro	destro
Word	diagno	diagno
Word	diamon	diamon
Word	diplom	diplom
Word	disemb	disemb
Word	disenc	disenc
Word	dispat	dispat
Word	donate	donate
Word	dragon	dragon
Word	easter	easter
Word	elvish	elvish
Word	enchan	enchan
Word	enormo	enormo
Word	etchin	etchin
Word	examin	examin
Word	except	except
Word	exorci	exorci
Word	exting	exting
Word	fantas	fantas
Word	fasten	fasten
Word	feeble	feeble
Word	fermen	fermen
Word	fierce	fierce
Word	firepr	firepr
Word	flathe	flathe
Word	flowin	flowin
Word	fluore	fluore
Word	follow	follow
Word	foobar	foobar
Word	footpa	footpa
Word	forbid	forbid
Word	forest	forest
Word	freeze	freeze
Word	froboz	froboz
Word	froste	froste
Word	fumble	fumble
Word	gazebo	gazebo
Word	glacie	glacie
Word	glamdr	glamdr
Word	glossy	glossy
Word	glowin	glowin
Word	graces	graces
Word	grassh	grassh
Word	grease	grease
Word	ground	ground
Word	guardi	guardi
Word	handso	handso
Word	headed	headed
Word	hedges	hedges
Word	homunc	homunc
Word	hungry	hungry
Word	ignite	ignite
Word	imbibe	imbibe
Word	incant	incant
Word	incine	incine
Word	inflat	inflat
Word	injure	injure
Word	insert	insert
Word	inside	inside
Word	instru	instru
Word	intnum	intnum
Word	invent	invent
Word	keeper	keeper
Word	keyhol	keyhol
Word	knives	knives
Word	lanter	lanter
Word	launch	launch
Word	leathe	leathe
Word	letter	letter
Word	liquid	liquid
Word	liquif	liquif
Word	listen	listen
Word	little	little
Word	lizard	lizard
Word	lubric	lubric
Word	lurkin	lurkin
Word	magici	magici
Word	mangle	mangle
Word	marble	marble
Word	matchb	matchb
Word	matche	matche
Word	menhir	menhir
Word	molest	molest
Word	monste	monste
Word	mortar	mortar
Word	mosses	mosses
Word	mumble	mumble
Word	murder	murder
Word	myself	myself
Word	narrow	narrow
Word	neckla	neckla
Word	newspa	newspa
Word	nicked	nicked
Word	northe	northe
Word	northw	northw
Word	oblong	oblong
Word	obsidi	obsidi
Word	odysse	odysse
Word	opener	opener
Word	orange	orange
Word	orcris	orcris
Word	packag	packag
Word	painti	painti
Word	palant	palant
Word	passag	passag
Word	pearls	pearls
Word	pentag	pentag
Word	perfec	perfec
Word	pestle	pestle
Word	phosph	phosph
Word	pierce	pierce
Word	placem	placem
Word	portra	portra
Word	pricel	pricel
Word	prince	prince
Word	procee	procee
Word	punctu	punctu
Word	purple	purple
Word	pursue	pursue
Word	quanti	quanti
Word	r2d2	r2d2
Word	ravine	ravine
Word	recept	recept
Word	releas	releas
Word	remove	remove
Word	repair	repair
Word	repell	repell
Word	repent	repent
Word	restar	restar
Word	restor	restor
Word	ribbon	ribbon
Word	ricket	ricket
Word	riddle	riddle
Word	rotten	rotten
Word	sailor	sailor
Word	sapphi	sapphi
Word	scream	scream
Word	script	script
Word	search	search
Word	secret	secret
Word	secure	secure
Word	serpen	serpen
Word	shimme	shimme
Word	silent	silent
Word	sinist	sinist
Word	sorcer	sorcer
Word	southe	southe
Word	southw	southw
Word	sphere	sphere
Word	square	square
Word	squeez	squeez
Word	stairc	stairc
Word	stairs	stairs
Word	stairw	stairw
Word	stalac	stalac
Word	stalag	stalag
Word	stands	stands
Word	startl	startl
Word	statue	statue
Word	stradi	stradi
Word	strang	strang
Word	stream	stream
Word	strike	strike
Word	string	string
Word	struct	struct
Word	superb	superb
Word	surpri	surpri
Word	swallo	swallo
Word	swords	swords
Word	teapot	teapot
Word	temple	temple
Word	throug	throug
Word	thrust	thrust
Word	treasu	treasu
Word	triang	triang
Word	trophy	trophy
Word	tunnel	tunnel
Word	ulysse	ulysse
Word	unatta	unatta
Word	undern	undern
Word	unfast	unfast
Word	unhook	unhook
Word	unicor	unicor
Word	unlock	unlock
Word	unscri	unscri
Word	vellum	vellum
Word	velvet	velvet
Word	verbos	verbos
Word	versio	versio
Word	violin	violin
Word	volcan	volcan
Word	warnin	warnin
Word	wester	wester
Word	wicker	wicker
Word	windin	windin
Word	window	window
Word	winnag	winnag
Word	wizard	wizard
Word	wooden	wooden
Word	workbe	workbe
Word	zorkmi	zorkmi
Word	zurich	zurich
Word	zzmgck	zzmgck

Routine 0x4b72	routine19314:?
! References: obj217_hedge.prop15
Routine 0x4bd2	routine19410:?
Routine 0x4c22	routine19490:?
Routine 0x4c36	routine19510:?
Routine 0x4c68	routine19560:?
Routine 0x4c92	routine19602:?
! References: obj79_hole.prop15
Routine 0x4ce6	routine19686:?
! References: obj32_china_teapot.prop15
Routine 0x4d58	routine19800:?
! References: obj27_perfect_rose.prop15
Routine 0x4d6c	routine19820:?
! References: obj16_footpad.prop15
Routine 0x4dae	routine19886:?
! References: obj15_compass.prop15
Routine 0x4dc2	routine19906:?
Routine 0x4eb2	routine20146:?
! References: obj11_such_thing.prop15
Routine 0x4ebe	routine20158:?
Routine 0x4f34	routine20276:?
Routine 0x4fbc	routine20412:?
Routine 0x4fe4	routine20452:?
Routine 0x5022	routine20514:?
! References: obj188_stairs.prop15
Routine 0x5028	routine20520:?
! References: obj9_sailor.prop15
Routine 0x504c	routine20556:?
! References: obj8_ground.prop15
Routine 0x50a8	routine20648:?
! References: obj7_lurking_grue.prop15
Routine 0x50e0	routine20704:?
! References: obj5_you.prop15, obj13_pseudo.prop15
Routine 0x5208	routine21000:?
! References: obj3_way.prop15, obj249.prop6
Routine 0x52fa	routine21242:?
! References: obj2_zorkmid.prop15
Routine 0x533c	routine21308:?
Routine 0x5394	routine21396:?
Routine 0x539e	routine21406:?
Routine 0x53b8	routine21432:?
Routine 0x53c8	routine21448:?
Routine 0x5416	routine21526:?
Routine 0x542c	routine21548:?
Routine 0x5440	routine21568:?
Routine 0x547e	routine21630:?
Routine 0x54e4	routine21732:?
Routine 0x5740	routine22336:?
Routine 0x586c	routine22636:?
Routine 0x5b9a	routine23450:?
Routine 0x5bc0	routine23488:?
Routine 0x5da8	routine23976:?
Routine 0x5e32	routine24114:?
Routine 0x5fa0	routine24480:?
Routine 0x5fca	routine24522:?
Routine 0x5fe0	routine24544:?
Routine 0x602c	routine24620:?
Routine 0x6088	routine24712:?
Routine 0x623c	routine25148:?
Routine 0x625e	routine25182:?
Routine 0x62ba	routine25274:?
Routine 0x62d4	routine25300:?
Routine 0x6344	routine25412:?
Routine 0x6370	routine25456:?
Routine 0x6384	routine25476:?
Routine 0x63e8	routine25576:?
Routine 0x640a	routine25610:?
Routine 0x6430	routine25648:?
Routine 0x643c	routine25660:?
Routine 0x64b0	routine25776:?
Routine 0x6512	routine25874:?
Routine 0x6560	routine25952:?
Routine 0x66a8	routine26280:?
Routine 0x6868	routine26728:?
Routine 0x68ca	routine26826:?
Routine 0x693c	routine26940:?
Routine 0x6a0a	routine27146:?
Routine 0x6a3e	routine27198:?
Routine 0x6aa6	routine27302:?
Routine 0x6ac4	routine27332:?
Routine 0x6ae0	routine27360:?
Routine 0x6b88	routine27528:?
Routine 0x6c12	routine27666:?
Routine 0x6c3a	routine27706:?
Routine 0x6c52	routine27730:?
Routine 0x6cbc	routine27836:?
Routine 0x6ce4	routine27876:?
Routine 0x6d0c	routine27916:?
Routine 0x6d5a	Action0Sub:?
Routine 0x6d70	Action1Sub:?
Routine 0x6d86	Action2Sub:?
Routine 0x6da0	Action4Sub:?
Routine 0x6dbc	Action5Sub:?
Routine 0x6dfe	Action6Sub:?
Routine 0x6e42	Action7Sub:?
Routine 0x6e58	Action8Sub:?
Routine 0x6e68	Action10Sub:?
Routine 0x6e9c	Action11Sub:?
Routine 0x6ed0	Action12Sub:?
Routine 0x6fa4	Action13Sub:?
Routine 0x6fdc	Action14Sub:?
Routine 0x7006	Action97Sub:?
Routine 0x701e	Action16Sub:?
Routine 0x7076	Action137Sub:?
Routine 0x70b6	Action17Sub:?
Routine 0x70d6	Action20Sub:?
Routine 0x7174	Action21Sub:?
Routine 0x719a	Action22Sub:?
Routine 0x71b4	PreAction26Sub:?
Routine 0x7222	Action26Sub:?
Routine 0x7242	Action25Sub:?
Routine 0x724c	Action27Sub:?
Routine 0x7268	Action28Sub:?
! References: obj144_aquarium.prop17
Routine 0x7294	PreAction29Sub:?
Routine 0x72cc	Action29Sub:?
Routine 0x7324	Action30Sub:?
Routine 0x7330	Action32Sub:?
Routine 0x733a	Action33Sub:?
Routine 0x7344	Action34Sub:?
Routine 0x7364	Action31Sub:?
Routine 0x7416	Action36Sub:?
Routine 0x74ae	Action37Sub:?
! References: obj60_white_book.prop17, obj61_blue_book.prop17, obj62_green_book.prop17, obj63_purple_book.prop17
Routine 0x74d2	Action38Sub:?
Routine 0x7500	Action39Sub:?
Routine 0x750c	Action41Sub:?
Routine 0x7560	Action40Sub:?
Routine 0x75f4	Action42Sub:?
Routine 0x7600	Action45Sub:?
! References: obj22_Frobozz_Magic_Grue_Repellent.prop17
Routine 0x763e	Action46Sub:?
Routine 0x768e	Action47Sub:?
Routine 0x777c	Action48Sub:?
Routine 0x7784	Action49Sub:?
Routine 0x7790	PreAction50Sub:?
Routine 0x77a0	Action50Sub:?
Routine 0x77b2	Action52Sub:?
Routine 0x78a2	routine30882:?
Routine 0x78e8	Action53Sub:?
Routine 0x78fe	Action54Sub:?
Routine 0x7a8e	routine31374:?
Routine 0x7ac0	Action55Sub:?
Routine 0x7ac8	Action57Sub:?
Routine 0x7afc	Action56Sub:?
Routine 0x7b10	Action59Sub:?
Routine 0x7b22	PreAction60Sub:?
Routine 0x7b7c	Action60Sub:?
Routine 0x7bd0	Action61Sub:?
Routine 0x7c92	Action62Sub:?
Routine 0x7c9e	Action63Sub:?
Routine 0x7ccc	PreAction64Sub:?
Routine 0x7cfa	Action64Sub:?
Routine 0x7d28	Action66Sub:?
Routine 0x7d32	Action67Sub:?
Routine 0x7d94	Action68Sub:?
Routine 0x7e1a	Action24Sub:?
Routine 0x7e2a	Action69Sub:?
Routine 0x7e58	Action71Sub:?
Routine 0x7e62	Action73Sub:?
Routine 0x7e76	Action74Sub:?
Routine 0x7e98	Action23Sub:?
Routine 0x7ee8	Action15Sub:?
Routine 0x7f4e	Action75Sub:?
Routine 0x7f7e	Action76Sub:?
Routine 0x7f8c	Action70Sub:?
Routine 0x801e	Action77Sub:?
Routine 0x8026	Action78Sub:?
Routine 0x803a	Action79Sub:?
Routine 0x8048	Action80Sub:?
Routine 0x805a	Action83Sub:?
Routine 0x806c	Action58Sub:?
Routine 0x8106	Action81Sub:?
Routine 0x8124	Action82Sub:?
Routine 0x8132	Action85Sub:?
Routine 0x813c	Action87Sub:?
Routine 0x8146	Action88Sub:?
Routine 0x8164	PreAction89Sub:?
Routine 0x818c	Action89Sub:?
Routine 0x81b8	Action91Sub:?
Routine 0x81dc	PreAction43Sub:?
Routine 0x821e	Action43Sub:?
Routine 0x8234	Action92Sub:?
Routine 0x8240	Action86Sub:?
Routine 0x825a	Action44Sub:?
Routine 0x830c	Action129Sub:?
Routine 0x8318	Action93Sub:?
Routine 0x8324	Action95Sub:?
Routine 0x8332	Action96Sub:?
Routine 0x833e	Action98Sub:?
Routine 0x83a6	Action99Sub:?
Routine 0x83ce	Action100Sub:?
Routine 0x83f2	Action102Sub:?
Routine 0x83fc	Action101Sub:?
Routine 0x840e	PreAction19Sub:?
Routine 0x841e	Action19Sub:?
Routine 0x84ea	Action105Sub:?
! References: obj5_you.prop17
Routine 0x8502	Action51Sub:?
Routine 0x8534	Action103Sub:?
Routine 0x853e	Action106Sub:?
Routine 0x8546	Action107Sub:?
Routine 0x855e	PreAction84Sub:?
Routine 0x8596	Action84Sub:?
Routine 0x85b8	Action108Sub:?
Routine 0x85c2	Action109Sub:?
Routine 0x85d6	Action18Sub:?
Routine 0x85fe	Action110Sub:?
Routine 0x8614	Action111Sub:?
Routine 0x861e	Action113Sub:?
Routine 0x8696	Action114Sub:?
Routine 0x86a4	Action115Sub:?
Routine 0x86ca	PreAction65Sub:?
Routine 0x86d4	Action65Sub:?
Routine 0x86da	Action116Sub:?
Routine 0x8784	routine34692:?
Routine 0x87ac	Action117Sub:?
Routine 0x87b8	Action118Sub:?
Routine 0x87ca	Action119Sub:?
Routine 0x87d4	Action120Sub:?
Routine 0x87dc	Action122Sub:?
Routine 0x8810	Action121Sub:?
Routine 0x881a	Action72Sub:?
Routine 0x8850	Action123Sub:?
Routine 0x8876	Action124Sub:?
Routine 0x8888	Action125Sub:?
Routine 0x88d4	Action126Sub:?
Routine 0x8926	Action127Sub:?
Routine 0x893a	PreAction94Sub:?
Routine 0x89d0	Action94Sub:?
Routine 0x89f8	Action112Sub:?
Routine 0x8a56	Action35Sub:?
Routine 0x8b3c	Action128Sub:?
Routine 0x8b9e	Action130Sub:?
Routine 0x8bb4	Action131Sub:?
Routine 0x8be0	Action132Sub:?
Routine 0x8bfa	Action133Sub:?
Routine 0x8c14	PreAction90Sub:?
Routine 0x8c24	Action90Sub:?
Routine 0x8c30	Action134Sub:?
Routine 0x8c38	Action135Sub:?
Routine 0x8c4e	Action136Sub:?
Routine 0x8c74	Action138Sub:?
Routine 0x8da2	Action140Sub:?
Routine 0x8dbc	Action139Sub:?
Routine 0x8dea	Action141Sub:?
Routine 0x8df4	Action104Sub:?
Routine 0x8e10	Action142Sub:?
Routine 0x8e1a	Action143Sub:?
Routine 0x8e2c	Action144Sub:?
Routine 0x8e36	Action145Sub:?
Routine 0x8e46	Action146Sub:?
Routine 0x8e52	routine36434:?
Routine 0x8e64	routine36452:?
Routine 0x8f16	routine36630:?
Routine 0x8f5a	routine36698:?
Routine 0x903a	routine36922:?
! References: obj84_fancy_violin.prop17
Routine 0x908c	routine37004:?
Routine 0x91b2	routine37298:?
Routine 0x9214	routine37396:?
Routine 0x9224	routine37412:?
Routine 0x9236	routine37430:?
Routine 0x9250	routine37456:?
Routine 0x9258	routine37464:?
Routine 0x9270	routine37488:?
Routine 0x93c2	routine37826:?
Routine 0x9408	routine37896:?
Routine 0x9420	routine37920:?
Routine 0x9450	routine37968:?
Routine 0x947a	routine38010:?
Routine 0x94aa	routine38058:?
Routine 0x9638	routine38456:?
Routine 0x964e	routine38478:?
Routine 0x9676	routine38518:?
Routine 0x9684	routine38532:?
Routine 0x96a6	routine38566:?
Routine 0x96c4	routine38596:?
Routine 0x96e2	routine38626:?
Routine 0x96f2	routine38642:?
Routine 0x9702	routine38658:?
Routine 0x9728	routine38696:?
Routine 0x973a	routine38714:?
! References: obj23_sword.prop15
Routine 0x9746	routine38726:?
Routine 0x975e	routine38750:?
Routine 0x9826	routine38950:?
! References: obj138_Carousel_Room.prop15
Routine 0x9846	routine38982:?
! References: obj84_fancy_violin.prop15
Routine 0x994e	routine39246:?
Routine 0x997a	routine39290:?
! References: obj98_basket.prop6, obj98_basket.prop15
Routine 0x99b6	routine39350:?
Routine 0x9cfe	routine40190:?
Routine 0x9d1e	routine40222:?
Routine 0x9db0	routine40368:?
Routine 0x9dd6	routine40406:?
Routine 0x9eee	routine40686:?
! References: obj59_receptacle.prop15, obj87_cloth_bag.prop15
Routine 0x9f9e	routine40862:?
! References: obj95_braided_wire.prop15
Routine 0xa09c	routine41116:?
Routine 0xa124	routine41252:?
! References: obj125_Dusty_Room.prop15
Routine 0xa15e	routine41310:?
! References: obj96_box.prop15
Routine 0xa206	routine41478:?
! References: obj94_brick.prop15
Routine 0xa26a	routine41578:?
! References: obj52_black_string.prop15
Routine 0xa278	routine41592:?
Routine 0xa2aa	routine41642:?
Routine 0xa37c	routine41852:?
Routine 0xa3fc	routine41980:?
! References: obj126_Wide_Ledge.prop15
Routine 0xa492	routine42130:?
Routine 0xa508	routine42248:?
Routine 0xa510	routine42256:?
! References: obj99_Volcano_Gnome.prop15
Routine 0xa5d2	routine42450:?
Routine 0xa750	routine42832:?
! References: obj63_purple_book.prop15
Routine 0xa7a0	routine42912:?
! References: obj60_white_book.prop15, obj61_blue_book.prop15, obj62_green_book.prop15
Routine 0xa7c2	routine42946:?
! References: obj170_set_of_poled_heads.prop15
Routine 0xa7d8	routine42968:?
! References: obj174_Crypt_Anteroom.prop15
Routine 0xa816	routine43030:?
! References: obj172_Crypt.prop15
Routine 0xa8d2	routine43218:?
Routine 0xaa4c	routine43596:?
! References: obj169_marble_crypt.prop15
Routine 0xaac4	routine43716:?
! References: obj173_crypt_door.prop15
Routine 0xaaf0	routine43760:?
Routine 0xab02	routine43778:?
! References: obj171_secret_door.prop15
Routine 0xab0e	routine43790:?
! References: obj22_Frobozz_Magic_Grue_Repellent.prop15
Routine 0xab42	routine43842:?
Routine 0xac14	routine44052:?
! References: obj168_Landing.prop15
Routine 0xac38	routine44088:?
Routine 0xae76	routine44662:?
! References: obj30_quantity_of_salty_water.prop15, obj31_quantity_of_water.prop15, obj238_water.prop15
Routine 0xae82	routine44674:?
Routine 0xb02c	routine45100:?
! References: obj51_wooden_bucket.prop15
Routine 0xb050	routine45136:?
Routine 0xb176	routine45430:?
! References: obj116_Posts_Room.prop15
Routine 0xb188	routine45448:?
! References: obj71_cake_frosted_with_green_letters.prop15
Routine 0xb1c4	routine45508:?
Routine 0xb254	routine45652:?
! References: obj68_cake_frosted_with_red_letters.prop15, obj69_cake_frosted_with_orange_letters.prop15, obj70_cake_frosted_with_blue_letters.prop15
Routine 0xb28e	routine45710:?
! References: obj55_package_of_candy.prop15
Routine 0xb498	routine46232:?
! References: obj54_wall_with_etchings.prop15
Routine 0xb562	routine46434:?
! References: obj53_wall_with_etchings.prop15
Routine 0xb5ca	routine46538:?
! References: obj46_large_stone_cube.prop15
Routine 0xb60e	routine46606:?
Routine 0xb67c	routine46716:?
Routine 0xb68c	routine46732:?
! References: obj66_pool_of_tears.prop15
Routine 0xb69e	routine46750:?
! References: obj81_stoppered_glass_flask_filled_with_liquid.prop15
Routine 0xb6f0	routine46832:?
! References: obj67_leak.prop15
Routine 0xb7aa	routine47018:?
Routine 0xb7d4	routine47060:?
! References: obj123_Low_Room.prop15
Routine 0xb7e6	routine47078:?
! References: obj123_Low_Room.out_to, obj123_Low_Room.southw_to, obj123_Low_Room.se_to, obj123_Low_Room.northw_to, obj123_Low_Room.ne_to, obj123_Low_Room.s_to, obj123_Low_Room.w_to, obj123_Low_Room.e_to, obj123_Low_Room.n_to
Routine 0xb8a2	routine47266:?
! References: obj89_triangular_button.prop15, obj90_square_button.prop15, obj91_round_button.prop15
Routine 0xb8e6	routine47334:?
! References: obj85_red_crystal_sphere.prop15
Routine 0xb9a4	routine47524:?
Routine 0xba6a	routine47722:?
! References: obj120_Cage.prop15
Routine 0xba84	routine47748:?
! References: obj58_robot.prop15
Routine 0xba90	routine47760:?
! References: obj49_stack_of_zorkmid_bills.prop15
Routine 0xbd42	routine48450:?
! References: obj107_Safety_Depository.e_to
Routine 0xbd76	routine48502:?
! References: obj107_Safety_Depository.w_to
Routine 0xbdb8	routine48568:?
! References: obj107_Safety_Depository.prop15
Routine 0xbdc0	routine48576:?
! References: obj112_East_Teller_s_Room.prop15, obj113_West_Teller_s_Room.prop15
Routine 0xbdd0	routine48592:?
! References: obj45_shimmering_curtain_of_light.prop15
Routine 0xbe96	routine48790:?
Routine 0xbeee	routine48878:?
! References: obj232_north_wall.prop15, obj233_south_wall.prop15, obj234_west_wall.prop15, obj235_east_wall.prop15
Routine 0xbf08	routine48904:?
Routine 0xbf2a	routine48938:?
Routine 0xbf44	routine48964:?
Routine 0xbf9e	routine49054:?
Routine 0xbfdc	routine49116:?
Routine 0xc032	routine49202:?
! References: obj44_Gnome_of_Zurich.prop15
Routine 0xc158	routine49496:?
Routine 0xc34c	routine49996:?
Routine 0xc3ae	routine50094:?
Routine 0xc3c8	routine50120:?
! References: obj100_Tiny_Room.prop15
Routine 0xc3fa	routine50170:?
! References: obj103_Dreary_Room.prop15
Routine 0xc44c	routine50252:?
Routine 0xc4c6	routine50374:?
Routine 0xc4fc	routine50428:?
Routine 0xc5e8	routine50664:?
Routine 0xc5f6	routine50678:?
! References: obj38_keyhole.prop15, obj39_keyhole.prop15
Routine 0xc610	routine50704:?
! References: obj42_metal_lid.prop15, obj43_metal_lid.prop15
Routine 0xc700	routine50944:?
Routine 0xc784	routine51076:?
! References: obj35_blue_crystal_sphere.prop15, obj143_clear_crystal_sphere.prop15, obj157_black_crystal_sphere.prop15
Routine 0xc7a0	routine51104:?
! References: obj17_Room_of_Black_Mist.prop15, obj18_Room_of_White_Mist.prop15, obj19_Room_of_Blue_Mist.prop15, obj21_Room_of_Red_Mist.prop15
Routine 0xc806	routine51206:?
! References: obj20_sphere.prop15
Routine 0xcba4	routine52132:?
Routine 0xcbc6	routine52166:?
! References: obj101_barred_window.prop15
Routine 0xcd3c	routine52540:?
! References: obj102_door_made_of_oak.prop15
Routine 0xcd84	routine52612:?
! References: obj36_rusty_iron_key.prop15
Routine 0xceae	routine52910:?
! References: obj33_place_mat.prop15
Routine 0xcec8	routine52936:?
! References: obj237_wish.prop15
Routine 0xcf50	routine53072:?
! References: obj236_well.prop15
Routine 0xcfbc	routine53180:?
! References: obj105_matchbook.prop15
Routine 0xd000	routine53248:?
Routine 0xd0d0	routine53456:?
! References: obj76_lamp.prop15
Routine 0xd0e8	routine53480:?
Routine 0xd1b4	routine53684:?
! References: obj137_Riddle_Room.prop15
Routine 0xd21a	routine53786:?
! References: obj136_stone_door.prop15
Routine 0xd3a0	routine54176:?
Routine 0xd3fe	routine54270:?
Routine 0xd416	routine54294:?
Routine 0xd6c4	routine54980:?
Routine 0xd732	routine55090:?
Routine 0xd77e	routine55166:?
! References: obj186_diamond_shaped_window.prop15
Routine 0xd7b8	routine55224:?
! References: obj178_Oddly_angled_Room.prop15, obj179_Oddly_angled_Room.prop15, obj180_Oddly_angled_Room.prop15, obj181_Oddly_angled_Room.prop15, obj182_Oddly_angled_Room.prop15, obj183_Oddly_angled_Room.prop15, obj184_Oddly_angled_Room.prop15, obj185_Oddly_angled_Room.prop15, obj187_Oddly_angled_Room.prop15
Routine 0xd804	routine55300:?
Routine 0xd9be	routine55742:?
! References: obj175_three_headed_dog.prop15
Routine 0xda2e	routine55854:?
! References: obj191_gigantic_dog_collar.prop15
Routine 0xdcee	routine56558:?
! References: obj82_glacier.prop15
Routine 0xdd10	routine56592:?
! References: obj200_Ice_Room.prop15
Routine 0xdd38	routine56632:?
! References: obj207_huge_red_dragon.prop15
Routine 0xdddc	routine56796:?
Routine 0xdff2	routine57330:?
Routine 0xe01c	routine57372:?
Routine 0xe056	routine57430:?
Routine 0xe4b8	routine58552:?
Routine 0xe4cc	routine58572:?
! References: obj218_Topiary.prop15, obj219_Formal_Garden.prop15, obj222_North_End_of_Garden.prop15
Routine 0xe62e	routine58926:?
! References: obj224_unicorn.prop15
Routine 0xe644	routine58948:?
! References: obj28_ribbon.prop15, obj29_delicate_gold_key.prop15, obj223_unicorn.prop15
Routine 0xe6a2	routine59042:?
! References: obj221_gazebo.prop15
Routine 0xe7d0	routine59344:?
! References: obj209_rotten_wooden_chest.prop15
Routine 0xe806	routine59398:?
! References: obj204_beautiful_princess.prop15, obj205_beautiful_princess.prop15
Routine 0xe8ce	routine59598:?
Routine 0xea90	routine60048:?
Routine 0xecac	routine60588:?
! References: obj195_Menhir_Room.prop15
Routine 0xee2a	routine60970:?
Routine 0xef14	routine61204:?
! References: obj194_enormous_menhir.prop15
Routine 0xf080	routine61568:?
! References: obj166_lizard.prop15
Routine 0xf1fa	routine61946:?
! References: obj197_door_partly_covered_in_cobwebs.prop15
Routine 0xf44a	routine62538:?
! References: obj167_Guarded_Room.prop15
Routine 0xf5b0	routine62896:?
! References: obj165_Wizard_s_Workshop.prop15
Routine 0xf6ca	routine63178:?
! References: obj163_arcane_item.prop15
Routine 0xf74a	routine63306:?
! References: obj152_small_bottles.prop15, obj153_nicked_swords.prop15, obj154_set_of_used_wands.prop15, obj155_degree.prop15
Routine 0xf78a	routine63370:?
! References: obj158_black_obsidian_stand.prop15, obj159_diamond_stand.prop15, obj160_sapphire_stand.prop15, obj161_ruby_stand.prop15
Routine 0xf7ca	routine63434:?
! References: obj142_Murky_Room.prop15
Routine 0xf920	routine63776:?
! References: obj144_aquarium.prop15
Routine 0xf9ec	routine63980:?
! References: obj141_baby_sea_serpent.prop15
Routine 0xfc46	routine64582:?
! References: obj140_dead_sea_serpent.prop15
Routine 0xfcec	routine64748:?
! References: obj26_demon.prop15
Routine 0xfd1a	routine64794:?
Routine 0x1059c	routine66972:?
Routine 0x105c8	routine67016:?
! References: obj146_pentagram.prop15
Routine 0x105e6	routine67046:?
! References: obj25_Wizard_of_Frobozz.prop15
Routine 0x1083e	routine67646:?
Routine 0x10ab2	routine68274:?
Routine 0x11214	routine70164:?
Routine 0x11240	routine70208:?
! References: obj149_Wizard_s_trophy_cabinet.prop15, obj150_Wizard_s_trophy_cabinet.prop15
Routine 0x1126c	routine70252:?
! References: obj24_Wizard_s_magic_wand.prop15
Routine 0x11310	routine70416:?
Routine 0x114d6	routine70870:?
! References: obj139_Wizard_s_Quarters.prop15
Routine 0x1150e	routine70926:?
! References: obj245_bridge.prop15
Routine 0x11552	routine70994:?
! References: obj250_stream.prop15
Routine 0x1156a	routine71018:?
! References: obj248_chasm.prop15
Routine 0x115a0	routine71072:?
! References: obj244_tunnel.prop15
Routine 0x1161c	routine71196:?
Routine 0x11636	routine71222:?
! References: obj247_mosses.prop15
Routine 0x11664	routine71268:?
! References: obj246_roses.prop15
Routine 0x116aa	routine71338:?
Routine 0x116f6	routine71414:?
Routine 0x11712	Action3Sub:?
Routine 0x117c4	Action9Sub:?
Routine 0x118ce	routine71886:?
Routine 0x119be	routine72126:?
Routine 0x11a22	routine72226:?
Routine 0x11a72	routine72306:?
! References: obj51_wooden_bucket.prop4
Routine 0x11a8a	routine72330:?
Routine 0x11ab2	routine72370:?
