! Auto-generated by Reform.

MD5	ffda9ee2d428fa2fa8e75a1914ff6959

Object 1	obj1_Flathead_Ocean
Object 2	obj2_heavy_but_invisible_liquid
Object 3	obj3_vial
Object 4	obj4_sailor
Object 5	obj5_Viking_Ship
Object 6	obj6_indicator
Object 7	obj7_strange_key
Object 8	obj8_manhole_cover
Object 9	obj9_Water_Slide
Object 10	obj10_High_Arch
Object 11	obj11_Aqueduct
Object 12	obj12_Key_Room
Object 13	obj13_Dark_Place
Object 14	obj14_Dark_Place
Object 15	obj15_Southern_Shore
Object 16	obj16_Sacrificial_Altar
Object 17	obj17_Frobozz_Magic_Grue_Repellent
Object 18	obj18_Room_8
Object 19	obj19_Machine_Room
Object 20	obj20_Drafty_Room
Object 21	obj21_Dead_End
Object 22	obj22_Ladder_Bottom
Object 23	obj23_wooden_ladder
Object 24	obj24_Ladder_Top
Object 25	obj25_Timber_Room
Object 26	obj26_broken_timber
Object 27	obj27_man
Object 28	obj28_pile_of_assorted_valuables
Object 29	obj29_chest
Object 30	obj30_broken_staff
Object 31	obj31_wooden_staff
Object 32	obj32_tree
Object 33	obj33_rope
Object 34	obj34_piece_of_waybread
Object 35	obj35_shiny_object
Object 36	obj36_plants_and_algae
Object 37	obj37_lamp
Object 38	obj38_sand
Object 39	obj39_golden_amulet
Object 40	obj40_burned_out_torch
Object 41	obj41_torch
Object 42	obj42_viewing_table
Object 43	obj43_Scenic_Vista
Object 44	obj44_reeds
Object 45	obj45_Western_Shore
Object 46	obj46_Underwater
Object 47	obj47_fish
Object 48	obj48_On_the_Lake
Object 49	obj49_aqueduct
Object 50	obj50_Aqueduct_View
Object 51	obj51_lake
Object 52	obj52_Lake_Shore
Object 53	obj53_Foggy_Room
Object 54	obj54_rope
Object 55	obj55_Cliff_Ledge
Object 56	obj56_cliff
Object 57	obj57_man
Object 58	obj58_Cliff
Object 59	obj59_ledge
Object 60	obj60_Cliff_Base
Object 61	obj61_Hairpin_Loop
Object 62	obj62_Barren_Area
Object 63	obj63_Junction
Object 64	obj64_Endless_Stair
Object 65	obj65_cloak
Object 66	obj66_hood
Object 67	obj67_hooded_figure
Object 68	obj68_Flathead_Ocean
Object 69	obj69_Land_of_Shadow
Object 70	obj70_Land_of_Shadow
Object 71	obj71_Land_of_Shadow
Object 72	obj72_Land_of_Shadow
Object 73	obj73_Land_of_Shadow
Object 74	obj74_Land_of_Shadow
Object 75	obj75_stone_wall
Object 76	obj76_Land_of_Shadow
Object 77	obj77_Land_of_Shadow
Object 78	obj78_Creepy_Crawl
Object 79	obj79_bronze_plaque
Object 80	obj80_plaque
Object 81	obj81_steel_cage
Object 82	obj82_golden_ring
Object 83	obj83_jewelled_knife
Object 84	obj84_pedestal
Object 85	obj85_sceptre
Object 86	obj86_dial
Object 87	obj87_seat
Object 88	obj88_button
Object 89	obj89_black_machine
Object 90	obj90_grey_machine
Object 91	obj91_gold_machine
Object 92	obj92_Museum_Entrance
Object 93	obj93_Jewel_Room
Object 94	obj94_robot
Object 95	obj95_Technology_Museum
Object 96	obj96_Technology_Museum
Object 97	obj97_Jewel_Room
Object 98	obj98_Museum_Entrance
Object 99	obj99_Side_Room
Object 100	obj100_Royal_Puzzle_Entrance
Object 101	obj101_Technology_Museum
Object 102	obj102_Jewel_Room
Object 103	obj103_wooden_door
Object 104	obj104_stone_door
Object 105	obj105_Museum_Entrance
Object 106	obj106_cleft
Object 107	obj107_iron_door
Object 108	obj108_Great_Door
Object 109	obj109_Royal_Seal_of_Dimwit_Flathead
Object 110	obj110_Royal_Hall
Object 111	obj111_rock_structure
Object 112	obj112_Crystal_Grotto
Object 113	obj113_Tight_Squeeze
Object 114	obj114_voices
Object 115	obj115_hole
Object 116	obj116_old_man
Object 117	obj117_wooden_bar
Object 118	obj118_white_panel
Object 119	obj119_yellow_panel
Object 120	obj120_sundial
Object 121	obj121_short_pole
Object 122	obj122_red_panel
Object 123	obj123_red_button
Object 124	obj124_red_beam_of_light
Object 125	obj125_pine_panel
Object 126	obj126_mahogany_panel
Object 127	obj127_long_pole
Object 128	obj128_large_button
Object 129	obj129_compass_arrow
Object 130	obj130_black_panel
Object 131	obj131_T_bar
Object 132	obj132_runes
Object 133	obj133_Treasury_of_Zork
Object 134	obj134_cell_door
Object 135	obj135_Prison_Cell
Object 136	obj136_cell_door
Object 137	obj137_Prison_Cell
Object 138	obj138_Prison_Cell
Object 139	obj139_Parapet
Object 140	obj140_flaming_pit
Object 141	obj141_parapet
Object 142	obj142_cell_door
Object 143	obj143_North_Corridor
Object 144	obj144_Dungeon_Entrance
Object 145	obj145_wooden_door
Object 146	obj146_bronze_door
Object 147	obj147_South_Corridor
Object 148	obj148_West_Corridor
Object 149	obj149_East_Corridor
Object 150	obj150_channel
Object 151	obj151_moss_and_lichen
Object 152	obj152_Damp_Passage
Object 153	obj153_Dead_End
Object 154	obj154_Engravings_Room
Object 155	obj155_Beam_Room
Object 156	obj156_secret_door
Object 157	obj157_Button_Room
Object 158	obj158_Inside_Mirror
Object 159	obj159_Narrow_Room
Object 160	obj160_Narrow_Room
Object 161	obj161_Narrow_Room
Object 162	obj162_Narrow_Room
Object 163	obj163_Narrow_Room
Object 164	obj164_Narrow_Room
Object 165	obj165_Narrow_Room
Object 166	obj166_Narrow_Room
Object 167	obj167_Narrow_Room
Object 168	obj168_Narrow_Room
Object 169	obj169_Hallway
Object 170	obj170_Hallway
Object 171	obj171_Hallway
Object 172	obj172_Hallway
Object 173	obj173_wooden_wall
Object 174	obj174_Hallway
Object 175	obj175_stone_channel
Object 176	obj176_panel
Object 177	obj177_mirror
Object 178	obj178_Narrow_Corridor
Object 179	obj179_dungeon_master
Object 180	obj180_dungeon_master
Object 181	obj181_compass_rose
Object 182	obj182_Guardians_of_Zork
Object 183	obj183_direction
Object 184	obj184_number
Object 185	obj185_very_ancient_book
Object 186	obj186_small_slot
Object 187	obj187_warning_note
Object 188	obj188_southern_wall
Object 189	obj189_northern_wall
Object 190	obj190_western_wall
Object 191	obj191_eastern_wall
Object 192	obj192_ladder
Object 193	obj193_Room_in_a_Puzzle
Object 194	obj194_steel_door
Object 195	obj195_Side_Room
Object 196	obj196_great_rock
Object 197	obj197_sword
Object 198	obj198_lamp
Object 199	obj199_broken_brass_lantern
Object 200	obj200_you
Object 201	obj201_Royal_Puzzle_Entrance
Object 202	obj202_cretin
Object 203	obj203_water
Object 204	obj204_northern_wall
Object 205	obj205_western_wall
Object 206	obj206_southern_wall
Object 207	obj207_eastern_wall
Object 208	obj208_pair_of_hands
Object 209	obj209_lurking_grue
Object 210	obj210_ground
Object 211	obj211_tunnel
Object 212	obj212_way
Object 213	obj213_chasm
Object 214	obj214_dust_and_debris
Object 215	obj215_rubble
Object 216	obj216_stairs
Object 217	obj217_blessings
Object 218	obj218_random_object
Object 219	obj219_pseudo
Object 220	obj220
Object 221	obj221
Object 222	obj222

Attribute 4	attrib4			! obj39_golden_amulet obj65_cloak obj66_hood obj82_golden_ring
Attribute 5	attrib5			! obj34_piece_of_waybread
Attribute 6	attrib6			! obj41_torch
Attribute 7	attrib7			! obj1_Flathead_Ocean obj87_seat obj91_gold_machine
Attribute 8	attrib8			! obj86_dial obj120_sundial
Attribute 9	attrib9			! obj103_wooden_door obj104_stone_door obj106_cleft obj107_iron_door obj142_cell_door obj145_wooden_door obj146_bronze_door obj156_secret_door
Attribute 10	attrib10		! obj3_vial obj27_man obj29_chest obj67_hooded_figure obj81_steel_cage obj84_pedestal obj87_seat obj91_gold_machine obj103_wooden_door obj104_stone_door obj107_iron_door obj124_red_beam_of_light obj142_cell_door obj145_wooden_door obj146_bronze_door obj156_secret_door obj196_great_rock
Attribute 11	attrib11		! obj27_man obj57_man obj67_hooded_figure obj116_old_man obj177_mirror obj179_dungeon_master obj180_dungeon_master
Attribute 12	attrib12		! obj27_man obj67_hooded_figure obj81_steel_cage obj84_pedestal obj87_seat obj91_gold_machine obj103_wooden_door obj106_cleft obj124_red_beam_of_light obj186_small_slot obj196_great_rock
Attribute 13	attrib13		! obj187_warning_note
Attribute 14	attrib14		! obj6_indicator obj17_Frobozz_Magic_Grue_Repellent obj79_bronze_plaque obj80_plaque obj109_Royal_Seal_of_Dimwit_Flathead obj132_runes obj185_very_ancient_book obj187_warning_note
Attribute 15	attrib15		! obj9_Water_Slide obj10_High_Arch obj11_Aqueduct obj12_Key_Room obj15_Southern_Shore obj16_Sacrificial_Altar obj41_torch obj43_Scenic_Vista obj45_Western_Shore obj46_Underwater obj48_On_the_Lake obj50_Aqueduct_View obj52_Lake_Shore obj55_Cliff_Ledge obj58_Cliff obj60_Cliff_Base obj64_Endless_Stair obj68_Flathead_Ocean obj92_Museum_Entrance obj93_Jewel_Room obj95_Technology_Museum obj96_Technology_Museum obj97_Jewel_Room obj98_Museum_Entrance obj99_Side_Room obj100_Royal_Puzzle_Entrance obj101_Technology_Museum obj102_Jewel_Room obj105_Museum_Entrance obj112_Crystal_Grotto obj133_Treasury_of_Zork obj135_Prison_Cell obj137_Prison_Cell obj138_Prison_Cell obj139_Parapet obj143_North_Corridor obj144_Dungeon_Entrance obj147_South_Corridor obj148_West_Corridor obj149_East_Corridor obj155_Beam_Room obj157_Button_Room obj158_Inside_Mirror obj159_Narrow_Room obj160_Narrow_Room obj161_Narrow_Room obj162_Narrow_Room obj163_Narrow_Room obj164_Narrow_Room obj165_Narrow_Room obj166_Narrow_Room obj167_Narrow_Room obj168_Narrow_Room obj169_Hallway obj170_Hallway obj171_Hallway obj172_Hallway obj174_Hallway obj178_Narrow_Corridor obj193_Room_in_a_Puzzle obj195_Side_Room obj201_Royal_Puzzle_Entrance
Attribute 16	attrib16		! obj9_Water_Slide obj10_High_Arch obj11_Aqueduct obj12_Key_Room obj13_Dark_Place obj14_Dark_Place obj15_Southern_Shore obj16_Sacrificial_Altar obj18_Room_8 obj19_Machine_Room obj20_Drafty_Room obj21_Dead_End obj22_Ladder_Bottom obj24_Ladder_Top obj25_Timber_Room obj43_Scenic_Vista obj45_Western_Shore obj46_Underwater obj48_On_the_Lake obj50_Aqueduct_View obj52_Lake_Shore obj53_Foggy_Room obj55_Cliff_Ledge obj58_Cliff obj60_Cliff_Base obj61_Hairpin_Loop obj62_Barren_Area obj63_Junction obj64_Endless_Stair obj68_Flathead_Ocean obj69_Land_of_Shadow obj70_Land_of_Shadow obj71_Land_of_Shadow obj72_Land_of_Shadow obj73_Land_of_Shadow obj74_Land_of_Shadow obj76_Land_of_Shadow obj77_Land_of_Shadow obj78_Creepy_Crawl obj92_Museum_Entrance obj93_Jewel_Room obj95_Technology_Museum obj96_Technology_Museum obj97_Jewel_Room obj98_Museum_Entrance obj99_Side_Room obj100_Royal_Puzzle_Entrance obj101_Technology_Museum obj102_Jewel_Room obj105_Museum_Entrance obj108_Great_Door obj110_Royal_Hall obj112_Crystal_Grotto obj113_Tight_Squeeze obj133_Treasury_of_Zork obj135_Prison_Cell obj137_Prison_Cell obj138_Prison_Cell obj139_Parapet obj143_North_Corridor obj144_Dungeon_Entrance obj147_South_Corridor obj148_West_Corridor obj149_East_Corridor obj152_Damp_Passage obj153_Dead_End obj154_Engravings_Room obj155_Beam_Room obj157_Button_Room obj158_Inside_Mirror obj159_Narrow_Room obj160_Narrow_Room obj161_Narrow_Room obj162_Narrow_Room obj163_Narrow_Room obj164_Narrow_Room obj165_Narrow_Room obj166_Narrow_Room obj167_Narrow_Room obj168_Narrow_Room obj169_Hallway obj170_Hallway obj171_Hallway obj172_Hallway obj174_Hallway obj178_Narrow_Corridor obj193_Room_in_a_Puzzle obj195_Side_Room obj201_Royal_Puzzle_Entrance
Attribute 17	attrib17		! obj33_rope obj35_shiny_object obj65_cloak obj66_hood obj197_sword
Attribute 18	attrib18		! obj197_sword
Attribute 19	attrib19		! obj41_torch obj198_lamp
Attribute 20	attrib20		! obj3_vial obj7_strange_key obj17_Frobozz_Magic_Grue_Repellent obj26_broken_timber obj28_pile_of_assorted_valuables obj29_chest obj30_broken_staff obj31_wooden_staff obj34_piece_of_waybread obj37_lamp obj39_golden_amulet obj40_burned_out_torch obj41_torch obj65_cloak obj66_hood obj82_golden_ring obj83_jewelled_knife obj85_sceptre obj185_very_ancient_book obj187_warning_note obj197_sword obj198_lamp obj199_broken_brass_lantern
Attribute 21	attrib21		! obj27_man obj67_hooded_figure obj116_old_man obj179_dungeon_master obj182_Guardians_of_Zork obj200_you obj202_cretin
Attribute 22	attrib22		! obj203_water
Attribute 23	attrib23		! obj183_direction obj184_number obj208_pair_of_hands
Attribute 24	attrib24		! obj23_wooden_ladder obj216_stairs
Attribute 25	attrib25		! obj1_Flathead_Ocean obj4_sailor obj5_Viking_Ship obj6_indicator obj8_manhole_cover obj23_wooden_ladder obj28_pile_of_assorted_valuables obj32_tree obj33_rope obj35_shiny_object obj36_plants_and_algae obj38_sand obj39_golden_amulet obj42_viewing_table obj44_reeds obj47_fish obj59_ledge obj65_cloak obj66_hood obj75_stone_wall obj79_bronze_plaque obj80_plaque obj81_steel_cage obj82_golden_ring obj83_jewelled_knife obj84_pedestal obj85_sceptre obj86_dial obj87_seat obj88_button obj109_Royal_Seal_of_Dimwit_Flathead obj111_rock_structure obj114_voices obj115_hole obj117_wooden_bar obj118_white_panel obj119_yellow_panel obj120_sundial obj121_short_pole obj122_red_panel obj123_red_button obj124_red_beam_of_light obj125_pine_panel obj126_mahogany_panel obj127_long_pole obj128_large_button obj129_compass_arrow obj130_black_panel obj131_T_bar obj132_runes obj134_cell_door obj136_cell_door obj140_flaming_pit obj141_parapet obj145_wooden_door obj186_small_slot obj188_southern_wall obj189_northern_wall obj190_western_wall obj191_eastern_wall obj194_steel_door obj202_cretin obj204_northern_wall obj205_western_wall obj206_southern_wall obj207_eastern_wall obj208_pair_of_hands obj211_tunnel obj212_way obj213_chasm obj214_dust_and_debris obj215_rubble obj216_stairs obj217_blessings obj218_random_object
Attribute 26	attrib26		! obj81_steel_cage obj84_pedestal obj87_seat obj222
Attribute 27	attrib27		! obj222
Attribute 28	attrib28		! obj5_Viking_Ship obj106_cleft obj146_bronze_door obj156_secret_door obj202_cretin obj222
Attribute 29	attrib29		! obj222
Attribute 30	attrib30		! obj67_hooded_figure obj222
Attribute 31	attrib31		! obj222

Property 3	enter_to:exit
Property 4	prop4:string
Property 5	prop5:?
Property 6	prop6:string
Property 7	prop7:?
Property 8	prop8:?
Property 9	prop9:string
Property 10	prop10:?
Property 11	prop11:?
Property 12	prop12:?
Property 13	prop13:?
Property 14	prop14:?
Property 15	prop15:?
Property 16	prop16:?
Property 17	prop17:dictwords
Property 20	out_to:exit
Property 22	d_to:exit
Property 23	u_to:exit
Property 24	southw_to:exit
Property 25	se_to:exit
Property 26	northw_to:exit
Property 27	ne_to:exit
Property 28	s_to:exit
Property 29	w_to:exit
Property 30	e_to:exit
Property 31	n_to:exit

Global 0	global0:?
Global 1	global1:?
Global 2	global2:?
Global 3	global3:?
Global 4	global4:?
Global 5	global5:?
Global 6	global6:?
Global 7	global7:?
Global 8	global8:?
Global 9	global9:?
Global 10	global10:?
Global 11	global11:?
Global 12	global12:?
Global 13	global13:?
Global 14	global14:?
Global 15	global15:?
Global 16	global16:?
Global 17	global17:?
Global 18	global18:?
Global 19	global19:?
Global 20	global20:?
Global 21	global21:?
Global 22	global22:?
Global 23	global23:?
Global 24	global24:?
Global 25	global25:?
Global 26	global26:?
Global 27	global27:?
Global 28	global28:?
Global 29	global29:?
Global 30	global30:?
Global 31	global31:?
Global 32	global32:?
Global 33	global33:?
Global 34	global34:?
Global 35	global35:?
Global 36	global36:?
Global 37	global37:?
Global 38	global38:?
Global 39	global39:?
Global 40	global40:?
Global 41	global41:?
Global 42	global42:?
Global 43	global43:?
Global 44	global44:?
Global 45	global45:?
Global 46	global46:?
Global 47	global47:?
Global 48	global48:?
Global 49	global49:?
Global 50	global50:?
Global 51	global51:?
Global 52	global52:?
Global 53	global53:?
Global 54	global54:?
Global 55	global55:?
Global 56	global56:?
Global 57	global57:?
Global 58	global58:?
Global 59	global59:?
Global 60	global60:?
Global 61	global61:?
Global 62	global62:?
Global 63	global63:?
Global 64	global64:?
Global 65	global65:?
Global 66	global66:?
Global 67	global67:?
Global 68	global68:?
Global 69	global69:?
Global 70	global70:?
Global 71	global71:?
Global 72	global72:?
Global 73	global73:?
Global 74	global74:?
Global 75	global75:?
Global 76	global76:?
Global 77	global77:?
Global 78	global78:?
Global 79	global79:?
Global 80	global80:?
Global 81	global81:?
Global 82	global82:?
Global 83	global83:?
Global 84	global84:?
Global 85	global85:?
Global 86	global86:?
Global 87	global87:?
Global 88	global88:?
Global 89	global89:?
Global 90	global90:?
Global 91	global91:?
Global 92	global92:?
Global 93	global93:?
Global 94	global94:?
Global 95	global95:?
Global 96	global96:?
Global 97	global97:?
Global 98	global98:?
Global 99	global99:?
Global 100	global100:?
Global 101	global101:?
Global 102	global102:?
Global 103	global103:?
Global 104	global104:?
Global 105	global105:?
Global 106	global106:?
Global 107	global107:?
Global 108	global108:?
Global 109	global109:?
Global 110	global110:?
Global 111	global111:?
Global 112	global112:?
Global 113	global113:?
Global 114	global114:?
Global 115	global115:?
Global 116	global116:?
Global 117	global117:?
Global 118	global118:?
Global 119	global119:?
Global 120	global120:?
Global 121	global121:?
Global 122	global122:?
Global 123	global123:?
Global 124	global124:?
Global 125	global125:?
Global 126	global126:?
Global 127	global127:?
Global 128	global128:?
Global 129	global129:?
Global 130	global130:?
Global 131	global131:?
Global 132	global132:?
Global 133	global133:?
Global 134	global134:?
Global 135	global135:?
Global 136	global136:?
Global 137	global137:?
Global 138	global138:?
Global 139	global139:?
Global 140	global140:?
Global 141	global141:?
Global 142	global142:?
Global 143	global143:?
Global 144	global144:?
Global 145	global145:?
Global 146	global146:?
Global 147	global147:?
Global 148	global148:?
Global 149	global149:?
Global 150	global150:?
Global 151	global151:?
Global 152	global152:?
Global 153	global153:?
Global 154	global154:?
Global 155	global155:?
Global 156	global156:?
Global 157	global157:?
Global 158	global158:?
Global 159	global159:?
Global 160	global160:?
Global 161	global161:?
Global 162	global162:?
Global 163	global163:?
Global 164	global164:?
Global 165	global165:?
Global 166	global166:?
Global 167	global167:?
Global 168	global168:?
Global 169	global169:?
Global 170	global170:?
Global 171	global171:?
Global 172	global172:?
Global 173	global173:?
Global 174	global174:?
Global 175	global175:?
Global 176	global176:?
Global 177	global177:?
Global 178	global178:?
Global 179	global179:?
Global 180	global180:?
Global 181	global181:?
Global 182	global182:?
Global 183	global183:?
Global 184	global184:?
Global 185	global185:?
Global 186	global186:?
Global 187	global187:?
Global 188	global188:?
Global 189	global189:?
Global 190	global190:?
Global 191	global191:?
Global 192	global192:?
Global 193	global193:?
Global 194	global194:?
Global 195	global195:?
Global 196	global196:?
Global 197	global197:?
Global 198	global198:?
Global 199	global199:?
Global 200	global200:?
Global 201	global201:?
Global 202	global202:?
Global 203	global203:?
Global 204	global204:?
Global 205	global205:?
Global 206	global206:?
Global 207	global207:?
Global 208	global208:?
Global 209	global209:?
Global 210	global210:?
Global 211	global211:?
Global 212	global212:?
Global 213	global213:?
Global 214	global214:?
Global 215	global215:?
Global 216	global216:?
Global 217	global217:?
Global 218	global218:?
Global 219	global219:?
Global 220	global220:?
Global 221	global221:?
Global 222	global222:?
Global 223	global223:?
Global 224	global224:?
Global 225	global225:?
Global 226	global226:?
Global 227	global227:?
Global 228	global228:?
Global 229	global229:?
Global 230	global230:?
Global 231	global231:?
Global 232	global232:?
Global 233	global233:?
Global 234	global234:?
Global 235	global235:?
Global 236	global236:?
Global 237	global237:?
Global 238	global238:?
Global 239	global239:?

Action 0	Action0		! 'brief'
Action 1	Action1		! 'super'/'superb'
Action 2	Action2		! 'diagno'
Action 3	Action3		! 'i//'/'invent'
Action 4	Action4		! 'q//'/'quit'
Action 5	Action5		! 'restar'
Action 6	Action6		! 'restor'
Action 7	Action7		! 'save'
Action 8	Action8		! 'score'
Action 9	Action9		! '$ve'
Action 10	Action10	! 'versio'
Action 11	Action11	! 'verbos'
Action 12	Action12	! 'again'/'g//'
Action 13	Action13	! 'answer'/'reply'
Action 14	Action14	! 'answer'/'reply' object
Action 15	Action15	! 'apply' object 'to' object
				! 'drop'/'releas' object(held,many,have) 'onto'/'on' object
				! 'drop'/'releas' object(held,many,have) 'into'/'inside'/'in' object
				! 'drop'/'releas' object(held,many,have) 'down'/'d//' object
				! 'hide'/'insert'/'place'/'put'/'stuff' object(held,many,have) 'into'/'inside'/'in' object
				! 'squeez' object 'onto'/'on' object
				! 'chuck'/'hurl'/'throw'/'toss' object(held,carried,have) 'onto'/'on' object
				! 'chuck'/'hurl'/'throw'/'toss' object(held,carried,have) 'into'/'inside'/'in' object
Action 16	Action16	! 'attack'/'fight'/'hit'/'hurt'/'injure' attrib21(in_room,on_ground) 'with'/'using'/'throug' attrib18(held,carried,have)
				! 'knock'/'rap' 'down'/'d//' attrib11(in_room,on_ground)
				! 'strike' attrib11(in_room,on_ground)
				! 'strike' attrib11(in_room,on_ground) 'with'/'using'/'throug' attrib18(held,carried,in_room,on_ground,have)
Action 17	Action17	! 'back'
Action 18	Action18	! 'blast'
				! 'blow' 'up'/'u//' object
Action 19	Action19	! 'board' attrib7(in_room,on_ground)
				! 'climb'/'sit' 'into'/'inside'/'in' attrib7(in_room,on_ground)
				! 'carry'/'get'/'grab'/'hold'/'remove'/'take' 'into'/'inside'/'in' attrib7(in_room,on_ground)
Action 20	Action20	! 'bug'
Action 21	Action21	! 'burn'/'ignite'/'incine' 'down'/'d//' attrib13(held,carried,in_room,on_ground) 'with'/'using'/'throug' attrib6(held,carried,in_room,on_ground,have)
				! 'burn'/'ignite'/'incine' attrib13(held,carried,in_room,on_ground) 'with'/'using'/'throug' attrib6(held,carried,in_room,on_ground,have)
				! 'light' attrib19(held,carried,in_room,on_ground) 'with'/'using'/'throug' attrib6(held,carried,have)
Action 22	Action22	! 'barf'/'chomp'/'lose'
Action 23	Action23	! 'climb'/'sit' 'up'/'u//' attrib24(in_room,on_ground)
				! 'go'/'procee'/'run'/'step'/'walk' 'up'/'u//' attrib24(in_room,on_ground)
Action 24	Action24	! 'climb'/'sit' 'down'/'d//' attrib24(in_room,on_ground)
				! 'go'/'procee'/'run'/'step'/'walk' 'down'/'d//' attrib24(in_room,on_ground)
Action 25	Action25	! 'climb'/'sit' attrib24(in_room,on_ground)
Action 26	Action26	! 'climb'/'sit' 'onto'/'on' attrib7(in_room,on_ground)
				! 'carry'/'get'/'grab'/'hold'/'remove'/'take' 'onto'/'on' attrib7(in_room,on_ground)
Action 27	Action27	! 'close' attrib9(held,carried,in_room,on_ground)
Action 28	Action28	! 'count' object
Action 29	Action29	! 'cross'/'ford' object
Action 30	Action30	! 'cut'/'pierce'/'slice' object 'with'/'using'/'throug' attrib18(held,carried)
Action 31	Action31	! 'curse'/'damn' attrib21
				! 'curse'/'damn'
Action 32	Action32	! 'deflat' object
Action 33	Action33	! 'dig' 'into'/'inside'/'in' object(in_room,on_ground) 'with'/'using'/'throug' attrib23(held,carried,have)
				! 'dig' object(in_room,on_ground) 'with'/'using'/'throug' attrib23(held,carried,have)
				! 'dig' 'into'/'inside'/'in' object
Action 34	Action34	! 'disemb' attrib7(in_room,on_ground)
				! 'carry'/'get'/'grab'/'hold'/'remove'/'take' 'out' attrib7(on_ground)
Action 35	Action35	! 'drink'/'imbibe'/'swallo' attrib22(held,carried,in_room,on_ground)
Action 36	Action36	! 'drink'/'imbibe'/'swallo' 'from' object(held,carried)
Action 37	Action37	! 'drop'/'releas' object(held,many,have)
				! 'leave' object
				! 'pour'/'spill' object(held,carried) 'from' object
				! 'pour'/'spill' object(held,carried) 'into'/'inside'/'in' object
				! 'pour'/'spill' object(held,carried)
				! 'hide'/'insert'/'place'/'put'/'stuff' 'down'/'d//' object(held,many)
Action 38	Action38	! 'lean' 'onto'/'on' object(held,have)
Action 39	Action39	! 'consum'/'eat'/'taste' attrib5(held,carried,in_room,on_ground,many)
Action 40	Action40	! 'enter'
Action 41	Action41	! 'enter' object
				! 'go'/'procee'/'run'/'step'/'walk' 'with'/'using'/'throug' object
				! 'go'/'procee'/'run'/'step'/'walk' 'onto'/'on' object
				! 'go'/'procee'/'run'/'step'/'walk' 'into'/'inside'/'in' object
Action 42	Action42	! 'exit' object
				! 'exit'
Action 43	Action43	! 'descri'/'examin'/'what'/'whats' object
				! 'gaze'/'l//'/'look'/'stare' 'at' object(held,carried,in_room,on_ground,many)
Action 44	Action44	! 'descri'/'examin'/'what'/'whats' 'onto'/'on' object(held,carried,in_room,on_ground,many)
				! 'descri'/'examin'/'what'/'whats' 'into'/'inside'/'in' object(held,carried,in_room,on_ground,many)
				! 'gaze'/'l//'/'look'/'stare' 'into'/'inside'/'in' object(held,carried,in_room,on_ground,many)
				! 'gaze'/'l//'/'look'/'stare'  object
				! 'gaze'/'l//'/'look'/'stare' 'with'/'using'/'throug' object
Action 45	Action45	! 'banish'/'begone'/'cast'/'drive'/'exorci' 'away' attrib21
				! 'banish'/'begone'/'cast'/'drive'/'exorci' 'out' attrib21
				! 'banish'/'begone'/'cast'/'drive'/'exorci' object
Action 46	Action46	! 'douse'/'exting' attrib19(held,carried,in_room,on_ground,take,many,have)
				! 'blow' 'out' object
				! 'flip'/'set'/'shut'/'turn' 'off' attrib19(held,carried,in_room,on_ground,take,have)
Action 47	Action47	! 'fill' attrib10(held,carried,in_room,on_ground)
				! 'fill' attrib10(held,carried,in_room,on_ground) 'with'/'using'/'throug' object
Action 48	Action48	! 'find'/'see'/'seek'/'where' object
				! 'gaze'/'l//'/'look'/'stare' 'for' object
				! 'search' 'for' object
Action 49	Action49	! 'chase'/'come'/'follow'/'pursue' object
				! 'chase'/'come'/'follow'/'pursue'
Action 50	Action50	! 'donate'/'feed'/'give'/'hand'/'offer' object(held,many,have) 'to' attrib11(on_ground)
Action 51	Action51	! 'donate'/'feed'/'give'/'hand'/'offer' attrib11(on_ground) object(held,many,have)
Action 52	Action52	! 'hello'/'hi' object
				! 'hello'/'hi'
Action 53	Action53	! 'blow' 'up'/'u//' object 'with'/'using'/'throug' attrib23(held,carried,in_room,on_ground)
				! 'inflat' object 'with'/'using'/'throug' attrib23(held,carried,in_room,on_ground)
Action 54	Action54	! 'dive'/'jump'/'leap' 'off' object
				! 'dive'/'jump'/'leap' 'from' object
				! 'dive'/'jump'/'leap' 'into'/'inside'/'in' object
				! 'dive'/'jump'/'leap' 'across' object
				! 'dive'/'jump'/'leap' 'over' object
				! 'dive'/'jump'/'leap'
				! 'go'/'procee'/'run'/'step'/'walk' 'over' object
Action 55	Action55	! 'bite'/'kick'/'taunt' object
Action 56	Action56	! 'dispat'/'kill'/'murder'/'slay'/'stab' attrib21(in_room,on_ground) 'with'/'using'/'throug' attrib18(held,carried,have)
Action 57	Action57	! 'kiss' attrib21(in_room,on_ground)
Action 58	Action58	! 'knock'/'rap' 'onto'/'on' object
				! 'knock'/'rap' 'at' object
Action 59	Action59	! 'launch' attrib7
Action 60	Action60	! 'leave'
Action 61	Action61	! 'light' attrib19(held,carried,in_room,on_ground,have)
				! 'strike' object(held,carried,in_room,on_ground)
				! 'flip'/'set'/'shut'/'turn' 'onto'/'on' attrib19(held,carried,in_room,on_ground,take,have)
Action 62	Action62	! 'listen' 'for' object
				! 'listen' 'to' object
Action 63	Action63	! 'lock' object(in_room,on_ground) 'with'/'using'/'throug' attrib23(held,carried,in_room,on_ground,take)
Action 64	Action64	! 'gaze'/'l//'/'look'/'stare' 'around' attrib29
				! 'gaze'/'l//'/'look'/'stare'
Action 65	Action65	! 'gaze'/'l//'/'look'/'stare' 'undern'/'under'/'beneat'/'below' object
Action 66	Action66	! 'gaze'/'l//'/'look'/'stare' 'behind' object
Action 67	Action67	! 'gaze'/'l//'/'look'/'stare' 'at' object(held,carried,in_room,on_ground,many) 'with'/'using'/'throug' object
				! 'read'/'skim' attrib14(held,carried,in_room,on_ground) 'with'/'using'/'throug' object
				! 'read'/'skim' attrib14(held,carried,in_room,on_ground)
Action 68	Action68	! 'search' 'into'/'inside'/'in' object
				! 'search' object
Action 69	Action69	! 'lower' object
Action 70	Action70	! 'make' object
Action 71	Action71	! 'liquif'/'melt' object 'with'/'using'/'throug' attrib6(held,carried,in_room,on_ground)
Action 72	Action72	! 'move' object(in_room,on_ground)
				! 'roll' 'up'/'u//' object(in_room,on_ground)
				! 'pull'/'tug' 'onto'/'on' object(in_room,on_ground)
				! 'pull'/'tug' object(in_room,on_ground)
Action 73	Action73	! 'play' object
Action 74	Action74	! 'mumble'/'sigh'
Action 75	Action75	! 'block'/'break'/'damage'/'destro'/'smash' 'down'/'d//' object(held,carried,in_room,on_ground) 'with'/'using'/'throug' object(held,carried,take)
				! 'block'/'break'/'damage'/'destro'/'smash' object(held,carried,in_room,on_ground) 'with'/'using'/'throug' object(held,carried,take)
				! 'blind'/'jab'/'poke' attrib21(in_room,on_ground) 'with'/'using'/'throug' attrib18(held,carried,have)
Action 76	Action76	! 'grease'/'lubric'/'oil' object 'with'/'using'/'throug' object(held,carried)
Action 77	Action77	! 'open' attrib9(held,carried,in_room,on_ground) 'with'/'using'/'throug' attrib23(held,carried,in_room,on_ground,have)
				! 'open' 'up'/'u//' attrib9(held,carried,in_room,on_ground)
				! 'open' attrib9(held,carried,in_room,on_ground)
Action 78	Action78	! 'pick' object 'with'/'using'/'throug' object
				! 'pick' object
Action 79	Action79	! 'pick' 'up'/'u//' attrib20(on_ground,many)
				! 'carry'/'get'/'grab'/'hold'/'remove'/'take' attrib20(carried,in_room,many) 'from' object
				! 'carry'/'get'/'grab'/'hold'/'remove'/'take' attrib20(carried,in_room,many) 'off' object
				! 'carry'/'get'/'grab'/'hold'/'remove'/'take' attrib20(carried,in_room,many) 'out' object
				! 'carry'/'get'/'grab'/'hold'/'remove'/'take' attrib20(in_room,on_ground,many)
Action 80	Action80	! 'fix'/'glue'/'patch'/'plug'/'repair' object 'with'/'using'/'throug' object
Action 81	Action81	! 'plugh'/'xyzzy'
Action 82	Action82	! 'pour'/'spill' object(held,carried) 'onto'/'on' object
Action 83	Action83	! 'pray'
Action 84	Action84	! 'pump' 'up'/'u//' object 'with'/'using'/'throug' object
				! 'pump' 'up'/'u//' object
Action 85	Action85	! 'press'/'push' 'onto'/'on' object(in_room,on_ground,many)
				! 'press'/'push' object(in_room,on_ground,many)
				! 'slide' object
Action 86	Action86	! 'press'/'push' object(in_room,on_ground) 'to' object
				! 'press'/'push' object(in_room,on_ground) object
				! 'slide' object(in_room,on_ground) 'to' object
				! 'slide' object(in_room,on_ground) object
Action 87	Action87	! 'press'/'push' object 'undern'/'under'/'beneat'/'below' object
				! 'hide'/'insert'/'place'/'put'/'stuff' object(held,many,have) 'undern'/'under'/'beneat'/'below' object
				! 'slide' object 'undern'/'under'/'beneat'/'below' object
Action 88	Action88	! 'hide'/'insert'/'place'/'put'/'stuff' object(held,many,have) 'onto'/'on' object
Action 89	Action89	! 'hide'/'insert'/'place'/'put'/'stuff' 'onto'/'on' object(carried,in_room,on_ground,many)
				! 'wear' object
Action 90	Action90	! 'hide'/'insert'/'place'/'put'/'stuff' object(held,many,have) 'behind' object
Action 91	Action91	! 'lift'/'raise' 'up'/'u//' object
				! 'lift'/'raise' object
Action 92	Action92	! 'molest'/'rape' attrib11
Action 93	Action93	! 'repent'
Action 94	Action94	! 'feel'/'pat'/'pet'/'rub'/'touch' object 'with'/'using'/'throug' object
				! 'feel'/'pat'/'pet'/'rub'/'touch' object
Action 95	Action95	! 'script'
Action 96	Action96	! 'unscri'
Action 97	Action97	! 'send' 'for' object
Action 98	Action98	! 'shake' object
Action 99	Action99	! 'hop'/'skip'
Action 100	Action100	! 'smell'/'sniff' object
Action 101	Action101	! 'spin' object
Action 102	Action102	! 'spray' object 'onto'/'on' object
Action 103	Action103	! 'spray' object 'with'/'using'/'throug' object
Action 104	Action104	! 'squeez' object
Action 105	Action105	! 'stand' 'up'/'u//' attrib29
				! 'stand'
				! 'carry'/'get'/'grab'/'hold'/'remove'/'take' 'up'/'u//' attrib29
Action 106	Action106	! 'stay'
Action 107	Action107	! 'bathe'/'swim'/'wade' 'into'/'inside'/'in' object
				! 'bathe'/'swim'/'wade'
Action 108	Action108	! 'swing'/'thrust' attrib18(held,carried,have) 'at' attrib21(in_room,on_ground)
				! 'swing'/'thrust' attrib18(held,carried,have)
Action 109	Action109	! 'ask'/'tell' attrib11(in_room)
				! 'say'/'talk' 'to' attrib11(in_room)
Action 110	Action110	! 'say'/'talk'
Action 111	Action111	! 'chant'/'incant'
Action 112	Action112	! 'chuck'/'hurl'/'throw'/'toss' object(held,carried,have) 'over' object
				! 'chuck'/'hurl'/'throw'/'toss' object(held,carried,have) 'off' object
Action 113	Action113	! 'chuck'/'hurl'/'throw'/'toss' object(held,carried,have) 'with'/'using'/'throug' object(in_room,on_ground)
				! 'chuck'/'hurl'/'throw'/'toss' object(held,carried,have) 'at' object(in_room,on_ground)
Action 114	Action114	! 'attach'/'fasten'/'secure'/'tie' object 'to' object
Action 115	Action115	! 'attach'/'fasten'/'secure'/'tie' 'up'/'u//' attrib11(in_room,on_ground) 'with'/'using'/'throug' attrib23(held,carried,in_room,on_ground,have)
Action 116	Action116	! 'flip'/'set'/'shut'/'turn' attrib8(held,carried,in_room,on_ground) 'with'/'using'/'throug' attrib23(held,carried,in_room,on_ground,have)
				! 'flip'/'set'/'shut'/'turn' attrib8
				! 'flip'/'set'/'shut'/'turn' attrib8 'for' object
				! 'flip'/'set'/'shut'/'turn' attrib8 'to' object
Action 117	Action117	! 'unlock' object(in_room,on_ground) 'with'/'using'/'throug' attrib23(held,carried,in_room,on_ground,take)
Action 118	Action118	! 'free'/'unatta'/'unfast'/'unhook'/'untie' object(held,carried,in_room,on_ground) 'from' object
				! 'free'/'unatta'/'unfast'/'unhook'/'untie' object(held,carried,in_room,on_ground)
Action 119	Action119	! 'wait'/'z//'
Action 120	Action120	! 'awake'/'startl'/'surpri'/'wake' 'up'/'u//' attrib11(in_room,on_ground)
				! 'awake'/'startl'/'surpri'/'wake' attrib11(in_room,on_ground)
Action 121	Action121	! 'go'/'procee'/'run'/'step'/'walk' object
Action 122	Action122	! 'go'/'procee'/'run'/'step'/'walk' 'around' object
Action 123	Action123	! 'go'/'procee'/'run'/'step'/'walk' 'to' object
Action 124	Action124	! 'brandi'/'wave' object(held,carried) 'at' object
				! 'brandi'/'wave' object(held,carried)
Action 125	Action125	! 'win'/'winnag'
Action 126	Action126	! 'wind' 'up'/'u//' object
				! 'wind' object
Action 127	Action127	! 'scream'/'shout'/'yell'
Action 128	Action128	! 'zork'
Action 129	Action129	! 'is' object 'onto'/'on' object
				! 'is' object 'into'/'inside'/'in' object

Word	$ve	$ve
Word	across	across
Word	advent	advent
Word	amulet	amulet
Word	answer	answer
Word	antiqu	antiqu
Word	aquedu	aquedu
Word	around	around
Word	assort	assort
Word	attach	attach
Word	attack	attack
Word	banish	banish
Word	begone	begone
Word	behind	behind
Word	beneat	beneat
Word	blessi	blessi
Word	bottom	bottom
Word	boulde	boulde
Word	brandi	brandi
Word	broken	broken
Word	bronze	bronze
Word	burned	burned
Word	button	button
Word	carved	carved
Word	carvin	carvin
Word	center	center
Word	channe	channe
Word	cloake	cloake
Word	compas	compas
Word	consol	consol
Word	consum	consum
Word	conten	conten
Word	crawlw	crawlw
Word	cretin	cretin
Word	crysta	crysta
Word	damage	damage
Word	dangli	dangli
Word	debris	debris
Word	deflat	deflat
Word	descri	descri
Word	destro	destro
Word	device	device
Word	diagno	diagno
Word	disemb	disemb
Word	dispat	dispat
Word	displa	displa
Word	donate	donate
Word	dungeo	dungeo
Word	easter	easter
Word	elvish	elvish
Word	engrav	engrav
Word	examin	examin
Word	except	except
Word	exorci	exorci
Word	exting	exting
Word	fasten	fasten
Word	figure	figure
Word	flamin	flamin
Word	flathe	flathe
Word	follow	follow
Word	foobar	foobar
Word	forest	forest
Word	friend	friend
Word	glamdr	glamdr
Word	golden	golden
Word	graces	graces
Word	grease	grease
Word	ground	ground
Word	guardi	guardi
Word	guards	guards
Word	handgr	handgr
Word	hooded	hooded
Word	hungry	hungry
Word	ignite	ignite
Word	imbibe	imbibe
Word	incant	incant
Word	incine	incine
Word	indica	indica
Word	inflat	inflat
Word	injure	injure
Word	insert	insert
Word	inside	inside
Word	intdir	intdir
Word	intnum	intnum
Word	invent	invent
Word	invisi	invisi
Word	jewell	jewell
Word	jewels	jewels
Word	ladder	ladder
Word	lanter	lanter
Word	launch	launch
Word	lichen	lichen
Word	liquid	liquid
Word	liquif	liquif
Word	listen	listen
Word	locked	locked
Word	lubric	lubric
Word	lurkin	lurkin
Word	machin	machin
Word	mahoga	mahoga
Word	manhol	manhol
Word	marble	marble
Word	massiv	massiv
Word	master	master
Word	mgckjk	mgckjk
Word	mirror	mirror
Word	molest	molest
Word	motors	motors
Word	mumble	mumble
Word	murder	murder
Word	myself	myself
Word	narrow	narrow
Word	northe	northe
Word	northw	northw
Word	object	object
Word	offici	offici
Word	orcris	orcris
Word	parape	parape
Word	passag	passag
Word	pedest	pedest
Word	pierce	pierce
Word	plants	plants
Word	plaque	plaque
Word	pointe	pointe
Word	potion	potion
Word	pressu	pressu
Word	procee	procee
Word	pursue	pursue
Word	quanti	quanti
Word	quicks	quicks
Word	ravine	ravine
Word	releas	releas
Word	remove	remove
Word	render	render
Word	repair	repair
Word	repell	repell
Word	repent	repent
Word	restar	restar
Word	restor	restor
Word	ricket	ricket
Word	rubble	rubble
Word	sailor	sailor
Word	sceptr	sceptr
Word	scream	scream
Word	script	script
Word	search	search
Word	secret	secret
Word	secure	secure
Word	shadow	shadow
Word	sickly	sickly
Word	silent	silent
Word	sinist	sinist
Word	smelli	smelli
Word	southe	southe
Word	southw	southw
Word	squeez	squeez
Word	stairc	stairc
Word	stairs	stairs
Word	stalag	stalag
Word	startl	startl
Word	statue	statue
Word	strang	strang
Word	strike	strike
Word	struct	struct
Word	sundia	sundia
Word	superb	superb
Word	surfac	surfac
Word	surpri	surpri
Word	swallo	swallo
Word	t-bar	t-bar
Word	tempor	tempor
Word	throug	throug
Word	thrust	thrust
Word	timber	timber
Word	torche	torche
Word	treasu	treasu
Word	unatta	unatta
Word	undern	undern
Word	unfast	unfast
Word	unhook	unhook
Word	unlock	unlock
Word	unscri	unscri
Word	valuab	valuab
Word	verbos	verbos
Word	versio	versio
Word	viewin	viewin
Word	viking	viking
Word	voices	voices
Word	warnin	warnin
Word	washin	washin
Word	waterf	waterf
Word	waybre	waybre
Word	wester	wester
Word	windin	windin
Word	winnag	winnag
Word	wooden	wooden
Word	yellow	yellow

Routine 0x4846	routine18502:?
Routine 0x4860	routine18528:?
Routine 0x4870	routine18544:?
Routine 0x4886	routine18566:?
Routine 0x489a	routine18586:?
Routine 0x48d8	routine18648:?
Routine 0x4936	routine18742:?
Routine 0x4b2c	routine19244:?
Routine 0x4cba	routine19642:?
Routine 0x4d9c	routine19868:?
Routine 0x506e	routine20590:?
Routine 0x5094	routine20628:?
Routine 0x5254	routine21076:?
Routine 0x52de	routine21214:?
Routine 0x53d6	routine21462:?
Routine 0x53f6	routine21494:?
Routine 0x540c	routine21516:?
Routine 0x545c	routine21596:?
Routine 0x54bc	routine21692:?
Routine 0x565c	routine22108:?
Routine 0x56b8	routine22200:?
Routine 0x56d0	routine22224:?
Routine 0x573e	routine22334:?
Routine 0x576a	routine22378:?
Routine 0x577e	routine22398:?
Routine 0x57e2	routine22498:?
Routine 0x5804	routine22532:?
Routine 0x582a	routine22570:?
Routine 0x5836	routine22582:?
Routine 0x5886	routine22662:?
Routine 0x58e8	routine22760:?
Routine 0x5936	routine22838:?
Routine 0x5a78	routine23160:?
Routine 0x5c80	routine23680:?
Routine 0x5cce	routine23758:?
Routine 0x5d9c	routine23964:?
Routine 0x5dd0	routine24016:?
Routine 0x5e38	routine24120:?
Routine 0x5e56	routine24150:?
Routine 0x5e72	routine24178:?
Routine 0x5ee6	routine24294:?
Routine 0x5f70	routine24432:?
Routine 0x5f98	routine24472:?
Routine 0x5fb0	routine24496:?
Routine 0x5ffe	routine24574:?
Routine 0x6026	routine24614:?
Routine 0x604e	routine24654:?
Routine 0x609c	routine24732:?
Routine 0x617a	routine24954:?
Routine 0x6196	Action11Sub:?
Routine 0x61ac	Action0Sub:?
Routine 0x61c2	Action1Sub:?
Routine 0x61dc	Action64Sub:?
Routine 0x61ee	routine25070:?
Routine 0x6200	Action43Sub:?
Routine 0x6232	routine25138:?
Routine 0x6324	routine25380:?
Routine 0x6354	routine25428:?
Routine 0x63ee	routine25582:?
Routine 0x6502	routine25858:?
Routine 0x6548	Action8Sub:?
Routine 0x6588	routine25992:?
Routine 0x6590	Action4Sub:?
Routine 0x65d2	routine26066:?
Routine 0x65ea	Action10Sub:?
Routine 0x6684	routine26244:?
Routine 0x6694	Action12Sub:?
Routine 0x66e8	routine26344:?
Routine 0x6a00	routine27136:?
Routine 0x6a24	routine27172:?
Routine 0x6a56	Action6Sub:?
Routine 0x6a6c	Action7Sub:?
Routine 0x6a7c	Action5Sub:?
Routine 0x6ac0	Action122Sub:?
Routine 0x6ad8	Action59Sub:?
Routine 0x6b10	routine27408:?
Routine 0x6b26	routine27430:?
Routine 0x6b4e	Action121Sub:?
Routine 0x6c78	routine27768:?
Routine 0x6c84	Action3Sub:?
Routine 0x6c9e	PreAction79Sub:?
Routine 0x6d0c	Action79Sub:?
Routine 0x6d34	routine27956:?
Routine 0x6e0e	Action88Sub:?
Routine 0x6e34	PreAction15Sub:?
Routine 0x6e4a	Action15Sub:?
Routine 0x6eee	routine28398:?
Routine 0x6efe	PreAction50Sub:?
Routine 0x6f28	PreAction51Sub:?
Routine 0x6f32	routine28466:?
Routine 0x6f4e	Action50Sub:?
Routine 0x6f7c	Action51Sub:?
Routine 0x6f88	Action37Sub:?
Routine 0x6f9a	Action113Sub:?
Routine 0x6faa	routine28586:?
Routine 0x6ff0	Action77Sub:?
Routine 0x70a8	routine28840:?
Routine 0x70d8	Action27Sub:?
Routine 0x7150	routine29008:?
Routine 0x7168	routine29032:?
Routine 0x7198	Action20Sub:?
Routine 0x71e2	Action95Sub:?
Routine 0x71fe	Action96Sub:?
Routine 0x721c	PreAction72Sub:?
Routine 0x7236	Action72Sub:?
Routine 0x7262	Action61Sub:?
Routine 0x72a2	Action46Sub:?
Routine 0x72f8	Action119Sub:?
Routine 0x7326	PreAction19Sub:?
Routine 0x7370	Action19Sub:?
Routine 0x7390	Action34Sub:?
Routine 0x73f0	Action18Sub:?
Routine 0x7406	routine29702:?
Routine 0x751c	Action17Sub:?
Routine 0x7546	PreAction82Sub:?
Routine 0x7558	Action82Sub:?
Routine 0x755e	Action102Sub:?
Routine 0x7566	Action103Sub:?
Routine 0x7570	Action104Sub:?
Routine 0x75a4	PreAction76Sub:?
Routine 0x75c2	Action76Sub:?
Routine 0x75d2	routine30162:?
Routine 0x760e	Action47Sub:?
Routine 0x7654	Action81Sub:?
Routine 0x766c	Action35Sub:?
Routine 0x7674	Action39Sub:?
Routine 0x7760	Action31Sub:?
! References: obj214_dust_and_debris.prop17
Routine 0x77b6	Action62Sub:?
Routine 0x77ca	Action49Sub:?
Routine 0x77d6	Action106Sub:?
Routine 0x77e8	Action83Sub:?
Routine 0x7808	Action54Sub:?
Routine 0x7898	Action99Sub:?
Routine 0x78a4	Action60Sub:?
Routine 0x78ac	Action52Sub:?
Routine 0x7902	PreAction67Sub:?
Routine 0x793a	Action67Sub:?
! References: obj132_runes.prop17
Routine 0x795a	Action65Sub:?
Routine 0x796a	Action66Sub:?
Routine 0x797c	Action44Sub:?
Routine 0x7a1c	routine31260:?
! References: obj47_fish.prop17
Routine 0x7a2c	Action93Sub:?
Routine 0x7a40	PreAction21Sub:?
Routine 0x7a5a	Action21Sub:?
Routine 0x7aae	PreAction116Sub:?
Routine 0x7abe	Action116Sub:?
Routine 0x7aca	Action84Sub:?
Routine 0x7ad8	Action53Sub:?
Routine 0x7aea	Action32Sub:?
Routine 0x7af6	Action63Sub:?
Routine 0x7b04	Action78Sub:?
Routine 0x7b10	Action117Sub:?
Routine 0x7b18	Action30Sub:?
Routine 0x7bb8	Action56Sub:?
Routine 0x7bc2	routine31682:?
Routine 0x7c72	Action16Sub:?
Routine 0x7c7c	Action108Sub:?
Routine 0x7c90	Action55Sub:?
Routine 0x7c9a	Action124Sub:?
Routine 0x7ca4	Action91Sub:?
Routine 0x7cae	Action69Sub:?
Routine 0x7cb8	Action94Sub:?
Routine 0x7cc2	Action85Sub:?
Routine 0x7ccc	Action86Sub:?
Routine 0x7cde	PreAction75Sub:?
Routine 0x7d48	Action75Sub:?
Routine 0x7d52	routine32082:?
Routine 0x7d7a	routine32122:?
Routine 0x7d9c	Action58Sub:?
Routine 0x7dce	Action22Sub:?
Routine 0x7dec	routine32236:?
Routine 0x7e1a	Action125Sub:?
Routine 0x7e24	Action127Sub:?
Routine 0x7e3a	Action80Sub:?
! References: obj218_random_object.prop17
Routine 0x7e46	Action45Sub:?
Routine 0x7e58	Action98Sub:?
Routine 0x7eea	PreAction33Sub:?
Routine 0x7f0c	Action33Sub:?
Routine 0x7f1c	Action100Sub:?
Routine 0x7f32	routine32562:?
Routine 0x7f50	Action107Sub:?
Routine 0x7faa	Action118Sub:?
Routine 0x7fc0	PreAction114Sub:?
Routine 0x7fd6	Action114Sub:?
Routine 0x7fea	Action115Sub:?
! References: obj185_very_ancient_book.prop17
Routine 0x8006	Action71Sub:?
Routine 0x8022	Action74Sub:?
Routine 0x8046	Action120Sub:?
Routine 0x807c	Action128Sub:?
Routine 0x8088	routine32904:?
Routine 0x8096	routine32918:?
! References: obj179_dungeon_master.prop17, obj180_dungeon_master.prop17
Routine 0x80bc	Action26Sub:?
Routine 0x80dc	Action25Sub:?
! References: obj221.prop17
Routine 0x80f4	Action23Sub:?
Routine 0x8150	Action24Sub:?
Routine 0x8158	Action97Sub:?
Routine 0x817e	Action126Sub:?
Routine 0x8190	Action28Sub:?
Routine 0x81c4	Action87Sub:?
Routine 0x81d0	Action73Sub:?
Routine 0x821e	Action70Sub:?
Routine 0x822a	Action40Sub:?
Routine 0x8232	Action42Sub:?
Routine 0x823a	Action29Sub:?
Routine 0x8248	Action68Sub:?
Routine 0x8256	Action48Sub:?
Routine 0x8300	Action109Sub:?
Routine 0x8326	Action13Sub:?
Routine 0x8346	Action14Sub:?
Routine 0x836e	Action129Sub:?
Routine 0x839c	Action57Sub:?
! References: obj89_black_machine.prop17
Routine 0x83b0	Action92Sub:?
Routine 0x83c4	routine33732:?
Routine 0x83de	Action110Sub:?
Routine 0x8478	Action111Sub:?
Routine 0x84a4	Action101Sub:?
Routine 0x84b0	Action41Sub:?
Routine 0x8520	Action89Sub:?
Routine 0x853c	Action112Sub:?
Routine 0x854e	Action9Sub:?
Routine 0x8588	Action105Sub:?
Routine 0x85ae	Action90Sub:?
Routine 0x85c6	routine34246:?
Routine 0x85d4	Action123Sub:?
Routine 0x8604	routine34308:?
Routine 0x862a	Action36Sub:?
Routine 0x8636	Action38Sub:?
Routine 0x864a	routine34378:?
Routine 0x86b8	routine34488:?
Routine 0x8786	routine34694:?
Routine 0x87b0	routine34736:?
Routine 0x87f8	routine34808:?
Routine 0x888c	routine34956:?
Routine 0x88fa	routine35066:?
Routine 0x892e	routine35118:?
Routine 0x8948	routine35144:?
Routine 0x8974	routine35188:?
! References: obj193_Room_in_a_Puzzle.u_to, obj193_Room_in_a_Puzzle.southw_to, obj193_Room_in_a_Puzzle.se_to, obj193_Room_in_a_Puzzle.northw_to, obj193_Room_in_a_Puzzle.ne_to, obj193_Room_in_a_Puzzle.s_to, obj193_Room_in_a_Puzzle.w_to, obj193_Room_in_a_Puzzle.e_to, obj193_Room_in_a_Puzzle.n_to
Routine 0x8aa0	routine35488:?
Routine 0x8be2	routine35810:?
Routine 0x8c16	routine35862:?
! References: obj100_Royal_Puzzle_Entrance.d_to, obj201_Royal_Puzzle_Entrance.d_to
Routine 0x8c36	routine35894:?
Routine 0x8c5e	routine35934:?
Routine 0x8d3a	routine36154:?
Routine 0x8db4	routine36276:?
Routine 0x8ff4	routine36852:?
Routine 0x9072	routine36978:?
Routine 0x9090	routine37008:?
Routine 0x914c	routine37196:?
Routine 0x91a8	routine37288:?
Routine 0x91b8	routine37304:?
Routine 0x91ca	routine37322:?
Routine 0x937a	routine37754:?
Routine 0x9394	routine37780:?
Routine 0x93ea	routine37866:?
Routine 0x9508	routine38152:?
! References: obj144_Dungeon_Entrance.s_to, obj155_Beam_Room.northw_to, obj155_Beam_Room.ne_to, obj155_Beam_Room.n_to, obj169_Hallway.northw_to, obj169_Hallway.ne_to, obj169_Hallway.n_to, obj170_Hallway.southw_to, obj170_Hallway.se_to, obj170_Hallway.northw_to, obj170_Hallway.ne_to, obj170_Hallway.s_to, obj170_Hallway.n_to, obj171_Hallway.southw_to, obj171_Hallway.se_to, obj171_Hallway.northw_to, obj171_Hallway.ne_to, obj171_Hallway.s_to, obj171_Hallway.n_to, obj172_Hallway.southw_to, obj172_Hallway.se_to, obj172_Hallway.northw_to, obj172_Hallway.ne_to, obj172_Hallway.s_to, obj172_Hallway.n_to, obj174_Hallway.southw_to, obj174_Hallway.se_to, obj174_Hallway.s_to
Routine 0x9566	routine38246:?
Routine 0x95d4	routine38356:?
Routine 0x9622	routine38434:?
Routine 0x963c	routine38460:?
Routine 0x96dc	routine38620:?
Routine 0x96fc	routine38652:?
Routine 0x971c	routine38684:?
Routine 0x973a	routine38714:?
Routine 0x9756	routine38742:?
Routine 0x99de	routine39390:?
Routine 0x99ee	routine39406:?
Routine 0x99fe	routine39422:?
Routine 0x9a0e	routine39438:?
Routine 0x9a1e	routine39454:?
Routine 0x9a34	routine39476:?
Routine 0x9bac	routine39852:?
Routine 0x9bf2	routine39922:?
Routine 0x9c2e	routine39982:?
Routine 0x9c8c	routine40076:?
Routine 0x9e0c	routine40460:?
! References: obj158_Inside_Mirror.out_to, obj158_Inside_Mirror.southw_to, obj158_Inside_Mirror.se_to, obj158_Inside_Mirror.northw_to, obj158_Inside_Mirror.ne_to, obj158_Inside_Mirror.s_to, obj158_Inside_Mirror.w_to, obj158_Inside_Mirror.e_to, obj158_Inside_Mirror.n_to
Routine 0x9ec6	routine40646:?
Routine 0x9f92	routine40850:?
Routine 0x9fde	routine40926:?
! References: obj159_Narrow_Room.enter_to, obj159_Narrow_Room.e_to, obj160_Narrow_Room.enter_to, obj160_Narrow_Room.w_to, obj161_Narrow_Room.enter_to, obj161_Narrow_Room.e_to, obj162_Narrow_Room.enter_to, obj162_Narrow_Room.w_to, obj163_Narrow_Room.enter_to, obj163_Narrow_Room.e_to, obj164_Narrow_Room.enter_to, obj164_Narrow_Room.w_to, obj165_Narrow_Room.enter_to, obj165_Narrow_Room.e_to, obj166_Narrow_Room.enter_to, obj166_Narrow_Room.w_to, obj167_Narrow_Room.enter_to, obj167_Narrow_Room.w_to, obj168_Narrow_Room.enter_to, obj168_Narrow_Room.w_to, obj169_Hallway.enter_to, obj170_Hallway.enter_to, obj171_Hallway.enter_to, obj172_Hallway.enter_to
Routine 0x9ff2	routine40946:?
Routine 0xa042	routine41026:?
Routine 0xa126	routine41254:?
Routine 0xa13e	routine41278:?
Routine 0xa2c2	routine41666:?
Routine 0xa306	routine41734:?
Routine 0xa350	routine41808:?
Routine 0xa7ce	routine42958:?
Routine 0xa8b6	routine43190:?
Routine 0xaa00	routine43520:?
Routine 0xaa1a	routine43546:?
Routine 0xaaa2	routine43682:?
Routine 0xab72	routine43890:?
Routine 0xae46	routine44614:?
Routine 0xaec4	routine44740:?
Routine 0xaf2a	routine44842:?
Routine 0xaf74	routine44916:?
Routine 0xaf92	routine44946:?
Routine 0xb360	routine45920:?
Routine 0xb392	routine45970:?
Routine 0xb3f6	routine46070:?
Routine 0xb45c	routine46172:?
Routine 0xb4c6	routine46278:?
Routine 0xb63e	routine46654:?
Routine 0xb6f8	routine46840:?
Routine 0xb75c	routine46940:?
Routine 0xb89e	routine47262:?
Routine 0xb904	routine47364:?
Routine 0xb918	routine47384:?
Routine 0xb9b6	routine47542:?
Routine 0xba46	routine47686:?
Routine 0xbaa0	routine47776:?
Routine 0xbaba	routine47802:?
! References: obj147_South_Corridor.n_to
Routine 0xbca6	routine48294:?
Routine 0xbcd0	routine48336:?
Routine 0xbcf8	routine48376:?
Routine 0xbda0	routine48544:?
Routine 0xbdca	routine48586:?
Routine 0xc1a0	routine49568:?
Routine 0xc1c4	routine49604:?
Routine 0xc216	routine49686:?
Routine 0xc258	routine49752:?
Routine 0xc2fa	routine49914:?
Routine 0xc348	routine49992:?
Routine 0xc38c	routine50060:?
Routine 0xc3c6	routine50118:?
Routine 0xc4d6	routine50390:?
Routine 0xc4e2	routine50402:?
Routine 0xc4f4	routine50420:?
Routine 0xc576	routine50550:?
Routine 0xc5ae	routine50606:?
Routine 0xc5ee	routine50670:?
Routine 0xc762	routine51042:?
Routine 0xc778	routine51064:?
Routine 0xc83c	routine51260:?
Routine 0xc85a	routine51290:?
Routine 0xca32	routine51762:?
Routine 0xcd02	routine52482:?
Routine 0xcdca	routine52682:?
Routine 0xce36	routine52790:?
Routine 0xd0ac	routine53420:?
Routine 0xd142	routine53570:?
Routine 0xd1bc	routine53692:?
Routine 0xd1f2	routine53746:?
Routine 0xd31a	routine54042:?
Routine 0xd3e8	routine54248:?
Routine 0xd3fa	routine54266:?
Routine 0xd404	routine54276:?
