! Auto-generated by Reform.

MD5	b732a93a6244ddd92a9b9a3e3a46c687

Object 1	obj1_pair_of_hands
Object 2	obj2_zorkmid
Object 3	obj3_way
Object 4	obj4_cretin
Object 5	obj5_you
Object 6	obj6_blast_of_air
Object 7	obj7_lurking_grue
Object 8	obj8_ground
Object 9	obj9_sailor
Object 10	obj10_blessings
Object 11	obj11_such_thing
Object 12	obj12_random_object
Object 13	obj13_pseudo
Object 14	obj14_number
Object 15	obj15_Slide_Room
Object 16	obj16_Coal_Mine
Object 17	obj17_Coal_Mine
Object 18	obj18_Coal_Mine
Object 19	obj19_Coal_Mine
Object 20	obj20_Ladder_Bottom
Object 21	obj21_Ladder_Top
Object 22	obj22_Smelly_Room
Object 23	obj23_Squeaky_Room
Object 24	obj24_Mine_Entrance
Object 25	obj25_Canyon_View
Object 26	obj26_Rocky_Ledge
Object 27	obj27_Canyon_Bottom
Object 28	obj28_On_the_Rainbow
Object 29	obj29_Aragain_Falls
Object 30	obj30_Shore
Object 31	obj31_Frigid_River
Object 32	obj32_White_Cliffs_Beach
Object 33	obj33_White_Cliffs_Beach
Object 34	obj34_Frigid_River
Object 35	obj35_Frigid_River
Object 36	obj36_Frigid_River
Object 37	obj37_Chasm
Object 38	obj38_North_South_Passage
Object 39	obj39_Damp_Cave
Object 40	obj40_Deep_Canyon
Object 41	obj41_East_West_Passage
Object 42	obj42_Twisting_Passage
Object 43	obj43_Winding_Passage
Object 44	obj44_Narrow_Passage
Object 45	obj45_Cold_Passage
Object 46	obj46_Cave
Object 47	obj47_Cave
Object 48	obj48_Stream
Object 49	obj49_Stream_View
Object 50	obj50_Reservoir_South
Object 51	obj51_Strange_Passage
Object 52	obj52_Maze
Object 53	obj53_Maze
Object 54	obj54_Maze
Object 55	obj55_Dead_End
Object 56	obj56_Maze
Object 57	obj57_Grating_Room
Object 58	obj58_Maze
Object 59	obj59_Maze
Object 60	obj60_Maze
Object 61	obj61_Dead_End
Object 62	obj62_Maze
Object 63	obj63_Maze
Object 64	obj64_Maze
Object 65	obj65_Dead_End
Object 66	obj66_Dead_End
Object 67	obj67_Maze
Object 68	obj68_Maze
Object 69	obj69_Maze
Object 70	obj70_Maze
Object 71	obj71_East_of_Chasm
Object 72	obj72_Cellar
Object 73	obj73_stairs
Object 74	obj74_Clearing
Object 75	obj75_Forest_Path
Object 76	obj76_Forest
Object 77	obj77_Forest
Object 78	obj78_Forest
Object 79	obj79_Behind_House
Object 80	obj80_South_of_House
Object 81	obj81_North_of_House
Object 82	obj82
Object 83	obj83_broken_clockwork_canary
Object 84	obj84_golden_clockwork_canary
Object 85	obj85_beautiful_brass_bauble
Object 86	obj86_broken_jewel_encrusted_egg
Object 87	obj87_jewel_encrusted_egg
Object 88	obj88_Up_a_Tree
Object 89	obj89_bird_s_nest
Object 90	obj90_control_panel
Object 91	obj91_wrench
Object 92	obj92_white_cliffs
Object 93	obj93_cliff
Object 94	obj94_Studio
Object 95	obj95_ZORK_owner_s_manual
Object 96	obj96_Engravings_Cave
Object 97	obj97_wall_with_engravings
Object 98	obj98_viscous_material
Object 99	obj99_tube
Object 100	obj100_Reservoir
Object 101	obj101_trunk_of_jewels
Object 102	obj102_The_Troll_Room
Object 103	obj103_tour_guidebook
Object 104	obj104_torch
Object 105	obj105_Torch_Room
Object 106	obj106_pedestal
Object 107	obj107_Round_Room
Object 108	obj108_tan_label
Object 109	obj109_ancient_map
Object 110	obj110_sword
Object 111	obj111_wooden_door
Object 112	obj112_switch
Object 113	obj113_stiletto
Object 114	obj114_thief
Object 115	obj115_large_bag
Object 116	obj116_beautiful_jeweled_scarab
Object 117	obj117_wooden_ladder
Object 118	obj118_Dead_End
Object 119	obj119_small_pile_of_coal
Object 120	obj120_Sandy_Beach
Object 121	obj121_shovel
Object 122	obj122_skeleton_key
Object 123	obj123_screwdriver
Object 124	obj124_Gas_Room
Object 125	obj125_sapphire_encrusted_bracelet
Object 126	obj126_Sandy_Cave
Object 127	obj127_sand
Object 128	obj128_rusty_knife
Object 129	obj129_rope
Object 130	obj130_Frigid_River
Object 131	obj131_river
Object 132	obj132_rainbow
Object 133	obj133_Dome_Room
Object 134	obj134_wooden_railing
Object 135	obj135_prayer
Object 136	obj136_End_of_Rainbow
Object 137	obj137_pot_of_gold
Object 138	obj138_Loud_Room
Object 139	obj139_platinum_bar
Object 140	obj140_Dam_Base
Object 141	obj141_pile_of_plastic
Object 142	obj142_punctured_boat
Object 143	obj143_Clearing
Object 144	obj144_pile_of_leaves
Object 145	obj145_pile_of_bodies
Object 146	obj146_small_piece_of_vitreous_slag
Object 147	obj147_pair_of_candles
Object 148	obj148_Gallery
Object 149	obj149_painting
Object 150	obj150_Mirror_Room
Object 151	obj151_mirror
Object 152	obj152_Mirror_Room
Object 153	obj153_mirror
Object 154	obj154_Dam_Lobby
Object 155	obj155_matchbook
Object 156	obj156_magic_boat
Object 157	obj157_Machine_Room
Object 158	obj158_machine
Object 159	obj159_leak
Object 160	obj160_small_mailbox
Object 161	obj161_leaflet
Object 162	obj162_red_buoy
Object 163	obj163_large_emerald
Object 164	obj164_brass_lantern
Object 165	obj165_leather_bag_of_coins
Object 166	obj166_burned_out_lantern
Object 167	obj167_Maze
Object 168	obj168_skeleton
Object 169	obj169_nasty_knife
Object 170	obj170_jade_figurine
Object 171	obj171_huge_diamond
Object 172	obj172_Reservoir_North
Object 173	obj173_hand_held_air_pump
Object 174	obj174_grating
Object 175	obj175_Egyptian_Room
Object 176	obj176_crack
Object 177	obj177_stone_barrow
Object 178	obj178_Stone_Barrow
Object 179	obj179_stone_door
Object 180	obj180_West_of_House
Object 181	obj181_door
Object 182	obj182_boarded_window
Object 183	obj183_trap_door
Object 184	obj184_dam
Object 185	obj185_Cyclops_Room
Object 186	obj186_cyclops
Object 187	obj187_Atlantis_Room
Object 188	obj188_crystal_trident
Object 189	obj189_clove_of_garlic
Object 190	obj190_Treasure_Room
Object 191	obj191_chalice
Object 192	obj192_carpet
Object 193	obj193_Living_Room
Object 194	obj194_trophy_case
Object 195	obj195_blue_button
Object 196	obj196_red_button
Object 197	obj197_brown_button
Object 198	obj198_yellow_button
Object 199	obj199_Maintenance_Room
Object 200	obj200_group_of_tool_chests
Object 201	obj201_Attic
Object 202	obj202_table
Object 203	obj203_Kitchen
Object 204	obj204_kitchen_table
Object 205	obj205_chute
Object 206	obj206_Timber_Room
Object 207	obj207_broken_timber
Object 208	obj208_gold_coffin
Object 209	obj209_sceptre
Object 210	obj210_broken_lantern
Object 211	obj211_black_book
Object 212	obj212_Altar
Object 213	obj213_altar
Object 214	obj214_green_bubble
Object 215	obj215_Dam
Object 216	obj216_bolt
Object 217	obj217_troll
Object 218	obj218_bloody_axe
Object 219	obj219_red_hot_brass_bell
Object 220	obj220_Temple
Object 221	obj221_brass_bell
Object 222	obj222_Bat_Room
Object 223	obj223_bat
Object 224	obj224_brown_sack
Object 225	obj225_lunch
Object 226	obj226_Shaft_Room
Object 227	obj227_basket
Object 228	obj228_Drafty_Room
Object 229	obj229_basket
Object 230	obj230_Land_of_the_Dead
Object 231	obj231_crystal_skull
Object 232	obj232_Entrance_to_Hades
Object 233	obj233_number_of_ghosts
Object 234	obj234_chimney
Object 235	obj235_kitchen_window
Object 236	obj236_glass_bottle
Object 237	obj237_quantity_of_water
Object 238	obj238_water
Object 239	obj239_Forest
Object 240	obj240_mountain_range
Object 241	obj241_tree
Object 242	obj242_forest
Object 243	obj243_white_house
Object 244	obj244_songbird
Object 245	obj245_granite_wall
Object 246	obj246_surrounding_wall
Object 247	obj247
Object 248	obj248_set_of_teeth
Object 249	obj249
Object 250	obj250_board

Attribute 0	attrib0			! obj247
Attribute 1	attrib1			! obj247
Attribute 2	attrib2			! obj247
Attribute 3	attrib3			! obj12_random_object obj247
Attribute 4	attrib4			! obj31_Frigid_River obj34_Frigid_River obj35_Frigid_River obj36_Frigid_River obj48_Stream obj100_Reservoir obj130_Frigid_River
Attribute 5	attrib5			! obj52_Maze obj53_Maze obj54_Maze obj55_Dead_End obj56_Maze obj58_Maze obj59_Maze obj60_Maze obj61_Dead_End obj62_Maze obj63_Maze obj64_Maze obj65_Dead_End obj66_Dead_End obj67_Maze obj68_Maze obj69_Maze obj70_Maze obj167_Maze
Attribute 6	attrib6			! obj15_Slide_Room obj16_Coal_Mine obj17_Coal_Mine obj18_Coal_Mine obj19_Coal_Mine obj20_Ladder_Bottom obj21_Ladder_Top obj22_Smelly_Room obj23_Squeaky_Room obj24_Mine_Entrance obj25_Canyon_View obj26_Rocky_Ledge obj27_Canyon_Bottom obj28_On_the_Rainbow obj29_Aragain_Falls obj30_Shore obj32_White_Cliffs_Beach obj33_White_Cliffs_Beach obj37_Chasm obj38_North_South_Passage obj39_Damp_Cave obj40_Deep_Canyon obj41_East_West_Passage obj42_Twisting_Passage obj43_Winding_Passage obj44_Narrow_Passage obj45_Cold_Passage obj46_Cave obj47_Cave obj49_Stream_View obj50_Reservoir_South obj51_Strange_Passage obj52_Maze obj53_Maze obj54_Maze obj55_Dead_End obj56_Maze obj57_Grating_Room obj58_Maze obj59_Maze obj60_Maze obj61_Dead_End obj62_Maze obj63_Maze obj64_Maze obj65_Dead_End obj66_Dead_End obj67_Maze obj68_Maze obj69_Maze obj70_Maze obj71_East_of_Chasm obj72_Cellar obj74_Clearing obj75_Forest_Path obj76_Forest obj77_Forest obj78_Forest obj79_Behind_House obj80_South_of_House obj81_North_of_House obj88_Up_a_Tree obj94_Studio obj96_Engravings_Cave obj102_The_Troll_Room obj105_Torch_Room obj107_Round_Room obj118_Dead_End obj120_Sandy_Beach obj124_Gas_Room obj126_Sandy_Cave obj133_Dome_Room obj136_End_of_Rainbow obj138_Loud_Room obj140_Dam_Base obj143_Clearing obj148_Gallery obj150_Mirror_Room obj152_Mirror_Room obj154_Dam_Lobby obj157_Machine_Room obj167_Maze obj172_Reservoir_North obj175_Egyptian_Room obj178_Stone_Barrow obj180_West_of_House obj185_Cyclops_Room obj187_Atlantis_Room obj190_Treasure_Room obj193_Living_Room obj199_Maintenance_Room obj201_Attic obj203_Kitchen obj206_Timber_Room obj212_Altar obj215_Dam obj220_Temple obj222_Bat_Room obj226_Shaft_Room obj228_Drafty_Room obj230_Land_of_the_Dead obj232_Entrance_to_Hades obj239_Forest obj247
Attribute 7	attrib7			! obj4_cretin obj101_trunk_of_jewels obj109_ancient_map obj114_thief obj116_beautiful_jeweled_scarab obj137_pot_of_gold obj159_leak obj174_grating obj183_trap_door obj247
Attribute 8	attrib8			! obj84_golden_clockwork_canary obj87_jewel_encrusted_egg obj89_bird_s_nest obj156_magic_boat obj194_trophy_case obj208_gold_coffin obj247
Attribute 9	attrib9			! obj4_cretin obj25_Canyon_View obj26_Rocky_Ledge obj27_Canyon_Bottom obj28_On_the_Rainbow obj29_Aragain_Falls obj30_Shore obj31_Frigid_River obj32_White_Cliffs_Beach obj33_White_Cliffs_Beach obj34_Frigid_River obj35_Frigid_River obj36_Frigid_River obj74_Clearing obj75_Forest_Path obj76_Forest obj77_Forest obj78_Forest obj79_Behind_House obj80_South_of_House obj81_North_of_House obj88_Up_a_Tree obj97_wall_with_engravings obj120_Sandy_Beach obj124_Gas_Room obj129_rope obj130_Frigid_River obj135_prayer obj139_platinum_bar obj140_Dam_Base obj143_Clearing obj178_Stone_Barrow obj180_West_of_House obj193_Living_Room obj200_group_of_tool_chests obj201_Attic obj203_Kitchen obj206_Timber_Room obj208_gold_coffin obj212_Altar obj220_Temple obj222_Bat_Room obj228_Drafty_Room obj239_Forest
Attribute 10	attrib10		! obj106_pedestal obj202_table obj204_kitchen_table obj213_altar obj247
Attribute 11	attrib11		! obj86_broken_jewel_encrusted_egg obj89_bird_s_nest obj106_pedestal obj114_thief obj156_magic_boat obj200_group_of_tool_chests obj202_table obj204_kitchen_table obj213_altar obj217_troll obj227_basket obj247
Attribute 12	attrib12		! obj111_wooden_door obj194_trophy_case obj227_basket obj236_glass_bottle obj247
Attribute 13	attrib13		! obj110_sword obj113_stiletto obj114_thief obj115_large_bag obj128_rusty_knife obj129_rope obj144_pile_of_leaves obj145_pile_of_bodies obj146_small_piece_of_vitreous_slag obj151_mirror obj153_mirror obj158_machine obj160_small_mailbox obj168_skeleton obj169_nasty_knife obj184_dam obj186_cyclops obj191_chalice obj192_carpet obj194_trophy_case obj200_group_of_tool_chests obj214_green_bubble obj216_bolt obj217_troll obj218_bloody_axe obj219_red_hot_brass_bell obj223_bat obj227_basket obj229_basket obj237_quantity_of_water obj247
Attribute 14	attrib14		! obj1_pair_of_hands obj3_way obj4_cretin obj6_blast_of_air obj9_sailor obj10_blessings obj12_random_object obj73_stairs obj90_control_panel obj92_white_cliffs obj93_cliff obj106_pedestal obj111_wooden_door obj112_switch obj113_stiletto obj115_large_bag obj117_wooden_ladder obj127_sand obj131_river obj132_rainbow obj134_wooden_railing obj135_prayer obj145_pile_of_bodies obj151_mirror obj153_mirror obj158_machine obj159_leak obj168_skeleton obj174_grating obj176_crack obj177_stone_barrow obj179_stone_door obj181_door obj182_boarded_window obj183_trap_door obj184_dam obj186_cyclops obj192_carpet obj194_trophy_case obj195_blue_button obj196_red_button obj197_brown_button obj198_yellow_button obj202_table obj204_kitchen_table obj213_altar obj214_green_bubble obj216_bolt obj218_bloody_axe obj233_number_of_ghosts obj234_chimney obj235_kitchen_window obj240_mountain_range obj241_tree obj242_forest obj243_white_house obj244_songbird obj248_set_of_teeth obj250_board
Attribute 15	attrib15		! obj112_switch obj211_black_book obj216_bolt
Attribute 16	attrib16		! obj95_ZORK_owner_s_manual obj97_wall_with_engravings obj99_tube obj103_tour_guidebook obj108_tan_label obj109_ancient_map obj111_wooden_door obj135_prayer obj155_matchbook obj161_leaflet obj211_black_book
Attribute 17	attrib17		! obj83_broken_clockwork_canary obj84_golden_clockwork_canary obj85_beautiful_brass_bauble obj86_broken_jewel_encrusted_egg obj87_jewel_encrusted_egg obj89_bird_s_nest obj91_wrench obj95_ZORK_owner_s_manual obj98_viscous_material obj99_tube obj101_trunk_of_jewels obj103_tour_guidebook obj104_torch obj108_tan_label obj109_ancient_map obj110_sword obj113_stiletto obj116_beautiful_jeweled_scarab obj119_small_pile_of_coal obj121_shovel obj122_skeleton_key obj123_screwdriver obj125_sapphire_encrusted_bracelet obj128_rusty_knife obj129_rope obj137_pot_of_gold obj139_platinum_bar obj141_pile_of_plastic obj142_punctured_boat obj144_pile_of_leaves obj146_small_piece_of_vitreous_slag obj147_pair_of_candles obj149_painting obj155_matchbook obj156_magic_boat obj161_leaflet obj162_red_buoy obj163_large_emerald obj164_brass_lantern obj165_leather_bag_of_coins obj166_burned_out_lantern obj169_nasty_knife obj170_jade_figurine obj171_huge_diamond obj173_hand_held_air_pump obj188_crystal_trident obj189_clove_of_garlic obj191_chalice obj207_broken_timber obj208_gold_coffin obj209_sceptre obj210_broken_lantern obj211_black_book obj218_bloody_axe obj221_brass_bell obj224_brown_sack obj225_lunch obj231_crystal_skull obj236_glass_bottle obj237_quantity_of_water
Attribute 18	attrib18		! obj247
Attribute 19	attrib19		! obj86_broken_jewel_encrusted_egg obj87_jewel_encrusted_egg obj89_bird_s_nest obj99_tube obj106_pedestal obj114_thief obj158_machine obj160_small_mailbox obj162_red_buoy obj191_chalice obj194_trophy_case obj200_group_of_tool_chests obj202_table obj204_kitchen_table obj208_gold_coffin obj211_black_book obj213_altar obj224_brown_sack obj227_basket obj236_glass_bottle
Attribute 20	attrib20		! obj25_Canyon_View obj26_Rocky_Ledge obj27_Canyon_Bottom obj28_On_the_Rainbow obj29_Aragain_Falls obj30_Shore obj31_Frigid_River obj36_Frigid_River obj74_Clearing obj75_Forest_Path obj76_Forest obj77_Forest obj78_Forest obj79_Behind_House obj80_South_of_House obj81_North_of_House obj88_Up_a_Tree obj104_torch obj136_End_of_Rainbow obj140_Dam_Base obj143_Clearing obj147_pair_of_candles obj148_Gallery obj152_Mirror_Room obj154_Dam_Lobby obj178_Stone_Barrow obj180_West_of_House obj193_Living_Room obj203_Kitchen obj212_Altar obj215_Dam obj220_Temple obj230_Land_of_the_Dead obj232_Entrance_to_Hades obj239_Forest obj247
Attribute 21	attrib21		! obj189_clove_of_garlic obj225_lunch
Attribute 22	attrib22		! obj237_quantity_of_water obj238_water
Attribute 23	attrib23		! obj111_wooden_door obj174_grating obj179_stone_door obj181_door obj183_trap_door obj235_kitchen_window
Attribute 24	attrib24		! obj73_stairs obj92_white_cliffs obj93_cliff obj117_wooden_ladder obj132_rainbow obj205_chute obj234_chimney obj240_mountain_range obj241_tree
Attribute 25	attrib25		! obj104_torch obj147_pair_of_candles
Attribute 26	attrib26		! obj89_bird_s_nest obj103_tour_guidebook obj108_tan_label obj119_small_pile_of_coal obj141_pile_of_plastic obj142_punctured_boat obj144_pile_of_leaves obj149_painting obj156_magic_boat obj161_leaflet obj211_black_book obj224_brown_sack
Attribute 27	attrib27		! obj156_magic_boat
Attribute 28	attrib28		! obj1_pair_of_hands obj14_number obj91_wrench obj98_viscous_material obj121_shovel obj122_skeleton_key obj123_screwdriver obj128_rusty_knife obj173_hand_held_air_pump
Attribute 29	attrib29		! obj110_sword obj113_stiletto obj128_rusty_knife obj169_nasty_knife obj209_sceptre obj218_bloody_axe
Attribute 30	attrib30		! obj4_cretin obj5_you obj114_thief obj186_cyclops obj217_troll obj223_bat obj233_number_of_ghosts
Attribute 31	attrib31		! obj104_torch obj147_pair_of_candles obj164_brass_lantern

Property 2	prop2:?
Property 3	prop3:?
Property 4	prop4:?
Property 5	prop5:?
Property 6	prop6:?
Property 7	prop7:?
Property 8	prop8:string
Property 9	prop9:?
Property 10	prop10:?
Property 11	prop11:string
Property 12	prop12:?
Property 13	prop13:?
Property 14	prop14:?
Property 15	prop15:?
Property 16	prop16:?
Property 17	prop17:?
Property 18	prop18:dictwords
Property 19	land_to:exit
Property 20	out_to:exit
Property 21	in_to:exit
Property 22	d_to:exit
Property 23	u_to:exit
Property 24	southw_to:exit
Property 25	se_to:exit
Property 26	northw_to:exit
Property 27	ne_to:exit
Property 28	s_to:exit
Property 29	w_to:exit
Property 30	e_to:exit
Property 31	n_to:exit

Global 0	global0:?
Global 1	global1:?
Global 2	global2:?
Global 3	global3:?
Global 4	global4:?
Global 5	global5:?
Global 6	global6:?
Global 7	global7:?
Global 8	global8:?
Global 9	global9:?
Global 10	global10:?
Global 11	global11:?
Global 12	global12:?
Global 13	global13:?
Global 14	global14:?
Global 15	global15:?
Global 16	global16:?
Global 17	global17:?
Global 18	global18:?
Global 19	global19:?
Global 20	global20:?
Global 21	global21:?
Global 22	global22:?
Global 23	global23:?
Global 24	global24:?
Global 25	global25:?
Global 26	global26:?
Global 27	global27:?
Global 28	global28:?
Global 29	global29:?
Global 30	global30:?
Global 31	global31:?
Global 32	global32:?
Global 33	global33:?
Global 34	global34:?
Global 35	global35:?
Global 36	global36:?
Global 37	global37:?
Global 38	global38:?
Global 39	global39:?
Global 40	global40:?
Global 41	global41:?
Global 42	global42:?
Global 43	global43:?
Global 44	global44:?
Global 45	global45:?
Global 46	global46:?
Global 47	global47:?
Global 48	global48:?
Global 49	global49:?
Global 50	global50:?
Global 51	global51:?
Global 52	global52:?
Global 53	global53:?
Global 54	global54:?
Global 55	global55:?
Global 56	global56:?
Global 57	global57:?
Global 58	global58:?
Global 59	global59:?
Global 60	global60:?
Global 61	global61:?
Global 62	global62:?
Global 63	global63:?
Global 64	global64:?
Global 65	global65:?
Global 66	global66:?
Global 67	global67:?
Global 68	global68:?
Global 69	global69:?
Global 70	global70:?
Global 71	global71:?
Global 72	global72:?
Global 73	global73:?
Global 74	global74:?
Global 75	global75:?
Global 76	global76:?
Global 77	global77:?
Global 78	global78:?
Global 79	global79:?
Global 80	global80:?
Global 81	global81:?
Global 82	global82:?
Global 83	global83:?
Global 84	global84:?
Global 85	global85:?
Global 86	global86:?
Global 87	global87:?
Global 88	global88:?
Global 89	global89:?
Global 90	global90:?
Global 91	global91:?
Global 92	global92:?
Global 93	global93:?
Global 94	global94:?
Global 95	global95:?
Global 96	global96:?
Global 97	global97:?
Global 98	global98:?
Global 99	global99:?
Global 100	global100:?
Global 101	global101:?
Global 102	global102:?
Global 103	global103:?
Global 104	global104:?
Global 105	global105:?
Global 106	global106:?
Global 107	global107:?
Global 108	global108:?
Global 109	global109:?
Global 110	global110:?
Global 111	global111:?
Global 112	global112:?
Global 113	global113:?
Global 114	global114:?
Global 115	global115:?
Global 116	global116:?
Global 117	global117:?
Global 118	global118:?
Global 119	global119:?
Global 120	global120:?
Global 121	global121:?
Global 122	global122:?
Global 123	global123:?
Global 124	global124:?
Global 125	global125:?
Global 126	global126:?
Global 127	global127:?
Global 128	global128:?
Global 129	global129:?
Global 130	global130:?
Global 131	global131:?
Global 132	global132:?
Global 133	global133:?
Global 134	global134:?
Global 135	global135:?
Global 136	global136:?
Global 137	global137:?
Global 138	global138:?
Global 139	global139:?
Global 140	global140:?
Global 141	global141:?
Global 142	global142:?
Global 143	global143:?
Global 144	global144:?
Global 145	global145:?
Global 146	global146:?
Global 147	global147:?
Global 148	global148:?
Global 149	global149:?
Global 150	global150:?
Global 151	global151:?
Global 152	global152:?
Global 153	global153:?
Global 154	global154:?
Global 155	global155:?
Global 156	global156:?
Global 157	global157:?
Global 158	global158:?
Global 159	global159:?
Global 160	global160:?
Global 161	global161:?
Global 162	global162:?
Global 163	global163:?
Global 164	global164:?
Global 165	global165:?
Global 166	global166:?
Global 167	global167:?
Global 168	global168:?
Global 169	global169:?
Global 170	global170:?
Global 171	global171:?
Global 172	global172:?
Global 173	global173:?
Global 174	global174:?
Global 175	global175:?
Global 176	global176:?
Global 177	global177:?
Global 178	global178:?
Global 179	global179:?
Global 180	global180:?
Global 181	global181:?
Global 182	global182:?
Global 183	global183:?
Global 184	global184:?
Global 185	global185:?
Global 186	global186:?
Global 187	global187:?
Global 188	global188:?
Global 189	global189:?
Global 190	global190:?
Global 191	global191:?
Global 192	global192:?
Global 193	global193:?
Global 194	global194:?
Global 195	global195:?
Global 196	global196:?
Global 197	global197:?
Global 198	global198:?
Global 199	global199:?
Global 200	global200:?
Global 201	global201:?
Global 202	global202:?
Global 203	global203:?
Global 204	global204:?
Global 205	global205:?
Global 206	global206:?
Global 207	global207:?
Global 208	global208:?
Global 209	global209:?
Global 210	global210:?
Global 211	global211:?
Global 212	global212:?
Global 213	global213:?
Global 214	global214:?
Global 215	global215:?
Global 216	global216:?
Global 217	global217:?
Global 218	global218:?
Global 219	global219:?
Global 220	global220:?
Global 221	global221:?
Global 222	global222:?
Global 223	global223:?
Global 224	global224:?
Global 225	global225:?
Global 226	global226:?
Global 227	global227:?
Global 228	global228:?
Global 229	global229:?
Global 230	global230:?
Global 231	global231:?
Global 232	global232:?
Global 233	global233:?
Global 234	global234:?
Global 235	global235:?
Global 236	global236:?
Global 237	global237:?
Global 238	global238:?
Global 239	global239:?

Action 0	Action0		! 'verbos'
Action 1	Action1		! 'brief'
Action 2	Action2		! 'super'/'superb'
Action 3	Action3		! 'diagno'
Action 4	Action4		! 'i//'/'invent'
Action 5	Action5		! 'q//'/'quit'
Action 6	Action6		! 'restar'
Action 7	Action7		! 'restor'
Action 8	Action8		! 'save'
Action 9	Action9		! 'score'
Action 10	Action10	! 'script'
Action 11	Action11	! 'unscri'
Action 12	Action12	! 'versio'
Action 13	Action13	! '$ve'
Action 14	Action14	! 'activa' attrib31(held,carried,in_room,on_ground)
				! 'light' attrib31(held,carried,in_room,on_ground,take,have)
				! 'flip'/'set'/'shut'/'turn' 'onto'/'on' object 'with'/'using'/'thru'/'throug' object(have)
				! 'flip'/'set'/'shut'/'turn' 'onto'/'on' attrib31(held,carried,in_room,on_ground)
Action 15	Action15	! 'again'/'g//'
Action 16	Action16	! 'answer'/'reply'
Action 17	Action17	! 'answer'/'reply' object
Action 18	Action18	! 'apply' object 'to' object
				! 'drop'/'releas' object(held,many,have) 'into'/'inside'/'in' object
				! 'drop'/'releas' object(held,many,have) 'down'/'d//' object
				! 'move' object(held,many,have) 'into'/'inside'/'in' object
				! 'hide'/'insert'/'place'/'put'/'stuff' object(held,many,have) 'into'/'inside'/'in' object
				! 'squeez' object 'onto'/'on' object
				! 'chuck'/'hurl'/'throw'/'toss' object(held,carried,have) 'into'/'inside'/'in' object
Action 19	Action19	! 'attack'/'fight'/'hit'/'hurt'/'injure' attrib30(in_room,on_ground) 'with'/'using'/'thru'/'throug' attrib29(held,carried,have)
				! 'dispat'/'kill'/'murder'/'slay' attrib30(in_room,on_ground) 'with'/'using'/'thru'/'throug' attrib29(held,carried,have)
				! 'stab' attrib30(in_room,on_ground) 'with'/'using'/'thru'/'throug' attrib29(held,carried,have)
				! 'knock'/'rap' 'down'/'d//' attrib30(in_room,on_ground)
				! 'strike' attrib30(in_room,on_ground) 'with'/'using'/'thru'/'throug' attrib29(held,carried,in_room,on_ground,have)
Action 20	Action20	! 'back'
Action 21	Action21	! 'blast'
				! 'blow' 'up'/'u//' object
Action 22	Action22	! 'blow' 'out' object
				! 'douse'/'exting' attrib20(held,carried,in_room,on_ground,take,have)
				! 'hide'/'insert'/'place'/'put'/'stuff' 'out' attrib20(held,carried,in_room,on_ground,take,have)
				! 'flip'/'set'/'shut'/'turn' 'off' attrib20(held,carried,in_room,on_ground,take,have)
Action 23	Action23	! 'blow' 'up'/'u//' object 'with'/'using'/'thru'/'throug' attrib28(held,carried,in_room,on_ground)
				! 'inflat' object 'with'/'using'/'thru'/'throug' attrib28(held,carried,in_room,on_ground)
Action 24	Action24	! 'blow' 'into'/'inside'/'in' object
Action 25	Action25	! 'board' attrib27(in_room,on_ground)
				! 'climb'/'sit' 'into'/'inside'/'in' attrib27(in_room,on_ground)
				! 'carry'/'catch'/'get'/'grab'/'hold'/'remove'/'take' 'into'/'inside'/'in' attrib27(in_room,on_ground)
Action 26	Action26	! 'brush'/'clean' object(held,carried,in_room,on_ground) 'with'/'using'/'thru'/'throug' object
				! 'brush'/'clean' object(held,carried,in_room,on_ground)
Action 27	Action27	! 'bug'
Action 28	Action28	! 'burn'/'ignite'/'incine' 'down'/'d//' attrib26(held,carried,in_room,on_ground) 'with'/'using'/'thru'/'throug' attrib25(held,carried,in_room,on_ground,have)
				! 'burn'/'ignite'/'incine' attrib26(held,carried,in_room,on_ground) 'with'/'using'/'thru'/'throug' attrib25(held,carried,in_room,on_ground,have)
				! 'light' attrib31(held,carried,in_room,on_ground) 'with'/'using'/'thru'/'throug' attrib25(held,carried,take,have)
Action 29	Action29	! 'barf'/'chomp'/'lose'
Action 30	Action30	! 'climb'/'sit' 'up'/'u//' attrib24(in_room,on_ground)
				! 'climb'/'sit'
				! 'go'/'procee'/'run'/'step'/'walk' 'up'/'u//' attrib24(in_room,on_ground)
Action 31	Action31	! 'climb'/'sit' 'down'/'d//' attrib24(in_room,on_ground)
				! 'climb'/'sit'
				! 'go'/'procee'/'run'/'step'/'walk' 'down'/'d//' attrib24(in_room,on_ground)
Action 32	Action32	! 'climb'/'sit' attrib24(in_room,on_ground)
Action 33	Action33	! 'climb'/'sit' 'onto'/'on' attrib27(in_room,on_ground)
				! 'carry'/'catch'/'get'/'grab'/'hold'/'remove'/'take' 'onto'/'on' attrib27(in_room,on_ground)
Action 34	Action34	! 'climb'/'sit' 'with'/'using'/'thru'/'throug' object
				! 'enter' object
				! 'go'/'procee'/'run'/'step'/'walk' 'onto'/'on' object
				! 'go'/'procee'/'run'/'step'/'walk' 'with'/'using'/'thru'/'throug' object
				! 'go'/'procee'/'run'/'step'/'walk' 'into'/'inside'/'in' object
Action 35	Action35	! 'close' attrib23(held,carried,in_room,on_ground)
Action 36	Action36	! 'comman' attrib30
Action 37	Action37	! 'count' object
Action 38	Action38	! 'cross'/'ford' object
Action 39	Action39	! 'cut'/'pierce'/'slice' object 'with'/'using'/'thru'/'throug' attrib29(held,carried)
Action 40	Action40	! 'curse'/'damn'/'fuck'/'shit' attrib30
				! 'curse'/'damn'/'fuck'/'shit'
Action 41	Action41	! 'deflat' object
Action 42	Action42	! 'block'/'break'/'damage'/'destro'/'smash' 'down'/'d//' object(held,carried,in_room,on_ground) 'with'/'using'/'thru'/'throug' object(held,carried,take)
				! 'block'/'break'/'damage'/'destro'/'smash' object(held,carried,in_room,on_ground) 'with'/'using'/'thru'/'throug' object(held,carried,take)
				! 'poke' attrib30(in_room,on_ground) 'with'/'using'/'thru'/'throug' attrib29(held,carried,have)
				! 'punctu' attrib30(in_room,on_ground) 'with'/'using'/'thru'/'throug' attrib29(held,carried,have)
Action 43	Action43	! 'block'/'break'/'damage'/'destro'/'smash' 'into'/'inside'/'in' object(held,carried,in_room,on_ground)
				! 'open' attrib23(held,carried,in_room,on_ground) 'with'/'using'/'thru'/'throug' attrib28(held,carried,in_room,on_ground,have)
				! 'open' 'up'/'u//' attrib23(held,carried,in_room,on_ground)
				! 'open' attrib23(held,carried,in_room,on_ground)
Action 44	Action44	! 'dig' object(in_room,on_ground) 'with'/'using'/'thru'/'throug' attrib28(held,carried,have)
				! 'dig' 'into'/'inside'/'in' object(in_room,on_ground) 'with'/'using'/'thru'/'throug' attrib28(held,carried,have)
Action 45	Action45	! 'disemb' attrib27(in_room,on_ground)
				! 'carry'/'catch'/'get'/'grab'/'hold'/'remove'/'take' 'out' attrib27(in_room,on_ground)
Action 46	Action46	! 'disenc' object
Action 47	Action47	! 'drink'/'imbibe'/'swallo' attrib22(held,carried,in_room,on_ground)
Action 48	Action48	! 'drink'/'imbibe'/'swallo' 'from' object(held,carried)
Action 49	Action49	! 'drop'/'releas' object(held,many,have)
				! 'leave' object
				! 'pour'/'spill' object(held,carried) 'from' object
				! 'pour'/'spill' object(held,carried) 'into'/'inside'/'in' object
				! 'pour'/'spill' object(held,carried)
				! 'hide'/'insert'/'place'/'put'/'stuff' 'down'/'d//' object(held,many)
Action 50	Action50	! 'drop'/'releas' object(held,many,have) 'onto'/'on' object
				! 'hide'/'insert'/'place'/'put'/'stuff' object(held,many,have) 'onto'/'on' object
				! 'chuck'/'hurl'/'throw'/'toss' object(held,carried,have) 'onto'/'on' object
Action 51	Action51	! 'bite'/'consum'/'eat'/'taste' attrib21(held,carried,in_room,on_ground,take)
Action 52	Action52	! 'echo'
Action 53	Action53	! 'enchan' object(in_room,on_ground)
Action 54	Action54	! 'enter'
Action 55	Action55	! 'exit' object
				! 'exit'
Action 56	Action56	! 'descri'/'examin'/'what'/'whats' object(many)
				! 'gaze'/'l//'/'look'/'stare' 'at' object(held,carried,in_room,on_ground,many)
Action 57	Action57	! 'descri'/'examin'/'what'/'whats' 'onto'/'on' object(held,carried,in_room,on_ground,many)
				! 'descri'/'examin'/'what'/'whats' 'into'/'inside'/'in' object(held,carried,in_room,on_ground,many)
				! 'gaze'/'l//'/'look'/'stare' 'into'/'inside'/'in' object(held,carried,in_room,on_ground,many)
				! 'gaze'/'l//'/'look'/'stare' 'with'/'using'/'thru'/'throug' object(held,carried,in_room,on_ground,many)
Action 58	Action58	! 'banish'/'begone'/'cast'/'drive'/'exorci' 'away' attrib30
				! 'banish'/'begone'/'cast'/'drive'/'exorci' 'out' attrib30
				! 'banish'/'begone'/'cast'/'drive'/'exorci' object
Action 59	Action59	! 'fill' attrib19(held,carried,in_room,on_ground)
				! 'fill' attrib19(held,carried,in_room,on_ground) 'with'/'using'/'thru'/'throug' object
Action 60	Action60	! 'find'/'see'/'seek'/'where' object
				! 'gaze'/'l//'/'look'/'stare' 'for' object
				! 'search' 'for' object
Action 61	Action61	! 'chase'/'come'/'follow'/'pursue' object
				! 'chase'/'come'/'follow'/'pursue'
Action 62	Action62	! 'froboz'
Action 63	Action63	! 'donate'/'feed'/'give'/'offer' object(held,many,have) 'to' attrib30(on_ground)
				! 'hand' object(held,many,have) 'to' attrib30(on_ground)
Action 64	Action64	! 'donate'/'feed'/'give'/'offer' attrib30(on_ground) object(held,many,have)
				! 'hand' attrib30(on_ground) object(held,many,have)
Action 65	Action65	! 'hatch' object
Action 66	Action66	! 'hello'/'hi' object
				! 'hello'/'hi'
Action 67	Action67	! 'chant'/'incant'
Action 68	Action68	! 'is' object 'onto'/'on' object
				! 'is' object 'into'/'inside'/'in' object
Action 69	Action69	! 'dive'/'jump'/'leap' 'off' object
				! 'dive'/'jump'/'leap' 'from' object
				! 'dive'/'jump'/'leap' 'into'/'inside'/'in' object
				! 'dive'/'jump'/'leap' 'across' object
				! 'dive'/'jump'/'leap' 'over' object
				! 'dive'/'jump'/'leap'
				! 'go'/'procee'/'run'/'step'/'walk' 'over' object
Action 70	Action70	! 'kick'/'taunt' object
Action 71	Action71	! 'stab' attrib30(in_room,on_ground)
Action 72	Action72	! 'kiss' attrib30(in_room,on_ground)
Action 73	Action73	! 'knock'/'rap' 'onto'/'on' object
				! 'knock'/'rap' 'at' object
Action 74	Action74	! 'launch' attrib27
Action 75	Action75	! 'lean' 'onto'/'on' object(held,have)
Action 76	Action76	! 'leave'
Action 77	Action77	! 'listen' 'for' object
				! 'listen' 'to' object
Action 78	Action78	! 'lock' object(in_room,on_ground) 'with'/'using'/'thru'/'throug' attrib28(held,carried,in_room,on_ground,take)
Action 79	Action79	! 'gaze'/'l//'/'look'/'stare' 'down'/'d//' attrib18
				! 'gaze'/'l//'/'look'/'stare' 'up'/'u//' attrib18
				! 'gaze'/'l//'/'look'/'stare' 'around' attrib18
				! 'gaze'/'l//'/'look'/'stare'
Action 80	Action80	! 'gaze'/'l//'/'look'/'stare' 'onto'/'on' object
Action 81	Action81	! 'gaze'/'l//'/'look'/'stare' 'undern'/'under'/'beneat'/'below' object
Action 82	Action82	! 'gaze'/'l//'/'look'/'stare' 'behind' object
Action 83	Action83	! 'gaze'/'l//'/'look'/'stare' 'at' object(held,carried,in_room,on_ground) 'with'/'using'/'thru'/'throug' object
				! 'read'/'skim' attrib16(held,carried,in_room,on_ground,take) 'with'/'using'/'thru'/'throug' object
				! 'read'/'skim' 'from' attrib16(held,carried,in_room,on_ground,take)
				! 'read'/'skim' attrib16(held,carried,in_room,on_ground,take)
Action 84	Action84	! 'lower' object
Action 85	Action85	! 'grease'/'lubric'/'oil' object 'with'/'using'/'thru'/'throug' object(held,carried)
Action 86	Action86	! 'make' object
Action 87	Action87	! 'liquif'/'melt' object 'with'/'using'/'thru'/'throug' attrib25(held,carried,in_room,on_ground)
Action 88	Action88	! 'move' object(in_room,on_ground)
				! 'roll' object(in_room,on_ground)
				! 'roll' 'up'/'u//' object(in_room,on_ground)
				! 'pull'/'tug'/'yank' 'up'/'u//' object(in_room,on_ground)
				! 'pull'/'tug'/'yank' 'onto'/'on' object(in_room,on_ground)
				! 'pull'/'tug'/'yank' object(in_room,on_ground)
Action 89	Action89	! 'move' object 'with'/'using'/'thru'/'throug' attrib28
				! 'press'/'push' object 'with'/'using'/'thru'/'throug' attrib28
				! 'flip'/'set'/'shut'/'turn' attrib15 'for' object
				! 'flip'/'set'/'shut'/'turn' attrib15 'to' object
				! 'flip'/'set'/'shut'/'turn' attrib15(held,carried,in_room,on_ground) 'with'/'using'/'thru'/'throug' attrib28(held,carried,in_room,on_ground,have)
Action 90	Action90	! 'mumble'/'sigh'
Action 91	Action91	! 'odysse'/'ulysse'
Action 92	Action92	! 'pick' object 'with'/'using'/'thru'/'throug' object
				! 'pick' object
Action 93	Action93	! 'pick' 'up'/'u//' attrib17(on_ground,many)
				! 'carry'/'catch'/'get'/'grab'/'hold'/'remove'/'take' attrib17(carried,in_room,many) 'from' object
				! 'carry'/'catch'/'get'/'grab'/'hold'/'remove'/'take' attrib17(carried,in_room,many) 'off' object
				! 'carry'/'catch'/'get'/'grab'/'hold'/'remove'/'take' attrib17(carried,in_room,many) 'out' object
				! 'carry'/'catch'/'get'/'grab'/'hold'/'remove'/'take' attrib17(in_room,on_ground,many)
Action 94	Action94	! 'play' object
Action 95	Action95	! 'fix'/'glue'/'patch'/'plug'/'repair' object 'with'/'using'/'thru'/'throug' object
Action 96	Action96	! 'plugh'/'xyzzy'
Action 97	Action97	! 'pour'/'spill' object(held,carried) 'onto'/'on' object
Action 98	Action98	! 'pray'
Action 99	Action99	! 'pump' 'up'/'u//' object 'with'/'using'/'thru'/'throug' object
				! 'pump' 'up'/'u//' object
Action 100	Action100	! 'press'/'push' object(in_room,on_ground) 'to' object
				! 'press'/'push' object(in_room,on_ground) object
				! 'slide' object(in_room,on_ground) 'to' object
				! 'slide' object(in_room,on_ground) object
Action 101	Action101	! 'press'/'push' 'onto'/'on' object(in_room,on_ground,many)
				! 'press'/'push' object(in_room,on_ground,many)
Action 102	Action102	! 'press'/'push' object 'undern'/'under'/'beneat'/'below' object
				! 'hide'/'insert'/'place'/'put'/'stuff' object(held,have) 'undern'/'under'/'beneat'/'below' object
				! 'slide' object 'undern'/'under'/'beneat'/'below' object
Action 103	Action103	! 'hide'/'insert'/'place'/'put'/'stuff' 'onto'/'on' object(carried,in_room,on_ground,many)
				! 'wear' object
Action 104	Action104	! 'hide'/'insert'/'place'/'put'/'stuff' object(held,many,have) 'behind' object
Action 105	Action105	! 'lift'/'raise' 'up'/'u//' object
				! 'lift'/'raise' object
Action 106	Action106	! 'molest'/'rape' attrib30
Action 107	Action107	! 'read'/'skim' attrib16(held,carried,in_room,on_ground,take) object
Action 108	Action108	! 'repent'
Action 109	Action109	! 'peal'/'ring' object(take) 'with'/'using'/'thru'/'throug' object
				! 'peal'/'ring' object(take)
Action 110	Action110	! 'feel'/'pat'/'pet'/'rub'/'touch' object 'with'/'using'/'thru'/'throug' object
				! 'feel'/'pat'/'pet'/'rub'/'touch' object
Action 111	Action111	! 'talk' 'to' attrib30(in_room)
				! 'ask'/'tell' attrib30(in_room)
Action 112	Action112	! 'say'
Action 113	Action113	! 'search' 'into'/'inside'/'in' object
				! 'search' object
Action 114	Action114	! 'send' 'for' object
Action 115	Action115	! 'shake' object(have)
Action 116	Action116	! 'hop'/'skip'
Action 117	Action117	! 'smell'/'sniff' object
Action 118	Action118	! 'spin' object
Action 119	Action119	! 'spray' object 'onto'/'on' object
Action 120	Action120	! 'spray' object 'with'/'using'/'thru'/'throug' object
Action 121	Action121	! 'squeez' object
Action 122	Action122	! 'stand' 'up'/'u//' attrib18
				! 'stand'
				! 'carry'/'catch'/'get'/'grab'/'hold'/'remove'/'take' 'up'/'u//' attrib18
Action 123	Action123	! 'stay'
Action 124	Action124	! 'strike' object(held,carried,in_room,on_ground)
Action 125	Action125	! 'bathe'/'swim'/'wade' 'into'/'inside'/'in' object
				! 'bathe'/'swim'/'wade'
Action 126	Action126	! 'swing'/'thrust' attrib29(held,carried,have) 'at' attrib30(in_room,on_ground)
				! 'swing'/'thrust' attrib29(held,carried,have)
Action 127	Action127	! 'chuck'/'hurl'/'throw'/'toss' object(held,carried,have) 'with'/'using'/'thru'/'throug' attrib30(in_room,on_ground)
				! 'chuck'/'hurl'/'throw'/'toss' object(held,carried,have) 'at' attrib30(in_room,on_ground)
Action 128	Action128	! 'chuck'/'hurl'/'throw'/'toss' object object
Action 129	Action129	! 'chuck'/'hurl'/'throw'/'toss' object(held,carried,have) 'over' object
				! 'chuck'/'hurl'/'throw'/'toss' object(held,carried,have) 'off' object
Action 130	Action130	! 'attach'/'fasten'/'secure'/'tie' object 'to' object
Action 131	Action131	! 'attach'/'fasten'/'secure'/'tie' 'up'/'u//' attrib30(in_room,on_ground) 'with'/'using'/'thru'/'throug' attrib28(held,carried,in_room,on_ground,have)
Action 132	Action132	! 'temple'/'treasu'
Action 133	Action133	! 'unlock' object(in_room,on_ground) 'with'/'using'/'thru'/'throug' attrib28(held,carried,in_room,on_ground,take)
Action 134	Action134	! 'free'/'unatta'/'unfast'/'unhook'/'untie' object(held,carried,in_room,on_ground) 'from' object
				! 'free'/'unatta'/'unfast'/'unhook'/'untie' object(held,carried,in_room,on_ground)
Action 135	Action135	! 'wait'/'z//'
Action 136	Action136	! 'awake'/'startl'/'surpri'/'wake' 'up'/'u//' attrib30(in_room,on_ground)
				! 'awake'/'startl'/'surpri'/'wake' attrib30(in_room,on_ground)
Action 137	Action137	! 'go'/'procee'/'run'/'step'/'walk' 'away' object
				! 'go'/'procee'/'run'/'step'/'walk' object
Action 138	Action138	! 'go'/'procee'/'run'/'step'/'walk' 'to' object
Action 139	Action139	! 'go'/'procee'/'run'/'step'/'walk' 'around' object
Action 140	Action140	! 'brandi'/'wave' object(held,carried,take,have) 'at' object
				! 'brandi'/'wave' object(held,carried,take,have)
Action 141	Action141	! 'win'/'winnag'
Action 142	Action142	! 'wind' 'up'/'u//' object
				! 'wind' object
Action 143	Action143	! 'wish'
Action 144	Action144	! 'scream'/'shout'/'yell'
Action 145	Action145	! 'zork'

Word	$ve	$ve
Word	across	across
Word	activa	activa
Word	advent	advent
Word	advert	advert
Word	air-p	air-p
Word	ancien	ancien
Word	answer	answer
Word	antiqu	antiqu
Word	around	around
Word	attach	attach
Word	attack	attack
Word	aviato	aviato
Word	banish	banish
Word	barrow	barrow
Word	basket	basket
Word	bauble	bauble
Word	beauti	beauti
Word	beetle	beetle
Word	begone	begone
Word	behind	behind
Word	beneat	beneat
Word	blessi	blessi
Word	bloody	bloody
Word	boarde	boarde
Word	boards	boards
Word	bodies	bodies
Word	bookle	bookle
Word	bottle	bottle
Word	bracel	bracel
Word	branch	branch
Word	brandi	brandi
Word	breath	breath
Word	broken	broken
Word	bubble	bubble
Word	burned	burned
Word	burnin	burnin
Word	button	button
Word	canary	canary
Word	candle	candle
Word	canvas	canvas
Word	carpet	carpet
Word	carved	carved
Word	casket	casket
Word	chalic	chalic
Word	chests	chests
Word	chimne	chimne
Word	cliffs	cliffs
Word	clockw	clockw
Word	coffin	coffin
Word	coloni	coloni
Word	comman	comman
Word	consum	consum
Word	contai	contai
Word	contro	contro
Word	crawlw	crawlw
Word	cretin	cretin
Word	crysta	crysta
Word	cyclop	cyclop
Word	damage	damage
Word	deflat	deflat
Word	derang	derang
Word	descri	descri
Word	destro	destro
Word	diagno	diagno
Word	diamon	diamon
Word	dinner	dinner
Word	disemb	disemb
Word	disenc	disenc
Word	dispat	dispat
Word	donate	donate
Word	driver	driver
Word	dumbwa	dumbwa
Word	egypti	egypti
Word	elonga	elonga
Word	elvish	elvish
Word	emeral	emeral
Word	enamel	enamel
Word	enchan	enchan
Word	encrus	encrus
Word	engrav	engrav
Word	enormo	enormo
Word	examin	examin
Word	except	except
Word	exorci	exorci
Word	exquis	exquis
Word	exting	exting
Word	fantas	fantas
Word	fasten	fasten
Word	feeble	feeble
Word	fermen	fermen
Word	fiends	fiends
Word	fierce	fierce
Word	figuri	figuri
Word	finepr	finepr
Word	firepr	firepr
Word	flamin	flamin
Word	flathe	flathe
Word	fluore	fluore
Word	follow	follow
Word	foobar	foobar
Word	footpa	footpa
Word	forbid	forbid
Word	forest	forest
Word	freeze	freeze
Word	frigid	frigid
Word	froboz	froboz
Word	fumble	fumble
Word	garlic	garlic
Word	ghosts	ghosts
Word	glamdr	glamdr
Word	golden	golden
Word	gothic	gothic
Word	graces	graces
Word	granit	granit
Word	gratin	gratin
Word	grease	grease
Word	ground	ground
Word	guideb	guideb
Word	hand-	hand-
Word	hemloc	hemloc
Word	hungry	hungry
Word	ignite	ignite
Word	imbibe	imbibe
Word	impass	impass
Word	incant	incant
Word	incine	incine
Word	inflat	inflat
Word	injure	injure
Word	inscri	inscri
Word	insert	insert
Word	inside	inside
Word	intnum	intnum
Word	invent	invent
Word	invisi	invisi
Word	jewele	jewele
Word	jewels	jewels
Word	kitche	kitche
Word	knives	knives
Word	ladder	ladder
Word	lanter	lanter
Word	launch	launch
Word	leafle	leafle
Word	leathe	leathe
Word	leaves	leaves
Word	letter	letter
Word	liquid	liquid
Word	liquif	liquif
Word	listen	listen
Word	lowere	lowere
Word	lubric	lubric
Word	lurkin	lurkin
Word	machin	machin
Word	mailbo	mailbo
Word	mangle	mangle
Word	manual	manual
Word	marble	marble
Word	massiv	massiv
Word	matchb	matchb
Word	matche	matche
Word	materi	materi
Word	mirror	mirror
Word	molest	molest
Word	monste	monste
Word	mounta	mounta
Word	mumble	mumble
Word	murder	murder
Word	myself	myself
Word	narrow	narrow
Word	northe	northe
Word	northw	northw
Word	odysse	odysse
Word	orcris	orcris
Word	orient	orient
Word	overbo	overbo
Word	owners	owners
Word	painti	painti
Word	parchm	parchm
Word	passag	passag
Word	pedest	pedest
Word	pepper	pepper
Word	person	person
Word	pierce	pierce
Word	plasti	plasti
Word	platin	platin
Word	poseid	poseid
Word	prayer	prayer
Word	procee	procee
Word	punctu	punctu
Word	pursue	pursue
Word	quanti	quanti
Word	railin	railin
Word	rainbo	rainbo
Word	reflec	reflec
Word	releas	releas
Word	remain	remain
Word	remove	remove
Word	repair	repair
Word	repent	repent
Word	restar	restar
Word	restor	restor
Word	ricket	ricket
Word	robber	robber
Word	sailor	sailor
Word	sandwi	sandwi
Word	sapphi	sapphi
Word	scarab	scarab
Word	scepte	scepte
Word	sceptr	sceptr
Word	scream	scream
Word	screwd	screwd
Word	script	script
Word	search	search
Word	seawor	seawor
Word	secure	secure
Word	shovel	shovel
Word	silent	silent
Word	silver	silver
Word	sinist	sinist
Word	skelet	skelet
Word	smelly	smelly
Word	songbi	songbi
Word	southe	southe
Word	southw	southw
Word	spirit	spirit
Word	squeez	squeez
Word	stairc	stairc
Word	stairs	stairs
Word	stairw	stairw
Word	startl	startl
Word	stilet	stilet
Word	strang	strang
Word	stream	stream
Word	strike	strike
Word	superb	superb
Word	surpri	surpri
Word	surrou	surrou
Word	suspic	suspic
Word	swallo	swallo
Word	switch	switch
Word	temple	temple
Word	thiefs	thiefs
Word	throug	throug
Word	thrust	thrust
Word	timber	timber
Word	toolch	toolch
Word	trap-	trap-
Word	trapdo	trapdo
Word	treasu	treasu
Word	triden	triden
Word	trophy	trophy
Word	twisti	twisti
Word	ulysse	ulysse
Word	unatta	unatta
Word	undern	undern
Word	unfast	unfast
Word	unhook	unhook
Word	unlock	unlock
Word	unrust	unrust
Word	unscri	unscri
Word	useles	useles
Word	vampir	vampir
Word	verbos	verbos
Word	versio	versio
Word	viciou	viciou
Word	viscou	viscou
Word	vitreo	vitreo
Word	windin	windin
Word	window	window
Word	winnag	winnag
Word	wooden	wooden
Word	wrench	wrench
Word	writin	writin
Word	yellow	yellow
Word	zorkmi	zorkmi
Word	zzmgck	zzmgck

Routine 0x4e38	routine20024:?
Routine 0x4e42	routine20034:?
Routine 0x4e5c	routine20060:?
Routine 0x4e6c	routine20076:?
Routine 0x4eba	routine20154:?
! References: obj143_Clearing.d_to
Routine 0x4ec6	routine20166:?
Routine 0x4eee	routine20206:?
Routine 0x4f04	routine20228:?
Routine 0x4fa2	routine20386:?
Routine 0x5018	routine20504:?
Routine 0x506a	routine20586:?
Routine 0x5092	routine20626:?
Routine 0x50d0	routine20688:?
Routine 0x50d6	routine20694:?
Routine 0x50fa	routine20730:?
Routine 0x5156	routine20822:?
Routine 0x518a	routine20874:?
Routine 0x52b8	routine21176:?
Routine 0x53c6	routine21446:?
Routine 0x5408	routine21512:?
Routine 0x545c	routine21596:?
Routine 0x5472	routine21618:?
Routine 0x5486	routine21638:?
Routine 0x54c4	routine21700:?
Routine 0x552a	routine21802:?
Routine 0x577c	routine22396:?
Routine 0x5880	routine22656:?
Routine 0x5baa	routine23466:?
Routine 0x5bd0	routine23504:?
Routine 0x5db8	routine23992:?
Routine 0x5e42	routine24130:?
Routine 0x5fb0	routine24496:?
Routine 0x5fda	routine24538:?
Routine 0x5ff0	routine24560:?
Routine 0x6040	routine24640:?
Routine 0x60a0	routine24736:?
Routine 0x6256	routine25174:?
Routine 0x6278	routine25208:?
Routine 0x62d4	routine25300:?
Routine 0x62ee	routine25326:?
Routine 0x635e	routine25438:?
Routine 0x638a	routine25482:?
Routine 0x639e	routine25502:?
Routine 0x6402	routine25602:?
Routine 0x6424	routine25636:?
Routine 0x644a	routine25674:?
Routine 0x6456	routine25686:?
Routine 0x64ca	routine25802:?
Routine 0x652c	routine25900:?
Routine 0x657a	routine25978:?
Routine 0x66c2	routine26306:?
Routine 0x687c	routine26748:?
Routine 0x68de	routine26846:?
Routine 0x6950	routine26960:?
Routine 0x6a1e	routine27166:?
Routine 0x6a52	routine27218:?
Routine 0x6aba	routine27322:?
Routine 0x6ad8	routine27352:?
Routine 0x6af4	routine27380:?
Routine 0x6b98	routine27544:?
Routine 0x6c22	routine27682:?
Routine 0x6c4a	routine27722:?
Routine 0x6c62	routine27746:?
Routine 0x6ccc	routine27852:?
Routine 0x6cf4	routine27892:?
Routine 0x6d1c	routine27932:?
Routine 0x6d6a	Action0Sub:?
Routine 0x6d80	Action1Sub:?
Routine 0x6d96	Action2Sub:?
Routine 0x6db0	Action4Sub:?
Routine 0x6dcc	Action5Sub:?
Routine 0x6e0e	Action6Sub:?
Routine 0x6e52	Action7Sub:?
Routine 0x6e68	Action8Sub:?
Routine 0x6e78	Action10Sub:?
Routine 0x6eac	Action11Sub:?
Routine 0x6ee0	Action12Sub:?
Routine 0x6fb8	Action13Sub:?
Routine 0x6ff0	Action96Sub:?
Routine 0x7008	Action15Sub:?
Routine 0x7060	Action136Sub:?
Routine 0x70be	Action16Sub:?
Routine 0x70de	Action19Sub:?
Routine 0x717a	Action20Sub:?
Routine 0x71a0	Action21Sub:?
Routine 0x71ba	PreAction25Sub:?
Routine 0x7224	Action25Sub:?
Routine 0x7244	Action24Sub:?
Routine 0x724e	Action26Sub:?
Routine 0x726a	Action27Sub:?
Routine 0x7298	PreAction28Sub:?
Routine 0x72b2	Action28Sub:?
Routine 0x732e	Action29Sub:?
Routine 0x733a	Action31Sub:?
Routine 0x7344	Action32Sub:?
Routine 0x734e	Action33Sub:?
Routine 0x736e	Action30Sub:?
Routine 0x7422	Action35Sub:?
Routine 0x74b2	Action36Sub:?
Routine 0x74d6	Action37Sub:?
Routine 0x7504	Action38Sub:?
Routine 0x7510	Action40Sub:?
Routine 0x7562	Action39Sub:?
Routine 0x761e	Action41Sub:?
Routine 0x762a	Action44Sub:?
Routine 0x7682	Action45Sub:?
Routine 0x76ce	Action46Sub:?
! References: obj6_blast_of_air.prop18
Routine 0x76dc	Action47Sub:?
Routine 0x76e4	Action48Sub:?
Routine 0x76f0	PreAction49Sub:?
Routine 0x7700	Action49Sub:?
Routine 0x7712	Action51Sub:?
Routine 0x780e	routine30734:?
Routine 0x7848	Action52Sub:?
Routine 0x78ae	Action53Sub:?
Routine 0x78ba	routine30906:?
Routine 0x78ec	Action54Sub:?
Routine 0x78f4	Action56Sub:?
Routine 0x7928	Action55Sub:?
Routine 0x7930	Action58Sub:?
Routine 0x7944	PreAction59Sub:?
Routine 0x7984	Action59Sub:?
Routine 0x79d8	Action60Sub:?
Routine 0x7a8e	Action61Sub:?
Routine 0x7a96	Action62Sub:?
Routine 0x7ac4	PreAction63Sub:?
Routine 0x7af2	Action63Sub:?
Routine 0x7b20	Action65Sub:?
Routine 0x7b2a	Action66Sub:?
Routine 0x7b88	Action67Sub:?
Routine 0x7bb6	Action23Sub:?
Routine 0x7bc6	Action68Sub:?
Routine 0x7bf4	Action70Sub:?
Routine 0x7bfe	Action72Sub:?
Routine 0x7c12	Action73Sub:?
Routine 0x7c34	Action22Sub:?
Routine 0x7c84	Action14Sub:?
Routine 0x7cc6	Action74Sub:?
Routine 0x7cf6	Action75Sub:?
Routine 0x7d04	Action69Sub:?
Routine 0x7dda	Action76Sub:?
Routine 0x7de2	Action77Sub:?
Routine 0x7df6	Action78Sub:?
Routine 0x7e04	Action79Sub:?
Routine 0x7e16	Action82Sub:?
Routine 0x7e28	Action57Sub:?
Routine 0x7ebe	Action80Sub:?
Routine 0x7edc	Action81Sub:?
Routine 0x7eea	Action84Sub:?
Routine 0x7ef4	Action86Sub:?
Routine 0x7efe	Action87Sub:?
Routine 0x7f18	PreAction88Sub:?
Routine 0x7f40	Action88Sub:?
Routine 0x7f6c	Action90Sub:?
Routine 0x7f90	PreAction42Sub:?
Routine 0x7fd2	Action42Sub:?
Routine 0x7fe8	Action91Sub:?
Routine 0x806a	Action85Sub:?
Routine 0x8084	Action43Sub:?
Routine 0x8136	Action128Sub:?
Routine 0x8170	Action92Sub:?
Routine 0x817c	Action94Sub:?
Routine 0x818a	Action95Sub:?
Routine 0x8196	Action97Sub:?
Routine 0x81fc	Action98Sub:?
Routine 0x8228	Action99Sub:?
Routine 0x825e	Action101Sub:?
Routine 0x8268	Action100Sub:?
Routine 0x827a	PreAction18Sub:?
Routine 0x828a	Action18Sub:?
Routine 0x8354	Action104Sub:?
Routine 0x836c	Action50Sub:?
Routine 0x839e	Action102Sub:?
Routine 0x83a8	Action105Sub:?
Routine 0x83b0	Action106Sub:?
Routine 0x83c8	PreAction83Sub:?
Routine 0x83fa	Action83Sub:?
Routine 0x841c	Action107Sub:?
Routine 0x8426	Action108Sub:?
Routine 0x843c	Action17Sub:?
Routine 0x8464	Action109Sub:?
! References: obj137_pot_of_gold.prop18
Routine 0x847a	Action110Sub:?
Routine 0x8484	Action112Sub:?
